<?xml version="1.0" encoding="UTF-8"?>
<testsuite xmlns:xsi="http://www.w3.org/2001/XMLSchema-instance" xsi:noNamespaceSchemaLocation="https://maven.apache.org/surefire/maven-failsafe-plugin/xsd/failsafe-test-report-3.0.xsd" version="3.0" name="cucumberTestSuite" time="192.155" tests="2" errors="1" skipped="0" failures="0">
  <properties>
    <property name="java.specification.version" value="18"/>
    <property name="sun.jnu.encoding" value="UTF-8"/>
    <property name="java.class.path" value="/Users/cesarriosusuga/Desktop/CencoPay-Automation-Mobile/target/test-classes:/Users/cesarriosusuga/.m2/repository/net/serenity-bdd/serenity-core/3.6.12/serenity-core-3.6.12.jar:/Users/cesarriosusuga/.m2/repository/net/serenity-bdd/serenity-model/3.6.12/serenity-model-3.6.12.jar:/Users/cesarriosusuga/.m2/repository/org/apache/commons/commons-text/1.10.0/commons-text-1.10.0.jar:/Users/cesarriosusuga/.m2/repository/commons-net/commons-net/3.9.0/commons-net-3.9.0.jar:/Users/cesarriosusuga/.m2/repository/com/google/guava/guava/31.1-jre/guava-31.1-jre.jar:/Users/cesarriosusuga/.m2/repository/com/google/guava/failureaccess/1.0.1/failureaccess-1.0.1.jar:/Users/cesarriosusuga/.m2/repository/com/google/guava/listenablefuture/9999.0-empty-to-avoid-conflict-with-guava/listenablefuture-9999.0-empty-to-avoid-conflict-with-guava.jar:/Users/cesarriosusuga/.m2/repository/com/google/code/findbugs/jsr305/3.0.2/jsr305-3.0.2.jar:/Users/cesarriosusuga/.m2/repository/org/checkerframework/checker-qual/3.12.0/checker-qual-3.12.0.jar:/Users/cesarriosusuga/.m2/repository/com/google/errorprone/error_prone_annotations/2.11.0/error_prone_annotations-2.11.0.jar:/Users/cesarriosusuga/.m2/repository/com/google/j2objc/j2objc-annotations/1.3/j2objc-annotations-1.3.jar:/Users/cesarriosusuga/.m2/repository/com/google/inject/guice/5.1.0/guice-5.1.0.jar:/Users/cesarriosusuga/.m2/repository/javax/inject/javax.inject/1/javax.inject-1.jar:/Users/cesarriosusuga/.m2/repository/aopalliance/aopalliance/1.0/aopalliance-1.0.jar:/Users/cesarriosusuga/.m2/repository/org/jsoup/jsoup/1.14.3/jsoup-1.14.3.jar:/Users/cesarriosusuga/.m2/repository/com/thoughtworks/xstream/xstream/1.4.20/xstream-1.4.20.jar:/Users/cesarriosusuga/.m2/repository/io/github/x-stream/mxparser/1.2.2/mxparser-1.2.2.jar:/Users/cesarriosusuga/.m2/repository/xmlpull/xmlpull/1.1.3.1/xmlpull-1.1.3.1.jar:/Users/cesarriosusuga/.m2/repository/com/typesafe/config/1.4.2/config-1.4.2.jar:/Users/cesarriosusuga/.m2/repository/org/imgscalr/imgscalr-lib/4.2/imgscalr-lib-4.2.jar:/Users/cesarriosusuga/.m2/repository/org/awaitility/awaitility/4.2.0/awaitility-4.2.0.jar:/Users/cesarriosusuga/.m2/repository/org/freemarker/freemarker/2.3.31/freemarker-2.3.31.jar:/Users/cesarriosusuga/.m2/repository/io/github/classgraph/classgraph/4.8.138/classgraph-4.8.138.jar:/Users/cesarriosusuga/.m2/repository/net/sourceforge/jexcelapi/jxl/2.6.12/jxl-2.6.12.jar:/Users/cesarriosusuga/.m2/repository/net/bytebuddy/byte-buddy-agent/1.12.22/byte-buddy-agent-1.12.22.jar:/Users/cesarriosusuga/.m2/repository/org/objenesis/objenesis/3.1/objenesis-3.1.jar:/Users/cesarriosusuga/.m2/repository/net/serenity-bdd/serenity-reports/3.6.12/serenity-reports-3.6.12.jar:/Users/cesarriosusuga/.m2/repository/net/serenity-bdd/serenity-stats/3.6.12/serenity-stats-3.6.12.jar:/Users/cesarriosusuga/.m2/repository/net/serenity-bdd/serenity-reports-configuration/3.6.12/serenity-reports-configuration-3.6.12.jar:/Users/cesarriosusuga/.m2/repository/com/vladsch/flexmark/flexmark-all/0.34.30/flexmark-all-0.34.30.jar:/Users/cesarriosusuga/.m2/repository/com/vladsch/flexmark/flexmark/0.34.30/flexmark-0.34.30.jar:/Users/cesarriosusuga/.m2/repository/com/vladsch/flexmark/flexmark-ext-abbreviation/0.34.30/flexmark-ext-abbreviation-0.34.30.jar:/Users/cesarriosusuga/.m2/repository/com/vladsch/flexmark/flexmark-ext-admonition/0.34.30/flexmark-ext-admonition-0.34.30.jar:/Users/cesarriosusuga/.m2/repository/com/vladsch/flexmark/flexmark-ext-anchorlink/0.34.30/flexmark-ext-anchorlink-0.34.30.jar:/Users/cesarriosusuga/.m2/repository/com/vladsch/flexmark/flexmark-ext-aside/0.34.30/flexmark-ext-aside-0.34.30.jar:/Users/cesarriosusuga/.m2/repository/com/vladsch/flexmark/flexmark-ext-attributes/0.34.30/flexmark-ext-attributes-0.34.30.jar:/Users/cesarriosusuga/.m2/repository/com/vladsch/flexmark/flexmark-ext-autolink/0.34.30/flexmark-ext-autolink-0.34.30.jar:/Users/cesarriosusuga/.m2/repository/org/nibor/autolink/autolink/0.6.0/autolink-0.6.0.jar:/Users/cesarriosusuga/.m2/repository/com/vladsch/flexmark/flexmark-ext-definition/0.34.30/flexmark-ext-definition-0.34.30.jar:/Users/cesarriosusuga/.m2/repository/com/vladsch/flexmark/flexmark-ext-emoji/0.34.30/flexmark-ext-emoji-0.34.30.jar:/Users/cesarriosusuga/.m2/repository/com/vladsch/flexmark/flexmark-ext-enumerated-reference/0.34.30/flexmark-ext-enumerated-reference-0.34.30.jar:/Users/cesarriosusuga/.m2/repository/com/vladsch/flexmark/flexmark-ext-escaped-character/0.34.30/flexmark-ext-escaped-character-0.34.30.jar:/Users/cesarriosusuga/.m2/repository/com/vladsch/flexmark/flexmark-ext-footnotes/0.34.30/flexmark-ext-footnotes-0.34.30.jar:/Users/cesarriosusuga/.m2/repository/com/vladsch/flexmark/flexmark-ext-gfm-issues/0.34.30/flexmark-ext-gfm-issues-0.34.30.jar:/Users/cesarriosusuga/.m2/repository/com/vladsch/flexmark/flexmark-ext-gfm-strikethrough/0.34.30/flexmark-ext-gfm-strikethrough-0.34.30.jar:/Users/cesarriosusuga/.m2/repository/com/vladsch/flexmark/flexmark-ext-gfm-tables/0.34.30/flexmark-ext-gfm-tables-0.34.30.jar:/Users/cesarriosusuga/.m2/repository/com/vladsch/flexmark/flexmark-ext-gfm-tasklist/0.34.30/flexmark-ext-gfm-tasklist-0.34.30.jar:/Users/cesarriosusuga/.m2/repository/com/vladsch/flexmark/flexmark-ext-gfm-users/0.34.30/flexmark-ext-gfm-users-0.34.30.jar:/Users/cesarriosusuga/.m2/repository/com/vladsch/flexmark/flexmark-ext-gitlab/0.34.30/flexmark-ext-gitlab-0.34.30.jar:/Users/cesarriosusuga/.m2/repository/com/vladsch/flexmark/flexmark-ext-jekyll-front-matter/0.34.30/flexmark-ext-jekyll-front-matter-0.34.30.jar:/Users/cesarriosusuga/.m2/repository/com/vladsch/flexmark/flexmark-ext-jekyll-tag/0.34.30/flexmark-ext-jekyll-tag-0.34.30.jar:/Users/cesarriosusuga/.m2/repository/com/vladsch/flexmark/flexmark-ext-media-tags/0.34.30/flexmark-ext-media-tags-0.34.30.jar:/Users/cesarriosusuga/.m2/repository/com/vladsch/flexmark/flexmark-test-util/0.34.30/flexmark-test-util-0.34.30.jar:/Users/cesarriosusuga/.m2/repository/com/vladsch/flexmark/flexmark-ext-ins/0.34.30/flexmark-ext-ins-0.34.30.jar:/Users/cesarriosusuga/.m2/repository/com/vladsch/flexmark/flexmark-ext-xwiki-macros/0.34.30/flexmark-ext-xwiki-macros-0.34.30.jar:/Users/cesarriosusuga/.m2/repository/com/vladsch/flexmark/flexmark-ext-superscript/0.34.30/flexmark-ext-superscript-0.34.30.jar:/Users/cesarriosusuga/.m2/repository/com/vladsch/flexmark/flexmark-ext-tables/0.34.30/flexmark-ext-tables-0.34.30.jar:/Users/cesarriosusuga/.m2/repository/com/vladsch/flexmark/flexmark-ext-toc/0.34.30/flexmark-ext-toc-0.34.30.jar:/Users/cesarriosusuga/.m2/repository/com/vladsch/flexmark/flexmark-ext-typographic/0.34.30/flexmark-ext-typographic-0.34.30.jar:/Users/cesarriosusuga/.m2/repository/com/vladsch/flexmark/flexmark-ext-wikilink/0.34.30/flexmark-ext-wikilink-0.34.30.jar:/Users/cesarriosusuga/.m2/repository/com/vladsch/flexmark/flexmark-ext-yaml-front-matter/0.34.30/flexmark-ext-yaml-front-matter-0.34.30.jar:/Users/cesarriosusuga/.m2/repository/com/vladsch/flexmark/flexmark-ext-youtube-embedded/0.34.30/flexmark-ext-youtube-embedded-0.34.30.jar:/Users/cesarriosusuga/.m2/repository/com/vladsch/flexmark/flexmark-formatter/0.34.30/flexmark-formatter-0.34.30.jar:/Users/cesarriosusuga/.m2/repository/com/vladsch/flexmark/flexmark-html-parser/0.34.30/flexmark-html-parser-0.34.30.jar:/Users/cesarriosusuga/.m2/repository/com/vladsch/flexmark/flexmark-jira-converter/0.34.30/flexmark-jira-converter-0.34.30.jar:/Users/cesarriosusuga/.m2/repository/com/vladsch/flexmark/flexmark-pdf-converter/0.34.30/flexmark-pdf-converter-0.34.30.jar:/Users/cesarriosusuga/.m2/repository/com/openhtmltopdf/openhtmltopdf-core/0.0.1-RC13/openhtmltopdf-core-0.0.1-RC13.jar:/Users/cesarriosusuga/.m2/repository/com/openhtmltopdf/openhtmltopdf-pdfbox/0.0.1-RC13/openhtmltopdf-pdfbox-0.0.1-RC13.jar:/Users/cesarriosusuga/.m2/repository/org/apache/pdfbox/pdfbox/2.0.8/pdfbox-2.0.8.jar:/Users/cesarriosusuga/.m2/repository/org/apache/pdfbox/fontbox/2.0.8/fontbox-2.0.8.jar:/Users/cesarriosusuga/.m2/repository/org/apache/pdfbox/xmpbox/2.0.8/xmpbox-2.0.8.jar:/Users/cesarriosusuga/.m2/repository/de/rototor/pdfbox/graphics2d/0.12/graphics2d-0.12.jar:/Users/cesarriosusuga/.m2/repository/com/openhtmltopdf/openhtmltopdf-rtl-support/0.0.1-RC13/openhtmltopdf-rtl-support-0.0.1-RC13.jar:/Users/cesarriosusuga/.m2/repository/com/ibm/icu/icu4j/59.1/icu4j-59.1.jar:/Users/cesarriosusuga/.m2/repository/com/openhtmltopdf/openhtmltopdf-jsoup-dom-converter/0.0.1-RC13/openhtmltopdf-jsoup-dom-converter-0.0.1-RC13.jar:/Users/cesarriosusuga/.m2/repository/com/vladsch/flexmark/flexmark-profile-pegdown/0.34.30/flexmark-profile-pegdown-0.34.30.jar:/Users/cesarriosusuga/.m2/repository/com/vladsch/flexmark/flexmark-util/0.34.30/flexmark-util-0.34.30.jar:/Users/cesarriosusuga/.m2/repository/com/vladsch/flexmark/flexmark-youtrack-converter/0.34.30/flexmark-youtrack-converter-0.34.30.jar:/Users/cesarriosusuga/.m2/repository/es/nitaur/markdown/txtmark/0.16/txtmark-0.16.jar:/Users/cesarriosusuga/.m2/repository/net/serenity-bdd/serenity-report-resources/3.6.12/serenity-report-resources-3.6.12.jar:/Users/cesarriosusuga/.m2/repository/com/google/code/gson/gson/2.9.0/gson-2.9.0.jar:/Users/cesarriosusuga/.m2/repository/com/fasterxml/jackson/core/jackson-core/2.14.2/jackson-core-2.14.2.jar:/Users/cesarriosusuga/.m2/repository/com/fasterxml/jackson/core/jackson-databind/2.14.2/jackson-databind-2.14.2.jar:/Users/cesarriosusuga/.m2/repository/com/fasterxml/jackson/core/jackson-annotations/2.14.2/jackson-annotations-2.14.2.jar:/Users/cesarriosusuga/.m2/repository/commons-codec/commons-codec/1.15/commons-codec-1.15.jar:/Users/cesarriosusuga/.m2/repository/commons-io/commons-io/2.11.0/commons-io-2.11.0.jar:/Users/cesarriosusuga/.m2/repository/org/apache/httpcomponents/httpclient/4.5.13/httpclient-4.5.13.jar:/Users/cesarriosusuga/.m2/repository/commons-logging/commons-logging/1.2/commons-logging-1.2.jar:/Users/cesarriosusuga/.m2/repository/org/seleniumhq/selenium/selenium-java/4.8.0/selenium-java-4.8.0.jar:/Users/cesarriosusuga/.m2/repository/org/seleniumhq/selenium/selenium-devtools-v107/4.8.0/selenium-devtools-v107-4.8.0.jar:/Users/cesarriosusuga/.m2/repository/org/seleniumhq/selenium/selenium-devtools-v108/4.8.0/selenium-devtools-v108-4.8.0.jar:/Users/cesarriosusuga/.m2/repository/org/seleniumhq/selenium/selenium-devtools-v109/4.8.0/selenium-devtools-v109-4.8.0.jar:/Users/cesarriosusuga/.m2/repository/org/seleniumhq/selenium/selenium-devtools-v85/4.8.0/selenium-devtools-v85-4.8.0.jar:/Users/cesarriosusuga/.m2/repository/org/seleniumhq/selenium/selenium-remote-driver/4.8.0/selenium-remote-driver-4.8.0.jar:/Users/cesarriosusuga/.m2/repository/com/beust/jcommander/1.82/jcommander-1.82.jar:/Users/cesarriosusuga/.m2/repository/io/netty/netty-buffer/4.1.87.Final/netty-buffer-4.1.87.Final.jar:/Users/cesarriosusuga/.m2/repository/io/netty/netty-codec-http/4.1.87.Final/netty-codec-http-4.1.87.Final.jar:/Users/cesarriosusuga/.m2/repository/io/netty/netty-codec/4.1.87.Final/netty-codec-4.1.87.Final.jar:/Users/cesarriosusuga/.m2/repository/io/netty/netty-handler/4.1.87.Final/netty-handler-4.1.87.Final.jar:/Users/cesarriosusuga/.m2/repository/io/netty/netty-common/4.1.87.Final/netty-common-4.1.87.Final.jar:/Users/cesarriosusuga/.m2/repository/io/netty/netty-transport-classes-epoll/4.1.87.Final/netty-transport-classes-epoll-4.1.87.Final.jar:/Users/cesarriosusuga/.m2/repository/io/netty/netty-transport-classes-kqueue/4.1.87.Final/netty-transport-classes-kqueue-4.1.87.Final.jar:/Users/cesarriosusuga/.m2/repository/io/netty/netty-transport-native-epoll/4.1.87.Final/netty-transport-native-epoll-4.1.87.Final.jar:/Users/cesarriosusuga/.m2/repository/io/netty/netty-transport-native-kqueue/4.1.87.Final/netty-transport-native-kqueue-4.1.87.Final.jar:/Users/cesarriosusuga/.m2/repository/io/netty/netty-transport-native-unix-common/4.1.87.Final/netty-transport-native-unix-common-4.1.87.Final.jar:/Users/cesarriosusuga/.m2/repository/io/netty/netty-transport/4.1.87.Final/netty-transport-4.1.87.Final.jar:/Users/cesarriosusuga/.m2/repository/io/netty/netty-resolver/4.1.87.Final/netty-resolver-4.1.87.Final.jar:/Users/cesarriosusuga/.m2/repository/io/opentelemetry/opentelemetry-api/1.22.0/opentelemetry-api-1.22.0.jar:/Users/cesarriosusuga/.m2/repository/io/opentelemetry/opentelemetry-context/1.22.0/opentelemetry-context-1.22.0.jar:/Users/cesarriosusuga/.m2/repository/io/opentelemetry/opentelemetry-exporter-logging/1.22.0/opentelemetry-exporter-logging-1.22.0.jar:/Users/cesarriosusuga/.m2/repository/io/opentelemetry/opentelemetry-sdk-metrics/1.22.0/opentelemetry-sdk-metrics-1.22.0.jar:/Users/cesarriosusuga/.m2/repository/io/opentelemetry/opentelemetry-sdk-logs/1.22.0-alpha/opentelemetry-sdk-logs-1.22.0-alpha.jar:/Users/cesarriosusuga/.m2/repository/io/opentelemetry/opentelemetry-api-logs/1.22.0-alpha/opentelemetry-api-logs-1.22.0-alpha.jar:/Users/cesarriosusuga/.m2/repository/io/opentelemetry/opentelemetry-sdk-common/1.22.0/opentelemetry-sdk-common-1.22.0.jar:/Users/cesarriosusuga/.m2/repository/io/opentelemetry/opentelemetry-sdk-extension-autoconfigure-spi/1.22.0/opentelemetry-sdk-extension-autoconfigure-spi-1.22.0.jar:/Users/cesarriosusuga/.m2/repository/io/opentelemetry/opentelemetry-sdk-extension-autoconfigure/1.22.0-alpha/opentelemetry-sdk-extension-autoconfigure-1.22.0-alpha.jar:/Users/cesarriosusuga/.m2/repository/io/opentelemetry/opentelemetry-sdk-trace/1.22.0/opentelemetry-sdk-trace-1.22.0.jar:/Users/cesarriosusuga/.m2/repository/io/opentelemetry/opentelemetry-sdk/1.22.0/opentelemetry-sdk-1.22.0.jar:/Users/cesarriosusuga/.m2/repository/io/opentelemetry/opentelemetry-semconv/1.22.0-alpha/opentelemetry-semconv-1.22.0-alpha.jar:/Users/cesarriosusuga/.m2/repository/io/ous/jtoml/2.0.0/jtoml-2.0.0.jar:/Users/cesarriosusuga/.m2/repository/org/apache/commons/commons-exec/1.3/commons-exec-1.3.jar:/Users/cesarriosusuga/.m2/repository/org/asynchttpclient/async-http-client/2.12.3/async-http-client-2.12.3.jar:/Users/cesarriosusuga/.m2/repository/org/asynchttpclient/async-http-client-netty-utils/2.12.3/async-http-client-netty-utils-2.12.3.jar:/Users/cesarriosusuga/.m2/repository/io/netty/netty-codec-socks/4.1.60.Final/netty-codec-socks-4.1.60.Final.jar:/Users/cesarriosusuga/.m2/repository/io/netty/netty-handler-proxy/4.1.60.Final/netty-handler-proxy-4.1.60.Final.jar:/Users/cesarriosusuga/.m2/repository/io/netty/netty-transport-native-epoll/4.1.60.Final/netty-transport-native-epoll-4.1.60.Final-linux-x86_64.jar:/Users/cesarriosusuga/.m2/repository/io/netty/netty-transport-native-kqueue/4.1.60.Final/netty-transport-native-kqueue-4.1.60.Final-osx-x86_64.jar:/Users/cesarriosusuga/.m2/repository/org/reactivestreams/reactive-streams/1.0.3/reactive-streams-1.0.3.jar:/Users/cesarriosusuga/.m2/repository/com/typesafe/netty/netty-reactive-streams/2.0.4/netty-reactive-streams-2.0.4.jar:/Users/cesarriosusuga/.m2/repository/org/seleniumhq/selenium/selenium-manager/4.8.0/selenium-manager-4.8.0.jar:/Users/cesarriosusuga/.m2/repository/org/seleniumhq/selenium/selenium-safari-driver/4.8.0/selenium-safari-driver-4.8.0.jar:/Users/cesarriosusuga/.m2/repository/org/seleniumhq/selenium/selenium-api/4.8.0/selenium-api-4.8.0.jar:/Users/cesarriosusuga/.m2/repository/org/seleniumhq/selenium/selenium-support/4.8.0/selenium-support-4.8.0.jar:/Users/cesarriosusuga/.m2/repository/com/google/auto/service/auto-service-annotations/1.0.1/auto-service-annotations-1.0.1.jar:/Users/cesarriosusuga/.m2/repository/com/google/auto/service/auto-service/1.0.1/auto-service-1.0.1.jar:/Users/cesarriosusuga/.m2/repository/com/google/auto/auto-common/1.2/auto-common-1.2.jar:/Users/cesarriosusuga/.m2/repository/org/seleniumhq/selenium/selenium-json/4.8.0/selenium-json-4.8.0.jar:/Users/cesarriosusuga/.m2/repository/org/seleniumhq/selenium/selenium-chrome-driver/4.8.0/selenium-chrome-driver-4.8.0.jar:/Users/cesarriosusuga/.m2/repository/org/seleniumhq/selenium/selenium-chromium-driver/4.8.0/selenium-chromium-driver-4.8.0.jar:/Users/cesarriosusuga/.m2/repository/org/seleniumhq/selenium/selenium-firefox-driver/4.8.0/selenium-firefox-driver-4.8.0.jar:/Users/cesarriosusuga/.m2/repository/org/seleniumhq/selenium/selenium-http/4.8.0/selenium-http-4.8.0.jar:/Users/cesarriosusuga/.m2/repository/dev/failsafe/failsafe/3.3.0/failsafe-3.3.0.jar:/Users/cesarriosusuga/.m2/repository/org/seleniumhq/selenium/selenium-edge-driver/4.8.0/selenium-edge-driver-4.8.0.jar:/Users/cesarriosusuga/.m2/repository/org/seleniumhq/selenium/selenium-ie-driver/4.8.0/selenium-ie-driver-4.8.0.jar:/Users/cesarriosusuga/.m2/repository/io/appium/java-client/8.3.0/java-client-8.3.0.jar:/Users/cesarriosusuga/.m2/repository/commons-validator/commons-validator/1.7/commons-validator-1.7.jar:/Users/cesarriosusuga/.m2/repository/commons-digester/commons-digester/2.1/commons-digester-2.1.jar:/Users/cesarriosusuga/.m2/repository/org/apache/groovy/groovy/4.0.6/groovy-4.0.6.jar:/Users/cesarriosusuga/.m2/repository/net/sf/opencsv/opencsv/2.0/opencsv-2.0.jar:/Users/cesarriosusuga/.m2/repository/commons-beanutils/commons-beanutils/1.9.4/commons-beanutils-1.9.4.jar:/Users/cesarriosusuga/.m2/repository/org/apache/commons/commons-lang3/3.12.0/commons-lang3-3.12.0.jar:/Users/cesarriosusuga/.m2/repository/commons-collections/commons-collections/3.2.2/commons-collections-3.2.2.jar:/Users/cesarriosusuga/.m2/repository/org/fluentlenium/fluentlenium-core/0.10.2/fluentlenium-core-0.10.2.jar:/Users/cesarriosusuga/.m2/repository/io/github/bonigarcia/webdrivermanager/5.3.0/webdrivermanager-5.3.0.jar:/Users/cesarriosusuga/.m2/repository/com/github/docker-java/docker-java/3.2.13/docker-java-3.2.13.jar:/Users/cesarriosusuga/.m2/repository/com/github/docker-java/docker-java-core/3.2.13/docker-java-core-3.2.13.jar:/Users/cesarriosusuga/.m2/repository/com/github/docker-java/docker-java-api/3.2.13/docker-java-api-3.2.13.jar:/Users/cesarriosusuga/.m2/repository/org/apache/commons/commons-compress/1.21/commons-compress-1.21.jar:/Users/cesarriosusuga/.m2/repository/org/bouncycastle/bcpkix-jdk15on/1.64/bcpkix-jdk15on-1.64.jar:/Users/cesarriosusuga/.m2/repository/org/bouncycastle/bcprov-jdk15on/1.64/bcprov-jdk15on-1.64.jar:/Users/cesarriosusuga/.m2/repository/org/slf4j/jcl-over-slf4j/1.7.30/jcl-over-slf4j-1.7.30.jar:/Users/cesarriosusuga/.m2/repository/com/github/docker-java/docker-java-transport-httpclient5/3.2.13/docker-java-transport-httpclient5-3.2.13.jar:/Users/cesarriosusuga/.m2/repository/com/github/docker-java/docker-java-transport/3.2.13/docker-java-transport-3.2.13.jar:/Users/cesarriosusuga/.m2/repository/net/java/dev/jna/jna/5.8.0/jna-5.8.0.jar:/Users/cesarriosusuga/.m2/repository/org/brotli/dec/0.1.2/dec-0.1.2.jar:/Users/cesarriosusuga/.m2/repository/org/apache/httpcomponents/client5/httpclient5/5.1.3/httpclient5-5.1.3.jar:/Users/cesarriosusuga/.m2/repository/org/apache/httpcomponents/core5/httpcore5/5.1.3/httpcore5-5.1.3.jar:/Users/cesarriosusuga/.m2/repository/org/apache/httpcomponents/core5/httpcore5-h2/5.1.3/httpcore5-h2-5.1.3.jar:/Users/cesarriosusuga/.m2/repository/com/jhlabs/filters/2.0.235/filters-2.0.235.jar:/Users/cesarriosusuga/.m2/repository/com/paulhammant/ngwebdriver/1.1.6/ngwebdriver-1.1.6.jar:/Users/cesarriosusuga/.m2/repository/joda-time/joda-time/2.8.2/joda-time-2.8.2.jar:/Users/cesarriosusuga/.m2/repository/org/hamcrest/hamcrest/2.2/hamcrest-2.2.jar:/Users/cesarriosusuga/.m2/repository/com/google/jimfs/jimfs/1.2/jimfs-1.2.jar:/Users/cesarriosusuga/.m2/repository/org/mockito/mockito-core/3.3.3/mockito-core-3.3.3.jar:/Users/cesarriosusuga/.m2/repository/javax/xml/bind/jaxb-api/2.3.1/jaxb-api-2.3.1.jar:/Users/cesarriosusuga/.m2/repository/javax/activation/javax.activation-api/1.2.0/javax.activation-api-1.2.0.jar:/Users/cesarriosusuga/.m2/repository/com/sun/xml/bind/jaxb-core/2.3.0.1/jaxb-core-2.3.0.1.jar:/Users/cesarriosusuga/.m2/repository/com/sun/xml/bind/jaxb-impl/2.3.3/jaxb-impl-2.3.3.jar:/Users/cesarriosusuga/.m2/repository/jakarta/xml/bind/jakarta.xml.bind-api/2.3.3/jakarta.xml.bind-api-2.3.3.jar:/Users/cesarriosusuga/.m2/repository/com/sun/activation/jakarta.activation/1.2.2/jakarta.activation-1.2.2.jar:/Users/cesarriosusuga/.m2/repository/javax/activation/activation/1.1.1/activation-1.1.1.jar:/Users/cesarriosusuga/.m2/repository/net/serenity-bdd/serenity-cucumber/3.6.12/serenity-cucumber-3.6.12.jar:/Users/cesarriosusuga/.m2/repository/net/serenity-bdd/serenity-screenplay/3.6.12/serenity-screenplay-3.6.12.jar:/Users/cesarriosusuga/.m2/repository/net/serenity-bdd/serenity-screenplay-webdriver/3.6.12/serenity-screenplay-webdriver-3.6.12.jar:/Users/cesarriosusuga/.m2/repository/io/cucumber/cucumber-core/7.11.0/cucumber-core-7.11.0.jar:/Users/cesarriosusuga/.m2/repository/io/cucumber/cucumber-gherkin/7.11.0/cucumber-gherkin-7.11.0.jar:/Users/cesarriosusuga/.m2/repository/io/cucumber/cucumber-gherkin-messages/7.11.0/cucumber-gherkin-messages-7.11.0.jar:/Users/cesarriosusuga/.m2/repository/io/cucumber/gherkin/26.0.3/gherkin-26.0.3.jar:/Users/cesarriosusuga/.m2/repository/io/cucumber/messages/21.0.1/messages-21.0.1.jar:/Users/cesarriosusuga/.m2/repository/io/cucumber/tag-expressions/5.0.1/tag-expressions-5.0.1.jar:/Users/cesarriosusuga/.m2/repository/io/cucumber/cucumber-expressions/16.1.1/cucumber-expressions-16.1.1.jar:/Users/cesarriosusuga/.m2/repository/io/cucumber/datatable/7.11.0/datatable-7.11.0.jar:/Users/cesarriosusuga/.m2/repository/io/cucumber/cucumber-plugin/7.11.0/cucumber-plugin-7.11.0.jar:/Users/cesarriosusuga/.m2/repository/io/cucumber/docstring/7.11.0/docstring-7.11.0.jar:/Users/cesarriosusuga/.m2/repository/io/cucumber/html-formatter/20.2.1/html-formatter-20.2.1.jar:/Users/cesarriosusuga/.m2/repository/io/cucumber/junit-xml-formatter/0.1.0/junit-xml-formatter-0.1.0.jar:/Users/cesarriosusuga/.m2/repository/io/cucumber/ci-environment/9.1.0/ci-environment-9.1.0.jar:/Users/cesarriosusuga/.m2/repository/io/cucumber/cucumber-java/7.11.0/cucumber-java-7.11.0.jar:/Users/cesarriosusuga/.m2/repository/io/cucumber/cucumber-junit/7.11.0/cucumber-junit-7.11.0.jar:/Users/cesarriosusuga/.m2/repository/org/apache/commons/commons-csv/1.5/commons-csv-1.5.jar:/Users/cesarriosusuga/.m2/repository/net/serenity-bdd/serenity-ensure/3.6.12/serenity-ensure-3.6.12.jar:/Users/cesarriosusuga/.m2/repository/net/serenity-bdd/serenity-junit/3.6.12/serenity-junit-3.6.12.jar:/Users/cesarriosusuga/.m2/repository/org/jetbrains/kotlin/kotlin-stdlib/1.7.21/kotlin-stdlib-1.7.21.jar:/Users/cesarriosusuga/.m2/repository/org/jetbrains/kotlin/kotlin-stdlib-common/1.7.21/kotlin-stdlib-common-1.7.21.jar:/Users/cesarriosusuga/.m2/repository/org/jetbrains/annotations/13.0/annotations-13.0.jar:/Users/cesarriosusuga/.m2/repository/org/junit/platform/junit-platform-launcher/1.9.2/junit-platform-launcher-1.9.2.jar:/Users/cesarriosusuga/.m2/repository/org/junit/platform/junit-platform-engine/1.9.2/junit-platform-engine-1.9.2.jar:/Users/cesarriosusuga/.m2/repository/org/opentest4j/opentest4j/1.2.0/opentest4j-1.2.0.jar:/Users/cesarriosusuga/.m2/repository/org/junit/platform/junit-platform-commons/1.9.2/junit-platform-commons-1.9.2.jar:/Users/cesarriosusuga/.m2/repository/org/apiguardian/apiguardian-api/1.1.2/apiguardian-api-1.1.2.jar:/Users/cesarriosusuga/.m2/repository/org/junit/jupiter/junit-jupiter-engine/5.9.2/junit-jupiter-engine-5.9.2.jar:/Users/cesarriosusuga/.m2/repository/org/junit/jupiter/junit-jupiter-api/5.9.2/junit-jupiter-api-5.9.2.jar:/Users/cesarriosusuga/.m2/repository/org/junit/vintage/junit-vintage-engine/5.9.2/junit-vintage-engine-5.9.2.jar:/Users/cesarriosusuga/.m2/repository/junit/junit/4.13.2/junit-4.13.2.jar:/Users/cesarriosusuga/.m2/repository/org/hamcrest/hamcrest-core/1.3/hamcrest-core-1.3.jar:/Users/cesarriosusuga/.m2/repository/ch/qos/logback/logback-classic/1.4.6/logback-classic-1.4.6.jar:/Users/cesarriosusuga/.m2/repository/ch/qos/logback/logback-core/1.4.6/logback-core-1.4.6.jar:/Users/cesarriosusuga/.m2/repository/org/slf4j/slf4j-api/2.0.4/slf4j-api-2.0.4.jar:/Users/cesarriosusuga/.m2/repository/org/assertj/assertj-core/3.24.2/assertj-core-3.24.2.jar:/Users/cesarriosusuga/.m2/repository/net/bytebuddy/byte-buddy/1.12.21/byte-buddy-1.12.21.jar:/Users/cesarriosusuga/.m2/repository/com/fasterxml/jackson/datatype/jackson-datatype-jdk8/2.14.2/jackson-datatype-jdk8-2.14.2.jar:/Users/cesarriosusuga/.m2/repository/net/serenity-bdd/serenity-browserstack/3.6.12/serenity-browserstack-3.6.12.jar:/Users/cesarriosusuga/.m2/repository/org/apache/httpcomponents/httpcore/4.4.15/httpcore-4.4.15.jar:/Users/cesarriosusuga/.m2/repository/com/browserstack/browserstack-local-java/1.0.6/browserstack-local-java-1.0.6.jar:/Users/cesarriosusuga/.m2/repository/org/json/json/20160212/json-20160212.jar:/Users/cesarriosusuga/.m2/repository/org/projectlombok/lombok/1.18.26/lombok-1.18.26.jar:"/>
    <property name="java.vm.vendor" value="Homebrew"/>
    <property name="sun.arch.data.model" value="64"/>
    <property name="java.vendor.url" value="https://github.com/Homebrew/homebrew-core/issues"/>
    <property name="user.timezone" value="America/Bogota"/>
    <property name="log4j2.formatMsgNoLookups" value="true"/>
    <property name="os.name" value="Mac OS X"/>
    <property name="java.vm.specification.version" value="18"/>
    <property name="appium.build" value="“Test”"/>
    <property name="sun.java.launcher" value="SUN_STANDARD"/>
    <property name="user.country" value="CO"/>
    <property name="sun.boot.library.path" value="/opt/homebrew/Cellar/openjdk/18.0.2.1/libexec/openjdk.jdk/Contents/Home/lib"/>
    <property name="sun.java.command" value="org.apache.maven.surefire.booter.ForkedBooter /Users/cesarriosusuga/Desktop/CencoPay-Automation-Mobile/target/surefire 2023-06-05T01-53-40_702-jvmRun1 surefire17742171789314283838tmp surefire_05320557745492569271tmp"/>
    <property name="http.nonProxyHosts" value="local|*.local|169.254/16|*.169.254/16"/>
    <property name="jdk.debug" value="release"/>
    <property name="surefire.test.class.path" value="/Users/cesarriosusuga/Desktop/CencoPay-Automation-Mobile/target/test-classes:/Users/cesarriosusuga/.m2/repository/net/serenity-bdd/serenity-core/3.6.12/serenity-core-3.6.12.jar:/Users/cesarriosusuga/.m2/repository/net/serenity-bdd/serenity-model/3.6.12/serenity-model-3.6.12.jar:/Users/cesarriosusuga/.m2/repository/org/apache/commons/commons-text/1.10.0/commons-text-1.10.0.jar:/Users/cesarriosusuga/.m2/repository/commons-net/commons-net/3.9.0/commons-net-3.9.0.jar:/Users/cesarriosusuga/.m2/repository/com/google/guava/guava/31.1-jre/guava-31.1-jre.jar:/Users/cesarriosusuga/.m2/repository/com/google/guava/failureaccess/1.0.1/failureaccess-1.0.1.jar:/Users/cesarriosusuga/.m2/repository/com/google/guava/listenablefuture/9999.0-empty-to-avoid-conflict-with-guava/listenablefuture-9999.0-empty-to-avoid-conflict-with-guava.jar:/Users/cesarriosusuga/.m2/repository/com/google/code/findbugs/jsr305/3.0.2/jsr305-3.0.2.jar:/Users/cesarriosusuga/.m2/repository/org/checkerframework/checker-qual/3.12.0/checker-qual-3.12.0.jar:/Users/cesarriosusuga/.m2/repository/com/google/errorprone/error_prone_annotations/2.11.0/error_prone_annotations-2.11.0.jar:/Users/cesarriosusuga/.m2/repository/com/google/j2objc/j2objc-annotations/1.3/j2objc-annotations-1.3.jar:/Users/cesarriosusuga/.m2/repository/com/google/inject/guice/5.1.0/guice-5.1.0.jar:/Users/cesarriosusuga/.m2/repository/javax/inject/javax.inject/1/javax.inject-1.jar:/Users/cesarriosusuga/.m2/repository/aopalliance/aopalliance/1.0/aopalliance-1.0.jar:/Users/cesarriosusuga/.m2/repository/org/jsoup/jsoup/1.14.3/jsoup-1.14.3.jar:/Users/cesarriosusuga/.m2/repository/com/thoughtworks/xstream/xstream/1.4.20/xstream-1.4.20.jar:/Users/cesarriosusuga/.m2/repository/io/github/x-stream/mxparser/1.2.2/mxparser-1.2.2.jar:/Users/cesarriosusuga/.m2/repository/xmlpull/xmlpull/1.1.3.1/xmlpull-1.1.3.1.jar:/Users/cesarriosusuga/.m2/repository/com/typesafe/config/1.4.2/config-1.4.2.jar:/Users/cesarriosusuga/.m2/repository/org/imgscalr/imgscalr-lib/4.2/imgscalr-lib-4.2.jar:/Users/cesarriosusuga/.m2/repository/org/awaitility/awaitility/4.2.0/awaitility-4.2.0.jar:/Users/cesarriosusuga/.m2/repository/org/freemarker/freemarker/2.3.31/freemarker-2.3.31.jar:/Users/cesarriosusuga/.m2/repository/io/github/classgraph/classgraph/4.8.138/classgraph-4.8.138.jar:/Users/cesarriosusuga/.m2/repository/net/sourceforge/jexcelapi/jxl/2.6.12/jxl-2.6.12.jar:/Users/cesarriosusuga/.m2/repository/net/bytebuddy/byte-buddy-agent/1.12.22/byte-buddy-agent-1.12.22.jar:/Users/cesarriosusuga/.m2/repository/org/objenesis/objenesis/3.1/objenesis-3.1.jar:/Users/cesarriosusuga/.m2/repository/net/serenity-bdd/serenity-reports/3.6.12/serenity-reports-3.6.12.jar:/Users/cesarriosusuga/.m2/repository/net/serenity-bdd/serenity-stats/3.6.12/serenity-stats-3.6.12.jar:/Users/cesarriosusuga/.m2/repository/net/serenity-bdd/serenity-reports-configuration/3.6.12/serenity-reports-configuration-3.6.12.jar:/Users/cesarriosusuga/.m2/repository/com/vladsch/flexmark/flexmark-all/0.34.30/flexmark-all-0.34.30.jar:/Users/cesarriosusuga/.m2/repository/com/vladsch/flexmark/flexmark/0.34.30/flexmark-0.34.30.jar:/Users/cesarriosusuga/.m2/repository/com/vladsch/flexmark/flexmark-ext-abbreviation/0.34.30/flexmark-ext-abbreviation-0.34.30.jar:/Users/cesarriosusuga/.m2/repository/com/vladsch/flexmark/flexmark-ext-admonition/0.34.30/flexmark-ext-admonition-0.34.30.jar:/Users/cesarriosusuga/.m2/repository/com/vladsch/flexmark/flexmark-ext-anchorlink/0.34.30/flexmark-ext-anchorlink-0.34.30.jar:/Users/cesarriosusuga/.m2/repository/com/vladsch/flexmark/flexmark-ext-aside/0.34.30/flexmark-ext-aside-0.34.30.jar:/Users/cesarriosusuga/.m2/repository/com/vladsch/flexmark/flexmark-ext-attributes/0.34.30/flexmark-ext-attributes-0.34.30.jar:/Users/cesarriosusuga/.m2/repository/com/vladsch/flexmark/flexmark-ext-autolink/0.34.30/flexmark-ext-autolink-0.34.30.jar:/Users/cesarriosusuga/.m2/repository/org/nibor/autolink/autolink/0.6.0/autolink-0.6.0.jar:/Users/cesarriosusuga/.m2/repository/com/vladsch/flexmark/flexmark-ext-definition/0.34.30/flexmark-ext-definition-0.34.30.jar:/Users/cesarriosusuga/.m2/repository/com/vladsch/flexmark/flexmark-ext-emoji/0.34.30/flexmark-ext-emoji-0.34.30.jar:/Users/cesarriosusuga/.m2/repository/com/vladsch/flexmark/flexmark-ext-enumerated-reference/0.34.30/flexmark-ext-enumerated-reference-0.34.30.jar:/Users/cesarriosusuga/.m2/repository/com/vladsch/flexmark/flexmark-ext-escaped-character/0.34.30/flexmark-ext-escaped-character-0.34.30.jar:/Users/cesarriosusuga/.m2/repository/com/vladsch/flexmark/flexmark-ext-footnotes/0.34.30/flexmark-ext-footnotes-0.34.30.jar:/Users/cesarriosusuga/.m2/repository/com/vladsch/flexmark/flexmark-ext-gfm-issues/0.34.30/flexmark-ext-gfm-issues-0.34.30.jar:/Users/cesarriosusuga/.m2/repository/com/vladsch/flexmark/flexmark-ext-gfm-strikethrough/0.34.30/flexmark-ext-gfm-strikethrough-0.34.30.jar:/Users/cesarriosusuga/.m2/repository/com/vladsch/flexmark/flexmark-ext-gfm-tables/0.34.30/flexmark-ext-gfm-tables-0.34.30.jar:/Users/cesarriosusuga/.m2/repository/com/vladsch/flexmark/flexmark-ext-gfm-tasklist/0.34.30/flexmark-ext-gfm-tasklist-0.34.30.jar:/Users/cesarriosusuga/.m2/repository/com/vladsch/flexmark/flexmark-ext-gfm-users/0.34.30/flexmark-ext-gfm-users-0.34.30.jar:/Users/cesarriosusuga/.m2/repository/com/vladsch/flexmark/flexmark-ext-gitlab/0.34.30/flexmark-ext-gitlab-0.34.30.jar:/Users/cesarriosusuga/.m2/repository/com/vladsch/flexmark/flexmark-ext-jekyll-front-matter/0.34.30/flexmark-ext-jekyll-front-matter-0.34.30.jar:/Users/cesarriosusuga/.m2/repository/com/vladsch/flexmark/flexmark-ext-jekyll-tag/0.34.30/flexmark-ext-jekyll-tag-0.34.30.jar:/Users/cesarriosusuga/.m2/repository/com/vladsch/flexmark/flexmark-ext-media-tags/0.34.30/flexmark-ext-media-tags-0.34.30.jar:/Users/cesarriosusuga/.m2/repository/com/vladsch/flexmark/flexmark-test-util/0.34.30/flexmark-test-util-0.34.30.jar:/Users/cesarriosusuga/.m2/repository/com/vladsch/flexmark/flexmark-ext-ins/0.34.30/flexmark-ext-ins-0.34.30.jar:/Users/cesarriosusuga/.m2/repository/com/vladsch/flexmark/flexmark-ext-xwiki-macros/0.34.30/flexmark-ext-xwiki-macros-0.34.30.jar:/Users/cesarriosusuga/.m2/repository/com/vladsch/flexmark/flexmark-ext-superscript/0.34.30/flexmark-ext-superscript-0.34.30.jar:/Users/cesarriosusuga/.m2/repository/com/vladsch/flexmark/flexmark-ext-tables/0.34.30/flexmark-ext-tables-0.34.30.jar:/Users/cesarriosusuga/.m2/repository/com/vladsch/flexmark/flexmark-ext-toc/0.34.30/flexmark-ext-toc-0.34.30.jar:/Users/cesarriosusuga/.m2/repository/com/vladsch/flexmark/flexmark-ext-typographic/0.34.30/flexmark-ext-typographic-0.34.30.jar:/Users/cesarriosusuga/.m2/repository/com/vladsch/flexmark/flexmark-ext-wikilink/0.34.30/flexmark-ext-wikilink-0.34.30.jar:/Users/cesarriosusuga/.m2/repository/com/vladsch/flexmark/flexmark-ext-yaml-front-matter/0.34.30/flexmark-ext-yaml-front-matter-0.34.30.jar:/Users/cesarriosusuga/.m2/repository/com/vladsch/flexmark/flexmark-ext-youtube-embedded/0.34.30/flexmark-ext-youtube-embedded-0.34.30.jar:/Users/cesarriosusuga/.m2/repository/com/vladsch/flexmark/flexmark-formatter/0.34.30/flexmark-formatter-0.34.30.jar:/Users/cesarriosusuga/.m2/repository/com/vladsch/flexmark/flexmark-html-parser/0.34.30/flexmark-html-parser-0.34.30.jar:/Users/cesarriosusuga/.m2/repository/com/vladsch/flexmark/flexmark-jira-converter/0.34.30/flexmark-jira-converter-0.34.30.jar:/Users/cesarriosusuga/.m2/repository/com/vladsch/flexmark/flexmark-pdf-converter/0.34.30/flexmark-pdf-converter-0.34.30.jar:/Users/cesarriosusuga/.m2/repository/com/openhtmltopdf/openhtmltopdf-core/0.0.1-RC13/openhtmltopdf-core-0.0.1-RC13.jar:/Users/cesarriosusuga/.m2/repository/com/openhtmltopdf/openhtmltopdf-pdfbox/0.0.1-RC13/openhtmltopdf-pdfbox-0.0.1-RC13.jar:/Users/cesarriosusuga/.m2/repository/org/apache/pdfbox/pdfbox/2.0.8/pdfbox-2.0.8.jar:/Users/cesarriosusuga/.m2/repository/org/apache/pdfbox/fontbox/2.0.8/fontbox-2.0.8.jar:/Users/cesarriosusuga/.m2/repository/org/apache/pdfbox/xmpbox/2.0.8/xmpbox-2.0.8.jar:/Users/cesarriosusuga/.m2/repository/de/rototor/pdfbox/graphics2d/0.12/graphics2d-0.12.jar:/Users/cesarriosusuga/.m2/repository/com/openhtmltopdf/openhtmltopdf-rtl-support/0.0.1-RC13/openhtmltopdf-rtl-support-0.0.1-RC13.jar:/Users/cesarriosusuga/.m2/repository/com/ibm/icu/icu4j/59.1/icu4j-59.1.jar:/Users/cesarriosusuga/.m2/repository/com/openhtmltopdf/openhtmltopdf-jsoup-dom-converter/0.0.1-RC13/openhtmltopdf-jsoup-dom-converter-0.0.1-RC13.jar:/Users/cesarriosusuga/.m2/repository/com/vladsch/flexmark/flexmark-profile-pegdown/0.34.30/flexmark-profile-pegdown-0.34.30.jar:/Users/cesarriosusuga/.m2/repository/com/vladsch/flexmark/flexmark-util/0.34.30/flexmark-util-0.34.30.jar:/Users/cesarriosusuga/.m2/repository/com/vladsch/flexmark/flexmark-youtrack-converter/0.34.30/flexmark-youtrack-converter-0.34.30.jar:/Users/cesarriosusuga/.m2/repository/es/nitaur/markdown/txtmark/0.16/txtmark-0.16.jar:/Users/cesarriosusuga/.m2/repository/net/serenity-bdd/serenity-report-resources/3.6.12/serenity-report-resources-3.6.12.jar:/Users/cesarriosusuga/.m2/repository/com/google/code/gson/gson/2.9.0/gson-2.9.0.jar:/Users/cesarriosusuga/.m2/repository/com/fasterxml/jackson/core/jackson-core/2.14.2/jackson-core-2.14.2.jar:/Users/cesarriosusuga/.m2/repository/com/fasterxml/jackson/core/jackson-databind/2.14.2/jackson-databind-2.14.2.jar:/Users/cesarriosusuga/.m2/repository/com/fasterxml/jackson/core/jackson-annotations/2.14.2/jackson-annotations-2.14.2.jar:/Users/cesarriosusuga/.m2/repository/commons-codec/commons-codec/1.15/commons-codec-1.15.jar:/Users/cesarriosusuga/.m2/repository/commons-io/commons-io/2.11.0/commons-io-2.11.0.jar:/Users/cesarriosusuga/.m2/repository/org/apache/httpcomponents/httpclient/4.5.13/httpclient-4.5.13.jar:/Users/cesarriosusuga/.m2/repository/commons-logging/commons-logging/1.2/commons-logging-1.2.jar:/Users/cesarriosusuga/.m2/repository/org/seleniumhq/selenium/selenium-java/4.8.0/selenium-java-4.8.0.jar:/Users/cesarriosusuga/.m2/repository/org/seleniumhq/selenium/selenium-devtools-v107/4.8.0/selenium-devtools-v107-4.8.0.jar:/Users/cesarriosusuga/.m2/repository/org/seleniumhq/selenium/selenium-devtools-v108/4.8.0/selenium-devtools-v108-4.8.0.jar:/Users/cesarriosusuga/.m2/repository/org/seleniumhq/selenium/selenium-devtools-v109/4.8.0/selenium-devtools-v109-4.8.0.jar:/Users/cesarriosusuga/.m2/repository/org/seleniumhq/selenium/selenium-devtools-v85/4.8.0/selenium-devtools-v85-4.8.0.jar:/Users/cesarriosusuga/.m2/repository/org/seleniumhq/selenium/selenium-remote-driver/4.8.0/selenium-remote-driver-4.8.0.jar:/Users/cesarriosusuga/.m2/repository/com/beust/jcommander/1.82/jcommander-1.82.jar:/Users/cesarriosusuga/.m2/repository/io/netty/netty-buffer/4.1.87.Final/netty-buffer-4.1.87.Final.jar:/Users/cesarriosusuga/.m2/repository/io/netty/netty-codec-http/4.1.87.Final/netty-codec-http-4.1.87.Final.jar:/Users/cesarriosusuga/.m2/repository/io/netty/netty-codec/4.1.87.Final/netty-codec-4.1.87.Final.jar:/Users/cesarriosusuga/.m2/repository/io/netty/netty-handler/4.1.87.Final/netty-handler-4.1.87.Final.jar:/Users/cesarriosusuga/.m2/repository/io/netty/netty-common/4.1.87.Final/netty-common-4.1.87.Final.jar:/Users/cesarriosusuga/.m2/repository/io/netty/netty-transport-classes-epoll/4.1.87.Final/netty-transport-classes-epoll-4.1.87.Final.jar:/Users/cesarriosusuga/.m2/repository/io/netty/netty-transport-classes-kqueue/4.1.87.Final/netty-transport-classes-kqueue-4.1.87.Final.jar:/Users/cesarriosusuga/.m2/repository/io/netty/netty-transport-native-epoll/4.1.87.Final/netty-transport-native-epoll-4.1.87.Final.jar:/Users/cesarriosusuga/.m2/repository/io/netty/netty-transport-native-kqueue/4.1.87.Final/netty-transport-native-kqueue-4.1.87.Final.jar:/Users/cesarriosusuga/.m2/repository/io/netty/netty-transport-native-unix-common/4.1.87.Final/netty-transport-native-unix-common-4.1.87.Final.jar:/Users/cesarriosusuga/.m2/repository/io/netty/netty-transport/4.1.87.Final/netty-transport-4.1.87.Final.jar:/Users/cesarriosusuga/.m2/repository/io/netty/netty-resolver/4.1.87.Final/netty-resolver-4.1.87.Final.jar:/Users/cesarriosusuga/.m2/repository/io/opentelemetry/opentelemetry-api/1.22.0/opentelemetry-api-1.22.0.jar:/Users/cesarriosusuga/.m2/repository/io/opentelemetry/opentelemetry-context/1.22.0/opentelemetry-context-1.22.0.jar:/Users/cesarriosusuga/.m2/repository/io/opentelemetry/opentelemetry-exporter-logging/1.22.0/opentelemetry-exporter-logging-1.22.0.jar:/Users/cesarriosusuga/.m2/repository/io/opentelemetry/opentelemetry-sdk-metrics/1.22.0/opentelemetry-sdk-metrics-1.22.0.jar:/Users/cesarriosusuga/.m2/repository/io/opentelemetry/opentelemetry-sdk-logs/1.22.0-alpha/opentelemetry-sdk-logs-1.22.0-alpha.jar:/Users/cesarriosusuga/.m2/repository/io/opentelemetry/opentelemetry-api-logs/1.22.0-alpha/opentelemetry-api-logs-1.22.0-alpha.jar:/Users/cesarriosusuga/.m2/repository/io/opentelemetry/opentelemetry-sdk-common/1.22.0/opentelemetry-sdk-common-1.22.0.jar:/Users/cesarriosusuga/.m2/repository/io/opentelemetry/opentelemetry-sdk-extension-autoconfigure-spi/1.22.0/opentelemetry-sdk-extension-autoconfigure-spi-1.22.0.jar:/Users/cesarriosusuga/.m2/repository/io/opentelemetry/opentelemetry-sdk-extension-autoconfigure/1.22.0-alpha/opentelemetry-sdk-extension-autoconfigure-1.22.0-alpha.jar:/Users/cesarriosusuga/.m2/repository/io/opentelemetry/opentelemetry-sdk-trace/1.22.0/opentelemetry-sdk-trace-1.22.0.jar:/Users/cesarriosusuga/.m2/repository/io/opentelemetry/opentelemetry-sdk/1.22.0/opentelemetry-sdk-1.22.0.jar:/Users/cesarriosusuga/.m2/repository/io/opentelemetry/opentelemetry-semconv/1.22.0-alpha/opentelemetry-semconv-1.22.0-alpha.jar:/Users/cesarriosusuga/.m2/repository/io/ous/jtoml/2.0.0/jtoml-2.0.0.jar:/Users/cesarriosusuga/.m2/repository/org/apache/commons/commons-exec/1.3/commons-exec-1.3.jar:/Users/cesarriosusuga/.m2/repository/org/asynchttpclient/async-http-client/2.12.3/async-http-client-2.12.3.jar:/Users/cesarriosusuga/.m2/repository/org/asynchttpclient/async-http-client-netty-utils/2.12.3/async-http-client-netty-utils-2.12.3.jar:/Users/cesarriosusuga/.m2/repository/io/netty/netty-codec-socks/4.1.60.Final/netty-codec-socks-4.1.60.Final.jar:/Users/cesarriosusuga/.m2/repository/io/netty/netty-handler-proxy/4.1.60.Final/netty-handler-proxy-4.1.60.Final.jar:/Users/cesarriosusuga/.m2/repository/io/netty/netty-transport-native-epoll/4.1.60.Final/netty-transport-native-epoll-4.1.60.Final-linux-x86_64.jar:/Users/cesarriosusuga/.m2/repository/io/netty/netty-transport-native-kqueue/4.1.60.Final/netty-transport-native-kqueue-4.1.60.Final-osx-x86_64.jar:/Users/cesarriosusuga/.m2/repository/org/reactivestreams/reactive-streams/1.0.3/reactive-streams-1.0.3.jar:/Users/cesarriosusuga/.m2/repository/com/typesafe/netty/netty-reactive-streams/2.0.4/netty-reactive-streams-2.0.4.jar:/Users/cesarriosusuga/.m2/repository/org/seleniumhq/selenium/selenium-manager/4.8.0/selenium-manager-4.8.0.jar:/Users/cesarriosusuga/.m2/repository/org/seleniumhq/selenium/selenium-safari-driver/4.8.0/selenium-safari-driver-4.8.0.jar:/Users/cesarriosusuga/.m2/repository/org/seleniumhq/selenium/selenium-api/4.8.0/selenium-api-4.8.0.jar:/Users/cesarriosusuga/.m2/repository/org/seleniumhq/selenium/selenium-support/4.8.0/selenium-support-4.8.0.jar:/Users/cesarriosusuga/.m2/repository/com/google/auto/service/auto-service-annotations/1.0.1/auto-service-annotations-1.0.1.jar:/Users/cesarriosusuga/.m2/repository/com/google/auto/service/auto-service/1.0.1/auto-service-1.0.1.jar:/Users/cesarriosusuga/.m2/repository/com/google/auto/auto-common/1.2/auto-common-1.2.jar:/Users/cesarriosusuga/.m2/repository/org/seleniumhq/selenium/selenium-json/4.8.0/selenium-json-4.8.0.jar:/Users/cesarriosusuga/.m2/repository/org/seleniumhq/selenium/selenium-chrome-driver/4.8.0/selenium-chrome-driver-4.8.0.jar:/Users/cesarriosusuga/.m2/repository/org/seleniumhq/selenium/selenium-chromium-driver/4.8.0/selenium-chromium-driver-4.8.0.jar:/Users/cesarriosusuga/.m2/repository/org/seleniumhq/selenium/selenium-firefox-driver/4.8.0/selenium-firefox-driver-4.8.0.jar:/Users/cesarriosusuga/.m2/repository/org/seleniumhq/selenium/selenium-http/4.8.0/selenium-http-4.8.0.jar:/Users/cesarriosusuga/.m2/repository/dev/failsafe/failsafe/3.3.0/failsafe-3.3.0.jar:/Users/cesarriosusuga/.m2/repository/org/seleniumhq/selenium/selenium-edge-driver/4.8.0/selenium-edge-driver-4.8.0.jar:/Users/cesarriosusuga/.m2/repository/org/seleniumhq/selenium/selenium-ie-driver/4.8.0/selenium-ie-driver-4.8.0.jar:/Users/cesarriosusuga/.m2/repository/io/appium/java-client/8.3.0/java-client-8.3.0.jar:/Users/cesarriosusuga/.m2/repository/commons-validator/commons-validator/1.7/commons-validator-1.7.jar:/Users/cesarriosusuga/.m2/repository/commons-digester/commons-digester/2.1/commons-digester-2.1.jar:/Users/cesarriosusuga/.m2/repository/org/apache/groovy/groovy/4.0.6/groovy-4.0.6.jar:/Users/cesarriosusuga/.m2/repository/net/sf/opencsv/opencsv/2.0/opencsv-2.0.jar:/Users/cesarriosusuga/.m2/repository/commons-beanutils/commons-beanutils/1.9.4/commons-beanutils-1.9.4.jar:/Users/cesarriosusuga/.m2/repository/org/apache/commons/commons-lang3/3.12.0/commons-lang3-3.12.0.jar:/Users/cesarriosusuga/.m2/repository/commons-collections/commons-collections/3.2.2/commons-collections-3.2.2.jar:/Users/cesarriosusuga/.m2/repository/org/fluentlenium/fluentlenium-core/0.10.2/fluentlenium-core-0.10.2.jar:/Users/cesarriosusuga/.m2/repository/io/github/bonigarcia/webdrivermanager/5.3.0/webdrivermanager-5.3.0.jar:/Users/cesarriosusuga/.m2/repository/com/github/docker-java/docker-java/3.2.13/docker-java-3.2.13.jar:/Users/cesarriosusuga/.m2/repository/com/github/docker-java/docker-java-core/3.2.13/docker-java-core-3.2.13.jar:/Users/cesarriosusuga/.m2/repository/com/github/docker-java/docker-java-api/3.2.13/docker-java-api-3.2.13.jar:/Users/cesarriosusuga/.m2/repository/org/apache/commons/commons-compress/1.21/commons-compress-1.21.jar:/Users/cesarriosusuga/.m2/repository/org/bouncycastle/bcpkix-jdk15on/1.64/bcpkix-jdk15on-1.64.jar:/Users/cesarriosusuga/.m2/repository/org/bouncycastle/bcprov-jdk15on/1.64/bcprov-jdk15on-1.64.jar:/Users/cesarriosusuga/.m2/repository/org/slf4j/jcl-over-slf4j/1.7.30/jcl-over-slf4j-1.7.30.jar:/Users/cesarriosusuga/.m2/repository/com/github/docker-java/docker-java-transport-httpclient5/3.2.13/docker-java-transport-httpclient5-3.2.13.jar:/Users/cesarriosusuga/.m2/repository/com/github/docker-java/docker-java-transport/3.2.13/docker-java-transport-3.2.13.jar:/Users/cesarriosusuga/.m2/repository/net/java/dev/jna/jna/5.8.0/jna-5.8.0.jar:/Users/cesarriosusuga/.m2/repository/org/brotli/dec/0.1.2/dec-0.1.2.jar:/Users/cesarriosusuga/.m2/repository/org/apache/httpcomponents/client5/httpclient5/5.1.3/httpclient5-5.1.3.jar:/Users/cesarriosusuga/.m2/repository/org/apache/httpcomponents/core5/httpcore5/5.1.3/httpcore5-5.1.3.jar:/Users/cesarriosusuga/.m2/repository/org/apache/httpcomponents/core5/httpcore5-h2/5.1.3/httpcore5-h2-5.1.3.jar:/Users/cesarriosusuga/.m2/repository/com/jhlabs/filters/2.0.235/filters-2.0.235.jar:/Users/cesarriosusuga/.m2/repository/com/paulhammant/ngwebdriver/1.1.6/ngwebdriver-1.1.6.jar:/Users/cesarriosusuga/.m2/repository/joda-time/joda-time/2.8.2/joda-time-2.8.2.jar:/Users/cesarriosusuga/.m2/repository/org/hamcrest/hamcrest/2.2/hamcrest-2.2.jar:/Users/cesarriosusuga/.m2/repository/com/google/jimfs/jimfs/1.2/jimfs-1.2.jar:/Users/cesarriosusuga/.m2/repository/org/mockito/mockito-core/3.3.3/mockito-core-3.3.3.jar:/Users/cesarriosusuga/.m2/repository/javax/xml/bind/jaxb-api/2.3.1/jaxb-api-2.3.1.jar:/Users/cesarriosusuga/.m2/repository/javax/activation/javax.activation-api/1.2.0/javax.activation-api-1.2.0.jar:/Users/cesarriosusuga/.m2/repository/com/sun/xml/bind/jaxb-core/2.3.0.1/jaxb-core-2.3.0.1.jar:/Users/cesarriosusuga/.m2/repository/com/sun/xml/bind/jaxb-impl/2.3.3/jaxb-impl-2.3.3.jar:/Users/cesarriosusuga/.m2/repository/jakarta/xml/bind/jakarta.xml.bind-api/2.3.3/jakarta.xml.bind-api-2.3.3.jar:/Users/cesarriosusuga/.m2/repository/com/sun/activation/jakarta.activation/1.2.2/jakarta.activation-1.2.2.jar:/Users/cesarriosusuga/.m2/repository/javax/activation/activation/1.1.1/activation-1.1.1.jar:/Users/cesarriosusuga/.m2/repository/net/serenity-bdd/serenity-cucumber/3.6.12/serenity-cucumber-3.6.12.jar:/Users/cesarriosusuga/.m2/repository/net/serenity-bdd/serenity-screenplay/3.6.12/serenity-screenplay-3.6.12.jar:/Users/cesarriosusuga/.m2/repository/net/serenity-bdd/serenity-screenplay-webdriver/3.6.12/serenity-screenplay-webdriver-3.6.12.jar:/Users/cesarriosusuga/.m2/repository/io/cucumber/cucumber-core/7.11.0/cucumber-core-7.11.0.jar:/Users/cesarriosusuga/.m2/repository/io/cucumber/cucumber-gherkin/7.11.0/cucumber-gherkin-7.11.0.jar:/Users/cesarriosusuga/.m2/repository/io/cucumber/cucumber-gherkin-messages/7.11.0/cucumber-gherkin-messages-7.11.0.jar:/Users/cesarriosusuga/.m2/repository/io/cucumber/gherkin/26.0.3/gherkin-26.0.3.jar:/Users/cesarriosusuga/.m2/repository/io/cucumber/messages/21.0.1/messages-21.0.1.jar:/Users/cesarriosusuga/.m2/repository/io/cucumber/tag-expressions/5.0.1/tag-expressions-5.0.1.jar:/Users/cesarriosusuga/.m2/repository/io/cucumber/cucumber-expressions/16.1.1/cucumber-expressions-16.1.1.jar:/Users/cesarriosusuga/.m2/repository/io/cucumber/datatable/7.11.0/datatable-7.11.0.jar:/Users/cesarriosusuga/.m2/repository/io/cucumber/cucumber-plugin/7.11.0/cucumber-plugin-7.11.0.jar:/Users/cesarriosusuga/.m2/repository/io/cucumber/docstring/7.11.0/docstring-7.11.0.jar:/Users/cesarriosusuga/.m2/repository/io/cucumber/html-formatter/20.2.1/html-formatter-20.2.1.jar:/Users/cesarriosusuga/.m2/repository/io/cucumber/junit-xml-formatter/0.1.0/junit-xml-formatter-0.1.0.jar:/Users/cesarriosusuga/.m2/repository/io/cucumber/ci-environment/9.1.0/ci-environment-9.1.0.jar:/Users/cesarriosusuga/.m2/repository/io/cucumber/cucumber-java/7.11.0/cucumber-java-7.11.0.jar:/Users/cesarriosusuga/.m2/repository/io/cucumber/cucumber-junit/7.11.0/cucumber-junit-7.11.0.jar:/Users/cesarriosusuga/.m2/repository/org/apache/commons/commons-csv/1.5/commons-csv-1.5.jar:/Users/cesarriosusuga/.m2/repository/net/serenity-bdd/serenity-ensure/3.6.12/serenity-ensure-3.6.12.jar:/Users/cesarriosusuga/.m2/repository/net/serenity-bdd/serenity-junit/3.6.12/serenity-junit-3.6.12.jar:/Users/cesarriosusuga/.m2/repository/org/jetbrains/kotlin/kotlin-stdlib/1.7.21/kotlin-stdlib-1.7.21.jar:/Users/cesarriosusuga/.m2/repository/org/jetbrains/kotlin/kotlin-stdlib-common/1.7.21/kotlin-stdlib-common-1.7.21.jar:/Users/cesarriosusuga/.m2/repository/org/jetbrains/annotations/13.0/annotations-13.0.jar:/Users/cesarriosusuga/.m2/repository/org/junit/platform/junit-platform-launcher/1.9.2/junit-platform-launcher-1.9.2.jar:/Users/cesarriosusuga/.m2/repository/org/junit/platform/junit-platform-engine/1.9.2/junit-platform-engine-1.9.2.jar:/Users/cesarriosusuga/.m2/repository/org/opentest4j/opentest4j/1.2.0/opentest4j-1.2.0.jar:/Users/cesarriosusuga/.m2/repository/org/junit/platform/junit-platform-commons/1.9.2/junit-platform-commons-1.9.2.jar:/Users/cesarriosusuga/.m2/repository/org/apiguardian/apiguardian-api/1.1.2/apiguardian-api-1.1.2.jar:/Users/cesarriosusuga/.m2/repository/org/junit/jupiter/junit-jupiter-engine/5.9.2/junit-jupiter-engine-5.9.2.jar:/Users/cesarriosusuga/.m2/repository/org/junit/jupiter/junit-jupiter-api/5.9.2/junit-jupiter-api-5.9.2.jar:/Users/cesarriosusuga/.m2/repository/org/junit/vintage/junit-vintage-engine/5.9.2/junit-vintage-engine-5.9.2.jar:/Users/cesarriosusuga/.m2/repository/junit/junit/4.13.2/junit-4.13.2.jar:/Users/cesarriosusuga/.m2/repository/org/hamcrest/hamcrest-core/1.3/hamcrest-core-1.3.jar:/Users/cesarriosusuga/.m2/repository/ch/qos/logback/logback-classic/1.4.6/logback-classic-1.4.6.jar:/Users/cesarriosusuga/.m2/repository/ch/qos/logback/logback-core/1.4.6/logback-core-1.4.6.jar:/Users/cesarriosusuga/.m2/repository/org/slf4j/slf4j-api/2.0.4/slf4j-api-2.0.4.jar:/Users/cesarriosusuga/.m2/repository/org/assertj/assertj-core/3.24.2/assertj-core-3.24.2.jar:/Users/cesarriosusuga/.m2/repository/net/bytebuddy/byte-buddy/1.12.21/byte-buddy-1.12.21.jar:/Users/cesarriosusuga/.m2/repository/com/fasterxml/jackson/datatype/jackson-datatype-jdk8/2.14.2/jackson-datatype-jdk8-2.14.2.jar:/Users/cesarriosusuga/.m2/repository/net/serenity-bdd/serenity-browserstack/3.6.12/serenity-browserstack-3.6.12.jar:/Users/cesarriosusuga/.m2/repository/org/apache/httpcomponents/httpcore/4.4.15/httpcore-4.4.15.jar:/Users/cesarriosusuga/.m2/repository/com/browserstack/browserstack-local-java/1.0.6/browserstack-local-java-1.0.6.jar:/Users/cesarriosusuga/.m2/repository/org/json/json/20160212/json-20160212.jar:/Users/cesarriosusuga/.m2/repository/org/projectlombok/lombok/1.18.26/lombok-1.18.26.jar:"/>
    <property name="sun.cpu.endian" value="little"/>
    <property name="user.home" value="/Users/cesarriosusuga"/>
    <property name="user.language" value="en"/>
    <property name="java.specification.vendor" value="Oracle Corporation"/>
    <property name="jdk.module.path" value="/Users/cesarriosusuga/Desktop/CencoPay-Automation-Mobile/target/CencoPay-1.0-SNAPSHOT.jar"/>
    <property name="java.version.date" value="2022-08-18"/>
    <property name="java.home" value="/opt/homebrew/Cellar/openjdk/18.0.2.1/libexec/openjdk.jdk/Contents/Home"/>
    <property name="file.separator" value="/"/>
    <property name="basedir" value="/Users/cesarriosusuga/Desktop/CencoPay-Automation-Mobile"/>
    <property name="java.vm.compressedOopsMode" value="Zero based"/>
    <property name="line.separator" value="&#10;"/>
    <property name="java.vm.specification.vendor" value="Oracle Corporation"/>
    <property name="java.specification.name" value="Java Platform API Specification"/>
    <property name="runOn" value="browserstack"/>
    <property name="apple.awt.application.name" value="ForkedBooter"/>
    <property name="surefire.real.class.path" value="/Users/cesarriosusuga/.m2/repository/org/apache/maven/surefire/surefire-booter/3.0.0-M5/surefire-booter-3.0.0-M5.jar:/Users/cesarriosusuga/.m2/repository/org/apache/maven/surefire/surefire-api/3.0.0-M5/surefire-api-3.0.0-M5.jar:/Users/cesarriosusuga/.m2/repository/org/apache/maven/surefire/surefire-logger-api/3.0.0-M5/surefire-logger-api-3.0.0-M5.jar:/Users/cesarriosusuga/.m2/repository/org/apache/maven/surefire/surefire-shared-utils/3.0.0-M4/surefire-shared-utils-3.0.0-M4.jar:/Users/cesarriosusuga/.m2/repository/org/apache/maven/surefire/surefire-extensions-spi/3.0.0-M5/surefire-extensions-spi-3.0.0-M5.jar:/Users/cesarriosusuga/Desktop/CencoPay-Automation-Mobile/target/test-classes:/Users/cesarriosusuga/.m2/repository/net/serenity-bdd/serenity-core/3.6.12/serenity-core-3.6.12.jar:/Users/cesarriosusuga/.m2/repository/net/serenity-bdd/serenity-model/3.6.12/serenity-model-3.6.12.jar:/Users/cesarriosusuga/.m2/repository/org/apache/commons/commons-text/1.10.0/commons-text-1.10.0.jar:/Users/cesarriosusuga/.m2/repository/commons-net/commons-net/3.9.0/commons-net-3.9.0.jar:/Users/cesarriosusuga/.m2/repository/com/google/guava/guava/31.1-jre/guava-31.1-jre.jar:/Users/cesarriosusuga/.m2/repository/com/google/guava/failureaccess/1.0.1/failureaccess-1.0.1.jar:/Users/cesarriosusuga/.m2/repository/com/google/guava/listenablefuture/9999.0-empty-to-avoid-conflict-with-guava/listenablefuture-9999.0-empty-to-avoid-conflict-with-guava.jar:/Users/cesarriosusuga/.m2/repository/com/google/code/findbugs/jsr305/3.0.2/jsr305-3.0.2.jar:/Users/cesarriosusuga/.m2/repository/org/checkerframework/checker-qual/3.12.0/checker-qual-3.12.0.jar:/Users/cesarriosusuga/.m2/repository/com/google/errorprone/error_prone_annotations/2.11.0/error_prone_annotations-2.11.0.jar:/Users/cesarriosusuga/.m2/repository/com/google/j2objc/j2objc-annotations/1.3/j2objc-annotations-1.3.jar:/Users/cesarriosusuga/.m2/repository/com/google/inject/guice/5.1.0/guice-5.1.0.jar:/Users/cesarriosusuga/.m2/repository/javax/inject/javax.inject/1/javax.inject-1.jar:/Users/cesarriosusuga/.m2/repository/aopalliance/aopalliance/1.0/aopalliance-1.0.jar:/Users/cesarriosusuga/.m2/repository/org/jsoup/jsoup/1.14.3/jsoup-1.14.3.jar:/Users/cesarriosusuga/.m2/repository/com/thoughtworks/xstream/xstream/1.4.20/xstream-1.4.20.jar:/Users/cesarriosusuga/.m2/repository/io/github/x-stream/mxparser/1.2.2/mxparser-1.2.2.jar:/Users/cesarriosusuga/.m2/repository/xmlpull/xmlpull/1.1.3.1/xmlpull-1.1.3.1.jar:/Users/cesarriosusuga/.m2/repository/com/typesafe/config/1.4.2/config-1.4.2.jar:/Users/cesarriosusuga/.m2/repository/org/imgscalr/imgscalr-lib/4.2/imgscalr-lib-4.2.jar:/Users/cesarriosusuga/.m2/repository/org/awaitility/awaitility/4.2.0/awaitility-4.2.0.jar:/Users/cesarriosusuga/.m2/repository/org/freemarker/freemarker/2.3.31/freemarker-2.3.31.jar:/Users/cesarriosusuga/.m2/repository/io/github/classgraph/classgraph/4.8.138/classgraph-4.8.138.jar:/Users/cesarriosusuga/.m2/repository/net/sourceforge/jexcelapi/jxl/2.6.12/jxl-2.6.12.jar:/Users/cesarriosusuga/.m2/repository/net/bytebuddy/byte-buddy-agent/1.12.22/byte-buddy-agent-1.12.22.jar:/Users/cesarriosusuga/.m2/repository/org/objenesis/objenesis/3.1/objenesis-3.1.jar:/Users/cesarriosusuga/.m2/repository/net/serenity-bdd/serenity-reports/3.6.12/serenity-reports-3.6.12.jar:/Users/cesarriosusuga/.m2/repository/net/serenity-bdd/serenity-stats/3.6.12/serenity-stats-3.6.12.jar:/Users/cesarriosusuga/.m2/repository/net/serenity-bdd/serenity-reports-configuration/3.6.12/serenity-reports-configuration-3.6.12.jar:/Users/cesarriosusuga/.m2/repository/com/vladsch/flexmark/flexmark-all/0.34.30/flexmark-all-0.34.30.jar:/Users/cesarriosusuga/.m2/repository/com/vladsch/flexmark/flexmark/0.34.30/flexmark-0.34.30.jar:/Users/cesarriosusuga/.m2/repository/com/vladsch/flexmark/flexmark-ext-abbreviation/0.34.30/flexmark-ext-abbreviation-0.34.30.jar:/Users/cesarriosusuga/.m2/repository/com/vladsch/flexmark/flexmark-ext-admonition/0.34.30/flexmark-ext-admonition-0.34.30.jar:/Users/cesarriosusuga/.m2/repository/com/vladsch/flexmark/flexmark-ext-anchorlink/0.34.30/flexmark-ext-anchorlink-0.34.30.jar:/Users/cesarriosusuga/.m2/repository/com/vladsch/flexmark/flexmark-ext-aside/0.34.30/flexmark-ext-aside-0.34.30.jar:/Users/cesarriosusuga/.m2/repository/com/vladsch/flexmark/flexmark-ext-attributes/0.34.30/flexmark-ext-attributes-0.34.30.jar:/Users/cesarriosusuga/.m2/repository/com/vladsch/flexmark/flexmark-ext-autolink/0.34.30/flexmark-ext-autolink-0.34.30.jar:/Users/cesarriosusuga/.m2/repository/org/nibor/autolink/autolink/0.6.0/autolink-0.6.0.jar:/Users/cesarriosusuga/.m2/repository/com/vladsch/flexmark/flexmark-ext-definition/0.34.30/flexmark-ext-definition-0.34.30.jar:/Users/cesarriosusuga/.m2/repository/com/vladsch/flexmark/flexmark-ext-emoji/0.34.30/flexmark-ext-emoji-0.34.30.jar:/Users/cesarriosusuga/.m2/repository/com/vladsch/flexmark/flexmark-ext-enumerated-reference/0.34.30/flexmark-ext-enumerated-reference-0.34.30.jar:/Users/cesarriosusuga/.m2/repository/com/vladsch/flexmark/flexmark-ext-escaped-character/0.34.30/flexmark-ext-escaped-character-0.34.30.jar:/Users/cesarriosusuga/.m2/repository/com/vladsch/flexmark/flexmark-ext-footnotes/0.34.30/flexmark-ext-footnotes-0.34.30.jar:/Users/cesarriosusuga/.m2/repository/com/vladsch/flexmark/flexmark-ext-gfm-issues/0.34.30/flexmark-ext-gfm-issues-0.34.30.jar:/Users/cesarriosusuga/.m2/repository/com/vladsch/flexmark/flexmark-ext-gfm-strikethrough/0.34.30/flexmark-ext-gfm-strikethrough-0.34.30.jar:/Users/cesarriosusuga/.m2/repository/com/vladsch/flexmark/flexmark-ext-gfm-tables/0.34.30/flexmark-ext-gfm-tables-0.34.30.jar:/Users/cesarriosusuga/.m2/repository/com/vladsch/flexmark/flexmark-ext-gfm-tasklist/0.34.30/flexmark-ext-gfm-tasklist-0.34.30.jar:/Users/cesarriosusuga/.m2/repository/com/vladsch/flexmark/flexmark-ext-gfm-users/0.34.30/flexmark-ext-gfm-users-0.34.30.jar:/Users/cesarriosusuga/.m2/repository/com/vladsch/flexmark/flexmark-ext-gitlab/0.34.30/flexmark-ext-gitlab-0.34.30.jar:/Users/cesarriosusuga/.m2/repository/com/vladsch/flexmark/flexmark-ext-jekyll-front-matter/0.34.30/flexmark-ext-jekyll-front-matter-0.34.30.jar:/Users/cesarriosusuga/.m2/repository/com/vladsch/flexmark/flexmark-ext-jekyll-tag/0.34.30/flexmark-ext-jekyll-tag-0.34.30.jar:/Users/cesarriosusuga/.m2/repository/com/vladsch/flexmark/flexmark-ext-media-tags/0.34.30/flexmark-ext-media-tags-0.34.30.jar:/Users/cesarriosusuga/.m2/repository/com/vladsch/flexmark/flexmark-test-util/0.34.30/flexmark-test-util-0.34.30.jar:/Users/cesarriosusuga/.m2/repository/com/vladsch/flexmark/flexmark-ext-ins/0.34.30/flexmark-ext-ins-0.34.30.jar:/Users/cesarriosusuga/.m2/repository/com/vladsch/flexmark/flexmark-ext-xwiki-macros/0.34.30/flexmark-ext-xwiki-macros-0.34.30.jar:/Users/cesarriosusuga/.m2/repository/com/vladsch/flexmark/flexmark-ext-superscript/0.34.30/flexmark-ext-superscript-0.34.30.jar:/Users/cesarriosusuga/.m2/repository/com/vladsch/flexmark/flexmark-ext-tables/0.34.30/flexmark-ext-tables-0.34.30.jar:/Users/cesarriosusuga/.m2/repository/com/vladsch/flexmark/flexmark-ext-toc/0.34.30/flexmark-ext-toc-0.34.30.jar:/Users/cesarriosusuga/.m2/repository/com/vladsch/flexmark/flexmark-ext-typographic/0.34.30/flexmark-ext-typographic-0.34.30.jar:/Users/cesarriosusuga/.m2/repository/com/vladsch/flexmark/flexmark-ext-wikilink/0.34.30/flexmark-ext-wikilink-0.34.30.jar:/Users/cesarriosusuga/.m2/repository/com/vladsch/flexmark/flexmark-ext-yaml-front-matter/0.34.30/flexmark-ext-yaml-front-matter-0.34.30.jar:/Users/cesarriosusuga/.m2/repository/com/vladsch/flexmark/flexmark-ext-youtube-embedded/0.34.30/flexmark-ext-youtube-embedded-0.34.30.jar:/Users/cesarriosusuga/.m2/repository/com/vladsch/flexmark/flexmark-formatter/0.34.30/flexmark-formatter-0.34.30.jar:/Users/cesarriosusuga/.m2/repository/com/vladsch/flexmark/flexmark-html-parser/0.34.30/flexmark-html-parser-0.34.30.jar:/Users/cesarriosusuga/.m2/repository/com/vladsch/flexmark/flexmark-jira-converter/0.34.30/flexmark-jira-converter-0.34.30.jar:/Users/cesarriosusuga/.m2/repository/com/vladsch/flexmark/flexmark-pdf-converter/0.34.30/flexmark-pdf-converter-0.34.30.jar:/Users/cesarriosusuga/.m2/repository/com/openhtmltopdf/openhtmltopdf-core/0.0.1-RC13/openhtmltopdf-core-0.0.1-RC13.jar:/Users/cesarriosusuga/.m2/repository/com/openhtmltopdf/openhtmltopdf-pdfbox/0.0.1-RC13/openhtmltopdf-pdfbox-0.0.1-RC13.jar:/Users/cesarriosusuga/.m2/repository/org/apache/pdfbox/pdfbox/2.0.8/pdfbox-2.0.8.jar:/Users/cesarriosusuga/.m2/repository/org/apache/pdfbox/fontbox/2.0.8/fontbox-2.0.8.jar:/Users/cesarriosusuga/.m2/repository/org/apache/pdfbox/xmpbox/2.0.8/xmpbox-2.0.8.jar:/Users/cesarriosusuga/.m2/repository/de/rototor/pdfbox/graphics2d/0.12/graphics2d-0.12.jar:/Users/cesarriosusuga/.m2/repository/com/openhtmltopdf/openhtmltopdf-rtl-support/0.0.1-RC13/openhtmltopdf-rtl-support-0.0.1-RC13.jar:/Users/cesarriosusuga/.m2/repository/com/ibm/icu/icu4j/59.1/icu4j-59.1.jar:/Users/cesarriosusuga/.m2/repository/com/openhtmltopdf/openhtmltopdf-jsoup-dom-converter/0.0.1-RC13/openhtmltopdf-jsoup-dom-converter-0.0.1-RC13.jar:/Users/cesarriosusuga/.m2/repository/com/vladsch/flexmark/flexmark-profile-pegdown/0.34.30/flexmark-profile-pegdown-0.34.30.jar:/Users/cesarriosusuga/.m2/repository/com/vladsch/flexmark/flexmark-util/0.34.30/flexmark-util-0.34.30.jar:/Users/cesarriosusuga/.m2/repository/com/vladsch/flexmark/flexmark-youtrack-converter/0.34.30/flexmark-youtrack-converter-0.34.30.jar:/Users/cesarriosusuga/.m2/repository/es/nitaur/markdown/txtmark/0.16/txtmark-0.16.jar:/Users/cesarriosusuga/.m2/repository/net/serenity-bdd/serenity-report-resources/3.6.12/serenity-report-resources-3.6.12.jar:/Users/cesarriosusuga/.m2/repository/com/google/code/gson/gson/2.9.0/gson-2.9.0.jar:/Users/cesarriosusuga/.m2/repository/com/fasterxml/jackson/core/jackson-core/2.14.2/jackson-core-2.14.2.jar:/Users/cesarriosusuga/.m2/repository/com/fasterxml/jackson/core/jackson-databind/2.14.2/jackson-databind-2.14.2.jar:/Users/cesarriosusuga/.m2/repository/com/fasterxml/jackson/core/jackson-annotations/2.14.2/jackson-annotations-2.14.2.jar:/Users/cesarriosusuga/.m2/repository/commons-codec/commons-codec/1.15/commons-codec-1.15.jar:/Users/cesarriosusuga/.m2/repository/commons-io/commons-io/2.11.0/commons-io-2.11.0.jar:/Users/cesarriosusuga/.m2/repository/org/apache/httpcomponents/httpclient/4.5.13/httpclient-4.5.13.jar:/Users/cesarriosusuga/.m2/repository/commons-logging/commons-logging/1.2/commons-logging-1.2.jar:/Users/cesarriosusuga/.m2/repository/org/seleniumhq/selenium/selenium-java/4.8.0/selenium-java-4.8.0.jar:/Users/cesarriosusuga/.m2/repository/org/seleniumhq/selenium/selenium-devtools-v107/4.8.0/selenium-devtools-v107-4.8.0.jar:/Users/cesarriosusuga/.m2/repository/org/seleniumhq/selenium/selenium-devtools-v108/4.8.0/selenium-devtools-v108-4.8.0.jar:/Users/cesarriosusuga/.m2/repository/org/seleniumhq/selenium/selenium-devtools-v109/4.8.0/selenium-devtools-v109-4.8.0.jar:/Users/cesarriosusuga/.m2/repository/org/seleniumhq/selenium/selenium-devtools-v85/4.8.0/selenium-devtools-v85-4.8.0.jar:/Users/cesarriosusuga/.m2/repository/org/seleniumhq/selenium/selenium-remote-driver/4.8.0/selenium-remote-driver-4.8.0.jar:/Users/cesarriosusuga/.m2/repository/com/beust/jcommander/1.82/jcommander-1.82.jar:/Users/cesarriosusuga/.m2/repository/io/netty/netty-buffer/4.1.87.Final/netty-buffer-4.1.87.Final.jar:/Users/cesarriosusuga/.m2/repository/io/netty/netty-codec-http/4.1.87.Final/netty-codec-http-4.1.87.Final.jar:/Users/cesarriosusuga/.m2/repository/io/netty/netty-codec/4.1.87.Final/netty-codec-4.1.87.Final.jar:/Users/cesarriosusuga/.m2/repository/io/netty/netty-handler/4.1.87.Final/netty-handler-4.1.87.Final.jar:/Users/cesarriosusuga/.m2/repository/io/netty/netty-common/4.1.87.Final/netty-common-4.1.87.Final.jar:/Users/cesarriosusuga/.m2/repository/io/netty/netty-transport-classes-epoll/4.1.87.Final/netty-transport-classes-epoll-4.1.87.Final.jar:/Users/cesarriosusuga/.m2/repository/io/netty/netty-transport-classes-kqueue/4.1.87.Final/netty-transport-classes-kqueue-4.1.87.Final.jar:/Users/cesarriosusuga/.m2/repository/io/netty/netty-transport-native-epoll/4.1.87.Final/netty-transport-native-epoll-4.1.87.Final.jar:/Users/cesarriosusuga/.m2/repository/io/netty/netty-transport-native-kqueue/4.1.87.Final/netty-transport-native-kqueue-4.1.87.Final.jar:/Users/cesarriosusuga/.m2/repository/io/netty/netty-transport-native-unix-common/4.1.87.Final/netty-transport-native-unix-common-4.1.87.Final.jar:/Users/cesarriosusuga/.m2/repository/io/netty/netty-transport/4.1.87.Final/netty-transport-4.1.87.Final.jar:/Users/cesarriosusuga/.m2/repository/io/netty/netty-resolver/4.1.87.Final/netty-resolver-4.1.87.Final.jar:/Users/cesarriosusuga/.m2/repository/io/opentelemetry/opentelemetry-api/1.22.0/opentelemetry-api-1.22.0.jar:/Users/cesarriosusuga/.m2/repository/io/opentelemetry/opentelemetry-context/1.22.0/opentelemetry-context-1.22.0.jar:/Users/cesarriosusuga/.m2/repository/io/opentelemetry/opentelemetry-exporter-logging/1.22.0/opentelemetry-exporter-logging-1.22.0.jar:/Users/cesarriosusuga/.m2/repository/io/opentelemetry/opentelemetry-sdk-metrics/1.22.0/opentelemetry-sdk-metrics-1.22.0.jar:/Users/cesarriosusuga/.m2/repository/io/opentelemetry/opentelemetry-sdk-logs/1.22.0-alpha/opentelemetry-sdk-logs-1.22.0-alpha.jar:/Users/cesarriosusuga/.m2/repository/io/opentelemetry/opentelemetry-api-logs/1.22.0-alpha/opentelemetry-api-logs-1.22.0-alpha.jar:/Users/cesarriosusuga/.m2/repository/io/opentelemetry/opentelemetry-sdk-common/1.22.0/opentelemetry-sdk-common-1.22.0.jar:/Users/cesarriosusuga/.m2/repository/io/opentelemetry/opentelemetry-sdk-extension-autoconfigure-spi/1.22.0/opentelemetry-sdk-extension-autoconfigure-spi-1.22.0.jar:/Users/cesarriosusuga/.m2/repository/io/opentelemetry/opentelemetry-sdk-extension-autoconfigure/1.22.0-alpha/opentelemetry-sdk-extension-autoconfigure-1.22.0-alpha.jar:/Users/cesarriosusuga/.m2/repository/io/opentelemetry/opentelemetry-sdk-trace/1.22.0/opentelemetry-sdk-trace-1.22.0.jar:/Users/cesarriosusuga/.m2/repository/io/opentelemetry/opentelemetry-sdk/1.22.0/opentelemetry-sdk-1.22.0.jar:/Users/cesarriosusuga/.m2/repository/io/opentelemetry/opentelemetry-semconv/1.22.0-alpha/opentelemetry-semconv-1.22.0-alpha.jar:/Users/cesarriosusuga/.m2/repository/io/ous/jtoml/2.0.0/jtoml-2.0.0.jar:/Users/cesarriosusuga/.m2/repository/org/apache/commons/commons-exec/1.3/commons-exec-1.3.jar:/Users/cesarriosusuga/.m2/repository/org/asynchttpclient/async-http-client/2.12.3/async-http-client-2.12.3.jar:/Users/cesarriosusuga/.m2/repository/org/asynchttpclient/async-http-client-netty-utils/2.12.3/async-http-client-netty-utils-2.12.3.jar:/Users/cesarriosusuga/.m2/repository/io/netty/netty-codec-socks/4.1.60.Final/netty-codec-socks-4.1.60.Final.jar:/Users/cesarriosusuga/.m2/repository/io/netty/netty-handler-proxy/4.1.60.Final/netty-handler-proxy-4.1.60.Final.jar:/Users/cesarriosusuga/.m2/repository/io/netty/netty-transport-native-epoll/4.1.60.Final/netty-transport-native-epoll-4.1.60.Final-linux-x86_64.jar:/Users/cesarriosusuga/.m2/repository/io/netty/netty-transport-native-kqueue/4.1.60.Final/netty-transport-native-kqueue-4.1.60.Final-osx-x86_64.jar:/Users/cesarriosusuga/.m2/repository/org/reactivestreams/reactive-streams/1.0.3/reactive-streams-1.0.3.jar:/Users/cesarriosusuga/.m2/repository/com/typesafe/netty/netty-reactive-streams/2.0.4/netty-reactive-streams-2.0.4.jar:/Users/cesarriosusuga/.m2/repository/org/seleniumhq/selenium/selenium-manager/4.8.0/selenium-manager-4.8.0.jar:/Users/cesarriosusuga/.m2/repository/org/seleniumhq/selenium/selenium-safari-driver/4.8.0/selenium-safari-driver-4.8.0.jar:/Users/cesarriosusuga/.m2/repository/org/seleniumhq/selenium/selenium-api/4.8.0/selenium-api-4.8.0.jar:/Users/cesarriosusuga/.m2/repository/org/seleniumhq/selenium/selenium-support/4.8.0/selenium-support-4.8.0.jar:/Users/cesarriosusuga/.m2/repository/com/google/auto/service/auto-service-annotations/1.0.1/auto-service-annotations-1.0.1.jar:/Users/cesarriosusuga/.m2/repository/com/google/auto/service/auto-service/1.0.1/auto-service-1.0.1.jar:/Users/cesarriosusuga/.m2/repository/com/google/auto/auto-common/1.2/auto-common-1.2.jar:/Users/cesarriosusuga/.m2/repository/org/seleniumhq/selenium/selenium-json/4.8.0/selenium-json-4.8.0.jar:/Users/cesarriosusuga/.m2/repository/org/seleniumhq/selenium/selenium-chrome-driver/4.8.0/selenium-chrome-driver-4.8.0.jar:/Users/cesarriosusuga/.m2/repository/org/seleniumhq/selenium/selenium-chromium-driver/4.8.0/selenium-chromium-driver-4.8.0.jar:/Users/cesarriosusuga/.m2/repository/org/seleniumhq/selenium/selenium-firefox-driver/4.8.0/selenium-firefox-driver-4.8.0.jar:/Users/cesarriosusuga/.m2/repository/org/seleniumhq/selenium/selenium-http/4.8.0/selenium-http-4.8.0.jar:/Users/cesarriosusuga/.m2/repository/dev/failsafe/failsafe/3.3.0/failsafe-3.3.0.jar:/Users/cesarriosusuga/.m2/repository/org/seleniumhq/selenium/selenium-edge-driver/4.8.0/selenium-edge-driver-4.8.0.jar:/Users/cesarriosusuga/.m2/repository/org/seleniumhq/selenium/selenium-ie-driver/4.8.0/selenium-ie-driver-4.8.0.jar:/Users/cesarriosusuga/.m2/repository/io/appium/java-client/8.3.0/java-client-8.3.0.jar:/Users/cesarriosusuga/.m2/repository/commons-validator/commons-validator/1.7/commons-validator-1.7.jar:/Users/cesarriosusuga/.m2/repository/commons-digester/commons-digester/2.1/commons-digester-2.1.jar:/Users/cesarriosusuga/.m2/repository/org/apache/groovy/groovy/4.0.6/groovy-4.0.6.jar:/Users/cesarriosusuga/.m2/repository/net/sf/opencsv/opencsv/2.0/opencsv-2.0.jar:/Users/cesarriosusuga/.m2/repository/commons-beanutils/commons-beanutils/1.9.4/commons-beanutils-1.9.4.jar:/Users/cesarriosusuga/.m2/repository/org/apache/commons/commons-lang3/3.12.0/commons-lang3-3.12.0.jar:/Users/cesarriosusuga/.m2/repository/commons-collections/commons-collections/3.2.2/commons-collections-3.2.2.jar:/Users/cesarriosusuga/.m2/repository/org/fluentlenium/fluentlenium-core/0.10.2/fluentlenium-core-0.10.2.jar:/Users/cesarriosusuga/.m2/repository/io/github/bonigarcia/webdrivermanager/5.3.0/webdrivermanager-5.3.0.jar:/Users/cesarriosusuga/.m2/repository/com/github/docker-java/docker-java/3.2.13/docker-java-3.2.13.jar:/Users/cesarriosusuga/.m2/repository/com/github/docker-java/docker-java-core/3.2.13/docker-java-core-3.2.13.jar:/Users/cesarriosusuga/.m2/repository/com/github/docker-java/docker-java-api/3.2.13/docker-java-api-3.2.13.jar:/Users/cesarriosusuga/.m2/repository/org/apache/commons/commons-compress/1.21/commons-compress-1.21.jar:/Users/cesarriosusuga/.m2/repository/org/bouncycastle/bcpkix-jdk15on/1.64/bcpkix-jdk15on-1.64.jar:/Users/cesarriosusuga/.m2/repository/org/bouncycastle/bcprov-jdk15on/1.64/bcprov-jdk15on-1.64.jar:/Users/cesarriosusuga/.m2/repository/org/slf4j/jcl-over-slf4j/1.7.30/jcl-over-slf4j-1.7.30.jar:/Users/cesarriosusuga/.m2/repository/com/github/docker-java/docker-java-transport-httpclient5/3.2.13/docker-java-transport-httpclient5-3.2.13.jar:/Users/cesarriosusuga/.m2/repository/com/github/docker-java/docker-java-transport/3.2.13/docker-java-transport-3.2.13.jar:/Users/cesarriosusuga/.m2/repository/net/java/dev/jna/jna/5.8.0/jna-5.8.0.jar:/Users/cesarriosusuga/.m2/repository/org/brotli/dec/0.1.2/dec-0.1.2.jar:/Users/cesarriosusuga/.m2/repository/org/apache/httpcomponents/client5/httpclient5/5.1.3/httpclient5-5.1.3.jar:/Users/cesarriosusuga/.m2/repository/org/apache/httpcomponents/core5/httpcore5/5.1.3/httpcore5-5.1.3.jar:/Users/cesarriosusuga/.m2/repository/org/apache/httpcomponents/core5/httpcore5-h2/5.1.3/httpcore5-h2-5.1.3.jar:/Users/cesarriosusuga/.m2/repository/com/jhlabs/filters/2.0.235/filters-2.0.235.jar:/Users/cesarriosusuga/.m2/repository/com/paulhammant/ngwebdriver/1.1.6/ngwebdriver-1.1.6.jar:/Users/cesarriosusuga/.m2/repository/joda-time/joda-time/2.8.2/joda-time-2.8.2.jar:/Users/cesarriosusuga/.m2/repository/org/hamcrest/hamcrest/2.2/hamcrest-2.2.jar:/Users/cesarriosusuga/.m2/repository/com/google/jimfs/jimfs/1.2/jimfs-1.2.jar:/Users/cesarriosusuga/.m2/repository/org/mockito/mockito-core/3.3.3/mockito-core-3.3.3.jar:/Users/cesarriosusuga/.m2/repository/javax/xml/bind/jaxb-api/2.3.1/jaxb-api-2.3.1.jar:/Users/cesarriosusuga/.m2/repository/javax/activation/javax.activation-api/1.2.0/javax.activation-api-1.2.0.jar:/Users/cesarriosusuga/.m2/repository/com/sun/xml/bind/jaxb-core/2.3.0.1/jaxb-core-2.3.0.1.jar:/Users/cesarriosusuga/.m2/repository/com/sun/xml/bind/jaxb-impl/2.3.3/jaxb-impl-2.3.3.jar:/Users/cesarriosusuga/.m2/repository/jakarta/xml/bind/jakarta.xml.bind-api/2.3.3/jakarta.xml.bind-api-2.3.3.jar:/Users/cesarriosusuga/.m2/repository/com/sun/activation/jakarta.activation/1.2.2/jakarta.activation-1.2.2.jar:/Users/cesarriosusuga/.m2/repository/javax/activation/activation/1.1.1/activation-1.1.1.jar:/Users/cesarriosusuga/.m2/repository/net/serenity-bdd/serenity-cucumber/3.6.12/serenity-cucumber-3.6.12.jar:/Users/cesarriosusuga/.m2/repository/net/serenity-bdd/serenity-screenplay/3.6.12/serenity-screenplay-3.6.12.jar:/Users/cesarriosusuga/.m2/repository/net/serenity-bdd/serenity-screenplay-webdriver/3.6.12/serenity-screenplay-webdriver-3.6.12.jar:/Users/cesarriosusuga/.m2/repository/io/cucumber/cucumber-core/7.11.0/cucumber-core-7.11.0.jar:/Users/cesarriosusuga/.m2/repository/io/cucumber/cucumber-gherkin/7.11.0/cucumber-gherkin-7.11.0.jar:/Users/cesarriosusuga/.m2/repository/io/cucumber/cucumber-gherkin-messages/7.11.0/cucumber-gherkin-messages-7.11.0.jar:/Users/cesarriosusuga/.m2/repository/io/cucumber/gherkin/26.0.3/gherkin-26.0.3.jar:/Users/cesarriosusuga/.m2/repository/io/cucumber/messages/21.0.1/messages-21.0.1.jar:/Users/cesarriosusuga/.m2/repository/io/cucumber/tag-expressions/5.0.1/tag-expressions-5.0.1.jar:/Users/cesarriosusuga/.m2/repository/io/cucumber/cucumber-expressions/16.1.1/cucumber-expressions-16.1.1.jar:/Users/cesarriosusuga/.m2/repository/io/cucumber/datatable/7.11.0/datatable-7.11.0.jar:/Users/cesarriosusuga/.m2/repository/io/cucumber/cucumber-plugin/7.11.0/cucumber-plugin-7.11.0.jar:/Users/cesarriosusuga/.m2/repository/io/cucumber/docstring/7.11.0/docstring-7.11.0.jar:/Users/cesarriosusuga/.m2/repository/io/cucumber/html-formatter/20.2.1/html-formatter-20.2.1.jar:/Users/cesarriosusuga/.m2/repository/io/cucumber/junit-xml-formatter/0.1.0/junit-xml-formatter-0.1.0.jar:/Users/cesarriosusuga/.m2/repository/io/cucumber/ci-environment/9.1.0/ci-environment-9.1.0.jar:/Users/cesarriosusuga/.m2/repository/io/cucumber/cucumber-java/7.11.0/cucumber-java-7.11.0.jar:/Users/cesarriosusuga/.m2/repository/io/cucumber/cucumber-junit/7.11.0/cucumber-junit-7.11.0.jar:/Users/cesarriosusuga/.m2/repository/org/apache/commons/commons-csv/1.5/commons-csv-1.5.jar:/Users/cesarriosusuga/.m2/repository/net/serenity-bdd/serenity-ensure/3.6.12/serenity-ensure-3.6.12.jar:/Users/cesarriosusuga/.m2/repository/net/serenity-bdd/serenity-junit/3.6.12/serenity-junit-3.6.12.jar:/Users/cesarriosusuga/.m2/repository/org/jetbrains/kotlin/kotlin-stdlib/1.7.21/kotlin-stdlib-1.7.21.jar:/Users/cesarriosusuga/.m2/repository/org/jetbrains/kotlin/kotlin-stdlib-common/1.7.21/kotlin-stdlib-common-1.7.21.jar:/Users/cesarriosusuga/.m2/repository/org/jetbrains/annotations/13.0/annotations-13.0.jar:/Users/cesarriosusuga/.m2/repository/org/junit/platform/junit-platform-launcher/1.9.2/junit-platform-launcher-1.9.2.jar:/Users/cesarriosusuga/.m2/repository/org/junit/platform/junit-platform-engine/1.9.2/junit-platform-engine-1.9.2.jar:/Users/cesarriosusuga/.m2/repository/org/opentest4j/opentest4j/1.2.0/opentest4j-1.2.0.jar:/Users/cesarriosusuga/.m2/repository/org/junit/platform/junit-platform-commons/1.9.2/junit-platform-commons-1.9.2.jar:/Users/cesarriosusuga/.m2/repository/org/apiguardian/apiguardian-api/1.1.2/apiguardian-api-1.1.2.jar:/Users/cesarriosusuga/.m2/repository/org/junit/jupiter/junit-jupiter-engine/5.9.2/junit-jupiter-engine-5.9.2.jar:/Users/cesarriosusuga/.m2/repository/org/junit/jupiter/junit-jupiter-api/5.9.2/junit-jupiter-api-5.9.2.jar:/Users/cesarriosusuga/.m2/repository/org/junit/vintage/junit-vintage-engine/5.9.2/junit-vintage-engine-5.9.2.jar:/Users/cesarriosusuga/.m2/repository/junit/junit/4.13.2/junit-4.13.2.jar:/Users/cesarriosusuga/.m2/repository/org/hamcrest/hamcrest-core/1.3/hamcrest-core-1.3.jar:/Users/cesarriosusuga/.m2/repository/ch/qos/logback/logback-classic/1.4.6/logback-classic-1.4.6.jar:/Users/cesarriosusuga/.m2/repository/ch/qos/logback/logback-core/1.4.6/logback-core-1.4.6.jar:/Users/cesarriosusuga/.m2/repository/org/slf4j/slf4j-api/2.0.4/slf4j-api-2.0.4.jar:/Users/cesarriosusuga/.m2/repository/org/assertj/assertj-core/3.24.2/assertj-core-3.24.2.jar:/Users/cesarriosusuga/.m2/repository/net/bytebuddy/byte-buddy/1.12.21/byte-buddy-1.12.21.jar:/Users/cesarriosusuga/.m2/repository/com/fasterxml/jackson/datatype/jackson-datatype-jdk8/2.14.2/jackson-datatype-jdk8-2.14.2.jar:/Users/cesarriosusuga/.m2/repository/net/serenity-bdd/serenity-browserstack/3.6.12/serenity-browserstack-3.6.12.jar:/Users/cesarriosusuga/.m2/repository/org/apache/httpcomponents/httpcore/4.4.15/httpcore-4.4.15.jar:/Users/cesarriosusuga/.m2/repository/com/browserstack/browserstack-local-java/1.0.6/browserstack-local-java-1.0.6.jar:/Users/cesarriosusuga/.m2/repository/org/json/json/20160212/json-20160212.jar:/Users/cesarriosusuga/.m2/repository/org/projectlombok/lombok/1.18.26/lombok-1.18.26.jar:/Users/cesarriosusuga/.m2/repository/org/apache/maven/surefire/surefire-junit-platform/3.0.0-M5/surefire-junit-platform-3.0.0-M5.jar:/Users/cesarriosusuga/.m2/repository/org/apache/maven/surefire/common-java5/3.0.0-M5/common-java5-3.0.0-M5.jar"/>
    <property name="java.protocol.handler.pkgs" value="com.google.common"/>
    <property name="sun.management.compiler" value="HotSpot 64-Bit Tiered Compilers"/>
    <property name="ftp.nonProxyHosts" value="local|*.local|169.254/16|*.169.254/16"/>
    <property name="java.runtime.version" value="18.0.2.1+0"/>
    <property name="user.name" value="cesarriosusuga"/>
    <property name="path.separator" value=":"/>
    <property name="os.version" value="12.2.1"/>
    <property name="java.runtime.name" value="OpenJDK Runtime Environment"/>
    <property name="file.encoding" value="UTF-8"/>
    <property name="java.vm.name" value="OpenJDK 64-Bit Server VM"/>
    <property name="java.vendor.version" value="Homebrew"/>
    <property name="localRepository" value="/Users/cesarriosusuga/.m2/repository"/>
    <property name="java.vendor.url.bug" value="https://github.com/Homebrew/homebrew-core/issues"/>
    <property name="java.io.tmpdir" value="/var/folders/gw/10b72tvn1jlcc0qdxrft6r940000gn/T/"/>
    <property name="java.version" value="18.0.2.1"/>
    <property name="cucumber.filter.tags" value="@Conduit"/>
    <property name="user.dir" value="/Users/cesarriosusuga/Desktop/CencoPay-Automation-Mobile"/>
    <property name="os.arch" value="aarch64"/>
    <property name="java.vm.specification.name" value="Java Virtual Machine Specification"/>
    <property name="enableSerenity" value="true"/>
    <property name="native.encoding" value="UTF-8"/>
    <property name="java.library.path" value="/Users/cesarriosusuga/Library/Java/Extensions:/Library/Java/Extensions:/Network/Library/Java/Extensions:/System/Library/Java/Extensions:/usr/lib/java:."/>
    <property name="java.vm.info" value="mixed mode"/>
    <property name="java.vendor" value="Homebrew"/>
    <property name="appium.hub" value="https://cesarstevenriosu_Z5kft8:X2vgXh3LFto9sDxURbwP@hub-cloud.browserstack.com/wd/hub"/>
    <property name="testPlatform" value="android"/>
    <property name="java.vm.version" value="18.0.2.1+0"/>
    <property name="sun.io.unicode.encoding" value="UnicodeBig"/>
    <property name="socksNonProxyHosts" value="local|*.local|169.254/16|*.169.254/16"/>
    <property name="java.class.version" value="62.0"/>
    <property name="properties" value="./serenity.browserstack.android.properties"/>
  </properties>
  <testcase name="Validate successful login" classname="successful login" time="128.644">
    <error type="org.openqa.selenium.TimeoutException"><![CDATA[org.openqa.selenium.TimeoutException: 
Expected condition failed: waiting for net.serenitybdd.core.pages.RenderedPageObjectView$$Lambda$1245/0x0000000300c35a18@3b58d05f (tried for 70 second(s) with 50 milliseconds interval)
Build info: version: '4.8.0', revision: '267030adea'
System info: os.name: 'Mac OS X', os.arch: 'aarch64', os.version: '12.2.1', java.version: '18.0.2.1'
Driver info: driver.version: unknown
]]></error>
    <system-out><![CDATA[01:53:41.594 [main] DEBUG net.thucydides.core.guice.Injectors -- Created injector for module net.thucydides.core.guice.ThucydidesModule
01:53:41.686 [main] INFO io.cucumber.core.plugin.SerenityReporter -- Running feature from file:///Users/cesarriosusuga/Desktop/CencoPay-Automation-Mobile/src/test/resources/features/conduit.feature
01:53:41.738 [main] DEBUG net.thucydides.core.guice.Injectors -- Created injector for module net.thucydides.core.guice.webdriver.WebDriverModule
01:53:41.744 [main] INFO  -- &amp#27;[96m

-------------------------------------------------------------------------------------
     _______. _______ .______       _______ .__   __.  __  .___________.____    ____ 
    /       ||   ____||   _  \     |   ____||  \ |  | |  | |           |\   \  /   / 
   |   (----`|  |__   |  |_)  |    |  |__   |   \|  | |  | `---|  |----` \   \/   /  
    \   \    |   __|  |      /     |   __|  |  . `  | |  |     |  |       \_    _/   
.----)   |   |  |____ |  |\  \----.|  |____ |  |\   | |  |     |  |         |  |     
|_______/    |_______|| _| `._____||_______||__| \__| |__|     |__|         |__|    
                                                                                     
 News and tutorials at http://www.serenity-bdd.info                                  
 Documentation at https://wakaleo.gitbooks.io/the-serenity-book/content/             
 Join the Serenity Community on Gitter: https://gitter.im/serenity-bdd/serenity-core 
 Serenity BDD Support and Training at http://serenity-bdd.info/#/trainingandsupport  
-------------------------------------------------------------------------------------
&amp#27;[0m
01:53:41.745 [main] DEBUG net.thucydides.core.steps.StepEventBus -- Test suite started for story net.thucydides.core.model.Story@dee25350
01:53:41.745 [main] INFO  -- Test Suite Started: successful login
01:53:41.752 [main] INFO io.cucumber.core.plugin.SerenityReporter -- Running feature from file:///Users/cesarriosusuga/Desktop/CencoPay-Automation-Mobile/src/test/resources/features/conduit.feature
01:53:41.754 [main] DEBUG net.thucydides.core.steps.StepEventBus -- Test suite started for story net.thucydides.core.model.Story@dee25350
01:53:41.754 [main] INFO  -- Test Suite Started: successful login

@Conduit @HappyPath
Scenario: Validate successful login                              &amp#27;[90m# src/test/resources/features/conduit.feature:8&amp#27;[0m
01:53:41.791 [main] INFO io.cucumber.core.plugin.SerenityReporter -- Running feature from file:///Users/cesarriosusuga/Desktop/CencoPay-Automation-Mobile/src/test/resources/features/conduit.feature
01:53:41.878 [main] INFO  -- 
  _____   ___   ___   _____     ___   _____     _     ___   _____   ___   ___  
 |_   _| | __| / __| |_   _|   / __| |_   _|   /_\   | _ \ |_   _| | __| |   \ 
   | |   | _|  \__ \   | |     \__ \   | |    / _ \  |   /   | |   | _|  | |) |
   |_|   |___| |___/   |_|     |___/   |_|   /_/ \_\ |_|_\   |_|   |___| |___/ 

Validate successful login(successful-login;validate-successful-login)
--------------------------------------------------------------------------------
01:53:42.504 [main] DEBUG net.thucydides.core.reflection.ClassFinder -- Could not load class META-INF.versions.9.com.sun.istack.logging.StackHelper
01:53:42.504 [main] DEBUG net.thucydides.core.reflection.ClassFinder -- Could not load class META-INF.versions.9.com.sun.xml.bind.v2.runtime.reflect.opt.AccessorInjector
01:53:42.504 [main] DEBUG net.thucydides.core.reflection.ClassFinder -- Could not load class META-INF.versions.9.com.sun.xml.bind.v2.runtime.reflect.opt.Injector
01:53:42.505 [main] DEBUG net.thucydides.core.reflection.ClassFinder -- Could not load class META-INF.versions.9.com.sun.xml.bind.v2.runtime.reflect.opt.OptimizedAccessorFactory
01:53:42.505 [main] DEBUG net.thucydides.core.reflection.ClassFinder -- Could not load class META-INF.versions.9.com.sun.xml.bind.v2.runtime.reflect.opt.OptimizedTransducedAccessorFactory
01:53:42.505 [main] DEBUG net.thucydides.core.reflection.ClassFinder -- Could not load class META-INF.versions.9.io.opentelemetry.sdk.internal.CurrentJavaVersionSpecific
01:53:42.505 [main] DEBUG net.thucydides.core.reflection.ClassFinder -- Could not load class META-INF.versions.9.io.opentelemetry.sdk.internal.Java9VersionSpecific
01:53:42.505 [main] DEBUG net.thucydides.core.reflection.ClassFinder -- Could not load class META-INF.versions.9.javax.xml.bind.ModuleUtil
01:53:42.505 [main] DEBUG net.thucydides.core.reflection.ClassFinder -- Could not load class META-INF.versions.9.module-info
01:53:42.506 [main] DEBUG net.thucydides.core.reflection.ClassFinder -- Could not load class META-INF.versions.9.org.junit.platform.commons.util.ModuleUtils
01:53:42.633 [main] DEBUG net.thucydides.core.reflection.ClassFinder -- Could not load class com.google.gson.internal.
01:53:42.684 [main] DEBUG net.thucydides.core.reflection.ClassFinder -- Could not load class com.sun.xml.bind.v2.runtime.output.FastInfosetStreamWriterOutput
01:53:42.800 [main] DEBUG net.thucydides.core.reflection.ClassFinder -- Could not load class module-info
01:53:43.997 [main] DEBUG io.netty.util.internal.logging.InternalLoggerFactory -- Using SLF4J as the default logging framework
01:53:43.999 [main] DEBUG io.netty.util.ResourceLeakDetector -- -Dio.netty.leakDetection.level: simple
01:53:43.999 [main] DEBUG io.netty.util.ResourceLeakDetector -- -Dio.netty.leakDetection.targetRecords: 4
01:53:44.001 [main] DEBUG io.netty.util.ResourceLeakDetectorFactory -- Loaded default ResourceLeakDetector: io.netty.util.ResourceLeakDetector@dcf495c
01:53:44.017 [main] DEBUG io.netty.util.internal.PlatformDependent0 -- -Dio.netty.noUnsafe: false
01:53:44.017 [main] DEBUG io.netty.util.internal.PlatformDependent0 -- Java version: 18
01:53:44.017 [main] DEBUG io.netty.util.internal.PlatformDependent0 -- sun.misc.Unsafe.theUnsafe: available
01:53:44.018 [main] DEBUG io.netty.util.internal.PlatformDependent0 -- sun.misc.Unsafe.copyMemory: available
01:53:44.018 [main] DEBUG io.netty.util.internal.PlatformDependent0 -- sun.misc.Unsafe.storeFence: available
01:53:44.018 [main] DEBUG io.netty.util.internal.PlatformDependent0 -- java.nio.Buffer.address: available
01:53:44.018 [main] DEBUG io.netty.util.internal.PlatformDependent0 -- direct buffer constructor: unavailable: Reflective setAccessible(true) disabled
01:53:44.018 [main] DEBUG io.netty.util.internal.PlatformDependent0 -- java.nio.Bits.unaligned: available, true
01:53:44.019 [main] DEBUG io.netty.util.internal.PlatformDependent0 -- jdk.internal.misc.Unsafe.allocateUninitializedArray(int): unavailable: class io.netty.util.internal.PlatformDependent0$7 cannot access class jdk.internal.misc.Unsafe (in module java.base) because module java.base does not export jdk.internal.misc to unnamed module @58ea606c
01:53:44.022 [main] DEBUG io.netty.util.internal.PlatformDependent0 -- java.nio.DirectByteBuffer.<init>(long, int): unavailable
01:53:44.022 [main] DEBUG io.netty.util.internal.PlatformDependent -- sun.misc.Unsafe: available
01:53:44.024 [main] DEBUG io.netty.util.internal.PlatformDependent -- maxDirectMemory: 2147483648 bytes (maybe)
01:53:44.024 [main] DEBUG io.netty.util.internal.PlatformDependent -- -Dio.netty.tmpdir: /var/folders/gw/10b72tvn1jlcc0qdxrft6r940000gn/T (java.io.tmpdir)
01:53:44.024 [main] DEBUG io.netty.util.internal.PlatformDependent -- -Dio.netty.bitMode: 64 (sun.arch.data.model)
01:53:44.025 [main] DEBUG io.netty.util.internal.PlatformDependent -- Platform: MacOS
01:53:44.025 [main] DEBUG io.netty.util.internal.PlatformDependent -- -Dio.netty.maxDirectMemory: -1 bytes
01:53:44.025 [main] DEBUG io.netty.util.internal.PlatformDependent -- -Dio.netty.uninitializedArrayAllocationThreshold: -1
01:53:44.026 [main] DEBUG io.netty.util.internal.CleanerJava9 -- java.nio.ByteBuffer.cleaner(): available
01:53:44.026 [main] DEBUG io.netty.util.internal.PlatformDependent -- -Dio.netty.noPreferDirect: false
01:53:44.029 [main] DEBUG io.netty.util.internal.PlatformDependent -- org.jctools-core.MpscChunkedArrayQueue: available
01:53:44.041 [main] DEBUG io.netty.util.internal.InternalThreadLocalMap -- -Dio.netty.threadLocalMap.stringBuilder.initialSize: 1024
01:53:44.041 [main] DEBUG io.netty.util.internal.InternalThreadLocalMap -- -Dio.netty.threadLocalMap.stringBuilder.maxSize: 4096
01:53:44.114 [main] DEBUG io.netty.handler.ssl.JdkSslContext -- Default protocols (JDK): [TLSv1.3, TLSv1.2] 
01:53:44.114 [main] DEBUG io.netty.handler.ssl.JdkSslContext -- Default cipher suites (JDK): [TLS_ECDHE_ECDSA_WITH_AES_256_GCM_SHA384, TLS_ECDHE_ECDSA_WITH_AES_128_GCM_SHA256, TLS_ECDHE_RSA_WITH_AES_128_GCM_SHA256, TLS_ECDHE_RSA_WITH_AES_256_GCM_SHA384, TLS_ECDHE_RSA_WITH_AES_128_CBC_SHA, TLS_ECDHE_RSA_WITH_AES_256_CBC_SHA, TLS_RSA_WITH_AES_128_GCM_SHA256, TLS_RSA_WITH_AES_128_CBC_SHA, TLS_RSA_WITH_AES_256_CBC_SHA, TLS_AES_128_GCM_SHA256, TLS_AES_256_GCM_SHA384]
01:53:44.123 [main] DEBUG io.netty.channel.MultithreadEventLoopGroup -- -Dio.netty.eventLoopThreads: 16
01:53:44.127 [main] DEBUG io.netty.channel.nio.NioEventLoop -- -Dio.netty.noKeySetOptimization: false
01:53:44.127 [main] DEBUG io.netty.channel.nio.NioEventLoop -- -Dio.netty.selectorAutoRebuildThreshold: 512
01:53:44.139 [main] DEBUG io.netty.buffer.PooledByteBufAllocator -- -Dio.netty.allocator.numHeapArenas: 16
01:53:44.139 [main] DEBUG io.netty.buffer.PooledByteBufAllocator -- -Dio.netty.allocator.numDirectArenas: 16
01:53:44.139 [main] DEBUG io.netty.buffer.PooledByteBufAllocator -- -Dio.netty.allocator.pageSize: 8192
01:53:44.139 [main] DEBUG io.netty.buffer.PooledByteBufAllocator -- -Dio.netty.allocator.maxOrder: 9
01:53:44.139 [main] DEBUG io.netty.buffer.PooledByteBufAllocator -- -Dio.netty.allocator.chunkSize: 4194304
01:53:44.139 [main] DEBUG io.netty.buffer.PooledByteBufAllocator -- -Dio.netty.allocator.smallCacheSize: 256
01:53:44.139 [main] DEBUG io.netty.buffer.PooledByteBufAllocator -- -Dio.netty.allocator.normalCacheSize: 64
01:53:44.139 [main] DEBUG io.netty.buffer.PooledByteBufAllocator -- -Dio.netty.allocator.maxCachedBufferCapacity: 32768
01:53:44.139 [main] DEBUG io.netty.buffer.PooledByteBufAllocator -- -Dio.netty.allocator.cacheTrimInterval: 8192
01:53:44.139 [main] DEBUG io.netty.buffer.PooledByteBufAllocator -- -Dio.netty.allocator.cacheTrimIntervalMillis: 0
01:53:44.139 [main] DEBUG io.netty.buffer.PooledByteBufAllocator -- -Dio.netty.allocator.useCacheForAllThreads: false
01:53:44.139 [main] DEBUG io.netty.buffer.PooledByteBufAllocator -- -Dio.netty.allocator.maxCachedByteBuffersPerChunk: 1023
01:53:44.143 [main] DEBUG io.netty.buffer.ByteBufUtil -- -Dio.netty.allocator.type: pooled
01:53:44.143 [main] DEBUG io.netty.buffer.ByteBufUtil -- -Dio.netty.threadLocalDirectBufferSize: 0
01:53:44.143 [main] DEBUG io.netty.buffer.ByteBufUtil -- -Dio.netty.maxThreadLocalCharBufferSize: 16384
01:53:44.320 [Forwarding newSession on session null to remote] DEBUG io.netty.channel.DefaultChannelId -- -Dio.netty.processId: 36570 (auto-detected)
01:53:44.321 [Forwarding newSession on session null to remote] DEBUG io.netty.util.NetUtil -- -Djava.net.preferIPv4Stack: false
01:53:44.321 [Forwarding newSession on session null to remote] DEBUG io.netty.util.NetUtil -- -Djava.net.preferIPv6Addresses: false
01:53:44.323 [Forwarding newSession on session null to remote] DEBUG io.netty.util.NetUtilInitializations -- Loopback interface: lo0 (lo0, 0:0:0:0:0:0:0:1%lo0)
01:53:44.324 [Forwarding newSession on session null to remote] DEBUG io.netty.util.NetUtil -- Failed to get SOMAXCONN from sysctl and file /proc/sys/net/core/somaxconn. Default: 128
01:53:44.324 [Forwarding newSession on session null to remote] DEBUG io.netty.channel.DefaultChannelId -- -Dio.netty.machineId: 3c:06:30:ff:fe:15:d0:4c (auto-detected)
01:53:44.342 [AsyncHttpClient-1-2] DEBUG io.netty.buffer.AbstractByteBuf -- -Dio.netty.buffer.checkAccessible: true
01:53:44.343 [AsyncHttpClient-1-2] DEBUG io.netty.buffer.AbstractByteBuf -- -Dio.netty.buffer.checkBounds: true
01:53:44.343 [AsyncHttpClient-1-2] DEBUG io.netty.util.ResourceLeakDetectorFactory -- Loaded default ResourceLeakDetector: io.netty.util.ResourceLeakDetector@ade46b9
01:53:44.441 [AsyncHttpClient-1-2] DEBUG io.netty.util.Recycler -- -Dio.netty.recycler.maxCapacityPerThread: 4096
01:53:44.441 [AsyncHttpClient-1-2] DEBUG io.netty.util.Recycler -- -Dio.netty.recycler.ratio: 8
01:53:44.441 [AsyncHttpClient-1-2] DEBUG io.netty.util.Recycler -- -Dio.netty.recycler.chunkSize: 32
01:53:44.441 [AsyncHttpClient-1-2] DEBUG io.netty.util.Recycler -- -Dio.netty.recycler.blocking: false
01:53:44.555 [AsyncHttpClient-1-2] DEBUG io.netty.handler.ssl.util.InsecureTrustManagerFactory -- Accepting a server certificate: CN=*.browserstack.com
01:53:44.656 [AsyncHttpClient-1-2] DEBUG org.asynchttpclient.netty.channel.NettyConnectListener -- Using new Channel '[id: 0x3ece9f08, L:/192.168.1.60:63594 - R:hub-cloud.browserstack.com/207.254.8.9:443]' for 'POST' to '/wd/hub/session'
01:53:44.665 [AsyncHttpClient-1-2] DEBUG io.netty.handler.ssl.SslHandler -- [id: 0x3ece9f08, L:/192.168.1.60:63594 - R:hub-cloud.browserstack.com/207.254.8.9:443] HANDSHAKEN: protocol:TLSv1.2 cipher suite:TLS_ECDHE_RSA_WITH_AES_128_GCM_SHA256
01:54:02.458 [AsyncHttpClient-1-2] DEBUG io.netty.handler.codec.compression.Brotli -- brotli4j not in the classpath; Brotli support will be unavailable.
01:54:02.465 [AsyncHttpClient-1-2] DEBUG org.asynchttpclient.netty.handler.HttpHandler -- 

Request DefaultHttpRequest(decodeResult: success, version: HTTP/1.1)
POST /wd/hub/session HTTP/1.1
X-Idempotency-Key: f1d94570-c371-485f-a938-e85647de83eb
User-Agent: appium/8.3.0 (selenium/4.8.0 (java mac))
Content-Length: 633
Content-Type: application/json; charset=utf-8
host: hub-cloud.browserstack.com
authorization: Basic Y2VzYXJzdGV2ZW5yaW9zdV9aNWtmdDg6WDJ2Z1hoM0xGdG85c0R4VVJid1A=
accept: */*

Response DefaultHttpResponse(decodeResult: success, version: HTTP/1.1)
HTTP/1.1 200 OK
Server: nginx
Date: Mon, 05 Jun 2023 06:54:02 GMT
Content-Type: application/json; charset=utf-8
Transfer-Encoding: chunked
Connection: keep-alive
Source-From: 02
cache-control: no-cache

01:54:02.476 [AsyncHttpClient-1-2] DEBUG org.asynchttpclient.netty.channel.ChannelManager -- Adding key: https://hub-cloud.browserstack.com:443 for channel [id: 0x3ece9f08, L:/192.168.1.60:63594 - R:hub-cloud.browserstack.com/207.254.8.9:443]
01:54:02.532 [Forwarding setTimeout on session da647b3d1e66fd1dd37a67a376ea43f20167d90e to remote] DEBUG org.asynchttpclient.netty.request.NettyRequestSender -- Using pooled Channel '[id: 0x3ece9f08, L:/192.168.1.60:63594 - R:hub-cloud.browserstack.com/207.254.8.9:443]' for 'POST' to 'https://cesarstevenriosu_Z5kft8:X2vgXh3LFto9sDxURbwP@hub-cloud.browserstack.com/wd/hub/session/da647b3d1e66fd1dd37a67a376ea43f20167d90e/timeouts'
01:54:02.532 [Forwarding setTimeout on session da647b3d1e66fd1dd37a67a376ea43f20167d90e to remote] DEBUG org.asynchttpclient.netty.request.NettyRequestSender -- Using open Channel [id: 0x3ece9f08, L:/192.168.1.60:63594 - R:hub-cloud.browserstack.com/207.254.8.9:443] for POST '/wd/hub/session/da647b3d1e66fd1dd37a67a376ea43f20167d90e/timeouts'
01:54:02.681 [AsyncHttpClient-1-2] DEBUG org.asynchttpclient.netty.handler.HttpHandler -- 

Request DefaultHttpRequest(decodeResult: success, version: HTTP/1.1)
POST /wd/hub/session/da647b3d1e66fd1dd37a67a376ea43f20167d90e/timeouts HTTP/1.1
User-Agent: appium/8.3.0 (selenium/4.8.0 (java mac))
Content-Length: 23
Content-Type: application/json; charset=utf-8
host: hub-cloud.browserstack.com
authorization: Basic Y2VzYXJzdGV2ZW5yaW9zdV9aNWtmdDg6WDJ2Z1hoM0xGdG85c0R4VVJid1A=
accept: */*

Response DefaultHttpResponse(decodeResult: success, version: HTTP/1.1)
HTTP/1.1 200 OK
Server: nginx
Date: Mon, 05 Jun 2023 06:54:02 GMT
Content-Type: application/json; charset=utf-8
Content-Length: 14
Connection: keep-alive
Source-From: 02
x-powered-by: Express
vary: X-HTTP-Method-Override
etag: W/"e-9/1BuKMgFObM1mWJm+YjxtXJnUM"

01:54:02.684 [AsyncHttpClient-1-2] DEBUG org.asynchttpclient.netty.channel.ChannelManager -- Adding key: https://hub-cloud.browserstack.com:443 for channel [id: 0x3ece9f08, L:/192.168.1.60:63594 - R:hub-cloud.browserstack.com/207.254.8.9:443]
01:54:02.735 [AsyncHttpClient-1-1] DEBUG org.asynchttpclient.netty.channel.DefaultChannelPool -- Entry count for : https://hub-cloud.browserstack.com:443 : 1
01:54:02.741 [Forwarding executeScript on session da647b3d1e66fd1dd37a67a376ea43f20167d90e to remote] DEBUG org.asynchttpclient.netty.request.NettyRequestSender -- Using pooled Channel '[id: 0x3ece9f08, L:/192.168.1.60:63594 - R:hub-cloud.browserstack.com/207.254.8.9:443]' for 'POST' to 'https://cesarstevenriosu_Z5kft8:X2vgXh3LFto9sDxURbwP@hub-cloud.browserstack.com/wd/hub/session/da647b3d1e66fd1dd37a67a376ea43f20167d90e/execute/sync'
01:54:02.741 [Forwarding executeScript on session da647b3d1e66fd1dd37a67a376ea43f20167d90e to remote] DEBUG org.asynchttpclient.netty.request.NettyRequestSender -- Using open Channel [id: 0x3ece9f08, L:/192.168.1.60:63594 - R:hub-cloud.browserstack.com/207.254.8.9:443] for POST '/wd/hub/session/da647b3d1e66fd1dd37a67a376ea43f20167d90e/execute/sync'
01:54:03.283 [AsyncHttpClient-1-2] DEBUG org.asynchttpclient.netty.handler.HttpHandler -- 

Request DefaultHttpRequest(decodeResult: success, version: HTTP/1.1)
POST /wd/hub/session/da647b3d1e66fd1dd37a67a376ea43f20167d90e/execute/sync HTTP/1.1
User-Agent: appium/8.3.0 (selenium/4.8.0 (java mac))
Content-Length: 158
Content-Type: application/json; charset=utf-8
host: hub-cloud.browserstack.com
authorization: Basic Y2VzYXJzdGV2ZW5yaW9zdV9aNWtmdDg6WDJ2Z1hoM0xGdG85c0R4VVJid1A=
accept: */*

Response DefaultHttpResponse(decodeResult: success, version: HTTP/1.1)
HTTP/1.1 200 OK
Server: nginx
Date: Mon, 05 Jun 2023 06:54:03 GMT
Content-Type: application/json; charset=utf-8
Transfer-Encoding: chunked
Connection: keep-alive
Source-From: 02
cache-control: no-cache

01:54:03.283 [AsyncHttpClient-1-2] DEBUG org.asynchttpclient.netty.channel.ChannelManager -- Adding key: https://hub-cloud.browserstack.com:443 for channel [id: 0x3ece9f08, L:/192.168.1.60:63594 - R:hub-cloud.browserstack.com/207.254.8.9:443]
01:54:03.344 [main] DEBUG net.serenitybdd.core.photography.Darkroom -- Opening darkroom
01:54:03.345 [Darkroom Processing Line] DEBUG net.serenitybdd.core.photography.DarkroomProcessingLine -- Darkroom processing line starting up
01:54:03.347 [Forwarding screenshot on session da647b3d1e66fd1dd37a67a376ea43f20167d90e to remote] DEBUG org.asynchttpclient.netty.request.NettyRequestSender -- Using pooled Channel '[id: 0x3ece9f08, L:/192.168.1.60:63594 - R:hub-cloud.browserstack.com/207.254.8.9:443]' for 'GET' to 'https://cesarstevenriosu_Z5kft8:X2vgXh3LFto9sDxURbwP@hub-cloud.browserstack.com/wd/hub/session/da647b3d1e66fd1dd37a67a376ea43f20167d90e/screenshot'
01:54:03.347 [Forwarding screenshot on session da647b3d1e66fd1dd37a67a376ea43f20167d90e to remote] DEBUG org.asynchttpclient.netty.request.NettyRequestSender -- Using open Channel [id: 0x3ece9f08, L:/192.168.1.60:63594 - R:hub-cloud.browserstack.com/207.254.8.9:443] for GET '/wd/hub/session/da647b3d1e66fd1dd37a67a376ea43f20167d90e/screenshot'
01:54:03.881 [AsyncHttpClient-1-2] DEBUG org.asynchttpclient.netty.handler.HttpHandler -- 

Request DefaultFullHttpRequest(decodeResult: success, version: HTTP/1.1, content: EmptyByteBufBE)
GET /wd/hub/session/da647b3d1e66fd1dd37a67a376ea43f20167d90e/screenshot HTTP/1.1
User-Agent: appium/8.3.0 (selenium/4.8.0 (java mac))
Cache-Control: no-cache
Content-Type: application/json; charset=utf-8
host: hub-cloud.browserstack.com
authorization: Basic Y2VzYXJzdGV2ZW5yaW9zdV9aNWtmdDg6WDJ2Z1hoM0xGdG85c0R4VVJid1A=
accept: */*

Response DefaultHttpResponse(decodeResult: success, version: HTTP/1.1)
HTTP/1.1 200 OK
Server: nginx
Date: Mon, 05 Jun 2023 06:54:03 GMT
Content-Type: application/json; charset=utf-8
Content-Length: 65016
Connection: keep-alive
Source-From: 02
x-powered-by: Express
etag: W/"fdf8-l1bhpylhUVRFrTLuD7w02vGsaCo"

01:54:04.025 [AsyncHttpClient-1-2] DEBUG org.asynchttpclient.netty.channel.ChannelManager -- Adding key: https://hub-cloud.browserstack.com:443 for channel [id: 0x3ece9f08, L:/192.168.1.60:63594 - R:hub-cloud.browserstack.com/207.254.8.9:443]
01:54:04.079 [main] DEBUG net.serenitybdd.core.photography.Darkroom -- Send negative for processing for target/site/serenity/4997c2ee1a081b2923d5ac1596d479ebc667a72a4666139fcc2defa22cb61bb6.png
01:54:04.079 [Darkroom Processing Line] DEBUG net.serenitybdd.core.photography.DarkroomProcessingLine -- Processing screenshot image in /var/screenshots/screenshot-2478555510939457471
01:54:04.079 [Darkroom Processing Line] DEBUG net.serenitybdd.core.photography.DarkroomProcessingLine -- Saving screenshot to target/site/serenity/4997c2ee1a081b2923d5ac1596d479ebc667a72a4666139fcc2defa22cb61bb6.png
01:54:04.081 [Forwarding getPageSource on session da647b3d1e66fd1dd37a67a376ea43f20167d90e to remote] DEBUG org.asynchttpclient.netty.request.NettyRequestSender -- Using pooled Channel '[id: 0x3ece9f08, L:/192.168.1.60:63594 - R:hub-cloud.browserstack.com/207.254.8.9:443]' for 'GET' to 'https://cesarstevenriosu_Z5kft8:X2vgXh3LFto9sDxURbwP@hub-cloud.browserstack.com/wd/hub/session/da647b3d1e66fd1dd37a67a376ea43f20167d90e/source'
01:54:04.081 [Forwarding getPageSource on session da647b3d1e66fd1dd37a67a376ea43f20167d90e to remote] DEBUG org.asynchttpclient.netty.request.NettyRequestSender -- Using open Channel [id: 0x3ece9f08, L:/192.168.1.60:63594 - R:hub-cloud.browserstack.com/207.254.8.9:443] for GET '/wd/hub/session/da647b3d1e66fd1dd37a67a376ea43f20167d90e/source'
01:54:04.451 [AsyncHttpClient-1-2] DEBUG org.asynchttpclient.netty.handler.HttpHandler -- 

Request DefaultFullHttpRequest(decodeResult: success, version: HTTP/1.1, content: EmptyByteBufBE)
GET /wd/hub/session/da647b3d1e66fd1dd37a67a376ea43f20167d90e/source HTTP/1.1
User-Agent: appium/8.3.0 (selenium/4.8.0 (java mac))
Cache-Control: no-cache
Content-Type: application/json; charset=utf-8
host: hub-cloud.browserstack.com
authorization: Basic Y2VzYXJzdGV2ZW5yaW9zdV9aNWtmdDg6WDJ2Z1hoM0xGdG85c0R4VVJid1A=
accept: */*

Response DefaultHttpResponse(decodeResult: success, version: HTTP/1.1)
HTTP/1.1 200 OK
Server: nginx
Date: Mon, 05 Jun 2023 06:54:04 GMT
Content-Type: application/json; charset=utf-8
Content-Length: 20065
Connection: keep-alive
Source-From: 02
x-powered-by: Express
etag: W/"4e5d-StacmN8pXVq6BYImbtKUbquXXBM"

01:54:04.454 [AsyncHttpClient-1-2] DEBUG org.asynchttpclient.netty.channel.ChannelManager -- Adding key: https://hub-cloud.browserstack.com:443 for channel [id: 0x3ece9f08, L:/192.168.1.60:63594 - R:hub-cloud.browserstack.com/207.254.8.9:443]
01:54:04.567 [Forwarding screenshot on session da647b3d1e66fd1dd37a67a376ea43f20167d90e to remote] DEBUG org.asynchttpclient.netty.request.NettyRequestSender -- Using pooled Channel '[id: 0x3ece9f08, L:/192.168.1.60:63594 - R:hub-cloud.browserstack.com/207.254.8.9:443]' for 'GET' to 'https://cesarstevenriosu_Z5kft8:X2vgXh3LFto9sDxURbwP@hub-cloud.browserstack.com/wd/hub/session/da647b3d1e66fd1dd37a67a376ea43f20167d90e/screenshot'
01:54:04.567 [Forwarding screenshot on session da647b3d1e66fd1dd37a67a376ea43f20167d90e to remote] DEBUG org.asynchttpclient.netty.request.NettyRequestSender -- Using open Channel [id: 0x3ece9f08, L:/192.168.1.60:63594 - R:hub-cloud.browserstack.com/207.254.8.9:443] for GET '/wd/hub/session/da647b3d1e66fd1dd37a67a376ea43f20167d90e/screenshot'
01:54:05.008 [AsyncHttpClient-1-2] DEBUG org.asynchttpclient.netty.handler.HttpHandler -- 

Request DefaultFullHttpRequest(decodeResult: success, version: HTTP/1.1, content: EmptyByteBufBE)
GET /wd/hub/session/da647b3d1e66fd1dd37a67a376ea43f20167d90e/screenshot HTTP/1.1
User-Agent: appium/8.3.0 (selenium/4.8.0 (java mac))
Cache-Control: no-cache
Content-Type: application/json; charset=utf-8
host: hub-cloud.browserstack.com
authorization: Basic Y2VzYXJzdGV2ZW5yaW9zdV9aNWtmdDg6WDJ2Z1hoM0xGdG85c0R4VVJid1A=
accept: */*

Response DefaultHttpResponse(decodeResult: success, version: HTTP/1.1)
HTTP/1.1 200 OK
Server: nginx
Date: Mon, 05 Jun 2023 06:54:05 GMT
Content-Type: application/json; charset=utf-8
Content-Length: 66534
Connection: keep-alive
Source-From: 02
x-powered-by: Express
etag: W/"103e6-nDZAerdqGGe1Yad5vCK4LiT953s"

01:54:05.080 [AsyncHttpClient-1-2] DEBUG org.asynchttpclient.netty.channel.ChannelManager -- Adding key: https://hub-cloud.browserstack.com:443 for channel [id: 0x3ece9f08, L:/192.168.1.60:63594 - R:hub-cloud.browserstack.com/207.254.8.9:443]
01:54:05.089 [main] DEBUG net.serenitybdd.core.photography.Darkroom -- Send negative for processing for target/site/serenity/b04c8010ab0d6362d2d41787604af80e907d21518d133ecadd4f8e7afe73837b.png
01:54:05.089 [Darkroom Processing Line] DEBUG net.serenitybdd.core.photography.DarkroomProcessingLine -- Processing screenshot image in /var/screenshots/screenshot-3838687112482677083
01:54:05.089 [Darkroom Processing Line] DEBUG net.serenitybdd.core.photography.DarkroomProcessingLine -- Saving screenshot to target/site/serenity/b04c8010ab0d6362d2d41787604af80e907d21518d133ecadd4f8e7afe73837b.png
01:54:05.090 [Forwarding getPageSource on session da647b3d1e66fd1dd37a67a376ea43f20167d90e to remote] DEBUG org.asynchttpclient.netty.request.NettyRequestSender -- Using pooled Channel '[id: 0x3ece9f08, L:/192.168.1.60:63594 - R:hub-cloud.browserstack.com/207.254.8.9:443]' for 'GET' to 'https://cesarstevenriosu_Z5kft8:X2vgXh3LFto9sDxURbwP@hub-cloud.browserstack.com/wd/hub/session/da647b3d1e66fd1dd37a67a376ea43f20167d90e/source'
01:54:05.091 [Forwarding getPageSource on session da647b3d1e66fd1dd37a67a376ea43f20167d90e to remote] DEBUG org.asynchttpclient.netty.request.NettyRequestSender -- Using open Channel [id: 0x3ece9f08, L:/192.168.1.60:63594 - R:hub-cloud.browserstack.com/207.254.8.9:443] for GET '/wd/hub/session/da647b3d1e66fd1dd37a67a376ea43f20167d90e/source'
01:54:05.251 [AsyncHttpClient-1-2] DEBUG org.asynchttpclient.netty.handler.HttpHandler -- 

Request DefaultFullHttpRequest(decodeResult: success, version: HTTP/1.1, content: EmptyByteBufBE)
GET /wd/hub/session/da647b3d1e66fd1dd37a67a376ea43f20167d90e/source HTTP/1.1
User-Agent: appium/8.3.0 (selenium/4.8.0 (java mac))
Cache-Control: no-cache
Content-Type: application/json; charset=utf-8
host: hub-cloud.browserstack.com
authorization: Basic Y2VzYXJzdGV2ZW5yaW9zdV9aNWtmdDg6WDJ2Z1hoM0xGdG85c0R4VVJid1A=
accept: */*

Response DefaultHttpResponse(decodeResult: success, version: HTTP/1.1)
HTTP/1.1 200 OK
Server: nginx
Date: Mon, 05 Jun 2023 06:54:05 GMT
Content-Type: application/json; charset=utf-8
Content-Length: 20065
Connection: keep-alive
Source-From: 02
x-powered-by: Express
etag: W/"4e5d-StacmN8pXVq6BYImbtKUbquXXBM"

01:54:05.255 [AsyncHttpClient-1-2] DEBUG org.asynchttpclient.netty.channel.ChannelManager -- Adding key: https://hub-cloud.browserstack.com:443 for channel [id: 0x3ece9f08, L:/192.168.1.60:63594 - R:hub-cloud.browserstack.com/207.254.8.9:443]
01:54:05.267 [main] DEBUG net.thucydides.core.steps.StepInterceptor -- STARTING STEP: SignInDefinitions.goToLoginScreen - goToLoginPage
01:54:05.271 [Forwarding setTimeout on session da647b3d1e66fd1dd37a67a376ea43f20167d90e to remote] DEBUG org.asynchttpclient.netty.request.NettyRequestSender -- Using pooled Channel '[id: 0x3ece9f08, L:/192.168.1.60:63594 - R:hub-cloud.browserstack.com/207.254.8.9:443]' for 'POST' to 'https://cesarstevenriosu_Z5kft8:X2vgXh3LFto9sDxURbwP@hub-cloud.browserstack.com/wd/hub/session/da647b3d1e66fd1dd37a67a376ea43f20167d90e/timeouts'
01:54:05.271 [Forwarding setTimeout on session da647b3d1e66fd1dd37a67a376ea43f20167d90e to remote] DEBUG org.asynchttpclient.netty.request.NettyRequestSender -- Using open Channel [id: 0x3ece9f08, L:/192.168.1.60:63594 - R:hub-cloud.browserstack.com/207.254.8.9:443] for POST '/wd/hub/session/da647b3d1e66fd1dd37a67a376ea43f20167d90e/timeouts'
01:54:05.422 [AsyncHttpClient-1-2] DEBUG org.asynchttpclient.netty.handler.HttpHandler -- 

Request DefaultHttpRequest(decodeResult: success, version: HTTP/1.1)
POST /wd/hub/session/da647b3d1e66fd1dd37a67a376ea43f20167d90e/timeouts HTTP/1.1
User-Agent: appium/8.3.0 (selenium/4.8.0 (java mac))
Content-Length: 19
Content-Type: application/json; charset=utf-8
host: hub-cloud.browserstack.com
authorization: Basic Y2VzYXJzdGV2ZW5yaW9zdV9aNWtmdDg6WDJ2Z1hoM0xGdG85c0R4VVJid1A=
accept: */*

Response DefaultHttpResponse(decodeResult: success, version: HTTP/1.1)
HTTP/1.1 200 OK
Server: nginx
Date: Mon, 05 Jun 2023 06:54:05 GMT
Content-Type: application/json; charset=utf-8
Content-Length: 14
Connection: keep-alive
Source-From: 02
x-powered-by: Express
vary: X-HTTP-Method-Override
etag: W/"e-9/1BuKMgFObM1mWJm+YjxtXJnUM"

01:54:05.422 [AsyncHttpClient-1-2] DEBUG org.asynchttpclient.netty.channel.ChannelManager -- Adding key: https://hub-cloud.browserstack.com:443 for channel [id: 0x3ece9f08, L:/192.168.1.60:63594 - R:hub-cloud.browserstack.com/207.254.8.9:443]
01:54:05.426 [Forwarding findElement on session da647b3d1e66fd1dd37a67a376ea43f20167d90e to remote] DEBUG org.asynchttpclient.netty.request.NettyRequestSender -- Using pooled Channel '[id: 0x3ece9f08, L:/192.168.1.60:63594 - R:hub-cloud.browserstack.com/207.254.8.9:443]' for 'POST' to 'https://cesarstevenriosu_Z5kft8:X2vgXh3LFto9sDxURbwP@hub-cloud.browserstack.com/wd/hub/session/da647b3d1e66fd1dd37a67a376ea43f20167d90e/element'
01:54:05.426 [Forwarding findElement on session da647b3d1e66fd1dd37a67a376ea43f20167d90e to remote] DEBUG org.asynchttpclient.netty.request.NettyRequestSender -- Using open Channel [id: 0x3ece9f08, L:/192.168.1.60:63594 - R:hub-cloud.browserstack.com/207.254.8.9:443] for POST '/wd/hub/session/da647b3d1e66fd1dd37a67a376ea43f20167d90e/element'
01:54:05.820 [AsyncHttpClient-1-2] DEBUG org.asynchttpclient.netty.handler.HttpHandler -- 

Request DefaultHttpRequest(decodeResult: success, version: HTTP/1.1)
POST /wd/hub/session/da647b3d1e66fd1dd37a67a376ea43f20167d90e/element HTTP/1.1
User-Agent: appium/8.3.0 (selenium/4.8.0 (java mac))
Content-Length: 138
Content-Type: application/json; charset=utf-8
host: hub-cloud.browserstack.com
authorization: Basic Y2VzYXJzdGV2ZW5yaW9zdV9aNWtmdDg6WDJ2Z1hoM0xGdG85c0R4VVJid1A=
accept: */*

Response DefaultHttpResponse(decodeResult: success, version: HTTP/1.1)
HTTP/1.1 200 OK
Server: nginx
Date: Mon, 05 Jun 2023 06:54:05 GMT
Content-Type: application/json; charset=utf-8
Content-Length: 137
Connection: keep-alive
Source-From: 02
x-powered-by: Express
vary: X-HTTP-Method-Override
etag: W/"89-ZMn1NWlQLXE6tLYq7g+nF6UapnQ"

01:54:05.821 [AsyncHttpClient-1-2] DEBUG org.asynchttpclient.netty.channel.ChannelManager -- Adding key: https://hub-cloud.browserstack.com:443 for channel [id: 0x3ece9f08, L:/192.168.1.60:63594 - R:hub-cloud.browserstack.com/207.254.8.9:443]
01:54:05.824 [Forwarding setTimeout on session da647b3d1e66fd1dd37a67a376ea43f20167d90e to remote] DEBUG org.asynchttpclient.netty.request.NettyRequestSender -- Using pooled Channel '[id: 0x3ece9f08, L:/192.168.1.60:63594 - R:hub-cloud.browserstack.com/207.254.8.9:443]' for 'POST' to 'https://cesarstevenriosu_Z5kft8:X2vgXh3LFto9sDxURbwP@hub-cloud.browserstack.com/wd/hub/session/da647b3d1e66fd1dd37a67a376ea43f20167d90e/timeouts'
01:54:05.824 [Forwarding setTimeout on session da647b3d1e66fd1dd37a67a376ea43f20167d90e to remote] DEBUG org.asynchttpclient.netty.request.NettyRequestSender -- Using open Channel [id: 0x3ece9f08, L:/192.168.1.60:63594 - R:hub-cloud.browserstack.com/207.254.8.9:443] for POST '/wd/hub/session/da647b3d1e66fd1dd37a67a376ea43f20167d90e/timeouts'
01:54:05.971 [AsyncHttpClient-1-2] DEBUG org.asynchttpclient.netty.handler.HttpHandler -- 

Request DefaultHttpRequest(decodeResult: success, version: HTTP/1.1)
POST /wd/hub/session/da647b3d1e66fd1dd37a67a376ea43f20167d90e/timeouts HTTP/1.1
User-Agent: appium/8.3.0 (selenium/4.8.0 (java mac))
Content-Length: 23
Content-Type: application/json; charset=utf-8
host: hub-cloud.browserstack.com
authorization: Basic Y2VzYXJzdGV2ZW5yaW9zdV9aNWtmdDg6WDJ2Z1hoM0xGdG85c0R4VVJid1A=
accept: */*

Response DefaultHttpResponse(decodeResult: success, version: HTTP/1.1)
HTTP/1.1 200 OK
Server: nginx
Date: Mon, 05 Jun 2023 06:54:06 GMT
Content-Type: application/json; charset=utf-8
Content-Length: 14
Connection: keep-alive
Source-From: 02
x-powered-by: Express
vary: X-HTTP-Method-Override
etag: W/"e-9/1BuKMgFObM1mWJm+YjxtXJnUM"

01:54:05.972 [AsyncHttpClient-1-2] DEBUG org.asynchttpclient.netty.channel.ChannelManager -- Adding key: https://hub-cloud.browserstack.com:443 for channel [id: 0x3ece9f08, L:/192.168.1.60:63594 - R:hub-cloud.browserstack.com/207.254.8.9:443]
01:54:05.984 [Forwarding setTimeout on session da647b3d1e66fd1dd37a67a376ea43f20167d90e to remote] DEBUG org.asynchttpclient.netty.request.NettyRequestSender -- Using pooled Channel '[id: 0x3ece9f08, L:/192.168.1.60:63594 - R:hub-cloud.browserstack.com/207.254.8.9:443]' for 'POST' to 'https://cesarstevenriosu_Z5kft8:X2vgXh3LFto9sDxURbwP@hub-cloud.browserstack.com/wd/hub/session/da647b3d1e66fd1dd37a67a376ea43f20167d90e/timeouts'
01:54:05.984 [Forwarding setTimeout on session da647b3d1e66fd1dd37a67a376ea43f20167d90e to remote] DEBUG org.asynchttpclient.netty.request.NettyRequestSender -- Using open Channel [id: 0x3ece9f08, L:/192.168.1.60:63594 - R:hub-cloud.browserstack.com/207.254.8.9:443] for POST '/wd/hub/session/da647b3d1e66fd1dd37a67a376ea43f20167d90e/timeouts'
01:54:06.088 [AsyncHttpClient-1-2] DEBUG org.asynchttpclient.netty.handler.HttpHandler -- 

Request DefaultHttpRequest(decodeResult: success, version: HTTP/1.1)
POST /wd/hub/session/da647b3d1e66fd1dd37a67a376ea43f20167d90e/timeouts HTTP/1.1
User-Agent: appium/8.3.0 (selenium/4.8.0 (java mac))
Content-Length: 19
Content-Type: application/json; charset=utf-8
host: hub-cloud.browserstack.com
authorization: Basic Y2VzYXJzdGV2ZW5yaW9zdV9aNWtmdDg6WDJ2Z1hoM0xGdG85c0R4VVJid1A=
accept: */*

Response DefaultHttpResponse(decodeResult: success, version: HTTP/1.1)
HTTP/1.1 200 OK
Server: nginx
Date: Mon, 05 Jun 2023 06:54:06 GMT
Content-Type: application/json; charset=utf-8
Content-Length: 14
Connection: keep-alive
Source-From: 02
x-powered-by: Express
vary: X-HTTP-Method-Override
etag: W/"e-9/1BuKMgFObM1mWJm+YjxtXJnUM"

01:54:06.089 [AsyncHttpClient-1-2] DEBUG org.asynchttpclient.netty.channel.ChannelManager -- Adding key: https://hub-cloud.browserstack.com:443 for channel [id: 0x3ece9f08, L:/192.168.1.60:63594 - R:hub-cloud.browserstack.com/207.254.8.9:443]
01:54:06.093 [Forwarding findElement on session da647b3d1e66fd1dd37a67a376ea43f20167d90e to remote] DEBUG org.asynchttpclient.netty.request.NettyRequestSender -- Using pooled Channel '[id: 0x3ece9f08, L:/192.168.1.60:63594 - R:hub-cloud.browserstack.com/207.254.8.9:443]' for 'POST' to 'https://cesarstevenriosu_Z5kft8:X2vgXh3LFto9sDxURbwP@hub-cloud.browserstack.com/wd/hub/session/da647b3d1e66fd1dd37a67a376ea43f20167d90e/element'
01:54:06.093 [Forwarding findElement on session da647b3d1e66fd1dd37a67a376ea43f20167d90e to remote] DEBUG org.asynchttpclient.netty.request.NettyRequestSender -- Using open Channel [id: 0x3ece9f08, L:/192.168.1.60:63594 - R:hub-cloud.browserstack.com/207.254.8.9:443] for POST '/wd/hub/session/da647b3d1e66fd1dd37a67a376ea43f20167d90e/element'
01:54:06.251 [AsyncHttpClient-1-2] DEBUG org.asynchttpclient.netty.handler.HttpHandler -- 

Request DefaultHttpRequest(decodeResult: success, version: HTTP/1.1)
POST /wd/hub/session/da647b3d1e66fd1dd37a67a376ea43f20167d90e/element HTTP/1.1
User-Agent: appium/8.3.0 (selenium/4.8.0 (java mac))
Content-Length: 138
Content-Type: application/json; charset=utf-8
host: hub-cloud.browserstack.com
authorization: Basic Y2VzYXJzdGV2ZW5yaW9zdV9aNWtmdDg6WDJ2Z1hoM0xGdG85c0R4VVJid1A=
accept: */*

Response DefaultHttpResponse(decodeResult: success, version: HTTP/1.1)
HTTP/1.1 200 OK
Server: nginx
Date: Mon, 05 Jun 2023 06:54:06 GMT
Content-Type: application/json; charset=utf-8
Content-Length: 137
Connection: keep-alive
Source-From: 02
x-powered-by: Express
vary: X-HTTP-Method-Override
etag: W/"89-5cfd1Z7p6mG6rORPqFOeOLBN8vg"

01:54:06.251 [AsyncHttpClient-1-2] DEBUG org.asynchttpclient.netty.channel.ChannelManager -- Adding key: https://hub-cloud.browserstack.com:443 for channel [id: 0x3ece9f08, L:/192.168.1.60:63594 - R:hub-cloud.browserstack.com/207.254.8.9:443]
01:54:06.254 [Forwarding setTimeout on session da647b3d1e66fd1dd37a67a376ea43f20167d90e to remote] DEBUG org.asynchttpclient.netty.request.NettyRequestSender -- Using pooled Channel '[id: 0x3ece9f08, L:/192.168.1.60:63594 - R:hub-cloud.browserstack.com/207.254.8.9:443]' for 'POST' to 'https://cesarstevenriosu_Z5kft8:X2vgXh3LFto9sDxURbwP@hub-cloud.browserstack.com/wd/hub/session/da647b3d1e66fd1dd37a67a376ea43f20167d90e/timeouts'
01:54:06.255 [Forwarding setTimeout on session da647b3d1e66fd1dd37a67a376ea43f20167d90e to remote] DEBUG org.asynchttpclient.netty.request.NettyRequestSender -- Using open Channel [id: 0x3ece9f08, L:/192.168.1.60:63594 - R:hub-cloud.browserstack.com/207.254.8.9:443] for POST '/wd/hub/session/da647b3d1e66fd1dd37a67a376ea43f20167d90e/timeouts'
01:54:06.376 [AsyncHttpClient-1-2] DEBUG org.asynchttpclient.netty.handler.HttpHandler -- 

Request DefaultHttpRequest(decodeResult: success, version: HTTP/1.1)
POST /wd/hub/session/da647b3d1e66fd1dd37a67a376ea43f20167d90e/timeouts HTTP/1.1
User-Agent: appium/8.3.0 (selenium/4.8.0 (java mac))
Content-Length: 23
Content-Type: application/json; charset=utf-8
host: hub-cloud.browserstack.com
authorization: Basic Y2VzYXJzdGV2ZW5yaW9zdV9aNWtmdDg6WDJ2Z1hoM0xGdG85c0R4VVJid1A=
accept: */*

Response DefaultHttpResponse(decodeResult: success, version: HTTP/1.1)
HTTP/1.1 200 OK
Server: nginx
Date: Mon, 05 Jun 2023 06:54:06 GMT
Content-Type: application/json; charset=utf-8
Content-Length: 14
Connection: keep-alive
Source-From: 02
x-powered-by: Express
vary: X-HTTP-Method-Override
etag: W/"e-9/1BuKMgFObM1mWJm+YjxtXJnUM"

01:54:06.377 [AsyncHttpClient-1-2] DEBUG org.asynchttpclient.netty.channel.ChannelManager -- Adding key: https://hub-cloud.browserstack.com:443 for channel [id: 0x3ece9f08, L:/192.168.1.60:63594 - R:hub-cloud.browserstack.com/207.254.8.9:443]
01:54:06.379 [Forwarding isElementDisplayed on session da647b3d1e66fd1dd37a67a376ea43f20167d90e to remote] DEBUG org.asynchttpclient.netty.request.NettyRequestSender -- Using pooled Channel '[id: 0x3ece9f08, L:/192.168.1.60:63594 - R:hub-cloud.browserstack.com/207.254.8.9:443]' for 'GET' to 'https://cesarstevenriosu_Z5kft8:X2vgXh3LFto9sDxURbwP@hub-cloud.browserstack.com/wd/hub/session/da647b3d1e66fd1dd37a67a376ea43f20167d90e/element/51e72329-f3dd-4dfc-bb92-d1073517050a/displayed'
01:54:06.380 [Forwarding isElementDisplayed on session da647b3d1e66fd1dd37a67a376ea43f20167d90e to remote] DEBUG org.asynchttpclient.netty.request.NettyRequestSender -- Using open Channel [id: 0x3ece9f08, L:/192.168.1.60:63594 - R:hub-cloud.browserstack.com/207.254.8.9:443] for GET '/wd/hub/session/da647b3d1e66fd1dd37a67a376ea43f20167d90e/element/51e72329-f3dd-4dfc-bb92-d1073517050a/displayed'
01:54:06.525 [AsyncHttpClient-1-2] DEBUG org.asynchttpclient.netty.handler.HttpHandler -- 

Request DefaultFullHttpRequest(decodeResult: success, version: HTTP/1.1, content: EmptyByteBufBE)
GET /wd/hub/session/da647b3d1e66fd1dd37a67a376ea43f20167d90e/element/51e72329-f3dd-4dfc-bb92-d1073517050a/displayed HTTP/1.1
User-Agent: appium/8.3.0 (selenium/4.8.0 (java mac))
Cache-Control: no-cache
Content-Type: application/json; charset=utf-8
host: hub-cloud.browserstack.com
authorization: Basic Y2VzYXJzdGV2ZW5yaW9zdV9aNWtmdDg6WDJ2Z1hoM0xGdG85c0R4VVJid1A=
accept: */*

Response DefaultHttpResponse(decodeResult: success, version: HTTP/1.1)
HTTP/1.1 200 OK
Server: nginx
Date: Mon, 05 Jun 2023 06:54:06 GMT
Content-Type: application/json; charset=utf-8
Content-Length: 14
Connection: keep-alive
Source-From: 02
x-powered-by: Express
etag: W/"e-2ZHvAWebNQpyjGZTg6uyV8/spTo"

01:54:06.526 [AsyncHttpClient-1-2] DEBUG org.asynchttpclient.netty.channel.ChannelManager -- Adding key: https://hub-cloud.browserstack.com:443 for channel [id: 0x3ece9f08, L:/192.168.1.60:63594 - R:hub-cloud.browserstack.com/207.254.8.9:443]
01:54:06.534 [Forwarding setTimeout on session da647b3d1e66fd1dd37a67a376ea43f20167d90e to remote] DEBUG org.asynchttpclient.netty.request.NettyRequestSender -- Using pooled Channel '[id: 0x3ece9f08, L:/192.168.1.60:63594 - R:hub-cloud.browserstack.com/207.254.8.9:443]' for 'POST' to 'https://cesarstevenriosu_Z5kft8:X2vgXh3LFto9sDxURbwP@hub-cloud.browserstack.com/wd/hub/session/da647b3d1e66fd1dd37a67a376ea43f20167d90e/timeouts'
01:54:06.534 [Forwarding setTimeout on session da647b3d1e66fd1dd37a67a376ea43f20167d90e to remote] DEBUG org.asynchttpclient.netty.request.NettyRequestSender -- Using open Channel [id: 0x3ece9f08, L:/192.168.1.60:63594 - R:hub-cloud.browserstack.com/207.254.8.9:443] for POST '/wd/hub/session/da647b3d1e66fd1dd37a67a376ea43f20167d90e/timeouts'
01:54:06.631 [AsyncHttpClient-1-2] DEBUG org.asynchttpclient.netty.handler.HttpHandler -- 

Request DefaultHttpRequest(decodeResult: success, version: HTTP/1.1)
POST /wd/hub/session/da647b3d1e66fd1dd37a67a376ea43f20167d90e/timeouts HTTP/1.1
User-Agent: appium/8.3.0 (selenium/4.8.0 (java mac))
Content-Length: 23
Content-Type: application/json; charset=utf-8
host: hub-cloud.browserstack.com
authorization: Basic Y2VzYXJzdGV2ZW5yaW9zdV9aNWtmdDg6WDJ2Z1hoM0xGdG85c0R4VVJid1A=
accept: */*

Response DefaultHttpResponse(decodeResult: success, version: HTTP/1.1)
HTTP/1.1 200 OK
Server: nginx
Date: Mon, 05 Jun 2023 06:54:06 GMT
Content-Type: application/json; charset=utf-8
Content-Length: 14
Connection: keep-alive
Source-From: 02
x-powered-by: Express
vary: X-HTTP-Method-Override
etag: W/"e-9/1BuKMgFObM1mWJm+YjxtXJnUM"

01:54:06.632 [AsyncHttpClient-1-2] DEBUG org.asynchttpclient.netty.channel.ChannelManager -- Adding key: https://hub-cloud.browserstack.com:443 for channel [id: 0x3ece9f08, L:/192.168.1.60:63594 - R:hub-cloud.browserstack.com/207.254.8.9:443]
01:54:06.634 [Forwarding findElement on session da647b3d1e66fd1dd37a67a376ea43f20167d90e to remote] DEBUG org.asynchttpclient.netty.request.NettyRequestSender -- Using pooled Channel '[id: 0x3ece9f08, L:/192.168.1.60:63594 - R:hub-cloud.browserstack.com/207.254.8.9:443]' for 'POST' to 'https://cesarstevenriosu_Z5kft8:X2vgXh3LFto9sDxURbwP@hub-cloud.browserstack.com/wd/hub/session/da647b3d1e66fd1dd37a67a376ea43f20167d90e/element'
01:54:06.634 [Forwarding findElement on session da647b3d1e66fd1dd37a67a376ea43f20167d90e to remote] DEBUG org.asynchttpclient.netty.request.NettyRequestSender -- Using open Channel [id: 0x3ece9f08, L:/192.168.1.60:63594 - R:hub-cloud.browserstack.com/207.254.8.9:443] for POST '/wd/hub/session/da647b3d1e66fd1dd37a67a376ea43f20167d90e/element'
01:54:06.839 [AsyncHttpClient-1-2] DEBUG org.asynchttpclient.netty.handler.HttpHandler -- 

Request DefaultHttpRequest(decodeResult: success, version: HTTP/1.1)
POST /wd/hub/session/da647b3d1e66fd1dd37a67a376ea43f20167d90e/element HTTP/1.1
User-Agent: appium/8.3.0 (selenium/4.8.0 (java mac))
Content-Length: 138
Content-Type: application/json; charset=utf-8
host: hub-cloud.browserstack.com
authorization: Basic Y2VzYXJzdGV2ZW5yaW9zdV9aNWtmdDg6WDJ2Z1hoM0xGdG85c0R4VVJid1A=
accept: */*

Response DefaultHttpResponse(decodeResult: success, version: HTTP/1.1)
HTTP/1.1 200 OK
Server: nginx
Date: Mon, 05 Jun 2023 06:54:06 GMT
Content-Type: application/json; charset=utf-8
Content-Length: 137
Connection: keep-alive
Source-From: 02
x-powered-by: Express
vary: X-HTTP-Method-Override
etag: W/"89-c+n4YDVr+cIzM9JmThz7V8vPvGY"

01:54:06.840 [AsyncHttpClient-1-2] DEBUG org.asynchttpclient.netty.channel.ChannelManager -- Adding key: https://hub-cloud.browserstack.com:443 for channel [id: 0x3ece9f08, L:/192.168.1.60:63594 - R:hub-cloud.browserstack.com/207.254.8.9:443]
01:54:06.843 [Forwarding setTimeout on session da647b3d1e66fd1dd37a67a376ea43f20167d90e to remote] DEBUG org.asynchttpclient.netty.request.NettyRequestSender -- Using pooled Channel '[id: 0x3ece9f08, L:/192.168.1.60:63594 - R:hub-cloud.browserstack.com/207.254.8.9:443]' for 'POST' to 'https://cesarstevenriosu_Z5kft8:X2vgXh3LFto9sDxURbwP@hub-cloud.browserstack.com/wd/hub/session/da647b3d1e66fd1dd37a67a376ea43f20167d90e/timeouts'
01:54:06.844 [Forwarding setTimeout on session da647b3d1e66fd1dd37a67a376ea43f20167d90e to remote] DEBUG org.asynchttpclient.netty.request.NettyRequestSender -- Using open Channel [id: 0x3ece9f08, L:/192.168.1.60:63594 - R:hub-cloud.browserstack.com/207.254.8.9:443] for POST '/wd/hub/session/da647b3d1e66fd1dd37a67a376ea43f20167d90e/timeouts'
01:54:06.946 [AsyncHttpClient-1-2] DEBUG org.asynchttpclient.netty.handler.HttpHandler -- 

Request DefaultHttpRequest(decodeResult: success, version: HTTP/1.1)
POST /wd/hub/session/da647b3d1e66fd1dd37a67a376ea43f20167d90e/timeouts HTTP/1.1
User-Agent: appium/8.3.0 (selenium/4.8.0 (java mac))
Content-Length: 23
Content-Type: application/json; charset=utf-8
host: hub-cloud.browserstack.com
authorization: Basic Y2VzYXJzdGV2ZW5yaW9zdV9aNWtmdDg6WDJ2Z1hoM0xGdG85c0R4VVJid1A=
accept: */*

Response DefaultHttpResponse(decodeResult: success, version: HTTP/1.1)
HTTP/1.1 200 OK
Server: nginx
Date: Mon, 05 Jun 2023 06:54:07 GMT
Content-Type: application/json; charset=utf-8
Content-Length: 14
Connection: keep-alive
Source-From: 02
x-powered-by: Express
vary: X-HTTP-Method-Override
etag: W/"e-9/1BuKMgFObM1mWJm+YjxtXJnUM"

01:54:06.947 [AsyncHttpClient-1-2] DEBUG org.asynchttpclient.netty.channel.ChannelManager -- Adding key: https://hub-cloud.browserstack.com:443 for channel [id: 0x3ece9f08, L:/192.168.1.60:63594 - R:hub-cloud.browserstack.com/207.254.8.9:443]
01:54:06.949 [Forwarding isElementDisplayed on session da647b3d1e66fd1dd37a67a376ea43f20167d90e to remote] DEBUG org.asynchttpclient.netty.request.NettyRequestSender -- Using pooled Channel '[id: 0x3ece9f08, L:/192.168.1.60:63594 - R:hub-cloud.browserstack.com/207.254.8.9:443]' for 'GET' to 'https://cesarstevenriosu_Z5kft8:X2vgXh3LFto9sDxURbwP@hub-cloud.browserstack.com/wd/hub/session/da647b3d1e66fd1dd37a67a376ea43f20167d90e/element/24f4bbb7-bf4d-4d15-b309-a2a31fe0f2a5/displayed'
01:54:06.949 [Forwarding isElementDisplayed on session da647b3d1e66fd1dd37a67a376ea43f20167d90e to remote] DEBUG org.asynchttpclient.netty.request.NettyRequestSender -- Using open Channel [id: 0x3ece9f08, L:/192.168.1.60:63594 - R:hub-cloud.browserstack.com/207.254.8.9:443] for GET '/wd/hub/session/da647b3d1e66fd1dd37a67a376ea43f20167d90e/element/24f4bbb7-bf4d-4d15-b309-a2a31fe0f2a5/displayed'
01:54:07.072 [AsyncHttpClient-1-2] DEBUG org.asynchttpclient.netty.handler.HttpHandler -- 

Request DefaultFullHttpRequest(decodeResult: success, version: HTTP/1.1, content: EmptyByteBufBE)
GET /wd/hub/session/da647b3d1e66fd1dd37a67a376ea43f20167d90e/element/24f4bbb7-bf4d-4d15-b309-a2a31fe0f2a5/displayed HTTP/1.1
User-Agent: appium/8.3.0 (selenium/4.8.0 (java mac))
Cache-Control: no-cache
Content-Type: application/json; charset=utf-8
host: hub-cloud.browserstack.com
authorization: Basic Y2VzYXJzdGV2ZW5yaW9zdV9aNWtmdDg6WDJ2Z1hoM0xGdG85c0R4VVJid1A=
accept: */*

Response DefaultHttpResponse(decodeResult: success, version: HTTP/1.1)
HTTP/1.1 200 OK
Server: nginx
Date: Mon, 05 Jun 2023 06:54:07 GMT
Content-Type: application/json; charset=utf-8
Content-Length: 14
Connection: keep-alive
Source-From: 02
x-powered-by: Express
etag: W/"e-2ZHvAWebNQpyjGZTg6uyV8/spTo"

01:54:07.073 [AsyncHttpClient-1-2] DEBUG org.asynchttpclient.netty.channel.ChannelManager -- Adding key: https://hub-cloud.browserstack.com:443 for channel [id: 0x3ece9f08, L:/192.168.1.60:63594 - R:hub-cloud.browserstack.com/207.254.8.9:443]
01:54:07.073 [Forwarding isElementDisplayed on session da647b3d1e66fd1dd37a67a376ea43f20167d90e to remote] DEBUG org.asynchttpclient.netty.request.NettyRequestSender -- Using pooled Channel '[id: 0x3ece9f08, L:/192.168.1.60:63594 - R:hub-cloud.browserstack.com/207.254.8.9:443]' for 'GET' to 'https://cesarstevenriosu_Z5kft8:X2vgXh3LFto9sDxURbwP@hub-cloud.browserstack.com/wd/hub/session/da647b3d1e66fd1dd37a67a376ea43f20167d90e/element/24f4bbb7-bf4d-4d15-b309-a2a31fe0f2a5/displayed'
01:54:07.074 [Forwarding isElementDisplayed on session da647b3d1e66fd1dd37a67a376ea43f20167d90e to remote] DEBUG org.asynchttpclient.netty.request.NettyRequestSender -- Using open Channel [id: 0x3ece9f08, L:/192.168.1.60:63594 - R:hub-cloud.browserstack.com/207.254.8.9:443] for GET '/wd/hub/session/da647b3d1e66fd1dd37a67a376ea43f20167d90e/element/24f4bbb7-bf4d-4d15-b309-a2a31fe0f2a5/displayed'
01:54:07.198 [AsyncHttpClient-1-2] DEBUG org.asynchttpclient.netty.handler.HttpHandler -- 

Request DefaultFullHttpRequest(decodeResult: success, version: HTTP/1.1, content: EmptyByteBufBE)
GET /wd/hub/session/da647b3d1e66fd1dd37a67a376ea43f20167d90e/element/24f4bbb7-bf4d-4d15-b309-a2a31fe0f2a5/displayed HTTP/1.1
User-Agent: appium/8.3.0 (selenium/4.8.0 (java mac))
Cache-Control: no-cache
Content-Type: application/json; charset=utf-8
host: hub-cloud.browserstack.com
authorization: Basic Y2VzYXJzdGV2ZW5yaW9zdV9aNWtmdDg6WDJ2Z1hoM0xGdG85c0R4VVJid1A=
accept: */*

Response DefaultHttpResponse(decodeResult: success, version: HTTP/1.1)
HTTP/1.1 200 OK
Server: nginx
Date: Mon, 05 Jun 2023 06:54:07 GMT
Content-Type: application/json; charset=utf-8
Content-Length: 14
Connection: keep-alive
Source-From: 02
x-powered-by: Express
etag: W/"e-2ZHvAWebNQpyjGZTg6uyV8/spTo"

01:54:07.198 [AsyncHttpClient-1-2] DEBUG org.asynchttpclient.netty.channel.ChannelManager -- Adding key: https://hub-cloud.browserstack.com:443 for channel [id: 0x3ece9f08, L:/192.168.1.60:63594 - R:hub-cloud.browserstack.com/207.254.8.9:443]
01:54:07.201 [Forwarding setTimeout on session da647b3d1e66fd1dd37a67a376ea43f20167d90e to remote] DEBUG org.asynchttpclient.netty.request.NettyRequestSender -- Using pooled Channel '[id: 0x3ece9f08, L:/192.168.1.60:63594 - R:hub-cloud.browserstack.com/207.254.8.9:443]' for 'POST' to 'https://cesarstevenriosu_Z5kft8:X2vgXh3LFto9sDxURbwP@hub-cloud.browserstack.com/wd/hub/session/da647b3d1e66fd1dd37a67a376ea43f20167d90e/timeouts'
01:54:07.201 [Forwarding setTimeout on session da647b3d1e66fd1dd37a67a376ea43f20167d90e to remote] DEBUG org.asynchttpclient.netty.request.NettyRequestSender -- Using open Channel [id: 0x3ece9f08, L:/192.168.1.60:63594 - R:hub-cloud.browserstack.com/207.254.8.9:443] for POST '/wd/hub/session/da647b3d1e66fd1dd37a67a376ea43f20167d90e/timeouts'
01:54:07.305 [AsyncHttpClient-1-2] DEBUG org.asynchttpclient.netty.handler.HttpHandler -- 

Request DefaultHttpRequest(decodeResult: success, version: HTTP/1.1)
POST /wd/hub/session/da647b3d1e66fd1dd37a67a376ea43f20167d90e/timeouts HTTP/1.1
User-Agent: appium/8.3.0 (selenium/4.8.0 (java mac))
Content-Length: 19
Content-Type: application/json; charset=utf-8
host: hub-cloud.browserstack.com
authorization: Basic Y2VzYXJzdGV2ZW5yaW9zdV9aNWtmdDg6WDJ2Z1hoM0xGdG85c0R4VVJid1A=
accept: */*

Response DefaultHttpResponse(decodeResult: success, version: HTTP/1.1)
HTTP/1.1 200 OK
Server: nginx
Date: Mon, 05 Jun 2023 06:54:07 GMT
Content-Type: application/json; charset=utf-8
Content-Length: 14
Connection: keep-alive
Source-From: 02
x-powered-by: Express
vary: X-HTTP-Method-Override
etag: W/"e-9/1BuKMgFObM1mWJm+YjxtXJnUM"

01:54:07.305 [AsyncHttpClient-1-2] DEBUG org.asynchttpclient.netty.channel.ChannelManager -- Adding key: https://hub-cloud.browserstack.com:443 for channel [id: 0x3ece9f08, L:/192.168.1.60:63594 - R:hub-cloud.browserstack.com/207.254.8.9:443]
01:54:07.307 [Forwarding findElement on session da647b3d1e66fd1dd37a67a376ea43f20167d90e to remote] DEBUG org.asynchttpclient.netty.request.NettyRequestSender -- Using pooled Channel '[id: 0x3ece9f08, L:/192.168.1.60:63594 - R:hub-cloud.browserstack.com/207.254.8.9:443]' for 'POST' to 'https://cesarstevenriosu_Z5kft8:X2vgXh3LFto9sDxURbwP@hub-cloud.browserstack.com/wd/hub/session/da647b3d1e66fd1dd37a67a376ea43f20167d90e/element'
01:54:07.307 [Forwarding findElement on session da647b3d1e66fd1dd37a67a376ea43f20167d90e to remote] DEBUG org.asynchttpclient.netty.request.NettyRequestSender -- Using open Channel [id: 0x3ece9f08, L:/192.168.1.60:63594 - R:hub-cloud.browserstack.com/207.254.8.9:443] for POST '/wd/hub/session/da647b3d1e66fd1dd37a67a376ea43f20167d90e/element'
01:54:07.465 [AsyncHttpClient-1-2] DEBUG org.asynchttpclient.netty.handler.HttpHandler -- 

Request DefaultHttpRequest(decodeResult: success, version: HTTP/1.1)
POST /wd/hub/session/da647b3d1e66fd1dd37a67a376ea43f20167d90e/element HTTP/1.1
User-Agent: appium/8.3.0 (selenium/4.8.0 (java mac))
Content-Length: 138
Content-Type: application/json; charset=utf-8
host: hub-cloud.browserstack.com
authorization: Basic Y2VzYXJzdGV2ZW5yaW9zdV9aNWtmdDg6WDJ2Z1hoM0xGdG85c0R4VVJid1A=
accept: */*

Response DefaultHttpResponse(decodeResult: success, version: HTTP/1.1)
HTTP/1.1 200 OK
Server: nginx
Date: Mon, 05 Jun 2023 06:54:07 GMT
Content-Type: application/json; charset=utf-8
Content-Length: 137
Connection: keep-alive
Source-From: 02
x-powered-by: Express
vary: X-HTTP-Method-Override
etag: W/"89-8myCNBS0HXuYGBtKBDMozdb4WA4"

01:54:07.466 [AsyncHttpClient-1-2] DEBUG org.asynchttpclient.netty.channel.ChannelManager -- Adding key: https://hub-cloud.browserstack.com:443 for channel [id: 0x3ece9f08, L:/192.168.1.60:63594 - R:hub-cloud.browserstack.com/207.254.8.9:443]
01:54:07.467 [Forwarding setTimeout on session da647b3d1e66fd1dd37a67a376ea43f20167d90e to remote] DEBUG org.asynchttpclient.netty.request.NettyRequestSender -- Using pooled Channel '[id: 0x3ece9f08, L:/192.168.1.60:63594 - R:hub-cloud.browserstack.com/207.254.8.9:443]' for 'POST' to 'https://cesarstevenriosu_Z5kft8:X2vgXh3LFto9sDxURbwP@hub-cloud.browserstack.com/wd/hub/session/da647b3d1e66fd1dd37a67a376ea43f20167d90e/timeouts'
01:54:07.467 [Forwarding setTimeout on session da647b3d1e66fd1dd37a67a376ea43f20167d90e to remote] DEBUG org.asynchttpclient.netty.request.NettyRequestSender -- Using open Channel [id: 0x3ece9f08, L:/192.168.1.60:63594 - R:hub-cloud.browserstack.com/207.254.8.9:443] for POST '/wd/hub/session/da647b3d1e66fd1dd37a67a376ea43f20167d90e/timeouts'
01:54:07.592 [AsyncHttpClient-1-2] DEBUG org.asynchttpclient.netty.handler.HttpHandler -- 

Request DefaultHttpRequest(decodeResult: success, version: HTTP/1.1)
POST /wd/hub/session/da647b3d1e66fd1dd37a67a376ea43f20167d90e/timeouts HTTP/1.1
User-Agent: appium/8.3.0 (selenium/4.8.0 (java mac))
Content-Length: 23
Content-Type: application/json; charset=utf-8
host: hub-cloud.browserstack.com
authorization: Basic Y2VzYXJzdGV2ZW5yaW9zdV9aNWtmdDg6WDJ2Z1hoM0xGdG85c0R4VVJid1A=
accept: */*

Response DefaultHttpResponse(decodeResult: success, version: HTTP/1.1)
HTTP/1.1 200 OK
Server: nginx
Date: Mon, 05 Jun 2023 06:54:07 GMT
Content-Type: application/json; charset=utf-8
Content-Length: 14
Connection: keep-alive
Source-From: 02
x-powered-by: Express
vary: X-HTTP-Method-Override
etag: W/"e-9/1BuKMgFObM1mWJm+YjxtXJnUM"

01:54:07.593 [AsyncHttpClient-1-2] DEBUG org.asynchttpclient.netty.channel.ChannelManager -- Adding key: https://hub-cloud.browserstack.com:443 for channel [id: 0x3ece9f08, L:/192.168.1.60:63594 - R:hub-cloud.browserstack.com/207.254.8.9:443]
01:54:07.600 [Forwarding setTimeout on session da647b3d1e66fd1dd37a67a376ea43f20167d90e to remote] DEBUG org.asynchttpclient.netty.request.NettyRequestSender -- Using pooled Channel '[id: 0x3ece9f08, L:/192.168.1.60:63594 - R:hub-cloud.browserstack.com/207.254.8.9:443]' for 'POST' to 'https://cesarstevenriosu_Z5kft8:X2vgXh3LFto9sDxURbwP@hub-cloud.browserstack.com/wd/hub/session/da647b3d1e66fd1dd37a67a376ea43f20167d90e/timeouts'
01:54:07.600 [Forwarding setTimeout on session da647b3d1e66fd1dd37a67a376ea43f20167d90e to remote] DEBUG org.asynchttpclient.netty.request.NettyRequestSender -- Using open Channel [id: 0x3ece9f08, L:/192.168.1.60:63594 - R:hub-cloud.browserstack.com/207.254.8.9:443] for POST '/wd/hub/session/da647b3d1e66fd1dd37a67a376ea43f20167d90e/timeouts'
01:54:07.731 [AsyncHttpClient-1-2] DEBUG org.asynchttpclient.netty.handler.HttpHandler -- 

Request DefaultHttpRequest(decodeResult: success, version: HTTP/1.1)
POST /wd/hub/session/da647b3d1e66fd1dd37a67a376ea43f20167d90e/timeouts HTTP/1.1
User-Agent: appium/8.3.0 (selenium/4.8.0 (java mac))
Content-Length: 19
Content-Type: application/json; charset=utf-8
host: hub-cloud.browserstack.com
authorization: Basic Y2VzYXJzdGV2ZW5yaW9zdV9aNWtmdDg6WDJ2Z1hoM0xGdG85c0R4VVJid1A=
accept: */*

Response DefaultHttpResponse(decodeResult: success, version: HTTP/1.1)
HTTP/1.1 200 OK
Server: nginx
Date: Mon, 05 Jun 2023 06:54:07 GMT
Content-Type: application/json; charset=utf-8
Content-Length: 14
Connection: keep-alive
Source-From: 02
x-powered-by: Express
vary: X-HTTP-Method-Override
etag: W/"e-9/1BuKMgFObM1mWJm+YjxtXJnUM"

01:54:07.735 [AsyncHttpClient-1-2] DEBUG org.asynchttpclient.netty.channel.ChannelManager -- Adding key: https://hub-cloud.browserstack.com:443 for channel [id: 0x3ece9f08, L:/192.168.1.60:63594 - R:hub-cloud.browserstack.com/207.254.8.9:443]
01:54:07.739 [Forwarding findElement on session da647b3d1e66fd1dd37a67a376ea43f20167d90e to remote] DEBUG org.asynchttpclient.netty.request.NettyRequestSender -- Using pooled Channel '[id: 0x3ece9f08, L:/192.168.1.60:63594 - R:hub-cloud.browserstack.com/207.254.8.9:443]' for 'POST' to 'https://cesarstevenriosu_Z5kft8:X2vgXh3LFto9sDxURbwP@hub-cloud.browserstack.com/wd/hub/session/da647b3d1e66fd1dd37a67a376ea43f20167d90e/element'
01:54:07.739 [Forwarding findElement on session da647b3d1e66fd1dd37a67a376ea43f20167d90e to remote] DEBUG org.asynchttpclient.netty.request.NettyRequestSender -- Using open Channel [id: 0x3ece9f08, L:/192.168.1.60:63594 - R:hub-cloud.browserstack.com/207.254.8.9:443] for POST '/wd/hub/session/da647b3d1e66fd1dd37a67a376ea43f20167d90e/element'
01:54:08.032 [AsyncHttpClient-1-2] DEBUG org.asynchttpclient.netty.handler.HttpHandler -- 

Request DefaultHttpRequest(decodeResult: success, version: HTTP/1.1)
POST /wd/hub/session/da647b3d1e66fd1dd37a67a376ea43f20167d90e/element HTTP/1.1
User-Agent: appium/8.3.0 (selenium/4.8.0 (java mac))
Content-Length: 138
Content-Type: application/json; charset=utf-8
host: hub-cloud.browserstack.com
authorization: Basic Y2VzYXJzdGV2ZW5yaW9zdV9aNWtmdDg6WDJ2Z1hoM0xGdG85c0R4VVJid1A=
accept: */*

Response DefaultHttpResponse(decodeResult: success, version: HTTP/1.1)
HTTP/1.1 200 OK
Server: nginx
Date: Mon, 05 Jun 2023 06:54:08 GMT
Content-Type: application/json; charset=utf-8
Content-Length: 137
Connection: keep-alive
Source-From: 02
x-powered-by: Express
vary: X-HTTP-Method-Override
etag: W/"89-F4ijNNSMydUnPqpjBabn6KFxR5E"

01:54:08.033 [AsyncHttpClient-1-2] DEBUG org.asynchttpclient.netty.channel.ChannelManager -- Adding key: https://hub-cloud.browserstack.com:443 for channel [id: 0x3ece9f08, L:/192.168.1.60:63594 - R:hub-cloud.browserstack.com/207.254.8.9:443]
01:54:08.035 [Forwarding setTimeout on session da647b3d1e66fd1dd37a67a376ea43f20167d90e to remote] DEBUG org.asynchttpclient.netty.request.NettyRequestSender -- Using pooled Channel '[id: 0x3ece9f08, L:/192.168.1.60:63594 - R:hub-cloud.browserstack.com/207.254.8.9:443]' for 'POST' to 'https://cesarstevenriosu_Z5kft8:X2vgXh3LFto9sDxURbwP@hub-cloud.browserstack.com/wd/hub/session/da647b3d1e66fd1dd37a67a376ea43f20167d90e/timeouts'
01:54:08.035 [Forwarding setTimeout on session da647b3d1e66fd1dd37a67a376ea43f20167d90e to remote] DEBUG org.asynchttpclient.netty.request.NettyRequestSender -- Using open Channel [id: 0x3ece9f08, L:/192.168.1.60:63594 - R:hub-cloud.browserstack.com/207.254.8.9:443] for POST '/wd/hub/session/da647b3d1e66fd1dd37a67a376ea43f20167d90e/timeouts'
01:54:08.151 [AsyncHttpClient-1-2] DEBUG org.asynchttpclient.netty.handler.HttpHandler -- 

Request DefaultHttpRequest(decodeResult: success, version: HTTP/1.1)
POST /wd/hub/session/da647b3d1e66fd1dd37a67a376ea43f20167d90e/timeouts HTTP/1.1
User-Agent: appium/8.3.0 (selenium/4.8.0 (java mac))
Content-Length: 23
Content-Type: application/json; charset=utf-8
host: hub-cloud.browserstack.com
authorization: Basic Y2VzYXJzdGV2ZW5yaW9zdV9aNWtmdDg6WDJ2Z1hoM0xGdG85c0R4VVJid1A=
accept: */*

Response DefaultHttpResponse(decodeResult: success, version: HTTP/1.1)
HTTP/1.1 200 OK
Server: nginx
Date: Mon, 05 Jun 2023 06:54:08 GMT
Content-Type: application/json; charset=utf-8
Content-Length: 14
Connection: keep-alive
Source-From: 02
x-powered-by: Express
vary: X-HTTP-Method-Override
etag: W/"e-9/1BuKMgFObM1mWJm+YjxtXJnUM"

01:54:08.151 [AsyncHttpClient-1-2] DEBUG org.asynchttpclient.netty.channel.ChannelManager -- Adding key: https://hub-cloud.browserstack.com:443 for channel [id: 0x3ece9f08, L:/192.168.1.60:63594 - R:hub-cloud.browserstack.com/207.254.8.9:443]
01:54:08.153 [Forwarding isElementDisplayed on session da647b3d1e66fd1dd37a67a376ea43f20167d90e to remote] DEBUG org.asynchttpclient.netty.request.NettyRequestSender -- Using pooled Channel '[id: 0x3ece9f08, L:/192.168.1.60:63594 - R:hub-cloud.browserstack.com/207.254.8.9:443]' for 'GET' to 'https://cesarstevenriosu_Z5kft8:X2vgXh3LFto9sDxURbwP@hub-cloud.browserstack.com/wd/hub/session/da647b3d1e66fd1dd37a67a376ea43f20167d90e/element/2377cad7-fc43-419d-8c96-5b6c4ead828f/displayed'
01:54:08.153 [Forwarding isElementDisplayed on session da647b3d1e66fd1dd37a67a376ea43f20167d90e to remote] DEBUG org.asynchttpclient.netty.request.NettyRequestSender -- Using open Channel [id: 0x3ece9f08, L:/192.168.1.60:63594 - R:hub-cloud.browserstack.com/207.254.8.9:443] for GET '/wd/hub/session/da647b3d1e66fd1dd37a67a376ea43f20167d90e/element/2377cad7-fc43-419d-8c96-5b6c4ead828f/displayed'
01:54:08.299 [AsyncHttpClient-1-2] DEBUG org.asynchttpclient.netty.handler.HttpHandler -- 

Request DefaultFullHttpRequest(decodeResult: success, version: HTTP/1.1, content: EmptyByteBufBE)
GET /wd/hub/session/da647b3d1e66fd1dd37a67a376ea43f20167d90e/element/2377cad7-fc43-419d-8c96-5b6c4ead828f/displayed HTTP/1.1
User-Agent: appium/8.3.0 (selenium/4.8.0 (java mac))
Cache-Control: no-cache
Content-Type: application/json; charset=utf-8
host: hub-cloud.browserstack.com
authorization: Basic Y2VzYXJzdGV2ZW5yaW9zdV9aNWtmdDg6WDJ2Z1hoM0xGdG85c0R4VVJid1A=
accept: */*

Response DefaultHttpResponse(decodeResult: success, version: HTTP/1.1)
HTTP/1.1 200 OK
Server: nginx
Date: Mon, 05 Jun 2023 06:54:08 GMT
Content-Type: application/json; charset=utf-8
Content-Length: 14
Connection: keep-alive
Source-From: 02
x-powered-by: Express
etag: W/"e-2ZHvAWebNQpyjGZTg6uyV8/spTo"

01:54:08.299 [AsyncHttpClient-1-2] DEBUG org.asynchttpclient.netty.channel.ChannelManager -- Adding key: https://hub-cloud.browserstack.com:443 for channel [id: 0x3ece9f08, L:/192.168.1.60:63594 - R:hub-cloud.browserstack.com/207.254.8.9:443]
01:54:08.307 [Forwarding setTimeout on session da647b3d1e66fd1dd37a67a376ea43f20167d90e to remote] DEBUG org.asynchttpclient.netty.request.NettyRequestSender -- Using pooled Channel '[id: 0x3ece9f08, L:/192.168.1.60:63594 - R:hub-cloud.browserstack.com/207.254.8.9:443]' for 'POST' to 'https://cesarstevenriosu_Z5kft8:X2vgXh3LFto9sDxURbwP@hub-cloud.browserstack.com/wd/hub/session/da647b3d1e66fd1dd37a67a376ea43f20167d90e/timeouts'
01:54:08.307 [Forwarding setTimeout on session da647b3d1e66fd1dd37a67a376ea43f20167d90e to remote] DEBUG org.asynchttpclient.netty.request.NettyRequestSender -- Using open Channel [id: 0x3ece9f08, L:/192.168.1.60:63594 - R:hub-cloud.browserstack.com/207.254.8.9:443] for POST '/wd/hub/session/da647b3d1e66fd1dd37a67a376ea43f20167d90e/timeouts'
01:54:08.452 [AsyncHttpClient-1-2] DEBUG org.asynchttpclient.netty.handler.HttpHandler -- 

Request DefaultHttpRequest(decodeResult: success, version: HTTP/1.1)
POST /wd/hub/session/da647b3d1e66fd1dd37a67a376ea43f20167d90e/timeouts HTTP/1.1
User-Agent: appium/8.3.0 (selenium/4.8.0 (java mac))
Content-Length: 23
Content-Type: application/json; charset=utf-8
host: hub-cloud.browserstack.com
authorization: Basic Y2VzYXJzdGV2ZW5yaW9zdV9aNWtmdDg6WDJ2Z1hoM0xGdG85c0R4VVJid1A=
accept: */*

Response DefaultHttpResponse(decodeResult: success, version: HTTP/1.1)
HTTP/1.1 200 OK
Server: nginx
Date: Mon, 05 Jun 2023 06:54:08 GMT
Content-Type: application/json; charset=utf-8
Content-Length: 14
Connection: keep-alive
Source-From: 02
x-powered-by: Express
vary: X-HTTP-Method-Override
etag: W/"e-9/1BuKMgFObM1mWJm+YjxtXJnUM"

01:54:08.452 [AsyncHttpClient-1-2] DEBUG org.asynchttpclient.netty.channel.ChannelManager -- Adding key: https://hub-cloud.browserstack.com:443 for channel [id: 0x3ece9f08, L:/192.168.1.60:63594 - R:hub-cloud.browserstack.com/207.254.8.9:443]
01:54:08.455 [Forwarding findElement on session da647b3d1e66fd1dd37a67a376ea43f20167d90e to remote] DEBUG org.asynchttpclient.netty.request.NettyRequestSender -- Using pooled Channel '[id: 0x3ece9f08, L:/192.168.1.60:63594 - R:hub-cloud.browserstack.com/207.254.8.9:443]' for 'POST' to 'https://cesarstevenriosu_Z5kft8:X2vgXh3LFto9sDxURbwP@hub-cloud.browserstack.com/wd/hub/session/da647b3d1e66fd1dd37a67a376ea43f20167d90e/element'
01:54:08.456 [Forwarding findElement on session da647b3d1e66fd1dd37a67a376ea43f20167d90e to remote] DEBUG org.asynchttpclient.netty.request.NettyRequestSender -- Using open Channel [id: 0x3ece9f08, L:/192.168.1.60:63594 - R:hub-cloud.browserstack.com/207.254.8.9:443] for POST '/wd/hub/session/da647b3d1e66fd1dd37a67a376ea43f20167d90e/element'
01:54:09.002 [AsyncHttpClient-1-2] DEBUG org.asynchttpclient.netty.handler.HttpHandler -- 

Request DefaultHttpRequest(decodeResult: success, version: HTTP/1.1)
POST /wd/hub/session/da647b3d1e66fd1dd37a67a376ea43f20167d90e/element HTTP/1.1
User-Agent: appium/8.3.0 (selenium/4.8.0 (java mac))
Content-Length: 138
Content-Type: application/json; charset=utf-8
host: hub-cloud.browserstack.com
authorization: Basic Y2VzYXJzdGV2ZW5yaW9zdV9aNWtmdDg6WDJ2Z1hoM0xGdG85c0R4VVJid1A=
accept: */*

Response DefaultHttpResponse(decodeResult: success, version: HTTP/1.1)
HTTP/1.1 200 OK
Server: nginx
Date: Mon, 05 Jun 2023 06:54:09 GMT
Content-Type: application/json; charset=utf-8
Content-Length: 137
Connection: keep-alive
Source-From: 02
x-powered-by: Express
vary: X-HTTP-Method-Override
etag: W/"89-Z52mjqYGabhy9mu0G5qzynO0/K8"

01:54:09.003 [AsyncHttpClient-1-2] DEBUG org.asynchttpclient.netty.channel.ChannelManager -- Adding key: https://hub-cloud.browserstack.com:443 for channel [id: 0x3ece9f08, L:/192.168.1.60:63594 - R:hub-cloud.browserstack.com/207.254.8.9:443]
01:54:09.005 [Forwarding setTimeout on session da647b3d1e66fd1dd37a67a376ea43f20167d90e to remote] DEBUG org.asynchttpclient.netty.request.NettyRequestSender -- Using pooled Channel '[id: 0x3ece9f08, L:/192.168.1.60:63594 - R:hub-cloud.browserstack.com/207.254.8.9:443]' for 'POST' to 'https://cesarstevenriosu_Z5kft8:X2vgXh3LFto9sDxURbwP@hub-cloud.browserstack.com/wd/hub/session/da647b3d1e66fd1dd37a67a376ea43f20167d90e/timeouts'
01:54:09.006 [Forwarding setTimeout on session da647b3d1e66fd1dd37a67a376ea43f20167d90e to remote] DEBUG org.asynchttpclient.netty.request.NettyRequestSender -- Using open Channel [id: 0x3ece9f08, L:/192.168.1.60:63594 - R:hub-cloud.browserstack.com/207.254.8.9:443] for POST '/wd/hub/session/da647b3d1e66fd1dd37a67a376ea43f20167d90e/timeouts'
01:54:09.132 [AsyncHttpClient-1-2] DEBUG org.asynchttpclient.netty.handler.HttpHandler -- 

Request DefaultHttpRequest(decodeResult: success, version: HTTP/1.1)
POST /wd/hub/session/da647b3d1e66fd1dd37a67a376ea43f20167d90e/timeouts HTTP/1.1
User-Agent: appium/8.3.0 (selenium/4.8.0 (java mac))
Content-Length: 23
Content-Type: application/json; charset=utf-8
host: hub-cloud.browserstack.com
authorization: Basic Y2VzYXJzdGV2ZW5yaW9zdV9aNWtmdDg6WDJ2Z1hoM0xGdG85c0R4VVJid1A=
accept: */*

Response DefaultHttpResponse(decodeResult: success, version: HTTP/1.1)
HTTP/1.1 200 OK
Server: nginx
Date: Mon, 05 Jun 2023 06:54:09 GMT
Content-Type: application/json; charset=utf-8
Content-Length: 14
Connection: keep-alive
Source-From: 02
x-powered-by: Express
vary: X-HTTP-Method-Override
etag: W/"e-9/1BuKMgFObM1mWJm+YjxtXJnUM"

01:54:09.133 [AsyncHttpClient-1-2] DEBUG org.asynchttpclient.netty.channel.ChannelManager -- Adding key: https://hub-cloud.browserstack.com:443 for channel [id: 0x3ece9f08, L:/192.168.1.60:63594 - R:hub-cloud.browserstack.com/207.254.8.9:443]
01:54:09.135 [Forwarding isElementDisplayed on session da647b3d1e66fd1dd37a67a376ea43f20167d90e to remote] DEBUG org.asynchttpclient.netty.request.NettyRequestSender -- Using pooled Channel '[id: 0x3ece9f08, L:/192.168.1.60:63594 - R:hub-cloud.browserstack.com/207.254.8.9:443]' for 'GET' to 'https://cesarstevenriosu_Z5kft8:X2vgXh3LFto9sDxURbwP@hub-cloud.browserstack.com/wd/hub/session/da647b3d1e66fd1dd37a67a376ea43f20167d90e/element/87c78cfd-126c-4f34-b40c-11577c3a5943/displayed'
01:54:09.135 [Forwarding isElementDisplayed on session da647b3d1e66fd1dd37a67a376ea43f20167d90e to remote] DEBUG org.asynchttpclient.netty.request.NettyRequestSender -- Using open Channel [id: 0x3ece9f08, L:/192.168.1.60:63594 - R:hub-cloud.browserstack.com/207.254.8.9:443] for GET '/wd/hub/session/da647b3d1e66fd1dd37a67a376ea43f20167d90e/element/87c78cfd-126c-4f34-b40c-11577c3a5943/displayed'
01:54:09.289 [AsyncHttpClient-1-2] DEBUG org.asynchttpclient.netty.handler.HttpHandler -- 

Request DefaultFullHttpRequest(decodeResult: success, version: HTTP/1.1, content: EmptyByteBufBE)
GET /wd/hub/session/da647b3d1e66fd1dd37a67a376ea43f20167d90e/element/87c78cfd-126c-4f34-b40c-11577c3a5943/displayed HTTP/1.1
User-Agent: appium/8.3.0 (selenium/4.8.0 (java mac))
Cache-Control: no-cache
Content-Type: application/json; charset=utf-8
host: hub-cloud.browserstack.com
authorization: Basic Y2VzYXJzdGV2ZW5yaW9zdV9aNWtmdDg6WDJ2Z1hoM0xGdG85c0R4VVJid1A=
accept: */*

Response DefaultHttpResponse(decodeResult: success, version: HTTP/1.1)
HTTP/1.1 200 OK
Server: nginx
Date: Mon, 05 Jun 2023 06:54:09 GMT
Content-Type: application/json; charset=utf-8
Content-Length: 14
Connection: keep-alive
Source-From: 02
x-powered-by: Express
etag: W/"e-2ZHvAWebNQpyjGZTg6uyV8/spTo"

01:54:09.290 [AsyncHttpClient-1-2] DEBUG org.asynchttpclient.netty.channel.ChannelManager -- Adding key: https://hub-cloud.browserstack.com:443 for channel [id: 0x3ece9f08, L:/192.168.1.60:63594 - R:hub-cloud.browserstack.com/207.254.8.9:443]
01:54:09.292 [Forwarding isElementDisplayed on session da647b3d1e66fd1dd37a67a376ea43f20167d90e to remote] DEBUG org.asynchttpclient.netty.request.NettyRequestSender -- Using pooled Channel '[id: 0x3ece9f08, L:/192.168.1.60:63594 - R:hub-cloud.browserstack.com/207.254.8.9:443]' for 'GET' to 'https://cesarstevenriosu_Z5kft8:X2vgXh3LFto9sDxURbwP@hub-cloud.browserstack.com/wd/hub/session/da647b3d1e66fd1dd37a67a376ea43f20167d90e/element/87c78cfd-126c-4f34-b40c-11577c3a5943/displayed'
01:54:09.292 [Forwarding isElementDisplayed on session da647b3d1e66fd1dd37a67a376ea43f20167d90e to remote] DEBUG org.asynchttpclient.netty.request.NettyRequestSender -- Using open Channel [id: 0x3ece9f08, L:/192.168.1.60:63594 - R:hub-cloud.browserstack.com/207.254.8.9:443] for GET '/wd/hub/session/da647b3d1e66fd1dd37a67a376ea43f20167d90e/element/87c78cfd-126c-4f34-b40c-11577c3a5943/displayed'
01:54:09.418 [AsyncHttpClient-1-2] DEBUG org.asynchttpclient.netty.handler.HttpHandler -- 

Request DefaultFullHttpRequest(decodeResult: success, version: HTTP/1.1, content: EmptyByteBufBE)
GET /wd/hub/session/da647b3d1e66fd1dd37a67a376ea43f20167d90e/element/87c78cfd-126c-4f34-b40c-11577c3a5943/displayed HTTP/1.1
User-Agent: appium/8.3.0 (selenium/4.8.0 (java mac))
Cache-Control: no-cache
Content-Type: application/json; charset=utf-8
host: hub-cloud.browserstack.com
authorization: Basic Y2VzYXJzdGV2ZW5yaW9zdV9aNWtmdDg6WDJ2Z1hoM0xGdG85c0R4VVJid1A=
accept: */*

Response DefaultHttpResponse(decodeResult: success, version: HTTP/1.1)
HTTP/1.1 200 OK
Server: nginx
Date: Mon, 05 Jun 2023 06:54:09 GMT
Content-Type: application/json; charset=utf-8
Content-Length: 14
Connection: keep-alive
Source-From: 02
x-powered-by: Express
etag: W/"e-2ZHvAWebNQpyjGZTg6uyV8/spTo"

01:54:09.418 [AsyncHttpClient-1-2] DEBUG org.asynchttpclient.netty.channel.ChannelManager -- Adding key: https://hub-cloud.browserstack.com:443 for channel [id: 0x3ece9f08, L:/192.168.1.60:63594 - R:hub-cloud.browserstack.com/207.254.8.9:443]
01:54:09.422 [Forwarding setTimeout on session da647b3d1e66fd1dd37a67a376ea43f20167d90e to remote] DEBUG org.asynchttpclient.netty.request.NettyRequestSender -- Using pooled Channel '[id: 0x3ece9f08, L:/192.168.1.60:63594 - R:hub-cloud.browserstack.com/207.254.8.9:443]' for 'POST' to 'https://cesarstevenriosu_Z5kft8:X2vgXh3LFto9sDxURbwP@hub-cloud.browserstack.com/wd/hub/session/da647b3d1e66fd1dd37a67a376ea43f20167d90e/timeouts'
01:54:09.423 [Forwarding setTimeout on session da647b3d1e66fd1dd37a67a376ea43f20167d90e to remote] DEBUG org.asynchttpclient.netty.request.NettyRequestSender -- Using open Channel [id: 0x3ece9f08, L:/192.168.1.60:63594 - R:hub-cloud.browserstack.com/207.254.8.9:443] for POST '/wd/hub/session/da647b3d1e66fd1dd37a67a376ea43f20167d90e/timeouts'
01:54:09.543 [AsyncHttpClient-1-2] DEBUG org.asynchttpclient.netty.handler.HttpHandler -- 

Request DefaultHttpRequest(decodeResult: success, version: HTTP/1.1)
POST /wd/hub/session/da647b3d1e66fd1dd37a67a376ea43f20167d90e/timeouts HTTP/1.1
User-Agent: appium/8.3.0 (selenium/4.8.0 (java mac))
Content-Length: 23
Content-Type: application/json; charset=utf-8
host: hub-cloud.browserstack.com
authorization: Basic Y2VzYXJzdGV2ZW5yaW9zdV9aNWtmdDg6WDJ2Z1hoM0xGdG85c0R4VVJid1A=
accept: */*

Response DefaultHttpResponse(decodeResult: success, version: HTTP/1.1)
HTTP/1.1 200 OK
Server: nginx
Date: Mon, 05 Jun 2023 06:54:09 GMT
Content-Type: application/json; charset=utf-8
Content-Length: 14
Connection: keep-alive
Source-From: 02
x-powered-by: Express
vary: X-HTTP-Method-Override
etag: W/"e-9/1BuKMgFObM1mWJm+YjxtXJnUM"

01:54:09.544 [AsyncHttpClient-1-2] DEBUG org.asynchttpclient.netty.channel.ChannelManager -- Adding key: https://hub-cloud.browserstack.com:443 for channel [id: 0x3ece9f08, L:/192.168.1.60:63594 - R:hub-cloud.browserstack.com/207.254.8.9:443]
01:54:09.548 [Forwarding findElement on session da647b3d1e66fd1dd37a67a376ea43f20167d90e to remote] DEBUG org.asynchttpclient.netty.request.NettyRequestSender -- Using pooled Channel '[id: 0x3ece9f08, L:/192.168.1.60:63594 - R:hub-cloud.browserstack.com/207.254.8.9:443]' for 'POST' to 'https://cesarstevenriosu_Z5kft8:X2vgXh3LFto9sDxURbwP@hub-cloud.browserstack.com/wd/hub/session/da647b3d1e66fd1dd37a67a376ea43f20167d90e/element'
01:54:09.548 [Forwarding findElement on session da647b3d1e66fd1dd37a67a376ea43f20167d90e to remote] DEBUG org.asynchttpclient.netty.request.NettyRequestSender -- Using open Channel [id: 0x3ece9f08, L:/192.168.1.60:63594 - R:hub-cloud.browserstack.com/207.254.8.9:443] for POST '/wd/hub/session/da647b3d1e66fd1dd37a67a376ea43f20167d90e/element'
01:54:09.919 [AsyncHttpClient-1-2] DEBUG org.asynchttpclient.netty.handler.HttpHandler -- 

Request DefaultHttpRequest(decodeResult: success, version: HTTP/1.1)
POST /wd/hub/session/da647b3d1e66fd1dd37a67a376ea43f20167d90e/element HTTP/1.1
User-Agent: appium/8.3.0 (selenium/4.8.0 (java mac))
Content-Length: 138
Content-Type: application/json; charset=utf-8
host: hub-cloud.browserstack.com
authorization: Basic Y2VzYXJzdGV2ZW5yaW9zdV9aNWtmdDg6WDJ2Z1hoM0xGdG85c0R4VVJid1A=
accept: */*

Response DefaultHttpResponse(decodeResult: success, version: HTTP/1.1)
HTTP/1.1 200 OK
Server: nginx
Date: Mon, 05 Jun 2023 06:54:10 GMT
Content-Type: application/json; charset=utf-8
Content-Length: 137
Connection: keep-alive
Source-From: 02
x-powered-by: Express
vary: X-HTTP-Method-Override
etag: W/"89-g3/Th/qE/97np6Xbw/dzyt6DJFM"

01:54:09.919 [AsyncHttpClient-1-2] DEBUG org.asynchttpclient.netty.channel.ChannelManager -- Adding key: https://hub-cloud.browserstack.com:443 for channel [id: 0x3ece9f08, L:/192.168.1.60:63594 - R:hub-cloud.browserstack.com/207.254.8.9:443]
01:54:09.928 [Forwarding setTimeout on session da647b3d1e66fd1dd37a67a376ea43f20167d90e to remote] DEBUG org.asynchttpclient.netty.request.NettyRequestSender -- Using pooled Channel '[id: 0x3ece9f08, L:/192.168.1.60:63594 - R:hub-cloud.browserstack.com/207.254.8.9:443]' for 'POST' to 'https://cesarstevenriosu_Z5kft8:X2vgXh3LFto9sDxURbwP@hub-cloud.browserstack.com/wd/hub/session/da647b3d1e66fd1dd37a67a376ea43f20167d90e/timeouts'
01:54:09.928 [Forwarding setTimeout on session da647b3d1e66fd1dd37a67a376ea43f20167d90e to remote] DEBUG org.asynchttpclient.netty.request.NettyRequestSender -- Using open Channel [id: 0x3ece9f08, L:/192.168.1.60:63594 - R:hub-cloud.browserstack.com/207.254.8.9:443] for POST '/wd/hub/session/da647b3d1e66fd1dd37a67a376ea43f20167d90e/timeouts'
01:54:10.167 [AsyncHttpClient-1-2] DEBUG org.asynchttpclient.netty.handler.HttpHandler -- 

Request DefaultHttpRequest(decodeResult: success, version: HTTP/1.1)
POST /wd/hub/session/da647b3d1e66fd1dd37a67a376ea43f20167d90e/timeouts HTTP/1.1
User-Agent: appium/8.3.0 (selenium/4.8.0 (java mac))
Content-Length: 23
Content-Type: application/json; charset=utf-8
host: hub-cloud.browserstack.com
authorization: Basic Y2VzYXJzdGV2ZW5yaW9zdV9aNWtmdDg6WDJ2Z1hoM0xGdG85c0R4VVJid1A=
accept: */*

Response DefaultHttpResponse(decodeResult: success, version: HTTP/1.1)
HTTP/1.1 200 OK
Server: nginx
Date: Mon, 05 Jun 2023 06:54:10 GMT
Content-Type: application/json; charset=utf-8
Content-Length: 14
Connection: keep-alive
Source-From: 02
x-powered-by: Express
vary: X-HTTP-Method-Override
etag: W/"e-9/1BuKMgFObM1mWJm+YjxtXJnUM"

01:54:10.168 [AsyncHttpClient-1-2] DEBUG org.asynchttpclient.netty.channel.ChannelManager -- Adding key: https://hub-cloud.browserstack.com:443 for channel [id: 0x3ece9f08, L:/192.168.1.60:63594 - R:hub-cloud.browserstack.com/207.254.8.9:443]
01:54:10.169 [Forwarding isElementDisplayed on session da647b3d1e66fd1dd37a67a376ea43f20167d90e to remote] DEBUG org.asynchttpclient.netty.request.NettyRequestSender -- Using pooled Channel '[id: 0x3ece9f08, L:/192.168.1.60:63594 - R:hub-cloud.browserstack.com/207.254.8.9:443]' for 'GET' to 'https://cesarstevenriosu_Z5kft8:X2vgXh3LFto9sDxURbwP@hub-cloud.browserstack.com/wd/hub/session/da647b3d1e66fd1dd37a67a376ea43f20167d90e/element/642a9467-17e0-4e93-b62a-67f513fadcb5/displayed'
01:54:10.169 [Forwarding isElementDisplayed on session da647b3d1e66fd1dd37a67a376ea43f20167d90e to remote] DEBUG org.asynchttpclient.netty.request.NettyRequestSender -- Using open Channel [id: 0x3ece9f08, L:/192.168.1.60:63594 - R:hub-cloud.browserstack.com/207.254.8.9:443] for GET '/wd/hub/session/da647b3d1e66fd1dd37a67a376ea43f20167d90e/element/642a9467-17e0-4e93-b62a-67f513fadcb5/displayed'
01:54:10.306 [AsyncHttpClient-1-2] DEBUG org.asynchttpclient.netty.handler.HttpHandler -- 

Request DefaultFullHttpRequest(decodeResult: success, version: HTTP/1.1, content: EmptyByteBufBE)
GET /wd/hub/session/da647b3d1e66fd1dd37a67a376ea43f20167d90e/element/642a9467-17e0-4e93-b62a-67f513fadcb5/displayed HTTP/1.1
User-Agent: appium/8.3.0 (selenium/4.8.0 (java mac))
Cache-Control: no-cache
Content-Type: application/json; charset=utf-8
host: hub-cloud.browserstack.com
authorization: Basic Y2VzYXJzdGV2ZW5yaW9zdV9aNWtmdDg6WDJ2Z1hoM0xGdG85c0R4VVJid1A=
accept: */*

Response DefaultHttpResponse(decodeResult: success, version: HTTP/1.1)
HTTP/1.1 200 OK
Server: nginx
Date: Mon, 05 Jun 2023 06:54:10 GMT
Content-Type: application/json; charset=utf-8
Content-Length: 14
Connection: keep-alive
Source-From: 02
x-powered-by: Express
etag: W/"e-2ZHvAWebNQpyjGZTg6uyV8/spTo"

01:54:10.307 [AsyncHttpClient-1-2] DEBUG org.asynchttpclient.netty.channel.ChannelManager -- Adding key: https://hub-cloud.browserstack.com:443 for channel [id: 0x3ece9f08, L:/192.168.1.60:63594 - R:hub-cloud.browserstack.com/207.254.8.9:443]
01:54:10.311 [Forwarding clickElement on session da647b3d1e66fd1dd37a67a376ea43f20167d90e to remote] DEBUG org.asynchttpclient.netty.request.NettyRequestSender -- Using pooled Channel '[id: 0x3ece9f08, L:/192.168.1.60:63594 - R:hub-cloud.browserstack.com/207.254.8.9:443]' for 'POST' to 'https://cesarstevenriosu_Z5kft8:X2vgXh3LFto9sDxURbwP@hub-cloud.browserstack.com/wd/hub/session/da647b3d1e66fd1dd37a67a376ea43f20167d90e/element/642a9467-17e0-4e93-b62a-67f513fadcb5/click'
01:54:10.312 [Forwarding clickElement on session da647b3d1e66fd1dd37a67a376ea43f20167d90e to remote] DEBUG org.asynchttpclient.netty.request.NettyRequestSender -- Using open Channel [id: 0x3ece9f08, L:/192.168.1.60:63594 - R:hub-cloud.browserstack.com/207.254.8.9:443] for POST '/wd/hub/session/da647b3d1e66fd1dd37a67a376ea43f20167d90e/element/642a9467-17e0-4e93-b62a-67f513fadcb5/click'
01:54:10.545 [AsyncHttpClient-1-2] DEBUG org.asynchttpclient.netty.handler.HttpHandler -- 

Request DefaultHttpRequest(decodeResult: success, version: HTTP/1.1)
POST /wd/hub/session/da647b3d1e66fd1dd37a67a376ea43f20167d90e/element/642a9467-17e0-4e93-b62a-67f513fadcb5/click HTTP/1.1
User-Agent: appium/8.3.0 (selenium/4.8.0 (java mac))
Content-Length: 50
Content-Type: application/json; charset=utf-8
host: hub-cloud.browserstack.com
authorization: Basic Y2VzYXJzdGV2ZW5yaW9zdV9aNWtmdDg6WDJ2Z1hoM0xGdG85c0R4VVJid1A=
accept: */*

Response DefaultHttpResponse(decodeResult: success, version: HTTP/1.1)
HTTP/1.1 200 OK
Server: nginx
Date: Mon, 05 Jun 2023 06:54:10 GMT
Content-Type: application/json; charset=utf-8
Content-Length: 14
Connection: keep-alive
Source-From: 02
x-powered-by: Express
vary: X-HTTP-Method-Override
etag: W/"e-9/1BuKMgFObM1mWJm+YjxtXJnUM"

01:54:10.545 [AsyncHttpClient-1-2] DEBUG org.asynchttpclient.netty.channel.ChannelManager -- Adding key: https://hub-cloud.browserstack.com:443 for channel [id: 0x3ece9f08, L:/192.168.1.60:63594 - R:hub-cloud.browserstack.com/207.254.8.9:443]
01:54:10.549 [Forwarding setTimeout on session da647b3d1e66fd1dd37a67a376ea43f20167d90e to remote] DEBUG org.asynchttpclient.netty.request.NettyRequestSender -- Using pooled Channel '[id: 0x3ece9f08, L:/192.168.1.60:63594 - R:hub-cloud.browserstack.com/207.254.8.9:443]' for 'POST' to 'https://cesarstevenriosu_Z5kft8:X2vgXh3LFto9sDxURbwP@hub-cloud.browserstack.com/wd/hub/session/da647b3d1e66fd1dd37a67a376ea43f20167d90e/timeouts'
01:54:10.549 [Forwarding setTimeout on session da647b3d1e66fd1dd37a67a376ea43f20167d90e to remote] DEBUG org.asynchttpclient.netty.request.NettyRequestSender -- Using open Channel [id: 0x3ece9f08, L:/192.168.1.60:63594 - R:hub-cloud.browserstack.com/207.254.8.9:443] for POST '/wd/hub/session/da647b3d1e66fd1dd37a67a376ea43f20167d90e/timeouts'
01:54:10.649 [AsyncHttpClient-1-2] DEBUG org.asynchttpclient.netty.handler.HttpHandler -- 

Request DefaultHttpRequest(decodeResult: success, version: HTTP/1.1)
POST /wd/hub/session/da647b3d1e66fd1dd37a67a376ea43f20167d90e/timeouts HTTP/1.1
User-Agent: appium/8.3.0 (selenium/4.8.0 (java mac))
Content-Length: 19
Content-Type: application/json; charset=utf-8
host: hub-cloud.browserstack.com
authorization: Basic Y2VzYXJzdGV2ZW5yaW9zdV9aNWtmdDg6WDJ2Z1hoM0xGdG85c0R4VVJid1A=
accept: */*

Response DefaultHttpResponse(decodeResult: success, version: HTTP/1.1)
HTTP/1.1 200 OK
Server: nginx
Date: Mon, 05 Jun 2023 06:54:10 GMT
Content-Type: application/json; charset=utf-8
Content-Length: 14
Connection: keep-alive
Source-From: 02
x-powered-by: Express
vary: X-HTTP-Method-Override
etag: W/"e-9/1BuKMgFObM1mWJm+YjxtXJnUM"

01:54:10.649 [AsyncHttpClient-1-2] DEBUG org.asynchttpclient.netty.channel.ChannelManager -- Adding key: https://hub-cloud.browserstack.com:443 for channel [id: 0x3ece9f08, L:/192.168.1.60:63594 - R:hub-cloud.browserstack.com/207.254.8.9:443]
01:54:10.652 [Forwarding findElement on session da647b3d1e66fd1dd37a67a376ea43f20167d90e to remote] DEBUG org.asynchttpclient.netty.request.NettyRequestSender -- Using pooled Channel '[id: 0x3ece9f08, L:/192.168.1.60:63594 - R:hub-cloud.browserstack.com/207.254.8.9:443]' for 'POST' to 'https://cesarstevenriosu_Z5kft8:X2vgXh3LFto9sDxURbwP@hub-cloud.browserstack.com/wd/hub/session/da647b3d1e66fd1dd37a67a376ea43f20167d90e/element'
01:54:10.652 [Forwarding findElement on session da647b3d1e66fd1dd37a67a376ea43f20167d90e to remote] DEBUG org.asynchttpclient.netty.request.NettyRequestSender -- Using open Channel [id: 0x3ece9f08, L:/192.168.1.60:63594 - R:hub-cloud.browserstack.com/207.254.8.9:443] for POST '/wd/hub/session/da647b3d1e66fd1dd37a67a376ea43f20167d90e/element'
01:54:11.342 [AsyncHttpClient-1-2] DEBUG org.asynchttpclient.netty.handler.HttpHandler -- 

Request DefaultHttpRequest(decodeResult: success, version: HTTP/1.1)
POST /wd/hub/session/da647b3d1e66fd1dd37a67a376ea43f20167d90e/element HTTP/1.1
User-Agent: appium/8.3.0 (selenium/4.8.0 (java mac))
Content-Length: 135
Content-Type: application/json; charset=utf-8
host: hub-cloud.browserstack.com
authorization: Basic Y2VzYXJzdGV2ZW5yaW9zdV9aNWtmdDg6WDJ2Z1hoM0xGdG85c0R4VVJid1A=
accept: */*

Response DefaultHttpResponse(decodeResult: success, version: HTTP/1.1)
HTTP/1.1 200 OK
Server: nginx
Date: Mon, 05 Jun 2023 06:54:11 GMT
Content-Type: application/json; charset=utf-8
Content-Length: 137
Connection: keep-alive
Source-From: 02
x-powered-by: Express
vary: X-HTTP-Method-Override
etag: W/"89-RWXrmcGHCyiRK/6eLRTqfQNVutg"

01:54:11.342 [AsyncHttpClient-1-2] DEBUG org.asynchttpclient.netty.channel.ChannelManager -- Adding key: https://hub-cloud.browserstack.com:443 for channel [id: 0x3ece9f08, L:/192.168.1.60:63594 - R:hub-cloud.browserstack.com/207.254.8.9:443]
01:54:11.346 [Forwarding setTimeout on session da647b3d1e66fd1dd37a67a376ea43f20167d90e to remote] DEBUG org.asynchttpclient.netty.request.NettyRequestSender -- Using pooled Channel '[id: 0x3ece9f08, L:/192.168.1.60:63594 - R:hub-cloud.browserstack.com/207.254.8.9:443]' for 'POST' to 'https://cesarstevenriosu_Z5kft8:X2vgXh3LFto9sDxURbwP@hub-cloud.browserstack.com/wd/hub/session/da647b3d1e66fd1dd37a67a376ea43f20167d90e/timeouts'
01:54:11.346 [Forwarding setTimeout on session da647b3d1e66fd1dd37a67a376ea43f20167d90e to remote] DEBUG org.asynchttpclient.netty.request.NettyRequestSender -- Using open Channel [id: 0x3ece9f08, L:/192.168.1.60:63594 - R:hub-cloud.browserstack.com/207.254.8.9:443] for POST '/wd/hub/session/da647b3d1e66fd1dd37a67a376ea43f20167d90e/timeouts'
01:54:11.487 [AsyncHttpClient-1-2] DEBUG org.asynchttpclient.netty.handler.HttpHandler -- 

Request DefaultHttpRequest(decodeResult: success, version: HTTP/1.1)
POST /wd/hub/session/da647b3d1e66fd1dd37a67a376ea43f20167d90e/timeouts HTTP/1.1
User-Agent: appium/8.3.0 (selenium/4.8.0 (java mac))
Content-Length: 23
Content-Type: application/json; charset=utf-8
host: hub-cloud.browserstack.com
authorization: Basic Y2VzYXJzdGV2ZW5yaW9zdV9aNWtmdDg6WDJ2Z1hoM0xGdG85c0R4VVJid1A=
accept: */*

Response DefaultHttpResponse(decodeResult: success, version: HTTP/1.1)
HTTP/1.1 200 OK
Server: nginx
Date: Mon, 05 Jun 2023 06:54:11 GMT
Content-Type: application/json; charset=utf-8
Content-Length: 14
Connection: keep-alive
Source-From: 02
x-powered-by: Express
vary: X-HTTP-Method-Override
etag: W/"e-9/1BuKMgFObM1mWJm+YjxtXJnUM"

01:54:11.487 [AsyncHttpClient-1-2] DEBUG org.asynchttpclient.netty.channel.ChannelManager -- Adding key: https://hub-cloud.browserstack.com:443 for channel [id: 0x3ece9f08, L:/192.168.1.60:63594 - R:hub-cloud.browserstack.com/207.254.8.9:443]
01:54:11.495 [Forwarding setTimeout on session da647b3d1e66fd1dd37a67a376ea43f20167d90e to remote] DEBUG org.asynchttpclient.netty.request.NettyRequestSender -- Using pooled Channel '[id: 0x3ece9f08, L:/192.168.1.60:63594 - R:hub-cloud.browserstack.com/207.254.8.9:443]' for 'POST' to 'https://cesarstevenriosu_Z5kft8:X2vgXh3LFto9sDxURbwP@hub-cloud.browserstack.com/wd/hub/session/da647b3d1e66fd1dd37a67a376ea43f20167d90e/timeouts'
01:54:11.495 [Forwarding setTimeout on session da647b3d1e66fd1dd37a67a376ea43f20167d90e to remote] DEBUG org.asynchttpclient.netty.request.NettyRequestSender -- Using open Channel [id: 0x3ece9f08, L:/192.168.1.60:63594 - R:hub-cloud.browserstack.com/207.254.8.9:443] for POST '/wd/hub/session/da647b3d1e66fd1dd37a67a376ea43f20167d90e/timeouts'
01:54:11.611 [AsyncHttpClient-1-2] DEBUG org.asynchttpclient.netty.handler.HttpHandler -- 

Request DefaultHttpRequest(decodeResult: success, version: HTTP/1.1)
POST /wd/hub/session/da647b3d1e66fd1dd37a67a376ea43f20167d90e/timeouts HTTP/1.1
User-Agent: appium/8.3.0 (selenium/4.8.0 (java mac))
Content-Length: 19
Content-Type: application/json; charset=utf-8
host: hub-cloud.browserstack.com
authorization: Basic Y2VzYXJzdGV2ZW5yaW9zdV9aNWtmdDg6WDJ2Z1hoM0xGdG85c0R4VVJid1A=
accept: */*

Response DefaultHttpResponse(decodeResult: success, version: HTTP/1.1)
HTTP/1.1 200 OK
Server: nginx
Date: Mon, 05 Jun 2023 06:54:11 GMT
Content-Type: application/json; charset=utf-8
Content-Length: 14
Connection: keep-alive
Source-From: 02
x-powered-by: Express
vary: X-HTTP-Method-Override
etag: W/"e-9/1BuKMgFObM1mWJm+YjxtXJnUM"

01:54:11.612 [AsyncHttpClient-1-2] DEBUG org.asynchttpclient.netty.channel.ChannelManager -- Adding key: https://hub-cloud.browserstack.com:443 for channel [id: 0x3ece9f08, L:/192.168.1.60:63594 - R:hub-cloud.browserstack.com/207.254.8.9:443]
01:54:11.616 [Forwarding findElement on session da647b3d1e66fd1dd37a67a376ea43f20167d90e to remote] DEBUG org.asynchttpclient.netty.request.NettyRequestSender -- Using pooled Channel '[id: 0x3ece9f08, L:/192.168.1.60:63594 - R:hub-cloud.browserstack.com/207.254.8.9:443]' for 'POST' to 'https://cesarstevenriosu_Z5kft8:X2vgXh3LFto9sDxURbwP@hub-cloud.browserstack.com/wd/hub/session/da647b3d1e66fd1dd37a67a376ea43f20167d90e/element'
01:54:11.616 [Forwarding findElement on session da647b3d1e66fd1dd37a67a376ea43f20167d90e to remote] DEBUG org.asynchttpclient.netty.request.NettyRequestSender -- Using open Channel [id: 0x3ece9f08, L:/192.168.1.60:63594 - R:hub-cloud.browserstack.com/207.254.8.9:443] for POST '/wd/hub/session/da647b3d1e66fd1dd37a67a376ea43f20167d90e/element'
01:54:11.872 [AsyncHttpClient-1-2] DEBUG org.asynchttpclient.netty.handler.HttpHandler -- 

Request DefaultHttpRequest(decodeResult: success, version: HTTP/1.1)
POST /wd/hub/session/da647b3d1e66fd1dd37a67a376ea43f20167d90e/element HTTP/1.1
User-Agent: appium/8.3.0 (selenium/4.8.0 (java mac))
Content-Length: 135
Content-Type: application/json; charset=utf-8
host: hub-cloud.browserstack.com
authorization: Basic Y2VzYXJzdGV2ZW5yaW9zdV9aNWtmdDg6WDJ2Z1hoM0xGdG85c0R4VVJid1A=
accept: */*

Response DefaultHttpResponse(decodeResult: success, version: HTTP/1.1)
HTTP/1.1 200 OK
Server: nginx
Date: Mon, 05 Jun 2023 06:54:11 GMT
Content-Type: application/json; charset=utf-8
Content-Length: 137
Connection: keep-alive
Source-From: 02
x-powered-by: Express
vary: X-HTTP-Method-Override
etag: W/"89-bGsqMLLW1cs9jhmtyjJbG/v6pog"

01:54:11.873 [AsyncHttpClient-1-2] DEBUG org.asynchttpclient.netty.channel.ChannelManager -- Adding key: https://hub-cloud.browserstack.com:443 for channel [id: 0x3ece9f08, L:/192.168.1.60:63594 - R:hub-cloud.browserstack.com/207.254.8.9:443]
01:54:11.875 [Forwarding setTimeout on session da647b3d1e66fd1dd37a67a376ea43f20167d90e to remote] DEBUG org.asynchttpclient.netty.request.NettyRequestSender -- Using pooled Channel '[id: 0x3ece9f08, L:/192.168.1.60:63594 - R:hub-cloud.browserstack.com/207.254.8.9:443]' for 'POST' to 'https://cesarstevenriosu_Z5kft8:X2vgXh3LFto9sDxURbwP@hub-cloud.browserstack.com/wd/hub/session/da647b3d1e66fd1dd37a67a376ea43f20167d90e/timeouts'
01:54:11.875 [Forwarding setTimeout on session da647b3d1e66fd1dd37a67a376ea43f20167d90e to remote] DEBUG org.asynchttpclient.netty.request.NettyRequestSender -- Using open Channel [id: 0x3ece9f08, L:/192.168.1.60:63594 - R:hub-cloud.browserstack.com/207.254.8.9:443] for POST '/wd/hub/session/da647b3d1e66fd1dd37a67a376ea43f20167d90e/timeouts'
01:54:11.996 [AsyncHttpClient-1-2] DEBUG org.asynchttpclient.netty.handler.HttpHandler -- 

Request DefaultHttpRequest(decodeResult: success, version: HTTP/1.1)
POST /wd/hub/session/da647b3d1e66fd1dd37a67a376ea43f20167d90e/timeouts HTTP/1.1
User-Agent: appium/8.3.0 (selenium/4.8.0 (java mac))
Content-Length: 23
Content-Type: application/json; charset=utf-8
host: hub-cloud.browserstack.com
authorization: Basic Y2VzYXJzdGV2ZW5yaW9zdV9aNWtmdDg6WDJ2Z1hoM0xGdG85c0R4VVJid1A=
accept: */*

Response DefaultHttpResponse(decodeResult: success, version: HTTP/1.1)
HTTP/1.1 200 OK
Server: nginx
Date: Mon, 05 Jun 2023 06:54:12 GMT
Content-Type: application/json; charset=utf-8
Content-Length: 14
Connection: keep-alive
Source-From: 02
x-powered-by: Express
vary: X-HTTP-Method-Override
etag: W/"e-9/1BuKMgFObM1mWJm+YjxtXJnUM"

01:54:11.996 [AsyncHttpClient-1-2] DEBUG org.asynchttpclient.netty.channel.ChannelManager -- Adding key: https://hub-cloud.browserstack.com:443 for channel [id: 0x3ece9f08, L:/192.168.1.60:63594 - R:hub-cloud.browserstack.com/207.254.8.9:443]
01:54:11.998 [Forwarding isElementDisplayed on session da647b3d1e66fd1dd37a67a376ea43f20167d90e to remote] DEBUG org.asynchttpclient.netty.request.NettyRequestSender -- Using pooled Channel '[id: 0x3ece9f08, L:/192.168.1.60:63594 - R:hub-cloud.browserstack.com/207.254.8.9:443]' for 'GET' to 'https://cesarstevenriosu_Z5kft8:X2vgXh3LFto9sDxURbwP@hub-cloud.browserstack.com/wd/hub/session/da647b3d1e66fd1dd37a67a376ea43f20167d90e/element/9776dddb-7bd8-444b-b721-7883556538c3/displayed'
01:54:11.998 [Forwarding isElementDisplayed on session da647b3d1e66fd1dd37a67a376ea43f20167d90e to remote] DEBUG org.asynchttpclient.netty.request.NettyRequestSender -- Using open Channel [id: 0x3ece9f08, L:/192.168.1.60:63594 - R:hub-cloud.browserstack.com/207.254.8.9:443] for GET '/wd/hub/session/da647b3d1e66fd1dd37a67a376ea43f20167d90e/element/9776dddb-7bd8-444b-b721-7883556538c3/displayed'
01:54:12.139 [AsyncHttpClient-1-2] DEBUG org.asynchttpclient.netty.handler.HttpHandler -- 

Request DefaultFullHttpRequest(decodeResult: success, version: HTTP/1.1, content: EmptyByteBufBE)
GET /wd/hub/session/da647b3d1e66fd1dd37a67a376ea43f20167d90e/element/9776dddb-7bd8-444b-b721-7883556538c3/displayed HTTP/1.1
User-Agent: appium/8.3.0 (selenium/4.8.0 (java mac))
Cache-Control: no-cache
Content-Type: application/json; charset=utf-8
host: hub-cloud.browserstack.com
authorization: Basic Y2VzYXJzdGV2ZW5yaW9zdV9aNWtmdDg6WDJ2Z1hoM0xGdG85c0R4VVJid1A=
accept: */*

Response DefaultHttpResponse(decodeResult: success, version: HTTP/1.1)
HTTP/1.1 200 OK
Server: nginx
Date: Mon, 05 Jun 2023 06:54:12 GMT
Content-Type: application/json; charset=utf-8
Content-Length: 14
Connection: keep-alive
Source-From: 02
x-powered-by: Express
etag: W/"e-2ZHvAWebNQpyjGZTg6uyV8/spTo"

01:54:12.140 [AsyncHttpClient-1-2] DEBUG org.asynchttpclient.netty.channel.ChannelManager -- Adding key: https://hub-cloud.browserstack.com:443 for channel [id: 0x3ece9f08, L:/192.168.1.60:63594 - R:hub-cloud.browserstack.com/207.254.8.9:443]
01:54:12.146 [Forwarding setTimeout on session da647b3d1e66fd1dd37a67a376ea43f20167d90e to remote] DEBUG org.asynchttpclient.netty.request.NettyRequestSender -- Using pooled Channel '[id: 0x3ece9f08, L:/192.168.1.60:63594 - R:hub-cloud.browserstack.com/207.254.8.9:443]' for 'POST' to 'https://cesarstevenriosu_Z5kft8:X2vgXh3LFto9sDxURbwP@hub-cloud.browserstack.com/wd/hub/session/da647b3d1e66fd1dd37a67a376ea43f20167d90e/timeouts'
01:54:12.146 [Forwarding setTimeout on session da647b3d1e66fd1dd37a67a376ea43f20167d90e to remote] DEBUG org.asynchttpclient.netty.request.NettyRequestSender -- Using open Channel [id: 0x3ece9f08, L:/192.168.1.60:63594 - R:hub-cloud.browserstack.com/207.254.8.9:443] for POST '/wd/hub/session/da647b3d1e66fd1dd37a67a376ea43f20167d90e/timeouts'
01:54:12.287 [AsyncHttpClient-1-2] DEBUG org.asynchttpclient.netty.handler.HttpHandler -- 

Request DefaultHttpRequest(decodeResult: success, version: HTTP/1.1)
POST /wd/hub/session/da647b3d1e66fd1dd37a67a376ea43f20167d90e/timeouts HTTP/1.1
User-Agent: appium/8.3.0 (selenium/4.8.0 (java mac))
Content-Length: 23
Content-Type: application/json; charset=utf-8
host: hub-cloud.browserstack.com
authorization: Basic Y2VzYXJzdGV2ZW5yaW9zdV9aNWtmdDg6WDJ2Z1hoM0xGdG85c0R4VVJid1A=
accept: */*

Response DefaultHttpResponse(decodeResult: success, version: HTTP/1.1)
HTTP/1.1 200 OK
Server: nginx
Date: Mon, 05 Jun 2023 06:54:12 GMT
Content-Type: application/json; charset=utf-8
Content-Length: 14
Connection: keep-alive
Source-From: 02
x-powered-by: Express
vary: X-HTTP-Method-Override
etag: W/"e-9/1BuKMgFObM1mWJm+YjxtXJnUM"

01:54:12.288 [AsyncHttpClient-1-2] DEBUG org.asynchttpclient.netty.channel.ChannelManager -- Adding key: https://hub-cloud.browserstack.com:443 for channel [id: 0x3ece9f08, L:/192.168.1.60:63594 - R:hub-cloud.browserstack.com/207.254.8.9:443]
01:54:12.290 [Forwarding findElement on session da647b3d1e66fd1dd37a67a376ea43f20167d90e to remote] DEBUG org.asynchttpclient.netty.request.NettyRequestSender -- Using pooled Channel '[id: 0x3ece9f08, L:/192.168.1.60:63594 - R:hub-cloud.browserstack.com/207.254.8.9:443]' for 'POST' to 'https://cesarstevenriosu_Z5kft8:X2vgXh3LFto9sDxURbwP@hub-cloud.browserstack.com/wd/hub/session/da647b3d1e66fd1dd37a67a376ea43f20167d90e/element'
01:54:12.290 [Forwarding findElement on session da647b3d1e66fd1dd37a67a376ea43f20167d90e to remote] DEBUG org.asynchttpclient.netty.request.NettyRequestSender -- Using open Channel [id: 0x3ece9f08, L:/192.168.1.60:63594 - R:hub-cloud.browserstack.com/207.254.8.9:443] for POST '/wd/hub/session/da647b3d1e66fd1dd37a67a376ea43f20167d90e/element'
01:54:12.491 [AsyncHttpClient-1-2] DEBUG org.asynchttpclient.netty.handler.HttpHandler -- 

Request DefaultHttpRequest(decodeResult: success, version: HTTP/1.1)
POST /wd/hub/session/da647b3d1e66fd1dd37a67a376ea43f20167d90e/element HTTP/1.1
User-Agent: appium/8.3.0 (selenium/4.8.0 (java mac))
Content-Length: 135
Content-Type: application/json; charset=utf-8
host: hub-cloud.browserstack.com
authorization: Basic Y2VzYXJzdGV2ZW5yaW9zdV9aNWtmdDg6WDJ2Z1hoM0xGdG85c0R4VVJid1A=
accept: */*

Response DefaultHttpResponse(decodeResult: success, version: HTTP/1.1)
HTTP/1.1 200 OK
Server: nginx
Date: Mon, 05 Jun 2023 06:54:12 GMT
Content-Type: application/json; charset=utf-8
Content-Length: 137
Connection: keep-alive
Source-From: 02
x-powered-by: Express
vary: X-HTTP-Method-Override
etag: W/"89-aki4WNpgnxmkN1JIoQMWyH7kud8"

01:54:12.492 [AsyncHttpClient-1-2] DEBUG org.asynchttpclient.netty.channel.ChannelManager -- Adding key: https://hub-cloud.browserstack.com:443 for channel [id: 0x3ece9f08, L:/192.168.1.60:63594 - R:hub-cloud.browserstack.com/207.254.8.9:443]
01:54:12.495 [Forwarding setTimeout on session da647b3d1e66fd1dd37a67a376ea43f20167d90e to remote] DEBUG org.asynchttpclient.netty.request.NettyRequestSender -- Using pooled Channel '[id: 0x3ece9f08, L:/192.168.1.60:63594 - R:hub-cloud.browserstack.com/207.254.8.9:443]' for 'POST' to 'https://cesarstevenriosu_Z5kft8:X2vgXh3LFto9sDxURbwP@hub-cloud.browserstack.com/wd/hub/session/da647b3d1e66fd1dd37a67a376ea43f20167d90e/timeouts'
01:54:12.495 [Forwarding setTimeout on session da647b3d1e66fd1dd37a67a376ea43f20167d90e to remote] DEBUG org.asynchttpclient.netty.request.NettyRequestSender -- Using open Channel [id: 0x3ece9f08, L:/192.168.1.60:63594 - R:hub-cloud.browserstack.com/207.254.8.9:443] for POST '/wd/hub/session/da647b3d1e66fd1dd37a67a376ea43f20167d90e/timeouts'
01:54:12.612 [AsyncHttpClient-1-2] DEBUG org.asynchttpclient.netty.handler.HttpHandler -- 

Request DefaultHttpRequest(decodeResult: success, version: HTTP/1.1)
POST /wd/hub/session/da647b3d1e66fd1dd37a67a376ea43f20167d90e/timeouts HTTP/1.1
User-Agent: appium/8.3.0 (selenium/4.8.0 (java mac))
Content-Length: 23
Content-Type: application/json; charset=utf-8
host: hub-cloud.browserstack.com
authorization: Basic Y2VzYXJzdGV2ZW5yaW9zdV9aNWtmdDg6WDJ2Z1hoM0xGdG85c0R4VVJid1A=
accept: */*

Response DefaultHttpResponse(decodeResult: success, version: HTTP/1.1)
HTTP/1.1 200 OK
Server: nginx
Date: Mon, 05 Jun 2023 06:54:12 GMT
Content-Type: application/json; charset=utf-8
Content-Length: 14
Connection: keep-alive
Source-From: 02
x-powered-by: Express
vary: X-HTTP-Method-Override
etag: W/"e-9/1BuKMgFObM1mWJm+YjxtXJnUM"

01:54:12.613 [AsyncHttpClient-1-2] DEBUG org.asynchttpclient.netty.channel.ChannelManager -- Adding key: https://hub-cloud.browserstack.com:443 for channel [id: 0x3ece9f08, L:/192.168.1.60:63594 - R:hub-cloud.browserstack.com/207.254.8.9:443]
01:54:12.615 [Forwarding isElementDisplayed on session da647b3d1e66fd1dd37a67a376ea43f20167d90e to remote] DEBUG org.asynchttpclient.netty.request.NettyRequestSender -- Using pooled Channel '[id: 0x3ece9f08, L:/192.168.1.60:63594 - R:hub-cloud.browserstack.com/207.254.8.9:443]' for 'GET' to 'https://cesarstevenriosu_Z5kft8:X2vgXh3LFto9sDxURbwP@hub-cloud.browserstack.com/wd/hub/session/da647b3d1e66fd1dd37a67a376ea43f20167d90e/element/01822c5d-b877-4847-af21-cdb83e26b581/displayed'
01:54:12.615 [Forwarding isElementDisplayed on session da647b3d1e66fd1dd37a67a376ea43f20167d90e to remote] DEBUG org.asynchttpclient.netty.request.NettyRequestSender -- Using open Channel [id: 0x3ece9f08, L:/192.168.1.60:63594 - R:hub-cloud.browserstack.com/207.254.8.9:443] for GET '/wd/hub/session/da647b3d1e66fd1dd37a67a376ea43f20167d90e/element/01822c5d-b877-4847-af21-cdb83e26b581/displayed'
01:54:12.738 [AsyncHttpClient-1-2] DEBUG org.asynchttpclient.netty.handler.HttpHandler -- 

Request DefaultFullHttpRequest(decodeResult: success, version: HTTP/1.1, content: EmptyByteBufBE)
GET /wd/hub/session/da647b3d1e66fd1dd37a67a376ea43f20167d90e/element/01822c5d-b877-4847-af21-cdb83e26b581/displayed HTTP/1.1
User-Agent: appium/8.3.0 (selenium/4.8.0 (java mac))
Cache-Control: no-cache
Content-Type: application/json; charset=utf-8
host: hub-cloud.browserstack.com
authorization: Basic Y2VzYXJzdGV2ZW5yaW9zdV9aNWtmdDg6WDJ2Z1hoM0xGdG85c0R4VVJid1A=
accept: */*

Response DefaultHttpResponse(decodeResult: success, version: HTTP/1.1)
HTTP/1.1 200 OK
Server: nginx
Date: Mon, 05 Jun 2023 06:54:12 GMT
Content-Type: application/json; charset=utf-8
Content-Length: 14
Connection: keep-alive
Source-From: 02
x-powered-by: Express
etag: W/"e-2ZHvAWebNQpyjGZTg6uyV8/spTo"

01:54:12.739 [AsyncHttpClient-1-2] DEBUG org.asynchttpclient.netty.channel.ChannelManager -- Adding key: https://hub-cloud.browserstack.com:443 for channel [id: 0x3ece9f08, L:/192.168.1.60:63594 - R:hub-cloud.browserstack.com/207.254.8.9:443]
01:54:12.741 [Forwarding isElementDisplayed on session da647b3d1e66fd1dd37a67a376ea43f20167d90e to remote] DEBUG org.asynchttpclient.netty.request.NettyRequestSender -- Using pooled Channel '[id: 0x3ece9f08, L:/192.168.1.60:63594 - R:hub-cloud.browserstack.com/207.254.8.9:443]' for 'GET' to 'https://cesarstevenriosu_Z5kft8:X2vgXh3LFto9sDxURbwP@hub-cloud.browserstack.com/wd/hub/session/da647b3d1e66fd1dd37a67a376ea43f20167d90e/element/01822c5d-b877-4847-af21-cdb83e26b581/displayed'
01:54:12.741 [Forwarding isElementDisplayed on session da647b3d1e66fd1dd37a67a376ea43f20167d90e to remote] DEBUG org.asynchttpclient.netty.request.NettyRequestSender -- Using open Channel [id: 0x3ece9f08, L:/192.168.1.60:63594 - R:hub-cloud.browserstack.com/207.254.8.9:443] for GET '/wd/hub/session/da647b3d1e66fd1dd37a67a376ea43f20167d90e/element/01822c5d-b877-4847-af21-cdb83e26b581/displayed'
01:54:12.921 [AsyncHttpClient-1-2] DEBUG org.asynchttpclient.netty.handler.HttpHandler -- 

Request DefaultFullHttpRequest(decodeResult: success, version: HTTP/1.1, content: EmptyByteBufBE)
GET /wd/hub/session/da647b3d1e66fd1dd37a67a376ea43f20167d90e/element/01822c5d-b877-4847-af21-cdb83e26b581/displayed HTTP/1.1
User-Agent: appium/8.3.0 (selenium/4.8.0 (java mac))
Cache-Control: no-cache
Content-Type: application/json; charset=utf-8
host: hub-cloud.browserstack.com
authorization: Basic Y2VzYXJzdGV2ZW5yaW9zdV9aNWtmdDg6WDJ2Z1hoM0xGdG85c0R4VVJid1A=
accept: */*

Response DefaultHttpResponse(decodeResult: success, version: HTTP/1.1)
HTTP/1.1 200 OK
Server: nginx
Date: Mon, 05 Jun 2023 06:54:13 GMT
Content-Type: application/json; charset=utf-8
Content-Length: 14
Connection: keep-alive
Source-From: 02
x-powered-by: Express
etag: W/"e-2ZHvAWebNQpyjGZTg6uyV8/spTo"

01:54:12.921 [AsyncHttpClient-1-2] DEBUG org.asynchttpclient.netty.channel.ChannelManager -- Adding key: https://hub-cloud.browserstack.com:443 for channel [id: 0x3ece9f08, L:/192.168.1.60:63594 - R:hub-cloud.browserstack.com/207.254.8.9:443]
01:54:12.937 [Forwarding screenshot on session da647b3d1e66fd1dd37a67a376ea43f20167d90e to remote] DEBUG org.asynchttpclient.netty.request.NettyRequestSender -- Using pooled Channel '[id: 0x3ece9f08, L:/192.168.1.60:63594 - R:hub-cloud.browserstack.com/207.254.8.9:443]' for 'GET' to 'https://cesarstevenriosu_Z5kft8:X2vgXh3LFto9sDxURbwP@hub-cloud.browserstack.com/wd/hub/session/da647b3d1e66fd1dd37a67a376ea43f20167d90e/screenshot'
01:54:12.937 [Forwarding screenshot on session da647b3d1e66fd1dd37a67a376ea43f20167d90e to remote] DEBUG org.asynchttpclient.netty.request.NettyRequestSender -- Using open Channel [id: 0x3ece9f08, L:/192.168.1.60:63594 - R:hub-cloud.browserstack.com/207.254.8.9:443] for GET '/wd/hub/session/da647b3d1e66fd1dd37a67a376ea43f20167d90e/screenshot'
01:54:13.456 [AsyncHttpClient-1-2] DEBUG org.asynchttpclient.netty.handler.HttpHandler -- 

Request DefaultFullHttpRequest(decodeResult: success, version: HTTP/1.1, content: EmptyByteBufBE)
GET /wd/hub/session/da647b3d1e66fd1dd37a67a376ea43f20167d90e/screenshot HTTP/1.1
User-Agent: appium/8.3.0 (selenium/4.8.0 (java mac))
Cache-Control: no-cache
Content-Type: application/json; charset=utf-8
host: hub-cloud.browserstack.com
authorization: Basic Y2VzYXJzdGV2ZW5yaW9zdV9aNWtmdDg6WDJ2Z1hoM0xGdG85c0R4VVJid1A=
accept: */*

Response DefaultHttpResponse(decodeResult: success, version: HTTP/1.1)
HTTP/1.1 200 OK
Server: nginx
Date: Mon, 05 Jun 2023 06:54:13 GMT
Content-Type: application/json; charset=utf-8
Content-Length: 122252
Connection: keep-alive
Source-From: 02
x-powered-by: Express
etag: W/"1dd8c-u3/2X7J3Y9PrUYgK2rFxmmVntEc"

01:54:13.669 [AsyncHttpClient-1-2] DEBUG org.asynchttpclient.netty.channel.ChannelManager -- Adding key: https://hub-cloud.browserstack.com:443 for channel [id: 0x3ece9f08, L:/192.168.1.60:63594 - R:hub-cloud.browserstack.com/207.254.8.9:443]
01:54:13.681 [main] DEBUG net.serenitybdd.core.photography.Darkroom -- Send negative for processing for target/site/serenity/3b4a0daacd7cac746428dd50d5cb5998beb05548e342fb9b0d226fbd569bf4ed.png
01:54:13.682 [Darkroom Processing Line] DEBUG net.serenitybdd.core.photography.DarkroomProcessingLine -- Processing screenshot image in /var/screenshots/screenshot-13229927317015502366
01:54:13.682 [Darkroom Processing Line] DEBUG net.serenitybdd.core.photography.DarkroomProcessingLine -- Saving screenshot to target/site/serenity/3b4a0daacd7cac746428dd50d5cb5998beb05548e342fb9b0d226fbd569bf4ed.png
01:54:13.682 [main] DEBUG net.thucydides.core.steps.StepInterceptor -- STEP DONE: goToLoginPage
  &amp#27;[32mGiven &amp#27;[0m&amp#27;[32mthat the user enters the login&amp#27;[0m                           &amp#27;[90m# stepDefinitions.SignInDefinitions.goToLoginScreen()&amp#27;[0m
01:54:13.694 [Forwarding getPageSource on session da647b3d1e66fd1dd37a67a376ea43f20167d90e to remote] DEBUG org.asynchttpclient.netty.request.NettyRequestSender -- Using pooled Channel '[id: 0x3ece9f08, L:/192.168.1.60:63594 - R:hub-cloud.browserstack.com/207.254.8.9:443]' for 'GET' to 'https://cesarstevenriosu_Z5kft8:X2vgXh3LFto9sDxURbwP@hub-cloud.browserstack.com/wd/hub/session/da647b3d1e66fd1dd37a67a376ea43f20167d90e/source'
01:54:13.694 [Forwarding getPageSource on session da647b3d1e66fd1dd37a67a376ea43f20167d90e to remote] DEBUG org.asynchttpclient.netty.request.NettyRequestSender -- Using open Channel [id: 0x3ece9f08, L:/192.168.1.60:63594 - R:hub-cloud.browserstack.com/207.254.8.9:443] for GET '/wd/hub/session/da647b3d1e66fd1dd37a67a376ea43f20167d90e/source'
01:54:13.976 [AsyncHttpClient-1-2] DEBUG org.asynchttpclient.netty.handler.HttpHandler -- 

Request DefaultFullHttpRequest(decodeResult: success, version: HTTP/1.1, content: EmptyByteBufBE)
GET /wd/hub/session/da647b3d1e66fd1dd37a67a376ea43f20167d90e/source HTTP/1.1
User-Agent: appium/8.3.0 (selenium/4.8.0 (java mac))
Cache-Control: no-cache
Content-Type: application/json; charset=utf-8
host: hub-cloud.browserstack.com
authorization: Basic Y2VzYXJzdGV2ZW5yaW9zdV9aNWtmdDg6WDJ2Z1hoM0xGdG85c0R4VVJid1A=
accept: */*

Response DefaultHttpResponse(decodeResult: success, version: HTTP/1.1)
HTTP/1.1 200 OK
Server: nginx
Date: Mon, 05 Jun 2023 06:54:14 GMT
Content-Type: application/json; charset=utf-8
Content-Length: 25267
Connection: keep-alive
Source-From: 02
x-powered-by: Express
etag: W/"62af-wF9zUITpdCWLJcP6o52xEf4kaA0"

01:54:13.979 [AsyncHttpClient-1-2] DEBUG org.asynchttpclient.netty.channel.ChannelManager -- Adding key: https://hub-cloud.browserstack.com:443 for channel [id: 0x3ece9f08, L:/192.168.1.60:63594 - R:hub-cloud.browserstack.com/207.254.8.9:443]
01:54:14.000 [Forwarding screenshot on session da647b3d1e66fd1dd37a67a376ea43f20167d90e to remote] DEBUG org.asynchttpclient.netty.request.NettyRequestSender -- Using pooled Channel '[id: 0x3ece9f08, L:/192.168.1.60:63594 - R:hub-cloud.browserstack.com/207.254.8.9:443]' for 'GET' to 'https://cesarstevenriosu_Z5kft8:X2vgXh3LFto9sDxURbwP@hub-cloud.browserstack.com/wd/hub/session/da647b3d1e66fd1dd37a67a376ea43f20167d90e/screenshot'
01:54:14.002 [Forwarding screenshot on session da647b3d1e66fd1dd37a67a376ea43f20167d90e to remote] DEBUG org.asynchttpclient.netty.request.NettyRequestSender -- Using open Channel [id: 0x3ece9f08, L:/192.168.1.60:63594 - R:hub-cloud.browserstack.com/207.254.8.9:443] for GET '/wd/hub/session/da647b3d1e66fd1dd37a67a376ea43f20167d90e/screenshot'
01:54:14.444 [AsyncHttpClient-1-2] DEBUG org.asynchttpclient.netty.handler.HttpHandler -- 

Request DefaultFullHttpRequest(decodeResult: success, version: HTTP/1.1, content: EmptyByteBufBE)
GET /wd/hub/session/da647b3d1e66fd1dd37a67a376ea43f20167d90e/screenshot HTTP/1.1
User-Agent: appium/8.3.0 (selenium/4.8.0 (java mac))
Cache-Control: no-cache
Content-Type: application/json; charset=utf-8
host: hub-cloud.browserstack.com
authorization: Basic Y2VzYXJzdGV2ZW5yaW9zdV9aNWtmdDg6WDJ2Z1hoM0xGdG85c0R4VVJid1A=
accept: */*

Response DefaultHttpResponse(decodeResult: success, version: HTTP/1.1)
HTTP/1.1 200 OK
Server: nginx
Date: Mon, 05 Jun 2023 06:54:14 GMT
Content-Type: application/json; charset=utf-8
Content-Length: 122252
Connection: keep-alive
Source-From: 02
x-powered-by: Express
etag: W/"1dd8c-u3/2X7J3Y9PrUYgK2rFxmmVntEc"

01:54:14.613 [AsyncHttpClient-1-2] DEBUG org.asynchttpclient.netty.channel.ChannelManager -- Adding key: https://hub-cloud.browserstack.com:443 for channel [id: 0x3ece9f08, L:/192.168.1.60:63594 - R:hub-cloud.browserstack.com/207.254.8.9:443]
01:54:14.623 [main] DEBUG net.serenitybdd.core.photography.Darkroom -- Send negative for processing for target/site/serenity/3b4a0daacd7cac746428dd50d5cb5998beb05548e342fb9b0d226fbd569bf4ed.png
01:54:14.625 [Forwarding getPageSource on session da647b3d1e66fd1dd37a67a376ea43f20167d90e to remote] DEBUG org.asynchttpclient.netty.request.NettyRequestSender -- Using pooled Channel '[id: 0x3ece9f08, L:/192.168.1.60:63594 - R:hub-cloud.browserstack.com/207.254.8.9:443]' for 'GET' to 'https://cesarstevenriosu_Z5kft8:X2vgXh3LFto9sDxURbwP@hub-cloud.browserstack.com/wd/hub/session/da647b3d1e66fd1dd37a67a376ea43f20167d90e/source'
01:54:14.625 [Forwarding getPageSource on session da647b3d1e66fd1dd37a67a376ea43f20167d90e to remote] DEBUG org.asynchttpclient.netty.request.NettyRequestSender -- Using open Channel [id: 0x3ece9f08, L:/192.168.1.60:63594 - R:hub-cloud.browserstack.com/207.254.8.9:443] for GET '/wd/hub/session/da647b3d1e66fd1dd37a67a376ea43f20167d90e/source'
01:54:14.801 [AsyncHttpClient-1-2] DEBUG org.asynchttpclient.netty.handler.HttpHandler -- 

Request DefaultFullHttpRequest(decodeResult: success, version: HTTP/1.1, content: EmptyByteBufBE)
GET /wd/hub/session/da647b3d1e66fd1dd37a67a376ea43f20167d90e/source HTTP/1.1
User-Agent: appium/8.3.0 (selenium/4.8.0 (java mac))
Cache-Control: no-cache
Content-Type: application/json; charset=utf-8
host: hub-cloud.browserstack.com
authorization: Basic Y2VzYXJzdGV2ZW5yaW9zdV9aNWtmdDg6WDJ2Z1hoM0xGdG85c0R4VVJid1A=
accept: */*

Response DefaultHttpResponse(decodeResult: success, version: HTTP/1.1)
HTTP/1.1 200 OK
Server: nginx
Date: Mon, 05 Jun 2023 06:54:14 GMT
Content-Type: application/json; charset=utf-8
Content-Length: 25267
Connection: keep-alive
Source-From: 02
x-powered-by: Express
etag: W/"62af-wF9zUITpdCWLJcP6o52xEf4kaA0"

01:54:14.803 [AsyncHttpClient-1-2] DEBUG org.asynchttpclient.netty.channel.ChannelManager -- Adding key: https://hub-cloud.browserstack.com:443 for channel [id: 0x3ece9f08, L:/192.168.1.60:63594 - R:hub-cloud.browserstack.com/207.254.8.9:443]
01:54:14.823 [main] DEBUG net.thucydides.core.steps.StepInterceptor -- STARTING STEP: SignInDefinitions.signInUser - signInUser
01:54:14.825 [Forwarding setTimeout on session da647b3d1e66fd1dd37a67a376ea43f20167d90e to remote] DEBUG org.asynchttpclient.netty.request.NettyRequestSender -- Using pooled Channel '[id: 0x3ece9f08, L:/192.168.1.60:63594 - R:hub-cloud.browserstack.com/207.254.8.9:443]' for 'POST' to 'https://cesarstevenriosu_Z5kft8:X2vgXh3LFto9sDxURbwP@hub-cloud.browserstack.com/wd/hub/session/da647b3d1e66fd1dd37a67a376ea43f20167d90e/timeouts'
01:54:14.825 [Forwarding setTimeout on session da647b3d1e66fd1dd37a67a376ea43f20167d90e to remote] DEBUG org.asynchttpclient.netty.request.NettyRequestSender -- Using open Channel [id: 0x3ece9f08, L:/192.168.1.60:63594 - R:hub-cloud.browserstack.com/207.254.8.9:443] for POST '/wd/hub/session/da647b3d1e66fd1dd37a67a376ea43f20167d90e/timeouts'
01:54:14.956 [AsyncHttpClient-1-2] DEBUG org.asynchttpclient.netty.handler.HttpHandler -- 

Request DefaultHttpRequest(decodeResult: success, version: HTTP/1.1)
POST /wd/hub/session/da647b3d1e66fd1dd37a67a376ea43f20167d90e/timeouts HTTP/1.1
User-Agent: appium/8.3.0 (selenium/4.8.0 (java mac))
Content-Length: 19
Content-Type: application/json; charset=utf-8
host: hub-cloud.browserstack.com
authorization: Basic Y2VzYXJzdGV2ZW5yaW9zdV9aNWtmdDg6WDJ2Z1hoM0xGdG85c0R4VVJid1A=
accept: */*

Response DefaultHttpResponse(decodeResult: success, version: HTTP/1.1)
HTTP/1.1 200 OK
Server: nginx
Date: Mon, 05 Jun 2023 06:54:15 GMT
Content-Type: application/json; charset=utf-8
Content-Length: 14
Connection: keep-alive
Source-From: 02
x-powered-by: Express
vary: X-HTTP-Method-Override
etag: W/"e-9/1BuKMgFObM1mWJm+YjxtXJnUM"

01:54:14.956 [AsyncHttpClient-1-2] DEBUG org.asynchttpclient.netty.channel.ChannelManager -- Adding key: https://hub-cloud.browserstack.com:443 for channel [id: 0x3ece9f08, L:/192.168.1.60:63594 - R:hub-cloud.browserstack.com/207.254.8.9:443]
01:54:14.958 [Forwarding findElement on session da647b3d1e66fd1dd37a67a376ea43f20167d90e to remote] DEBUG org.asynchttpclient.netty.request.NettyRequestSender -- Using pooled Channel '[id: 0x3ece9f08, L:/192.168.1.60:63594 - R:hub-cloud.browserstack.com/207.254.8.9:443]' for 'POST' to 'https://cesarstevenriosu_Z5kft8:X2vgXh3LFto9sDxURbwP@hub-cloud.browserstack.com/wd/hub/session/da647b3d1e66fd1dd37a67a376ea43f20167d90e/element'
01:54:14.958 [Forwarding findElement on session da647b3d1e66fd1dd37a67a376ea43f20167d90e to remote] DEBUG org.asynchttpclient.netty.request.NettyRequestSender -- Using open Channel [id: 0x3ece9f08, L:/192.168.1.60:63594 - R:hub-cloud.browserstack.com/207.254.8.9:443] for POST '/wd/hub/session/da647b3d1e66fd1dd37a67a376ea43f20167d90e/element'
01:54:15.170 [AsyncHttpClient-1-2] DEBUG org.asynchttpclient.netty.handler.HttpHandler -- 

Request DefaultHttpRequest(decodeResult: success, version: HTTP/1.1)
POST /wd/hub/session/da647b3d1e66fd1dd37a67a376ea43f20167d90e/element HTTP/1.1
User-Agent: appium/8.3.0 (selenium/4.8.0 (java mac))
Content-Length: 190
Content-Type: application/json; charset=utf-8
host: hub-cloud.browserstack.com
authorization: Basic Y2VzYXJzdGV2ZW5yaW9zdV9aNWtmdDg6WDJ2Z1hoM0xGdG85c0R4VVJid1A=
accept: */*

Response DefaultHttpResponse(decodeResult: success, version: HTTP/1.1)
HTTP/1.1 200 OK
Server: nginx
Date: Mon, 05 Jun 2023 06:54:15 GMT
Content-Type: application/json; charset=utf-8
Content-Length: 137
Connection: keep-alive
Source-From: 02
x-powered-by: Express
vary: X-HTTP-Method-Override
etag: W/"89-ElDdcvhonBRja0vuiEFZpotLnmw"

01:54:15.171 [AsyncHttpClient-1-2] DEBUG org.asynchttpclient.netty.channel.ChannelManager -- Adding key: https://hub-cloud.browserstack.com:443 for channel [id: 0x3ece9f08, L:/192.168.1.60:63594 - R:hub-cloud.browserstack.com/207.254.8.9:443]
01:54:15.174 [Forwarding setTimeout on session da647b3d1e66fd1dd37a67a376ea43f20167d90e to remote] DEBUG org.asynchttpclient.netty.request.NettyRequestSender -- Using pooled Channel '[id: 0x3ece9f08, L:/192.168.1.60:63594 - R:hub-cloud.browserstack.com/207.254.8.9:443]' for 'POST' to 'https://cesarstevenriosu_Z5kft8:X2vgXh3LFto9sDxURbwP@hub-cloud.browserstack.com/wd/hub/session/da647b3d1e66fd1dd37a67a376ea43f20167d90e/timeouts'
01:54:15.174 [Forwarding setTimeout on session da647b3d1e66fd1dd37a67a376ea43f20167d90e to remote] DEBUG org.asynchttpclient.netty.request.NettyRequestSender -- Using open Channel [id: 0x3ece9f08, L:/192.168.1.60:63594 - R:hub-cloud.browserstack.com/207.254.8.9:443] for POST '/wd/hub/session/da647b3d1e66fd1dd37a67a376ea43f20167d90e/timeouts'
01:54:15.283 [AsyncHttpClient-1-2] DEBUG org.asynchttpclient.netty.handler.HttpHandler -- 

Request DefaultHttpRequest(decodeResult: success, version: HTTP/1.1)
POST /wd/hub/session/da647b3d1e66fd1dd37a67a376ea43f20167d90e/timeouts HTTP/1.1
User-Agent: appium/8.3.0 (selenium/4.8.0 (java mac))
Content-Length: 23
Content-Type: application/json; charset=utf-8
host: hub-cloud.browserstack.com
authorization: Basic Y2VzYXJzdGV2ZW5yaW9zdV9aNWtmdDg6WDJ2Z1hoM0xGdG85c0R4VVJid1A=
accept: */*

Response DefaultHttpResponse(decodeResult: success, version: HTTP/1.1)
HTTP/1.1 200 OK
Server: nginx
Date: Mon, 05 Jun 2023 06:54:15 GMT
Content-Type: application/json; charset=utf-8
Content-Length: 14
Connection: keep-alive
Source-From: 02
x-powered-by: Express
vary: X-HTTP-Method-Override
etag: W/"e-9/1BuKMgFObM1mWJm+YjxtXJnUM"

01:54:15.284 [AsyncHttpClient-1-2] DEBUG org.asynchttpclient.netty.channel.ChannelManager -- Adding key: https://hub-cloud.browserstack.com:443 for channel [id: 0x3ece9f08, L:/192.168.1.60:63594 - R:hub-cloud.browserstack.com/207.254.8.9:443]
01:54:15.289 [Forwarding setTimeout on session da647b3d1e66fd1dd37a67a376ea43f20167d90e to remote] DEBUG org.asynchttpclient.netty.request.NettyRequestSender -- Using pooled Channel '[id: 0x3ece9f08, L:/192.168.1.60:63594 - R:hub-cloud.browserstack.com/207.254.8.9:443]' for 'POST' to 'https://cesarstevenriosu_Z5kft8:X2vgXh3LFto9sDxURbwP@hub-cloud.browserstack.com/wd/hub/session/da647b3d1e66fd1dd37a67a376ea43f20167d90e/timeouts'
01:54:15.289 [Forwarding setTimeout on session da647b3d1e66fd1dd37a67a376ea43f20167d90e to remote] DEBUG org.asynchttpclient.netty.request.NettyRequestSender -- Using open Channel [id: 0x3ece9f08, L:/192.168.1.60:63594 - R:hub-cloud.browserstack.com/207.254.8.9:443] for POST '/wd/hub/session/da647b3d1e66fd1dd37a67a376ea43f20167d90e/timeouts'
01:54:15.445 [AsyncHttpClient-1-2] DEBUG org.asynchttpclient.netty.handler.HttpHandler -- 

Request DefaultHttpRequest(decodeResult: success, version: HTTP/1.1)
POST /wd/hub/session/da647b3d1e66fd1dd37a67a376ea43f20167d90e/timeouts HTTP/1.1
User-Agent: appium/8.3.0 (selenium/4.8.0 (java mac))
Content-Length: 19
Content-Type: application/json; charset=utf-8
host: hub-cloud.browserstack.com
authorization: Basic Y2VzYXJzdGV2ZW5yaW9zdV9aNWtmdDg6WDJ2Z1hoM0xGdG85c0R4VVJid1A=
accept: */*

Response DefaultHttpResponse(decodeResult: success, version: HTTP/1.1)
HTTP/1.1 200 OK
Server: nginx
Date: Mon, 05 Jun 2023 06:54:15 GMT
Content-Type: application/json; charset=utf-8
Content-Length: 14
Connection: keep-alive
Source-From: 02
x-powered-by: Express
vary: X-HTTP-Method-Override
etag: W/"e-9/1BuKMgFObM1mWJm+YjxtXJnUM"

01:54:15.446 [AsyncHttpClient-1-2] DEBUG org.asynchttpclient.netty.channel.ChannelManager -- Adding key: https://hub-cloud.browserstack.com:443 for channel [id: 0x3ece9f08, L:/192.168.1.60:63594 - R:hub-cloud.browserstack.com/207.254.8.9:443]
01:54:15.450 [Forwarding findElement on session da647b3d1e66fd1dd37a67a376ea43f20167d90e to remote] DEBUG org.asynchttpclient.netty.request.NettyRequestSender -- Using pooled Channel '[id: 0x3ece9f08, L:/192.168.1.60:63594 - R:hub-cloud.browserstack.com/207.254.8.9:443]' for 'POST' to 'https://cesarstevenriosu_Z5kft8:X2vgXh3LFto9sDxURbwP@hub-cloud.browserstack.com/wd/hub/session/da647b3d1e66fd1dd37a67a376ea43f20167d90e/element'
01:54:15.450 [Forwarding findElement on session da647b3d1e66fd1dd37a67a376ea43f20167d90e to remote] DEBUG org.asynchttpclient.netty.request.NettyRequestSender -- Using open Channel [id: 0x3ece9f08, L:/192.168.1.60:63594 - R:hub-cloud.browserstack.com/207.254.8.9:443] for POST '/wd/hub/session/da647b3d1e66fd1dd37a67a376ea43f20167d90e/element'
01:54:15.612 [AsyncHttpClient-1-2] DEBUG org.asynchttpclient.netty.handler.HttpHandler -- 

Request DefaultHttpRequest(decodeResult: success, version: HTTP/1.1)
POST /wd/hub/session/da647b3d1e66fd1dd37a67a376ea43f20167d90e/element HTTP/1.1
User-Agent: appium/8.3.0 (selenium/4.8.0 (java mac))
Content-Length: 190
Content-Type: application/json; charset=utf-8
host: hub-cloud.browserstack.com
authorization: Basic Y2VzYXJzdGV2ZW5yaW9zdV9aNWtmdDg6WDJ2Z1hoM0xGdG85c0R4VVJid1A=
accept: */*

Response DefaultHttpResponse(decodeResult: success, version: HTTP/1.1)
HTTP/1.1 200 OK
Server: nginx
Date: Mon, 05 Jun 2023 06:54:15 GMT
Content-Type: application/json; charset=utf-8
Content-Length: 137
Connection: keep-alive
Source-From: 02
x-powered-by: Express
vary: X-HTTP-Method-Override
etag: W/"89-WwC8UMtvP27fe+BjXsMw4xmdNng"

01:54:15.613 [AsyncHttpClient-1-2] DEBUG org.asynchttpclient.netty.channel.ChannelManager -- Adding key: https://hub-cloud.browserstack.com:443 for channel [id: 0x3ece9f08, L:/192.168.1.60:63594 - R:hub-cloud.browserstack.com/207.254.8.9:443]
01:54:15.616 [Forwarding setTimeout on session da647b3d1e66fd1dd37a67a376ea43f20167d90e to remote] DEBUG org.asynchttpclient.netty.request.NettyRequestSender -- Using pooled Channel '[id: 0x3ece9f08, L:/192.168.1.60:63594 - R:hub-cloud.browserstack.com/207.254.8.9:443]' for 'POST' to 'https://cesarstevenriosu_Z5kft8:X2vgXh3LFto9sDxURbwP@hub-cloud.browserstack.com/wd/hub/session/da647b3d1e66fd1dd37a67a376ea43f20167d90e/timeouts'
01:54:15.616 [Forwarding setTimeout on session da647b3d1e66fd1dd37a67a376ea43f20167d90e to remote] DEBUG org.asynchttpclient.netty.request.NettyRequestSender -- Using open Channel [id: 0x3ece9f08, L:/192.168.1.60:63594 - R:hub-cloud.browserstack.com/207.254.8.9:443] for POST '/wd/hub/session/da647b3d1e66fd1dd37a67a376ea43f20167d90e/timeouts'
01:54:15.723 [AsyncHttpClient-1-2] DEBUG org.asynchttpclient.netty.handler.HttpHandler -- 

Request DefaultHttpRequest(decodeResult: success, version: HTTP/1.1)
POST /wd/hub/session/da647b3d1e66fd1dd37a67a376ea43f20167d90e/timeouts HTTP/1.1
User-Agent: appium/8.3.0 (selenium/4.8.0 (java mac))
Content-Length: 23
Content-Type: application/json; charset=utf-8
host: hub-cloud.browserstack.com
authorization: Basic Y2VzYXJzdGV2ZW5yaW9zdV9aNWtmdDg6WDJ2Z1hoM0xGdG85c0R4VVJid1A=
accept: */*

Response DefaultHttpResponse(decodeResult: success, version: HTTP/1.1)
HTTP/1.1 200 OK
Server: nginx
Date: Mon, 05 Jun 2023 06:54:15 GMT
Content-Type: application/json; charset=utf-8
Content-Length: 14
Connection: keep-alive
Source-From: 02
x-powered-by: Express
vary: X-HTTP-Method-Override
etag: W/"e-9/1BuKMgFObM1mWJm+YjxtXJnUM"

01:54:15.724 [AsyncHttpClient-1-2] DEBUG org.asynchttpclient.netty.channel.ChannelManager -- Adding key: https://hub-cloud.browserstack.com:443 for channel [id: 0x3ece9f08, L:/192.168.1.60:63594 - R:hub-cloud.browserstack.com/207.254.8.9:443]
01:54:15.725 [Forwarding isElementDisplayed on session da647b3d1e66fd1dd37a67a376ea43f20167d90e to remote] DEBUG org.asynchttpclient.netty.request.NettyRequestSender -- Using pooled Channel '[id: 0x3ece9f08, L:/192.168.1.60:63594 - R:hub-cloud.browserstack.com/207.254.8.9:443]' for 'GET' to 'https://cesarstevenriosu_Z5kft8:X2vgXh3LFto9sDxURbwP@hub-cloud.browserstack.com/wd/hub/session/da647b3d1e66fd1dd37a67a376ea43f20167d90e/element/7a681859-0062-4d03-a83f-64732c3994a5/displayed'
01:54:15.726 [Forwarding isElementDisplayed on session da647b3d1e66fd1dd37a67a376ea43f20167d90e to remote] DEBUG org.asynchttpclient.netty.request.NettyRequestSender -- Using open Channel [id: 0x3ece9f08, L:/192.168.1.60:63594 - R:hub-cloud.browserstack.com/207.254.8.9:443] for GET '/wd/hub/session/da647b3d1e66fd1dd37a67a376ea43f20167d90e/element/7a681859-0062-4d03-a83f-64732c3994a5/displayed'
01:54:15.952 [AsyncHttpClient-1-2] DEBUG org.asynchttpclient.netty.handler.HttpHandler -- 

Request DefaultFullHttpRequest(decodeResult: success, version: HTTP/1.1, content: EmptyByteBufBE)
GET /wd/hub/session/da647b3d1e66fd1dd37a67a376ea43f20167d90e/element/7a681859-0062-4d03-a83f-64732c3994a5/displayed HTTP/1.1
User-Agent: appium/8.3.0 (selenium/4.8.0 (java mac))
Cache-Control: no-cache
Content-Type: application/json; charset=utf-8
host: hub-cloud.browserstack.com
authorization: Basic Y2VzYXJzdGV2ZW5yaW9zdV9aNWtmdDg6WDJ2Z1hoM0xGdG85c0R4VVJid1A=
accept: */*

Response DefaultHttpResponse(decodeResult: success, version: HTTP/1.1)
HTTP/1.1 200 OK
Server: nginx
Date: Mon, 05 Jun 2023 06:54:16 GMT
Content-Type: application/json; charset=utf-8
Content-Length: 14
Connection: keep-alive
Source-From: 02
x-powered-by: Express
etag: W/"e-2ZHvAWebNQpyjGZTg6uyV8/spTo"

01:54:15.953 [AsyncHttpClient-1-2] DEBUG org.asynchttpclient.netty.channel.ChannelManager -- Adding key: https://hub-cloud.browserstack.com:443 for channel [id: 0x3ece9f08, L:/192.168.1.60:63594 - R:hub-cloud.browserstack.com/207.254.8.9:443]
01:54:15.958 [Forwarding setTimeout on session da647b3d1e66fd1dd37a67a376ea43f20167d90e to remote] DEBUG org.asynchttpclient.netty.request.NettyRequestSender -- Using pooled Channel '[id: 0x3ece9f08, L:/192.168.1.60:63594 - R:hub-cloud.browserstack.com/207.254.8.9:443]' for 'POST' to 'https://cesarstevenriosu_Z5kft8:X2vgXh3LFto9sDxURbwP@hub-cloud.browserstack.com/wd/hub/session/da647b3d1e66fd1dd37a67a376ea43f20167d90e/timeouts'
01:54:15.958 [Forwarding setTimeout on session da647b3d1e66fd1dd37a67a376ea43f20167d90e to remote] DEBUG org.asynchttpclient.netty.request.NettyRequestSender -- Using open Channel [id: 0x3ece9f08, L:/192.168.1.60:63594 - R:hub-cloud.browserstack.com/207.254.8.9:443] for POST '/wd/hub/session/da647b3d1e66fd1dd37a67a376ea43f20167d90e/timeouts'
01:54:16.064 [AsyncHttpClient-1-2] DEBUG org.asynchttpclient.netty.handler.HttpHandler -- 

Request DefaultHttpRequest(decodeResult: success, version: HTTP/1.1)
POST /wd/hub/session/da647b3d1e66fd1dd37a67a376ea43f20167d90e/timeouts HTTP/1.1
User-Agent: appium/8.3.0 (selenium/4.8.0 (java mac))
Content-Length: 23
Content-Type: application/json; charset=utf-8
host: hub-cloud.browserstack.com
authorization: Basic Y2VzYXJzdGV2ZW5yaW9zdV9aNWtmdDg6WDJ2Z1hoM0xGdG85c0R4VVJid1A=
accept: */*

Response DefaultHttpResponse(decodeResult: success, version: HTTP/1.1)
HTTP/1.1 200 OK
Server: nginx
Date: Mon, 05 Jun 2023 06:54:16 GMT
Content-Type: application/json; charset=utf-8
Content-Length: 14
Connection: keep-alive
Source-From: 02
x-powered-by: Express
vary: X-HTTP-Method-Override
etag: W/"e-9/1BuKMgFObM1mWJm+YjxtXJnUM"

01:54:16.064 [AsyncHttpClient-1-2] DEBUG org.asynchttpclient.netty.channel.ChannelManager -- Adding key: https://hub-cloud.browserstack.com:443 for channel [id: 0x3ece9f08, L:/192.168.1.60:63594 - R:hub-cloud.browserstack.com/207.254.8.9:443]
01:54:16.067 [Forwarding findElement on session da647b3d1e66fd1dd37a67a376ea43f20167d90e to remote] DEBUG org.asynchttpclient.netty.request.NettyRequestSender -- Using pooled Channel '[id: 0x3ece9f08, L:/192.168.1.60:63594 - R:hub-cloud.browserstack.com/207.254.8.9:443]' for 'POST' to 'https://cesarstevenriosu_Z5kft8:X2vgXh3LFto9sDxURbwP@hub-cloud.browserstack.com/wd/hub/session/da647b3d1e66fd1dd37a67a376ea43f20167d90e/element'
01:54:16.067 [Forwarding findElement on session da647b3d1e66fd1dd37a67a376ea43f20167d90e to remote] DEBUG org.asynchttpclient.netty.request.NettyRequestSender -- Using open Channel [id: 0x3ece9f08, L:/192.168.1.60:63594 - R:hub-cloud.browserstack.com/207.254.8.9:443] for POST '/wd/hub/session/da647b3d1e66fd1dd37a67a376ea43f20167d90e/element'
01:54:16.219 [AsyncHttpClient-1-2] DEBUG org.asynchttpclient.netty.handler.HttpHandler -- 

Request DefaultHttpRequest(decodeResult: success, version: HTTP/1.1)
POST /wd/hub/session/da647b3d1e66fd1dd37a67a376ea43f20167d90e/element HTTP/1.1
User-Agent: appium/8.3.0 (selenium/4.8.0 (java mac))
Content-Length: 190
Content-Type: application/json; charset=utf-8
host: hub-cloud.browserstack.com
authorization: Basic Y2VzYXJzdGV2ZW5yaW9zdV9aNWtmdDg6WDJ2Z1hoM0xGdG85c0R4VVJid1A=
accept: */*

Response DefaultHttpResponse(decodeResult: success, version: HTTP/1.1)
HTTP/1.1 200 OK
Server: nginx
Date: Mon, 05 Jun 2023 06:54:16 GMT
Content-Type: application/json; charset=utf-8
Content-Length: 137
Connection: keep-alive
Source-From: 02
x-powered-by: Express
vary: X-HTTP-Method-Override
etag: W/"89-Y47nZK7aJ+4XvfnLmVmjm4eNrBg"

01:54:16.219 [AsyncHttpClient-1-2] DEBUG org.asynchttpclient.netty.channel.ChannelManager -- Adding key: https://hub-cloud.browserstack.com:443 for channel [id: 0x3ece9f08, L:/192.168.1.60:63594 - R:hub-cloud.browserstack.com/207.254.8.9:443]
01:54:16.222 [Forwarding setTimeout on session da647b3d1e66fd1dd37a67a376ea43f20167d90e to remote] DEBUG org.asynchttpclient.netty.request.NettyRequestSender -- Using pooled Channel '[id: 0x3ece9f08, L:/192.168.1.60:63594 - R:hub-cloud.browserstack.com/207.254.8.9:443]' for 'POST' to 'https://cesarstevenriosu_Z5kft8:X2vgXh3LFto9sDxURbwP@hub-cloud.browserstack.com/wd/hub/session/da647b3d1e66fd1dd37a67a376ea43f20167d90e/timeouts'
01:54:16.222 [Forwarding setTimeout on session da647b3d1e66fd1dd37a67a376ea43f20167d90e to remote] DEBUG org.asynchttpclient.netty.request.NettyRequestSender -- Using open Channel [id: 0x3ece9f08, L:/192.168.1.60:63594 - R:hub-cloud.browserstack.com/207.254.8.9:443] for POST '/wd/hub/session/da647b3d1e66fd1dd37a67a376ea43f20167d90e/timeouts'
01:54:16.329 [AsyncHttpClient-1-2] DEBUG org.asynchttpclient.netty.handler.HttpHandler -- 

Request DefaultHttpRequest(decodeResult: success, version: HTTP/1.1)
POST /wd/hub/session/da647b3d1e66fd1dd37a67a376ea43f20167d90e/timeouts HTTP/1.1
User-Agent: appium/8.3.0 (selenium/4.8.0 (java mac))
Content-Length: 23
Content-Type: application/json; charset=utf-8
host: hub-cloud.browserstack.com
authorization: Basic Y2VzYXJzdGV2ZW5yaW9zdV9aNWtmdDg6WDJ2Z1hoM0xGdG85c0R4VVJid1A=
accept: */*

Response DefaultHttpResponse(decodeResult: success, version: HTTP/1.1)
HTTP/1.1 200 OK
Server: nginx
Date: Mon, 05 Jun 2023 06:54:16 GMT
Content-Type: application/json; charset=utf-8
Content-Length: 14
Connection: keep-alive
Source-From: 02
x-powered-by: Express
vary: X-HTTP-Method-Override
etag: W/"e-9/1BuKMgFObM1mWJm+YjxtXJnUM"

01:54:16.329 [AsyncHttpClient-1-2] DEBUG org.asynchttpclient.netty.channel.ChannelManager -- Adding key: https://hub-cloud.browserstack.com:443 for channel [id: 0x3ece9f08, L:/192.168.1.60:63594 - R:hub-cloud.browserstack.com/207.254.8.9:443]
01:54:16.331 [Forwarding isElementDisplayed on session da647b3d1e66fd1dd37a67a376ea43f20167d90e to remote] DEBUG org.asynchttpclient.netty.request.NettyRequestSender -- Using pooled Channel '[id: 0x3ece9f08, L:/192.168.1.60:63594 - R:hub-cloud.browserstack.com/207.254.8.9:443]' for 'GET' to 'https://cesarstevenriosu_Z5kft8:X2vgXh3LFto9sDxURbwP@hub-cloud.browserstack.com/wd/hub/session/da647b3d1e66fd1dd37a67a376ea43f20167d90e/element/af11de2f-f2dc-4b23-b3cd-f55df74370a2/displayed'
01:54:16.331 [Forwarding isElementDisplayed on session da647b3d1e66fd1dd37a67a376ea43f20167d90e to remote] DEBUG org.asynchttpclient.netty.request.NettyRequestSender -- Using open Channel [id: 0x3ece9f08, L:/192.168.1.60:63594 - R:hub-cloud.browserstack.com/207.254.8.9:443] for GET '/wd/hub/session/da647b3d1e66fd1dd37a67a376ea43f20167d90e/element/af11de2f-f2dc-4b23-b3cd-f55df74370a2/displayed'
01:54:16.465 [AsyncHttpClient-1-2] DEBUG org.asynchttpclient.netty.handler.HttpHandler -- 

Request DefaultFullHttpRequest(decodeResult: success, version: HTTP/1.1, content: EmptyByteBufBE)
GET /wd/hub/session/da647b3d1e66fd1dd37a67a376ea43f20167d90e/element/af11de2f-f2dc-4b23-b3cd-f55df74370a2/displayed HTTP/1.1
User-Agent: appium/8.3.0 (selenium/4.8.0 (java mac))
Cache-Control: no-cache
Content-Type: application/json; charset=utf-8
host: hub-cloud.browserstack.com
authorization: Basic Y2VzYXJzdGV2ZW5yaW9zdV9aNWtmdDg6WDJ2Z1hoM0xGdG85c0R4VVJid1A=
accept: */*

Response DefaultHttpResponse(decodeResult: success, version: HTTP/1.1)
HTTP/1.1 200 OK
Server: nginx
Date: Mon, 05 Jun 2023 06:54:16 GMT
Content-Type: application/json; charset=utf-8
Content-Length: 14
Connection: keep-alive
Source-From: 02
x-powered-by: Express
etag: W/"e-2ZHvAWebNQpyjGZTg6uyV8/spTo"

01:54:16.465 [AsyncHttpClient-1-2] DEBUG org.asynchttpclient.netty.channel.ChannelManager -- Adding key: https://hub-cloud.browserstack.com:443 for channel [id: 0x3ece9f08, L:/192.168.1.60:63594 - R:hub-cloud.browserstack.com/207.254.8.9:443]
01:54:16.468 [Forwarding isElementDisplayed on session da647b3d1e66fd1dd37a67a376ea43f20167d90e to remote] DEBUG org.asynchttpclient.netty.request.NettyRequestSender -- Using pooled Channel '[id: 0x3ece9f08, L:/192.168.1.60:63594 - R:hub-cloud.browserstack.com/207.254.8.9:443]' for 'GET' to 'https://cesarstevenriosu_Z5kft8:X2vgXh3LFto9sDxURbwP@hub-cloud.browserstack.com/wd/hub/session/da647b3d1e66fd1dd37a67a376ea43f20167d90e/element/af11de2f-f2dc-4b23-b3cd-f55df74370a2/displayed'
01:54:16.468 [Forwarding isElementDisplayed on session da647b3d1e66fd1dd37a67a376ea43f20167d90e to remote] DEBUG org.asynchttpclient.netty.request.NettyRequestSender -- Using open Channel [id: 0x3ece9f08, L:/192.168.1.60:63594 - R:hub-cloud.browserstack.com/207.254.8.9:443] for GET '/wd/hub/session/da647b3d1e66fd1dd37a67a376ea43f20167d90e/element/af11de2f-f2dc-4b23-b3cd-f55df74370a2/displayed'
01:54:16.610 [AsyncHttpClient-1-2] DEBUG org.asynchttpclient.netty.handler.HttpHandler -- 

Request DefaultFullHttpRequest(decodeResult: success, version: HTTP/1.1, content: EmptyByteBufBE)
GET /wd/hub/session/da647b3d1e66fd1dd37a67a376ea43f20167d90e/element/af11de2f-f2dc-4b23-b3cd-f55df74370a2/displayed HTTP/1.1
User-Agent: appium/8.3.0 (selenium/4.8.0 (java mac))
Cache-Control: no-cache
Content-Type: application/json; charset=utf-8
host: hub-cloud.browserstack.com
authorization: Basic Y2VzYXJzdGV2ZW5yaW9zdV9aNWtmdDg6WDJ2Z1hoM0xGdG85c0R4VVJid1A=
accept: */*

Response DefaultHttpResponse(decodeResult: success, version: HTTP/1.1)
HTTP/1.1 200 OK
Server: nginx
Date: Mon, 05 Jun 2023 06:54:16 GMT
Content-Type: application/json; charset=utf-8
Content-Length: 14
Connection: keep-alive
Source-From: 02
x-powered-by: Express
etag: W/"e-2ZHvAWebNQpyjGZTg6uyV8/spTo"

01:54:16.612 [AsyncHttpClient-1-2] DEBUG org.asynchttpclient.netty.channel.ChannelManager -- Adding key: https://hub-cloud.browserstack.com:443 for channel [id: 0x3ece9f08, L:/192.168.1.60:63594 - R:hub-cloud.browserstack.com/207.254.8.9:443]
01:54:16.623 [Forwarding setTimeout on session da647b3d1e66fd1dd37a67a376ea43f20167d90e to remote] DEBUG org.asynchttpclient.netty.request.NettyRequestSender -- Using pooled Channel '[id: 0x3ece9f08, L:/192.168.1.60:63594 - R:hub-cloud.browserstack.com/207.254.8.9:443]' for 'POST' to 'https://cesarstevenriosu_Z5kft8:X2vgXh3LFto9sDxURbwP@hub-cloud.browserstack.com/wd/hub/session/da647b3d1e66fd1dd37a67a376ea43f20167d90e/timeouts'
01:54:16.623 [Forwarding setTimeout on session da647b3d1e66fd1dd37a67a376ea43f20167d90e to remote] DEBUG org.asynchttpclient.netty.request.NettyRequestSender -- Using open Channel [id: 0x3ece9f08, L:/192.168.1.60:63594 - R:hub-cloud.browserstack.com/207.254.8.9:443] for POST '/wd/hub/session/da647b3d1e66fd1dd37a67a376ea43f20167d90e/timeouts'
01:54:16.750 [AsyncHttpClient-1-2] DEBUG org.asynchttpclient.netty.handler.HttpHandler -- 

Request DefaultHttpRequest(decodeResult: success, version: HTTP/1.1)
POST /wd/hub/session/da647b3d1e66fd1dd37a67a376ea43f20167d90e/timeouts HTTP/1.1
User-Agent: appium/8.3.0 (selenium/4.8.0 (java mac))
Content-Length: 23
Content-Type: application/json; charset=utf-8
host: hub-cloud.browserstack.com
authorization: Basic Y2VzYXJzdGV2ZW5yaW9zdV9aNWtmdDg6WDJ2Z1hoM0xGdG85c0R4VVJid1A=
accept: */*

Response DefaultHttpResponse(decodeResult: success, version: HTTP/1.1)
HTTP/1.1 200 OK
Server: nginx
Date: Mon, 05 Jun 2023 06:54:16 GMT
Content-Type: application/json; charset=utf-8
Content-Length: 14
Connection: keep-alive
Source-From: 02
x-powered-by: Express
vary: X-HTTP-Method-Override
etag: W/"e-9/1BuKMgFObM1mWJm+YjxtXJnUM"

01:54:16.750 [AsyncHttpClient-1-2] DEBUG org.asynchttpclient.netty.channel.ChannelManager -- Adding key: https://hub-cloud.browserstack.com:443 for channel [id: 0x3ece9f08, L:/192.168.1.60:63594 - R:hub-cloud.browserstack.com/207.254.8.9:443]
01:54:16.751 [Forwarding findElement on session da647b3d1e66fd1dd37a67a376ea43f20167d90e to remote] DEBUG org.asynchttpclient.netty.request.NettyRequestSender -- Using pooled Channel '[id: 0x3ece9f08, L:/192.168.1.60:63594 - R:hub-cloud.browserstack.com/207.254.8.9:443]' for 'POST' to 'https://cesarstevenriosu_Z5kft8:X2vgXh3LFto9sDxURbwP@hub-cloud.browserstack.com/wd/hub/session/da647b3d1e66fd1dd37a67a376ea43f20167d90e/element'
01:54:16.751 [Forwarding findElement on session da647b3d1e66fd1dd37a67a376ea43f20167d90e to remote] DEBUG org.asynchttpclient.netty.request.NettyRequestSender -- Using open Channel [id: 0x3ece9f08, L:/192.168.1.60:63594 - R:hub-cloud.browserstack.com/207.254.8.9:443] for POST '/wd/hub/session/da647b3d1e66fd1dd37a67a376ea43f20167d90e/element'
01:54:16.952 [AsyncHttpClient-1-2] DEBUG org.asynchttpclient.netty.handler.HttpHandler -- 

Request DefaultHttpRequest(decodeResult: success, version: HTTP/1.1)
POST /wd/hub/session/da647b3d1e66fd1dd37a67a376ea43f20167d90e/element HTTP/1.1
User-Agent: appium/8.3.0 (selenium/4.8.0 (java mac))
Content-Length: 190
Content-Type: application/json; charset=utf-8
host: hub-cloud.browserstack.com
authorization: Basic Y2VzYXJzdGV2ZW5yaW9zdV9aNWtmdDg6WDJ2Z1hoM0xGdG85c0R4VVJid1A=
accept: */*

Response DefaultHttpResponse(decodeResult: success, version: HTTP/1.1)
HTTP/1.1 200 OK
Server: nginx
Date: Mon, 05 Jun 2023 06:54:17 GMT
Content-Type: application/json; charset=utf-8
Content-Length: 137
Connection: keep-alive
Source-From: 02
x-powered-by: Express
vary: X-HTTP-Method-Override
etag: W/"89-g1w9Wyg2KBzV6vxdS6ry+jm6u+k"

01:54:16.952 [AsyncHttpClient-1-2] DEBUG org.asynchttpclient.netty.channel.ChannelManager -- Adding key: https://hub-cloud.browserstack.com:443 for channel [id: 0x3ece9f08, L:/192.168.1.60:63594 - R:hub-cloud.browserstack.com/207.254.8.9:443]
01:54:16.953 [Forwarding setTimeout on session da647b3d1e66fd1dd37a67a376ea43f20167d90e to remote] DEBUG org.asynchttpclient.netty.request.NettyRequestSender -- Using pooled Channel '[id: 0x3ece9f08, L:/192.168.1.60:63594 - R:hub-cloud.browserstack.com/207.254.8.9:443]' for 'POST' to 'https://cesarstevenriosu_Z5kft8:X2vgXh3LFto9sDxURbwP@hub-cloud.browserstack.com/wd/hub/session/da647b3d1e66fd1dd37a67a376ea43f20167d90e/timeouts'
01:54:16.953 [Forwarding setTimeout on session da647b3d1e66fd1dd37a67a376ea43f20167d90e to remote] DEBUG org.asynchttpclient.netty.request.NettyRequestSender -- Using open Channel [id: 0x3ece9f08, L:/192.168.1.60:63594 - R:hub-cloud.browserstack.com/207.254.8.9:443] for POST '/wd/hub/session/da647b3d1e66fd1dd37a67a376ea43f20167d90e/timeouts'
01:54:17.077 [AsyncHttpClient-1-2] DEBUG org.asynchttpclient.netty.handler.HttpHandler -- 

Request DefaultHttpRequest(decodeResult: success, version: HTTP/1.1)
POST /wd/hub/session/da647b3d1e66fd1dd37a67a376ea43f20167d90e/timeouts HTTP/1.1
User-Agent: appium/8.3.0 (selenium/4.8.0 (java mac))
Content-Length: 23
Content-Type: application/json; charset=utf-8
host: hub-cloud.browserstack.com
authorization: Basic Y2VzYXJzdGV2ZW5yaW9zdV9aNWtmdDg6WDJ2Z1hoM0xGdG85c0R4VVJid1A=
accept: */*

Response DefaultHttpResponse(decodeResult: success, version: HTTP/1.1)
HTTP/1.1 200 OK
Server: nginx
Date: Mon, 05 Jun 2023 06:54:17 GMT
Content-Type: application/json; charset=utf-8
Content-Length: 14
Connection: keep-alive
Source-From: 02
x-powered-by: Express
vary: X-HTTP-Method-Override
etag: W/"e-9/1BuKMgFObM1mWJm+YjxtXJnUM"

01:54:17.077 [AsyncHttpClient-1-2] DEBUG org.asynchttpclient.netty.channel.ChannelManager -- Adding key: https://hub-cloud.browserstack.com:443 for channel [id: 0x3ece9f08, L:/192.168.1.60:63594 - R:hub-cloud.browserstack.com/207.254.8.9:443]
01:54:17.080 [Forwarding isElementDisplayed on session da647b3d1e66fd1dd37a67a376ea43f20167d90e to remote] DEBUG org.asynchttpclient.netty.request.NettyRequestSender -- Using pooled Channel '[id: 0x3ece9f08, L:/192.168.1.60:63594 - R:hub-cloud.browserstack.com/207.254.8.9:443]' for 'GET' to 'https://cesarstevenriosu_Z5kft8:X2vgXh3LFto9sDxURbwP@hub-cloud.browserstack.com/wd/hub/session/da647b3d1e66fd1dd37a67a376ea43f20167d90e/element/68f4f5d2-096a-4ee8-a721-a7f3c044c284/displayed'
01:54:17.080 [Forwarding isElementDisplayed on session da647b3d1e66fd1dd37a67a376ea43f20167d90e to remote] DEBUG org.asynchttpclient.netty.request.NettyRequestSender -- Using open Channel [id: 0x3ece9f08, L:/192.168.1.60:63594 - R:hub-cloud.browserstack.com/207.254.8.9:443] for GET '/wd/hub/session/da647b3d1e66fd1dd37a67a376ea43f20167d90e/element/68f4f5d2-096a-4ee8-a721-a7f3c044c284/displayed'
01:54:17.215 [AsyncHttpClient-1-2] DEBUG org.asynchttpclient.netty.handler.HttpHandler -- 

Request DefaultFullHttpRequest(decodeResult: success, version: HTTP/1.1, content: EmptyByteBufBE)
GET /wd/hub/session/da647b3d1e66fd1dd37a67a376ea43f20167d90e/element/68f4f5d2-096a-4ee8-a721-a7f3c044c284/displayed HTTP/1.1
User-Agent: appium/8.3.0 (selenium/4.8.0 (java mac))
Cache-Control: no-cache
Content-Type: application/json; charset=utf-8
host: hub-cloud.browserstack.com
authorization: Basic Y2VzYXJzdGV2ZW5yaW9zdV9aNWtmdDg6WDJ2Z1hoM0xGdG85c0R4VVJid1A=
accept: */*

Response DefaultHttpResponse(decodeResult: success, version: HTTP/1.1)
HTTP/1.1 200 OK
Server: nginx
Date: Mon, 05 Jun 2023 06:54:17 GMT
Content-Type: application/json; charset=utf-8
Content-Length: 14
Connection: keep-alive
Source-From: 02
x-powered-by: Express
etag: W/"e-2ZHvAWebNQpyjGZTg6uyV8/spTo"

01:54:17.216 [AsyncHttpClient-1-2] DEBUG org.asynchttpclient.netty.channel.ChannelManager -- Adding key: https://hub-cloud.browserstack.com:443 for channel [id: 0x3ece9f08, L:/192.168.1.60:63594 - R:hub-cloud.browserstack.com/207.254.8.9:443]
01:54:17.218 [Forwarding clickElement on session da647b3d1e66fd1dd37a67a376ea43f20167d90e to remote] DEBUG org.asynchttpclient.netty.request.NettyRequestSender -- Using pooled Channel '[id: 0x3ece9f08, L:/192.168.1.60:63594 - R:hub-cloud.browserstack.com/207.254.8.9:443]' for 'POST' to 'https://cesarstevenriosu_Z5kft8:X2vgXh3LFto9sDxURbwP@hub-cloud.browserstack.com/wd/hub/session/da647b3d1e66fd1dd37a67a376ea43f20167d90e/element/68f4f5d2-096a-4ee8-a721-a7f3c044c284/click'
01:54:17.218 [Forwarding clickElement on session da647b3d1e66fd1dd37a67a376ea43f20167d90e to remote] DEBUG org.asynchttpclient.netty.request.NettyRequestSender -- Using open Channel [id: 0x3ece9f08, L:/192.168.1.60:63594 - R:hub-cloud.browserstack.com/207.254.8.9:443] for POST '/wd/hub/session/da647b3d1e66fd1dd37a67a376ea43f20167d90e/element/68f4f5d2-096a-4ee8-a721-a7f3c044c284/click'
01:54:17.385 [AsyncHttpClient-1-2] DEBUG org.asynchttpclient.netty.handler.HttpHandler -- 

Request DefaultHttpRequest(decodeResult: success, version: HTTP/1.1)
POST /wd/hub/session/da647b3d1e66fd1dd37a67a376ea43f20167d90e/element/68f4f5d2-096a-4ee8-a721-a7f3c044c284/click HTTP/1.1
User-Agent: appium/8.3.0 (selenium/4.8.0 (java mac))
Content-Length: 50
Content-Type: application/json; charset=utf-8
host: hub-cloud.browserstack.com
authorization: Basic Y2VzYXJzdGV2ZW5yaW9zdV9aNWtmdDg6WDJ2Z1hoM0xGdG85c0R4VVJid1A=
accept: */*

Response DefaultHttpResponse(decodeResult: success, version: HTTP/1.1)
HTTP/1.1 200 OK
Server: nginx
Date: Mon, 05 Jun 2023 06:54:17 GMT
Content-Type: application/json; charset=utf-8
Content-Length: 14
Connection: keep-alive
Source-From: 02
x-powered-by: Express
vary: X-HTTP-Method-Override
etag: W/"e-9/1BuKMgFObM1mWJm+YjxtXJnUM"

01:54:17.385 [AsyncHttpClient-1-2] DEBUG org.asynchttpclient.netty.channel.ChannelManager -- Adding key: https://hub-cloud.browserstack.com:443 for channel [id: 0x3ece9f08, L:/192.168.1.60:63594 - R:hub-cloud.browserstack.com/207.254.8.9:443]
01:54:17.391 [Forwarding setTimeout on session da647b3d1e66fd1dd37a67a376ea43f20167d90e to remote] DEBUG org.asynchttpclient.netty.request.NettyRequestSender -- Using pooled Channel '[id: 0x3ece9f08, L:/192.168.1.60:63594 - R:hub-cloud.browserstack.com/207.254.8.9:443]' for 'POST' to 'https://cesarstevenriosu_Z5kft8:X2vgXh3LFto9sDxURbwP@hub-cloud.browserstack.com/wd/hub/session/da647b3d1e66fd1dd37a67a376ea43f20167d90e/timeouts'
01:54:17.391 [Forwarding setTimeout on session da647b3d1e66fd1dd37a67a376ea43f20167d90e to remote] DEBUG org.asynchttpclient.netty.request.NettyRequestSender -- Using open Channel [id: 0x3ece9f08, L:/192.168.1.60:63594 - R:hub-cloud.browserstack.com/207.254.8.9:443] for POST '/wd/hub/session/da647b3d1e66fd1dd37a67a376ea43f20167d90e/timeouts'
01:54:17.491 [AsyncHttpClient-1-2] DEBUG org.asynchttpclient.netty.handler.HttpHandler -- 

Request DefaultHttpRequest(decodeResult: success, version: HTTP/1.1)
POST /wd/hub/session/da647b3d1e66fd1dd37a67a376ea43f20167d90e/timeouts HTTP/1.1
User-Agent: appium/8.3.0 (selenium/4.8.0 (java mac))
Content-Length: 19
Content-Type: application/json; charset=utf-8
host: hub-cloud.browserstack.com
authorization: Basic Y2VzYXJzdGV2ZW5yaW9zdV9aNWtmdDg6WDJ2Z1hoM0xGdG85c0R4VVJid1A=
accept: */*

Response DefaultHttpResponse(decodeResult: success, version: HTTP/1.1)
HTTP/1.1 200 OK
Server: nginx
Date: Mon, 05 Jun 2023 06:54:17 GMT
Content-Type: application/json; charset=utf-8
Content-Length: 14
Connection: keep-alive
Source-From: 02
x-powered-by: Express
vary: X-HTTP-Method-Override
etag: W/"e-9/1BuKMgFObM1mWJm+YjxtXJnUM"

01:54:17.492 [AsyncHttpClient-1-2] DEBUG org.asynchttpclient.netty.channel.ChannelManager -- Adding key: https://hub-cloud.browserstack.com:443 for channel [id: 0x3ece9f08, L:/192.168.1.60:63594 - R:hub-cloud.browserstack.com/207.254.8.9:443]
01:54:17.495 [Forwarding findElement on session da647b3d1e66fd1dd37a67a376ea43f20167d90e to remote] DEBUG org.asynchttpclient.netty.request.NettyRequestSender -- Using pooled Channel '[id: 0x3ece9f08, L:/192.168.1.60:63594 - R:hub-cloud.browserstack.com/207.254.8.9:443]' for 'POST' to 'https://cesarstevenriosu_Z5kft8:X2vgXh3LFto9sDxURbwP@hub-cloud.browserstack.com/wd/hub/session/da647b3d1e66fd1dd37a67a376ea43f20167d90e/element'
01:54:17.496 [Forwarding findElement on session da647b3d1e66fd1dd37a67a376ea43f20167d90e to remote] DEBUG org.asynchttpclient.netty.request.NettyRequestSender -- Using open Channel [id: 0x3ece9f08, L:/192.168.1.60:63594 - R:hub-cloud.browserstack.com/207.254.8.9:443] for POST '/wd/hub/session/da647b3d1e66fd1dd37a67a376ea43f20167d90e/element'
01:54:18.558 [AsyncHttpClient-1-2] DEBUG org.asynchttpclient.netty.handler.HttpHandler -- 

Request DefaultHttpRequest(decodeResult: success, version: HTTP/1.1)
POST /wd/hub/session/da647b3d1e66fd1dd37a67a376ea43f20167d90e/element HTTP/1.1
User-Agent: appium/8.3.0 (selenium/4.8.0 (java mac))
Content-Length: 190
Content-Type: application/json; charset=utf-8
host: hub-cloud.browserstack.com
authorization: Basic Y2VzYXJzdGV2ZW5yaW9zdV9aNWtmdDg6WDJ2Z1hoM0xGdG85c0R4VVJid1A=
accept: */*

Response DefaultHttpResponse(decodeResult: success, version: HTTP/1.1)
HTTP/1.1 200 OK
Server: nginx
Date: Mon, 05 Jun 2023 06:54:18 GMT
Content-Type: application/json; charset=utf-8
Content-Length: 137
Connection: keep-alive
Source-From: 02
x-powered-by: Express
vary: X-HTTP-Method-Override
etag: W/"89-33gWhqPCeD4qb4V+EYV+9UWMap8"

01:54:18.559 [AsyncHttpClient-1-2] DEBUG org.asynchttpclient.netty.channel.ChannelManager -- Adding key: https://hub-cloud.browserstack.com:443 for channel [id: 0x3ece9f08, L:/192.168.1.60:63594 - R:hub-cloud.browserstack.com/207.254.8.9:443]
01:54:18.563 [Forwarding setTimeout on session da647b3d1e66fd1dd37a67a376ea43f20167d90e to remote] DEBUG org.asynchttpclient.netty.request.NettyRequestSender -- Using pooled Channel '[id: 0x3ece9f08, L:/192.168.1.60:63594 - R:hub-cloud.browserstack.com/207.254.8.9:443]' for 'POST' to 'https://cesarstevenriosu_Z5kft8:X2vgXh3LFto9sDxURbwP@hub-cloud.browserstack.com/wd/hub/session/da647b3d1e66fd1dd37a67a376ea43f20167d90e/timeouts'
01:54:18.563 [Forwarding setTimeout on session da647b3d1e66fd1dd37a67a376ea43f20167d90e to remote] DEBUG org.asynchttpclient.netty.request.NettyRequestSender -- Using open Channel [id: 0x3ece9f08, L:/192.168.1.60:63594 - R:hub-cloud.browserstack.com/207.254.8.9:443] for POST '/wd/hub/session/da647b3d1e66fd1dd37a67a376ea43f20167d90e/timeouts'
01:54:18.641 [AsyncHttpClient-1-2] DEBUG org.asynchttpclient.netty.handler.HttpHandler -- 

Request DefaultHttpRequest(decodeResult: success, version: HTTP/1.1)
POST /wd/hub/session/da647b3d1e66fd1dd37a67a376ea43f20167d90e/timeouts HTTP/1.1
User-Agent: appium/8.3.0 (selenium/4.8.0 (java mac))
Content-Length: 23
Content-Type: application/json; charset=utf-8
host: hub-cloud.browserstack.com
authorization: Basic Y2VzYXJzdGV2ZW5yaW9zdV9aNWtmdDg6WDJ2Z1hoM0xGdG85c0R4VVJid1A=
accept: */*

Response DefaultHttpResponse(decodeResult: success, version: HTTP/1.1)
HTTP/1.1 200 OK
Server: nginx
Date: Mon, 05 Jun 2023 06:54:18 GMT
Content-Type: application/json; charset=utf-8
Content-Length: 14
Connection: keep-alive
Source-From: 02
x-powered-by: Express
vary: X-HTTP-Method-Override
etag: W/"e-9/1BuKMgFObM1mWJm+YjxtXJnUM"

01:54:18.641 [AsyncHttpClient-1-2] DEBUG org.asynchttpclient.netty.channel.ChannelManager -- Adding key: https://hub-cloud.browserstack.com:443 for channel [id: 0x3ece9f08, L:/192.168.1.60:63594 - R:hub-cloud.browserstack.com/207.254.8.9:443]
01:54:18.646 [Forwarding setTimeout on session da647b3d1e66fd1dd37a67a376ea43f20167d90e to remote] DEBUG org.asynchttpclient.netty.request.NettyRequestSender -- Using pooled Channel '[id: 0x3ece9f08, L:/192.168.1.60:63594 - R:hub-cloud.browserstack.com/207.254.8.9:443]' for 'POST' to 'https://cesarstevenriosu_Z5kft8:X2vgXh3LFto9sDxURbwP@hub-cloud.browserstack.com/wd/hub/session/da647b3d1e66fd1dd37a67a376ea43f20167d90e/timeouts'
01:54:18.646 [Forwarding setTimeout on session da647b3d1e66fd1dd37a67a376ea43f20167d90e to remote] DEBUG org.asynchttpclient.netty.request.NettyRequestSender -- Using open Channel [id: 0x3ece9f08, L:/192.168.1.60:63594 - R:hub-cloud.browserstack.com/207.254.8.9:443] for POST '/wd/hub/session/da647b3d1e66fd1dd37a67a376ea43f20167d90e/timeouts'
01:54:18.745 [AsyncHttpClient-1-2] DEBUG org.asynchttpclient.netty.handler.HttpHandler -- 

Request DefaultHttpRequest(decodeResult: success, version: HTTP/1.1)
POST /wd/hub/session/da647b3d1e66fd1dd37a67a376ea43f20167d90e/timeouts HTTP/1.1
User-Agent: appium/8.3.0 (selenium/4.8.0 (java mac))
Content-Length: 19
Content-Type: application/json; charset=utf-8
host: hub-cloud.browserstack.com
authorization: Basic Y2VzYXJzdGV2ZW5yaW9zdV9aNWtmdDg6WDJ2Z1hoM0xGdG85c0R4VVJid1A=
accept: */*

Response DefaultHttpResponse(decodeResult: success, version: HTTP/1.1)
HTTP/1.1 200 OK
Server: nginx
Date: Mon, 05 Jun 2023 06:54:18 GMT
Content-Type: application/json; charset=utf-8
Content-Length: 14
Connection: keep-alive
Source-From: 02
x-powered-by: Express
vary: X-HTTP-Method-Override
etag: W/"e-9/1BuKMgFObM1mWJm+YjxtXJnUM"

01:54:18.745 [AsyncHttpClient-1-2] DEBUG org.asynchttpclient.netty.channel.ChannelManager -- Adding key: https://hub-cloud.browserstack.com:443 for channel [id: 0x3ece9f08, L:/192.168.1.60:63594 - R:hub-cloud.browserstack.com/207.254.8.9:443]
01:54:18.747 [Forwarding findElement on session da647b3d1e66fd1dd37a67a376ea43f20167d90e to remote] DEBUG org.asynchttpclient.netty.request.NettyRequestSender -- Using pooled Channel '[id: 0x3ece9f08, L:/192.168.1.60:63594 - R:hub-cloud.browserstack.com/207.254.8.9:443]' for 'POST' to 'https://cesarstevenriosu_Z5kft8:X2vgXh3LFto9sDxURbwP@hub-cloud.browserstack.com/wd/hub/session/da647b3d1e66fd1dd37a67a376ea43f20167d90e/element'
01:54:18.747 [Forwarding findElement on session da647b3d1e66fd1dd37a67a376ea43f20167d90e to remote] DEBUG org.asynchttpclient.netty.request.NettyRequestSender -- Using open Channel [id: 0x3ece9f08, L:/192.168.1.60:63594 - R:hub-cloud.browserstack.com/207.254.8.9:443] for POST '/wd/hub/session/da647b3d1e66fd1dd37a67a376ea43f20167d90e/element'
01:54:19.156 [AsyncHttpClient-1-2] DEBUG org.asynchttpclient.netty.handler.HttpHandler -- 

Request DefaultHttpRequest(decodeResult: success, version: HTTP/1.1)
POST /wd/hub/session/da647b3d1e66fd1dd37a67a376ea43f20167d90e/element HTTP/1.1
User-Agent: appium/8.3.0 (selenium/4.8.0 (java mac))
Content-Length: 190
Content-Type: application/json; charset=utf-8
host: hub-cloud.browserstack.com
authorization: Basic Y2VzYXJzdGV2ZW5yaW9zdV9aNWtmdDg6WDJ2Z1hoM0xGdG85c0R4VVJid1A=
accept: */*

Response DefaultHttpResponse(decodeResult: success, version: HTTP/1.1)
HTTP/1.1 200 OK
Server: nginx
Date: Mon, 05 Jun 2023 06:54:19 GMT
Content-Type: application/json; charset=utf-8
Content-Length: 137
Connection: keep-alive
Source-From: 02
x-powered-by: Express
vary: X-HTTP-Method-Override
etag: W/"89-u5yNrVD5Ni93zuwFHnqjmt4q6nA"

01:54:19.157 [AsyncHttpClient-1-2] DEBUG org.asynchttpclient.netty.channel.ChannelManager -- Adding key: https://hub-cloud.browserstack.com:443 for channel [id: 0x3ece9f08, L:/192.168.1.60:63594 - R:hub-cloud.browserstack.com/207.254.8.9:443]
01:54:19.160 [Forwarding setTimeout on session da647b3d1e66fd1dd37a67a376ea43f20167d90e to remote] DEBUG org.asynchttpclient.netty.request.NettyRequestSender -- Using pooled Channel '[id: 0x3ece9f08, L:/192.168.1.60:63594 - R:hub-cloud.browserstack.com/207.254.8.9:443]' for 'POST' to 'https://cesarstevenriosu_Z5kft8:X2vgXh3LFto9sDxURbwP@hub-cloud.browserstack.com/wd/hub/session/da647b3d1e66fd1dd37a67a376ea43f20167d90e/timeouts'
01:54:19.161 [Forwarding setTimeout on session da647b3d1e66fd1dd37a67a376ea43f20167d90e to remote] DEBUG org.asynchttpclient.netty.request.NettyRequestSender -- Using open Channel [id: 0x3ece9f08, L:/192.168.1.60:63594 - R:hub-cloud.browserstack.com/207.254.8.9:443] for POST '/wd/hub/session/da647b3d1e66fd1dd37a67a376ea43f20167d90e/timeouts'
01:54:19.278 [AsyncHttpClient-1-2] DEBUG org.asynchttpclient.netty.handler.HttpHandler -- 

Request DefaultHttpRequest(decodeResult: success, version: HTTP/1.1)
POST /wd/hub/session/da647b3d1e66fd1dd37a67a376ea43f20167d90e/timeouts HTTP/1.1
User-Agent: appium/8.3.0 (selenium/4.8.0 (java mac))
Content-Length: 23
Content-Type: application/json; charset=utf-8
host: hub-cloud.browserstack.com
authorization: Basic Y2VzYXJzdGV2ZW5yaW9zdV9aNWtmdDg6WDJ2Z1hoM0xGdG85c0R4VVJid1A=
accept: */*

Response DefaultHttpResponse(decodeResult: success, version: HTTP/1.1)
HTTP/1.1 200 OK
Server: nginx
Date: Mon, 05 Jun 2023 06:54:19 GMT
Content-Type: application/json; charset=utf-8
Content-Length: 14
Connection: keep-alive
Source-From: 02
x-powered-by: Express
vary: X-HTTP-Method-Override
etag: W/"e-9/1BuKMgFObM1mWJm+YjxtXJnUM"

01:54:19.279 [AsyncHttpClient-1-2] DEBUG org.asynchttpclient.netty.channel.ChannelManager -- Adding key: https://hub-cloud.browserstack.com:443 for channel [id: 0x3ece9f08, L:/192.168.1.60:63594 - R:hub-cloud.browserstack.com/207.254.8.9:443]
01:54:19.280 [Forwarding isElementDisplayed on session da647b3d1e66fd1dd37a67a376ea43f20167d90e to remote] DEBUG org.asynchttpclient.netty.request.NettyRequestSender -- Using pooled Channel '[id: 0x3ece9f08, L:/192.168.1.60:63594 - R:hub-cloud.browserstack.com/207.254.8.9:443]' for 'GET' to 'https://cesarstevenriosu_Z5kft8:X2vgXh3LFto9sDxURbwP@hub-cloud.browserstack.com/wd/hub/session/da647b3d1e66fd1dd37a67a376ea43f20167d90e/element/8a3f8fca-039b-4596-80b4-b051f090ee29/displayed'
01:54:19.280 [Forwarding isElementDisplayed on session da647b3d1e66fd1dd37a67a376ea43f20167d90e to remote] DEBUG org.asynchttpclient.netty.request.NettyRequestSender -- Using open Channel [id: 0x3ece9f08, L:/192.168.1.60:63594 - R:hub-cloud.browserstack.com/207.254.8.9:443] for GET '/wd/hub/session/da647b3d1e66fd1dd37a67a376ea43f20167d90e/element/8a3f8fca-039b-4596-80b4-b051f090ee29/displayed'
01:54:19.383 [AsyncHttpClient-1-2] DEBUG org.asynchttpclient.netty.handler.HttpHandler -- 

Request DefaultFullHttpRequest(decodeResult: success, version: HTTP/1.1, content: EmptyByteBufBE)
GET /wd/hub/session/da647b3d1e66fd1dd37a67a376ea43f20167d90e/element/8a3f8fca-039b-4596-80b4-b051f090ee29/displayed HTTP/1.1
User-Agent: appium/8.3.0 (selenium/4.8.0 (java mac))
Cache-Control: no-cache
Content-Type: application/json; charset=utf-8
host: hub-cloud.browserstack.com
authorization: Basic Y2VzYXJzdGV2ZW5yaW9zdV9aNWtmdDg6WDJ2Z1hoM0xGdG85c0R4VVJid1A=
accept: */*

Response DefaultHttpResponse(decodeResult: success, version: HTTP/1.1)
HTTP/1.1 200 OK
Server: nginx
Date: Mon, 05 Jun 2023 06:54:19 GMT
Content-Type: application/json; charset=utf-8
Content-Length: 14
Connection: keep-alive
Source-From: 02
x-powered-by: Express
etag: W/"e-2ZHvAWebNQpyjGZTg6uyV8/spTo"

01:54:19.383 [AsyncHttpClient-1-2] DEBUG org.asynchttpclient.netty.channel.ChannelManager -- Adding key: https://hub-cloud.browserstack.com:443 for channel [id: 0x3ece9f08, L:/192.168.1.60:63594 - R:hub-cloud.browserstack.com/207.254.8.9:443]
01:54:19.388 [Forwarding setTimeout on session da647b3d1e66fd1dd37a67a376ea43f20167d90e to remote] DEBUG org.asynchttpclient.netty.request.NettyRequestSender -- Using pooled Channel '[id: 0x3ece9f08, L:/192.168.1.60:63594 - R:hub-cloud.browserstack.com/207.254.8.9:443]' for 'POST' to 'https://cesarstevenriosu_Z5kft8:X2vgXh3LFto9sDxURbwP@hub-cloud.browserstack.com/wd/hub/session/da647b3d1e66fd1dd37a67a376ea43f20167d90e/timeouts'
01:54:19.388 [Forwarding setTimeout on session da647b3d1e66fd1dd37a67a376ea43f20167d90e to remote] DEBUG org.asynchttpclient.netty.request.NettyRequestSender -- Using open Channel [id: 0x3ece9f08, L:/192.168.1.60:63594 - R:hub-cloud.browserstack.com/207.254.8.9:443] for POST '/wd/hub/session/da647b3d1e66fd1dd37a67a376ea43f20167d90e/timeouts'
01:54:19.495 [AsyncHttpClient-1-2] DEBUG org.asynchttpclient.netty.handler.HttpHandler -- 

Request DefaultHttpRequest(decodeResult: success, version: HTTP/1.1)
POST /wd/hub/session/da647b3d1e66fd1dd37a67a376ea43f20167d90e/timeouts HTTP/1.1
User-Agent: appium/8.3.0 (selenium/4.8.0 (java mac))
Content-Length: 23
Content-Type: application/json; charset=utf-8
host: hub-cloud.browserstack.com
authorization: Basic Y2VzYXJzdGV2ZW5yaW9zdV9aNWtmdDg6WDJ2Z1hoM0xGdG85c0R4VVJid1A=
accept: */*

Response DefaultHttpResponse(decodeResult: success, version: HTTP/1.1)
HTTP/1.1 200 OK
Server: nginx
Date: Mon, 05 Jun 2023 06:54:19 GMT
Content-Type: application/json; charset=utf-8
Content-Length: 14
Connection: keep-alive
Source-From: 02
x-powered-by: Express
vary: X-HTTP-Method-Override
etag: W/"e-9/1BuKMgFObM1mWJm+YjxtXJnUM"

01:54:19.495 [AsyncHttpClient-1-2] DEBUG org.asynchttpclient.netty.channel.ChannelManager -- Adding key: https://hub-cloud.browserstack.com:443 for channel [id: 0x3ece9f08, L:/192.168.1.60:63594 - R:hub-cloud.browserstack.com/207.254.8.9:443]
01:54:19.498 [Forwarding findElement on session da647b3d1e66fd1dd37a67a376ea43f20167d90e to remote] DEBUG org.asynchttpclient.netty.request.NettyRequestSender -- Using pooled Channel '[id: 0x3ece9f08, L:/192.168.1.60:63594 - R:hub-cloud.browserstack.com/207.254.8.9:443]' for 'POST' to 'https://cesarstevenriosu_Z5kft8:X2vgXh3LFto9sDxURbwP@hub-cloud.browserstack.com/wd/hub/session/da647b3d1e66fd1dd37a67a376ea43f20167d90e/element'
01:54:19.498 [Forwarding findElement on session da647b3d1e66fd1dd37a67a376ea43f20167d90e to remote] DEBUG org.asynchttpclient.netty.request.NettyRequestSender -- Using open Channel [id: 0x3ece9f08, L:/192.168.1.60:63594 - R:hub-cloud.browserstack.com/207.254.8.9:443] for POST '/wd/hub/session/da647b3d1e66fd1dd37a67a376ea43f20167d90e/element'
01:54:19.774 [AsyncHttpClient-1-2] DEBUG org.asynchttpclient.netty.handler.HttpHandler -- 

Request DefaultHttpRequest(decodeResult: success, version: HTTP/1.1)
POST /wd/hub/session/da647b3d1e66fd1dd37a67a376ea43f20167d90e/element HTTP/1.1
User-Agent: appium/8.3.0 (selenium/4.8.0 (java mac))
Content-Length: 190
Content-Type: application/json; charset=utf-8
host: hub-cloud.browserstack.com
authorization: Basic Y2VzYXJzdGV2ZW5yaW9zdV9aNWtmdDg6WDJ2Z1hoM0xGdG85c0R4VVJid1A=
accept: */*

Response DefaultHttpResponse(decodeResult: success, version: HTTP/1.1)
HTTP/1.1 200 OK
Server: nginx
Date: Mon, 05 Jun 2023 06:54:19 GMT
Content-Type: application/json; charset=utf-8
Content-Length: 137
Connection: keep-alive
Source-From: 02
x-powered-by: Express
vary: X-HTTP-Method-Override
etag: W/"89-rfW2pzdPoTg4YYRAU2SCBRkl6fc"

01:54:19.774 [AsyncHttpClient-1-2] DEBUG org.asynchttpclient.netty.channel.ChannelManager -- Adding key: https://hub-cloud.browserstack.com:443 for channel [id: 0x3ece9f08, L:/192.168.1.60:63594 - R:hub-cloud.browserstack.com/207.254.8.9:443]
01:54:19.777 [Forwarding setTimeout on session da647b3d1e66fd1dd37a67a376ea43f20167d90e to remote] DEBUG org.asynchttpclient.netty.request.NettyRequestSender -- Using pooled Channel '[id: 0x3ece9f08, L:/192.168.1.60:63594 - R:hub-cloud.browserstack.com/207.254.8.9:443]' for 'POST' to 'https://cesarstevenriosu_Z5kft8:X2vgXh3LFto9sDxURbwP@hub-cloud.browserstack.com/wd/hub/session/da647b3d1e66fd1dd37a67a376ea43f20167d90e/timeouts'
01:54:19.777 [Forwarding setTimeout on session da647b3d1e66fd1dd37a67a376ea43f20167d90e to remote] DEBUG org.asynchttpclient.netty.request.NettyRequestSender -- Using open Channel [id: 0x3ece9f08, L:/192.168.1.60:63594 - R:hub-cloud.browserstack.com/207.254.8.9:443] for POST '/wd/hub/session/da647b3d1e66fd1dd37a67a376ea43f20167d90e/timeouts'
01:54:19.890 [AsyncHttpClient-1-2] DEBUG org.asynchttpclient.netty.handler.HttpHandler -- 

Request DefaultHttpRequest(decodeResult: success, version: HTTP/1.1)
POST /wd/hub/session/da647b3d1e66fd1dd37a67a376ea43f20167d90e/timeouts HTTP/1.1
User-Agent: appium/8.3.0 (selenium/4.8.0 (java mac))
Content-Length: 23
Content-Type: application/json; charset=utf-8
host: hub-cloud.browserstack.com
authorization: Basic Y2VzYXJzdGV2ZW5yaW9zdV9aNWtmdDg6WDJ2Z1hoM0xGdG85c0R4VVJid1A=
accept: */*

Response DefaultHttpResponse(decodeResult: success, version: HTTP/1.1)
HTTP/1.1 200 OK
Server: nginx
Date: Mon, 05 Jun 2023 06:54:20 GMT
Content-Type: application/json; charset=utf-8
Content-Length: 14
Connection: keep-alive
Source-From: 02
x-powered-by: Express
vary: X-HTTP-Method-Override
etag: W/"e-9/1BuKMgFObM1mWJm+YjxtXJnUM"

01:54:19.890 [AsyncHttpClient-1-2] DEBUG org.asynchttpclient.netty.channel.ChannelManager -- Adding key: https://hub-cloud.browserstack.com:443 for channel [id: 0x3ece9f08, L:/192.168.1.60:63594 - R:hub-cloud.browserstack.com/207.254.8.9:443]
01:54:19.892 [Forwarding isElementDisplayed on session da647b3d1e66fd1dd37a67a376ea43f20167d90e to remote] DEBUG org.asynchttpclient.netty.request.NettyRequestSender -- Using pooled Channel '[id: 0x3ece9f08, L:/192.168.1.60:63594 - R:hub-cloud.browserstack.com/207.254.8.9:443]' for 'GET' to 'https://cesarstevenriosu_Z5kft8:X2vgXh3LFto9sDxURbwP@hub-cloud.browserstack.com/wd/hub/session/da647b3d1e66fd1dd37a67a376ea43f20167d90e/element/435b88b9-4e65-4584-b7ad-f9afd9840061/displayed'
01:54:19.893 [Forwarding isElementDisplayed on session da647b3d1e66fd1dd37a67a376ea43f20167d90e to remote] DEBUG org.asynchttpclient.netty.request.NettyRequestSender -- Using open Channel [id: 0x3ece9f08, L:/192.168.1.60:63594 - R:hub-cloud.browserstack.com/207.254.8.9:443] for GET '/wd/hub/session/da647b3d1e66fd1dd37a67a376ea43f20167d90e/element/435b88b9-4e65-4584-b7ad-f9afd9840061/displayed'
01:54:20.014 [AsyncHttpClient-1-2] DEBUG org.asynchttpclient.netty.handler.HttpHandler -- 

Request DefaultFullHttpRequest(decodeResult: success, version: HTTP/1.1, content: EmptyByteBufBE)
GET /wd/hub/session/da647b3d1e66fd1dd37a67a376ea43f20167d90e/element/435b88b9-4e65-4584-b7ad-f9afd9840061/displayed HTTP/1.1
User-Agent: appium/8.3.0 (selenium/4.8.0 (java mac))
Cache-Control: no-cache
Content-Type: application/json; charset=utf-8
host: hub-cloud.browserstack.com
authorization: Basic Y2VzYXJzdGV2ZW5yaW9zdV9aNWtmdDg6WDJ2Z1hoM0xGdG85c0R4VVJid1A=
accept: */*

Response DefaultHttpResponse(decodeResult: success, version: HTTP/1.1)
HTTP/1.1 200 OK
Server: nginx
Date: Mon, 05 Jun 2023 06:54:20 GMT
Content-Type: application/json; charset=utf-8
Content-Length: 14
Connection: keep-alive
Source-From: 02
x-powered-by: Express
etag: W/"e-2ZHvAWebNQpyjGZTg6uyV8/spTo"

01:54:20.014 [AsyncHttpClient-1-2] DEBUG org.asynchttpclient.netty.channel.ChannelManager -- Adding key: https://hub-cloud.browserstack.com:443 for channel [id: 0x3ece9f08, L:/192.168.1.60:63594 - R:hub-cloud.browserstack.com/207.254.8.9:443]
01:54:20.016 [Forwarding isElementDisplayed on session da647b3d1e66fd1dd37a67a376ea43f20167d90e to remote] DEBUG org.asynchttpclient.netty.request.NettyRequestSender -- Using pooled Channel '[id: 0x3ece9f08, L:/192.168.1.60:63594 - R:hub-cloud.browserstack.com/207.254.8.9:443]' for 'GET' to 'https://cesarstevenriosu_Z5kft8:X2vgXh3LFto9sDxURbwP@hub-cloud.browserstack.com/wd/hub/session/da647b3d1e66fd1dd37a67a376ea43f20167d90e/element/435b88b9-4e65-4584-b7ad-f9afd9840061/displayed'
01:54:20.016 [Forwarding isElementDisplayed on session da647b3d1e66fd1dd37a67a376ea43f20167d90e to remote] DEBUG org.asynchttpclient.netty.request.NettyRequestSender -- Using open Channel [id: 0x3ece9f08, L:/192.168.1.60:63594 - R:hub-cloud.browserstack.com/207.254.8.9:443] for GET '/wd/hub/session/da647b3d1e66fd1dd37a67a376ea43f20167d90e/element/435b88b9-4e65-4584-b7ad-f9afd9840061/displayed'
01:54:20.136 [AsyncHttpClient-1-2] DEBUG org.asynchttpclient.netty.handler.HttpHandler -- 

Request DefaultFullHttpRequest(decodeResult: success, version: HTTP/1.1, content: EmptyByteBufBE)
GET /wd/hub/session/da647b3d1e66fd1dd37a67a376ea43f20167d90e/element/435b88b9-4e65-4584-b7ad-f9afd9840061/displayed HTTP/1.1
User-Agent: appium/8.3.0 (selenium/4.8.0 (java mac))
Cache-Control: no-cache
Content-Type: application/json; charset=utf-8
host: hub-cloud.browserstack.com
authorization: Basic Y2VzYXJzdGV2ZW5yaW9zdV9aNWtmdDg6WDJ2Z1hoM0xGdG85c0R4VVJid1A=
accept: */*

Response DefaultHttpResponse(decodeResult: success, version: HTTP/1.1)
HTTP/1.1 200 OK
Server: nginx
Date: Mon, 05 Jun 2023 06:54:20 GMT
Content-Type: application/json; charset=utf-8
Content-Length: 14
Connection: keep-alive
Source-From: 02
x-powered-by: Express
etag: W/"e-2ZHvAWebNQpyjGZTg6uyV8/spTo"

01:54:20.137 [AsyncHttpClient-1-2] DEBUG org.asynchttpclient.netty.channel.ChannelManager -- Adding key: https://hub-cloud.browserstack.com:443 for channel [id: 0x3ece9f08, L:/192.168.1.60:63594 - R:hub-cloud.browserstack.com/207.254.8.9:443]
01:54:20.140 [Forwarding setTimeout on session da647b3d1e66fd1dd37a67a376ea43f20167d90e to remote] DEBUG org.asynchttpclient.netty.request.NettyRequestSender -- Using pooled Channel '[id: 0x3ece9f08, L:/192.168.1.60:63594 - R:hub-cloud.browserstack.com/207.254.8.9:443]' for 'POST' to 'https://cesarstevenriosu_Z5kft8:X2vgXh3LFto9sDxURbwP@hub-cloud.browserstack.com/wd/hub/session/da647b3d1e66fd1dd37a67a376ea43f20167d90e/timeouts'
01:54:20.140 [Forwarding setTimeout on session da647b3d1e66fd1dd37a67a376ea43f20167d90e to remote] DEBUG org.asynchttpclient.netty.request.NettyRequestSender -- Using open Channel [id: 0x3ece9f08, L:/192.168.1.60:63594 - R:hub-cloud.browserstack.com/207.254.8.9:443] for POST '/wd/hub/session/da647b3d1e66fd1dd37a67a376ea43f20167d90e/timeouts'
01:54:20.246 [AsyncHttpClient-1-2] DEBUG org.asynchttpclient.netty.handler.HttpHandler -- 

Request DefaultHttpRequest(decodeResult: success, version: HTTP/1.1)
POST /wd/hub/session/da647b3d1e66fd1dd37a67a376ea43f20167d90e/timeouts HTTP/1.1
User-Agent: appium/8.3.0 (selenium/4.8.0 (java mac))
Content-Length: 23
Content-Type: application/json; charset=utf-8
host: hub-cloud.browserstack.com
authorization: Basic Y2VzYXJzdGV2ZW5yaW9zdV9aNWtmdDg6WDJ2Z1hoM0xGdG85c0R4VVJid1A=
accept: */*

Response DefaultHttpResponse(decodeResult: success, version: HTTP/1.1)
HTTP/1.1 200 OK
Server: nginx
Date: Mon, 05 Jun 2023 06:54:20 GMT
Content-Type: application/json; charset=utf-8
Content-Length: 14
Connection: keep-alive
Source-From: 02
x-powered-by: Express
vary: X-HTTP-Method-Override
etag: W/"e-9/1BuKMgFObM1mWJm+YjxtXJnUM"

01:54:20.247 [AsyncHttpClient-1-2] DEBUG org.asynchttpclient.netty.channel.ChannelManager -- Adding key: https://hub-cloud.browserstack.com:443 for channel [id: 0x3ece9f08, L:/192.168.1.60:63594 - R:hub-cloud.browserstack.com/207.254.8.9:443]
01:54:20.249 [Forwarding findElement on session da647b3d1e66fd1dd37a67a376ea43f20167d90e to remote] DEBUG org.asynchttpclient.netty.request.NettyRequestSender -- Using pooled Channel '[id: 0x3ece9f08, L:/192.168.1.60:63594 - R:hub-cloud.browserstack.com/207.254.8.9:443]' for 'POST' to 'https://cesarstevenriosu_Z5kft8:X2vgXh3LFto9sDxURbwP@hub-cloud.browserstack.com/wd/hub/session/da647b3d1e66fd1dd37a67a376ea43f20167d90e/element'
01:54:20.249 [Forwarding findElement on session da647b3d1e66fd1dd37a67a376ea43f20167d90e to remote] DEBUG org.asynchttpclient.netty.request.NettyRequestSender -- Using open Channel [id: 0x3ece9f08, L:/192.168.1.60:63594 - R:hub-cloud.browserstack.com/207.254.8.9:443] for POST '/wd/hub/session/da647b3d1e66fd1dd37a67a376ea43f20167d90e/element'
01:54:20.477 [AsyncHttpClient-1-2] DEBUG org.asynchttpclient.netty.handler.HttpHandler -- 

Request DefaultHttpRequest(decodeResult: success, version: HTTP/1.1)
POST /wd/hub/session/da647b3d1e66fd1dd37a67a376ea43f20167d90e/element HTTP/1.1
User-Agent: appium/8.3.0 (selenium/4.8.0 (java mac))
Content-Length: 190
Content-Type: application/json; charset=utf-8
host: hub-cloud.browserstack.com
authorization: Basic Y2VzYXJzdGV2ZW5yaW9zdV9aNWtmdDg6WDJ2Z1hoM0xGdG85c0R4VVJid1A=
accept: */*

Response DefaultHttpResponse(decodeResult: success, version: HTTP/1.1)
HTTP/1.1 200 OK
Server: nginx
Date: Mon, 05 Jun 2023 06:54:20 GMT
Content-Type: application/json; charset=utf-8
Content-Length: 137
Connection: keep-alive
Source-From: 02
x-powered-by: Express
vary: X-HTTP-Method-Override
etag: W/"89-hvzyRizo9lhOilJ57yZq6btbt3w"

01:54:20.478 [AsyncHttpClient-1-2] DEBUG org.asynchttpclient.netty.channel.ChannelManager -- Adding key: https://hub-cloud.browserstack.com:443 for channel [id: 0x3ece9f08, L:/192.168.1.60:63594 - R:hub-cloud.browserstack.com/207.254.8.9:443]
01:54:20.480 [Forwarding setTimeout on session da647b3d1e66fd1dd37a67a376ea43f20167d90e to remote] DEBUG org.asynchttpclient.netty.request.NettyRequestSender -- Using pooled Channel '[id: 0x3ece9f08, L:/192.168.1.60:63594 - R:hub-cloud.browserstack.com/207.254.8.9:443]' for 'POST' to 'https://cesarstevenriosu_Z5kft8:X2vgXh3LFto9sDxURbwP@hub-cloud.browserstack.com/wd/hub/session/da647b3d1e66fd1dd37a67a376ea43f20167d90e/timeouts'
01:54:20.480 [Forwarding setTimeout on session da647b3d1e66fd1dd37a67a376ea43f20167d90e to remote] DEBUG org.asynchttpclient.netty.request.NettyRequestSender -- Using open Channel [id: 0x3ece9f08, L:/192.168.1.60:63594 - R:hub-cloud.browserstack.com/207.254.8.9:443] for POST '/wd/hub/session/da647b3d1e66fd1dd37a67a376ea43f20167d90e/timeouts'
01:54:20.614 [AsyncHttpClient-1-2] DEBUG org.asynchttpclient.netty.handler.HttpHandler -- 

Request DefaultHttpRequest(decodeResult: success, version: HTTP/1.1)
POST /wd/hub/session/da647b3d1e66fd1dd37a67a376ea43f20167d90e/timeouts HTTP/1.1
User-Agent: appium/8.3.0 (selenium/4.8.0 (java mac))
Content-Length: 23
Content-Type: application/json; charset=utf-8
host: hub-cloud.browserstack.com
authorization: Basic Y2VzYXJzdGV2ZW5yaW9zdV9aNWtmdDg6WDJ2Z1hoM0xGdG85c0R4VVJid1A=
accept: */*

Response DefaultHttpResponse(decodeResult: success, version: HTTP/1.1)
HTTP/1.1 200 OK
Server: nginx
Date: Mon, 05 Jun 2023 06:54:20 GMT
Content-Type: application/json; charset=utf-8
Content-Length: 14
Connection: keep-alive
Source-From: 02
x-powered-by: Express
vary: X-HTTP-Method-Override
etag: W/"e-9/1BuKMgFObM1mWJm+YjxtXJnUM"

01:54:20.614 [AsyncHttpClient-1-2] DEBUG org.asynchttpclient.netty.channel.ChannelManager -- Adding key: https://hub-cloud.browserstack.com:443 for channel [id: 0x3ece9f08, L:/192.168.1.60:63594 - R:hub-cloud.browserstack.com/207.254.8.9:443]
01:54:20.616 [Forwarding isElementDisplayed on session da647b3d1e66fd1dd37a67a376ea43f20167d90e to remote] DEBUG org.asynchttpclient.netty.request.NettyRequestSender -- Using pooled Channel '[id: 0x3ece9f08, L:/192.168.1.60:63594 - R:hub-cloud.browserstack.com/207.254.8.9:443]' for 'GET' to 'https://cesarstevenriosu_Z5kft8:X2vgXh3LFto9sDxURbwP@hub-cloud.browserstack.com/wd/hub/session/da647b3d1e66fd1dd37a67a376ea43f20167d90e/element/45780393-414c-4a88-a9c0-614cef7f7d04/displayed'
01:54:20.616 [Forwarding isElementDisplayed on session da647b3d1e66fd1dd37a67a376ea43f20167d90e to remote] DEBUG org.asynchttpclient.netty.request.NettyRequestSender -- Using open Channel [id: 0x3ece9f08, L:/192.168.1.60:63594 - R:hub-cloud.browserstack.com/207.254.8.9:443] for GET '/wd/hub/session/da647b3d1e66fd1dd37a67a376ea43f20167d90e/element/45780393-414c-4a88-a9c0-614cef7f7d04/displayed'
01:54:20.763 [AsyncHttpClient-1-2] DEBUG org.asynchttpclient.netty.handler.HttpHandler -- 

Request DefaultFullHttpRequest(decodeResult: success, version: HTTP/1.1, content: EmptyByteBufBE)
GET /wd/hub/session/da647b3d1e66fd1dd37a67a376ea43f20167d90e/element/45780393-414c-4a88-a9c0-614cef7f7d04/displayed HTTP/1.1
User-Agent: appium/8.3.0 (selenium/4.8.0 (java mac))
Cache-Control: no-cache
Content-Type: application/json; charset=utf-8
host: hub-cloud.browserstack.com
authorization: Basic Y2VzYXJzdGV2ZW5yaW9zdV9aNWtmdDg6WDJ2Z1hoM0xGdG85c0R4VVJid1A=
accept: */*

Response DefaultHttpResponse(decodeResult: success, version: HTTP/1.1)
HTTP/1.1 200 OK
Server: nginx
Date: Mon, 05 Jun 2023 06:54:20 GMT
Content-Type: application/json; charset=utf-8
Content-Length: 14
Connection: keep-alive
Source-From: 02
x-powered-by: Express
etag: W/"e-2ZHvAWebNQpyjGZTg6uyV8/spTo"

01:54:20.763 [AsyncHttpClient-1-2] DEBUG org.asynchttpclient.netty.channel.ChannelManager -- Adding key: https://hub-cloud.browserstack.com:443 for channel [id: 0x3ece9f08, L:/192.168.1.60:63594 - R:hub-cloud.browserstack.com/207.254.8.9:443]
01:54:20.767 [Forwarding sendKeysToElement on session da647b3d1e66fd1dd37a67a376ea43f20167d90e to remote] DEBUG org.asynchttpclient.netty.request.NettyRequestSender -- Using pooled Channel '[id: 0x3ece9f08, L:/192.168.1.60:63594 - R:hub-cloud.browserstack.com/207.254.8.9:443]' for 'POST' to 'https://cesarstevenriosu_Z5kft8:X2vgXh3LFto9sDxURbwP@hub-cloud.browserstack.com/wd/hub/session/da647b3d1e66fd1dd37a67a376ea43f20167d90e/element/45780393-414c-4a88-a9c0-614cef7f7d04/value'
01:54:20.768 [Forwarding sendKeysToElement on session da647b3d1e66fd1dd37a67a376ea43f20167d90e to remote] DEBUG org.asynchttpclient.netty.request.NettyRequestSender -- Using open Channel [id: 0x3ece9f08, L:/192.168.1.60:63594 - R:hub-cloud.browserstack.com/207.254.8.9:443] for POST '/wd/hub/session/da647b3d1e66fd1dd37a67a376ea43f20167d90e/element/45780393-414c-4a88-a9c0-614cef7f7d04/value'
01:54:21.544 [AsyncHttpClient-1-2] DEBUG org.asynchttpclient.netty.handler.HttpHandler -- 

Request DefaultHttpRequest(decodeResult: success, version: HTTP/1.1)
POST /wd/hub/session/da647b3d1e66fd1dd37a67a376ea43f20167d90e/element/45780393-414c-4a88-a9c0-614cef7f7d04/value HTTP/1.1
User-Agent: appium/8.3.0 (selenium/4.8.0 (java mac))
Content-Length: 281
Content-Type: application/json; charset=utf-8
host: hub-cloud.browserstack.com
authorization: Basic Y2VzYXJzdGV2ZW5yaW9zdV9aNWtmdDg6WDJ2Z1hoM0xGdG85c0R4VVJid1A=
accept: */*

Response DefaultHttpResponse(decodeResult: success, version: HTTP/1.1)
HTTP/1.1 200 OK
Server: nginx
Date: Mon, 05 Jun 2023 06:54:21 GMT
Content-Type: application/json; charset=utf-8
Content-Length: 14
Connection: keep-alive
Source-From: 02
x-powered-by: Express
vary: X-HTTP-Method-Override
etag: W/"e-9/1BuKMgFObM1mWJm+YjxtXJnUM"

01:54:21.545 [AsyncHttpClient-1-2] DEBUG org.asynchttpclient.netty.channel.ChannelManager -- Adding key: https://hub-cloud.browserstack.com:443 for channel [id: 0x3ece9f08, L:/192.168.1.60:63594 - R:hub-cloud.browserstack.com/207.254.8.9:443]
01:54:21.548 [Forwarding setTimeout on session da647b3d1e66fd1dd37a67a376ea43f20167d90e to remote] DEBUG org.asynchttpclient.netty.request.NettyRequestSender -- Using pooled Channel '[id: 0x3ece9f08, L:/192.168.1.60:63594 - R:hub-cloud.browserstack.com/207.254.8.9:443]' for 'POST' to 'https://cesarstevenriosu_Z5kft8:X2vgXh3LFto9sDxURbwP@hub-cloud.browserstack.com/wd/hub/session/da647b3d1e66fd1dd37a67a376ea43f20167d90e/timeouts'
01:54:21.549 [Forwarding setTimeout on session da647b3d1e66fd1dd37a67a376ea43f20167d90e to remote] DEBUG org.asynchttpclient.netty.request.NettyRequestSender -- Using open Channel [id: 0x3ece9f08, L:/192.168.1.60:63594 - R:hub-cloud.browserstack.com/207.254.8.9:443] for POST '/wd/hub/session/da647b3d1e66fd1dd37a67a376ea43f20167d90e/timeouts'
01:54:22.824 [AsyncHttpClient-1-2] DEBUG org.asynchttpclient.netty.handler.HttpHandler -- 

Request DefaultHttpRequest(decodeResult: success, version: HTTP/1.1)
POST /wd/hub/session/da647b3d1e66fd1dd37a67a376ea43f20167d90e/timeouts HTTP/1.1
User-Agent: appium/8.3.0 (selenium/4.8.0 (java mac))
Content-Length: 19
Content-Type: application/json; charset=utf-8
host: hub-cloud.browserstack.com
authorization: Basic Y2VzYXJzdGV2ZW5yaW9zdV9aNWtmdDg6WDJ2Z1hoM0xGdG85c0R4VVJid1A=
accept: */*

Response DefaultHttpResponse(decodeResult: success, version: HTTP/1.1)
HTTP/1.1 200 OK
Server: nginx
Date: Mon, 05 Jun 2023 06:54:22 GMT
Content-Type: application/json; charset=utf-8
Content-Length: 14
Connection: keep-alive
Source-From: 02
x-powered-by: Express
vary: X-HTTP-Method-Override
etag: W/"e-9/1BuKMgFObM1mWJm+YjxtXJnUM"

01:54:22.825 [AsyncHttpClient-1-2] DEBUG org.asynchttpclient.netty.channel.ChannelManager -- Adding key: https://hub-cloud.browserstack.com:443 for channel [id: 0x3ece9f08, L:/192.168.1.60:63594 - R:hub-cloud.browserstack.com/207.254.8.9:443]
01:54:22.828 [Forwarding findElement on session da647b3d1e66fd1dd37a67a376ea43f20167d90e to remote] DEBUG org.asynchttpclient.netty.request.NettyRequestSender -- Using pooled Channel '[id: 0x3ece9f08, L:/192.168.1.60:63594 - R:hub-cloud.browserstack.com/207.254.8.9:443]' for 'POST' to 'https://cesarstevenriosu_Z5kft8:X2vgXh3LFto9sDxURbwP@hub-cloud.browserstack.com/wd/hub/session/da647b3d1e66fd1dd37a67a376ea43f20167d90e/element'
01:54:22.828 [Forwarding findElement on session da647b3d1e66fd1dd37a67a376ea43f20167d90e to remote] DEBUG org.asynchttpclient.netty.request.NettyRequestSender -- Using open Channel [id: 0x3ece9f08, L:/192.168.1.60:63594 - R:hub-cloud.browserstack.com/207.254.8.9:443] for POST '/wd/hub/session/da647b3d1e66fd1dd37a67a376ea43f20167d90e/element'
01:54:23.066 [AsyncHttpClient-1-2] DEBUG org.asynchttpclient.netty.handler.HttpHandler -- 

Request DefaultHttpRequest(decodeResult: success, version: HTTP/1.1)
POST /wd/hub/session/da647b3d1e66fd1dd37a67a376ea43f20167d90e/element HTTP/1.1
User-Agent: appium/8.3.0 (selenium/4.8.0 (java mac))
Content-Length: 190
Content-Type: application/json; charset=utf-8
host: hub-cloud.browserstack.com
authorization: Basic Y2VzYXJzdGV2ZW5yaW9zdV9aNWtmdDg6WDJ2Z1hoM0xGdG85c0R4VVJid1A=
accept: */*

Response DefaultHttpResponse(decodeResult: success, version: HTTP/1.1)
HTTP/1.1 200 OK
Server: nginx
Date: Mon, 05 Jun 2023 06:54:23 GMT
Content-Type: application/json; charset=utf-8
Content-Length: 137
Connection: keep-alive
Source-From: 02
x-powered-by: Express
vary: X-HTTP-Method-Override
etag: W/"89-shmkGz1/8UuM1cJ1E1bzHaSuL0Q"

01:54:23.066 [AsyncHttpClient-1-2] DEBUG org.asynchttpclient.netty.channel.ChannelManager -- Adding key: https://hub-cloud.browserstack.com:443 for channel [id: 0x3ece9f08, L:/192.168.1.60:63594 - R:hub-cloud.browserstack.com/207.254.8.9:443]
01:54:23.068 [Forwarding setTimeout on session da647b3d1e66fd1dd37a67a376ea43f20167d90e to remote] DEBUG org.asynchttpclient.netty.request.NettyRequestSender -- Using pooled Channel '[id: 0x3ece9f08, L:/192.168.1.60:63594 - R:hub-cloud.browserstack.com/207.254.8.9:443]' for 'POST' to 'https://cesarstevenriosu_Z5kft8:X2vgXh3LFto9sDxURbwP@hub-cloud.browserstack.com/wd/hub/session/da647b3d1e66fd1dd37a67a376ea43f20167d90e/timeouts'
01:54:23.068 [Forwarding setTimeout on session da647b3d1e66fd1dd37a67a376ea43f20167d90e to remote] DEBUG org.asynchttpclient.netty.request.NettyRequestSender -- Using open Channel [id: 0x3ece9f08, L:/192.168.1.60:63594 - R:hub-cloud.browserstack.com/207.254.8.9:443] for POST '/wd/hub/session/da647b3d1e66fd1dd37a67a376ea43f20167d90e/timeouts'
01:54:23.195 [AsyncHttpClient-1-2] DEBUG org.asynchttpclient.netty.handler.HttpHandler -- 

Request DefaultHttpRequest(decodeResult: success, version: HTTP/1.1)
POST /wd/hub/session/da647b3d1e66fd1dd37a67a376ea43f20167d90e/timeouts HTTP/1.1
User-Agent: appium/8.3.0 (selenium/4.8.0 (java mac))
Content-Length: 23
Content-Type: application/json; charset=utf-8
host: hub-cloud.browserstack.com
authorization: Basic Y2VzYXJzdGV2ZW5yaW9zdV9aNWtmdDg6WDJ2Z1hoM0xGdG85c0R4VVJid1A=
accept: */*

Response DefaultHttpResponse(decodeResult: success, version: HTTP/1.1)
HTTP/1.1 200 OK
Server: nginx
Date: Mon, 05 Jun 2023 06:54:23 GMT
Content-Type: application/json; charset=utf-8
Content-Length: 14
Connection: keep-alive
Source-From: 02
x-powered-by: Express
vary: X-HTTP-Method-Override
etag: W/"e-9/1BuKMgFObM1mWJm+YjxtXJnUM"

01:54:23.196 [AsyncHttpClient-1-2] DEBUG org.asynchttpclient.netty.channel.ChannelManager -- Adding key: https://hub-cloud.browserstack.com:443 for channel [id: 0x3ece9f08, L:/192.168.1.60:63594 - R:hub-cloud.browserstack.com/207.254.8.9:443]
01:54:23.198 [Forwarding setTimeout on session da647b3d1e66fd1dd37a67a376ea43f20167d90e to remote] DEBUG org.asynchttpclient.netty.request.NettyRequestSender -- Using pooled Channel '[id: 0x3ece9f08, L:/192.168.1.60:63594 - R:hub-cloud.browserstack.com/207.254.8.9:443]' for 'POST' to 'https://cesarstevenriosu_Z5kft8:X2vgXh3LFto9sDxURbwP@hub-cloud.browserstack.com/wd/hub/session/da647b3d1e66fd1dd37a67a376ea43f20167d90e/timeouts'
01:54:23.198 [Forwarding setTimeout on session da647b3d1e66fd1dd37a67a376ea43f20167d90e to remote] DEBUG org.asynchttpclient.netty.request.NettyRequestSender -- Using open Channel [id: 0x3ece9f08, L:/192.168.1.60:63594 - R:hub-cloud.browserstack.com/207.254.8.9:443] for POST '/wd/hub/session/da647b3d1e66fd1dd37a67a376ea43f20167d90e/timeouts'
01:54:23.318 [AsyncHttpClient-1-2] DEBUG org.asynchttpclient.netty.handler.HttpHandler -- 

Request DefaultHttpRequest(decodeResult: success, version: HTTP/1.1)
POST /wd/hub/session/da647b3d1e66fd1dd37a67a376ea43f20167d90e/timeouts HTTP/1.1
User-Agent: appium/8.3.0 (selenium/4.8.0 (java mac))
Content-Length: 19
Content-Type: application/json; charset=utf-8
host: hub-cloud.browserstack.com
authorization: Basic Y2VzYXJzdGV2ZW5yaW9zdV9aNWtmdDg6WDJ2Z1hoM0xGdG85c0R4VVJid1A=
accept: */*

Response DefaultHttpResponse(decodeResult: success, version: HTTP/1.1)
HTTP/1.1 200 OK
Server: nginx
Date: Mon, 05 Jun 2023 06:54:23 GMT
Content-Type: application/json; charset=utf-8
Content-Length: 14
Connection: keep-alive
Source-From: 02
x-powered-by: Express
vary: X-HTTP-Method-Override
etag: W/"e-9/1BuKMgFObM1mWJm+YjxtXJnUM"

01:54:23.319 [AsyncHttpClient-1-2] DEBUG org.asynchttpclient.netty.channel.ChannelManager -- Adding key: https://hub-cloud.browserstack.com:443 for channel [id: 0x3ece9f08, L:/192.168.1.60:63594 - R:hub-cloud.browserstack.com/207.254.8.9:443]
01:54:23.320 [Forwarding findElement on session da647b3d1e66fd1dd37a67a376ea43f20167d90e to remote] DEBUG org.asynchttpclient.netty.request.NettyRequestSender -- Using pooled Channel '[id: 0x3ece9f08, L:/192.168.1.60:63594 - R:hub-cloud.browserstack.com/207.254.8.9:443]' for 'POST' to 'https://cesarstevenriosu_Z5kft8:X2vgXh3LFto9sDxURbwP@hub-cloud.browserstack.com/wd/hub/session/da647b3d1e66fd1dd37a67a376ea43f20167d90e/element'
01:54:23.320 [Forwarding findElement on session da647b3d1e66fd1dd37a67a376ea43f20167d90e to remote] DEBUG org.asynchttpclient.netty.request.NettyRequestSender -- Using open Channel [id: 0x3ece9f08, L:/192.168.1.60:63594 - R:hub-cloud.browserstack.com/207.254.8.9:443] for POST '/wd/hub/session/da647b3d1e66fd1dd37a67a376ea43f20167d90e/element'
01:54:23.566 [AsyncHttpClient-1-2] DEBUG org.asynchttpclient.netty.handler.HttpHandler -- 

Request DefaultHttpRequest(decodeResult: success, version: HTTP/1.1)
POST /wd/hub/session/da647b3d1e66fd1dd37a67a376ea43f20167d90e/element HTTP/1.1
User-Agent: appium/8.3.0 (selenium/4.8.0 (java mac))
Content-Length: 190
Content-Type: application/json; charset=utf-8
host: hub-cloud.browserstack.com
authorization: Basic Y2VzYXJzdGV2ZW5yaW9zdV9aNWtmdDg6WDJ2Z1hoM0xGdG85c0R4VVJid1A=
accept: */*

Response DefaultHttpResponse(decodeResult: success, version: HTTP/1.1)
HTTP/1.1 200 OK
Server: nginx
Date: Mon, 05 Jun 2023 06:54:23 GMT
Content-Type: application/json; charset=utf-8
Content-Length: 137
Connection: keep-alive
Source-From: 02
x-powered-by: Express
vary: X-HTTP-Method-Override
etag: W/"89-1X9m5kBmzZC6nQivw7Yga3jLD1Y"

01:54:23.567 [AsyncHttpClient-1-2] DEBUG org.asynchttpclient.netty.channel.ChannelManager -- Adding key: https://hub-cloud.browserstack.com:443 for channel [id: 0x3ece9f08, L:/192.168.1.60:63594 - R:hub-cloud.browserstack.com/207.254.8.9:443]
01:54:23.569 [Forwarding setTimeout on session da647b3d1e66fd1dd37a67a376ea43f20167d90e to remote] DEBUG org.asynchttpclient.netty.request.NettyRequestSender -- Using pooled Channel '[id: 0x3ece9f08, L:/192.168.1.60:63594 - R:hub-cloud.browserstack.com/207.254.8.9:443]' for 'POST' to 'https://cesarstevenriosu_Z5kft8:X2vgXh3LFto9sDxURbwP@hub-cloud.browserstack.com/wd/hub/session/da647b3d1e66fd1dd37a67a376ea43f20167d90e/timeouts'
01:54:23.569 [Forwarding setTimeout on session da647b3d1e66fd1dd37a67a376ea43f20167d90e to remote] DEBUG org.asynchttpclient.netty.request.NettyRequestSender -- Using open Channel [id: 0x3ece9f08, L:/192.168.1.60:63594 - R:hub-cloud.browserstack.com/207.254.8.9:443] for POST '/wd/hub/session/da647b3d1e66fd1dd37a67a376ea43f20167d90e/timeouts'
01:54:23.676 [AsyncHttpClient-1-2] DEBUG org.asynchttpclient.netty.handler.HttpHandler -- 

Request DefaultHttpRequest(decodeResult: success, version: HTTP/1.1)
POST /wd/hub/session/da647b3d1e66fd1dd37a67a376ea43f20167d90e/timeouts HTTP/1.1
User-Agent: appium/8.3.0 (selenium/4.8.0 (java mac))
Content-Length: 23
Content-Type: application/json; charset=utf-8
host: hub-cloud.browserstack.com
authorization: Basic Y2VzYXJzdGV2ZW5yaW9zdV9aNWtmdDg6WDJ2Z1hoM0xGdG85c0R4VVJid1A=
accept: */*

Response DefaultHttpResponse(decodeResult: success, version: HTTP/1.1)
HTTP/1.1 200 OK
Server: nginx
Date: Mon, 05 Jun 2023 06:54:23 GMT
Content-Type: application/json; charset=utf-8
Content-Length: 14
Connection: keep-alive
Source-From: 02
x-powered-by: Express
vary: X-HTTP-Method-Override
etag: W/"e-9/1BuKMgFObM1mWJm+YjxtXJnUM"

01:54:23.676 [AsyncHttpClient-1-2] DEBUG org.asynchttpclient.netty.channel.ChannelManager -- Adding key: https://hub-cloud.browserstack.com:443 for channel [id: 0x3ece9f08, L:/192.168.1.60:63594 - R:hub-cloud.browserstack.com/207.254.8.9:443]
01:54:23.679 [Forwarding isElementDisplayed on session da647b3d1e66fd1dd37a67a376ea43f20167d90e to remote] DEBUG org.asynchttpclient.netty.request.NettyRequestSender -- Using pooled Channel '[id: 0x3ece9f08, L:/192.168.1.60:63594 - R:hub-cloud.browserstack.com/207.254.8.9:443]' for 'GET' to 'https://cesarstevenriosu_Z5kft8:X2vgXh3LFto9sDxURbwP@hub-cloud.browserstack.com/wd/hub/session/da647b3d1e66fd1dd37a67a376ea43f20167d90e/element/74c7d24f-731f-4c91-a7d2-c9ba7a08aa7a/displayed'
01:54:23.679 [Forwarding isElementDisplayed on session da647b3d1e66fd1dd37a67a376ea43f20167d90e to remote] DEBUG org.asynchttpclient.netty.request.NettyRequestSender -- Using open Channel [id: 0x3ece9f08, L:/192.168.1.60:63594 - R:hub-cloud.browserstack.com/207.254.8.9:443] for GET '/wd/hub/session/da647b3d1e66fd1dd37a67a376ea43f20167d90e/element/74c7d24f-731f-4c91-a7d2-c9ba7a08aa7a/displayed'
01:54:23.877 [AsyncHttpClient-1-2] DEBUG org.asynchttpclient.netty.handler.HttpHandler -- 

Request DefaultFullHttpRequest(decodeResult: success, version: HTTP/1.1, content: EmptyByteBufBE)
GET /wd/hub/session/da647b3d1e66fd1dd37a67a376ea43f20167d90e/element/74c7d24f-731f-4c91-a7d2-c9ba7a08aa7a/displayed HTTP/1.1
User-Agent: appium/8.3.0 (selenium/4.8.0 (java mac))
Cache-Control: no-cache
Content-Type: application/json; charset=utf-8
host: hub-cloud.browserstack.com
authorization: Basic Y2VzYXJzdGV2ZW5yaW9zdV9aNWtmdDg6WDJ2Z1hoM0xGdG85c0R4VVJid1A=
accept: */*

Response DefaultHttpResponse(decodeResult: success, version: HTTP/1.1)
HTTP/1.1 200 OK
Server: nginx
Date: Mon, 05 Jun 2023 06:54:23 GMT
Content-Type: application/json; charset=utf-8
Content-Length: 14
Connection: keep-alive
Source-From: 02
x-powered-by: Express
etag: W/"e-2ZHvAWebNQpyjGZTg6uyV8/spTo"

01:54:23.878 [AsyncHttpClient-1-2] DEBUG org.asynchttpclient.netty.channel.ChannelManager -- Adding key: https://hub-cloud.browserstack.com:443 for channel [id: 0x3ece9f08, L:/192.168.1.60:63594 - R:hub-cloud.browserstack.com/207.254.8.9:443]
01:54:23.882 [Forwarding setTimeout on session da647b3d1e66fd1dd37a67a376ea43f20167d90e to remote] DEBUG org.asynchttpclient.netty.request.NettyRequestSender -- Using pooled Channel '[id: 0x3ece9f08, L:/192.168.1.60:63594 - R:hub-cloud.browserstack.com/207.254.8.9:443]' for 'POST' to 'https://cesarstevenriosu_Z5kft8:X2vgXh3LFto9sDxURbwP@hub-cloud.browserstack.com/wd/hub/session/da647b3d1e66fd1dd37a67a376ea43f20167d90e/timeouts'
01:54:23.882 [Forwarding setTimeout on session da647b3d1e66fd1dd37a67a376ea43f20167d90e to remote] DEBUG org.asynchttpclient.netty.request.NettyRequestSender -- Using open Channel [id: 0x3ece9f08, L:/192.168.1.60:63594 - R:hub-cloud.browserstack.com/207.254.8.9:443] for POST '/wd/hub/session/da647b3d1e66fd1dd37a67a376ea43f20167d90e/timeouts'
01:54:23.971 [AsyncHttpClient-1-2] DEBUG org.asynchttpclient.netty.handler.HttpHandler -- 

Request DefaultHttpRequest(decodeResult: success, version: HTTP/1.1)
POST /wd/hub/session/da647b3d1e66fd1dd37a67a376ea43f20167d90e/timeouts HTTP/1.1
User-Agent: appium/8.3.0 (selenium/4.8.0 (java mac))
Content-Length: 23
Content-Type: application/json; charset=utf-8
host: hub-cloud.browserstack.com
authorization: Basic Y2VzYXJzdGV2ZW5yaW9zdV9aNWtmdDg6WDJ2Z1hoM0xGdG85c0R4VVJid1A=
accept: */*

Response DefaultHttpResponse(decodeResult: success, version: HTTP/1.1)
HTTP/1.1 200 OK
Server: nginx
Date: Mon, 05 Jun 2023 06:54:24 GMT
Content-Type: application/json; charset=utf-8
Content-Length: 14
Connection: keep-alive
Source-From: 02
x-powered-by: Express
vary: X-HTTP-Method-Override
etag: W/"e-9/1BuKMgFObM1mWJm+YjxtXJnUM"

01:54:23.972 [AsyncHttpClient-1-2] DEBUG org.asynchttpclient.netty.channel.ChannelManager -- Adding key: https://hub-cloud.browserstack.com:443 for channel [id: 0x3ece9f08, L:/192.168.1.60:63594 - R:hub-cloud.browserstack.com/207.254.8.9:443]
01:54:23.974 [Forwarding findElement on session da647b3d1e66fd1dd37a67a376ea43f20167d90e to remote] DEBUG org.asynchttpclient.netty.request.NettyRequestSender -- Using pooled Channel '[id: 0x3ece9f08, L:/192.168.1.60:63594 - R:hub-cloud.browserstack.com/207.254.8.9:443]' for 'POST' to 'https://cesarstevenriosu_Z5kft8:X2vgXh3LFto9sDxURbwP@hub-cloud.browserstack.com/wd/hub/session/da647b3d1e66fd1dd37a67a376ea43f20167d90e/element'
01:54:23.974 [Forwarding findElement on session da647b3d1e66fd1dd37a67a376ea43f20167d90e to remote] DEBUG org.asynchttpclient.netty.request.NettyRequestSender -- Using open Channel [id: 0x3ece9f08, L:/192.168.1.60:63594 - R:hub-cloud.browserstack.com/207.254.8.9:443] for POST '/wd/hub/session/da647b3d1e66fd1dd37a67a376ea43f20167d90e/element'
01:54:24.249 [AsyncHttpClient-1-2] DEBUG org.asynchttpclient.netty.handler.HttpHandler -- 

Request DefaultHttpRequest(decodeResult: success, version: HTTP/1.1)
POST /wd/hub/session/da647b3d1e66fd1dd37a67a376ea43f20167d90e/element HTTP/1.1
User-Agent: appium/8.3.0 (selenium/4.8.0 (java mac))
Content-Length: 190
Content-Type: application/json; charset=utf-8
host: hub-cloud.browserstack.com
authorization: Basic Y2VzYXJzdGV2ZW5yaW9zdV9aNWtmdDg6WDJ2Z1hoM0xGdG85c0R4VVJid1A=
accept: */*

Response DefaultHttpResponse(decodeResult: success, version: HTTP/1.1)
HTTP/1.1 200 OK
Server: nginx
Date: Mon, 05 Jun 2023 06:54:24 GMT
Content-Type: application/json; charset=utf-8
Content-Length: 137
Connection: keep-alive
Source-From: 02
x-powered-by: Express
vary: X-HTTP-Method-Override
etag: W/"89-EomD8bMBOc+AJ8+rvbJKgPxcUZE"

01:54:24.250 [AsyncHttpClient-1-2] DEBUG org.asynchttpclient.netty.channel.ChannelManager -- Adding key: https://hub-cloud.browserstack.com:443 for channel [id: 0x3ece9f08, L:/192.168.1.60:63594 - R:hub-cloud.browserstack.com/207.254.8.9:443]
01:54:24.252 [Forwarding setTimeout on session da647b3d1e66fd1dd37a67a376ea43f20167d90e to remote] DEBUG org.asynchttpclient.netty.request.NettyRequestSender -- Using pooled Channel '[id: 0x3ece9f08, L:/192.168.1.60:63594 - R:hub-cloud.browserstack.com/207.254.8.9:443]' for 'POST' to 'https://cesarstevenriosu_Z5kft8:X2vgXh3LFto9sDxURbwP@hub-cloud.browserstack.com/wd/hub/session/da647b3d1e66fd1dd37a67a376ea43f20167d90e/timeouts'
01:54:24.252 [Forwarding setTimeout on session da647b3d1e66fd1dd37a67a376ea43f20167d90e to remote] DEBUG org.asynchttpclient.netty.request.NettyRequestSender -- Using open Channel [id: 0x3ece9f08, L:/192.168.1.60:63594 - R:hub-cloud.browserstack.com/207.254.8.9:443] for POST '/wd/hub/session/da647b3d1e66fd1dd37a67a376ea43f20167d90e/timeouts'
01:54:24.401 [AsyncHttpClient-1-2] DEBUG org.asynchttpclient.netty.handler.HttpHandler -- 

Request DefaultHttpRequest(decodeResult: success, version: HTTP/1.1)
POST /wd/hub/session/da647b3d1e66fd1dd37a67a376ea43f20167d90e/timeouts HTTP/1.1
User-Agent: appium/8.3.0 (selenium/4.8.0 (java mac))
Content-Length: 23
Content-Type: application/json; charset=utf-8
host: hub-cloud.browserstack.com
authorization: Basic Y2VzYXJzdGV2ZW5yaW9zdV9aNWtmdDg6WDJ2Z1hoM0xGdG85c0R4VVJid1A=
accept: */*

Response DefaultHttpResponse(decodeResult: success, version: HTTP/1.1)
HTTP/1.1 200 OK
Server: nginx
Date: Mon, 05 Jun 2023 06:54:24 GMT
Content-Type: application/json; charset=utf-8
Content-Length: 14
Connection: keep-alive
Source-From: 02
x-powered-by: Express
vary: X-HTTP-Method-Override
etag: W/"e-9/1BuKMgFObM1mWJm+YjxtXJnUM"

01:54:24.402 [AsyncHttpClient-1-2] DEBUG org.asynchttpclient.netty.channel.ChannelManager -- Adding key: https://hub-cloud.browserstack.com:443 for channel [id: 0x3ece9f08, L:/192.168.1.60:63594 - R:hub-cloud.browserstack.com/207.254.8.9:443]
01:54:24.403 [Forwarding isElementDisplayed on session da647b3d1e66fd1dd37a67a376ea43f20167d90e to remote] DEBUG org.asynchttpclient.netty.request.NettyRequestSender -- Using pooled Channel '[id: 0x3ece9f08, L:/192.168.1.60:63594 - R:hub-cloud.browserstack.com/207.254.8.9:443]' for 'GET' to 'https://cesarstevenriosu_Z5kft8:X2vgXh3LFto9sDxURbwP@hub-cloud.browserstack.com/wd/hub/session/da647b3d1e66fd1dd37a67a376ea43f20167d90e/element/e8adce8e-81ac-40e1-bd31-a97750f2c143/displayed'
01:54:24.403 [Forwarding isElementDisplayed on session da647b3d1e66fd1dd37a67a376ea43f20167d90e to remote] DEBUG org.asynchttpclient.netty.request.NettyRequestSender -- Using open Channel [id: 0x3ece9f08, L:/192.168.1.60:63594 - R:hub-cloud.browserstack.com/207.254.8.9:443] for GET '/wd/hub/session/da647b3d1e66fd1dd37a67a376ea43f20167d90e/element/e8adce8e-81ac-40e1-bd31-a97750f2c143/displayed'
01:54:24.554 [AsyncHttpClient-1-2] DEBUG org.asynchttpclient.netty.handler.HttpHandler -- 

Request DefaultFullHttpRequest(decodeResult: success, version: HTTP/1.1, content: EmptyByteBufBE)
GET /wd/hub/session/da647b3d1e66fd1dd37a67a376ea43f20167d90e/element/e8adce8e-81ac-40e1-bd31-a97750f2c143/displayed HTTP/1.1
User-Agent: appium/8.3.0 (selenium/4.8.0 (java mac))
Cache-Control: no-cache
Content-Type: application/json; charset=utf-8
host: hub-cloud.browserstack.com
authorization: Basic Y2VzYXJzdGV2ZW5yaW9zdV9aNWtmdDg6WDJ2Z1hoM0xGdG85c0R4VVJid1A=
accept: */*

Response DefaultHttpResponse(decodeResult: success, version: HTTP/1.1)
HTTP/1.1 200 OK
Server: nginx
Date: Mon, 05 Jun 2023 06:54:24 GMT
Content-Type: application/json; charset=utf-8
Content-Length: 14
Connection: keep-alive
Source-From: 02
x-powered-by: Express
etag: W/"e-2ZHvAWebNQpyjGZTg6uyV8/spTo"

01:54:24.555 [AsyncHttpClient-1-2] DEBUG org.asynchttpclient.netty.channel.ChannelManager -- Adding key: https://hub-cloud.browserstack.com:443 for channel [id: 0x3ece9f08, L:/192.168.1.60:63594 - R:hub-cloud.browserstack.com/207.254.8.9:443]
01:54:24.557 [Forwarding isElementDisplayed on session da647b3d1e66fd1dd37a67a376ea43f20167d90e to remote] DEBUG org.asynchttpclient.netty.request.NettyRequestSender -- Using pooled Channel '[id: 0x3ece9f08, L:/192.168.1.60:63594 - R:hub-cloud.browserstack.com/207.254.8.9:443]' for 'GET' to 'https://cesarstevenriosu_Z5kft8:X2vgXh3LFto9sDxURbwP@hub-cloud.browserstack.com/wd/hub/session/da647b3d1e66fd1dd37a67a376ea43f20167d90e/element/e8adce8e-81ac-40e1-bd31-a97750f2c143/displayed'
01:54:24.557 [Forwarding isElementDisplayed on session da647b3d1e66fd1dd37a67a376ea43f20167d90e to remote] DEBUG org.asynchttpclient.netty.request.NettyRequestSender -- Using open Channel [id: 0x3ece9f08, L:/192.168.1.60:63594 - R:hub-cloud.browserstack.com/207.254.8.9:443] for GET '/wd/hub/session/da647b3d1e66fd1dd37a67a376ea43f20167d90e/element/e8adce8e-81ac-40e1-bd31-a97750f2c143/displayed'
01:54:24.699 [AsyncHttpClient-1-2] DEBUG org.asynchttpclient.netty.handler.HttpHandler -- 

Request DefaultFullHttpRequest(decodeResult: success, version: HTTP/1.1, content: EmptyByteBufBE)
GET /wd/hub/session/da647b3d1e66fd1dd37a67a376ea43f20167d90e/element/e8adce8e-81ac-40e1-bd31-a97750f2c143/displayed HTTP/1.1
User-Agent: appium/8.3.0 (selenium/4.8.0 (java mac))
Cache-Control: no-cache
Content-Type: application/json; charset=utf-8
host: hub-cloud.browserstack.com
authorization: Basic Y2VzYXJzdGV2ZW5yaW9zdV9aNWtmdDg6WDJ2Z1hoM0xGdG85c0R4VVJid1A=
accept: */*

Response DefaultHttpResponse(decodeResult: success, version: HTTP/1.1)
HTTP/1.1 200 OK
Server: nginx
Date: Mon, 05 Jun 2023 06:54:24 GMT
Content-Type: application/json; charset=utf-8
Content-Length: 14
Connection: keep-alive
Source-From: 02
x-powered-by: Express
etag: W/"e-2ZHvAWebNQpyjGZTg6uyV8/spTo"

01:54:24.699 [AsyncHttpClient-1-2] DEBUG org.asynchttpclient.netty.channel.ChannelManager -- Adding key: https://hub-cloud.browserstack.com:443 for channel [id: 0x3ece9f08, L:/192.168.1.60:63594 - R:hub-cloud.browserstack.com/207.254.8.9:443]
01:54:24.702 [Forwarding setTimeout on session da647b3d1e66fd1dd37a67a376ea43f20167d90e to remote] DEBUG org.asynchttpclient.netty.request.NettyRequestSender -- Using pooled Channel '[id: 0x3ece9f08, L:/192.168.1.60:63594 - R:hub-cloud.browserstack.com/207.254.8.9:443]' for 'POST' to 'https://cesarstevenriosu_Z5kft8:X2vgXh3LFto9sDxURbwP@hub-cloud.browserstack.com/wd/hub/session/da647b3d1e66fd1dd37a67a376ea43f20167d90e/timeouts'
01:54:24.702 [Forwarding setTimeout on session da647b3d1e66fd1dd37a67a376ea43f20167d90e to remote] DEBUG org.asynchttpclient.netty.request.NettyRequestSender -- Using open Channel [id: 0x3ece9f08, L:/192.168.1.60:63594 - R:hub-cloud.browserstack.com/207.254.8.9:443] for POST '/wd/hub/session/da647b3d1e66fd1dd37a67a376ea43f20167d90e/timeouts'
01:54:24.926 [AsyncHttpClient-1-2] DEBUG org.asynchttpclient.netty.handler.HttpHandler -- 

Request DefaultHttpRequest(decodeResult: success, version: HTTP/1.1)
POST /wd/hub/session/da647b3d1e66fd1dd37a67a376ea43f20167d90e/timeouts HTTP/1.1
User-Agent: appium/8.3.0 (selenium/4.8.0 (java mac))
Content-Length: 23
Content-Type: application/json; charset=utf-8
host: hub-cloud.browserstack.com
authorization: Basic Y2VzYXJzdGV2ZW5yaW9zdV9aNWtmdDg6WDJ2Z1hoM0xGdG85c0R4VVJid1A=
accept: */*

Response DefaultHttpResponse(decodeResult: success, version: HTTP/1.1)
HTTP/1.1 200 OK
Server: nginx
Date: Mon, 05 Jun 2023 06:54:25 GMT
Content-Type: application/json; charset=utf-8
Content-Length: 14
Connection: keep-alive
Source-From: 02
x-powered-by: Express
vary: X-HTTP-Method-Override
etag: W/"e-9/1BuKMgFObM1mWJm+YjxtXJnUM"

01:54:24.927 [AsyncHttpClient-1-2] DEBUG org.asynchttpclient.netty.channel.ChannelManager -- Adding key: https://hub-cloud.browserstack.com:443 for channel [id: 0x3ece9f08, L:/192.168.1.60:63594 - R:hub-cloud.browserstack.com/207.254.8.9:443]
01:54:24.929 [Forwarding findElement on session da647b3d1e66fd1dd37a67a376ea43f20167d90e to remote] DEBUG org.asynchttpclient.netty.request.NettyRequestSender -- Using pooled Channel '[id: 0x3ece9f08, L:/192.168.1.60:63594 - R:hub-cloud.browserstack.com/207.254.8.9:443]' for 'POST' to 'https://cesarstevenriosu_Z5kft8:X2vgXh3LFto9sDxURbwP@hub-cloud.browserstack.com/wd/hub/session/da647b3d1e66fd1dd37a67a376ea43f20167d90e/element'
01:54:24.930 [Forwarding findElement on session da647b3d1e66fd1dd37a67a376ea43f20167d90e to remote] DEBUG org.asynchttpclient.netty.request.NettyRequestSender -- Using open Channel [id: 0x3ece9f08, L:/192.168.1.60:63594 - R:hub-cloud.browserstack.com/207.254.8.9:443] for POST '/wd/hub/session/da647b3d1e66fd1dd37a67a376ea43f20167d90e/element'
01:54:25.200 [AsyncHttpClient-1-2] DEBUG org.asynchttpclient.netty.handler.HttpHandler -- 

Request DefaultHttpRequest(decodeResult: success, version: HTTP/1.1)
POST /wd/hub/session/da647b3d1e66fd1dd37a67a376ea43f20167d90e/element HTTP/1.1
User-Agent: appium/8.3.0 (selenium/4.8.0 (java mac))
Content-Length: 190
Content-Type: application/json; charset=utf-8
host: hub-cloud.browserstack.com
authorization: Basic Y2VzYXJzdGV2ZW5yaW9zdV9aNWtmdDg6WDJ2Z1hoM0xGdG85c0R4VVJid1A=
accept: */*

Response DefaultHttpResponse(decodeResult: success, version: HTTP/1.1)
HTTP/1.1 200 OK
Server: nginx
Date: Mon, 05 Jun 2023 06:54:25 GMT
Content-Type: application/json; charset=utf-8
Content-Length: 137
Connection: close
Source-From: 02
x-powered-by: Express
vary: X-HTTP-Method-Override
etag: W/"89-goSDdrqvhH9ybBXvoumajgJV8dY"

01:54:25.201 [AsyncHttpClient-1-2] DEBUG org.asynchttpclient.netty.channel.ChannelManager -- Closing Channel [id: 0x3ece9f08, L:/192.168.1.60:63594 - R:hub-cloud.browserstack.com/207.254.8.9:443] 
01:54:25.213 [AsyncHttpClient-1-2] DEBUG org.asynchttpclient.netty.handler.HttpHandler -- Channel Closed: [id: 0x3ece9f08, L:/192.168.1.60:63594 ! R:hub-cloud.browserstack.com/207.254.8.9:443] with attribute DISCARD
01:54:25.374 [AsyncHttpClient-1-3] DEBUG org.asynchttpclient.netty.channel.NettyConnectListener -- Using new Channel '[id: 0x6f44d718, L:/192.168.1.60:63605 - R:hub-cloud.browserstack.com/207.254.8.9:443]' for 'POST' to '/wd/hub/session/da647b3d1e66fd1dd37a67a376ea43f20167d90e/timeouts'
01:54:25.376 [AsyncHttpClient-1-3] DEBUG io.netty.handler.ssl.SslHandler -- [id: 0x6f44d718, L:/192.168.1.60:63605 - R:hub-cloud.browserstack.com/207.254.8.9:443] HANDSHAKEN: protocol:TLSv1.2 cipher suite:TLS_ECDHE_RSA_WITH_AES_128_GCM_SHA256
01:54:25.484 [AsyncHttpClient-1-3] DEBUG org.asynchttpclient.netty.handler.HttpHandler -- 

Request DefaultHttpRequest(decodeResult: success, version: HTTP/1.1)
POST /wd/hub/session/da647b3d1e66fd1dd37a67a376ea43f20167d90e/timeouts HTTP/1.1
User-Agent: appium/8.3.0 (selenium/4.8.0 (java mac))
Content-Length: 23
Content-Type: application/json; charset=utf-8
host: hub-cloud.browserstack.com
authorization: Basic Y2VzYXJzdGV2ZW5yaW9zdV9aNWtmdDg6WDJ2Z1hoM0xGdG85c0R4VVJid1A=
accept: */*

Response DefaultHttpResponse(decodeResult: success, version: HTTP/1.1)
HTTP/1.1 200 OK
Server: nginx
Date: Mon, 05 Jun 2023 06:54:25 GMT
Content-Type: application/json; charset=utf-8
Content-Length: 14
Connection: keep-alive
Source-From: 02
x-powered-by: Express
vary: X-HTTP-Method-Override
etag: W/"e-9/1BuKMgFObM1mWJm+YjxtXJnUM"

01:54:25.484 [AsyncHttpClient-1-3] DEBUG org.asynchttpclient.netty.channel.ChannelManager -- Adding key: https://hub-cloud.browserstack.com:443 for channel [id: 0x6f44d718, L:/192.168.1.60:63605 - R:hub-cloud.browserstack.com/207.254.8.9:443]
01:54:25.486 [Forwarding isElementDisplayed on session da647b3d1e66fd1dd37a67a376ea43f20167d90e to remote] DEBUG org.asynchttpclient.netty.request.NettyRequestSender -- Using pooled Channel '[id: 0x6f44d718, L:/192.168.1.60:63605 - R:hub-cloud.browserstack.com/207.254.8.9:443]' for 'GET' to 'https://cesarstevenriosu_Z5kft8:X2vgXh3LFto9sDxURbwP@hub-cloud.browserstack.com/wd/hub/session/da647b3d1e66fd1dd37a67a376ea43f20167d90e/element/a8ec35b2-2a42-411b-8030-21c35f1a6cf4/displayed'
01:54:25.486 [Forwarding isElementDisplayed on session da647b3d1e66fd1dd37a67a376ea43f20167d90e to remote] DEBUG org.asynchttpclient.netty.request.NettyRequestSender -- Using open Channel [id: 0x6f44d718, L:/192.168.1.60:63605 - R:hub-cloud.browserstack.com/207.254.8.9:443] for GET '/wd/hub/session/da647b3d1e66fd1dd37a67a376ea43f20167d90e/element/a8ec35b2-2a42-411b-8030-21c35f1a6cf4/displayed'
01:54:25.632 [AsyncHttpClient-1-3] DEBUG org.asynchttpclient.netty.handler.HttpHandler -- 

Request DefaultFullHttpRequest(decodeResult: success, version: HTTP/1.1, content: EmptyByteBufBE)
GET /wd/hub/session/da647b3d1e66fd1dd37a67a376ea43f20167d90e/element/a8ec35b2-2a42-411b-8030-21c35f1a6cf4/displayed HTTP/1.1
User-Agent: appium/8.3.0 (selenium/4.8.0 (java mac))
Cache-Control: no-cache
Content-Type: application/json; charset=utf-8
host: hub-cloud.browserstack.com
authorization: Basic Y2VzYXJzdGV2ZW5yaW9zdV9aNWtmdDg6WDJ2Z1hoM0xGdG85c0R4VVJid1A=
accept: */*

Response DefaultHttpResponse(decodeResult: success, version: HTTP/1.1)
HTTP/1.1 200 OK
Server: nginx
Date: Mon, 05 Jun 2023 06:54:25 GMT
Content-Type: application/json; charset=utf-8
Content-Length: 14
Connection: keep-alive
Source-From: 02
x-powered-by: Express
etag: W/"e-2ZHvAWebNQpyjGZTg6uyV8/spTo"

01:54:25.632 [AsyncHttpClient-1-3] DEBUG org.asynchttpclient.netty.channel.ChannelManager -- Adding key: https://hub-cloud.browserstack.com:443 for channel [id: 0x6f44d718, L:/192.168.1.60:63605 - R:hub-cloud.browserstack.com/207.254.8.9:443]
01:54:25.634 [Forwarding clickElement on session da647b3d1e66fd1dd37a67a376ea43f20167d90e to remote] DEBUG org.asynchttpclient.netty.request.NettyRequestSender -- Using pooled Channel '[id: 0x6f44d718, L:/192.168.1.60:63605 - R:hub-cloud.browserstack.com/207.254.8.9:443]' for 'POST' to 'https://cesarstevenriosu_Z5kft8:X2vgXh3LFto9sDxURbwP@hub-cloud.browserstack.com/wd/hub/session/da647b3d1e66fd1dd37a67a376ea43f20167d90e/element/a8ec35b2-2a42-411b-8030-21c35f1a6cf4/click'
01:54:25.634 [Forwarding clickElement on session da647b3d1e66fd1dd37a67a376ea43f20167d90e to remote] DEBUG org.asynchttpclient.netty.request.NettyRequestSender -- Using open Channel [id: 0x6f44d718, L:/192.168.1.60:63605 - R:hub-cloud.browserstack.com/207.254.8.9:443] for POST '/wd/hub/session/da647b3d1e66fd1dd37a67a376ea43f20167d90e/element/a8ec35b2-2a42-411b-8030-21c35f1a6cf4/click'
01:54:26.286 [AsyncHttpClient-1-3] DEBUG org.asynchttpclient.netty.handler.HttpHandler -- 

Request DefaultHttpRequest(decodeResult: success, version: HTTP/1.1)
POST /wd/hub/session/da647b3d1e66fd1dd37a67a376ea43f20167d90e/element/a8ec35b2-2a42-411b-8030-21c35f1a6cf4/click HTTP/1.1
User-Agent: appium/8.3.0 (selenium/4.8.0 (java mac))
Content-Length: 50
Content-Type: application/json; charset=utf-8
host: hub-cloud.browserstack.com
authorization: Basic Y2VzYXJzdGV2ZW5yaW9zdV9aNWtmdDg6WDJ2Z1hoM0xGdG85c0R4VVJid1A=
accept: */*

Response DefaultHttpResponse(decodeResult: success, version: HTTP/1.1)
HTTP/1.1 200 OK
Server: nginx
Date: Mon, 05 Jun 2023 06:54:26 GMT
Content-Type: application/json; charset=utf-8
Content-Length: 14
Connection: keep-alive
Source-From: 02
x-powered-by: Express
vary: X-HTTP-Method-Override
etag: W/"e-9/1BuKMgFObM1mWJm+YjxtXJnUM"

01:54:26.286 [AsyncHttpClient-1-3] DEBUG org.asynchttpclient.netty.channel.ChannelManager -- Adding key: https://hub-cloud.browserstack.com:443 for channel [id: 0x6f44d718, L:/192.168.1.60:63605 - R:hub-cloud.browserstack.com/207.254.8.9:443]
01:54:26.290 [Forwarding setTimeout on session da647b3d1e66fd1dd37a67a376ea43f20167d90e to remote] DEBUG org.asynchttpclient.netty.request.NettyRequestSender -- Using pooled Channel '[id: 0x6f44d718, L:/192.168.1.60:63605 - R:hub-cloud.browserstack.com/207.254.8.9:443]' for 'POST' to 'https://cesarstevenriosu_Z5kft8:X2vgXh3LFto9sDxURbwP@hub-cloud.browserstack.com/wd/hub/session/da647b3d1e66fd1dd37a67a376ea43f20167d90e/timeouts'
01:54:26.291 [Forwarding setTimeout on session da647b3d1e66fd1dd37a67a376ea43f20167d90e to remote] DEBUG org.asynchttpclient.netty.request.NettyRequestSender -- Using open Channel [id: 0x6f44d718, L:/192.168.1.60:63605 - R:hub-cloud.browserstack.com/207.254.8.9:443] for POST '/wd/hub/session/da647b3d1e66fd1dd37a67a376ea43f20167d90e/timeouts'
01:54:26.406 [AsyncHttpClient-1-3] DEBUG org.asynchttpclient.netty.handler.HttpHandler -- 

Request DefaultHttpRequest(decodeResult: success, version: HTTP/1.1)
POST /wd/hub/session/da647b3d1e66fd1dd37a67a376ea43f20167d90e/timeouts HTTP/1.1
User-Agent: appium/8.3.0 (selenium/4.8.0 (java mac))
Content-Length: 19
Content-Type: application/json; charset=utf-8
host: hub-cloud.browserstack.com
authorization: Basic Y2VzYXJzdGV2ZW5yaW9zdV9aNWtmdDg6WDJ2Z1hoM0xGdG85c0R4VVJid1A=
accept: */*

Response DefaultHttpResponse(decodeResult: success, version: HTTP/1.1)
HTTP/1.1 200 OK
Server: nginx
Date: Mon, 05 Jun 2023 06:54:26 GMT
Content-Type: application/json; charset=utf-8
Content-Length: 14
Connection: keep-alive
Source-From: 02
x-powered-by: Express
vary: X-HTTP-Method-Override
etag: W/"e-9/1BuKMgFObM1mWJm+YjxtXJnUM"

01:54:26.406 [AsyncHttpClient-1-3] DEBUG org.asynchttpclient.netty.channel.ChannelManager -- Adding key: https://hub-cloud.browserstack.com:443 for channel [id: 0x6f44d718, L:/192.168.1.60:63605 - R:hub-cloud.browserstack.com/207.254.8.9:443]
01:54:26.409 [Forwarding findElement on session da647b3d1e66fd1dd37a67a376ea43f20167d90e to remote] DEBUG org.asynchttpclient.netty.request.NettyRequestSender -- Using pooled Channel '[id: 0x6f44d718, L:/192.168.1.60:63605 - R:hub-cloud.browserstack.com/207.254.8.9:443]' for 'POST' to 'https://cesarstevenriosu_Z5kft8:X2vgXh3LFto9sDxURbwP@hub-cloud.browserstack.com/wd/hub/session/da647b3d1e66fd1dd37a67a376ea43f20167d90e/element'
01:54:26.409 [Forwarding findElement on session da647b3d1e66fd1dd37a67a376ea43f20167d90e to remote] DEBUG org.asynchttpclient.netty.request.NettyRequestSender -- Using open Channel [id: 0x6f44d718, L:/192.168.1.60:63605 - R:hub-cloud.browserstack.com/207.254.8.9:443] for POST '/wd/hub/session/da647b3d1e66fd1dd37a67a376ea43f20167d90e/element'
01:54:26.664 [AsyncHttpClient-1-3] DEBUG org.asynchttpclient.netty.handler.HttpHandler -- 

Request DefaultHttpRequest(decodeResult: success, version: HTTP/1.1)
POST /wd/hub/session/da647b3d1e66fd1dd37a67a376ea43f20167d90e/element HTTP/1.1
User-Agent: appium/8.3.0 (selenium/4.8.0 (java mac))
Content-Length: 190
Content-Type: application/json; charset=utf-8
host: hub-cloud.browserstack.com
authorization: Basic Y2VzYXJzdGV2ZW5yaW9zdV9aNWtmdDg6WDJ2Z1hoM0xGdG85c0R4VVJid1A=
accept: */*

Response DefaultHttpResponse(decodeResult: success, version: HTTP/1.1)
HTTP/1.1 200 OK
Server: nginx
Date: Mon, 05 Jun 2023 06:54:26 GMT
Content-Type: application/json; charset=utf-8
Content-Length: 137
Connection: keep-alive
Source-From: 02
x-powered-by: Express
vary: X-HTTP-Method-Override
etag: W/"89-cQYP3XiVYM+h9rPyR6sNfwqRxNE"

01:54:26.664 [AsyncHttpClient-1-3] DEBUG org.asynchttpclient.netty.channel.ChannelManager -- Adding key: https://hub-cloud.browserstack.com:443 for channel [id: 0x6f44d718, L:/192.168.1.60:63605 - R:hub-cloud.browserstack.com/207.254.8.9:443]
01:54:26.666 [Forwarding setTimeout on session da647b3d1e66fd1dd37a67a376ea43f20167d90e to remote] DEBUG org.asynchttpclient.netty.request.NettyRequestSender -- Using pooled Channel '[id: 0x6f44d718, L:/192.168.1.60:63605 - R:hub-cloud.browserstack.com/207.254.8.9:443]' for 'POST' to 'https://cesarstevenriosu_Z5kft8:X2vgXh3LFto9sDxURbwP@hub-cloud.browserstack.com/wd/hub/session/da647b3d1e66fd1dd37a67a376ea43f20167d90e/timeouts'
01:54:26.666 [Forwarding setTimeout on session da647b3d1e66fd1dd37a67a376ea43f20167d90e to remote] DEBUG org.asynchttpclient.netty.request.NettyRequestSender -- Using open Channel [id: 0x6f44d718, L:/192.168.1.60:63605 - R:hub-cloud.browserstack.com/207.254.8.9:443] for POST '/wd/hub/session/da647b3d1e66fd1dd37a67a376ea43f20167d90e/timeouts'
01:54:26.849 [AsyncHttpClient-1-3] DEBUG org.asynchttpclient.netty.handler.HttpHandler -- 

Request DefaultHttpRequest(decodeResult: success, version: HTTP/1.1)
POST /wd/hub/session/da647b3d1e66fd1dd37a67a376ea43f20167d90e/timeouts HTTP/1.1
User-Agent: appium/8.3.0 (selenium/4.8.0 (java mac))
Content-Length: 23
Content-Type: application/json; charset=utf-8
host: hub-cloud.browserstack.com
authorization: Basic Y2VzYXJzdGV2ZW5yaW9zdV9aNWtmdDg6WDJ2Z1hoM0xGdG85c0R4VVJid1A=
accept: */*

Response DefaultHttpResponse(decodeResult: success, version: HTTP/1.1)
HTTP/1.1 200 OK
Server: nginx
Date: Mon, 05 Jun 2023 06:54:26 GMT
Content-Type: application/json; charset=utf-8
Content-Length: 14
Connection: keep-alive
Source-From: 02
x-powered-by: Express
vary: X-HTTP-Method-Override
etag: W/"e-9/1BuKMgFObM1mWJm+YjxtXJnUM"

01:54:26.849 [AsyncHttpClient-1-3] DEBUG org.asynchttpclient.netty.channel.ChannelManager -- Adding key: https://hub-cloud.browserstack.com:443 for channel [id: 0x6f44d718, L:/192.168.1.60:63605 - R:hub-cloud.browserstack.com/207.254.8.9:443]
01:54:26.853 [Forwarding setTimeout on session da647b3d1e66fd1dd37a67a376ea43f20167d90e to remote] DEBUG org.asynchttpclient.netty.request.NettyRequestSender -- Using pooled Channel '[id: 0x6f44d718, L:/192.168.1.60:63605 - R:hub-cloud.browserstack.com/207.254.8.9:443]' for 'POST' to 'https://cesarstevenriosu_Z5kft8:X2vgXh3LFto9sDxURbwP@hub-cloud.browserstack.com/wd/hub/session/da647b3d1e66fd1dd37a67a376ea43f20167d90e/timeouts'
01:54:26.854 [Forwarding setTimeout on session da647b3d1e66fd1dd37a67a376ea43f20167d90e to remote] DEBUG org.asynchttpclient.netty.request.NettyRequestSender -- Using open Channel [id: 0x6f44d718, L:/192.168.1.60:63605 - R:hub-cloud.browserstack.com/207.254.8.9:443] for POST '/wd/hub/session/da647b3d1e66fd1dd37a67a376ea43f20167d90e/timeouts'
01:54:26.951 [AsyncHttpClient-1-3] DEBUG org.asynchttpclient.netty.handler.HttpHandler -- 

Request DefaultHttpRequest(decodeResult: success, version: HTTP/1.1)
POST /wd/hub/session/da647b3d1e66fd1dd37a67a376ea43f20167d90e/timeouts HTTP/1.1
User-Agent: appium/8.3.0 (selenium/4.8.0 (java mac))
Content-Length: 19
Content-Type: application/json; charset=utf-8
host: hub-cloud.browserstack.com
authorization: Basic Y2VzYXJzdGV2ZW5yaW9zdV9aNWtmdDg6WDJ2Z1hoM0xGdG85c0R4VVJid1A=
accept: */*

Response DefaultHttpResponse(decodeResult: success, version: HTTP/1.1)
HTTP/1.1 200 OK
Server: nginx
Date: Mon, 05 Jun 2023 06:54:27 GMT
Content-Type: application/json; charset=utf-8
Content-Length: 14
Connection: keep-alive
Source-From: 02
x-powered-by: Express
vary: X-HTTP-Method-Override
etag: W/"e-9/1BuKMgFObM1mWJm+YjxtXJnUM"

01:54:26.952 [AsyncHttpClient-1-3] DEBUG org.asynchttpclient.netty.channel.ChannelManager -- Adding key: https://hub-cloud.browserstack.com:443 for channel [id: 0x6f44d718, L:/192.168.1.60:63605 - R:hub-cloud.browserstack.com/207.254.8.9:443]
01:54:26.955 [Forwarding findElement on session da647b3d1e66fd1dd37a67a376ea43f20167d90e to remote] DEBUG org.asynchttpclient.netty.request.NettyRequestSender -- Using pooled Channel '[id: 0x6f44d718, L:/192.168.1.60:63605 - R:hub-cloud.browserstack.com/207.254.8.9:443]' for 'POST' to 'https://cesarstevenriosu_Z5kft8:X2vgXh3LFto9sDxURbwP@hub-cloud.browserstack.com/wd/hub/session/da647b3d1e66fd1dd37a67a376ea43f20167d90e/element'
01:54:26.955 [Forwarding findElement on session da647b3d1e66fd1dd37a67a376ea43f20167d90e to remote] DEBUG org.asynchttpclient.netty.request.NettyRequestSender -- Using open Channel [id: 0x6f44d718, L:/192.168.1.60:63605 - R:hub-cloud.browserstack.com/207.254.8.9:443] for POST '/wd/hub/session/da647b3d1e66fd1dd37a67a376ea43f20167d90e/element'
01:54:27.242 [AsyncHttpClient-1-3] DEBUG org.asynchttpclient.netty.handler.HttpHandler -- 

Request DefaultHttpRequest(decodeResult: success, version: HTTP/1.1)
POST /wd/hub/session/da647b3d1e66fd1dd37a67a376ea43f20167d90e/element HTTP/1.1
User-Agent: appium/8.3.0 (selenium/4.8.0 (java mac))
Content-Length: 190
Content-Type: application/json; charset=utf-8
host: hub-cloud.browserstack.com
authorization: Basic Y2VzYXJzdGV2ZW5yaW9zdV9aNWtmdDg6WDJ2Z1hoM0xGdG85c0R4VVJid1A=
accept: */*

Response DefaultHttpResponse(decodeResult: success, version: HTTP/1.1)
HTTP/1.1 200 OK
Server: nginx
Date: Mon, 05 Jun 2023 06:54:27 GMT
Content-Type: application/json; charset=utf-8
Content-Length: 137
Connection: keep-alive
Source-From: 02
x-powered-by: Express
vary: X-HTTP-Method-Override
etag: W/"89-bpnEbkYJFCUutH13C1L6bBO0rM0"

01:54:27.243 [AsyncHttpClient-1-3] DEBUG org.asynchttpclient.netty.channel.ChannelManager -- Adding key: https://hub-cloud.browserstack.com:443 for channel [id: 0x6f44d718, L:/192.168.1.60:63605 - R:hub-cloud.browserstack.com/207.254.8.9:443]
01:54:27.246 [Forwarding setTimeout on session da647b3d1e66fd1dd37a67a376ea43f20167d90e to remote] DEBUG org.asynchttpclient.netty.request.NettyRequestSender -- Using pooled Channel '[id: 0x6f44d718, L:/192.168.1.60:63605 - R:hub-cloud.browserstack.com/207.254.8.9:443]' for 'POST' to 'https://cesarstevenriosu_Z5kft8:X2vgXh3LFto9sDxURbwP@hub-cloud.browserstack.com/wd/hub/session/da647b3d1e66fd1dd37a67a376ea43f20167d90e/timeouts'
01:54:27.247 [Forwarding setTimeout on session da647b3d1e66fd1dd37a67a376ea43f20167d90e to remote] DEBUG org.asynchttpclient.netty.request.NettyRequestSender -- Using open Channel [id: 0x6f44d718, L:/192.168.1.60:63605 - R:hub-cloud.browserstack.com/207.254.8.9:443] for POST '/wd/hub/session/da647b3d1e66fd1dd37a67a376ea43f20167d90e/timeouts'
01:54:27.362 [AsyncHttpClient-1-3] DEBUG org.asynchttpclient.netty.handler.HttpHandler -- 

Request DefaultHttpRequest(decodeResult: success, version: HTTP/1.1)
POST /wd/hub/session/da647b3d1e66fd1dd37a67a376ea43f20167d90e/timeouts HTTP/1.1
User-Agent: appium/8.3.0 (selenium/4.8.0 (java mac))
Content-Length: 23
Content-Type: application/json; charset=utf-8
host: hub-cloud.browserstack.com
authorization: Basic Y2VzYXJzdGV2ZW5yaW9zdV9aNWtmdDg6WDJ2Z1hoM0xGdG85c0R4VVJid1A=
accept: */*

Response DefaultHttpResponse(decodeResult: success, version: HTTP/1.1)
HTTP/1.1 200 OK
Server: nginx
Date: Mon, 05 Jun 2023 06:54:27 GMT
Content-Type: application/json; charset=utf-8
Content-Length: 14
Connection: keep-alive
Source-From: 02
x-powered-by: Express
vary: X-HTTP-Method-Override
etag: W/"e-9/1BuKMgFObM1mWJm+YjxtXJnUM"

01:54:27.362 [AsyncHttpClient-1-3] DEBUG org.asynchttpclient.netty.channel.ChannelManager -- Adding key: https://hub-cloud.browserstack.com:443 for channel [id: 0x6f44d718, L:/192.168.1.60:63605 - R:hub-cloud.browserstack.com/207.254.8.9:443]
01:54:27.364 [Forwarding isElementDisplayed on session da647b3d1e66fd1dd37a67a376ea43f20167d90e to remote] DEBUG org.asynchttpclient.netty.request.NettyRequestSender -- Using pooled Channel '[id: 0x6f44d718, L:/192.168.1.60:63605 - R:hub-cloud.browserstack.com/207.254.8.9:443]' for 'GET' to 'https://cesarstevenriosu_Z5kft8:X2vgXh3LFto9sDxURbwP@hub-cloud.browserstack.com/wd/hub/session/da647b3d1e66fd1dd37a67a376ea43f20167d90e/element/5a8d3751-3054-4425-a002-58afac0a2df0/displayed'
01:54:27.365 [Forwarding isElementDisplayed on session da647b3d1e66fd1dd37a67a376ea43f20167d90e to remote] DEBUG org.asynchttpclient.netty.request.NettyRequestSender -- Using open Channel [id: 0x6f44d718, L:/192.168.1.60:63605 - R:hub-cloud.browserstack.com/207.254.8.9:443] for GET '/wd/hub/session/da647b3d1e66fd1dd37a67a376ea43f20167d90e/element/5a8d3751-3054-4425-a002-58afac0a2df0/displayed'
01:54:27.523 [AsyncHttpClient-1-3] DEBUG org.asynchttpclient.netty.handler.HttpHandler -- 

Request DefaultFullHttpRequest(decodeResult: success, version: HTTP/1.1, content: EmptyByteBufBE)
GET /wd/hub/session/da647b3d1e66fd1dd37a67a376ea43f20167d90e/element/5a8d3751-3054-4425-a002-58afac0a2df0/displayed HTTP/1.1
User-Agent: appium/8.3.0 (selenium/4.8.0 (java mac))
Cache-Control: no-cache
Content-Type: application/json; charset=utf-8
host: hub-cloud.browserstack.com
authorization: Basic Y2VzYXJzdGV2ZW5yaW9zdV9aNWtmdDg6WDJ2Z1hoM0xGdG85c0R4VVJid1A=
accept: */*

Response DefaultHttpResponse(decodeResult: success, version: HTTP/1.1)
HTTP/1.1 200 OK
Server: nginx
Date: Mon, 05 Jun 2023 06:54:27 GMT
Content-Type: application/json; charset=utf-8
Content-Length: 14
Connection: keep-alive
Source-From: 02
x-powered-by: Express
etag: W/"e-2ZHvAWebNQpyjGZTg6uyV8/spTo"

01:54:27.523 [AsyncHttpClient-1-3] DEBUG org.asynchttpclient.netty.channel.ChannelManager -- Adding key: https://hub-cloud.browserstack.com:443 for channel [id: 0x6f44d718, L:/192.168.1.60:63605 - R:hub-cloud.browserstack.com/207.254.8.9:443]
01:54:27.534 [Forwarding setTimeout on session da647b3d1e66fd1dd37a67a376ea43f20167d90e to remote] DEBUG org.asynchttpclient.netty.request.NettyRequestSender -- Using pooled Channel '[id: 0x6f44d718, L:/192.168.1.60:63605 - R:hub-cloud.browserstack.com/207.254.8.9:443]' for 'POST' to 'https://cesarstevenriosu_Z5kft8:X2vgXh3LFto9sDxURbwP@hub-cloud.browserstack.com/wd/hub/session/da647b3d1e66fd1dd37a67a376ea43f20167d90e/timeouts'
01:54:27.534 [Forwarding setTimeout on session da647b3d1e66fd1dd37a67a376ea43f20167d90e to remote] DEBUG org.asynchttpclient.netty.request.NettyRequestSender -- Using open Channel [id: 0x6f44d718, L:/192.168.1.60:63605 - R:hub-cloud.browserstack.com/207.254.8.9:443] for POST '/wd/hub/session/da647b3d1e66fd1dd37a67a376ea43f20167d90e/timeouts'
01:54:27.641 [AsyncHttpClient-1-3] DEBUG org.asynchttpclient.netty.handler.HttpHandler -- 

Request DefaultHttpRequest(decodeResult: success, version: HTTP/1.1)
POST /wd/hub/session/da647b3d1e66fd1dd37a67a376ea43f20167d90e/timeouts HTTP/1.1
User-Agent: appium/8.3.0 (selenium/4.8.0 (java mac))
Content-Length: 23
Content-Type: application/json; charset=utf-8
host: hub-cloud.browserstack.com
authorization: Basic Y2VzYXJzdGV2ZW5yaW9zdV9aNWtmdDg6WDJ2Z1hoM0xGdG85c0R4VVJid1A=
accept: */*

Response DefaultHttpResponse(decodeResult: success, version: HTTP/1.1)
HTTP/1.1 200 OK
Server: nginx
Date: Mon, 05 Jun 2023 06:54:27 GMT
Content-Type: application/json; charset=utf-8
Content-Length: 14
Connection: keep-alive
Source-From: 02
x-powered-by: Express
vary: X-HTTP-Method-Override
etag: W/"e-9/1BuKMgFObM1mWJm+YjxtXJnUM"

01:54:27.642 [AsyncHttpClient-1-3] DEBUG org.asynchttpclient.netty.channel.ChannelManager -- Adding key: https://hub-cloud.browserstack.com:443 for channel [id: 0x6f44d718, L:/192.168.1.60:63605 - R:hub-cloud.browserstack.com/207.254.8.9:443]
01:54:27.645 [Forwarding findElement on session da647b3d1e66fd1dd37a67a376ea43f20167d90e to remote] DEBUG org.asynchttpclient.netty.request.NettyRequestSender -- Using pooled Channel '[id: 0x6f44d718, L:/192.168.1.60:63605 - R:hub-cloud.browserstack.com/207.254.8.9:443]' for 'POST' to 'https://cesarstevenriosu_Z5kft8:X2vgXh3LFto9sDxURbwP@hub-cloud.browserstack.com/wd/hub/session/da647b3d1e66fd1dd37a67a376ea43f20167d90e/element'
01:54:27.645 [Forwarding findElement on session da647b3d1e66fd1dd37a67a376ea43f20167d90e to remote] DEBUG org.asynchttpclient.netty.request.NettyRequestSender -- Using open Channel [id: 0x6f44d718, L:/192.168.1.60:63605 - R:hub-cloud.browserstack.com/207.254.8.9:443] for POST '/wd/hub/session/da647b3d1e66fd1dd37a67a376ea43f20167d90e/element'
01:54:27.869 [AsyncHttpClient-1-3] DEBUG org.asynchttpclient.netty.handler.HttpHandler -- 

Request DefaultHttpRequest(decodeResult: success, version: HTTP/1.1)
POST /wd/hub/session/da647b3d1e66fd1dd37a67a376ea43f20167d90e/element HTTP/1.1
User-Agent: appium/8.3.0 (selenium/4.8.0 (java mac))
Content-Length: 190
Content-Type: application/json; charset=utf-8
host: hub-cloud.browserstack.com
authorization: Basic Y2VzYXJzdGV2ZW5yaW9zdV9aNWtmdDg6WDJ2Z1hoM0xGdG85c0R4VVJid1A=
accept: */*

Response DefaultHttpResponse(decodeResult: success, version: HTTP/1.1)
HTTP/1.1 200 OK
Server: nginx
Date: Mon, 05 Jun 2023 06:54:27 GMT
Content-Type: application/json; charset=utf-8
Content-Length: 137
Connection: keep-alive
Source-From: 02
x-powered-by: Express
vary: X-HTTP-Method-Override
etag: W/"89-Nwl/yxB4ZW+7RCzoavedyq+9wOo"

01:54:27.869 [AsyncHttpClient-1-3] DEBUG org.asynchttpclient.netty.channel.ChannelManager -- Adding key: https://hub-cloud.browserstack.com:443 for channel [id: 0x6f44d718, L:/192.168.1.60:63605 - R:hub-cloud.browserstack.com/207.254.8.9:443]
01:54:27.871 [Forwarding setTimeout on session da647b3d1e66fd1dd37a67a376ea43f20167d90e to remote] DEBUG org.asynchttpclient.netty.request.NettyRequestSender -- Using pooled Channel '[id: 0x6f44d718, L:/192.168.1.60:63605 - R:hub-cloud.browserstack.com/207.254.8.9:443]' for 'POST' to 'https://cesarstevenriosu_Z5kft8:X2vgXh3LFto9sDxURbwP@hub-cloud.browserstack.com/wd/hub/session/da647b3d1e66fd1dd37a67a376ea43f20167d90e/timeouts'
01:54:27.871 [Forwarding setTimeout on session da647b3d1e66fd1dd37a67a376ea43f20167d90e to remote] DEBUG org.asynchttpclient.netty.request.NettyRequestSender -- Using open Channel [id: 0x6f44d718, L:/192.168.1.60:63605 - R:hub-cloud.browserstack.com/207.254.8.9:443] for POST '/wd/hub/session/da647b3d1e66fd1dd37a67a376ea43f20167d90e/timeouts'
01:54:27.968 [AsyncHttpClient-1-3] DEBUG org.asynchttpclient.netty.handler.HttpHandler -- 

Request DefaultHttpRequest(decodeResult: success, version: HTTP/1.1)
POST /wd/hub/session/da647b3d1e66fd1dd37a67a376ea43f20167d90e/timeouts HTTP/1.1
User-Agent: appium/8.3.0 (selenium/4.8.0 (java mac))
Content-Length: 23
Content-Type: application/json; charset=utf-8
host: hub-cloud.browserstack.com
authorization: Basic Y2VzYXJzdGV2ZW5yaW9zdV9aNWtmdDg6WDJ2Z1hoM0xGdG85c0R4VVJid1A=
accept: */*

Response DefaultHttpResponse(decodeResult: success, version: HTTP/1.1)
HTTP/1.1 200 OK
Server: nginx
Date: Mon, 05 Jun 2023 06:54:28 GMT
Content-Type: application/json; charset=utf-8
Content-Length: 14
Connection: keep-alive
Source-From: 02
x-powered-by: Express
vary: X-HTTP-Method-Override
etag: W/"e-9/1BuKMgFObM1mWJm+YjxtXJnUM"

01:54:27.968 [AsyncHttpClient-1-3] DEBUG org.asynchttpclient.netty.channel.ChannelManager -- Adding key: https://hub-cloud.browserstack.com:443 for channel [id: 0x6f44d718, L:/192.168.1.60:63605 - R:hub-cloud.browserstack.com/207.254.8.9:443]
01:54:27.970 [Forwarding isElementDisplayed on session da647b3d1e66fd1dd37a67a376ea43f20167d90e to remote] DEBUG org.asynchttpclient.netty.request.NettyRequestSender -- Using pooled Channel '[id: 0x6f44d718, L:/192.168.1.60:63605 - R:hub-cloud.browserstack.com/207.254.8.9:443]' for 'GET' to 'https://cesarstevenriosu_Z5kft8:X2vgXh3LFto9sDxURbwP@hub-cloud.browserstack.com/wd/hub/session/da647b3d1e66fd1dd37a67a376ea43f20167d90e/element/b15f97ac-3244-4d32-8f74-6a17f6c6fd9e/displayed'
01:54:27.970 [Forwarding isElementDisplayed on session da647b3d1e66fd1dd37a67a376ea43f20167d90e to remote] DEBUG org.asynchttpclient.netty.request.NettyRequestSender -- Using open Channel [id: 0x6f44d718, L:/192.168.1.60:63605 - R:hub-cloud.browserstack.com/207.254.8.9:443] for GET '/wd/hub/session/da647b3d1e66fd1dd37a67a376ea43f20167d90e/element/b15f97ac-3244-4d32-8f74-6a17f6c6fd9e/displayed'
01:54:28.103 [AsyncHttpClient-1-3] DEBUG org.asynchttpclient.netty.handler.HttpHandler -- 

Request DefaultFullHttpRequest(decodeResult: success, version: HTTP/1.1, content: EmptyByteBufBE)
GET /wd/hub/session/da647b3d1e66fd1dd37a67a376ea43f20167d90e/element/b15f97ac-3244-4d32-8f74-6a17f6c6fd9e/displayed HTTP/1.1
User-Agent: appium/8.3.0 (selenium/4.8.0 (java mac))
Cache-Control: no-cache
Content-Type: application/json; charset=utf-8
host: hub-cloud.browserstack.com
authorization: Basic Y2VzYXJzdGV2ZW5yaW9zdV9aNWtmdDg6WDJ2Z1hoM0xGdG85c0R4VVJid1A=
accept: */*

Response DefaultHttpResponse(decodeResult: success, version: HTTP/1.1)
HTTP/1.1 200 OK
Server: nginx
Date: Mon, 05 Jun 2023 06:54:28 GMT
Content-Type: application/json; charset=utf-8
Content-Length: 14
Connection: keep-alive
Source-From: 02
x-powered-by: Express
etag: W/"e-2ZHvAWebNQpyjGZTg6uyV8/spTo"

01:54:28.104 [AsyncHttpClient-1-3] DEBUG org.asynchttpclient.netty.channel.ChannelManager -- Adding key: https://hub-cloud.browserstack.com:443 for channel [id: 0x6f44d718, L:/192.168.1.60:63605 - R:hub-cloud.browserstack.com/207.254.8.9:443]
01:54:28.106 [Forwarding isElementDisplayed on session da647b3d1e66fd1dd37a67a376ea43f20167d90e to remote] DEBUG org.asynchttpclient.netty.request.NettyRequestSender -- Using pooled Channel '[id: 0x6f44d718, L:/192.168.1.60:63605 - R:hub-cloud.browserstack.com/207.254.8.9:443]' for 'GET' to 'https://cesarstevenriosu_Z5kft8:X2vgXh3LFto9sDxURbwP@hub-cloud.browserstack.com/wd/hub/session/da647b3d1e66fd1dd37a67a376ea43f20167d90e/element/b15f97ac-3244-4d32-8f74-6a17f6c6fd9e/displayed'
01:54:28.106 [Forwarding isElementDisplayed on session da647b3d1e66fd1dd37a67a376ea43f20167d90e to remote] DEBUG org.asynchttpclient.netty.request.NettyRequestSender -- Using open Channel [id: 0x6f44d718, L:/192.168.1.60:63605 - R:hub-cloud.browserstack.com/207.254.8.9:443] for GET '/wd/hub/session/da647b3d1e66fd1dd37a67a376ea43f20167d90e/element/b15f97ac-3244-4d32-8f74-6a17f6c6fd9e/displayed'
01:54:28.215 [AsyncHttpClient-1-3] DEBUG org.asynchttpclient.netty.handler.HttpHandler -- 

Request DefaultFullHttpRequest(decodeResult: success, version: HTTP/1.1, content: EmptyByteBufBE)
GET /wd/hub/session/da647b3d1e66fd1dd37a67a376ea43f20167d90e/element/b15f97ac-3244-4d32-8f74-6a17f6c6fd9e/displayed HTTP/1.1
User-Agent: appium/8.3.0 (selenium/4.8.0 (java mac))
Cache-Control: no-cache
Content-Type: application/json; charset=utf-8
host: hub-cloud.browserstack.com
authorization: Basic Y2VzYXJzdGV2ZW5yaW9zdV9aNWtmdDg6WDJ2Z1hoM0xGdG85c0R4VVJid1A=
accept: */*

Response DefaultHttpResponse(decodeResult: success, version: HTTP/1.1)
HTTP/1.1 200 OK
Server: nginx
Date: Mon, 05 Jun 2023 06:54:28 GMT
Content-Type: application/json; charset=utf-8
Content-Length: 14
Connection: keep-alive
Source-From: 02
x-powered-by: Express
etag: W/"e-2ZHvAWebNQpyjGZTg6uyV8/spTo"

01:54:28.215 [AsyncHttpClient-1-3] DEBUG org.asynchttpclient.netty.channel.ChannelManager -- Adding key: https://hub-cloud.browserstack.com:443 for channel [id: 0x6f44d718, L:/192.168.1.60:63605 - R:hub-cloud.browserstack.com/207.254.8.9:443]
01:54:28.218 [Forwarding setTimeout on session da647b3d1e66fd1dd37a67a376ea43f20167d90e to remote] DEBUG org.asynchttpclient.netty.request.NettyRequestSender -- Using pooled Channel '[id: 0x6f44d718, L:/192.168.1.60:63605 - R:hub-cloud.browserstack.com/207.254.8.9:443]' for 'POST' to 'https://cesarstevenriosu_Z5kft8:X2vgXh3LFto9sDxURbwP@hub-cloud.browserstack.com/wd/hub/session/da647b3d1e66fd1dd37a67a376ea43f20167d90e/timeouts'
01:54:28.218 [Forwarding setTimeout on session da647b3d1e66fd1dd37a67a376ea43f20167d90e to remote] DEBUG org.asynchttpclient.netty.request.NettyRequestSender -- Using open Channel [id: 0x6f44d718, L:/192.168.1.60:63605 - R:hub-cloud.browserstack.com/207.254.8.9:443] for POST '/wd/hub/session/da647b3d1e66fd1dd37a67a376ea43f20167d90e/timeouts'
01:54:28.322 [AsyncHttpClient-1-3] DEBUG org.asynchttpclient.netty.handler.HttpHandler -- 

Request DefaultHttpRequest(decodeResult: success, version: HTTP/1.1)
POST /wd/hub/session/da647b3d1e66fd1dd37a67a376ea43f20167d90e/timeouts HTTP/1.1
User-Agent: appium/8.3.0 (selenium/4.8.0 (java mac))
Content-Length: 23
Content-Type: application/json; charset=utf-8
host: hub-cloud.browserstack.com
authorization: Basic Y2VzYXJzdGV2ZW5yaW9zdV9aNWtmdDg6WDJ2Z1hoM0xGdG85c0R4VVJid1A=
accept: */*

Response DefaultHttpResponse(decodeResult: success, version: HTTP/1.1)
HTTP/1.1 200 OK
Server: nginx
Date: Mon, 05 Jun 2023 06:54:28 GMT
Content-Type: application/json; charset=utf-8
Content-Length: 14
Connection: keep-alive
Source-From: 02
x-powered-by: Express
vary: X-HTTP-Method-Override
etag: W/"e-9/1BuKMgFObM1mWJm+YjxtXJnUM"

01:54:28.322 [AsyncHttpClient-1-3] DEBUG org.asynchttpclient.netty.channel.ChannelManager -- Adding key: https://hub-cloud.browserstack.com:443 for channel [id: 0x6f44d718, L:/192.168.1.60:63605 - R:hub-cloud.browserstack.com/207.254.8.9:443]
01:54:28.324 [Forwarding findElement on session da647b3d1e66fd1dd37a67a376ea43f20167d90e to remote] DEBUG org.asynchttpclient.netty.request.NettyRequestSender -- Using pooled Channel '[id: 0x6f44d718, L:/192.168.1.60:63605 - R:hub-cloud.browserstack.com/207.254.8.9:443]' for 'POST' to 'https://cesarstevenriosu_Z5kft8:X2vgXh3LFto9sDxURbwP@hub-cloud.browserstack.com/wd/hub/session/da647b3d1e66fd1dd37a67a376ea43f20167d90e/element'
01:54:28.324 [Forwarding findElement on session da647b3d1e66fd1dd37a67a376ea43f20167d90e to remote] DEBUG org.asynchttpclient.netty.request.NettyRequestSender -- Using open Channel [id: 0x6f44d718, L:/192.168.1.60:63605 - R:hub-cloud.browserstack.com/207.254.8.9:443] for POST '/wd/hub/session/da647b3d1e66fd1dd37a67a376ea43f20167d90e/element'
01:54:28.561 [AsyncHttpClient-1-3] DEBUG org.asynchttpclient.netty.handler.HttpHandler -- 

Request DefaultHttpRequest(decodeResult: success, version: HTTP/1.1)
POST /wd/hub/session/da647b3d1e66fd1dd37a67a376ea43f20167d90e/element HTTP/1.1
User-Agent: appium/8.3.0 (selenium/4.8.0 (java mac))
Content-Length: 190
Content-Type: application/json; charset=utf-8
host: hub-cloud.browserstack.com
authorization: Basic Y2VzYXJzdGV2ZW5yaW9zdV9aNWtmdDg6WDJ2Z1hoM0xGdG85c0R4VVJid1A=
accept: */*

Response DefaultHttpResponse(decodeResult: success, version: HTTP/1.1)
HTTP/1.1 200 OK
Server: nginx
Date: Mon, 05 Jun 2023 06:54:28 GMT
Content-Type: application/json; charset=utf-8
Content-Length: 137
Connection: keep-alive
Source-From: 02
x-powered-by: Express
vary: X-HTTP-Method-Override
etag: W/"89-gsIkP2xjFqG6frN2+HZ+f+2jNIE"

01:54:28.562 [AsyncHttpClient-1-3] DEBUG org.asynchttpclient.netty.channel.ChannelManager -- Adding key: https://hub-cloud.browserstack.com:443 for channel [id: 0x6f44d718, L:/192.168.1.60:63605 - R:hub-cloud.browserstack.com/207.254.8.9:443]
01:54:28.564 [Forwarding setTimeout on session da647b3d1e66fd1dd37a67a376ea43f20167d90e to remote] DEBUG org.asynchttpclient.netty.request.NettyRequestSender -- Using pooled Channel '[id: 0x6f44d718, L:/192.168.1.60:63605 - R:hub-cloud.browserstack.com/207.254.8.9:443]' for 'POST' to 'https://cesarstevenriosu_Z5kft8:X2vgXh3LFto9sDxURbwP@hub-cloud.browserstack.com/wd/hub/session/da647b3d1e66fd1dd37a67a376ea43f20167d90e/timeouts'
01:54:28.564 [Forwarding setTimeout on session da647b3d1e66fd1dd37a67a376ea43f20167d90e to remote] DEBUG org.asynchttpclient.netty.request.NettyRequestSender -- Using open Channel [id: 0x6f44d718, L:/192.168.1.60:63605 - R:hub-cloud.browserstack.com/207.254.8.9:443] for POST '/wd/hub/session/da647b3d1e66fd1dd37a67a376ea43f20167d90e/timeouts'
01:54:28.680 [AsyncHttpClient-1-3] DEBUG org.asynchttpclient.netty.handler.HttpHandler -- 

Request DefaultHttpRequest(decodeResult: success, version: HTTP/1.1)
POST /wd/hub/session/da647b3d1e66fd1dd37a67a376ea43f20167d90e/timeouts HTTP/1.1
User-Agent: appium/8.3.0 (selenium/4.8.0 (java mac))
Content-Length: 23
Content-Type: application/json; charset=utf-8
host: hub-cloud.browserstack.com
authorization: Basic Y2VzYXJzdGV2ZW5yaW9zdV9aNWtmdDg6WDJ2Z1hoM0xGdG85c0R4VVJid1A=
accept: */*

Response DefaultHttpResponse(decodeResult: success, version: HTTP/1.1)
HTTP/1.1 200 OK
Server: nginx
Date: Mon, 05 Jun 2023 06:54:28 GMT
Content-Type: application/json; charset=utf-8
Content-Length: 14
Connection: keep-alive
Source-From: 02
x-powered-by: Express
vary: X-HTTP-Method-Override
etag: W/"e-9/1BuKMgFObM1mWJm+YjxtXJnUM"

01:54:28.680 [AsyncHttpClient-1-3] DEBUG org.asynchttpclient.netty.channel.ChannelManager -- Adding key: https://hub-cloud.browserstack.com:443 for channel [id: 0x6f44d718, L:/192.168.1.60:63605 - R:hub-cloud.browserstack.com/207.254.8.9:443]
01:54:28.682 [Forwarding isElementDisplayed on session da647b3d1e66fd1dd37a67a376ea43f20167d90e to remote] DEBUG org.asynchttpclient.netty.request.NettyRequestSender -- Using pooled Channel '[id: 0x6f44d718, L:/192.168.1.60:63605 - R:hub-cloud.browserstack.com/207.254.8.9:443]' for 'GET' to 'https://cesarstevenriosu_Z5kft8:X2vgXh3LFto9sDxURbwP@hub-cloud.browserstack.com/wd/hub/session/da647b3d1e66fd1dd37a67a376ea43f20167d90e/element/cc18b2fc-23f3-4492-b042-41f078b3ebd8/displayed'
01:54:28.682 [Forwarding isElementDisplayed on session da647b3d1e66fd1dd37a67a376ea43f20167d90e to remote] DEBUG org.asynchttpclient.netty.request.NettyRequestSender -- Using open Channel [id: 0x6f44d718, L:/192.168.1.60:63605 - R:hub-cloud.browserstack.com/207.254.8.9:443] for GET '/wd/hub/session/da647b3d1e66fd1dd37a67a376ea43f20167d90e/element/cc18b2fc-23f3-4492-b042-41f078b3ebd8/displayed'
01:54:29.253 [AsyncHttpClient-1-3] DEBUG org.asynchttpclient.netty.handler.HttpHandler -- 

Request DefaultFullHttpRequest(decodeResult: success, version: HTTP/1.1, content: EmptyByteBufBE)
GET /wd/hub/session/da647b3d1e66fd1dd37a67a376ea43f20167d90e/element/cc18b2fc-23f3-4492-b042-41f078b3ebd8/displayed HTTP/1.1
User-Agent: appium/8.3.0 (selenium/4.8.0 (java mac))
Cache-Control: no-cache
Content-Type: application/json; charset=utf-8
host: hub-cloud.browserstack.com
authorization: Basic Y2VzYXJzdGV2ZW5yaW9zdV9aNWtmdDg6WDJ2Z1hoM0xGdG85c0R4VVJid1A=
accept: */*

Response DefaultHttpResponse(decodeResult: success, version: HTTP/1.1)
HTTP/1.1 200 OK
Server: nginx
Date: Mon, 05 Jun 2023 06:54:29 GMT
Content-Type: application/json; charset=utf-8
Content-Length: 14
Connection: keep-alive
Source-From: 02
x-powered-by: Express
etag: W/"e-2ZHvAWebNQpyjGZTg6uyV8/spTo"

01:54:29.253 [AsyncHttpClient-1-3] DEBUG org.asynchttpclient.netty.channel.ChannelManager -- Adding key: https://hub-cloud.browserstack.com:443 for channel [id: 0x6f44d718, L:/192.168.1.60:63605 - R:hub-cloud.browserstack.com/207.254.8.9:443]
01:54:29.255 [Forwarding sendKeysToElement on session da647b3d1e66fd1dd37a67a376ea43f20167d90e to remote] DEBUG org.asynchttpclient.netty.request.NettyRequestSender -- Using pooled Channel '[id: 0x6f44d718, L:/192.168.1.60:63605 - R:hub-cloud.browserstack.com/207.254.8.9:443]' for 'POST' to 'https://cesarstevenriosu_Z5kft8:X2vgXh3LFto9sDxURbwP@hub-cloud.browserstack.com/wd/hub/session/da647b3d1e66fd1dd37a67a376ea43f20167d90e/element/cc18b2fc-23f3-4492-b042-41f078b3ebd8/value'
01:54:29.255 [Forwarding sendKeysToElement on session da647b3d1e66fd1dd37a67a376ea43f20167d90e to remote] DEBUG org.asynchttpclient.netty.request.NettyRequestSender -- Using open Channel [id: 0x6f44d718, L:/192.168.1.60:63605 - R:hub-cloud.browserstack.com/207.254.8.9:443] for POST '/wd/hub/session/da647b3d1e66fd1dd37a67a376ea43f20167d90e/element/cc18b2fc-23f3-4492-b042-41f078b3ebd8/value'
01:54:29.402 [AsyncHttpClient-1-3] DEBUG org.asynchttpclient.netty.handler.HttpHandler -- 

Request DefaultHttpRequest(decodeResult: success, version: HTTP/1.1)
POST /wd/hub/session/da647b3d1e66fd1dd37a67a376ea43f20167d90e/element/cc18b2fc-23f3-4492-b042-41f078b3ebd8/value HTTP/1.1
User-Agent: appium/8.3.0 (selenium/4.8.0 (java mac))
Content-Length: 141
Content-Type: application/json; charset=utf-8
host: hub-cloud.browserstack.com
authorization: Basic Y2VzYXJzdGV2ZW5yaW9zdV9aNWtmdDg6WDJ2Z1hoM0xGdG85c0R4VVJid1A=
accept: */*

Response DefaultHttpResponse(decodeResult: success, version: HTTP/1.1)
HTTP/1.1 200 OK
Server: nginx
Date: Mon, 05 Jun 2023 06:54:29 GMT
Content-Type: application/json; charset=utf-8
Content-Length: 14
Connection: keep-alive
Source-From: 02
x-powered-by: Express
vary: X-HTTP-Method-Override
etag: W/"e-9/1BuKMgFObM1mWJm+YjxtXJnUM"

01:54:29.402 [AsyncHttpClient-1-3] DEBUG org.asynchttpclient.netty.channel.ChannelManager -- Adding key: https://hub-cloud.browserstack.com:443 for channel [id: 0x6f44d718, L:/192.168.1.60:63605 - R:hub-cloud.browserstack.com/207.254.8.9:443]
01:54:29.406 [Forwarding setTimeout on session da647b3d1e66fd1dd37a67a376ea43f20167d90e to remote] DEBUG org.asynchttpclient.netty.request.NettyRequestSender -- Using pooled Channel '[id: 0x6f44d718, L:/192.168.1.60:63605 - R:hub-cloud.browserstack.com/207.254.8.9:443]' for 'POST' to 'https://cesarstevenriosu_Z5kft8:X2vgXh3LFto9sDxURbwP@hub-cloud.browserstack.com/wd/hub/session/da647b3d1e66fd1dd37a67a376ea43f20167d90e/timeouts'
01:54:29.406 [Forwarding setTimeout on session da647b3d1e66fd1dd37a67a376ea43f20167d90e to remote] DEBUG org.asynchttpclient.netty.request.NettyRequestSender -- Using open Channel [id: 0x6f44d718, L:/192.168.1.60:63605 - R:hub-cloud.browserstack.com/207.254.8.9:443] for POST '/wd/hub/session/da647b3d1e66fd1dd37a67a376ea43f20167d90e/timeouts'
01:54:29.512 [AsyncHttpClient-1-3] DEBUG org.asynchttpclient.netty.handler.HttpHandler -- 

Request DefaultHttpRequest(decodeResult: success, version: HTTP/1.1)
POST /wd/hub/session/da647b3d1e66fd1dd37a67a376ea43f20167d90e/timeouts HTTP/1.1
User-Agent: appium/8.3.0 (selenium/4.8.0 (java mac))
Content-Length: 19
Content-Type: application/json; charset=utf-8
host: hub-cloud.browserstack.com
authorization: Basic Y2VzYXJzdGV2ZW5yaW9zdV9aNWtmdDg6WDJ2Z1hoM0xGdG85c0R4VVJid1A=
accept: */*

Response DefaultHttpResponse(decodeResult: success, version: HTTP/1.1)
HTTP/1.1 200 OK
Server: nginx
Date: Mon, 05 Jun 2023 06:54:29 GMT
Content-Type: application/json; charset=utf-8
Content-Length: 14
Connection: keep-alive
Source-From: 02
x-powered-by: Express
vary: X-HTTP-Method-Override
etag: W/"e-9/1BuKMgFObM1mWJm+YjxtXJnUM"

01:54:29.513 [AsyncHttpClient-1-3] DEBUG org.asynchttpclient.netty.channel.ChannelManager -- Adding key: https://hub-cloud.browserstack.com:443 for channel [id: 0x6f44d718, L:/192.168.1.60:63605 - R:hub-cloud.browserstack.com/207.254.8.9:443]
01:54:29.515 [Forwarding findElement on session da647b3d1e66fd1dd37a67a376ea43f20167d90e to remote] DEBUG org.asynchttpclient.netty.request.NettyRequestSender -- Using pooled Channel '[id: 0x6f44d718, L:/192.168.1.60:63605 - R:hub-cloud.browserstack.com/207.254.8.9:443]' for 'POST' to 'https://cesarstevenriosu_Z5kft8:X2vgXh3LFto9sDxURbwP@hub-cloud.browserstack.com/wd/hub/session/da647b3d1e66fd1dd37a67a376ea43f20167d90e/element'
01:54:29.515 [Forwarding findElement on session da647b3d1e66fd1dd37a67a376ea43f20167d90e to remote] DEBUG org.asynchttpclient.netty.request.NettyRequestSender -- Using open Channel [id: 0x6f44d718, L:/192.168.1.60:63605 - R:hub-cloud.browserstack.com/207.254.8.9:443] for POST '/wd/hub/session/da647b3d1e66fd1dd37a67a376ea43f20167d90e/element'
01:54:30.288 [AsyncHttpClient-1-3] DEBUG org.asynchttpclient.netty.handler.HttpHandler -- 

Request DefaultHttpRequest(decodeResult: success, version: HTTP/1.1)
POST /wd/hub/session/da647b3d1e66fd1dd37a67a376ea43f20167d90e/element HTTP/1.1
User-Agent: appium/8.3.0 (selenium/4.8.0 (java mac))
Content-Length: 133
Content-Type: application/json; charset=utf-8
host: hub-cloud.browserstack.com
authorization: Basic Y2VzYXJzdGV2ZW5yaW9zdV9aNWtmdDg6WDJ2Z1hoM0xGdG85c0R4VVJid1A=
accept: */*

Response DefaultHttpResponse(decodeResult: success, version: HTTP/1.1)
HTTP/1.1 200 OK
Server: nginx
Date: Mon, 05 Jun 2023 06:54:30 GMT
Content-Type: application/json; charset=utf-8
Content-Length: 137
Connection: keep-alive
Source-From: 02
x-powered-by: Express
vary: X-HTTP-Method-Override
etag: W/"89-NbO8wPy4ze9dmfWjvi3sdpC5kJ0"

01:54:30.288 [AsyncHttpClient-1-3] DEBUG org.asynchttpclient.netty.channel.ChannelManager -- Adding key: https://hub-cloud.browserstack.com:443 for channel [id: 0x6f44d718, L:/192.168.1.60:63605 - R:hub-cloud.browserstack.com/207.254.8.9:443]
01:54:30.290 [Forwarding setTimeout on session da647b3d1e66fd1dd37a67a376ea43f20167d90e to remote] DEBUG org.asynchttpclient.netty.request.NettyRequestSender -- Using pooled Channel '[id: 0x6f44d718, L:/192.168.1.60:63605 - R:hub-cloud.browserstack.com/207.254.8.9:443]' for 'POST' to 'https://cesarstevenriosu_Z5kft8:X2vgXh3LFto9sDxURbwP@hub-cloud.browserstack.com/wd/hub/session/da647b3d1e66fd1dd37a67a376ea43f20167d90e/timeouts'
01:54:30.290 [Forwarding setTimeout on session da647b3d1e66fd1dd37a67a376ea43f20167d90e to remote] DEBUG org.asynchttpclient.netty.request.NettyRequestSender -- Using open Channel [id: 0x6f44d718, L:/192.168.1.60:63605 - R:hub-cloud.browserstack.com/207.254.8.9:443] for POST '/wd/hub/session/da647b3d1e66fd1dd37a67a376ea43f20167d90e/timeouts'
01:54:30.390 [AsyncHttpClient-1-3] DEBUG org.asynchttpclient.netty.handler.HttpHandler -- 

Request DefaultHttpRequest(decodeResult: success, version: HTTP/1.1)
POST /wd/hub/session/da647b3d1e66fd1dd37a67a376ea43f20167d90e/timeouts HTTP/1.1
User-Agent: appium/8.3.0 (selenium/4.8.0 (java mac))
Content-Length: 23
Content-Type: application/json; charset=utf-8
host: hub-cloud.browserstack.com
authorization: Basic Y2VzYXJzdGV2ZW5yaW9zdV9aNWtmdDg6WDJ2Z1hoM0xGdG85c0R4VVJid1A=
accept: */*

Response DefaultHttpResponse(decodeResult: success, version: HTTP/1.1)
HTTP/1.1 200 OK
Server: nginx
Date: Mon, 05 Jun 2023 06:54:30 GMT
Content-Type: application/json; charset=utf-8
Content-Length: 14
Connection: keep-alive
Source-From: 02
x-powered-by: Express
vary: X-HTTP-Method-Override
etag: W/"e-9/1BuKMgFObM1mWJm+YjxtXJnUM"

01:54:30.390 [AsyncHttpClient-1-3] DEBUG org.asynchttpclient.netty.channel.ChannelManager -- Adding key: https://hub-cloud.browserstack.com:443 for channel [id: 0x6f44d718, L:/192.168.1.60:63605 - R:hub-cloud.browserstack.com/207.254.8.9:443]
01:54:30.397 [Forwarding setTimeout on session da647b3d1e66fd1dd37a67a376ea43f20167d90e to remote] DEBUG org.asynchttpclient.netty.request.NettyRequestSender -- Using pooled Channel '[id: 0x6f44d718, L:/192.168.1.60:63605 - R:hub-cloud.browserstack.com/207.254.8.9:443]' for 'POST' to 'https://cesarstevenriosu_Z5kft8:X2vgXh3LFto9sDxURbwP@hub-cloud.browserstack.com/wd/hub/session/da647b3d1e66fd1dd37a67a376ea43f20167d90e/timeouts'
01:54:30.397 [Forwarding setTimeout on session da647b3d1e66fd1dd37a67a376ea43f20167d90e to remote] DEBUG org.asynchttpclient.netty.request.NettyRequestSender -- Using open Channel [id: 0x6f44d718, L:/192.168.1.60:63605 - R:hub-cloud.browserstack.com/207.254.8.9:443] for POST '/wd/hub/session/da647b3d1e66fd1dd37a67a376ea43f20167d90e/timeouts'
01:54:30.528 [AsyncHttpClient-1-3] DEBUG org.asynchttpclient.netty.handler.HttpHandler -- 

Request DefaultHttpRequest(decodeResult: success, version: HTTP/1.1)
POST /wd/hub/session/da647b3d1e66fd1dd37a67a376ea43f20167d90e/timeouts HTTP/1.1
User-Agent: appium/8.3.0 (selenium/4.8.0 (java mac))
Content-Length: 19
Content-Type: application/json; charset=utf-8
host: hub-cloud.browserstack.com
authorization: Basic Y2VzYXJzdGV2ZW5yaW9zdV9aNWtmdDg6WDJ2Z1hoM0xGdG85c0R4VVJid1A=
accept: */*

Response DefaultHttpResponse(decodeResult: success, version: HTTP/1.1)
HTTP/1.1 200 OK
Server: nginx
Date: Mon, 05 Jun 2023 06:54:30 GMT
Content-Type: application/json; charset=utf-8
Content-Length: 14
Connection: keep-alive
Source-From: 02
x-powered-by: Express
vary: X-HTTP-Method-Override
etag: W/"e-9/1BuKMgFObM1mWJm+YjxtXJnUM"

01:54:30.528 [AsyncHttpClient-1-3] DEBUG org.asynchttpclient.netty.channel.ChannelManager -- Adding key: https://hub-cloud.browserstack.com:443 for channel [id: 0x6f44d718, L:/192.168.1.60:63605 - R:hub-cloud.browserstack.com/207.254.8.9:443]
01:54:30.531 [Forwarding findElement on session da647b3d1e66fd1dd37a67a376ea43f20167d90e to remote] DEBUG org.asynchttpclient.netty.request.NettyRequestSender -- Using pooled Channel '[id: 0x6f44d718, L:/192.168.1.60:63605 - R:hub-cloud.browserstack.com/207.254.8.9:443]' for 'POST' to 'https://cesarstevenriosu_Z5kft8:X2vgXh3LFto9sDxURbwP@hub-cloud.browserstack.com/wd/hub/session/da647b3d1e66fd1dd37a67a376ea43f20167d90e/element'
01:54:30.531 [Forwarding findElement on session da647b3d1e66fd1dd37a67a376ea43f20167d90e to remote] DEBUG org.asynchttpclient.netty.request.NettyRequestSender -- Using open Channel [id: 0x6f44d718, L:/192.168.1.60:63605 - R:hub-cloud.browserstack.com/207.254.8.9:443] for POST '/wd/hub/session/da647b3d1e66fd1dd37a67a376ea43f20167d90e/element'
01:54:30.749 [AsyncHttpClient-1-3] DEBUG org.asynchttpclient.netty.handler.HttpHandler -- 

Request DefaultHttpRequest(decodeResult: success, version: HTTP/1.1)
POST /wd/hub/session/da647b3d1e66fd1dd37a67a376ea43f20167d90e/element HTTP/1.1
User-Agent: appium/8.3.0 (selenium/4.8.0 (java mac))
Content-Length: 133
Content-Type: application/json; charset=utf-8
host: hub-cloud.browserstack.com
authorization: Basic Y2VzYXJzdGV2ZW5yaW9zdV9aNWtmdDg6WDJ2Z1hoM0xGdG85c0R4VVJid1A=
accept: */*

Response DefaultHttpResponse(decodeResult: success, version: HTTP/1.1)
HTTP/1.1 200 OK
Server: nginx
Date: Mon, 05 Jun 2023 06:54:30 GMT
Content-Type: application/json; charset=utf-8
Content-Length: 137
Connection: keep-alive
Source-From: 02
x-powered-by: Express
vary: X-HTTP-Method-Override
etag: W/"89-fVLKp1B8rZouA/mJof9MoXbfMB8"

01:54:30.750 [AsyncHttpClient-1-3] DEBUG org.asynchttpclient.netty.channel.ChannelManager -- Adding key: https://hub-cloud.browserstack.com:443 for channel [id: 0x6f44d718, L:/192.168.1.60:63605 - R:hub-cloud.browserstack.com/207.254.8.9:443]
01:54:30.753 [Forwarding setTimeout on session da647b3d1e66fd1dd37a67a376ea43f20167d90e to remote] DEBUG org.asynchttpclient.netty.request.NettyRequestSender -- Using pooled Channel '[id: 0x6f44d718, L:/192.168.1.60:63605 - R:hub-cloud.browserstack.com/207.254.8.9:443]' for 'POST' to 'https://cesarstevenriosu_Z5kft8:X2vgXh3LFto9sDxURbwP@hub-cloud.browserstack.com/wd/hub/session/da647b3d1e66fd1dd37a67a376ea43f20167d90e/timeouts'
01:54:30.753 [Forwarding setTimeout on session da647b3d1e66fd1dd37a67a376ea43f20167d90e to remote] DEBUG org.asynchttpclient.netty.request.NettyRequestSender -- Using open Channel [id: 0x6f44d718, L:/192.168.1.60:63605 - R:hub-cloud.browserstack.com/207.254.8.9:443] for POST '/wd/hub/session/da647b3d1e66fd1dd37a67a376ea43f20167d90e/timeouts'
01:54:30.892 [AsyncHttpClient-1-3] DEBUG org.asynchttpclient.netty.handler.HttpHandler -- 

Request DefaultHttpRequest(decodeResult: success, version: HTTP/1.1)
POST /wd/hub/session/da647b3d1e66fd1dd37a67a376ea43f20167d90e/timeouts HTTP/1.1
User-Agent: appium/8.3.0 (selenium/4.8.0 (java mac))
Content-Length: 23
Content-Type: application/json; charset=utf-8
host: hub-cloud.browserstack.com
authorization: Basic Y2VzYXJzdGV2ZW5yaW9zdV9aNWtmdDg6WDJ2Z1hoM0xGdG85c0R4VVJid1A=
accept: */*

Response DefaultHttpResponse(decodeResult: success, version: HTTP/1.1)
HTTP/1.1 200 OK
Server: nginx
Date: Mon, 05 Jun 2023 06:54:31 GMT
Content-Type: application/json; charset=utf-8
Content-Length: 14
Connection: keep-alive
Source-From: 02
x-powered-by: Express
vary: X-HTTP-Method-Override
etag: W/"e-9/1BuKMgFObM1mWJm+YjxtXJnUM"

01:54:30.893 [AsyncHttpClient-1-3] DEBUG org.asynchttpclient.netty.channel.ChannelManager -- Adding key: https://hub-cloud.browserstack.com:443 for channel [id: 0x6f44d718, L:/192.168.1.60:63605 - R:hub-cloud.browserstack.com/207.254.8.9:443]
01:54:30.895 [Forwarding isElementDisplayed on session da647b3d1e66fd1dd37a67a376ea43f20167d90e to remote] DEBUG org.asynchttpclient.netty.request.NettyRequestSender -- Using pooled Channel '[id: 0x6f44d718, L:/192.168.1.60:63605 - R:hub-cloud.browserstack.com/207.254.8.9:443]' for 'GET' to 'https://cesarstevenriosu_Z5kft8:X2vgXh3LFto9sDxURbwP@hub-cloud.browserstack.com/wd/hub/session/da647b3d1e66fd1dd37a67a376ea43f20167d90e/element/5123d7e3-8939-4179-aefd-dbe37a21424d/displayed'
01:54:30.895 [Forwarding isElementDisplayed on session da647b3d1e66fd1dd37a67a376ea43f20167d90e to remote] DEBUG org.asynchttpclient.netty.request.NettyRequestSender -- Using open Channel [id: 0x6f44d718, L:/192.168.1.60:63605 - R:hub-cloud.browserstack.com/207.254.8.9:443] for GET '/wd/hub/session/da647b3d1e66fd1dd37a67a376ea43f20167d90e/element/5123d7e3-8939-4179-aefd-dbe37a21424d/displayed'
01:54:30.996 [AsyncHttpClient-1-3] DEBUG org.asynchttpclient.netty.handler.HttpHandler -- 

Request DefaultFullHttpRequest(decodeResult: success, version: HTTP/1.1, content: EmptyByteBufBE)
GET /wd/hub/session/da647b3d1e66fd1dd37a67a376ea43f20167d90e/element/5123d7e3-8939-4179-aefd-dbe37a21424d/displayed HTTP/1.1
User-Agent: appium/8.3.0 (selenium/4.8.0 (java mac))
Cache-Control: no-cache
Content-Type: application/json; charset=utf-8
host: hub-cloud.browserstack.com
authorization: Basic Y2VzYXJzdGV2ZW5yaW9zdV9aNWtmdDg6WDJ2Z1hoM0xGdG85c0R4VVJid1A=
accept: */*

Response DefaultHttpResponse(decodeResult: success, version: HTTP/1.1)
HTTP/1.1 200 OK
Server: nginx
Date: Mon, 05 Jun 2023 06:54:31 GMT
Content-Type: application/json; charset=utf-8
Content-Length: 14
Connection: keep-alive
Source-From: 02
x-powered-by: Express
etag: W/"e-2ZHvAWebNQpyjGZTg6uyV8/spTo"

01:54:30.996 [AsyncHttpClient-1-3] DEBUG org.asynchttpclient.netty.channel.ChannelManager -- Adding key: https://hub-cloud.browserstack.com:443 for channel [id: 0x6f44d718, L:/192.168.1.60:63605 - R:hub-cloud.browserstack.com/207.254.8.9:443]
01:54:30.999 [Forwarding setTimeout on session da647b3d1e66fd1dd37a67a376ea43f20167d90e to remote] DEBUG org.asynchttpclient.netty.request.NettyRequestSender -- Using pooled Channel '[id: 0x6f44d718, L:/192.168.1.60:63605 - R:hub-cloud.browserstack.com/207.254.8.9:443]' for 'POST' to 'https://cesarstevenriosu_Z5kft8:X2vgXh3LFto9sDxURbwP@hub-cloud.browserstack.com/wd/hub/session/da647b3d1e66fd1dd37a67a376ea43f20167d90e/timeouts'
01:54:31.000 [Forwarding setTimeout on session da647b3d1e66fd1dd37a67a376ea43f20167d90e to remote] DEBUG org.asynchttpclient.netty.request.NettyRequestSender -- Using open Channel [id: 0x6f44d718, L:/192.168.1.60:63605 - R:hub-cloud.browserstack.com/207.254.8.9:443] for POST '/wd/hub/session/da647b3d1e66fd1dd37a67a376ea43f20167d90e/timeouts'
01:54:31.082 [AsyncHttpClient-1-3] DEBUG org.asynchttpclient.netty.handler.HttpHandler -- 

Request DefaultHttpRequest(decodeResult: success, version: HTTP/1.1)
POST /wd/hub/session/da647b3d1e66fd1dd37a67a376ea43f20167d90e/timeouts HTTP/1.1
User-Agent: appium/8.3.0 (selenium/4.8.0 (java mac))
Content-Length: 23
Content-Type: application/json; charset=utf-8
host: hub-cloud.browserstack.com
authorization: Basic Y2VzYXJzdGV2ZW5yaW9zdV9aNWtmdDg6WDJ2Z1hoM0xGdG85c0R4VVJid1A=
accept: */*

Response DefaultHttpResponse(decodeResult: success, version: HTTP/1.1)
HTTP/1.1 200 OK
Server: nginx
Date: Mon, 05 Jun 2023 06:54:31 GMT
Content-Type: application/json; charset=utf-8
Content-Length: 14
Connection: keep-alive
Source-From: 02
x-powered-by: Express
vary: X-HTTP-Method-Override
etag: W/"e-9/1BuKMgFObM1mWJm+YjxtXJnUM"

01:54:31.082 [AsyncHttpClient-1-3] DEBUG org.asynchttpclient.netty.channel.ChannelManager -- Adding key: https://hub-cloud.browserstack.com:443 for channel [id: 0x6f44d718, L:/192.168.1.60:63605 - R:hub-cloud.browserstack.com/207.254.8.9:443]
01:54:31.085 [Forwarding findElement on session da647b3d1e66fd1dd37a67a376ea43f20167d90e to remote] DEBUG org.asynchttpclient.netty.request.NettyRequestSender -- Using pooled Channel '[id: 0x6f44d718, L:/192.168.1.60:63605 - R:hub-cloud.browserstack.com/207.254.8.9:443]' for 'POST' to 'https://cesarstevenriosu_Z5kft8:X2vgXh3LFto9sDxURbwP@hub-cloud.browserstack.com/wd/hub/session/da647b3d1e66fd1dd37a67a376ea43f20167d90e/element'
01:54:31.085 [Forwarding findElement on session da647b3d1e66fd1dd37a67a376ea43f20167d90e to remote] DEBUG org.asynchttpclient.netty.request.NettyRequestSender -- Using open Channel [id: 0x6f44d718, L:/192.168.1.60:63605 - R:hub-cloud.browserstack.com/207.254.8.9:443] for POST '/wd/hub/session/da647b3d1e66fd1dd37a67a376ea43f20167d90e/element'
01:54:31.281 [AsyncHttpClient-1-3] DEBUG org.asynchttpclient.netty.handler.HttpHandler -- 

Request DefaultHttpRequest(decodeResult: success, version: HTTP/1.1)
POST /wd/hub/session/da647b3d1e66fd1dd37a67a376ea43f20167d90e/element HTTP/1.1
User-Agent: appium/8.3.0 (selenium/4.8.0 (java mac))
Content-Length: 133
Content-Type: application/json; charset=utf-8
host: hub-cloud.browserstack.com
authorization: Basic Y2VzYXJzdGV2ZW5yaW9zdV9aNWtmdDg6WDJ2Z1hoM0xGdG85c0R4VVJid1A=
accept: */*

Response DefaultHttpResponse(decodeResult: success, version: HTTP/1.1)
HTTP/1.1 200 OK
Server: nginx
Date: Mon, 05 Jun 2023 06:54:31 GMT
Content-Type: application/json; charset=utf-8
Content-Length: 137
Connection: keep-alive
Source-From: 02
x-powered-by: Express
vary: X-HTTP-Method-Override
etag: W/"89-RJqxflvLAc+SIBP+9kAIxFjS9BM"

01:54:31.282 [AsyncHttpClient-1-3] DEBUG org.asynchttpclient.netty.channel.ChannelManager -- Adding key: https://hub-cloud.browserstack.com:443 for channel [id: 0x6f44d718, L:/192.168.1.60:63605 - R:hub-cloud.browserstack.com/207.254.8.9:443]
01:54:31.284 [Forwarding setTimeout on session da647b3d1e66fd1dd37a67a376ea43f20167d90e to remote] DEBUG org.asynchttpclient.netty.request.NettyRequestSender -- Using pooled Channel '[id: 0x6f44d718, L:/192.168.1.60:63605 - R:hub-cloud.browserstack.com/207.254.8.9:443]' for 'POST' to 'https://cesarstevenriosu_Z5kft8:X2vgXh3LFto9sDxURbwP@hub-cloud.browserstack.com/wd/hub/session/da647b3d1e66fd1dd37a67a376ea43f20167d90e/timeouts'
01:54:31.284 [Forwarding setTimeout on session da647b3d1e66fd1dd37a67a376ea43f20167d90e to remote] DEBUG org.asynchttpclient.netty.request.NettyRequestSender -- Using open Channel [id: 0x6f44d718, L:/192.168.1.60:63605 - R:hub-cloud.browserstack.com/207.254.8.9:443] for POST '/wd/hub/session/da647b3d1e66fd1dd37a67a376ea43f20167d90e/timeouts'
01:54:31.376 [AsyncHttpClient-1-3] DEBUG org.asynchttpclient.netty.handler.HttpHandler -- 

Request DefaultHttpRequest(decodeResult: success, version: HTTP/1.1)
POST /wd/hub/session/da647b3d1e66fd1dd37a67a376ea43f20167d90e/timeouts HTTP/1.1
User-Agent: appium/8.3.0 (selenium/4.8.0 (java mac))
Content-Length: 23
Content-Type: application/json; charset=utf-8
host: hub-cloud.browserstack.com
authorization: Basic Y2VzYXJzdGV2ZW5yaW9zdV9aNWtmdDg6WDJ2Z1hoM0xGdG85c0R4VVJid1A=
accept: */*

Response DefaultHttpResponse(decodeResult: success, version: HTTP/1.1)
HTTP/1.1 200 OK
Server: nginx
Date: Mon, 05 Jun 2023 06:54:31 GMT
Content-Type: application/json; charset=utf-8
Content-Length: 14
Connection: keep-alive
Source-From: 02
x-powered-by: Express
vary: X-HTTP-Method-Override
etag: W/"e-9/1BuKMgFObM1mWJm+YjxtXJnUM"

01:54:31.377 [AsyncHttpClient-1-3] DEBUG org.asynchttpclient.netty.channel.ChannelManager -- Adding key: https://hub-cloud.browserstack.com:443 for channel [id: 0x6f44d718, L:/192.168.1.60:63605 - R:hub-cloud.browserstack.com/207.254.8.9:443]
01:54:31.378 [Forwarding isElementDisplayed on session da647b3d1e66fd1dd37a67a376ea43f20167d90e to remote] DEBUG org.asynchttpclient.netty.request.NettyRequestSender -- Using pooled Channel '[id: 0x6f44d718, L:/192.168.1.60:63605 - R:hub-cloud.browserstack.com/207.254.8.9:443]' for 'GET' to 'https://cesarstevenriosu_Z5kft8:X2vgXh3LFto9sDxURbwP@hub-cloud.browserstack.com/wd/hub/session/da647b3d1e66fd1dd37a67a376ea43f20167d90e/element/9dd7fdcf-bf3c-43b2-831f-c5c743a09b19/displayed'
01:54:31.379 [Forwarding isElementDisplayed on session da647b3d1e66fd1dd37a67a376ea43f20167d90e to remote] DEBUG org.asynchttpclient.netty.request.NettyRequestSender -- Using open Channel [id: 0x6f44d718, L:/192.168.1.60:63605 - R:hub-cloud.browserstack.com/207.254.8.9:443] for GET '/wd/hub/session/da647b3d1e66fd1dd37a67a376ea43f20167d90e/element/9dd7fdcf-bf3c-43b2-831f-c5c743a09b19/displayed'
01:54:31.497 [AsyncHttpClient-1-3] DEBUG org.asynchttpclient.netty.handler.HttpHandler -- 

Request DefaultFullHttpRequest(decodeResult: success, version: HTTP/1.1, content: EmptyByteBufBE)
GET /wd/hub/session/da647b3d1e66fd1dd37a67a376ea43f20167d90e/element/9dd7fdcf-bf3c-43b2-831f-c5c743a09b19/displayed HTTP/1.1
User-Agent: appium/8.3.0 (selenium/4.8.0 (java mac))
Cache-Control: no-cache
Content-Type: application/json; charset=utf-8
host: hub-cloud.browserstack.com
authorization: Basic Y2VzYXJzdGV2ZW5yaW9zdV9aNWtmdDg6WDJ2Z1hoM0xGdG85c0R4VVJid1A=
accept: */*

Response DefaultHttpResponse(decodeResult: success, version: HTTP/1.1)
HTTP/1.1 200 OK
Server: nginx
Date: Mon, 05 Jun 2023 06:54:31 GMT
Content-Type: application/json; charset=utf-8
Content-Length: 14
Connection: keep-alive
Source-From: 02
x-powered-by: Express
etag: W/"e-2ZHvAWebNQpyjGZTg6uyV8/spTo"

01:54:31.497 [AsyncHttpClient-1-3] DEBUG org.asynchttpclient.netty.channel.ChannelManager -- Adding key: https://hub-cloud.browserstack.com:443 for channel [id: 0x6f44d718, L:/192.168.1.60:63605 - R:hub-cloud.browserstack.com/207.254.8.9:443]
01:54:31.499 [Forwarding isElementDisplayed on session da647b3d1e66fd1dd37a67a376ea43f20167d90e to remote] DEBUG org.asynchttpclient.netty.request.NettyRequestSender -- Using pooled Channel '[id: 0x6f44d718, L:/192.168.1.60:63605 - R:hub-cloud.browserstack.com/207.254.8.9:443]' for 'GET' to 'https://cesarstevenriosu_Z5kft8:X2vgXh3LFto9sDxURbwP@hub-cloud.browserstack.com/wd/hub/session/da647b3d1e66fd1dd37a67a376ea43f20167d90e/element/9dd7fdcf-bf3c-43b2-831f-c5c743a09b19/displayed'
01:54:31.499 [Forwarding isElementDisplayed on session da647b3d1e66fd1dd37a67a376ea43f20167d90e to remote] DEBUG org.asynchttpclient.netty.request.NettyRequestSender -- Using open Channel [id: 0x6f44d718, L:/192.168.1.60:63605 - R:hub-cloud.browserstack.com/207.254.8.9:443] for GET '/wd/hub/session/da647b3d1e66fd1dd37a67a376ea43f20167d90e/element/9dd7fdcf-bf3c-43b2-831f-c5c743a09b19/displayed'
01:54:31.608 [AsyncHttpClient-1-3] DEBUG org.asynchttpclient.netty.handler.HttpHandler -- 

Request DefaultFullHttpRequest(decodeResult: success, version: HTTP/1.1, content: EmptyByteBufBE)
GET /wd/hub/session/da647b3d1e66fd1dd37a67a376ea43f20167d90e/element/9dd7fdcf-bf3c-43b2-831f-c5c743a09b19/displayed HTTP/1.1
User-Agent: appium/8.3.0 (selenium/4.8.0 (java mac))
Cache-Control: no-cache
Content-Type: application/json; charset=utf-8
host: hub-cloud.browserstack.com
authorization: Basic Y2VzYXJzdGV2ZW5yaW9zdV9aNWtmdDg6WDJ2Z1hoM0xGdG85c0R4VVJid1A=
accept: */*

Response DefaultHttpResponse(decodeResult: success, version: HTTP/1.1)
HTTP/1.1 200 OK
Server: nginx
Date: Mon, 05 Jun 2023 06:54:31 GMT
Content-Type: application/json; charset=utf-8
Content-Length: 14
Connection: keep-alive
Source-From: 02
x-powered-by: Express
etag: W/"e-2ZHvAWebNQpyjGZTg6uyV8/spTo"

01:54:31.609 [AsyncHttpClient-1-3] DEBUG org.asynchttpclient.netty.channel.ChannelManager -- Adding key: https://hub-cloud.browserstack.com:443 for channel [id: 0x6f44d718, L:/192.168.1.60:63605 - R:hub-cloud.browserstack.com/207.254.8.9:443]
01:54:31.612 [Forwarding setTimeout on session da647b3d1e66fd1dd37a67a376ea43f20167d90e to remote] DEBUG org.asynchttpclient.netty.request.NettyRequestSender -- Using pooled Channel '[id: 0x6f44d718, L:/192.168.1.60:63605 - R:hub-cloud.browserstack.com/207.254.8.9:443]' for 'POST' to 'https://cesarstevenriosu_Z5kft8:X2vgXh3LFto9sDxURbwP@hub-cloud.browserstack.com/wd/hub/session/da647b3d1e66fd1dd37a67a376ea43f20167d90e/timeouts'
01:54:31.613 [Forwarding setTimeout on session da647b3d1e66fd1dd37a67a376ea43f20167d90e to remote] DEBUG org.asynchttpclient.netty.request.NettyRequestSender -- Using open Channel [id: 0x6f44d718, L:/192.168.1.60:63605 - R:hub-cloud.browserstack.com/207.254.8.9:443] for POST '/wd/hub/session/da647b3d1e66fd1dd37a67a376ea43f20167d90e/timeouts'
01:54:31.710 [AsyncHttpClient-1-3] DEBUG org.asynchttpclient.netty.handler.HttpHandler -- 

Request DefaultHttpRequest(decodeResult: success, version: HTTP/1.1)
POST /wd/hub/session/da647b3d1e66fd1dd37a67a376ea43f20167d90e/timeouts HTTP/1.1
User-Agent: appium/8.3.0 (selenium/4.8.0 (java mac))
Content-Length: 19
Content-Type: application/json; charset=utf-8
host: hub-cloud.browserstack.com
authorization: Basic Y2VzYXJzdGV2ZW5yaW9zdV9aNWtmdDg6WDJ2Z1hoM0xGdG85c0R4VVJid1A=
accept: */*

Response DefaultHttpResponse(decodeResult: success, version: HTTP/1.1)
HTTP/1.1 200 OK
Server: nginx
Date: Mon, 05 Jun 2023 06:54:31 GMT
Content-Type: application/json; charset=utf-8
Content-Length: 14
Connection: keep-alive
Source-From: 02
x-powered-by: Express
vary: X-HTTP-Method-Override
etag: W/"e-9/1BuKMgFObM1mWJm+YjxtXJnUM"

01:54:31.711 [AsyncHttpClient-1-3] DEBUG org.asynchttpclient.netty.channel.ChannelManager -- Adding key: https://hub-cloud.browserstack.com:443 for channel [id: 0x6f44d718, L:/192.168.1.60:63605 - R:hub-cloud.browserstack.com/207.254.8.9:443]
01:54:31.714 [Forwarding findElement on session da647b3d1e66fd1dd37a67a376ea43f20167d90e to remote] DEBUG org.asynchttpclient.netty.request.NettyRequestSender -- Using pooled Channel '[id: 0x6f44d718, L:/192.168.1.60:63605 - R:hub-cloud.browserstack.com/207.254.8.9:443]' for 'POST' to 'https://cesarstevenriosu_Z5kft8:X2vgXh3LFto9sDxURbwP@hub-cloud.browserstack.com/wd/hub/session/da647b3d1e66fd1dd37a67a376ea43f20167d90e/element'
01:54:31.714 [Forwarding findElement on session da647b3d1e66fd1dd37a67a376ea43f20167d90e to remote] DEBUG org.asynchttpclient.netty.request.NettyRequestSender -- Using open Channel [id: 0x6f44d718, L:/192.168.1.60:63605 - R:hub-cloud.browserstack.com/207.254.8.9:443] for POST '/wd/hub/session/da647b3d1e66fd1dd37a67a376ea43f20167d90e/element'
01:54:31.998 [AsyncHttpClient-1-3] DEBUG org.asynchttpclient.netty.handler.HttpHandler -- 

Request DefaultHttpRequest(decodeResult: success, version: HTTP/1.1)
POST /wd/hub/session/da647b3d1e66fd1dd37a67a376ea43f20167d90e/element HTTP/1.1
User-Agent: appium/8.3.0 (selenium/4.8.0 (java mac))
Content-Length: 133
Content-Type: application/json; charset=utf-8
host: hub-cloud.browserstack.com
authorization: Basic Y2VzYXJzdGV2ZW5yaW9zdV9aNWtmdDg6WDJ2Z1hoM0xGdG85c0R4VVJid1A=
accept: */*

Response DefaultHttpResponse(decodeResult: success, version: HTTP/1.1)
HTTP/1.1 200 OK
Server: nginx
Date: Mon, 05 Jun 2023 06:54:32 GMT
Content-Type: application/json; charset=utf-8
Content-Length: 137
Connection: keep-alive
Source-From: 02
x-powered-by: Express
vary: X-HTTP-Method-Override
etag: W/"89-gu4lSnPx9WMXSWu746QsUTJAXeo"

01:54:31.999 [AsyncHttpClient-1-3] DEBUG org.asynchttpclient.netty.channel.ChannelManager -- Adding key: https://hub-cloud.browserstack.com:443 for channel [id: 0x6f44d718, L:/192.168.1.60:63605 - R:hub-cloud.browserstack.com/207.254.8.9:443]
01:54:32.001 [Forwarding setTimeout on session da647b3d1e66fd1dd37a67a376ea43f20167d90e to remote] DEBUG org.asynchttpclient.netty.request.NettyRequestSender -- Using pooled Channel '[id: 0x6f44d718, L:/192.168.1.60:63605 - R:hub-cloud.browserstack.com/207.254.8.9:443]' for 'POST' to 'https://cesarstevenriosu_Z5kft8:X2vgXh3LFto9sDxURbwP@hub-cloud.browserstack.com/wd/hub/session/da647b3d1e66fd1dd37a67a376ea43f20167d90e/timeouts'
01:54:32.003 [Forwarding setTimeout on session da647b3d1e66fd1dd37a67a376ea43f20167d90e to remote] DEBUG org.asynchttpclient.netty.request.NettyRequestSender -- Using open Channel [id: 0x6f44d718, L:/192.168.1.60:63605 - R:hub-cloud.browserstack.com/207.254.8.9:443] for POST '/wd/hub/session/da647b3d1e66fd1dd37a67a376ea43f20167d90e/timeouts'
01:54:32.092 [AsyncHttpClient-1-3] DEBUG org.asynchttpclient.netty.handler.HttpHandler -- 

Request DefaultHttpRequest(decodeResult: success, version: HTTP/1.1)
POST /wd/hub/session/da647b3d1e66fd1dd37a67a376ea43f20167d90e/timeouts HTTP/1.1
User-Agent: appium/8.3.0 (selenium/4.8.0 (java mac))
Content-Length: 23
Content-Type: application/json; charset=utf-8
host: hub-cloud.browserstack.com
authorization: Basic Y2VzYXJzdGV2ZW5yaW9zdV9aNWtmdDg6WDJ2Z1hoM0xGdG85c0R4VVJid1A=
accept: */*

Response DefaultHttpResponse(decodeResult: success, version: HTTP/1.1)
HTTP/1.1 200 OK
Server: nginx
Date: Mon, 05 Jun 2023 06:54:32 GMT
Content-Type: application/json; charset=utf-8
Content-Length: 14
Connection: keep-alive
Source-From: 02
x-powered-by: Express
vary: X-HTTP-Method-Override
etag: W/"e-9/1BuKMgFObM1mWJm+YjxtXJnUM"

01:54:32.093 [AsyncHttpClient-1-3] DEBUG org.asynchttpclient.netty.channel.ChannelManager -- Adding key: https://hub-cloud.browserstack.com:443 for channel [id: 0x6f44d718, L:/192.168.1.60:63605 - R:hub-cloud.browserstack.com/207.254.8.9:443]
01:54:32.098 [Forwarding setTimeout on session da647b3d1e66fd1dd37a67a376ea43f20167d90e to remote] DEBUG org.asynchttpclient.netty.request.NettyRequestSender -- Using pooled Channel '[id: 0x6f44d718, L:/192.168.1.60:63605 - R:hub-cloud.browserstack.com/207.254.8.9:443]' for 'POST' to 'https://cesarstevenriosu_Z5kft8:X2vgXh3LFto9sDxURbwP@hub-cloud.browserstack.com/wd/hub/session/da647b3d1e66fd1dd37a67a376ea43f20167d90e/timeouts'
01:54:32.099 [Forwarding setTimeout on session da647b3d1e66fd1dd37a67a376ea43f20167d90e to remote] DEBUG org.asynchttpclient.netty.request.NettyRequestSender -- Using open Channel [id: 0x6f44d718, L:/192.168.1.60:63605 - R:hub-cloud.browserstack.com/207.254.8.9:443] for POST '/wd/hub/session/da647b3d1e66fd1dd37a67a376ea43f20167d90e/timeouts'
01:54:32.183 [AsyncHttpClient-1-3] DEBUG org.asynchttpclient.netty.handler.HttpHandler -- 

Request DefaultHttpRequest(decodeResult: success, version: HTTP/1.1)
POST /wd/hub/session/da647b3d1e66fd1dd37a67a376ea43f20167d90e/timeouts HTTP/1.1
User-Agent: appium/8.3.0 (selenium/4.8.0 (java mac))
Content-Length: 19
Content-Type: application/json; charset=utf-8
host: hub-cloud.browserstack.com
authorization: Basic Y2VzYXJzdGV2ZW5yaW9zdV9aNWtmdDg6WDJ2Z1hoM0xGdG85c0R4VVJid1A=
accept: */*

Response DefaultHttpResponse(decodeResult: success, version: HTTP/1.1)
HTTP/1.1 200 OK
Server: nginx
Date: Mon, 05 Jun 2023 06:54:32 GMT
Content-Type: application/json; charset=utf-8
Content-Length: 14
Connection: keep-alive
Source-From: 02
x-powered-by: Express
vary: X-HTTP-Method-Override
etag: W/"e-9/1BuKMgFObM1mWJm+YjxtXJnUM"

01:54:32.183 [AsyncHttpClient-1-3] DEBUG org.asynchttpclient.netty.channel.ChannelManager -- Adding key: https://hub-cloud.browserstack.com:443 for channel [id: 0x6f44d718, L:/192.168.1.60:63605 - R:hub-cloud.browserstack.com/207.254.8.9:443]
01:54:32.185 [Forwarding findElement on session da647b3d1e66fd1dd37a67a376ea43f20167d90e to remote] DEBUG org.asynchttpclient.netty.request.NettyRequestSender -- Using pooled Channel '[id: 0x6f44d718, L:/192.168.1.60:63605 - R:hub-cloud.browserstack.com/207.254.8.9:443]' for 'POST' to 'https://cesarstevenriosu_Z5kft8:X2vgXh3LFto9sDxURbwP@hub-cloud.browserstack.com/wd/hub/session/da647b3d1e66fd1dd37a67a376ea43f20167d90e/element'
01:54:32.185 [Forwarding findElement on session da647b3d1e66fd1dd37a67a376ea43f20167d90e to remote] DEBUG org.asynchttpclient.netty.request.NettyRequestSender -- Using open Channel [id: 0x6f44d718, L:/192.168.1.60:63605 - R:hub-cloud.browserstack.com/207.254.8.9:443] for POST '/wd/hub/session/da647b3d1e66fd1dd37a67a376ea43f20167d90e/element'
01:54:32.416 [AsyncHttpClient-1-3] DEBUG org.asynchttpclient.netty.handler.HttpHandler -- 

Request DefaultHttpRequest(decodeResult: success, version: HTTP/1.1)
POST /wd/hub/session/da647b3d1e66fd1dd37a67a376ea43f20167d90e/element HTTP/1.1
User-Agent: appium/8.3.0 (selenium/4.8.0 (java mac))
Content-Length: 133
Content-Type: application/json; charset=utf-8
host: hub-cloud.browserstack.com
authorization: Basic Y2VzYXJzdGV2ZW5yaW9zdV9aNWtmdDg6WDJ2Z1hoM0xGdG85c0R4VVJid1A=
accept: */*

Response DefaultHttpResponse(decodeResult: success, version: HTTP/1.1)
HTTP/1.1 200 OK
Server: nginx
Date: Mon, 05 Jun 2023 06:54:32 GMT
Content-Type: application/json; charset=utf-8
Content-Length: 137
Connection: keep-alive
Source-From: 02
x-powered-by: Express
vary: X-HTTP-Method-Override
etag: W/"89-HHq7h0Vi4oJ5+ZL5TI6SnaFztNE"

01:54:32.417 [AsyncHttpClient-1-3] DEBUG org.asynchttpclient.netty.channel.ChannelManager -- Adding key: https://hub-cloud.browserstack.com:443 for channel [id: 0x6f44d718, L:/192.168.1.60:63605 - R:hub-cloud.browserstack.com/207.254.8.9:443]
01:54:32.419 [Forwarding setTimeout on session da647b3d1e66fd1dd37a67a376ea43f20167d90e to remote] DEBUG org.asynchttpclient.netty.request.NettyRequestSender -- Using pooled Channel '[id: 0x6f44d718, L:/192.168.1.60:63605 - R:hub-cloud.browserstack.com/207.254.8.9:443]' for 'POST' to 'https://cesarstevenriosu_Z5kft8:X2vgXh3LFto9sDxURbwP@hub-cloud.browserstack.com/wd/hub/session/da647b3d1e66fd1dd37a67a376ea43f20167d90e/timeouts'
01:54:32.419 [Forwarding setTimeout on session da647b3d1e66fd1dd37a67a376ea43f20167d90e to remote] DEBUG org.asynchttpclient.netty.request.NettyRequestSender -- Using open Channel [id: 0x6f44d718, L:/192.168.1.60:63605 - R:hub-cloud.browserstack.com/207.254.8.9:443] for POST '/wd/hub/session/da647b3d1e66fd1dd37a67a376ea43f20167d90e/timeouts'
01:54:32.556 [AsyncHttpClient-1-3] DEBUG org.asynchttpclient.netty.handler.HttpHandler -- 

Request DefaultHttpRequest(decodeResult: success, version: HTTP/1.1)
POST /wd/hub/session/da647b3d1e66fd1dd37a67a376ea43f20167d90e/timeouts HTTP/1.1
User-Agent: appium/8.3.0 (selenium/4.8.0 (java mac))
Content-Length: 23
Content-Type: application/json; charset=utf-8
host: hub-cloud.browserstack.com
authorization: Basic Y2VzYXJzdGV2ZW5yaW9zdV9aNWtmdDg6WDJ2Z1hoM0xGdG85c0R4VVJid1A=
accept: */*

Response DefaultHttpResponse(decodeResult: success, version: HTTP/1.1)
HTTP/1.1 200 OK
Server: nginx
Date: Mon, 05 Jun 2023 06:54:32 GMT
Content-Type: application/json; charset=utf-8
Content-Length: 14
Connection: keep-alive
Source-From: 02
x-powered-by: Express
vary: X-HTTP-Method-Override
etag: W/"e-9/1BuKMgFObM1mWJm+YjxtXJnUM"

01:54:32.556 [AsyncHttpClient-1-3] DEBUG org.asynchttpclient.netty.channel.ChannelManager -- Adding key: https://hub-cloud.browserstack.com:443 for channel [id: 0x6f44d718, L:/192.168.1.60:63605 - R:hub-cloud.browserstack.com/207.254.8.9:443]
01:54:32.559 [Forwarding isElementDisplayed on session da647b3d1e66fd1dd37a67a376ea43f20167d90e to remote] DEBUG org.asynchttpclient.netty.request.NettyRequestSender -- Using pooled Channel '[id: 0x6f44d718, L:/192.168.1.60:63605 - R:hub-cloud.browserstack.com/207.254.8.9:443]' for 'GET' to 'https://cesarstevenriosu_Z5kft8:X2vgXh3LFto9sDxURbwP@hub-cloud.browserstack.com/wd/hub/session/da647b3d1e66fd1dd37a67a376ea43f20167d90e/element/31f09df6-bdc3-4519-9465-05a9b8a6fc41/displayed'
01:54:32.559 [Forwarding isElementDisplayed on session da647b3d1e66fd1dd37a67a376ea43f20167d90e to remote] DEBUG org.asynchttpclient.netty.request.NettyRequestSender -- Using open Channel [id: 0x6f44d718, L:/192.168.1.60:63605 - R:hub-cloud.browserstack.com/207.254.8.9:443] for GET '/wd/hub/session/da647b3d1e66fd1dd37a67a376ea43f20167d90e/element/31f09df6-bdc3-4519-9465-05a9b8a6fc41/displayed'
01:54:32.655 [AsyncHttpClient-1-3] DEBUG org.asynchttpclient.netty.handler.HttpHandler -- 

Request DefaultFullHttpRequest(decodeResult: success, version: HTTP/1.1, content: EmptyByteBufBE)
GET /wd/hub/session/da647b3d1e66fd1dd37a67a376ea43f20167d90e/element/31f09df6-bdc3-4519-9465-05a9b8a6fc41/displayed HTTP/1.1
User-Agent: appium/8.3.0 (selenium/4.8.0 (java mac))
Cache-Control: no-cache
Content-Type: application/json; charset=utf-8
host: hub-cloud.browserstack.com
authorization: Basic Y2VzYXJzdGV2ZW5yaW9zdV9aNWtmdDg6WDJ2Z1hoM0xGdG85c0R4VVJid1A=
accept: */*

Response DefaultHttpResponse(decodeResult: success, version: HTTP/1.1)
HTTP/1.1 200 OK
Server: nginx
Date: Mon, 05 Jun 2023 06:54:32 GMT
Content-Type: application/json; charset=utf-8
Content-Length: 14
Connection: keep-alive
Source-From: 02
x-powered-by: Express
etag: W/"e-2ZHvAWebNQpyjGZTg6uyV8/spTo"

01:54:32.656 [AsyncHttpClient-1-3] DEBUG org.asynchttpclient.netty.channel.ChannelManager -- Adding key: https://hub-cloud.browserstack.com:443 for channel [id: 0x6f44d718, L:/192.168.1.60:63605 - R:hub-cloud.browserstack.com/207.254.8.9:443]
01:54:32.661 [Forwarding setTimeout on session da647b3d1e66fd1dd37a67a376ea43f20167d90e to remote] DEBUG org.asynchttpclient.netty.request.NettyRequestSender -- Using pooled Channel '[id: 0x6f44d718, L:/192.168.1.60:63605 - R:hub-cloud.browserstack.com/207.254.8.9:443]' for 'POST' to 'https://cesarstevenriosu_Z5kft8:X2vgXh3LFto9sDxURbwP@hub-cloud.browserstack.com/wd/hub/session/da647b3d1e66fd1dd37a67a376ea43f20167d90e/timeouts'
01:54:32.661 [Forwarding setTimeout on session da647b3d1e66fd1dd37a67a376ea43f20167d90e to remote] DEBUG org.asynchttpclient.netty.request.NettyRequestSender -- Using open Channel [id: 0x6f44d718, L:/192.168.1.60:63605 - R:hub-cloud.browserstack.com/207.254.8.9:443] for POST '/wd/hub/session/da647b3d1e66fd1dd37a67a376ea43f20167d90e/timeouts'
01:54:32.752 [AsyncHttpClient-1-3] DEBUG org.asynchttpclient.netty.handler.HttpHandler -- 

Request DefaultHttpRequest(decodeResult: success, version: HTTP/1.1)
POST /wd/hub/session/da647b3d1e66fd1dd37a67a376ea43f20167d90e/timeouts HTTP/1.1
User-Agent: appium/8.3.0 (selenium/4.8.0 (java mac))
Content-Length: 23
Content-Type: application/json; charset=utf-8
host: hub-cloud.browserstack.com
authorization: Basic Y2VzYXJzdGV2ZW5yaW9zdV9aNWtmdDg6WDJ2Z1hoM0xGdG85c0R4VVJid1A=
accept: */*

Response DefaultHttpResponse(decodeResult: success, version: HTTP/1.1)
HTTP/1.1 200 OK
Server: nginx
Date: Mon, 05 Jun 2023 06:54:32 GMT
Content-Type: application/json; charset=utf-8
Content-Length: 14
Connection: keep-alive
Source-From: 02
x-powered-by: Express
vary: X-HTTP-Method-Override
etag: W/"e-9/1BuKMgFObM1mWJm+YjxtXJnUM"

01:54:32.753 [AsyncHttpClient-1-3] DEBUG org.asynchttpclient.netty.channel.ChannelManager -- Adding key: https://hub-cloud.browserstack.com:443 for channel [id: 0x6f44d718, L:/192.168.1.60:63605 - R:hub-cloud.browserstack.com/207.254.8.9:443]
01:54:32.755 [Forwarding findElement on session da647b3d1e66fd1dd37a67a376ea43f20167d90e to remote] DEBUG org.asynchttpclient.netty.request.NettyRequestSender -- Using pooled Channel '[id: 0x6f44d718, L:/192.168.1.60:63605 - R:hub-cloud.browserstack.com/207.254.8.9:443]' for 'POST' to 'https://cesarstevenriosu_Z5kft8:X2vgXh3LFto9sDxURbwP@hub-cloud.browserstack.com/wd/hub/session/da647b3d1e66fd1dd37a67a376ea43f20167d90e/element'
01:54:32.755 [Forwarding findElement on session da647b3d1e66fd1dd37a67a376ea43f20167d90e to remote] DEBUG org.asynchttpclient.netty.request.NettyRequestSender -- Using open Channel [id: 0x6f44d718, L:/192.168.1.60:63605 - R:hub-cloud.browserstack.com/207.254.8.9:443] for POST '/wd/hub/session/da647b3d1e66fd1dd37a67a376ea43f20167d90e/element'
01:54:33.002 [AsyncHttpClient-1-3] DEBUG org.asynchttpclient.netty.handler.HttpHandler -- 

Request DefaultHttpRequest(decodeResult: success, version: HTTP/1.1)
POST /wd/hub/session/da647b3d1e66fd1dd37a67a376ea43f20167d90e/element HTTP/1.1
User-Agent: appium/8.3.0 (selenium/4.8.0 (java mac))
Content-Length: 133
Content-Type: application/json; charset=utf-8
host: hub-cloud.browserstack.com
authorization: Basic Y2VzYXJzdGV2ZW5yaW9zdV9aNWtmdDg6WDJ2Z1hoM0xGdG85c0R4VVJid1A=
accept: */*

Response DefaultHttpResponse(decodeResult: success, version: HTTP/1.1)
HTTP/1.1 200 OK
Server: nginx
Date: Mon, 05 Jun 2023 06:54:33 GMT
Content-Type: application/json; charset=utf-8
Content-Length: 137
Connection: keep-alive
Source-From: 02
x-powered-by: Express
vary: X-HTTP-Method-Override
etag: W/"89-KbpeD73+kSM0YAIg3GSgYN1Tjcw"

01:54:33.003 [AsyncHttpClient-1-3] DEBUG org.asynchttpclient.netty.channel.ChannelManager -- Adding key: https://hub-cloud.browserstack.com:443 for channel [id: 0x6f44d718, L:/192.168.1.60:63605 - R:hub-cloud.browserstack.com/207.254.8.9:443]
01:54:33.005 [Forwarding setTimeout on session da647b3d1e66fd1dd37a67a376ea43f20167d90e to remote] DEBUG org.asynchttpclient.netty.request.NettyRequestSender -- Using pooled Channel '[id: 0x6f44d718, L:/192.168.1.60:63605 - R:hub-cloud.browserstack.com/207.254.8.9:443]' for 'POST' to 'https://cesarstevenriosu_Z5kft8:X2vgXh3LFto9sDxURbwP@hub-cloud.browserstack.com/wd/hub/session/da647b3d1e66fd1dd37a67a376ea43f20167d90e/timeouts'
01:54:33.005 [Forwarding setTimeout on session da647b3d1e66fd1dd37a67a376ea43f20167d90e to remote] DEBUG org.asynchttpclient.netty.request.NettyRequestSender -- Using open Channel [id: 0x6f44d718, L:/192.168.1.60:63605 - R:hub-cloud.browserstack.com/207.254.8.9:443] for POST '/wd/hub/session/da647b3d1e66fd1dd37a67a376ea43f20167d90e/timeouts'
01:54:33.102 [AsyncHttpClient-1-3] DEBUG org.asynchttpclient.netty.handler.HttpHandler -- 

Request DefaultHttpRequest(decodeResult: success, version: HTTP/1.1)
POST /wd/hub/session/da647b3d1e66fd1dd37a67a376ea43f20167d90e/timeouts HTTP/1.1
User-Agent: appium/8.3.0 (selenium/4.8.0 (java mac))
Content-Length: 23
Content-Type: application/json; charset=utf-8
host: hub-cloud.browserstack.com
authorization: Basic Y2VzYXJzdGV2ZW5yaW9zdV9aNWtmdDg6WDJ2Z1hoM0xGdG85c0R4VVJid1A=
accept: */*

Response DefaultHttpResponse(decodeResult: success, version: HTTP/1.1)
HTTP/1.1 200 OK
Server: nginx
Date: Mon, 05 Jun 2023 06:54:33 GMT
Content-Type: application/json; charset=utf-8
Content-Length: 14
Connection: keep-alive
Source-From: 02
x-powered-by: Express
vary: X-HTTP-Method-Override
etag: W/"e-9/1BuKMgFObM1mWJm+YjxtXJnUM"

01:54:33.103 [AsyncHttpClient-1-3] DEBUG org.asynchttpclient.netty.channel.ChannelManager -- Adding key: https://hub-cloud.browserstack.com:443 for channel [id: 0x6f44d718, L:/192.168.1.60:63605 - R:hub-cloud.browserstack.com/207.254.8.9:443]
01:54:33.105 [Forwarding isElementDisplayed on session da647b3d1e66fd1dd37a67a376ea43f20167d90e to remote] DEBUG org.asynchttpclient.netty.request.NettyRequestSender -- Using pooled Channel '[id: 0x6f44d718, L:/192.168.1.60:63605 - R:hub-cloud.browserstack.com/207.254.8.9:443]' for 'GET' to 'https://cesarstevenriosu_Z5kft8:X2vgXh3LFto9sDxURbwP@hub-cloud.browserstack.com/wd/hub/session/da647b3d1e66fd1dd37a67a376ea43f20167d90e/element/b6e8739b-6839-4e94-9dde-86d811ec23c1/displayed'
01:54:33.105 [Forwarding isElementDisplayed on session da647b3d1e66fd1dd37a67a376ea43f20167d90e to remote] DEBUG org.asynchttpclient.netty.request.NettyRequestSender -- Using open Channel [id: 0x6f44d718, L:/192.168.1.60:63605 - R:hub-cloud.browserstack.com/207.254.8.9:443] for GET '/wd/hub/session/da647b3d1e66fd1dd37a67a376ea43f20167d90e/element/b6e8739b-6839-4e94-9dde-86d811ec23c1/displayed'
01:54:33.272 [AsyncHttpClient-1-3] DEBUG org.asynchttpclient.netty.handler.HttpHandler -- 

Request DefaultFullHttpRequest(decodeResult: success, version: HTTP/1.1, content: EmptyByteBufBE)
GET /wd/hub/session/da647b3d1e66fd1dd37a67a376ea43f20167d90e/element/b6e8739b-6839-4e94-9dde-86d811ec23c1/displayed HTTP/1.1
User-Agent: appium/8.3.0 (selenium/4.8.0 (java mac))
Cache-Control: no-cache
Content-Type: application/json; charset=utf-8
host: hub-cloud.browserstack.com
authorization: Basic Y2VzYXJzdGV2ZW5yaW9zdV9aNWtmdDg6WDJ2Z1hoM0xGdG85c0R4VVJid1A=
accept: */*

Response DefaultHttpResponse(decodeResult: success, version: HTTP/1.1)
HTTP/1.1 200 OK
Server: nginx
Date: Mon, 05 Jun 2023 06:54:33 GMT
Content-Type: application/json; charset=utf-8
Content-Length: 14
Connection: keep-alive
Source-From: 02
x-powered-by: Express
etag: W/"e-2ZHvAWebNQpyjGZTg6uyV8/spTo"

01:54:33.273 [AsyncHttpClient-1-3] DEBUG org.asynchttpclient.netty.channel.ChannelManager -- Adding key: https://hub-cloud.browserstack.com:443 for channel [id: 0x6f44d718, L:/192.168.1.60:63605 - R:hub-cloud.browserstack.com/207.254.8.9:443]
01:54:33.275 [Forwarding isElementDisplayed on session da647b3d1e66fd1dd37a67a376ea43f20167d90e to remote] DEBUG org.asynchttpclient.netty.request.NettyRequestSender -- Using pooled Channel '[id: 0x6f44d718, L:/192.168.1.60:63605 - R:hub-cloud.browserstack.com/207.254.8.9:443]' for 'GET' to 'https://cesarstevenriosu_Z5kft8:X2vgXh3LFto9sDxURbwP@hub-cloud.browserstack.com/wd/hub/session/da647b3d1e66fd1dd37a67a376ea43f20167d90e/element/b6e8739b-6839-4e94-9dde-86d811ec23c1/displayed'
01:54:33.275 [Forwarding isElementDisplayed on session da647b3d1e66fd1dd37a67a376ea43f20167d90e to remote] DEBUG org.asynchttpclient.netty.request.NettyRequestSender -- Using open Channel [id: 0x6f44d718, L:/192.168.1.60:63605 - R:hub-cloud.browserstack.com/207.254.8.9:443] for GET '/wd/hub/session/da647b3d1e66fd1dd37a67a376ea43f20167d90e/element/b6e8739b-6839-4e94-9dde-86d811ec23c1/displayed'
01:54:33.391 [AsyncHttpClient-1-3] DEBUG org.asynchttpclient.netty.handler.HttpHandler -- 

Request DefaultFullHttpRequest(decodeResult: success, version: HTTP/1.1, content: EmptyByteBufBE)
GET /wd/hub/session/da647b3d1e66fd1dd37a67a376ea43f20167d90e/element/b6e8739b-6839-4e94-9dde-86d811ec23c1/displayed HTTP/1.1
User-Agent: appium/8.3.0 (selenium/4.8.0 (java mac))
Cache-Control: no-cache
Content-Type: application/json; charset=utf-8
host: hub-cloud.browserstack.com
authorization: Basic Y2VzYXJzdGV2ZW5yaW9zdV9aNWtmdDg6WDJ2Z1hoM0xGdG85c0R4VVJid1A=
accept: */*

Response DefaultHttpResponse(decodeResult: success, version: HTTP/1.1)
HTTP/1.1 200 OK
Server: nginx
Date: Mon, 05 Jun 2023 06:54:33 GMT
Content-Type: application/json; charset=utf-8
Content-Length: 14
Connection: keep-alive
Source-From: 02
x-powered-by: Express
etag: W/"e-2ZHvAWebNQpyjGZTg6uyV8/spTo"

01:54:33.391 [AsyncHttpClient-1-3] DEBUG org.asynchttpclient.netty.channel.ChannelManager -- Adding key: https://hub-cloud.browserstack.com:443 for channel [id: 0x6f44d718, L:/192.168.1.60:63605 - R:hub-cloud.browserstack.com/207.254.8.9:443]
01:54:33.396 [Forwarding setTimeout on session da647b3d1e66fd1dd37a67a376ea43f20167d90e to remote] DEBUG org.asynchttpclient.netty.request.NettyRequestSender -- Using pooled Channel '[id: 0x6f44d718, L:/192.168.1.60:63605 - R:hub-cloud.browserstack.com/207.254.8.9:443]' for 'POST' to 'https://cesarstevenriosu_Z5kft8:X2vgXh3LFto9sDxURbwP@hub-cloud.browserstack.com/wd/hub/session/da647b3d1e66fd1dd37a67a376ea43f20167d90e/timeouts'
01:54:33.396 [Forwarding setTimeout on session da647b3d1e66fd1dd37a67a376ea43f20167d90e to remote] DEBUG org.asynchttpclient.netty.request.NettyRequestSender -- Using open Channel [id: 0x6f44d718, L:/192.168.1.60:63605 - R:hub-cloud.browserstack.com/207.254.8.9:443] for POST '/wd/hub/session/da647b3d1e66fd1dd37a67a376ea43f20167d90e/timeouts'
01:54:33.510 [AsyncHttpClient-1-3] DEBUG org.asynchttpclient.netty.handler.HttpHandler -- 

Request DefaultHttpRequest(decodeResult: success, version: HTTP/1.1)
POST /wd/hub/session/da647b3d1e66fd1dd37a67a376ea43f20167d90e/timeouts HTTP/1.1
User-Agent: appium/8.3.0 (selenium/4.8.0 (java mac))
Content-Length: 23
Content-Type: application/json; charset=utf-8
host: hub-cloud.browserstack.com
authorization: Basic Y2VzYXJzdGV2ZW5yaW9zdV9aNWtmdDg6WDJ2Z1hoM0xGdG85c0R4VVJid1A=
accept: */*

Response DefaultHttpResponse(decodeResult: success, version: HTTP/1.1)
HTTP/1.1 200 OK
Server: nginx
Date: Mon, 05 Jun 2023 06:54:33 GMT
Content-Type: application/json; charset=utf-8
Content-Length: 14
Connection: keep-alive
Source-From: 02
x-powered-by: Express
vary: X-HTTP-Method-Override
etag: W/"e-9/1BuKMgFObM1mWJm+YjxtXJnUM"

01:54:33.511 [AsyncHttpClient-1-3] DEBUG org.asynchttpclient.netty.channel.ChannelManager -- Adding key: https://hub-cloud.browserstack.com:443 for channel [id: 0x6f44d718, L:/192.168.1.60:63605 - R:hub-cloud.browserstack.com/207.254.8.9:443]
01:54:33.513 [Forwarding findElement on session da647b3d1e66fd1dd37a67a376ea43f20167d90e to remote] DEBUG org.asynchttpclient.netty.request.NettyRequestSender -- Using pooled Channel '[id: 0x6f44d718, L:/192.168.1.60:63605 - R:hub-cloud.browserstack.com/207.254.8.9:443]' for 'POST' to 'https://cesarstevenriosu_Z5kft8:X2vgXh3LFto9sDxURbwP@hub-cloud.browserstack.com/wd/hub/session/da647b3d1e66fd1dd37a67a376ea43f20167d90e/element'
01:54:33.513 [Forwarding findElement on session da647b3d1e66fd1dd37a67a376ea43f20167d90e to remote] DEBUG org.asynchttpclient.netty.request.NettyRequestSender -- Using open Channel [id: 0x6f44d718, L:/192.168.1.60:63605 - R:hub-cloud.browserstack.com/207.254.8.9:443] for POST '/wd/hub/session/da647b3d1e66fd1dd37a67a376ea43f20167d90e/element'
01:54:33.881 [AsyncHttpClient-1-3] DEBUG org.asynchttpclient.netty.handler.HttpHandler -- 

Request DefaultHttpRequest(decodeResult: success, version: HTTP/1.1)
POST /wd/hub/session/da647b3d1e66fd1dd37a67a376ea43f20167d90e/element HTTP/1.1
User-Agent: appium/8.3.0 (selenium/4.8.0 (java mac))
Content-Length: 133
Content-Type: application/json; charset=utf-8
host: hub-cloud.browserstack.com
authorization: Basic Y2VzYXJzdGV2ZW5yaW9zdV9aNWtmdDg6WDJ2Z1hoM0xGdG85c0R4VVJid1A=
accept: */*

Response DefaultHttpResponse(decodeResult: success, version: HTTP/1.1)
HTTP/1.1 200 OK
Server: nginx
Date: Mon, 05 Jun 2023 06:54:33 GMT
Content-Type: application/json; charset=utf-8
Content-Length: 137
Connection: keep-alive
Source-From: 02
x-powered-by: Express
vary: X-HTTP-Method-Override
etag: W/"89-Oc8LsoXlUBRcZeG9fc2SxkZhqFo"

01:54:33.882 [AsyncHttpClient-1-3] DEBUG org.asynchttpclient.netty.channel.ChannelManager -- Adding key: https://hub-cloud.browserstack.com:443 for channel [id: 0x6f44d718, L:/192.168.1.60:63605 - R:hub-cloud.browserstack.com/207.254.8.9:443]
01:54:33.883 [Forwarding setTimeout on session da647b3d1e66fd1dd37a67a376ea43f20167d90e to remote] DEBUG org.asynchttpclient.netty.request.NettyRequestSender -- Using pooled Channel '[id: 0x6f44d718, L:/192.168.1.60:63605 - R:hub-cloud.browserstack.com/207.254.8.9:443]' for 'POST' to 'https://cesarstevenriosu_Z5kft8:X2vgXh3LFto9sDxURbwP@hub-cloud.browserstack.com/wd/hub/session/da647b3d1e66fd1dd37a67a376ea43f20167d90e/timeouts'
01:54:33.884 [Forwarding setTimeout on session da647b3d1e66fd1dd37a67a376ea43f20167d90e to remote] DEBUG org.asynchttpclient.netty.request.NettyRequestSender -- Using open Channel [id: 0x6f44d718, L:/192.168.1.60:63605 - R:hub-cloud.browserstack.com/207.254.8.9:443] for POST '/wd/hub/session/da647b3d1e66fd1dd37a67a376ea43f20167d90e/timeouts'
01:54:33.968 [AsyncHttpClient-1-3] DEBUG org.asynchttpclient.netty.handler.HttpHandler -- 

Request DefaultHttpRequest(decodeResult: success, version: HTTP/1.1)
POST /wd/hub/session/da647b3d1e66fd1dd37a67a376ea43f20167d90e/timeouts HTTP/1.1
User-Agent: appium/8.3.0 (selenium/4.8.0 (java mac))
Content-Length: 23
Content-Type: application/json; charset=utf-8
host: hub-cloud.browserstack.com
authorization: Basic Y2VzYXJzdGV2ZW5yaW9zdV9aNWtmdDg6WDJ2Z1hoM0xGdG85c0R4VVJid1A=
accept: */*

Response DefaultHttpResponse(decodeResult: success, version: HTTP/1.1)
HTTP/1.1 200 OK
Server: nginx
Date: Mon, 05 Jun 2023 06:54:34 GMT
Content-Type: application/json; charset=utf-8
Content-Length: 14
Connection: keep-alive
Source-From: 02
x-powered-by: Express
vary: X-HTTP-Method-Override
etag: W/"e-9/1BuKMgFObM1mWJm+YjxtXJnUM"

01:54:33.969 [AsyncHttpClient-1-3] DEBUG org.asynchttpclient.netty.channel.ChannelManager -- Adding key: https://hub-cloud.browserstack.com:443 for channel [id: 0x6f44d718, L:/192.168.1.60:63605 - R:hub-cloud.browserstack.com/207.254.8.9:443]
01:54:33.969 [Forwarding isElementDisplayed on session da647b3d1e66fd1dd37a67a376ea43f20167d90e to remote] DEBUG org.asynchttpclient.netty.request.NettyRequestSender -- Using pooled Channel '[id: 0x6f44d718, L:/192.168.1.60:63605 - R:hub-cloud.browserstack.com/207.254.8.9:443]' for 'GET' to 'https://cesarstevenriosu_Z5kft8:X2vgXh3LFto9sDxURbwP@hub-cloud.browserstack.com/wd/hub/session/da647b3d1e66fd1dd37a67a376ea43f20167d90e/element/ab71f027-500a-49dd-9977-530915648b3d/displayed'
01:54:33.969 [Forwarding isElementDisplayed on session da647b3d1e66fd1dd37a67a376ea43f20167d90e to remote] DEBUG org.asynchttpclient.netty.request.NettyRequestSender -- Using open Channel [id: 0x6f44d718, L:/192.168.1.60:63605 - R:hub-cloud.browserstack.com/207.254.8.9:443] for GET '/wd/hub/session/da647b3d1e66fd1dd37a67a376ea43f20167d90e/element/ab71f027-500a-49dd-9977-530915648b3d/displayed'
01:54:34.073 [AsyncHttpClient-1-3] DEBUG org.asynchttpclient.netty.handler.HttpHandler -- 

Request DefaultFullHttpRequest(decodeResult: success, version: HTTP/1.1, content: EmptyByteBufBE)
GET /wd/hub/session/da647b3d1e66fd1dd37a67a376ea43f20167d90e/element/ab71f027-500a-49dd-9977-530915648b3d/displayed HTTP/1.1
User-Agent: appium/8.3.0 (selenium/4.8.0 (java mac))
Cache-Control: no-cache
Content-Type: application/json; charset=utf-8
host: hub-cloud.browserstack.com
authorization: Basic Y2VzYXJzdGV2ZW5yaW9zdV9aNWtmdDg6WDJ2Z1hoM0xGdG85c0R4VVJid1A=
accept: */*

Response DefaultHttpResponse(decodeResult: success, version: HTTP/1.1)
HTTP/1.1 200 OK
Server: nginx
Date: Mon, 05 Jun 2023 06:54:34 GMT
Content-Type: application/json; charset=utf-8
Content-Length: 14
Connection: keep-alive
Source-From: 02
x-powered-by: Express
etag: W/"e-2ZHvAWebNQpyjGZTg6uyV8/spTo"

01:54:34.074 [AsyncHttpClient-1-3] DEBUG org.asynchttpclient.netty.channel.ChannelManager -- Adding key: https://hub-cloud.browserstack.com:443 for channel [id: 0x6f44d718, L:/192.168.1.60:63605 - R:hub-cloud.browserstack.com/207.254.8.9:443]
01:54:34.076 [Forwarding clickElement on session da647b3d1e66fd1dd37a67a376ea43f20167d90e to remote] DEBUG org.asynchttpclient.netty.request.NettyRequestSender -- Using pooled Channel '[id: 0x6f44d718, L:/192.168.1.60:63605 - R:hub-cloud.browserstack.com/207.254.8.9:443]' for 'POST' to 'https://cesarstevenriosu_Z5kft8:X2vgXh3LFto9sDxURbwP@hub-cloud.browserstack.com/wd/hub/session/da647b3d1e66fd1dd37a67a376ea43f20167d90e/element/ab71f027-500a-49dd-9977-530915648b3d/click'
01:54:34.076 [Forwarding clickElement on session da647b3d1e66fd1dd37a67a376ea43f20167d90e to remote] DEBUG org.asynchttpclient.netty.request.NettyRequestSender -- Using open Channel [id: 0x6f44d718, L:/192.168.1.60:63605 - R:hub-cloud.browserstack.com/207.254.8.9:443] for POST '/wd/hub/session/da647b3d1e66fd1dd37a67a376ea43f20167d90e/element/ab71f027-500a-49dd-9977-530915648b3d/click'
01:54:34.295 [AsyncHttpClient-1-3] DEBUG org.asynchttpclient.netty.handler.HttpHandler -- 

Request DefaultHttpRequest(decodeResult: success, version: HTTP/1.1)
POST /wd/hub/session/da647b3d1e66fd1dd37a67a376ea43f20167d90e/element/ab71f027-500a-49dd-9977-530915648b3d/click HTTP/1.1
User-Agent: appium/8.3.0 (selenium/4.8.0 (java mac))
Content-Length: 50
Content-Type: application/json; charset=utf-8
host: hub-cloud.browserstack.com
authorization: Basic Y2VzYXJzdGV2ZW5yaW9zdV9aNWtmdDg6WDJ2Z1hoM0xGdG85c0R4VVJid1A=
accept: */*

Response DefaultHttpResponse(decodeResult: success, version: HTTP/1.1)
HTTP/1.1 200 OK
Server: nginx
Date: Mon, 05 Jun 2023 06:54:34 GMT
Content-Type: application/json; charset=utf-8
Content-Length: 14
Connection: keep-alive
Source-From: 02
x-powered-by: Express
vary: X-HTTP-Method-Override
etag: W/"e-9/1BuKMgFObM1mWJm+YjxtXJnUM"

01:54:34.296 [AsyncHttpClient-1-3] DEBUG org.asynchttpclient.netty.channel.ChannelManager -- Adding key: https://hub-cloud.browserstack.com:443 for channel [id: 0x6f44d718, L:/192.168.1.60:63605 - R:hub-cloud.browserstack.com/207.254.8.9:443]
01:54:34.303 [Forwarding screenshot on session da647b3d1e66fd1dd37a67a376ea43f20167d90e to remote] DEBUG org.asynchttpclient.netty.request.NettyRequestSender -- Using pooled Channel '[id: 0x6f44d718, L:/192.168.1.60:63605 - R:hub-cloud.browserstack.com/207.254.8.9:443]' for 'GET' to 'https://cesarstevenriosu_Z5kft8:X2vgXh3LFto9sDxURbwP@hub-cloud.browserstack.com/wd/hub/session/da647b3d1e66fd1dd37a67a376ea43f20167d90e/screenshot'
01:54:34.303 [Forwarding screenshot on session da647b3d1e66fd1dd37a67a376ea43f20167d90e to remote] DEBUG org.asynchttpclient.netty.request.NettyRequestSender -- Using open Channel [id: 0x6f44d718, L:/192.168.1.60:63605 - R:hub-cloud.browserstack.com/207.254.8.9:443] for GET '/wd/hub/session/da647b3d1e66fd1dd37a67a376ea43f20167d90e/screenshot'
01:54:34.811 [AsyncHttpClient-1-3] DEBUG org.asynchttpclient.netty.handler.HttpHandler -- 

Request DefaultFullHttpRequest(decodeResult: success, version: HTTP/1.1, content: EmptyByteBufBE)
GET /wd/hub/session/da647b3d1e66fd1dd37a67a376ea43f20167d90e/screenshot HTTP/1.1
User-Agent: appium/8.3.0 (selenium/4.8.0 (java mac))
Cache-Control: no-cache
Content-Type: application/json; charset=utf-8
host: hub-cloud.browserstack.com
authorization: Basic Y2VzYXJzdGV2ZW5yaW9zdV9aNWtmdDg6WDJ2Z1hoM0xGdG85c0R4VVJid1A=
accept: */*

Response DefaultHttpResponse(decodeResult: success, version: HTTP/1.1)
HTTP/1.1 200 OK
Server: nginx
Date: Mon, 05 Jun 2023 06:54:34 GMT
Content-Type: application/json; charset=utf-8
Content-Length: 117876
Connection: keep-alive
Source-From: 02
x-powered-by: Express
etag: W/"1cc74-z5Lym2j4ksXQth7zMMpbUAY4P7o"

01:54:35.029 [AsyncHttpClient-1-3] DEBUG org.asynchttpclient.netty.channel.ChannelManager -- Adding key: https://hub-cloud.browserstack.com:443 for channel [id: 0x6f44d718, L:/192.168.1.60:63605 - R:hub-cloud.browserstack.com/207.254.8.9:443]
01:54:35.041 [main] DEBUG net.serenitybdd.core.photography.Darkroom -- Send negative for processing for target/site/serenity/302f38e1f182884c2ba821220c7140551a7862dd10dadeeeaeb8ff7e7fcbece1.png
01:54:35.041 [Darkroom Processing Line] DEBUG net.serenitybdd.core.photography.DarkroomProcessingLine -- Processing screenshot image in /var/screenshots/screenshot-2500548010609946063
01:54:35.041 [Darkroom Processing Line] DEBUG net.serenitybdd.core.photography.DarkroomProcessingLine -- Saving screenshot to target/site/serenity/302f38e1f182884c2ba821220c7140551a7862dd10dadeeeaeb8ff7e7fcbece1.png
01:54:35.041 [main] DEBUG net.thucydides.core.steps.StepInterceptor -- STEP DONE: signInUser
  &amp#27;[32mWhen &amp#27;[0m&amp#27;[32mthe user enters the email &amp#27;[0m&amp#27;[32m&amp#27;[1m"email"&amp#27;[0m&amp#27;[32m and password &amp#27;[0m&amp#27;[32m&amp#27;[1m"password"&amp#27;[0m &amp#27;[90m# stepDefinitions.SignInDefinitions.signInUser(java.lang.String,java.lang.String)&amp#27;[0m
01:54:35.052 [Forwarding getPageSource on session da647b3d1e66fd1dd37a67a376ea43f20167d90e to remote] DEBUG org.asynchttpclient.netty.request.NettyRequestSender -- Using pooled Channel '[id: 0x6f44d718, L:/192.168.1.60:63605 - R:hub-cloud.browserstack.com/207.254.8.9:443]' for 'GET' to 'https://cesarstevenriosu_Z5kft8:X2vgXh3LFto9sDxURbwP@hub-cloud.browserstack.com/wd/hub/session/da647b3d1e66fd1dd37a67a376ea43f20167d90e/source'
01:54:35.052 [Forwarding getPageSource on session da647b3d1e66fd1dd37a67a376ea43f20167d90e to remote] DEBUG org.asynchttpclient.netty.request.NettyRequestSender -- Using open Channel [id: 0x6f44d718, L:/192.168.1.60:63605 - R:hub-cloud.browserstack.com/207.254.8.9:443] for GET '/wd/hub/session/da647b3d1e66fd1dd37a67a376ea43f20167d90e/source'
01:54:35.829 [AsyncHttpClient-1-3] DEBUG org.asynchttpclient.netty.handler.HttpHandler -- 

Request DefaultFullHttpRequest(decodeResult: success, version: HTTP/1.1, content: EmptyByteBufBE)
GET /wd/hub/session/da647b3d1e66fd1dd37a67a376ea43f20167d90e/source HTTP/1.1
User-Agent: appium/8.3.0 (selenium/4.8.0 (java mac))
Cache-Control: no-cache
Content-Type: application/json; charset=utf-8
host: hub-cloud.browserstack.com
authorization: Basic Y2VzYXJzdGV2ZW5yaW9zdV9aNWtmdDg6WDJ2Z1hoM0xGdG85c0R4VVJid1A=
accept: */*

Response DefaultHttpResponse(decodeResult: success, version: HTTP/1.1)
HTTP/1.1 200 OK
Server: nginx
Date: Mon, 05 Jun 2023 06:54:35 GMT
Content-Type: application/json; charset=utf-8
Content-Length: 28747
Connection: keep-alive
Source-From: 02
x-powered-by: Express
etag: W/"7047-Emw4VJNCRq0XPmhrty3Sh3rzjr4"

01:54:35.900 [AsyncHttpClient-1-3] DEBUG org.asynchttpclient.netty.channel.ChannelManager -- Adding key: https://hub-cloud.browserstack.com:443 for channel [id: 0x6f44d718, L:/192.168.1.60:63605 - R:hub-cloud.browserstack.com/207.254.8.9:443]
01:54:35.931 [Forwarding screenshot on session da647b3d1e66fd1dd37a67a376ea43f20167d90e to remote] DEBUG org.asynchttpclient.netty.request.NettyRequestSender -- Using pooled Channel '[id: 0x6f44d718, L:/192.168.1.60:63605 - R:hub-cloud.browserstack.com/207.254.8.9:443]' for 'GET' to 'https://cesarstevenriosu_Z5kft8:X2vgXh3LFto9sDxURbwP@hub-cloud.browserstack.com/wd/hub/session/da647b3d1e66fd1dd37a67a376ea43f20167d90e/screenshot'
01:54:35.931 [Forwarding screenshot on session da647b3d1e66fd1dd37a67a376ea43f20167d90e to remote] DEBUG org.asynchttpclient.netty.request.NettyRequestSender -- Using open Channel [id: 0x6f44d718, L:/192.168.1.60:63605 - R:hub-cloud.browserstack.com/207.254.8.9:443] for GET '/wd/hub/session/da647b3d1e66fd1dd37a67a376ea43f20167d90e/screenshot'
01:54:36.450 [AsyncHttpClient-1-3] DEBUG org.asynchttpclient.netty.handler.HttpHandler -- 

Request DefaultFullHttpRequest(decodeResult: success, version: HTTP/1.1, content: EmptyByteBufBE)
GET /wd/hub/session/da647b3d1e66fd1dd37a67a376ea43f20167d90e/screenshot HTTP/1.1
User-Agent: appium/8.3.0 (selenium/4.8.0 (java mac))
Cache-Control: no-cache
Content-Type: application/json; charset=utf-8
host: hub-cloud.browserstack.com
authorization: Basic Y2VzYXJzdGV2ZW5yaW9zdV9aNWtmdDg6WDJ2Z1hoM0xGdG85c0R4VVJid1A=
accept: */*

Response DefaultHttpResponse(decodeResult: success, version: HTTP/1.1)
HTTP/1.1 200 OK
Server: nginx
Date: Mon, 05 Jun 2023 06:54:36 GMT
Content-Type: application/json; charset=utf-8
Content-Length: 154280
Connection: keep-alive
Source-From: 02
x-powered-by: Express
etag: W/"25aa8-hP4G/1GmShfxGPmV52Ug916LtRg"

01:54:36.668 [AsyncHttpClient-1-3] DEBUG org.asynchttpclient.netty.channel.ChannelManager -- Adding key: https://hub-cloud.browserstack.com:443 for channel [id: 0x6f44d718, L:/192.168.1.60:63605 - R:hub-cloud.browserstack.com/207.254.8.9:443]
01:54:36.682 [main] DEBUG net.serenitybdd.core.photography.Darkroom -- Send negative for processing for target/site/serenity/9cb36fc176716f9ba81000d743538872971aae4d890ac0068ff8415ceca15763.png
01:54:36.682 [Darkroom Processing Line] DEBUG net.serenitybdd.core.photography.DarkroomProcessingLine -- Processing screenshot image in /var/screenshots/screenshot-7886960333569845093
01:54:36.683 [Darkroom Processing Line] DEBUG net.serenitybdd.core.photography.DarkroomProcessingLine -- Saving screenshot to target/site/serenity/9cb36fc176716f9ba81000d743538872971aae4d890ac0068ff8415ceca15763.png
01:54:36.683 [Forwarding getPageSource on session da647b3d1e66fd1dd37a67a376ea43f20167d90e to remote] DEBUG org.asynchttpclient.netty.request.NettyRequestSender -- Using pooled Channel '[id: 0x6f44d718, L:/192.168.1.60:63605 - R:hub-cloud.browserstack.com/207.254.8.9:443]' for 'GET' to 'https://cesarstevenriosu_Z5kft8:X2vgXh3LFto9sDxURbwP@hub-cloud.browserstack.com/wd/hub/session/da647b3d1e66fd1dd37a67a376ea43f20167d90e/source'
01:54:36.683 [Forwarding getPageSource on session da647b3d1e66fd1dd37a67a376ea43f20167d90e to remote] DEBUG org.asynchttpclient.netty.request.NettyRequestSender -- Using open Channel [id: 0x6f44d718, L:/192.168.1.60:63605 - R:hub-cloud.browserstack.com/207.254.8.9:443] for GET '/wd/hub/session/da647b3d1e66fd1dd37a67a376ea43f20167d90e/source'
01:54:37.013 [AsyncHttpClient-1-3] DEBUG org.asynchttpclient.netty.handler.HttpHandler -- 

Request DefaultFullHttpRequest(decodeResult: success, version: HTTP/1.1, content: EmptyByteBufBE)
GET /wd/hub/session/da647b3d1e66fd1dd37a67a376ea43f20167d90e/source HTTP/1.1
User-Agent: appium/8.3.0 (selenium/4.8.0 (java mac))
Cache-Control: no-cache
Content-Type: application/json; charset=utf-8
host: hub-cloud.browserstack.com
authorization: Basic Y2VzYXJzdGV2ZW5yaW9zdV9aNWtmdDg6WDJ2Z1hoM0xGdG85c0R4VVJid1A=
accept: */*

Response DefaultHttpResponse(decodeResult: success, version: HTTP/1.1)
HTTP/1.1 200 OK
Server: nginx
Date: Mon, 05 Jun 2023 06:54:37 GMT
Content-Type: application/json; charset=utf-8
Content-Length: 28747
Connection: keep-alive
Source-From: 02
x-powered-by: Express
etag: W/"7047-Emw4VJNCRq0XPmhrty3Sh3rzjr4"

01:54:37.017 [AsyncHttpClient-1-3] DEBUG org.asynchttpclient.netty.channel.ChannelManager -- Adding key: https://hub-cloud.browserstack.com:443 for channel [id: 0x6f44d718, L:/192.168.1.60:63605 - R:hub-cloud.browserstack.com/207.254.8.9:443]
01:54:37.031 [main] DEBUG net.thucydides.core.steps.StepInterceptor -- STARTING STEP: SignInDefinitions.isDisplayHomeScreen - isDisplayHomeScreen
01:54:37.033 [Forwarding setTimeout on session da647b3d1e66fd1dd37a67a376ea43f20167d90e to remote] DEBUG org.asynchttpclient.netty.request.NettyRequestSender -- Using pooled Channel '[id: 0x6f44d718, L:/192.168.1.60:63605 - R:hub-cloud.browserstack.com/207.254.8.9:443]' for 'POST' to 'https://cesarstevenriosu_Z5kft8:X2vgXh3LFto9sDxURbwP@hub-cloud.browserstack.com/wd/hub/session/da647b3d1e66fd1dd37a67a376ea43f20167d90e/timeouts'
01:54:37.033 [Forwarding setTimeout on session da647b3d1e66fd1dd37a67a376ea43f20167d90e to remote] DEBUG org.asynchttpclient.netty.request.NettyRequestSender -- Using open Channel [id: 0x6f44d718, L:/192.168.1.60:63605 - R:hub-cloud.browserstack.com/207.254.8.9:443] for POST '/wd/hub/session/da647b3d1e66fd1dd37a67a376ea43f20167d90e/timeouts'
01:54:37.146 [AsyncHttpClient-1-3] DEBUG org.asynchttpclient.netty.handler.HttpHandler -- 

Request DefaultHttpRequest(decodeResult: success, version: HTTP/1.1)
POST /wd/hub/session/da647b3d1e66fd1dd37a67a376ea43f20167d90e/timeouts HTTP/1.1
User-Agent: appium/8.3.0 (selenium/4.8.0 (java mac))
Content-Length: 19
Content-Type: application/json; charset=utf-8
host: hub-cloud.browserstack.com
authorization: Basic Y2VzYXJzdGV2ZW5yaW9zdV9aNWtmdDg6WDJ2Z1hoM0xGdG85c0R4VVJid1A=
accept: */*

Response DefaultHttpResponse(decodeResult: success, version: HTTP/1.1)
HTTP/1.1 200 OK
Server: nginx
Date: Mon, 05 Jun 2023 06:54:37 GMT
Content-Type: application/json; charset=utf-8
Content-Length: 14
Connection: keep-alive
Source-From: 02
x-powered-by: Express
vary: X-HTTP-Method-Override
etag: W/"e-9/1BuKMgFObM1mWJm+YjxtXJnUM"

01:54:37.147 [AsyncHttpClient-1-3] DEBUG org.asynchttpclient.netty.channel.ChannelManager -- Adding key: https://hub-cloud.browserstack.com:443 for channel [id: 0x6f44d718, L:/192.168.1.60:63605 - R:hub-cloud.browserstack.com/207.254.8.9:443]
01:54:37.148 [Forwarding findElement on session da647b3d1e66fd1dd37a67a376ea43f20167d90e to remote] DEBUG org.asynchttpclient.netty.request.NettyRequestSender -- Using pooled Channel '[id: 0x6f44d718, L:/192.168.1.60:63605 - R:hub-cloud.browserstack.com/207.254.8.9:443]' for 'POST' to 'https://cesarstevenriosu_Z5kft8:X2vgXh3LFto9sDxURbwP@hub-cloud.browserstack.com/wd/hub/session/da647b3d1e66fd1dd37a67a376ea43f20167d90e/element'
01:54:37.149 [Forwarding findElement on session da647b3d1e66fd1dd37a67a376ea43f20167d90e to remote] DEBUG org.asynchttpclient.netty.request.NettyRequestSender -- Using open Channel [id: 0x6f44d718, L:/192.168.1.60:63605 - R:hub-cloud.browserstack.com/207.254.8.9:443] for POST '/wd/hub/session/da647b3d1e66fd1dd37a67a376ea43f20167d90e/element'
01:54:37.403 [AsyncHttpClient-1-3] DEBUG org.asynchttpclient.netty.handler.HttpHandler -- 

Request DefaultHttpRequest(decodeResult: success, version: HTTP/1.1)
POST /wd/hub/session/da647b3d1e66fd1dd37a67a376ea43f20167d90e/element HTTP/1.1
User-Agent: appium/8.3.0 (selenium/4.8.0 (java mac))
Content-Length: 131
Content-Type: application/json; charset=utf-8
host: hub-cloud.browserstack.com
authorization: Basic Y2VzYXJzdGV2ZW5yaW9zdV9aNWtmdDg6WDJ2Z1hoM0xGdG85c0R4VVJid1A=
accept: */*

Response DefaultHttpResponse(decodeResult: success, version: HTTP/1.1)
HTTP/1.1 404 Not Found
Server: nginx
Date: Mon, 05 Jun 2023 06:54:37 GMT
Content-Type: application/json; charset=utf-8
Transfer-Encoding: chunked
Connection: keep-alive
Source-From: 02

01:54:37.403 [AsyncHttpClient-1-3] DEBUG org.asynchttpclient.netty.channel.ChannelManager -- Adding key: https://hub-cloud.browserstack.com:443 for channel [id: 0x6f44d718, L:/192.168.1.60:63605 - R:hub-cloud.browserstack.com/207.254.8.9:443]
01:54:37.414 [Forwarding setTimeout on session da647b3d1e66fd1dd37a67a376ea43f20167d90e to remote] DEBUG org.asynchttpclient.netty.request.NettyRequestSender -- Using pooled Channel '[id: 0x6f44d718, L:/192.168.1.60:63605 - R:hub-cloud.browserstack.com/207.254.8.9:443]' for 'POST' to 'https://cesarstevenriosu_Z5kft8:X2vgXh3LFto9sDxURbwP@hub-cloud.browserstack.com/wd/hub/session/da647b3d1e66fd1dd37a67a376ea43f20167d90e/timeouts'
01:54:37.414 [Forwarding setTimeout on session da647b3d1e66fd1dd37a67a376ea43f20167d90e to remote] DEBUG org.asynchttpclient.netty.request.NettyRequestSender -- Using open Channel [id: 0x6f44d718, L:/192.168.1.60:63605 - R:hub-cloud.browserstack.com/207.254.8.9:443] for POST '/wd/hub/session/da647b3d1e66fd1dd37a67a376ea43f20167d90e/timeouts'
01:54:37.512 [AsyncHttpClient-1-3] DEBUG org.asynchttpclient.netty.handler.HttpHandler -- 

Request DefaultHttpRequest(decodeResult: success, version: HTTP/1.1)
POST /wd/hub/session/da647b3d1e66fd1dd37a67a376ea43f20167d90e/timeouts HTTP/1.1
User-Agent: appium/8.3.0 (selenium/4.8.0 (java mac))
Content-Length: 23
Content-Type: application/json; charset=utf-8
host: hub-cloud.browserstack.com
authorization: Basic Y2VzYXJzdGV2ZW5yaW9zdV9aNWtmdDg6WDJ2Z1hoM0xGdG85c0R4VVJid1A=
accept: */*

Response DefaultHttpResponse(decodeResult: success, version: HTTP/1.1)
HTTP/1.1 200 OK
Server: nginx
Date: Mon, 05 Jun 2023 06:54:37 GMT
Content-Type: application/json; charset=utf-8
Content-Length: 14
Connection: keep-alive
Source-From: 02
x-powered-by: Express
vary: X-HTTP-Method-Override
etag: W/"e-9/1BuKMgFObM1mWJm+YjxtXJnUM"

01:54:37.513 [AsyncHttpClient-1-3] DEBUG org.asynchttpclient.netty.channel.ChannelManager -- Adding key: https://hub-cloud.browserstack.com:443 for channel [id: 0x6f44d718, L:/192.168.1.60:63605 - R:hub-cloud.browserstack.com/207.254.8.9:443]
01:54:37.516 [Forwarding setTimeout on session da647b3d1e66fd1dd37a67a376ea43f20167d90e to remote] DEBUG org.asynchttpclient.netty.request.NettyRequestSender -- Using pooled Channel '[id: 0x6f44d718, L:/192.168.1.60:63605 - R:hub-cloud.browserstack.com/207.254.8.9:443]' for 'POST' to 'https://cesarstevenriosu_Z5kft8:X2vgXh3LFto9sDxURbwP@hub-cloud.browserstack.com/wd/hub/session/da647b3d1e66fd1dd37a67a376ea43f20167d90e/timeouts'
01:54:37.516 [Forwarding setTimeout on session da647b3d1e66fd1dd37a67a376ea43f20167d90e to remote] DEBUG org.asynchttpclient.netty.request.NettyRequestSender -- Using open Channel [id: 0x6f44d718, L:/192.168.1.60:63605 - R:hub-cloud.browserstack.com/207.254.8.9:443] for POST '/wd/hub/session/da647b3d1e66fd1dd37a67a376ea43f20167d90e/timeouts'
01:54:37.620 [AsyncHttpClient-1-3] DEBUG org.asynchttpclient.netty.handler.HttpHandler -- 

Request DefaultHttpRequest(decodeResult: success, version: HTTP/1.1)
POST /wd/hub/session/da647b3d1e66fd1dd37a67a376ea43f20167d90e/timeouts HTTP/1.1
User-Agent: appium/8.3.0 (selenium/4.8.0 (java mac))
Content-Length: 19
Content-Type: application/json; charset=utf-8
host: hub-cloud.browserstack.com
authorization: Basic Y2VzYXJzdGV2ZW5yaW9zdV9aNWtmdDg6WDJ2Z1hoM0xGdG85c0R4VVJid1A=
accept: */*

Response DefaultHttpResponse(decodeResult: success, version: HTTP/1.1)
HTTP/1.1 200 OK
Server: nginx
Date: Mon, 05 Jun 2023 06:54:37 GMT
Content-Type: application/json; charset=utf-8
Content-Length: 14
Connection: keep-alive
Source-From: 02
x-powered-by: Express
vary: X-HTTP-Method-Override
etag: W/"e-9/1BuKMgFObM1mWJm+YjxtXJnUM"

01:54:37.620 [AsyncHttpClient-1-3] DEBUG org.asynchttpclient.netty.channel.ChannelManager -- Adding key: https://hub-cloud.browserstack.com:443 for channel [id: 0x6f44d718, L:/192.168.1.60:63605 - R:hub-cloud.browserstack.com/207.254.8.9:443]
01:54:37.622 [Forwarding findElement on session da647b3d1e66fd1dd37a67a376ea43f20167d90e to remote] DEBUG org.asynchttpclient.netty.request.NettyRequestSender -- Using pooled Channel '[id: 0x6f44d718, L:/192.168.1.60:63605 - R:hub-cloud.browserstack.com/207.254.8.9:443]' for 'POST' to 'https://cesarstevenriosu_Z5kft8:X2vgXh3LFto9sDxURbwP@hub-cloud.browserstack.com/wd/hub/session/da647b3d1e66fd1dd37a67a376ea43f20167d90e/element'
01:54:37.622 [Forwarding findElement on session da647b3d1e66fd1dd37a67a376ea43f20167d90e to remote] DEBUG org.asynchttpclient.netty.request.NettyRequestSender -- Using open Channel [id: 0x6f44d718, L:/192.168.1.60:63605 - R:hub-cloud.browserstack.com/207.254.8.9:443] for POST '/wd/hub/session/da647b3d1e66fd1dd37a67a376ea43f20167d90e/element'
01:54:37.898 [AsyncHttpClient-1-3] DEBUG org.asynchttpclient.netty.handler.HttpHandler -- 

Request DefaultHttpRequest(decodeResult: success, version: HTTP/1.1)
POST /wd/hub/session/da647b3d1e66fd1dd37a67a376ea43f20167d90e/element HTTP/1.1
User-Agent: appium/8.3.0 (selenium/4.8.0 (java mac))
Content-Length: 131
Content-Type: application/json; charset=utf-8
host: hub-cloud.browserstack.com
authorization: Basic Y2VzYXJzdGV2ZW5yaW9zdV9aNWtmdDg6WDJ2Z1hoM0xGdG85c0R4VVJid1A=
accept: */*

Response DefaultHttpResponse(decodeResult: success, version: HTTP/1.1)
HTTP/1.1 404 Not Found
Server: nginx
Date: Mon, 05 Jun 2023 06:54:38 GMT
Content-Type: application/json; charset=utf-8
Transfer-Encoding: chunked
Connection: keep-alive
Source-From: 02

01:54:37.899 [AsyncHttpClient-1-3] DEBUG org.asynchttpclient.netty.channel.ChannelManager -- Adding key: https://hub-cloud.browserstack.com:443 for channel [id: 0x6f44d718, L:/192.168.1.60:63605 - R:hub-cloud.browserstack.com/207.254.8.9:443]
01:54:37.901 [Forwarding setTimeout on session da647b3d1e66fd1dd37a67a376ea43f20167d90e to remote] DEBUG org.asynchttpclient.netty.request.NettyRequestSender -- Using pooled Channel '[id: 0x6f44d718, L:/192.168.1.60:63605 - R:hub-cloud.browserstack.com/207.254.8.9:443]' for 'POST' to 'https://cesarstevenriosu_Z5kft8:X2vgXh3LFto9sDxURbwP@hub-cloud.browserstack.com/wd/hub/session/da647b3d1e66fd1dd37a67a376ea43f20167d90e/timeouts'
01:54:37.902 [Forwarding setTimeout on session da647b3d1e66fd1dd37a67a376ea43f20167d90e to remote] DEBUG org.asynchttpclient.netty.request.NettyRequestSender -- Using open Channel [id: 0x6f44d718, L:/192.168.1.60:63605 - R:hub-cloud.browserstack.com/207.254.8.9:443] for POST '/wd/hub/session/da647b3d1e66fd1dd37a67a376ea43f20167d90e/timeouts'
01:54:37.996 [AsyncHttpClient-1-3] DEBUG org.asynchttpclient.netty.handler.HttpHandler -- 

Request DefaultHttpRequest(decodeResult: success, version: HTTP/1.1)
POST /wd/hub/session/da647b3d1e66fd1dd37a67a376ea43f20167d90e/timeouts HTTP/1.1
User-Agent: appium/8.3.0 (selenium/4.8.0 (java mac))
Content-Length: 23
Content-Type: application/json; charset=utf-8
host: hub-cloud.browserstack.com
authorization: Basic Y2VzYXJzdGV2ZW5yaW9zdV9aNWtmdDg6WDJ2Z1hoM0xGdG85c0R4VVJid1A=
accept: */*

Response DefaultHttpResponse(decodeResult: success, version: HTTP/1.1)
HTTP/1.1 200 OK
Server: nginx
Date: Mon, 05 Jun 2023 06:54:38 GMT
Content-Type: application/json; charset=utf-8
Content-Length: 14
Connection: keep-alive
Source-From: 02
x-powered-by: Express
vary: X-HTTP-Method-Override
etag: W/"e-9/1BuKMgFObM1mWJm+YjxtXJnUM"

01:54:37.996 [AsyncHttpClient-1-3] DEBUG org.asynchttpclient.netty.channel.ChannelManager -- Adding key: https://hub-cloud.browserstack.com:443 for channel [id: 0x6f44d718, L:/192.168.1.60:63605 - R:hub-cloud.browserstack.com/207.254.8.9:443]
01:54:38.054 [Forwarding setTimeout on session da647b3d1e66fd1dd37a67a376ea43f20167d90e to remote] DEBUG org.asynchttpclient.netty.request.NettyRequestSender -- Using pooled Channel '[id: 0x6f44d718, L:/192.168.1.60:63605 - R:hub-cloud.browserstack.com/207.254.8.9:443]' for 'POST' to 'https://cesarstevenriosu_Z5kft8:X2vgXh3LFto9sDxURbwP@hub-cloud.browserstack.com/wd/hub/session/da647b3d1e66fd1dd37a67a376ea43f20167d90e/timeouts'
01:54:38.054 [Forwarding setTimeout on session da647b3d1e66fd1dd37a67a376ea43f20167d90e to remote] DEBUG org.asynchttpclient.netty.request.NettyRequestSender -- Using open Channel [id: 0x6f44d718, L:/192.168.1.60:63605 - R:hub-cloud.browserstack.com/207.254.8.9:443] for POST '/wd/hub/session/da647b3d1e66fd1dd37a67a376ea43f20167d90e/timeouts'
01:54:38.186 [AsyncHttpClient-1-3] DEBUG org.asynchttpclient.netty.handler.HttpHandler -- 

Request DefaultHttpRequest(decodeResult: success, version: HTTP/1.1)
POST /wd/hub/session/da647b3d1e66fd1dd37a67a376ea43f20167d90e/timeouts HTTP/1.1
User-Agent: appium/8.3.0 (selenium/4.8.0 (java mac))
Content-Length: 19
Content-Type: application/json; charset=utf-8
host: hub-cloud.browserstack.com
authorization: Basic Y2VzYXJzdGV2ZW5yaW9zdV9aNWtmdDg6WDJ2Z1hoM0xGdG85c0R4VVJid1A=
accept: */*

Response DefaultHttpResponse(decodeResult: success, version: HTTP/1.1)
HTTP/1.1 200 OK
Server: nginx
Date: Mon, 05 Jun 2023 06:54:38 GMT
Content-Type: application/json; charset=utf-8
Content-Length: 14
Connection: keep-alive
Source-From: 02
x-powered-by: Express
vary: X-HTTP-Method-Override
etag: W/"e-9/1BuKMgFObM1mWJm+YjxtXJnUM"

01:54:38.186 [AsyncHttpClient-1-3] DEBUG org.asynchttpclient.netty.channel.ChannelManager -- Adding key: https://hub-cloud.browserstack.com:443 for channel [id: 0x6f44d718, L:/192.168.1.60:63605 - R:hub-cloud.browserstack.com/207.254.8.9:443]
01:54:38.189 [Forwarding findElement on session da647b3d1e66fd1dd37a67a376ea43f20167d90e to remote] DEBUG org.asynchttpclient.netty.request.NettyRequestSender -- Using pooled Channel '[id: 0x6f44d718, L:/192.168.1.60:63605 - R:hub-cloud.browserstack.com/207.254.8.9:443]' for 'POST' to 'https://cesarstevenriosu_Z5kft8:X2vgXh3LFto9sDxURbwP@hub-cloud.browserstack.com/wd/hub/session/da647b3d1e66fd1dd37a67a376ea43f20167d90e/element'
01:54:38.189 [Forwarding findElement on session da647b3d1e66fd1dd37a67a376ea43f20167d90e to remote] DEBUG org.asynchttpclient.netty.request.NettyRequestSender -- Using open Channel [id: 0x6f44d718, L:/192.168.1.60:63605 - R:hub-cloud.browserstack.com/207.254.8.9:443] for POST '/wd/hub/session/da647b3d1e66fd1dd37a67a376ea43f20167d90e/element'
01:54:38.439 [AsyncHttpClient-1-3] DEBUG org.asynchttpclient.netty.handler.HttpHandler -- 

Request DefaultHttpRequest(decodeResult: success, version: HTTP/1.1)
POST /wd/hub/session/da647b3d1e66fd1dd37a67a376ea43f20167d90e/element HTTP/1.1
User-Agent: appium/8.3.0 (selenium/4.8.0 (java mac))
Content-Length: 131
Content-Type: application/json; charset=utf-8
host: hub-cloud.browserstack.com
authorization: Basic Y2VzYXJzdGV2ZW5yaW9zdV9aNWtmdDg6WDJ2Z1hoM0xGdG85c0R4VVJid1A=
accept: */*

Response DefaultHttpResponse(decodeResult: success, version: HTTP/1.1)
HTTP/1.1 404 Not Found
Server: nginx
Date: Mon, 05 Jun 2023 06:54:38 GMT
Content-Type: application/json; charset=utf-8
Transfer-Encoding: chunked
Connection: keep-alive
Source-From: 02

01:54:38.440 [AsyncHttpClient-1-3] DEBUG org.asynchttpclient.netty.channel.ChannelManager -- Adding key: https://hub-cloud.browserstack.com:443 for channel [id: 0x6f44d718, L:/192.168.1.60:63605 - R:hub-cloud.browserstack.com/207.254.8.9:443]
01:54:38.445 [Forwarding setTimeout on session da647b3d1e66fd1dd37a67a376ea43f20167d90e to remote] DEBUG org.asynchttpclient.netty.request.NettyRequestSender -- Using pooled Channel '[id: 0x6f44d718, L:/192.168.1.60:63605 - R:hub-cloud.browserstack.com/207.254.8.9:443]' for 'POST' to 'https://cesarstevenriosu_Z5kft8:X2vgXh3LFto9sDxURbwP@hub-cloud.browserstack.com/wd/hub/session/da647b3d1e66fd1dd37a67a376ea43f20167d90e/timeouts'
01:54:38.445 [Forwarding setTimeout on session da647b3d1e66fd1dd37a67a376ea43f20167d90e to remote] DEBUG org.asynchttpclient.netty.request.NettyRequestSender -- Using open Channel [id: 0x6f44d718, L:/192.168.1.60:63605 - R:hub-cloud.browserstack.com/207.254.8.9:443] for POST '/wd/hub/session/da647b3d1e66fd1dd37a67a376ea43f20167d90e/timeouts'
01:54:38.525 [AsyncHttpClient-1-3] DEBUG org.asynchttpclient.netty.handler.HttpHandler -- 

Request DefaultHttpRequest(decodeResult: success, version: HTTP/1.1)
POST /wd/hub/session/da647b3d1e66fd1dd37a67a376ea43f20167d90e/timeouts HTTP/1.1
User-Agent: appium/8.3.0 (selenium/4.8.0 (java mac))
Content-Length: 23
Content-Type: application/json; charset=utf-8
host: hub-cloud.browserstack.com
authorization: Basic Y2VzYXJzdGV2ZW5yaW9zdV9aNWtmdDg6WDJ2Z1hoM0xGdG85c0R4VVJid1A=
accept: */*

Response DefaultHttpResponse(decodeResult: success, version: HTTP/1.1)
HTTP/1.1 200 OK
Server: nginx
Date: Mon, 05 Jun 2023 06:54:38 GMT
Content-Type: application/json; charset=utf-8
Content-Length: 14
Connection: keep-alive
Source-From: 02
x-powered-by: Express
vary: X-HTTP-Method-Override
etag: W/"e-9/1BuKMgFObM1mWJm+YjxtXJnUM"

01:54:38.526 [AsyncHttpClient-1-3] DEBUG org.asynchttpclient.netty.channel.ChannelManager -- Adding key: https://hub-cloud.browserstack.com:443 for channel [id: 0x6f44d718, L:/192.168.1.60:63605 - R:hub-cloud.browserstack.com/207.254.8.9:443]
01:54:38.584 [Forwarding setTimeout on session da647b3d1e66fd1dd37a67a376ea43f20167d90e to remote] DEBUG org.asynchttpclient.netty.request.NettyRequestSender -- Using pooled Channel '[id: 0x6f44d718, L:/192.168.1.60:63605 - R:hub-cloud.browserstack.com/207.254.8.9:443]' for 'POST' to 'https://cesarstevenriosu_Z5kft8:X2vgXh3LFto9sDxURbwP@hub-cloud.browserstack.com/wd/hub/session/da647b3d1e66fd1dd37a67a376ea43f20167d90e/timeouts'
01:54:38.584 [Forwarding setTimeout on session da647b3d1e66fd1dd37a67a376ea43f20167d90e to remote] DEBUG org.asynchttpclient.netty.request.NettyRequestSender -- Using open Channel [id: 0x6f44d718, L:/192.168.1.60:63605 - R:hub-cloud.browserstack.com/207.254.8.9:443] for POST '/wd/hub/session/da647b3d1e66fd1dd37a67a376ea43f20167d90e/timeouts'
01:54:38.678 [AsyncHttpClient-1-3] DEBUG org.asynchttpclient.netty.handler.HttpHandler -- 

Request DefaultHttpRequest(decodeResult: success, version: HTTP/1.1)
POST /wd/hub/session/da647b3d1e66fd1dd37a67a376ea43f20167d90e/timeouts HTTP/1.1
User-Agent: appium/8.3.0 (selenium/4.8.0 (java mac))
Content-Length: 19
Content-Type: application/json; charset=utf-8
host: hub-cloud.browserstack.com
authorization: Basic Y2VzYXJzdGV2ZW5yaW9zdV9aNWtmdDg6WDJ2Z1hoM0xGdG85c0R4VVJid1A=
accept: */*

Response DefaultHttpResponse(decodeResult: success, version: HTTP/1.1)
HTTP/1.1 200 OK
Server: nginx
Date: Mon, 05 Jun 2023 06:54:38 GMT
Content-Type: application/json; charset=utf-8
Content-Length: 14
Connection: keep-alive
Source-From: 02
x-powered-by: Express
vary: X-HTTP-Method-Override
etag: W/"e-9/1BuKMgFObM1mWJm+YjxtXJnUM"

01:54:38.678 [AsyncHttpClient-1-3] DEBUG org.asynchttpclient.netty.channel.ChannelManager -- Adding key: https://hub-cloud.browserstack.com:443 for channel [id: 0x6f44d718, L:/192.168.1.60:63605 - R:hub-cloud.browserstack.com/207.254.8.9:443]
01:54:38.681 [Forwarding findElement on session da647b3d1e66fd1dd37a67a376ea43f20167d90e to remote] DEBUG org.asynchttpclient.netty.request.NettyRequestSender -- Using pooled Channel '[id: 0x6f44d718, L:/192.168.1.60:63605 - R:hub-cloud.browserstack.com/207.254.8.9:443]' for 'POST' to 'https://cesarstevenriosu_Z5kft8:X2vgXh3LFto9sDxURbwP@hub-cloud.browserstack.com/wd/hub/session/da647b3d1e66fd1dd37a67a376ea43f20167d90e/element'
01:54:38.681 [Forwarding findElement on session da647b3d1e66fd1dd37a67a376ea43f20167d90e to remote] DEBUG org.asynchttpclient.netty.request.NettyRequestSender -- Using open Channel [id: 0x6f44d718, L:/192.168.1.60:63605 - R:hub-cloud.browserstack.com/207.254.8.9:443] for POST '/wd/hub/session/da647b3d1e66fd1dd37a67a376ea43f20167d90e/element'
01:54:39.001 [AsyncHttpClient-1-3] DEBUG org.asynchttpclient.netty.handler.HttpHandler -- 

Request DefaultHttpRequest(decodeResult: success, version: HTTP/1.1)
POST /wd/hub/session/da647b3d1e66fd1dd37a67a376ea43f20167d90e/element HTTP/1.1
User-Agent: appium/8.3.0 (selenium/4.8.0 (java mac))
Content-Length: 131
Content-Type: application/json; charset=utf-8
host: hub-cloud.browserstack.com
authorization: Basic Y2VzYXJzdGV2ZW5yaW9zdV9aNWtmdDg6WDJ2Z1hoM0xGdG85c0R4VVJid1A=
accept: */*

Response DefaultHttpResponse(decodeResult: success, version: HTTP/1.1)
HTTP/1.1 404 Not Found
Server: nginx
Date: Mon, 05 Jun 2023 06:54:39 GMT
Content-Type: application/json; charset=utf-8
Transfer-Encoding: chunked
Connection: keep-alive
Source-From: 02

01:54:39.002 [AsyncHttpClient-1-3] DEBUG org.asynchttpclient.netty.channel.ChannelManager -- Adding key: https://hub-cloud.browserstack.com:443 for channel [id: 0x6f44d718, L:/192.168.1.60:63605 - R:hub-cloud.browserstack.com/207.254.8.9:443]
01:54:39.005 [Forwarding setTimeout on session da647b3d1e66fd1dd37a67a376ea43f20167d90e to remote] DEBUG org.asynchttpclient.netty.request.NettyRequestSender -- Using pooled Channel '[id: 0x6f44d718, L:/192.168.1.60:63605 - R:hub-cloud.browserstack.com/207.254.8.9:443]' for 'POST' to 'https://cesarstevenriosu_Z5kft8:X2vgXh3LFto9sDxURbwP@hub-cloud.browserstack.com/wd/hub/session/da647b3d1e66fd1dd37a67a376ea43f20167d90e/timeouts'
01:54:39.005 [Forwarding setTimeout on session da647b3d1e66fd1dd37a67a376ea43f20167d90e to remote] DEBUG org.asynchttpclient.netty.request.NettyRequestSender -- Using open Channel [id: 0x6f44d718, L:/192.168.1.60:63605 - R:hub-cloud.browserstack.com/207.254.8.9:443] for POST '/wd/hub/session/da647b3d1e66fd1dd37a67a376ea43f20167d90e/timeouts'
01:54:39.129 [AsyncHttpClient-1-3] DEBUG org.asynchttpclient.netty.handler.HttpHandler -- 

Request DefaultHttpRequest(decodeResult: success, version: HTTP/1.1)
POST /wd/hub/session/da647b3d1e66fd1dd37a67a376ea43f20167d90e/timeouts HTTP/1.1
User-Agent: appium/8.3.0 (selenium/4.8.0 (java mac))
Content-Length: 23
Content-Type: application/json; charset=utf-8
host: hub-cloud.browserstack.com
authorization: Basic Y2VzYXJzdGV2ZW5yaW9zdV9aNWtmdDg6WDJ2Z1hoM0xGdG85c0R4VVJid1A=
accept: */*

Response DefaultHttpResponse(decodeResult: success, version: HTTP/1.1)
HTTP/1.1 200 OK
Server: nginx
Date: Mon, 05 Jun 2023 06:54:39 GMT
Content-Type: application/json; charset=utf-8
Content-Length: 14
Connection: keep-alive
Source-From: 02
x-powered-by: Express
vary: X-HTTP-Method-Override
etag: W/"e-9/1BuKMgFObM1mWJm+YjxtXJnUM"

01:54:39.129 [AsyncHttpClient-1-3] DEBUG org.asynchttpclient.netty.channel.ChannelManager -- Adding key: https://hub-cloud.browserstack.com:443 for channel [id: 0x6f44d718, L:/192.168.1.60:63605 - R:hub-cloud.browserstack.com/207.254.8.9:443]
01:54:39.186 [Forwarding setTimeout on session da647b3d1e66fd1dd37a67a376ea43f20167d90e to remote] DEBUG org.asynchttpclient.netty.request.NettyRequestSender -- Using pooled Channel '[id: 0x6f44d718, L:/192.168.1.60:63605 - R:hub-cloud.browserstack.com/207.254.8.9:443]' for 'POST' to 'https://cesarstevenriosu_Z5kft8:X2vgXh3LFto9sDxURbwP@hub-cloud.browserstack.com/wd/hub/session/da647b3d1e66fd1dd37a67a376ea43f20167d90e/timeouts'
01:54:39.186 [Forwarding setTimeout on session da647b3d1e66fd1dd37a67a376ea43f20167d90e to remote] DEBUG org.asynchttpclient.netty.request.NettyRequestSender -- Using open Channel [id: 0x6f44d718, L:/192.168.1.60:63605 - R:hub-cloud.browserstack.com/207.254.8.9:443] for POST '/wd/hub/session/da647b3d1e66fd1dd37a67a376ea43f20167d90e/timeouts'
01:54:39.273 [AsyncHttpClient-1-3] DEBUG org.asynchttpclient.netty.handler.HttpHandler -- 

Request DefaultHttpRequest(decodeResult: success, version: HTTP/1.1)
POST /wd/hub/session/da647b3d1e66fd1dd37a67a376ea43f20167d90e/timeouts HTTP/1.1
User-Agent: appium/8.3.0 (selenium/4.8.0 (java mac))
Content-Length: 19
Content-Type: application/json; charset=utf-8
host: hub-cloud.browserstack.com
authorization: Basic Y2VzYXJzdGV2ZW5yaW9zdV9aNWtmdDg6WDJ2Z1hoM0xGdG85c0R4VVJid1A=
accept: */*

Response DefaultHttpResponse(decodeResult: success, version: HTTP/1.1)
HTTP/1.1 200 OK
Server: nginx
Date: Mon, 05 Jun 2023 06:54:39 GMT
Content-Type: application/json; charset=utf-8
Content-Length: 14
Connection: keep-alive
Source-From: 02
x-powered-by: Express
vary: X-HTTP-Method-Override
etag: W/"e-9/1BuKMgFObM1mWJm+YjxtXJnUM"

01:54:39.273 [AsyncHttpClient-1-3] DEBUG org.asynchttpclient.netty.channel.ChannelManager -- Adding key: https://hub-cloud.browserstack.com:443 for channel [id: 0x6f44d718, L:/192.168.1.60:63605 - R:hub-cloud.browserstack.com/207.254.8.9:443]
01:54:39.275 [Forwarding findElement on session da647b3d1e66fd1dd37a67a376ea43f20167d90e to remote] DEBUG org.asynchttpclient.netty.request.NettyRequestSender -- Using pooled Channel '[id: 0x6f44d718, L:/192.168.1.60:63605 - R:hub-cloud.browserstack.com/207.254.8.9:443]' for 'POST' to 'https://cesarstevenriosu_Z5kft8:X2vgXh3LFto9sDxURbwP@hub-cloud.browserstack.com/wd/hub/session/da647b3d1e66fd1dd37a67a376ea43f20167d90e/element'
01:54:39.275 [Forwarding findElement on session da647b3d1e66fd1dd37a67a376ea43f20167d90e to remote] DEBUG org.asynchttpclient.netty.request.NettyRequestSender -- Using open Channel [id: 0x6f44d718, L:/192.168.1.60:63605 - R:hub-cloud.browserstack.com/207.254.8.9:443] for POST '/wd/hub/session/da647b3d1e66fd1dd37a67a376ea43f20167d90e/element'
01:54:39.720 [AsyncHttpClient-1-3] DEBUG org.asynchttpclient.netty.handler.HttpHandler -- 

Request DefaultHttpRequest(decodeResult: success, version: HTTP/1.1)
POST /wd/hub/session/da647b3d1e66fd1dd37a67a376ea43f20167d90e/element HTTP/1.1
User-Agent: appium/8.3.0 (selenium/4.8.0 (java mac))
Content-Length: 131
Content-Type: application/json; charset=utf-8
host: hub-cloud.browserstack.com
authorization: Basic Y2VzYXJzdGV2ZW5yaW9zdV9aNWtmdDg6WDJ2Z1hoM0xGdG85c0R4VVJid1A=
accept: */*

Response DefaultHttpResponse(decodeResult: success, version: HTTP/1.1)
HTTP/1.1 404 Not Found
Server: nginx
Date: Mon, 05 Jun 2023 06:54:39 GMT
Content-Type: application/json; charset=utf-8
Transfer-Encoding: chunked
Connection: keep-alive
Source-From: 02

01:54:39.720 [AsyncHttpClient-1-3] DEBUG org.asynchttpclient.netty.channel.ChannelManager -- Adding key: https://hub-cloud.browserstack.com:443 for channel [id: 0x6f44d718, L:/192.168.1.60:63605 - R:hub-cloud.browserstack.com/207.254.8.9:443]
01:54:39.724 [Forwarding setTimeout on session da647b3d1e66fd1dd37a67a376ea43f20167d90e to remote] DEBUG org.asynchttpclient.netty.request.NettyRequestSender -- Using pooled Channel '[id: 0x6f44d718, L:/192.168.1.60:63605 - R:hub-cloud.browserstack.com/207.254.8.9:443]' for 'POST' to 'https://cesarstevenriosu_Z5kft8:X2vgXh3LFto9sDxURbwP@hub-cloud.browserstack.com/wd/hub/session/da647b3d1e66fd1dd37a67a376ea43f20167d90e/timeouts'
01:54:39.724 [Forwarding setTimeout on session da647b3d1e66fd1dd37a67a376ea43f20167d90e to remote] DEBUG org.asynchttpclient.netty.request.NettyRequestSender -- Using open Channel [id: 0x6f44d718, L:/192.168.1.60:63605 - R:hub-cloud.browserstack.com/207.254.8.9:443] for POST '/wd/hub/session/da647b3d1e66fd1dd37a67a376ea43f20167d90e/timeouts'
01:54:39.903 [AsyncHttpClient-1-3] DEBUG org.asynchttpclient.netty.handler.HttpHandler -- 

Request DefaultHttpRequest(decodeResult: success, version: HTTP/1.1)
POST /wd/hub/session/da647b3d1e66fd1dd37a67a376ea43f20167d90e/timeouts HTTP/1.1
User-Agent: appium/8.3.0 (selenium/4.8.0 (java mac))
Content-Length: 23
Content-Type: application/json; charset=utf-8
host: hub-cloud.browserstack.com
authorization: Basic Y2VzYXJzdGV2ZW5yaW9zdV9aNWtmdDg6WDJ2Z1hoM0xGdG85c0R4VVJid1A=
accept: */*

Response DefaultHttpResponse(decodeResult: success, version: HTTP/1.1)
HTTP/1.1 200 OK
Server: nginx
Date: Mon, 05 Jun 2023 06:54:40 GMT
Content-Type: application/json; charset=utf-8
Content-Length: 14
Connection: keep-alive
Source-From: 02
x-powered-by: Express
vary: X-HTTP-Method-Override
etag: W/"e-9/1BuKMgFObM1mWJm+YjxtXJnUM"

01:54:39.903 [AsyncHttpClient-1-3] DEBUG org.asynchttpclient.netty.channel.ChannelManager -- Adding key: https://hub-cloud.browserstack.com:443 for channel [id: 0x6f44d718, L:/192.168.1.60:63605 - R:hub-cloud.browserstack.com/207.254.8.9:443]
01:54:39.965 [Forwarding setTimeout on session da647b3d1e66fd1dd37a67a376ea43f20167d90e to remote] DEBUG org.asynchttpclient.netty.request.NettyRequestSender -- Using pooled Channel '[id: 0x6f44d718, L:/192.168.1.60:63605 - R:hub-cloud.browserstack.com/207.254.8.9:443]' for 'POST' to 'https://cesarstevenriosu_Z5kft8:X2vgXh3LFto9sDxURbwP@hub-cloud.browserstack.com/wd/hub/session/da647b3d1e66fd1dd37a67a376ea43f20167d90e/timeouts'
01:54:39.965 [Forwarding setTimeout on session da647b3d1e66fd1dd37a67a376ea43f20167d90e to remote] DEBUG org.asynchttpclient.netty.request.NettyRequestSender -- Using open Channel [id: 0x6f44d718, L:/192.168.1.60:63605 - R:hub-cloud.browserstack.com/207.254.8.9:443] for POST '/wd/hub/session/da647b3d1e66fd1dd37a67a376ea43f20167d90e/timeouts'
01:54:40.057 [AsyncHttpClient-1-3] DEBUG org.asynchttpclient.netty.handler.HttpHandler -- 

Request DefaultHttpRequest(decodeResult: success, version: HTTP/1.1)
POST /wd/hub/session/da647b3d1e66fd1dd37a67a376ea43f20167d90e/timeouts HTTP/1.1
User-Agent: appium/8.3.0 (selenium/4.8.0 (java mac))
Content-Length: 19
Content-Type: application/json; charset=utf-8
host: hub-cloud.browserstack.com
authorization: Basic Y2VzYXJzdGV2ZW5yaW9zdV9aNWtmdDg6WDJ2Z1hoM0xGdG85c0R4VVJid1A=
accept: */*

Response DefaultHttpResponse(decodeResult: success, version: HTTP/1.1)
HTTP/1.1 200 OK
Server: nginx
Date: Mon, 05 Jun 2023 06:54:40 GMT
Content-Type: application/json; charset=utf-8
Content-Length: 14
Connection: keep-alive
Source-From: 02
x-powered-by: Express
vary: X-HTTP-Method-Override
etag: W/"e-9/1BuKMgFObM1mWJm+YjxtXJnUM"

01:54:40.057 [AsyncHttpClient-1-3] DEBUG org.asynchttpclient.netty.channel.ChannelManager -- Adding key: https://hub-cloud.browserstack.com:443 for channel [id: 0x6f44d718, L:/192.168.1.60:63605 - R:hub-cloud.browserstack.com/207.254.8.9:443]
01:54:40.059 [Forwarding findElement on session da647b3d1e66fd1dd37a67a376ea43f20167d90e to remote] DEBUG org.asynchttpclient.netty.request.NettyRequestSender -- Using pooled Channel '[id: 0x6f44d718, L:/192.168.1.60:63605 - R:hub-cloud.browserstack.com/207.254.8.9:443]' for 'POST' to 'https://cesarstevenriosu_Z5kft8:X2vgXh3LFto9sDxURbwP@hub-cloud.browserstack.com/wd/hub/session/da647b3d1e66fd1dd37a67a376ea43f20167d90e/element'
01:54:40.059 [Forwarding findElement on session da647b3d1e66fd1dd37a67a376ea43f20167d90e to remote] DEBUG org.asynchttpclient.netty.request.NettyRequestSender -- Using open Channel [id: 0x6f44d718, L:/192.168.1.60:63605 - R:hub-cloud.browserstack.com/207.254.8.9:443] for POST '/wd/hub/session/da647b3d1e66fd1dd37a67a376ea43f20167d90e/element'
01:54:40.337 [AsyncHttpClient-1-3] DEBUG org.asynchttpclient.netty.handler.HttpHandler -- 

Request DefaultHttpRequest(decodeResult: success, version: HTTP/1.1)
POST /wd/hub/session/da647b3d1e66fd1dd37a67a376ea43f20167d90e/element HTTP/1.1
User-Agent: appium/8.3.0 (selenium/4.8.0 (java mac))
Content-Length: 131
Content-Type: application/json; charset=utf-8
host: hub-cloud.browserstack.com
authorization: Basic Y2VzYXJzdGV2ZW5yaW9zdV9aNWtmdDg6WDJ2Z1hoM0xGdG85c0R4VVJid1A=
accept: */*

Response DefaultHttpResponse(decodeResult: success, version: HTTP/1.1)
HTTP/1.1 404 Not Found
Server: nginx
Date: Mon, 05 Jun 2023 06:54:40 GMT
Content-Type: application/json; charset=utf-8
Transfer-Encoding: chunked
Connection: keep-alive
Source-From: 02

01:54:40.338 [AsyncHttpClient-1-3] DEBUG org.asynchttpclient.netty.channel.ChannelManager -- Adding key: https://hub-cloud.browserstack.com:443 for channel [id: 0x6f44d718, L:/192.168.1.60:63605 - R:hub-cloud.browserstack.com/207.254.8.9:443]
01:54:40.342 [Forwarding setTimeout on session da647b3d1e66fd1dd37a67a376ea43f20167d90e to remote] DEBUG org.asynchttpclient.netty.request.NettyRequestSender -- Using pooled Channel '[id: 0x6f44d718, L:/192.168.1.60:63605 - R:hub-cloud.browserstack.com/207.254.8.9:443]' for 'POST' to 'https://cesarstevenriosu_Z5kft8:X2vgXh3LFto9sDxURbwP@hub-cloud.browserstack.com/wd/hub/session/da647b3d1e66fd1dd37a67a376ea43f20167d90e/timeouts'
01:54:40.342 [Forwarding setTimeout on session da647b3d1e66fd1dd37a67a376ea43f20167d90e to remote] DEBUG org.asynchttpclient.netty.request.NettyRequestSender -- Using open Channel [id: 0x6f44d718, L:/192.168.1.60:63605 - R:hub-cloud.browserstack.com/207.254.8.9:443] for POST '/wd/hub/session/da647b3d1e66fd1dd37a67a376ea43f20167d90e/timeouts'
01:54:40.440 [AsyncHttpClient-1-3] DEBUG org.asynchttpclient.netty.handler.HttpHandler -- 

Request DefaultHttpRequest(decodeResult: success, version: HTTP/1.1)
POST /wd/hub/session/da647b3d1e66fd1dd37a67a376ea43f20167d90e/timeouts HTTP/1.1
User-Agent: appium/8.3.0 (selenium/4.8.0 (java mac))
Content-Length: 23
Content-Type: application/json; charset=utf-8
host: hub-cloud.browserstack.com
authorization: Basic Y2VzYXJzdGV2ZW5yaW9zdV9aNWtmdDg6WDJ2Z1hoM0xGdG85c0R4VVJid1A=
accept: */*

Response DefaultHttpResponse(decodeResult: success, version: HTTP/1.1)
HTTP/1.1 200 OK
Server: nginx
Date: Mon, 05 Jun 2023 06:54:40 GMT
Content-Type: application/json; charset=utf-8
Content-Length: 14
Connection: keep-alive
Source-From: 02
x-powered-by: Express
vary: X-HTTP-Method-Override
etag: W/"e-9/1BuKMgFObM1mWJm+YjxtXJnUM"

01:54:40.440 [AsyncHttpClient-1-3] DEBUG org.asynchttpclient.netty.channel.ChannelManager -- Adding key: https://hub-cloud.browserstack.com:443 for channel [id: 0x6f44d718, L:/192.168.1.60:63605 - R:hub-cloud.browserstack.com/207.254.8.9:443]
01:54:40.497 [Forwarding setTimeout on session da647b3d1e66fd1dd37a67a376ea43f20167d90e to remote] DEBUG org.asynchttpclient.netty.request.NettyRequestSender -- Using pooled Channel '[id: 0x6f44d718, L:/192.168.1.60:63605 - R:hub-cloud.browserstack.com/207.254.8.9:443]' for 'POST' to 'https://cesarstevenriosu_Z5kft8:X2vgXh3LFto9sDxURbwP@hub-cloud.browserstack.com/wd/hub/session/da647b3d1e66fd1dd37a67a376ea43f20167d90e/timeouts'
01:54:40.497 [Forwarding setTimeout on session da647b3d1e66fd1dd37a67a376ea43f20167d90e to remote] DEBUG org.asynchttpclient.netty.request.NettyRequestSender -- Using open Channel [id: 0x6f44d718, L:/192.168.1.60:63605 - R:hub-cloud.browserstack.com/207.254.8.9:443] for POST '/wd/hub/session/da647b3d1e66fd1dd37a67a376ea43f20167d90e/timeouts'
01:54:40.657 [AsyncHttpClient-1-3] DEBUG org.asynchttpclient.netty.handler.HttpHandler -- 

Request DefaultHttpRequest(decodeResult: success, version: HTTP/1.1)
POST /wd/hub/session/da647b3d1e66fd1dd37a67a376ea43f20167d90e/timeouts HTTP/1.1
User-Agent: appium/8.3.0 (selenium/4.8.0 (java mac))
Content-Length: 19
Content-Type: application/json; charset=utf-8
host: hub-cloud.browserstack.com
authorization: Basic Y2VzYXJzdGV2ZW5yaW9zdV9aNWtmdDg6WDJ2Z1hoM0xGdG85c0R4VVJid1A=
accept: */*

Response DefaultHttpResponse(decodeResult: success, version: HTTP/1.1)
HTTP/1.1 200 OK
Server: nginx
Date: Mon, 05 Jun 2023 06:54:40 GMT
Content-Type: application/json; charset=utf-8
Content-Length: 14
Connection: keep-alive
Source-From: 02
x-powered-by: Express
vary: X-HTTP-Method-Override
etag: W/"e-9/1BuKMgFObM1mWJm+YjxtXJnUM"

01:54:40.657 [AsyncHttpClient-1-3] DEBUG org.asynchttpclient.netty.channel.ChannelManager -- Adding key: https://hub-cloud.browserstack.com:443 for channel [id: 0x6f44d718, L:/192.168.1.60:63605 - R:hub-cloud.browserstack.com/207.254.8.9:443]
01:54:40.661 [Forwarding findElement on session da647b3d1e66fd1dd37a67a376ea43f20167d90e to remote] DEBUG org.asynchttpclient.netty.request.NettyRequestSender -- Using pooled Channel '[id: 0x6f44d718, L:/192.168.1.60:63605 - R:hub-cloud.browserstack.com/207.254.8.9:443]' for 'POST' to 'https://cesarstevenriosu_Z5kft8:X2vgXh3LFto9sDxURbwP@hub-cloud.browserstack.com/wd/hub/session/da647b3d1e66fd1dd37a67a376ea43f20167d90e/element'
01:54:40.661 [Forwarding findElement on session da647b3d1e66fd1dd37a67a376ea43f20167d90e to remote] DEBUG org.asynchttpclient.netty.request.NettyRequestSender -- Using open Channel [id: 0x6f44d718, L:/192.168.1.60:63605 - R:hub-cloud.browserstack.com/207.254.8.9:443] for POST '/wd/hub/session/da647b3d1e66fd1dd37a67a376ea43f20167d90e/element'
01:54:40.926 [AsyncHttpClient-1-3] DEBUG org.asynchttpclient.netty.handler.HttpHandler -- 

Request DefaultHttpRequest(decodeResult: success, version: HTTP/1.1)
POST /wd/hub/session/da647b3d1e66fd1dd37a67a376ea43f20167d90e/element HTTP/1.1
User-Agent: appium/8.3.0 (selenium/4.8.0 (java mac))
Content-Length: 131
Content-Type: application/json; charset=utf-8
host: hub-cloud.browserstack.com
authorization: Basic Y2VzYXJzdGV2ZW5yaW9zdV9aNWtmdDg6WDJ2Z1hoM0xGdG85c0R4VVJid1A=
accept: */*

Response DefaultHttpResponse(decodeResult: success, version: HTTP/1.1)
HTTP/1.1 404 Not Found
Server: nginx
Date: Mon, 05 Jun 2023 06:54:41 GMT
Content-Type: application/json; charset=utf-8
Transfer-Encoding: chunked
Connection: keep-alive
Source-From: 02

01:54:40.927 [AsyncHttpClient-1-3] DEBUG org.asynchttpclient.netty.channel.ChannelManager -- Adding key: https://hub-cloud.browserstack.com:443 for channel [id: 0x6f44d718, L:/192.168.1.60:63605 - R:hub-cloud.browserstack.com/207.254.8.9:443]
01:54:40.931 [Forwarding setTimeout on session da647b3d1e66fd1dd37a67a376ea43f20167d90e to remote] DEBUG org.asynchttpclient.netty.request.NettyRequestSender -- Using pooled Channel '[id: 0x6f44d718, L:/192.168.1.60:63605 - R:hub-cloud.browserstack.com/207.254.8.9:443]' for 'POST' to 'https://cesarstevenriosu_Z5kft8:X2vgXh3LFto9sDxURbwP@hub-cloud.browserstack.com/wd/hub/session/da647b3d1e66fd1dd37a67a376ea43f20167d90e/timeouts'
01:54:40.931 [Forwarding setTimeout on session da647b3d1e66fd1dd37a67a376ea43f20167d90e to remote] DEBUG org.asynchttpclient.netty.request.NettyRequestSender -- Using open Channel [id: 0x6f44d718, L:/192.168.1.60:63605 - R:hub-cloud.browserstack.com/207.254.8.9:443] for POST '/wd/hub/session/da647b3d1e66fd1dd37a67a376ea43f20167d90e/timeouts'
01:54:41.025 [AsyncHttpClient-1-3] DEBUG org.asynchttpclient.netty.handler.HttpHandler -- 

Request DefaultHttpRequest(decodeResult: success, version: HTTP/1.1)
POST /wd/hub/session/da647b3d1e66fd1dd37a67a376ea43f20167d90e/timeouts HTTP/1.1
User-Agent: appium/8.3.0 (selenium/4.8.0 (java mac))
Content-Length: 23
Content-Type: application/json; charset=utf-8
host: hub-cloud.browserstack.com
authorization: Basic Y2VzYXJzdGV2ZW5yaW9zdV9aNWtmdDg6WDJ2Z1hoM0xGdG85c0R4VVJid1A=
accept: */*

Response DefaultHttpResponse(decodeResult: success, version: HTTP/1.1)
HTTP/1.1 200 OK
Server: nginx
Date: Mon, 05 Jun 2023 06:54:41 GMT
Content-Type: application/json; charset=utf-8
Content-Length: 14
Connection: keep-alive
Source-From: 02
x-powered-by: Express
vary: X-HTTP-Method-Override
etag: W/"e-9/1BuKMgFObM1mWJm+YjxtXJnUM"

01:54:41.026 [AsyncHttpClient-1-3] DEBUG org.asynchttpclient.netty.channel.ChannelManager -- Adding key: https://hub-cloud.browserstack.com:443 for channel [id: 0x6f44d718, L:/192.168.1.60:63605 - R:hub-cloud.browserstack.com/207.254.8.9:443]
01:54:41.083 [Forwarding setTimeout on session da647b3d1e66fd1dd37a67a376ea43f20167d90e to remote] DEBUG org.asynchttpclient.netty.request.NettyRequestSender -- Using pooled Channel '[id: 0x6f44d718, L:/192.168.1.60:63605 - R:hub-cloud.browserstack.com/207.254.8.9:443]' for 'POST' to 'https://cesarstevenriosu_Z5kft8:X2vgXh3LFto9sDxURbwP@hub-cloud.browserstack.com/wd/hub/session/da647b3d1e66fd1dd37a67a376ea43f20167d90e/timeouts'
01:54:41.083 [Forwarding setTimeout on session da647b3d1e66fd1dd37a67a376ea43f20167d90e to remote] DEBUG org.asynchttpclient.netty.request.NettyRequestSender -- Using open Channel [id: 0x6f44d718, L:/192.168.1.60:63605 - R:hub-cloud.browserstack.com/207.254.8.9:443] for POST '/wd/hub/session/da647b3d1e66fd1dd37a67a376ea43f20167d90e/timeouts'
01:54:41.181 [AsyncHttpClient-1-3] DEBUG org.asynchttpclient.netty.handler.HttpHandler -- 

Request DefaultHttpRequest(decodeResult: success, version: HTTP/1.1)
POST /wd/hub/session/da647b3d1e66fd1dd37a67a376ea43f20167d90e/timeouts HTTP/1.1
User-Agent: appium/8.3.0 (selenium/4.8.0 (java mac))
Content-Length: 19
Content-Type: application/json; charset=utf-8
host: hub-cloud.browserstack.com
authorization: Basic Y2VzYXJzdGV2ZW5yaW9zdV9aNWtmdDg6WDJ2Z1hoM0xGdG85c0R4VVJid1A=
accept: */*

Response DefaultHttpResponse(decodeResult: success, version: HTTP/1.1)
HTTP/1.1 200 OK
Server: nginx
Date: Mon, 05 Jun 2023 06:54:41 GMT
Content-Type: application/json; charset=utf-8
Content-Length: 14
Connection: keep-alive
Source-From: 02
x-powered-by: Express
vary: X-HTTP-Method-Override
etag: W/"e-9/1BuKMgFObM1mWJm+YjxtXJnUM"

01:54:41.181 [AsyncHttpClient-1-3] DEBUG org.asynchttpclient.netty.channel.ChannelManager -- Adding key: https://hub-cloud.browserstack.com:443 for channel [id: 0x6f44d718, L:/192.168.1.60:63605 - R:hub-cloud.browserstack.com/207.254.8.9:443]
01:54:41.183 [Forwarding findElement on session da647b3d1e66fd1dd37a67a376ea43f20167d90e to remote] DEBUG org.asynchttpclient.netty.request.NettyRequestSender -- Using pooled Channel '[id: 0x6f44d718, L:/192.168.1.60:63605 - R:hub-cloud.browserstack.com/207.254.8.9:443]' for 'POST' to 'https://cesarstevenriosu_Z5kft8:X2vgXh3LFto9sDxURbwP@hub-cloud.browserstack.com/wd/hub/session/da647b3d1e66fd1dd37a67a376ea43f20167d90e/element'
01:54:41.183 [Forwarding findElement on session da647b3d1e66fd1dd37a67a376ea43f20167d90e to remote] DEBUG org.asynchttpclient.netty.request.NettyRequestSender -- Using open Channel [id: 0x6f44d718, L:/192.168.1.60:63605 - R:hub-cloud.browserstack.com/207.254.8.9:443] for POST '/wd/hub/session/da647b3d1e66fd1dd37a67a376ea43f20167d90e/element'
01:54:41.416 [AsyncHttpClient-1-3] DEBUG org.asynchttpclient.netty.handler.HttpHandler -- 

Request DefaultHttpRequest(decodeResult: success, version: HTTP/1.1)
POST /wd/hub/session/da647b3d1e66fd1dd37a67a376ea43f20167d90e/element HTTP/1.1
User-Agent: appium/8.3.0 (selenium/4.8.0 (java mac))
Content-Length: 131
Content-Type: application/json; charset=utf-8
host: hub-cloud.browserstack.com
authorization: Basic Y2VzYXJzdGV2ZW5yaW9zdV9aNWtmdDg6WDJ2Z1hoM0xGdG85c0R4VVJid1A=
accept: */*

Response DefaultHttpResponse(decodeResult: success, version: HTTP/1.1)
HTTP/1.1 404 Not Found
Server: nginx
Date: Mon, 05 Jun 2023 06:54:41 GMT
Content-Type: application/json; charset=utf-8
Transfer-Encoding: chunked
Connection: keep-alive
Source-From: 02

01:54:41.417 [AsyncHttpClient-1-3] DEBUG org.asynchttpclient.netty.channel.ChannelManager -- Adding key: https://hub-cloud.browserstack.com:443 for channel [id: 0x6f44d718, L:/192.168.1.60:63605 - R:hub-cloud.browserstack.com/207.254.8.9:443]
01:54:41.421 [Forwarding setTimeout on session da647b3d1e66fd1dd37a67a376ea43f20167d90e to remote] DEBUG org.asynchttpclient.netty.request.NettyRequestSender -- Using pooled Channel '[id: 0x6f44d718, L:/192.168.1.60:63605 - R:hub-cloud.browserstack.com/207.254.8.9:443]' for 'POST' to 'https://cesarstevenriosu_Z5kft8:X2vgXh3LFto9sDxURbwP@hub-cloud.browserstack.com/wd/hub/session/da647b3d1e66fd1dd37a67a376ea43f20167d90e/timeouts'
01:54:41.421 [Forwarding setTimeout on session da647b3d1e66fd1dd37a67a376ea43f20167d90e to remote] DEBUG org.asynchttpclient.netty.request.NettyRequestSender -- Using open Channel [id: 0x6f44d718, L:/192.168.1.60:63605 - R:hub-cloud.browserstack.com/207.254.8.9:443] for POST '/wd/hub/session/da647b3d1e66fd1dd37a67a376ea43f20167d90e/timeouts'
01:54:41.512 [AsyncHttpClient-1-3] DEBUG org.asynchttpclient.netty.handler.HttpHandler -- 

Request DefaultHttpRequest(decodeResult: success, version: HTTP/1.1)
POST /wd/hub/session/da647b3d1e66fd1dd37a67a376ea43f20167d90e/timeouts HTTP/1.1
User-Agent: appium/8.3.0 (selenium/4.8.0 (java mac))
Content-Length: 23
Content-Type: application/json; charset=utf-8
host: hub-cloud.browserstack.com
authorization: Basic Y2VzYXJzdGV2ZW5yaW9zdV9aNWtmdDg6WDJ2Z1hoM0xGdG85c0R4VVJid1A=
accept: */*

Response DefaultHttpResponse(decodeResult: success, version: HTTP/1.1)
HTTP/1.1 200 OK
Server: nginx
Date: Mon, 05 Jun 2023 06:54:41 GMT
Content-Type: application/json; charset=utf-8
Content-Length: 14
Connection: keep-alive
Source-From: 02
x-powered-by: Express
vary: X-HTTP-Method-Override
etag: W/"e-9/1BuKMgFObM1mWJm+YjxtXJnUM"

01:54:41.512 [AsyncHttpClient-1-3] DEBUG org.asynchttpclient.netty.channel.ChannelManager -- Adding key: https://hub-cloud.browserstack.com:443 for channel [id: 0x6f44d718, L:/192.168.1.60:63605 - R:hub-cloud.browserstack.com/207.254.8.9:443]
01:54:41.569 [Forwarding setTimeout on session da647b3d1e66fd1dd37a67a376ea43f20167d90e to remote] DEBUG org.asynchttpclient.netty.request.NettyRequestSender -- Using pooled Channel '[id: 0x6f44d718, L:/192.168.1.60:63605 - R:hub-cloud.browserstack.com/207.254.8.9:443]' for 'POST' to 'https://cesarstevenriosu_Z5kft8:X2vgXh3LFto9sDxURbwP@hub-cloud.browserstack.com/wd/hub/session/da647b3d1e66fd1dd37a67a376ea43f20167d90e/timeouts'
01:54:41.569 [Forwarding setTimeout on session da647b3d1e66fd1dd37a67a376ea43f20167d90e to remote] DEBUG org.asynchttpclient.netty.request.NettyRequestSender -- Using open Channel [id: 0x6f44d718, L:/192.168.1.60:63605 - R:hub-cloud.browserstack.com/207.254.8.9:443] for POST '/wd/hub/session/da647b3d1e66fd1dd37a67a376ea43f20167d90e/timeouts'
01:54:41.699 [AsyncHttpClient-1-3] DEBUG org.asynchttpclient.netty.handler.HttpHandler -- 

Request DefaultHttpRequest(decodeResult: success, version: HTTP/1.1)
POST /wd/hub/session/da647b3d1e66fd1dd37a67a376ea43f20167d90e/timeouts HTTP/1.1
User-Agent: appium/8.3.0 (selenium/4.8.0 (java mac))
Content-Length: 19
Content-Type: application/json; charset=utf-8
host: hub-cloud.browserstack.com
authorization: Basic Y2VzYXJzdGV2ZW5yaW9zdV9aNWtmdDg6WDJ2Z1hoM0xGdG85c0R4VVJid1A=
accept: */*

Response DefaultHttpResponse(decodeResult: success, version: HTTP/1.1)
HTTP/1.1 200 OK
Server: nginx
Date: Mon, 05 Jun 2023 06:54:41 GMT
Content-Type: application/json; charset=utf-8
Content-Length: 14
Connection: keep-alive
Source-From: 02
x-powered-by: Express
vary: X-HTTP-Method-Override
etag: W/"e-9/1BuKMgFObM1mWJm+YjxtXJnUM"

01:54:41.699 [AsyncHttpClient-1-3] DEBUG org.asynchttpclient.netty.channel.ChannelManager -- Adding key: https://hub-cloud.browserstack.com:443 for channel [id: 0x6f44d718, L:/192.168.1.60:63605 - R:hub-cloud.browserstack.com/207.254.8.9:443]
01:54:41.701 [Forwarding findElement on session da647b3d1e66fd1dd37a67a376ea43f20167d90e to remote] DEBUG org.asynchttpclient.netty.request.NettyRequestSender -- Using pooled Channel '[id: 0x6f44d718, L:/192.168.1.60:63605 - R:hub-cloud.browserstack.com/207.254.8.9:443]' for 'POST' to 'https://cesarstevenriosu_Z5kft8:X2vgXh3LFto9sDxURbwP@hub-cloud.browserstack.com/wd/hub/session/da647b3d1e66fd1dd37a67a376ea43f20167d90e/element'
01:54:41.701 [Forwarding findElement on session da647b3d1e66fd1dd37a67a376ea43f20167d90e to remote] DEBUG org.asynchttpclient.netty.request.NettyRequestSender -- Using open Channel [id: 0x6f44d718, L:/192.168.1.60:63605 - R:hub-cloud.browserstack.com/207.254.8.9:443] for POST '/wd/hub/session/da647b3d1e66fd1dd37a67a376ea43f20167d90e/element'
01:54:41.992 [AsyncHttpClient-1-3] DEBUG org.asynchttpclient.netty.handler.HttpHandler -- 

Request DefaultHttpRequest(decodeResult: success, version: HTTP/1.1)
POST /wd/hub/session/da647b3d1e66fd1dd37a67a376ea43f20167d90e/element HTTP/1.1
User-Agent: appium/8.3.0 (selenium/4.8.0 (java mac))
Content-Length: 131
Content-Type: application/json; charset=utf-8
host: hub-cloud.browserstack.com
authorization: Basic Y2VzYXJzdGV2ZW5yaW9zdV9aNWtmdDg6WDJ2Z1hoM0xGdG85c0R4VVJid1A=
accept: */*

Response DefaultHttpResponse(decodeResult: success, version: HTTP/1.1)
HTTP/1.1 404 Not Found
Server: nginx
Date: Mon, 05 Jun 2023 06:54:42 GMT
Content-Type: application/json; charset=utf-8
Transfer-Encoding: chunked
Connection: keep-alive
Source-From: 02

01:54:41.993 [AsyncHttpClient-1-3] DEBUG org.asynchttpclient.netty.channel.ChannelManager -- Adding key: https://hub-cloud.browserstack.com:443 for channel [id: 0x6f44d718, L:/192.168.1.60:63605 - R:hub-cloud.browserstack.com/207.254.8.9:443]
01:54:41.997 [Forwarding setTimeout on session da647b3d1e66fd1dd37a67a376ea43f20167d90e to remote] DEBUG org.asynchttpclient.netty.request.NettyRequestSender -- Using pooled Channel '[id: 0x6f44d718, L:/192.168.1.60:63605 - R:hub-cloud.browserstack.com/207.254.8.9:443]' for 'POST' to 'https://cesarstevenriosu_Z5kft8:X2vgXh3LFto9sDxURbwP@hub-cloud.browserstack.com/wd/hub/session/da647b3d1e66fd1dd37a67a376ea43f20167d90e/timeouts'
01:54:41.997 [Forwarding setTimeout on session da647b3d1e66fd1dd37a67a376ea43f20167d90e to remote] DEBUG org.asynchttpclient.netty.request.NettyRequestSender -- Using open Channel [id: 0x6f44d718, L:/192.168.1.60:63605 - R:hub-cloud.browserstack.com/207.254.8.9:443] for POST '/wd/hub/session/da647b3d1e66fd1dd37a67a376ea43f20167d90e/timeouts'
01:54:42.095 [AsyncHttpClient-1-3] DEBUG org.asynchttpclient.netty.handler.HttpHandler -- 

Request DefaultHttpRequest(decodeResult: success, version: HTTP/1.1)
POST /wd/hub/session/da647b3d1e66fd1dd37a67a376ea43f20167d90e/timeouts HTTP/1.1
User-Agent: appium/8.3.0 (selenium/4.8.0 (java mac))
Content-Length: 23
Content-Type: application/json; charset=utf-8
host: hub-cloud.browserstack.com
authorization: Basic Y2VzYXJzdGV2ZW5yaW9zdV9aNWtmdDg6WDJ2Z1hoM0xGdG85c0R4VVJid1A=
accept: */*

Response DefaultHttpResponse(decodeResult: success, version: HTTP/1.1)
HTTP/1.1 200 OK
Server: nginx
Date: Mon, 05 Jun 2023 06:54:42 GMT
Content-Type: application/json; charset=utf-8
Content-Length: 14
Connection: keep-alive
Source-From: 02
x-powered-by: Express
vary: X-HTTP-Method-Override
etag: W/"e-9/1BuKMgFObM1mWJm+YjxtXJnUM"

01:54:42.095 [AsyncHttpClient-1-3] DEBUG org.asynchttpclient.netty.channel.ChannelManager -- Adding key: https://hub-cloud.browserstack.com:443 for channel [id: 0x6f44d718, L:/192.168.1.60:63605 - R:hub-cloud.browserstack.com/207.254.8.9:443]
01:54:42.154 [Forwarding setTimeout on session da647b3d1e66fd1dd37a67a376ea43f20167d90e to remote] DEBUG org.asynchttpclient.netty.request.NettyRequestSender -- Using pooled Channel '[id: 0x6f44d718, L:/192.168.1.60:63605 - R:hub-cloud.browserstack.com/207.254.8.9:443]' for 'POST' to 'https://cesarstevenriosu_Z5kft8:X2vgXh3LFto9sDxURbwP@hub-cloud.browserstack.com/wd/hub/session/da647b3d1e66fd1dd37a67a376ea43f20167d90e/timeouts'
01:54:42.155 [Forwarding setTimeout on session da647b3d1e66fd1dd37a67a376ea43f20167d90e to remote] DEBUG org.asynchttpclient.netty.request.NettyRequestSender -- Using open Channel [id: 0x6f44d718, L:/192.168.1.60:63605 - R:hub-cloud.browserstack.com/207.254.8.9:443] for POST '/wd/hub/session/da647b3d1e66fd1dd37a67a376ea43f20167d90e/timeouts'
01:54:42.234 [AsyncHttpClient-1-3] DEBUG org.asynchttpclient.netty.handler.HttpHandler -- 

Request DefaultHttpRequest(decodeResult: success, version: HTTP/1.1)
POST /wd/hub/session/da647b3d1e66fd1dd37a67a376ea43f20167d90e/timeouts HTTP/1.1
User-Agent: appium/8.3.0 (selenium/4.8.0 (java mac))
Content-Length: 19
Content-Type: application/json; charset=utf-8
host: hub-cloud.browserstack.com
authorization: Basic Y2VzYXJzdGV2ZW5yaW9zdV9aNWtmdDg6WDJ2Z1hoM0xGdG85c0R4VVJid1A=
accept: */*

Response DefaultHttpResponse(decodeResult: success, version: HTTP/1.1)
HTTP/1.1 200 OK
Server: nginx
Date: Mon, 05 Jun 2023 06:54:42 GMT
Content-Type: application/json; charset=utf-8
Content-Length: 14
Connection: keep-alive
Source-From: 02
x-powered-by: Express
vary: X-HTTP-Method-Override
etag: W/"e-9/1BuKMgFObM1mWJm+YjxtXJnUM"

01:54:42.235 [AsyncHttpClient-1-3] DEBUG org.asynchttpclient.netty.channel.ChannelManager -- Adding key: https://hub-cloud.browserstack.com:443 for channel [id: 0x6f44d718, L:/192.168.1.60:63605 - R:hub-cloud.browserstack.com/207.254.8.9:443]
01:54:42.238 [Forwarding findElement on session da647b3d1e66fd1dd37a67a376ea43f20167d90e to remote] DEBUG org.asynchttpclient.netty.request.NettyRequestSender -- Using pooled Channel '[id: 0x6f44d718, L:/192.168.1.60:63605 - R:hub-cloud.browserstack.com/207.254.8.9:443]' for 'POST' to 'https://cesarstevenriosu_Z5kft8:X2vgXh3LFto9sDxURbwP@hub-cloud.browserstack.com/wd/hub/session/da647b3d1e66fd1dd37a67a376ea43f20167d90e/element'
01:54:42.238 [Forwarding findElement on session da647b3d1e66fd1dd37a67a376ea43f20167d90e to remote] DEBUG org.asynchttpclient.netty.request.NettyRequestSender -- Using open Channel [id: 0x6f44d718, L:/192.168.1.60:63605 - R:hub-cloud.browserstack.com/207.254.8.9:443] for POST '/wd/hub/session/da647b3d1e66fd1dd37a67a376ea43f20167d90e/element'
01:54:42.454 [AsyncHttpClient-1-3] DEBUG org.asynchttpclient.netty.handler.HttpHandler -- 

Request DefaultHttpRequest(decodeResult: success, version: HTTP/1.1)
POST /wd/hub/session/da647b3d1e66fd1dd37a67a376ea43f20167d90e/element HTTP/1.1
User-Agent: appium/8.3.0 (selenium/4.8.0 (java mac))
Content-Length: 131
Content-Type: application/json; charset=utf-8
host: hub-cloud.browserstack.com
authorization: Basic Y2VzYXJzdGV2ZW5yaW9zdV9aNWtmdDg6WDJ2Z1hoM0xGdG85c0R4VVJid1A=
accept: */*

Response DefaultHttpResponse(decodeResult: success, version: HTTP/1.1)
HTTP/1.1 404 Not Found
Server: nginx
Date: Mon, 05 Jun 2023 06:54:42 GMT
Content-Type: application/json; charset=utf-8
Transfer-Encoding: chunked
Connection: keep-alive
Source-From: 02

01:54:42.455 [AsyncHttpClient-1-3] DEBUG org.asynchttpclient.netty.channel.ChannelManager -- Adding key: https://hub-cloud.browserstack.com:443 for channel [id: 0x6f44d718, L:/192.168.1.60:63605 - R:hub-cloud.browserstack.com/207.254.8.9:443]
01:54:42.462 [Forwarding setTimeout on session da647b3d1e66fd1dd37a67a376ea43f20167d90e to remote] DEBUG org.asynchttpclient.netty.request.NettyRequestSender -- Using pooled Channel '[id: 0x6f44d718, L:/192.168.1.60:63605 - R:hub-cloud.browserstack.com/207.254.8.9:443]' for 'POST' to 'https://cesarstevenriosu_Z5kft8:X2vgXh3LFto9sDxURbwP@hub-cloud.browserstack.com/wd/hub/session/da647b3d1e66fd1dd37a67a376ea43f20167d90e/timeouts'
01:54:42.462 [Forwarding setTimeout on session da647b3d1e66fd1dd37a67a376ea43f20167d90e to remote] DEBUG org.asynchttpclient.netty.request.NettyRequestSender -- Using open Channel [id: 0x6f44d718, L:/192.168.1.60:63605 - R:hub-cloud.browserstack.com/207.254.8.9:443] for POST '/wd/hub/session/da647b3d1e66fd1dd37a67a376ea43f20167d90e/timeouts'
01:54:42.561 [AsyncHttpClient-1-3] DEBUG org.asynchttpclient.netty.handler.HttpHandler -- 

Request DefaultHttpRequest(decodeResult: success, version: HTTP/1.1)
POST /wd/hub/session/da647b3d1e66fd1dd37a67a376ea43f20167d90e/timeouts HTTP/1.1
User-Agent: appium/8.3.0 (selenium/4.8.0 (java mac))
Content-Length: 23
Content-Type: application/json; charset=utf-8
host: hub-cloud.browserstack.com
authorization: Basic Y2VzYXJzdGV2ZW5yaW9zdV9aNWtmdDg6WDJ2Z1hoM0xGdG85c0R4VVJid1A=
accept: */*

Response DefaultHttpResponse(decodeResult: success, version: HTTP/1.1)
HTTP/1.1 200 OK
Server: nginx
Date: Mon, 05 Jun 2023 06:54:42 GMT
Content-Type: application/json; charset=utf-8
Content-Length: 14
Connection: keep-alive
Source-From: 02
x-powered-by: Express
vary: X-HTTP-Method-Override
etag: W/"e-9/1BuKMgFObM1mWJm+YjxtXJnUM"

01:54:42.562 [AsyncHttpClient-1-3] DEBUG org.asynchttpclient.netty.channel.ChannelManager -- Adding key: https://hub-cloud.browserstack.com:443 for channel [id: 0x6f44d718, L:/192.168.1.60:63605 - R:hub-cloud.browserstack.com/207.254.8.9:443]
01:54:42.615 [Forwarding setTimeout on session da647b3d1e66fd1dd37a67a376ea43f20167d90e to remote] DEBUG org.asynchttpclient.netty.request.NettyRequestSender -- Using pooled Channel '[id: 0x6f44d718, L:/192.168.1.60:63605 - R:hub-cloud.browserstack.com/207.254.8.9:443]' for 'POST' to 'https://cesarstevenriosu_Z5kft8:X2vgXh3LFto9sDxURbwP@hub-cloud.browserstack.com/wd/hub/session/da647b3d1e66fd1dd37a67a376ea43f20167d90e/timeouts'
01:54:42.615 [Forwarding setTimeout on session da647b3d1e66fd1dd37a67a376ea43f20167d90e to remote] DEBUG org.asynchttpclient.netty.request.NettyRequestSender -- Using open Channel [id: 0x6f44d718, L:/192.168.1.60:63605 - R:hub-cloud.browserstack.com/207.254.8.9:443] for POST '/wd/hub/session/da647b3d1e66fd1dd37a67a376ea43f20167d90e/timeouts'
01:54:42.692 [AsyncHttpClient-1-3] DEBUG org.asynchttpclient.netty.handler.HttpHandler -- 

Request DefaultHttpRequest(decodeResult: success, version: HTTP/1.1)
POST /wd/hub/session/da647b3d1e66fd1dd37a67a376ea43f20167d90e/timeouts HTTP/1.1
User-Agent: appium/8.3.0 (selenium/4.8.0 (java mac))
Content-Length: 19
Content-Type: application/json; charset=utf-8
host: hub-cloud.browserstack.com
authorization: Basic Y2VzYXJzdGV2ZW5yaW9zdV9aNWtmdDg6WDJ2Z1hoM0xGdG85c0R4VVJid1A=
accept: */*

Response DefaultHttpResponse(decodeResult: success, version: HTTP/1.1)
HTTP/1.1 200 OK
Server: nginx
Date: Mon, 05 Jun 2023 06:54:42 GMT
Content-Type: application/json; charset=utf-8
Content-Length: 14
Connection: keep-alive
Source-From: 02
x-powered-by: Express
vary: X-HTTP-Method-Override
etag: W/"e-9/1BuKMgFObM1mWJm+YjxtXJnUM"

01:54:42.692 [AsyncHttpClient-1-3] DEBUG org.asynchttpclient.netty.channel.ChannelManager -- Adding key: https://hub-cloud.browserstack.com:443 for channel [id: 0x6f44d718, L:/192.168.1.60:63605 - R:hub-cloud.browserstack.com/207.254.8.9:443]
01:54:42.693 [Forwarding findElement on session da647b3d1e66fd1dd37a67a376ea43f20167d90e to remote] DEBUG org.asynchttpclient.netty.request.NettyRequestSender -- Using pooled Channel '[id: 0x6f44d718, L:/192.168.1.60:63605 - R:hub-cloud.browserstack.com/207.254.8.9:443]' for 'POST' to 'https://cesarstevenriosu_Z5kft8:X2vgXh3LFto9sDxURbwP@hub-cloud.browserstack.com/wd/hub/session/da647b3d1e66fd1dd37a67a376ea43f20167d90e/element'
01:54:42.693 [Forwarding findElement on session da647b3d1e66fd1dd37a67a376ea43f20167d90e to remote] DEBUG org.asynchttpclient.netty.request.NettyRequestSender -- Using open Channel [id: 0x6f44d718, L:/192.168.1.60:63605 - R:hub-cloud.browserstack.com/207.254.8.9:443] for POST '/wd/hub/session/da647b3d1e66fd1dd37a67a376ea43f20167d90e/element'
01:54:42.923 [AsyncHttpClient-1-3] DEBUG org.asynchttpclient.netty.handler.HttpHandler -- 

Request DefaultHttpRequest(decodeResult: success, version: HTTP/1.1)
POST /wd/hub/session/da647b3d1e66fd1dd37a67a376ea43f20167d90e/element HTTP/1.1
User-Agent: appium/8.3.0 (selenium/4.8.0 (java mac))
Content-Length: 131
Content-Type: application/json; charset=utf-8
host: hub-cloud.browserstack.com
authorization: Basic Y2VzYXJzdGV2ZW5yaW9zdV9aNWtmdDg6WDJ2Z1hoM0xGdG85c0R4VVJid1A=
accept: */*

Response DefaultHttpResponse(decodeResult: success, version: HTTP/1.1)
HTTP/1.1 404 Not Found
Server: nginx
Date: Mon, 05 Jun 2023 06:54:43 GMT
Content-Type: application/json; charset=utf-8
Transfer-Encoding: chunked
Connection: keep-alive
Source-From: 02

01:54:42.924 [AsyncHttpClient-1-3] DEBUG org.asynchttpclient.netty.channel.ChannelManager -- Adding key: https://hub-cloud.browserstack.com:443 for channel [id: 0x6f44d718, L:/192.168.1.60:63605 - R:hub-cloud.browserstack.com/207.254.8.9:443]
01:54:42.925 [Forwarding setTimeout on session da647b3d1e66fd1dd37a67a376ea43f20167d90e to remote] DEBUG org.asynchttpclient.netty.request.NettyRequestSender -- Using pooled Channel '[id: 0x6f44d718, L:/192.168.1.60:63605 - R:hub-cloud.browserstack.com/207.254.8.9:443]' for 'POST' to 'https://cesarstevenriosu_Z5kft8:X2vgXh3LFto9sDxURbwP@hub-cloud.browserstack.com/wd/hub/session/da647b3d1e66fd1dd37a67a376ea43f20167d90e/timeouts'
01:54:42.925 [Forwarding setTimeout on session da647b3d1e66fd1dd37a67a376ea43f20167d90e to remote] DEBUG org.asynchttpclient.netty.request.NettyRequestSender -- Using open Channel [id: 0x6f44d718, L:/192.168.1.60:63605 - R:hub-cloud.browserstack.com/207.254.8.9:443] for POST '/wd/hub/session/da647b3d1e66fd1dd37a67a376ea43f20167d90e/timeouts'
01:54:43.037 [AsyncHttpClient-1-3] DEBUG org.asynchttpclient.netty.handler.HttpHandler -- 

Request DefaultHttpRequest(decodeResult: success, version: HTTP/1.1)
POST /wd/hub/session/da647b3d1e66fd1dd37a67a376ea43f20167d90e/timeouts HTTP/1.1
User-Agent: appium/8.3.0 (selenium/4.8.0 (java mac))
Content-Length: 23
Content-Type: application/json; charset=utf-8
host: hub-cloud.browserstack.com
authorization: Basic Y2VzYXJzdGV2ZW5yaW9zdV9aNWtmdDg6WDJ2Z1hoM0xGdG85c0R4VVJid1A=
accept: */*

Response DefaultHttpResponse(decodeResult: success, version: HTTP/1.1)
HTTP/1.1 200 OK
Server: nginx
Date: Mon, 05 Jun 2023 06:54:43 GMT
Content-Type: application/json; charset=utf-8
Content-Length: 14
Connection: keep-alive
Source-From: 02
x-powered-by: Express
vary: X-HTTP-Method-Override
etag: W/"e-9/1BuKMgFObM1mWJm+YjxtXJnUM"

01:54:43.037 [AsyncHttpClient-1-3] DEBUG org.asynchttpclient.netty.channel.ChannelManager -- Adding key: https://hub-cloud.browserstack.com:443 for channel [id: 0x6f44d718, L:/192.168.1.60:63605 - R:hub-cloud.browserstack.com/207.254.8.9:443]
01:54:43.096 [Forwarding setTimeout on session da647b3d1e66fd1dd37a67a376ea43f20167d90e to remote] DEBUG org.asynchttpclient.netty.request.NettyRequestSender -- Using pooled Channel '[id: 0x6f44d718, L:/192.168.1.60:63605 - R:hub-cloud.browserstack.com/207.254.8.9:443]' for 'POST' to 'https://cesarstevenriosu_Z5kft8:X2vgXh3LFto9sDxURbwP@hub-cloud.browserstack.com/wd/hub/session/da647b3d1e66fd1dd37a67a376ea43f20167d90e/timeouts'
01:54:43.096 [Forwarding setTimeout on session da647b3d1e66fd1dd37a67a376ea43f20167d90e to remote] DEBUG org.asynchttpclient.netty.request.NettyRequestSender -- Using open Channel [id: 0x6f44d718, L:/192.168.1.60:63605 - R:hub-cloud.browserstack.com/207.254.8.9:443] for POST '/wd/hub/session/da647b3d1e66fd1dd37a67a376ea43f20167d90e/timeouts'
01:54:43.183 [AsyncHttpClient-1-3] DEBUG org.asynchttpclient.netty.handler.HttpHandler -- 

Request DefaultHttpRequest(decodeResult: success, version: HTTP/1.1)
POST /wd/hub/session/da647b3d1e66fd1dd37a67a376ea43f20167d90e/timeouts HTTP/1.1
User-Agent: appium/8.3.0 (selenium/4.8.0 (java mac))
Content-Length: 19
Content-Type: application/json; charset=utf-8
host: hub-cloud.browserstack.com
authorization: Basic Y2VzYXJzdGV2ZW5yaW9zdV9aNWtmdDg6WDJ2Z1hoM0xGdG85c0R4VVJid1A=
accept: */*

Response DefaultHttpResponse(decodeResult: success, version: HTTP/1.1)
HTTP/1.1 200 OK
Server: nginx
Date: Mon, 05 Jun 2023 06:54:43 GMT
Content-Type: application/json; charset=utf-8
Content-Length: 14
Connection: keep-alive
Source-From: 02
x-powered-by: Express
vary: X-HTTP-Method-Override
etag: W/"e-9/1BuKMgFObM1mWJm+YjxtXJnUM"

01:54:43.183 [AsyncHttpClient-1-3] DEBUG org.asynchttpclient.netty.channel.ChannelManager -- Adding key: https://hub-cloud.browserstack.com:443 for channel [id: 0x6f44d718, L:/192.168.1.60:63605 - R:hub-cloud.browserstack.com/207.254.8.9:443]
01:54:43.186 [Forwarding findElement on session da647b3d1e66fd1dd37a67a376ea43f20167d90e to remote] DEBUG org.asynchttpclient.netty.request.NettyRequestSender -- Using pooled Channel '[id: 0x6f44d718, L:/192.168.1.60:63605 - R:hub-cloud.browserstack.com/207.254.8.9:443]' for 'POST' to 'https://cesarstevenriosu_Z5kft8:X2vgXh3LFto9sDxURbwP@hub-cloud.browserstack.com/wd/hub/session/da647b3d1e66fd1dd37a67a376ea43f20167d90e/element'
01:54:43.186 [Forwarding findElement on session da647b3d1e66fd1dd37a67a376ea43f20167d90e to remote] DEBUG org.asynchttpclient.netty.request.NettyRequestSender -- Using open Channel [id: 0x6f44d718, L:/192.168.1.60:63605 - R:hub-cloud.browserstack.com/207.254.8.9:443] for POST '/wd/hub/session/da647b3d1e66fd1dd37a67a376ea43f20167d90e/element'
01:54:43.434 [AsyncHttpClient-1-3] DEBUG org.asynchttpclient.netty.handler.HttpHandler -- 

Request DefaultHttpRequest(decodeResult: success, version: HTTP/1.1)
POST /wd/hub/session/da647b3d1e66fd1dd37a67a376ea43f20167d90e/element HTTP/1.1
User-Agent: appium/8.3.0 (selenium/4.8.0 (java mac))
Content-Length: 131
Content-Type: application/json; charset=utf-8
host: hub-cloud.browserstack.com
authorization: Basic Y2VzYXJzdGV2ZW5yaW9zdV9aNWtmdDg6WDJ2Z1hoM0xGdG85c0R4VVJid1A=
accept: */*

Response DefaultHttpResponse(decodeResult: success, version: HTTP/1.1)
HTTP/1.1 404 Not Found
Server: nginx
Date: Mon, 05 Jun 2023 06:54:43 GMT
Content-Type: application/json; charset=utf-8
Transfer-Encoding: chunked
Connection: keep-alive
Source-From: 02

01:54:43.434 [AsyncHttpClient-1-3] DEBUG org.asynchttpclient.netty.channel.ChannelManager -- Adding key: https://hub-cloud.browserstack.com:443 for channel [id: 0x6f44d718, L:/192.168.1.60:63605 - R:hub-cloud.browserstack.com/207.254.8.9:443]
01:54:43.436 [AsyncHttpClient-1-1] DEBUG org.asynchttpclient.netty.channel.DefaultChannelPool -- Entry count for : https://hub-cloud.browserstack.com:443 : 1
01:54:43.438 [Forwarding setTimeout on session da647b3d1e66fd1dd37a67a376ea43f20167d90e to remote] DEBUG org.asynchttpclient.netty.request.NettyRequestSender -- Using pooled Channel '[id: 0x6f44d718, L:/192.168.1.60:63605 - R:hub-cloud.browserstack.com/207.254.8.9:443]' for 'POST' to 'https://cesarstevenriosu_Z5kft8:X2vgXh3LFto9sDxURbwP@hub-cloud.browserstack.com/wd/hub/session/da647b3d1e66fd1dd37a67a376ea43f20167d90e/timeouts'
01:54:43.438 [Forwarding setTimeout on session da647b3d1e66fd1dd37a67a376ea43f20167d90e to remote] DEBUG org.asynchttpclient.netty.request.NettyRequestSender -- Using open Channel [id: 0x6f44d718, L:/192.168.1.60:63605 - R:hub-cloud.browserstack.com/207.254.8.9:443] for POST '/wd/hub/session/da647b3d1e66fd1dd37a67a376ea43f20167d90e/timeouts'
01:54:43.548 [AsyncHttpClient-1-3] DEBUG org.asynchttpclient.netty.handler.HttpHandler -- 

Request DefaultHttpRequest(decodeResult: success, version: HTTP/1.1)
POST /wd/hub/session/da647b3d1e66fd1dd37a67a376ea43f20167d90e/timeouts HTTP/1.1
User-Agent: appium/8.3.0 (selenium/4.8.0 (java mac))
Content-Length: 23
Content-Type: application/json; charset=utf-8
host: hub-cloud.browserstack.com
authorization: Basic Y2VzYXJzdGV2ZW5yaW9zdV9aNWtmdDg6WDJ2Z1hoM0xGdG85c0R4VVJid1A=
accept: */*

Response DefaultHttpResponse(decodeResult: success, version: HTTP/1.1)
HTTP/1.1 200 OK
Server: nginx
Date: Mon, 05 Jun 2023 06:54:43 GMT
Content-Type: application/json; charset=utf-8
Content-Length: 14
Connection: keep-alive
Source-From: 02
x-powered-by: Express
vary: X-HTTP-Method-Override
etag: W/"e-9/1BuKMgFObM1mWJm+YjxtXJnUM"

01:54:43.548 [AsyncHttpClient-1-3] DEBUG org.asynchttpclient.netty.channel.ChannelManager -- Adding key: https://hub-cloud.browserstack.com:443 for channel [id: 0x6f44d718, L:/192.168.1.60:63605 - R:hub-cloud.browserstack.com/207.254.8.9:443]
01:54:43.604 [Forwarding setTimeout on session da647b3d1e66fd1dd37a67a376ea43f20167d90e to remote] DEBUG org.asynchttpclient.netty.request.NettyRequestSender -- Using pooled Channel '[id: 0x6f44d718, L:/192.168.1.60:63605 - R:hub-cloud.browserstack.com/207.254.8.9:443]' for 'POST' to 'https://cesarstevenriosu_Z5kft8:X2vgXh3LFto9sDxURbwP@hub-cloud.browserstack.com/wd/hub/session/da647b3d1e66fd1dd37a67a376ea43f20167d90e/timeouts'
01:54:43.604 [Forwarding setTimeout on session da647b3d1e66fd1dd37a67a376ea43f20167d90e to remote] DEBUG org.asynchttpclient.netty.request.NettyRequestSender -- Using open Channel [id: 0x6f44d718, L:/192.168.1.60:63605 - R:hub-cloud.browserstack.com/207.254.8.9:443] for POST '/wd/hub/session/da647b3d1e66fd1dd37a67a376ea43f20167d90e/timeouts'
01:54:44.239 [AsyncHttpClient-1-3] DEBUG org.asynchttpclient.netty.handler.HttpHandler -- 

Request DefaultHttpRequest(decodeResult: success, version: HTTP/1.1)
POST /wd/hub/session/da647b3d1e66fd1dd37a67a376ea43f20167d90e/timeouts HTTP/1.1
User-Agent: appium/8.3.0 (selenium/4.8.0 (java mac))
Content-Length: 19
Content-Type: application/json; charset=utf-8
host: hub-cloud.browserstack.com
authorization: Basic Y2VzYXJzdGV2ZW5yaW9zdV9aNWtmdDg6WDJ2Z1hoM0xGdG85c0R4VVJid1A=
accept: */*

Response DefaultHttpResponse(decodeResult: success, version: HTTP/1.1)
HTTP/1.1 200 OK
Server: nginx
Date: Mon, 05 Jun 2023 06:54:44 GMT
Content-Type: application/json; charset=utf-8
Content-Length: 14
Connection: keep-alive
Source-From: 02
x-powered-by: Express
vary: X-HTTP-Method-Override
etag: W/"e-9/1BuKMgFObM1mWJm+YjxtXJnUM"

01:54:44.239 [AsyncHttpClient-1-3] DEBUG org.asynchttpclient.netty.channel.ChannelManager -- Adding key: https://hub-cloud.browserstack.com:443 for channel [id: 0x6f44d718, L:/192.168.1.60:63605 - R:hub-cloud.browserstack.com/207.254.8.9:443]
01:54:44.243 [Forwarding findElement on session da647b3d1e66fd1dd37a67a376ea43f20167d90e to remote] DEBUG org.asynchttpclient.netty.request.NettyRequestSender -- Using pooled Channel '[id: 0x6f44d718, L:/192.168.1.60:63605 - R:hub-cloud.browserstack.com/207.254.8.9:443]' for 'POST' to 'https://cesarstevenriosu_Z5kft8:X2vgXh3LFto9sDxURbwP@hub-cloud.browserstack.com/wd/hub/session/da647b3d1e66fd1dd37a67a376ea43f20167d90e/element'
01:54:44.243 [Forwarding findElement on session da647b3d1e66fd1dd37a67a376ea43f20167d90e to remote] DEBUG org.asynchttpclient.netty.request.NettyRequestSender -- Using open Channel [id: 0x6f44d718, L:/192.168.1.60:63605 - R:hub-cloud.browserstack.com/207.254.8.9:443] for POST '/wd/hub/session/da647b3d1e66fd1dd37a67a376ea43f20167d90e/element'
01:54:44.481 [AsyncHttpClient-1-3] DEBUG org.asynchttpclient.netty.handler.HttpHandler -- 

Request DefaultHttpRequest(decodeResult: success, version: HTTP/1.1)
POST /wd/hub/session/da647b3d1e66fd1dd37a67a376ea43f20167d90e/element HTTP/1.1
User-Agent: appium/8.3.0 (selenium/4.8.0 (java mac))
Content-Length: 131
Content-Type: application/json; charset=utf-8
host: hub-cloud.browserstack.com
authorization: Basic Y2VzYXJzdGV2ZW5yaW9zdV9aNWtmdDg6WDJ2Z1hoM0xGdG85c0R4VVJid1A=
accept: */*

Response DefaultHttpResponse(decodeResult: success, version: HTTP/1.1)
HTTP/1.1 404 Not Found
Server: nginx
Date: Mon, 05 Jun 2023 06:54:44 GMT
Content-Type: application/json; charset=utf-8
Transfer-Encoding: chunked
Connection: keep-alive
Source-From: 02

01:54:44.481 [AsyncHttpClient-1-3] DEBUG org.asynchttpclient.netty.channel.ChannelManager -- Adding key: https://hub-cloud.browserstack.com:443 for channel [id: 0x6f44d718, L:/192.168.1.60:63605 - R:hub-cloud.browserstack.com/207.254.8.9:443]
01:54:44.484 [Forwarding setTimeout on session da647b3d1e66fd1dd37a67a376ea43f20167d90e to remote] DEBUG org.asynchttpclient.netty.request.NettyRequestSender -- Using pooled Channel '[id: 0x6f44d718, L:/192.168.1.60:63605 - R:hub-cloud.browserstack.com/207.254.8.9:443]' for 'POST' to 'https://cesarstevenriosu_Z5kft8:X2vgXh3LFto9sDxURbwP@hub-cloud.browserstack.com/wd/hub/session/da647b3d1e66fd1dd37a67a376ea43f20167d90e/timeouts'
01:54:44.484 [Forwarding setTimeout on session da647b3d1e66fd1dd37a67a376ea43f20167d90e to remote] DEBUG org.asynchttpclient.netty.request.NettyRequestSender -- Using open Channel [id: 0x6f44d718, L:/192.168.1.60:63605 - R:hub-cloud.browserstack.com/207.254.8.9:443] for POST '/wd/hub/session/da647b3d1e66fd1dd37a67a376ea43f20167d90e/timeouts'
01:54:44.629 [AsyncHttpClient-1-3] DEBUG org.asynchttpclient.netty.handler.HttpHandler -- 

Request DefaultHttpRequest(decodeResult: success, version: HTTP/1.1)
POST /wd/hub/session/da647b3d1e66fd1dd37a67a376ea43f20167d90e/timeouts HTTP/1.1
User-Agent: appium/8.3.0 (selenium/4.8.0 (java mac))
Content-Length: 23
Content-Type: application/json; charset=utf-8
host: hub-cloud.browserstack.com
authorization: Basic Y2VzYXJzdGV2ZW5yaW9zdV9aNWtmdDg6WDJ2Z1hoM0xGdG85c0R4VVJid1A=
accept: */*

Response DefaultHttpResponse(decodeResult: success, version: HTTP/1.1)
HTTP/1.1 200 OK
Server: nginx
Date: Mon, 05 Jun 2023 06:54:44 GMT
Content-Type: application/json; charset=utf-8
Content-Length: 14
Connection: keep-alive
Source-From: 02
x-powered-by: Express
vary: X-HTTP-Method-Override
etag: W/"e-9/1BuKMgFObM1mWJm+YjxtXJnUM"

01:54:44.629 [AsyncHttpClient-1-3] DEBUG org.asynchttpclient.netty.channel.ChannelManager -- Adding key: https://hub-cloud.browserstack.com:443 for channel [id: 0x6f44d718, L:/192.168.1.60:63605 - R:hub-cloud.browserstack.com/207.254.8.9:443]
01:54:44.691 [Forwarding setTimeout on session da647b3d1e66fd1dd37a67a376ea43f20167d90e to remote] DEBUG org.asynchttpclient.netty.request.NettyRequestSender -- Using pooled Channel '[id: 0x6f44d718, L:/192.168.1.60:63605 - R:hub-cloud.browserstack.com/207.254.8.9:443]' for 'POST' to 'https://cesarstevenriosu_Z5kft8:X2vgXh3LFto9sDxURbwP@hub-cloud.browserstack.com/wd/hub/session/da647b3d1e66fd1dd37a67a376ea43f20167d90e/timeouts'
01:54:44.691 [Forwarding setTimeout on session da647b3d1e66fd1dd37a67a376ea43f20167d90e to remote] DEBUG org.asynchttpclient.netty.request.NettyRequestSender -- Using open Channel [id: 0x6f44d718, L:/192.168.1.60:63605 - R:hub-cloud.browserstack.com/207.254.8.9:443] for POST '/wd/hub/session/da647b3d1e66fd1dd37a67a376ea43f20167d90e/timeouts'
01:54:44.835 [AsyncHttpClient-1-3] DEBUG org.asynchttpclient.netty.handler.HttpHandler -- 

Request DefaultHttpRequest(decodeResult: success, version: HTTP/1.1)
POST /wd/hub/session/da647b3d1e66fd1dd37a67a376ea43f20167d90e/timeouts HTTP/1.1
User-Agent: appium/8.3.0 (selenium/4.8.0 (java mac))
Content-Length: 19
Content-Type: application/json; charset=utf-8
host: hub-cloud.browserstack.com
authorization: Basic Y2VzYXJzdGV2ZW5yaW9zdV9aNWtmdDg6WDJ2Z1hoM0xGdG85c0R4VVJid1A=
accept: */*

Response DefaultHttpResponse(decodeResult: success, version: HTTP/1.1)
HTTP/1.1 200 OK
Server: nginx
Date: Mon, 05 Jun 2023 06:54:44 GMT
Content-Type: application/json; charset=utf-8
Content-Length: 14
Connection: keep-alive
Source-From: 02
x-powered-by: Express
vary: X-HTTP-Method-Override
etag: W/"e-9/1BuKMgFObM1mWJm+YjxtXJnUM"

01:54:44.835 [AsyncHttpClient-1-3] DEBUG org.asynchttpclient.netty.channel.ChannelManager -- Adding key: https://hub-cloud.browserstack.com:443 for channel [id: 0x6f44d718, L:/192.168.1.60:63605 - R:hub-cloud.browserstack.com/207.254.8.9:443]
01:54:44.839 [Forwarding findElement on session da647b3d1e66fd1dd37a67a376ea43f20167d90e to remote] DEBUG org.asynchttpclient.netty.request.NettyRequestSender -- Using pooled Channel '[id: 0x6f44d718, L:/192.168.1.60:63605 - R:hub-cloud.browserstack.com/207.254.8.9:443]' for 'POST' to 'https://cesarstevenriosu_Z5kft8:X2vgXh3LFto9sDxURbwP@hub-cloud.browserstack.com/wd/hub/session/da647b3d1e66fd1dd37a67a376ea43f20167d90e/element'
01:54:44.839 [Forwarding findElement on session da647b3d1e66fd1dd37a67a376ea43f20167d90e to remote] DEBUG org.asynchttpclient.netty.request.NettyRequestSender -- Using open Channel [id: 0x6f44d718, L:/192.168.1.60:63605 - R:hub-cloud.browserstack.com/207.254.8.9:443] for POST '/wd/hub/session/da647b3d1e66fd1dd37a67a376ea43f20167d90e/element'
01:54:45.113 [AsyncHttpClient-1-3] DEBUG org.asynchttpclient.netty.handler.HttpHandler -- 

Request DefaultHttpRequest(decodeResult: success, version: HTTP/1.1)
POST /wd/hub/session/da647b3d1e66fd1dd37a67a376ea43f20167d90e/element HTTP/1.1
User-Agent: appium/8.3.0 (selenium/4.8.0 (java mac))
Content-Length: 131
Content-Type: application/json; charset=utf-8
host: hub-cloud.browserstack.com
authorization: Basic Y2VzYXJzdGV2ZW5yaW9zdV9aNWtmdDg6WDJ2Z1hoM0xGdG85c0R4VVJid1A=
accept: */*

Response DefaultHttpResponse(decodeResult: success, version: HTTP/1.1)
HTTP/1.1 404 Not Found
Server: nginx
Date: Mon, 05 Jun 2023 06:54:45 GMT
Content-Type: application/json; charset=utf-8
Transfer-Encoding: chunked
Connection: keep-alive
Source-From: 02

01:54:45.114 [AsyncHttpClient-1-3] DEBUG org.asynchttpclient.netty.channel.ChannelManager -- Adding key: https://hub-cloud.browserstack.com:443 for channel [id: 0x6f44d718, L:/192.168.1.60:63605 - R:hub-cloud.browserstack.com/207.254.8.9:443]
01:54:45.116 [Forwarding setTimeout on session da647b3d1e66fd1dd37a67a376ea43f20167d90e to remote] DEBUG org.asynchttpclient.netty.request.NettyRequestSender -- Using pooled Channel '[id: 0x6f44d718, L:/192.168.1.60:63605 - R:hub-cloud.browserstack.com/207.254.8.9:443]' for 'POST' to 'https://cesarstevenriosu_Z5kft8:X2vgXh3LFto9sDxURbwP@hub-cloud.browserstack.com/wd/hub/session/da647b3d1e66fd1dd37a67a376ea43f20167d90e/timeouts'
01:54:45.116 [Forwarding setTimeout on session da647b3d1e66fd1dd37a67a376ea43f20167d90e to remote] DEBUG org.asynchttpclient.netty.request.NettyRequestSender -- Using open Channel [id: 0x6f44d718, L:/192.168.1.60:63605 - R:hub-cloud.browserstack.com/207.254.8.9:443] for POST '/wd/hub/session/da647b3d1e66fd1dd37a67a376ea43f20167d90e/timeouts'
01:54:45.264 [AsyncHttpClient-1-3] DEBUG org.asynchttpclient.netty.handler.HttpHandler -- 

Request DefaultHttpRequest(decodeResult: success, version: HTTP/1.1)
POST /wd/hub/session/da647b3d1e66fd1dd37a67a376ea43f20167d90e/timeouts HTTP/1.1
User-Agent: appium/8.3.0 (selenium/4.8.0 (java mac))
Content-Length: 23
Content-Type: application/json; charset=utf-8
host: hub-cloud.browserstack.com
authorization: Basic Y2VzYXJzdGV2ZW5yaW9zdV9aNWtmdDg6WDJ2Z1hoM0xGdG85c0R4VVJid1A=
accept: */*

Response DefaultHttpResponse(decodeResult: success, version: HTTP/1.1)
HTTP/1.1 200 OK
Server: nginx
Date: Mon, 05 Jun 2023 06:54:45 GMT
Content-Type: application/json; charset=utf-8
Content-Length: 14
Connection: keep-alive
Source-From: 02
x-powered-by: Express
vary: X-HTTP-Method-Override
etag: W/"e-9/1BuKMgFObM1mWJm+YjxtXJnUM"

01:54:45.264 [AsyncHttpClient-1-3] DEBUG org.asynchttpclient.netty.channel.ChannelManager -- Adding key: https://hub-cloud.browserstack.com:443 for channel [id: 0x6f44d718, L:/192.168.1.60:63605 - R:hub-cloud.browserstack.com/207.254.8.9:443]
01:54:45.326 [Forwarding setTimeout on session da647b3d1e66fd1dd37a67a376ea43f20167d90e to remote] DEBUG org.asynchttpclient.netty.request.NettyRequestSender -- Using pooled Channel '[id: 0x6f44d718, L:/192.168.1.60:63605 - R:hub-cloud.browserstack.com/207.254.8.9:443]' for 'POST' to 'https://cesarstevenriosu_Z5kft8:X2vgXh3LFto9sDxURbwP@hub-cloud.browserstack.com/wd/hub/session/da647b3d1e66fd1dd37a67a376ea43f20167d90e/timeouts'
01:54:45.326 [Forwarding setTimeout on session da647b3d1e66fd1dd37a67a376ea43f20167d90e to remote] DEBUG org.asynchttpclient.netty.request.NettyRequestSender -- Using open Channel [id: 0x6f44d718, L:/192.168.1.60:63605 - R:hub-cloud.browserstack.com/207.254.8.9:443] for POST '/wd/hub/session/da647b3d1e66fd1dd37a67a376ea43f20167d90e/timeouts'
01:54:45.419 [AsyncHttpClient-1-3] DEBUG org.asynchttpclient.netty.handler.HttpHandler -- 

Request DefaultHttpRequest(decodeResult: success, version: HTTP/1.1)
POST /wd/hub/session/da647b3d1e66fd1dd37a67a376ea43f20167d90e/timeouts HTTP/1.1
User-Agent: appium/8.3.0 (selenium/4.8.0 (java mac))
Content-Length: 19
Content-Type: application/json; charset=utf-8
host: hub-cloud.browserstack.com
authorization: Basic Y2VzYXJzdGV2ZW5yaW9zdV9aNWtmdDg6WDJ2Z1hoM0xGdG85c0R4VVJid1A=
accept: */*

Response DefaultHttpResponse(decodeResult: success, version: HTTP/1.1)
HTTP/1.1 200 OK
Server: nginx
Date: Mon, 05 Jun 2023 06:54:45 GMT
Content-Type: application/json; charset=utf-8
Content-Length: 14
Connection: keep-alive
Source-From: 02
x-powered-by: Express
vary: X-HTTP-Method-Override
etag: W/"e-9/1BuKMgFObM1mWJm+YjxtXJnUM"

01:54:45.419 [AsyncHttpClient-1-3] DEBUG org.asynchttpclient.netty.channel.ChannelManager -- Adding key: https://hub-cloud.browserstack.com:443 for channel [id: 0x6f44d718, L:/192.168.1.60:63605 - R:hub-cloud.browserstack.com/207.254.8.9:443]
01:54:45.423 [Forwarding findElement on session da647b3d1e66fd1dd37a67a376ea43f20167d90e to remote] DEBUG org.asynchttpclient.netty.request.NettyRequestSender -- Using pooled Channel '[id: 0x6f44d718, L:/192.168.1.60:63605 - R:hub-cloud.browserstack.com/207.254.8.9:443]' for 'POST' to 'https://cesarstevenriosu_Z5kft8:X2vgXh3LFto9sDxURbwP@hub-cloud.browserstack.com/wd/hub/session/da647b3d1e66fd1dd37a67a376ea43f20167d90e/element'
01:54:45.423 [Forwarding findElement on session da647b3d1e66fd1dd37a67a376ea43f20167d90e to remote] DEBUG org.asynchttpclient.netty.request.NettyRequestSender -- Using open Channel [id: 0x6f44d718, L:/192.168.1.60:63605 - R:hub-cloud.browserstack.com/207.254.8.9:443] for POST '/wd/hub/session/da647b3d1e66fd1dd37a67a376ea43f20167d90e/element'
01:54:45.669 [AsyncHttpClient-1-3] DEBUG org.asynchttpclient.netty.handler.HttpHandler -- 

Request DefaultHttpRequest(decodeResult: success, version: HTTP/1.1)
POST /wd/hub/session/da647b3d1e66fd1dd37a67a376ea43f20167d90e/element HTTP/1.1
User-Agent: appium/8.3.0 (selenium/4.8.0 (java mac))
Content-Length: 131
Content-Type: application/json; charset=utf-8
host: hub-cloud.browserstack.com
authorization: Basic Y2VzYXJzdGV2ZW5yaW9zdV9aNWtmdDg6WDJ2Z1hoM0xGdG85c0R4VVJid1A=
accept: */*

Response DefaultHttpResponse(decodeResult: success, version: HTTP/1.1)
HTTP/1.1 404 Not Found
Server: nginx
Date: Mon, 05 Jun 2023 06:54:45 GMT
Content-Type: application/json; charset=utf-8
Transfer-Encoding: chunked
Connection: keep-alive
Source-From: 02

01:54:45.670 [AsyncHttpClient-1-3] DEBUG org.asynchttpclient.netty.channel.ChannelManager -- Adding key: https://hub-cloud.browserstack.com:443 for channel [id: 0x6f44d718, L:/192.168.1.60:63605 - R:hub-cloud.browserstack.com/207.254.8.9:443]
01:54:45.674 [Forwarding setTimeout on session da647b3d1e66fd1dd37a67a376ea43f20167d90e to remote] DEBUG org.asynchttpclient.netty.request.NettyRequestSender -- Using pooled Channel '[id: 0x6f44d718, L:/192.168.1.60:63605 - R:hub-cloud.browserstack.com/207.254.8.9:443]' for 'POST' to 'https://cesarstevenriosu_Z5kft8:X2vgXh3LFto9sDxURbwP@hub-cloud.browserstack.com/wd/hub/session/da647b3d1e66fd1dd37a67a376ea43f20167d90e/timeouts'
01:54:45.674 [Forwarding setTimeout on session da647b3d1e66fd1dd37a67a376ea43f20167d90e to remote] DEBUG org.asynchttpclient.netty.request.NettyRequestSender -- Using open Channel [id: 0x6f44d718, L:/192.168.1.60:63605 - R:hub-cloud.browserstack.com/207.254.8.9:443] for POST '/wd/hub/session/da647b3d1e66fd1dd37a67a376ea43f20167d90e/timeouts'
01:54:45.800 [AsyncHttpClient-1-3] DEBUG org.asynchttpclient.netty.handler.HttpHandler -- 

Request DefaultHttpRequest(decodeResult: success, version: HTTP/1.1)
POST /wd/hub/session/da647b3d1e66fd1dd37a67a376ea43f20167d90e/timeouts HTTP/1.1
User-Agent: appium/8.3.0 (selenium/4.8.0 (java mac))
Content-Length: 23
Content-Type: application/json; charset=utf-8
host: hub-cloud.browserstack.com
authorization: Basic Y2VzYXJzdGV2ZW5yaW9zdV9aNWtmdDg6WDJ2Z1hoM0xGdG85c0R4VVJid1A=
accept: */*

Response DefaultHttpResponse(decodeResult: success, version: HTTP/1.1)
HTTP/1.1 200 OK
Server: nginx
Date: Mon, 05 Jun 2023 06:54:45 GMT
Content-Type: application/json; charset=utf-8
Content-Length: 14
Connection: keep-alive
Source-From: 02
x-powered-by: Express
vary: X-HTTP-Method-Override
etag: W/"e-9/1BuKMgFObM1mWJm+YjxtXJnUM"

01:54:45.801 [AsyncHttpClient-1-3] DEBUG org.asynchttpclient.netty.channel.ChannelManager -- Adding key: https://hub-cloud.browserstack.com:443 for channel [id: 0x6f44d718, L:/192.168.1.60:63605 - R:hub-cloud.browserstack.com/207.254.8.9:443]
01:54:45.861 [Forwarding setTimeout on session da647b3d1e66fd1dd37a67a376ea43f20167d90e to remote] DEBUG org.asynchttpclient.netty.request.NettyRequestSender -- Using pooled Channel '[id: 0x6f44d718, L:/192.168.1.60:63605 - R:hub-cloud.browserstack.com/207.254.8.9:443]' for 'POST' to 'https://cesarstevenriosu_Z5kft8:X2vgXh3LFto9sDxURbwP@hub-cloud.browserstack.com/wd/hub/session/da647b3d1e66fd1dd37a67a376ea43f20167d90e/timeouts'
01:54:45.861 [Forwarding setTimeout on session da647b3d1e66fd1dd37a67a376ea43f20167d90e to remote] DEBUG org.asynchttpclient.netty.request.NettyRequestSender -- Using open Channel [id: 0x6f44d718, L:/192.168.1.60:63605 - R:hub-cloud.browserstack.com/207.254.8.9:443] for POST '/wd/hub/session/da647b3d1e66fd1dd37a67a376ea43f20167d90e/timeouts'
01:54:45.949 [AsyncHttpClient-1-3] DEBUG org.asynchttpclient.netty.handler.HttpHandler -- 

Request DefaultHttpRequest(decodeResult: success, version: HTTP/1.1)
POST /wd/hub/session/da647b3d1e66fd1dd37a67a376ea43f20167d90e/timeouts HTTP/1.1
User-Agent: appium/8.3.0 (selenium/4.8.0 (java mac))
Content-Length: 19
Content-Type: application/json; charset=utf-8
host: hub-cloud.browserstack.com
authorization: Basic Y2VzYXJzdGV2ZW5yaW9zdV9aNWtmdDg6WDJ2Z1hoM0xGdG85c0R4VVJid1A=
accept: */*

Response DefaultHttpResponse(decodeResult: success, version: HTTP/1.1)
HTTP/1.1 200 OK
Server: nginx
Date: Mon, 05 Jun 2023 06:54:46 GMT
Content-Type: application/json; charset=utf-8
Content-Length: 14
Connection: keep-alive
Source-From: 02
x-powered-by: Express
vary: X-HTTP-Method-Override
etag: W/"e-9/1BuKMgFObM1mWJm+YjxtXJnUM"

01:54:45.949 [AsyncHttpClient-1-3] DEBUG org.asynchttpclient.netty.channel.ChannelManager -- Adding key: https://hub-cloud.browserstack.com:443 for channel [id: 0x6f44d718, L:/192.168.1.60:63605 - R:hub-cloud.browserstack.com/207.254.8.9:443]
01:54:45.951 [Forwarding findElement on session da647b3d1e66fd1dd37a67a376ea43f20167d90e to remote] DEBUG org.asynchttpclient.netty.request.NettyRequestSender -- Using pooled Channel '[id: 0x6f44d718, L:/192.168.1.60:63605 - R:hub-cloud.browserstack.com/207.254.8.9:443]' for 'POST' to 'https://cesarstevenriosu_Z5kft8:X2vgXh3LFto9sDxURbwP@hub-cloud.browserstack.com/wd/hub/session/da647b3d1e66fd1dd37a67a376ea43f20167d90e/element'
01:54:45.951 [Forwarding findElement on session da647b3d1e66fd1dd37a67a376ea43f20167d90e to remote] DEBUG org.asynchttpclient.netty.request.NettyRequestSender -- Using open Channel [id: 0x6f44d718, L:/192.168.1.60:63605 - R:hub-cloud.browserstack.com/207.254.8.9:443] for POST '/wd/hub/session/da647b3d1e66fd1dd37a67a376ea43f20167d90e/element'
01:54:46.177 [AsyncHttpClient-1-3] DEBUG org.asynchttpclient.netty.handler.HttpHandler -- 

Request DefaultHttpRequest(decodeResult: success, version: HTTP/1.1)
POST /wd/hub/session/da647b3d1e66fd1dd37a67a376ea43f20167d90e/element HTTP/1.1
User-Agent: appium/8.3.0 (selenium/4.8.0 (java mac))
Content-Length: 131
Content-Type: application/json; charset=utf-8
host: hub-cloud.browserstack.com
authorization: Basic Y2VzYXJzdGV2ZW5yaW9zdV9aNWtmdDg6WDJ2Z1hoM0xGdG85c0R4VVJid1A=
accept: */*

Response DefaultHttpResponse(decodeResult: success, version: HTTP/1.1)
HTTP/1.1 404 Not Found
Server: nginx
Date: Mon, 05 Jun 2023 06:54:46 GMT
Content-Type: application/json; charset=utf-8
Transfer-Encoding: chunked
Connection: close
Source-From: 02

01:54:46.178 [AsyncHttpClient-1-3] DEBUG org.asynchttpclient.netty.channel.ChannelManager -- Closing Channel [id: 0x6f44d718, L:/192.168.1.60:63605 - R:hub-cloud.browserstack.com/207.254.8.9:443] 
01:54:46.179 [AsyncHttpClient-1-3] DEBUG org.asynchttpclient.netty.handler.HttpHandler -- Channel Closed: [id: 0x6f44d718, L:/192.168.1.60:63605 ! R:hub-cloud.browserstack.com/207.254.8.9:443] with attribute DISCARD
01:54:46.357 [AsyncHttpClient-1-4] DEBUG org.asynchttpclient.netty.channel.NettyConnectListener -- Using new Channel '[id: 0xbc36bb7a, L:/192.168.1.60:63613 - R:hub-cloud.browserstack.com/207.254.8.9:443]' for 'POST' to '/wd/hub/session/da647b3d1e66fd1dd37a67a376ea43f20167d90e/timeouts'
01:54:46.358 [AsyncHttpClient-1-4] DEBUG io.netty.handler.ssl.SslHandler -- [id: 0xbc36bb7a, L:/192.168.1.60:63613 - R:hub-cloud.browserstack.com/207.254.8.9:443] HANDSHAKEN: protocol:TLSv1.2 cipher suite:TLS_ECDHE_RSA_WITH_AES_128_GCM_SHA256
01:54:46.464 [AsyncHttpClient-1-4] DEBUG org.asynchttpclient.netty.handler.HttpHandler -- 

Request DefaultHttpRequest(decodeResult: success, version: HTTP/1.1)
POST /wd/hub/session/da647b3d1e66fd1dd37a67a376ea43f20167d90e/timeouts HTTP/1.1
User-Agent: appium/8.3.0 (selenium/4.8.0 (java mac))
Content-Length: 23
Content-Type: application/json; charset=utf-8
host: hub-cloud.browserstack.com
authorization: Basic Y2VzYXJzdGV2ZW5yaW9zdV9aNWtmdDg6WDJ2Z1hoM0xGdG85c0R4VVJid1A=
accept: */*

Response DefaultHttpResponse(decodeResult: success, version: HTTP/1.1)
HTTP/1.1 200 OK
Server: nginx
Date: Mon, 05 Jun 2023 06:54:46 GMT
Content-Type: application/json; charset=utf-8
Content-Length: 14
Connection: keep-alive
Source-From: 02
x-powered-by: Express
vary: X-HTTP-Method-Override
etag: W/"e-9/1BuKMgFObM1mWJm+YjxtXJnUM"

01:54:46.465 [AsyncHttpClient-1-4] DEBUG org.asynchttpclient.netty.channel.ChannelManager -- Adding key: https://hub-cloud.browserstack.com:443 for channel [id: 0xbc36bb7a, L:/192.168.1.60:63613 - R:hub-cloud.browserstack.com/207.254.8.9:443]
01:54:46.522 [Forwarding setTimeout on session da647b3d1e66fd1dd37a67a376ea43f20167d90e to remote] DEBUG org.asynchttpclient.netty.request.NettyRequestSender -- Using pooled Channel '[id: 0xbc36bb7a, L:/192.168.1.60:63613 - R:hub-cloud.browserstack.com/207.254.8.9:443]' for 'POST' to 'https://cesarstevenriosu_Z5kft8:X2vgXh3LFto9sDxURbwP@hub-cloud.browserstack.com/wd/hub/session/da647b3d1e66fd1dd37a67a376ea43f20167d90e/timeouts'
01:54:46.522 [Forwarding setTimeout on session da647b3d1e66fd1dd37a67a376ea43f20167d90e to remote] DEBUG org.asynchttpclient.netty.request.NettyRequestSender -- Using open Channel [id: 0xbc36bb7a, L:/192.168.1.60:63613 - R:hub-cloud.browserstack.com/207.254.8.9:443] for POST '/wd/hub/session/da647b3d1e66fd1dd37a67a376ea43f20167d90e/timeouts'
01:54:46.618 [AsyncHttpClient-1-4] DEBUG org.asynchttpclient.netty.handler.HttpHandler -- 

Request DefaultHttpRequest(decodeResult: success, version: HTTP/1.1)
POST /wd/hub/session/da647b3d1e66fd1dd37a67a376ea43f20167d90e/timeouts HTTP/1.1
User-Agent: appium/8.3.0 (selenium/4.8.0 (java mac))
Content-Length: 19
Content-Type: application/json; charset=utf-8
host: hub-cloud.browserstack.com
authorization: Basic Y2VzYXJzdGV2ZW5yaW9zdV9aNWtmdDg6WDJ2Z1hoM0xGdG85c0R4VVJid1A=
accept: */*

Response DefaultHttpResponse(decodeResult: success, version: HTTP/1.1)
HTTP/1.1 200 OK
Server: nginx
Date: Mon, 05 Jun 2023 06:54:46 GMT
Content-Type: application/json; charset=utf-8
Content-Length: 14
Connection: keep-alive
Source-From: 02
x-powered-by: Express
vary: X-HTTP-Method-Override
etag: W/"e-9/1BuKMgFObM1mWJm+YjxtXJnUM"

01:54:46.618 [AsyncHttpClient-1-4] DEBUG org.asynchttpclient.netty.channel.ChannelManager -- Adding key: https://hub-cloud.browserstack.com:443 for channel [id: 0xbc36bb7a, L:/192.168.1.60:63613 - R:hub-cloud.browserstack.com/207.254.8.9:443]
01:54:46.620 [Forwarding findElement on session da647b3d1e66fd1dd37a67a376ea43f20167d90e to remote] DEBUG org.asynchttpclient.netty.request.NettyRequestSender -- Using pooled Channel '[id: 0xbc36bb7a, L:/192.168.1.60:63613 - R:hub-cloud.browserstack.com/207.254.8.9:443]' for 'POST' to 'https://cesarstevenriosu_Z5kft8:X2vgXh3LFto9sDxURbwP@hub-cloud.browserstack.com/wd/hub/session/da647b3d1e66fd1dd37a67a376ea43f20167d90e/element'
01:54:46.620 [Forwarding findElement on session da647b3d1e66fd1dd37a67a376ea43f20167d90e to remote] DEBUG org.asynchttpclient.netty.request.NettyRequestSender -- Using open Channel [id: 0xbc36bb7a, L:/192.168.1.60:63613 - R:hub-cloud.browserstack.com/207.254.8.9:443] for POST '/wd/hub/session/da647b3d1e66fd1dd37a67a376ea43f20167d90e/element'
01:54:46.856 [AsyncHttpClient-1-4] DEBUG org.asynchttpclient.netty.handler.HttpHandler -- 

Request DefaultHttpRequest(decodeResult: success, version: HTTP/1.1)
POST /wd/hub/session/da647b3d1e66fd1dd37a67a376ea43f20167d90e/element HTTP/1.1
User-Agent: appium/8.3.0 (selenium/4.8.0 (java mac))
Content-Length: 131
Content-Type: application/json; charset=utf-8
host: hub-cloud.browserstack.com
authorization: Basic Y2VzYXJzdGV2ZW5yaW9zdV9aNWtmdDg6WDJ2Z1hoM0xGdG85c0R4VVJid1A=
accept: */*

Response DefaultHttpResponse(decodeResult: success, version: HTTP/1.1)
HTTP/1.1 404 Not Found
Server: nginx
Date: Mon, 05 Jun 2023 06:54:46 GMT
Content-Type: application/json; charset=utf-8
Transfer-Encoding: chunked
Connection: keep-alive
Source-From: 02

01:54:46.857 [AsyncHttpClient-1-4] DEBUG org.asynchttpclient.netty.channel.ChannelManager -- Adding key: https://hub-cloud.browserstack.com:443 for channel [id: 0xbc36bb7a, L:/192.168.1.60:63613 - R:hub-cloud.browserstack.com/207.254.8.9:443]
01:54:46.860 [Forwarding setTimeout on session da647b3d1e66fd1dd37a67a376ea43f20167d90e to remote] DEBUG org.asynchttpclient.netty.request.NettyRequestSender -- Using pooled Channel '[id: 0xbc36bb7a, L:/192.168.1.60:63613 - R:hub-cloud.browserstack.com/207.254.8.9:443]' for 'POST' to 'https://cesarstevenriosu_Z5kft8:X2vgXh3LFto9sDxURbwP@hub-cloud.browserstack.com/wd/hub/session/da647b3d1e66fd1dd37a67a376ea43f20167d90e/timeouts'
01:54:46.860 [Forwarding setTimeout on session da647b3d1e66fd1dd37a67a376ea43f20167d90e to remote] DEBUG org.asynchttpclient.netty.request.NettyRequestSender -- Using open Channel [id: 0xbc36bb7a, L:/192.168.1.60:63613 - R:hub-cloud.browserstack.com/207.254.8.9:443] for POST '/wd/hub/session/da647b3d1e66fd1dd37a67a376ea43f20167d90e/timeouts'
01:54:46.958 [AsyncHttpClient-1-4] DEBUG org.asynchttpclient.netty.handler.HttpHandler -- 

Request DefaultHttpRequest(decodeResult: success, version: HTTP/1.1)
POST /wd/hub/session/da647b3d1e66fd1dd37a67a376ea43f20167d90e/timeouts HTTP/1.1
User-Agent: appium/8.3.0 (selenium/4.8.0 (java mac))
Content-Length: 23
Content-Type: application/json; charset=utf-8
host: hub-cloud.browserstack.com
authorization: Basic Y2VzYXJzdGV2ZW5yaW9zdV9aNWtmdDg6WDJ2Z1hoM0xGdG85c0R4VVJid1A=
accept: */*

Response DefaultHttpResponse(decodeResult: success, version: HTTP/1.1)
HTTP/1.1 200 OK
Server: nginx
Date: Mon, 05 Jun 2023 06:54:47 GMT
Content-Type: application/json; charset=utf-8
Content-Length: 14
Connection: keep-alive
Source-From: 02
x-powered-by: Express
vary: X-HTTP-Method-Override
etag: W/"e-9/1BuKMgFObM1mWJm+YjxtXJnUM"

01:54:46.958 [AsyncHttpClient-1-4] DEBUG org.asynchttpclient.netty.channel.ChannelManager -- Adding key: https://hub-cloud.browserstack.com:443 for channel [id: 0xbc36bb7a, L:/192.168.1.60:63613 - R:hub-cloud.browserstack.com/207.254.8.9:443]
01:54:47.018 [Forwarding setTimeout on session da647b3d1e66fd1dd37a67a376ea43f20167d90e to remote] DEBUG org.asynchttpclient.netty.request.NettyRequestSender -- Using pooled Channel '[id: 0xbc36bb7a, L:/192.168.1.60:63613 - R:hub-cloud.browserstack.com/207.254.8.9:443]' for 'POST' to 'https://cesarstevenriosu_Z5kft8:X2vgXh3LFto9sDxURbwP@hub-cloud.browserstack.com/wd/hub/session/da647b3d1e66fd1dd37a67a376ea43f20167d90e/timeouts'
01:54:47.018 [Forwarding setTimeout on session da647b3d1e66fd1dd37a67a376ea43f20167d90e to remote] DEBUG org.asynchttpclient.netty.request.NettyRequestSender -- Using open Channel [id: 0xbc36bb7a, L:/192.168.1.60:63613 - R:hub-cloud.browserstack.com/207.254.8.9:443] for POST '/wd/hub/session/da647b3d1e66fd1dd37a67a376ea43f20167d90e/timeouts'
01:54:47.222 [AsyncHttpClient-1-4] DEBUG org.asynchttpclient.netty.handler.HttpHandler -- 

Request DefaultHttpRequest(decodeResult: success, version: HTTP/1.1)
POST /wd/hub/session/da647b3d1e66fd1dd37a67a376ea43f20167d90e/timeouts HTTP/1.1
User-Agent: appium/8.3.0 (selenium/4.8.0 (java mac))
Content-Length: 19
Content-Type: application/json; charset=utf-8
host: hub-cloud.browserstack.com
authorization: Basic Y2VzYXJzdGV2ZW5yaW9zdV9aNWtmdDg6WDJ2Z1hoM0xGdG85c0R4VVJid1A=
accept: */*

Response DefaultHttpResponse(decodeResult: success, version: HTTP/1.1)
HTTP/1.1 200 OK
Server: nginx
Date: Mon, 05 Jun 2023 06:54:47 GMT
Content-Type: application/json; charset=utf-8
Content-Length: 14
Connection: keep-alive
Source-From: 02
x-powered-by: Express
vary: X-HTTP-Method-Override
etag: W/"e-9/1BuKMgFObM1mWJm+YjxtXJnUM"

01:54:47.222 [AsyncHttpClient-1-4] DEBUG org.asynchttpclient.netty.channel.ChannelManager -- Adding key: https://hub-cloud.browserstack.com:443 for channel [id: 0xbc36bb7a, L:/192.168.1.60:63613 - R:hub-cloud.browserstack.com/207.254.8.9:443]
01:54:47.224 [Forwarding findElement on session da647b3d1e66fd1dd37a67a376ea43f20167d90e to remote] DEBUG org.asynchttpclient.netty.request.NettyRequestSender -- Using pooled Channel '[id: 0xbc36bb7a, L:/192.168.1.60:63613 - R:hub-cloud.browserstack.com/207.254.8.9:443]' for 'POST' to 'https://cesarstevenriosu_Z5kft8:X2vgXh3LFto9sDxURbwP@hub-cloud.browserstack.com/wd/hub/session/da647b3d1e66fd1dd37a67a376ea43f20167d90e/element'
01:54:47.224 [Forwarding findElement on session da647b3d1e66fd1dd37a67a376ea43f20167d90e to remote] DEBUG org.asynchttpclient.netty.request.NettyRequestSender -- Using open Channel [id: 0xbc36bb7a, L:/192.168.1.60:63613 - R:hub-cloud.browserstack.com/207.254.8.9:443] for POST '/wd/hub/session/da647b3d1e66fd1dd37a67a376ea43f20167d90e/element'
01:54:47.419 [AsyncHttpClient-1-4] DEBUG org.asynchttpclient.netty.handler.HttpHandler -- 

Request DefaultHttpRequest(decodeResult: success, version: HTTP/1.1)
POST /wd/hub/session/da647b3d1e66fd1dd37a67a376ea43f20167d90e/element HTTP/1.1
User-Agent: appium/8.3.0 (selenium/4.8.0 (java mac))
Content-Length: 131
Content-Type: application/json; charset=utf-8
host: hub-cloud.browserstack.com
authorization: Basic Y2VzYXJzdGV2ZW5yaW9zdV9aNWtmdDg6WDJ2Z1hoM0xGdG85c0R4VVJid1A=
accept: */*

Response DefaultHttpResponse(decodeResult: success, version: HTTP/1.1)
HTTP/1.1 404 Not Found
Server: nginx
Date: Mon, 05 Jun 2023 06:54:47 GMT
Content-Type: application/json; charset=utf-8
Transfer-Encoding: chunked
Connection: keep-alive
Source-From: 02

01:54:47.420 [AsyncHttpClient-1-4] DEBUG org.asynchttpclient.netty.channel.ChannelManager -- Adding key: https://hub-cloud.browserstack.com:443 for channel [id: 0xbc36bb7a, L:/192.168.1.60:63613 - R:hub-cloud.browserstack.com/207.254.8.9:443]
01:54:47.423 [Forwarding setTimeout on session da647b3d1e66fd1dd37a67a376ea43f20167d90e to remote] DEBUG org.asynchttpclient.netty.request.NettyRequestSender -- Using pooled Channel '[id: 0xbc36bb7a, L:/192.168.1.60:63613 - R:hub-cloud.browserstack.com/207.254.8.9:443]' for 'POST' to 'https://cesarstevenriosu_Z5kft8:X2vgXh3LFto9sDxURbwP@hub-cloud.browserstack.com/wd/hub/session/da647b3d1e66fd1dd37a67a376ea43f20167d90e/timeouts'
01:54:47.423 [Forwarding setTimeout on session da647b3d1e66fd1dd37a67a376ea43f20167d90e to remote] DEBUG org.asynchttpclient.netty.request.NettyRequestSender -- Using open Channel [id: 0xbc36bb7a, L:/192.168.1.60:63613 - R:hub-cloud.browserstack.com/207.254.8.9:443] for POST '/wd/hub/session/da647b3d1e66fd1dd37a67a376ea43f20167d90e/timeouts'
01:54:47.507 [AsyncHttpClient-1-4] DEBUG org.asynchttpclient.netty.handler.HttpHandler -- 

Request DefaultHttpRequest(decodeResult: success, version: HTTP/1.1)
POST /wd/hub/session/da647b3d1e66fd1dd37a67a376ea43f20167d90e/timeouts HTTP/1.1
User-Agent: appium/8.3.0 (selenium/4.8.0 (java mac))
Content-Length: 23
Content-Type: application/json; charset=utf-8
host: hub-cloud.browserstack.com
authorization: Basic Y2VzYXJzdGV2ZW5yaW9zdV9aNWtmdDg6WDJ2Z1hoM0xGdG85c0R4VVJid1A=
accept: */*

Response DefaultHttpResponse(decodeResult: success, version: HTTP/1.1)
HTTP/1.1 200 OK
Server: nginx
Date: Mon, 05 Jun 2023 06:54:47 GMT
Content-Type: application/json; charset=utf-8
Content-Length: 14
Connection: keep-alive
Source-From: 02
x-powered-by: Express
vary: X-HTTP-Method-Override
etag: W/"e-9/1BuKMgFObM1mWJm+YjxtXJnUM"

01:54:47.507 [AsyncHttpClient-1-4] DEBUG org.asynchttpclient.netty.channel.ChannelManager -- Adding key: https://hub-cloud.browserstack.com:443 for channel [id: 0xbc36bb7a, L:/192.168.1.60:63613 - R:hub-cloud.browserstack.com/207.254.8.9:443]
01:54:47.566 [Forwarding setTimeout on session da647b3d1e66fd1dd37a67a376ea43f20167d90e to remote] DEBUG org.asynchttpclient.netty.request.NettyRequestSender -- Using pooled Channel '[id: 0xbc36bb7a, L:/192.168.1.60:63613 - R:hub-cloud.browserstack.com/207.254.8.9:443]' for 'POST' to 'https://cesarstevenriosu_Z5kft8:X2vgXh3LFto9sDxURbwP@hub-cloud.browserstack.com/wd/hub/session/da647b3d1e66fd1dd37a67a376ea43f20167d90e/timeouts'
01:54:47.566 [Forwarding setTimeout on session da647b3d1e66fd1dd37a67a376ea43f20167d90e to remote] DEBUG org.asynchttpclient.netty.request.NettyRequestSender -- Using open Channel [id: 0xbc36bb7a, L:/192.168.1.60:63613 - R:hub-cloud.browserstack.com/207.254.8.9:443] for POST '/wd/hub/session/da647b3d1e66fd1dd37a67a376ea43f20167d90e/timeouts'
01:54:47.664 [AsyncHttpClient-1-4] DEBUG org.asynchttpclient.netty.handler.HttpHandler -- 

Request DefaultHttpRequest(decodeResult: success, version: HTTP/1.1)
POST /wd/hub/session/da647b3d1e66fd1dd37a67a376ea43f20167d90e/timeouts HTTP/1.1
User-Agent: appium/8.3.0 (selenium/4.8.0 (java mac))
Content-Length: 19
Content-Type: application/json; charset=utf-8
host: hub-cloud.browserstack.com
authorization: Basic Y2VzYXJzdGV2ZW5yaW9zdV9aNWtmdDg6WDJ2Z1hoM0xGdG85c0R4VVJid1A=
accept: */*

Response DefaultHttpResponse(decodeResult: success, version: HTTP/1.1)
HTTP/1.1 200 OK
Server: nginx
Date: Mon, 05 Jun 2023 06:54:47 GMT
Content-Type: application/json; charset=utf-8
Content-Length: 14
Connection: keep-alive
Source-From: 02
x-powered-by: Express
vary: X-HTTP-Method-Override
etag: W/"e-9/1BuKMgFObM1mWJm+YjxtXJnUM"

01:54:47.664 [AsyncHttpClient-1-4] DEBUG org.asynchttpclient.netty.channel.ChannelManager -- Adding key: https://hub-cloud.browserstack.com:443 for channel [id: 0xbc36bb7a, L:/192.168.1.60:63613 - R:hub-cloud.browserstack.com/207.254.8.9:443]
01:54:47.669 [Forwarding findElement on session da647b3d1e66fd1dd37a67a376ea43f20167d90e to remote] DEBUG org.asynchttpclient.netty.request.NettyRequestSender -- Using pooled Channel '[id: 0xbc36bb7a, L:/192.168.1.60:63613 - R:hub-cloud.browserstack.com/207.254.8.9:443]' for 'POST' to 'https://cesarstevenriosu_Z5kft8:X2vgXh3LFto9sDxURbwP@hub-cloud.browserstack.com/wd/hub/session/da647b3d1e66fd1dd37a67a376ea43f20167d90e/element'
01:54:47.669 [Forwarding findElement on session da647b3d1e66fd1dd37a67a376ea43f20167d90e to remote] DEBUG org.asynchttpclient.netty.request.NettyRequestSender -- Using open Channel [id: 0xbc36bb7a, L:/192.168.1.60:63613 - R:hub-cloud.browserstack.com/207.254.8.9:443] for POST '/wd/hub/session/da647b3d1e66fd1dd37a67a376ea43f20167d90e/element'
01:54:47.916 [AsyncHttpClient-1-4] DEBUG org.asynchttpclient.netty.handler.HttpHandler -- 

Request DefaultHttpRequest(decodeResult: success, version: HTTP/1.1)
POST /wd/hub/session/da647b3d1e66fd1dd37a67a376ea43f20167d90e/element HTTP/1.1
User-Agent: appium/8.3.0 (selenium/4.8.0 (java mac))
Content-Length: 131
Content-Type: application/json; charset=utf-8
host: hub-cloud.browserstack.com
authorization: Basic Y2VzYXJzdGV2ZW5yaW9zdV9aNWtmdDg6WDJ2Z1hoM0xGdG85c0R4VVJid1A=
accept: */*

Response DefaultHttpResponse(decodeResult: success, version: HTTP/1.1)
HTTP/1.1 404 Not Found
Server: nginx
Date: Mon, 05 Jun 2023 06:54:48 GMT
Content-Type: application/json; charset=utf-8
Transfer-Encoding: chunked
Connection: keep-alive
Source-From: 02

01:54:47.917 [AsyncHttpClient-1-4] DEBUG org.asynchttpclient.netty.channel.ChannelManager -- Adding key: https://hub-cloud.browserstack.com:443 for channel [id: 0xbc36bb7a, L:/192.168.1.60:63613 - R:hub-cloud.browserstack.com/207.254.8.9:443]
01:54:47.919 [Forwarding setTimeout on session da647b3d1e66fd1dd37a67a376ea43f20167d90e to remote] DEBUG org.asynchttpclient.netty.request.NettyRequestSender -- Using pooled Channel '[id: 0xbc36bb7a, L:/192.168.1.60:63613 - R:hub-cloud.browserstack.com/207.254.8.9:443]' for 'POST' to 'https://cesarstevenriosu_Z5kft8:X2vgXh3LFto9sDxURbwP@hub-cloud.browserstack.com/wd/hub/session/da647b3d1e66fd1dd37a67a376ea43f20167d90e/timeouts'
01:54:47.919 [Forwarding setTimeout on session da647b3d1e66fd1dd37a67a376ea43f20167d90e to remote] DEBUG org.asynchttpclient.netty.request.NettyRequestSender -- Using open Channel [id: 0xbc36bb7a, L:/192.168.1.60:63613 - R:hub-cloud.browserstack.com/207.254.8.9:443] for POST '/wd/hub/session/da647b3d1e66fd1dd37a67a376ea43f20167d90e/timeouts'
01:54:48.018 [AsyncHttpClient-1-4] DEBUG org.asynchttpclient.netty.handler.HttpHandler -- 

Request DefaultHttpRequest(decodeResult: success, version: HTTP/1.1)
POST /wd/hub/session/da647b3d1e66fd1dd37a67a376ea43f20167d90e/timeouts HTTP/1.1
User-Agent: appium/8.3.0 (selenium/4.8.0 (java mac))
Content-Length: 23
Content-Type: application/json; charset=utf-8
host: hub-cloud.browserstack.com
authorization: Basic Y2VzYXJzdGV2ZW5yaW9zdV9aNWtmdDg6WDJ2Z1hoM0xGdG85c0R4VVJid1A=
accept: */*

Response DefaultHttpResponse(decodeResult: success, version: HTTP/1.1)
HTTP/1.1 200 OK
Server: nginx
Date: Mon, 05 Jun 2023 06:54:48 GMT
Content-Type: application/json; charset=utf-8
Content-Length: 14
Connection: keep-alive
Source-From: 02
x-powered-by: Express
vary: X-HTTP-Method-Override
etag: W/"e-9/1BuKMgFObM1mWJm+YjxtXJnUM"

01:54:48.018 [AsyncHttpClient-1-4] DEBUG org.asynchttpclient.netty.channel.ChannelManager -- Adding key: https://hub-cloud.browserstack.com:443 for channel [id: 0xbc36bb7a, L:/192.168.1.60:63613 - R:hub-cloud.browserstack.com/207.254.8.9:443]
01:54:48.079 [Forwarding setTimeout on session da647b3d1e66fd1dd37a67a376ea43f20167d90e to remote] DEBUG org.asynchttpclient.netty.request.NettyRequestSender -- Using pooled Channel '[id: 0xbc36bb7a, L:/192.168.1.60:63613 - R:hub-cloud.browserstack.com/207.254.8.9:443]' for 'POST' to 'https://cesarstevenriosu_Z5kft8:X2vgXh3LFto9sDxURbwP@hub-cloud.browserstack.com/wd/hub/session/da647b3d1e66fd1dd37a67a376ea43f20167d90e/timeouts'
01:54:48.079 [Forwarding setTimeout on session da647b3d1e66fd1dd37a67a376ea43f20167d90e to remote] DEBUG org.asynchttpclient.netty.request.NettyRequestSender -- Using open Channel [id: 0xbc36bb7a, L:/192.168.1.60:63613 - R:hub-cloud.browserstack.com/207.254.8.9:443] for POST '/wd/hub/session/da647b3d1e66fd1dd37a67a376ea43f20167d90e/timeouts'
01:54:48.176 [AsyncHttpClient-1-4] DEBUG org.asynchttpclient.netty.handler.HttpHandler -- 

Request DefaultHttpRequest(decodeResult: success, version: HTTP/1.1)
POST /wd/hub/session/da647b3d1e66fd1dd37a67a376ea43f20167d90e/timeouts HTTP/1.1
User-Agent: appium/8.3.0 (selenium/4.8.0 (java mac))
Content-Length: 19
Content-Type: application/json; charset=utf-8
host: hub-cloud.browserstack.com
authorization: Basic Y2VzYXJzdGV2ZW5yaW9zdV9aNWtmdDg6WDJ2Z1hoM0xGdG85c0R4VVJid1A=
accept: */*

Response DefaultHttpResponse(decodeResult: success, version: HTTP/1.1)
HTTP/1.1 200 OK
Server: nginx
Date: Mon, 05 Jun 2023 06:54:48 GMT
Content-Type: application/json; charset=utf-8
Content-Length: 14
Connection: keep-alive
Source-From: 02
x-powered-by: Express
vary: X-HTTP-Method-Override
etag: W/"e-9/1BuKMgFObM1mWJm+YjxtXJnUM"

01:54:48.177 [AsyncHttpClient-1-4] DEBUG org.asynchttpclient.netty.channel.ChannelManager -- Adding key: https://hub-cloud.browserstack.com:443 for channel [id: 0xbc36bb7a, L:/192.168.1.60:63613 - R:hub-cloud.browserstack.com/207.254.8.9:443]
01:54:48.180 [Forwarding findElement on session da647b3d1e66fd1dd37a67a376ea43f20167d90e to remote] DEBUG org.asynchttpclient.netty.request.NettyRequestSender -- Using pooled Channel '[id: 0xbc36bb7a, L:/192.168.1.60:63613 - R:hub-cloud.browserstack.com/207.254.8.9:443]' for 'POST' to 'https://cesarstevenriosu_Z5kft8:X2vgXh3LFto9sDxURbwP@hub-cloud.browserstack.com/wd/hub/session/da647b3d1e66fd1dd37a67a376ea43f20167d90e/element'
01:54:48.180 [Forwarding findElement on session da647b3d1e66fd1dd37a67a376ea43f20167d90e to remote] DEBUG org.asynchttpclient.netty.request.NettyRequestSender -- Using open Channel [id: 0xbc36bb7a, L:/192.168.1.60:63613 - R:hub-cloud.browserstack.com/207.254.8.9:443] for POST '/wd/hub/session/da647b3d1e66fd1dd37a67a376ea43f20167d90e/element'
01:54:48.435 [AsyncHttpClient-1-4] DEBUG org.asynchttpclient.netty.handler.HttpHandler -- 

Request DefaultHttpRequest(decodeResult: success, version: HTTP/1.1)
POST /wd/hub/session/da647b3d1e66fd1dd37a67a376ea43f20167d90e/element HTTP/1.1
User-Agent: appium/8.3.0 (selenium/4.8.0 (java mac))
Content-Length: 131
Content-Type: application/json; charset=utf-8
host: hub-cloud.browserstack.com
authorization: Basic Y2VzYXJzdGV2ZW5yaW9zdV9aNWtmdDg6WDJ2Z1hoM0xGdG85c0R4VVJid1A=
accept: */*

Response DefaultHttpResponse(decodeResult: success, version: HTTP/1.1)
HTTP/1.1 404 Not Found
Server: nginx
Date: Mon, 05 Jun 2023 06:54:48 GMT
Content-Type: application/json; charset=utf-8
Transfer-Encoding: chunked
Connection: keep-alive
Source-From: 02

01:54:48.436 [AsyncHttpClient-1-4] DEBUG org.asynchttpclient.netty.channel.ChannelManager -- Adding key: https://hub-cloud.browserstack.com:443 for channel [id: 0xbc36bb7a, L:/192.168.1.60:63613 - R:hub-cloud.browserstack.com/207.254.8.9:443]
01:54:48.440 [Forwarding setTimeout on session da647b3d1e66fd1dd37a67a376ea43f20167d90e to remote] DEBUG org.asynchttpclient.netty.request.NettyRequestSender -- Using pooled Channel '[id: 0xbc36bb7a, L:/192.168.1.60:63613 - R:hub-cloud.browserstack.com/207.254.8.9:443]' for 'POST' to 'https://cesarstevenriosu_Z5kft8:X2vgXh3LFto9sDxURbwP@hub-cloud.browserstack.com/wd/hub/session/da647b3d1e66fd1dd37a67a376ea43f20167d90e/timeouts'
01:54:48.440 [Forwarding setTimeout on session da647b3d1e66fd1dd37a67a376ea43f20167d90e to remote] DEBUG org.asynchttpclient.netty.request.NettyRequestSender -- Using open Channel [id: 0xbc36bb7a, L:/192.168.1.60:63613 - R:hub-cloud.browserstack.com/207.254.8.9:443] for POST '/wd/hub/session/da647b3d1e66fd1dd37a67a376ea43f20167d90e/timeouts'
01:54:48.572 [AsyncHttpClient-1-4] DEBUG org.asynchttpclient.netty.handler.HttpHandler -- 

Request DefaultHttpRequest(decodeResult: success, version: HTTP/1.1)
POST /wd/hub/session/da647b3d1e66fd1dd37a67a376ea43f20167d90e/timeouts HTTP/1.1
User-Agent: appium/8.3.0 (selenium/4.8.0 (java mac))
Content-Length: 23
Content-Type: application/json; charset=utf-8
host: hub-cloud.browserstack.com
authorization: Basic Y2VzYXJzdGV2ZW5yaW9zdV9aNWtmdDg6WDJ2Z1hoM0xGdG85c0R4VVJid1A=
accept: */*

Response DefaultHttpResponse(decodeResult: success, version: HTTP/1.1)
HTTP/1.1 200 OK
Server: nginx
Date: Mon, 05 Jun 2023 06:54:48 GMT
Content-Type: application/json; charset=utf-8
Content-Length: 14
Connection: keep-alive
Source-From: 02
x-powered-by: Express
vary: X-HTTP-Method-Override
etag: W/"e-9/1BuKMgFObM1mWJm+YjxtXJnUM"

01:54:48.572 [AsyncHttpClient-1-4] DEBUG org.asynchttpclient.netty.channel.ChannelManager -- Adding key: https://hub-cloud.browserstack.com:443 for channel [id: 0xbc36bb7a, L:/192.168.1.60:63613 - R:hub-cloud.browserstack.com/207.254.8.9:443]
01:54:48.629 [Forwarding setTimeout on session da647b3d1e66fd1dd37a67a376ea43f20167d90e to remote] DEBUG org.asynchttpclient.netty.request.NettyRequestSender -- Using pooled Channel '[id: 0xbc36bb7a, L:/192.168.1.60:63613 - R:hub-cloud.browserstack.com/207.254.8.9:443]' for 'POST' to 'https://cesarstevenriosu_Z5kft8:X2vgXh3LFto9sDxURbwP@hub-cloud.browserstack.com/wd/hub/session/da647b3d1e66fd1dd37a67a376ea43f20167d90e/timeouts'
01:54:48.629 [Forwarding setTimeout on session da647b3d1e66fd1dd37a67a376ea43f20167d90e to remote] DEBUG org.asynchttpclient.netty.request.NettyRequestSender -- Using open Channel [id: 0xbc36bb7a, L:/192.168.1.60:63613 - R:hub-cloud.browserstack.com/207.254.8.9:443] for POST '/wd/hub/session/da647b3d1e66fd1dd37a67a376ea43f20167d90e/timeouts'
01:54:48.718 [AsyncHttpClient-1-4] DEBUG org.asynchttpclient.netty.handler.HttpHandler -- 

Request DefaultHttpRequest(decodeResult: success, version: HTTP/1.1)
POST /wd/hub/session/da647b3d1e66fd1dd37a67a376ea43f20167d90e/timeouts HTTP/1.1
User-Agent: appium/8.3.0 (selenium/4.8.0 (java mac))
Content-Length: 19
Content-Type: application/json; charset=utf-8
host: hub-cloud.browserstack.com
authorization: Basic Y2VzYXJzdGV2ZW5yaW9zdV9aNWtmdDg6WDJ2Z1hoM0xGdG85c0R4VVJid1A=
accept: */*

Response DefaultHttpResponse(decodeResult: success, version: HTTP/1.1)
HTTP/1.1 200 OK
Server: nginx
Date: Mon, 05 Jun 2023 06:54:48 GMT
Content-Type: application/json; charset=utf-8
Content-Length: 14
Connection: keep-alive
Source-From: 02
x-powered-by: Express
vary: X-HTTP-Method-Override
etag: W/"e-9/1BuKMgFObM1mWJm+YjxtXJnUM"

01:54:48.718 [AsyncHttpClient-1-4] DEBUG org.asynchttpclient.netty.channel.ChannelManager -- Adding key: https://hub-cloud.browserstack.com:443 for channel [id: 0xbc36bb7a, L:/192.168.1.60:63613 - R:hub-cloud.browserstack.com/207.254.8.9:443]
01:54:48.720 [Forwarding findElement on session da647b3d1e66fd1dd37a67a376ea43f20167d90e to remote] DEBUG org.asynchttpclient.netty.request.NettyRequestSender -- Using pooled Channel '[id: 0xbc36bb7a, L:/192.168.1.60:63613 - R:hub-cloud.browserstack.com/207.254.8.9:443]' for 'POST' to 'https://cesarstevenriosu_Z5kft8:X2vgXh3LFto9sDxURbwP@hub-cloud.browserstack.com/wd/hub/session/da647b3d1e66fd1dd37a67a376ea43f20167d90e/element'
01:54:48.720 [Forwarding findElement on session da647b3d1e66fd1dd37a67a376ea43f20167d90e to remote] DEBUG org.asynchttpclient.netty.request.NettyRequestSender -- Using open Channel [id: 0xbc36bb7a, L:/192.168.1.60:63613 - R:hub-cloud.browserstack.com/207.254.8.9:443] for POST '/wd/hub/session/da647b3d1e66fd1dd37a67a376ea43f20167d90e/element'
01:54:49.013 [AsyncHttpClient-1-4] DEBUG org.asynchttpclient.netty.handler.HttpHandler -- 

Request DefaultHttpRequest(decodeResult: success, version: HTTP/1.1)
POST /wd/hub/session/da647b3d1e66fd1dd37a67a376ea43f20167d90e/element HTTP/1.1
User-Agent: appium/8.3.0 (selenium/4.8.0 (java mac))
Content-Length: 131
Content-Type: application/json; charset=utf-8
host: hub-cloud.browserstack.com
authorization: Basic Y2VzYXJzdGV2ZW5yaW9zdV9aNWtmdDg6WDJ2Z1hoM0xGdG85c0R4VVJid1A=
accept: */*

Response DefaultHttpResponse(decodeResult: success, version: HTTP/1.1)
HTTP/1.1 404 Not Found
Server: nginx
Date: Mon, 05 Jun 2023 06:54:49 GMT
Content-Type: application/json; charset=utf-8
Transfer-Encoding: chunked
Connection: keep-alive
Source-From: 02

01:54:49.013 [AsyncHttpClient-1-4] DEBUG org.asynchttpclient.netty.channel.ChannelManager -- Adding key: https://hub-cloud.browserstack.com:443 for channel [id: 0xbc36bb7a, L:/192.168.1.60:63613 - R:hub-cloud.browserstack.com/207.254.8.9:443]
01:54:49.016 [Forwarding setTimeout on session da647b3d1e66fd1dd37a67a376ea43f20167d90e to remote] DEBUG org.asynchttpclient.netty.request.NettyRequestSender -- Using pooled Channel '[id: 0xbc36bb7a, L:/192.168.1.60:63613 - R:hub-cloud.browserstack.com/207.254.8.9:443]' for 'POST' to 'https://cesarstevenriosu_Z5kft8:X2vgXh3LFto9sDxURbwP@hub-cloud.browserstack.com/wd/hub/session/da647b3d1e66fd1dd37a67a376ea43f20167d90e/timeouts'
01:54:49.016 [Forwarding setTimeout on session da647b3d1e66fd1dd37a67a376ea43f20167d90e to remote] DEBUG org.asynchttpclient.netty.request.NettyRequestSender -- Using open Channel [id: 0xbc36bb7a, L:/192.168.1.60:63613 - R:hub-cloud.browserstack.com/207.254.8.9:443] for POST '/wd/hub/session/da647b3d1e66fd1dd37a67a376ea43f20167d90e/timeouts'
01:54:49.133 [AsyncHttpClient-1-4] DEBUG org.asynchttpclient.netty.handler.HttpHandler -- 

Request DefaultHttpRequest(decodeResult: success, version: HTTP/1.1)
POST /wd/hub/session/da647b3d1e66fd1dd37a67a376ea43f20167d90e/timeouts HTTP/1.1
User-Agent: appium/8.3.0 (selenium/4.8.0 (java mac))
Content-Length: 23
Content-Type: application/json; charset=utf-8
host: hub-cloud.browserstack.com
authorization: Basic Y2VzYXJzdGV2ZW5yaW9zdV9aNWtmdDg6WDJ2Z1hoM0xGdG85c0R4VVJid1A=
accept: */*

Response DefaultHttpResponse(decodeResult: success, version: HTTP/1.1)
HTTP/1.1 200 OK
Server: nginx
Date: Mon, 05 Jun 2023 06:54:49 GMT
Content-Type: application/json; charset=utf-8
Content-Length: 14
Connection: keep-alive
Source-From: 02
x-powered-by: Express
vary: X-HTTP-Method-Override
etag: W/"e-9/1BuKMgFObM1mWJm+YjxtXJnUM"

01:54:49.133 [AsyncHttpClient-1-4] DEBUG org.asynchttpclient.netty.channel.ChannelManager -- Adding key: https://hub-cloud.browserstack.com:443 for channel [id: 0xbc36bb7a, L:/192.168.1.60:63613 - R:hub-cloud.browserstack.com/207.254.8.9:443]
01:54:49.191 [Forwarding setTimeout on session da647b3d1e66fd1dd37a67a376ea43f20167d90e to remote] DEBUG org.asynchttpclient.netty.request.NettyRequestSender -- Using pooled Channel '[id: 0xbc36bb7a, L:/192.168.1.60:63613 - R:hub-cloud.browserstack.com/207.254.8.9:443]' for 'POST' to 'https://cesarstevenriosu_Z5kft8:X2vgXh3LFto9sDxURbwP@hub-cloud.browserstack.com/wd/hub/session/da647b3d1e66fd1dd37a67a376ea43f20167d90e/timeouts'
01:54:49.191 [Forwarding setTimeout on session da647b3d1e66fd1dd37a67a376ea43f20167d90e to remote] DEBUG org.asynchttpclient.netty.request.NettyRequestSender -- Using open Channel [id: 0xbc36bb7a, L:/192.168.1.60:63613 - R:hub-cloud.browserstack.com/207.254.8.9:443] for POST '/wd/hub/session/da647b3d1e66fd1dd37a67a376ea43f20167d90e/timeouts'
01:54:49.303 [AsyncHttpClient-1-4] DEBUG org.asynchttpclient.netty.handler.HttpHandler -- 

Request DefaultHttpRequest(decodeResult: success, version: HTTP/1.1)
POST /wd/hub/session/da647b3d1e66fd1dd37a67a376ea43f20167d90e/timeouts HTTP/1.1
User-Agent: appium/8.3.0 (selenium/4.8.0 (java mac))
Content-Length: 19
Content-Type: application/json; charset=utf-8
host: hub-cloud.browserstack.com
authorization: Basic Y2VzYXJzdGV2ZW5yaW9zdV9aNWtmdDg6WDJ2Z1hoM0xGdG85c0R4VVJid1A=
accept: */*

Response DefaultHttpResponse(decodeResult: success, version: HTTP/1.1)
HTTP/1.1 200 OK
Server: nginx
Date: Mon, 05 Jun 2023 06:54:49 GMT
Content-Type: application/json; charset=utf-8
Content-Length: 14
Connection: keep-alive
Source-From: 02
x-powered-by: Express
vary: X-HTTP-Method-Override
etag: W/"e-9/1BuKMgFObM1mWJm+YjxtXJnUM"

01:54:49.303 [AsyncHttpClient-1-4] DEBUG org.asynchttpclient.netty.channel.ChannelManager -- Adding key: https://hub-cloud.browserstack.com:443 for channel [id: 0xbc36bb7a, L:/192.168.1.60:63613 - R:hub-cloud.browserstack.com/207.254.8.9:443]
01:54:49.306 [Forwarding findElement on session da647b3d1e66fd1dd37a67a376ea43f20167d90e to remote] DEBUG org.asynchttpclient.netty.request.NettyRequestSender -- Using pooled Channel '[id: 0xbc36bb7a, L:/192.168.1.60:63613 - R:hub-cloud.browserstack.com/207.254.8.9:443]' for 'POST' to 'https://cesarstevenriosu_Z5kft8:X2vgXh3LFto9sDxURbwP@hub-cloud.browserstack.com/wd/hub/session/da647b3d1e66fd1dd37a67a376ea43f20167d90e/element'
01:54:49.306 [Forwarding findElement on session da647b3d1e66fd1dd37a67a376ea43f20167d90e to remote] DEBUG org.asynchttpclient.netty.request.NettyRequestSender -- Using open Channel [id: 0xbc36bb7a, L:/192.168.1.60:63613 - R:hub-cloud.browserstack.com/207.254.8.9:443] for POST '/wd/hub/session/da647b3d1e66fd1dd37a67a376ea43f20167d90e/element'
01:54:49.960 [AsyncHttpClient-1-4] DEBUG org.asynchttpclient.netty.handler.HttpHandler -- 

Request DefaultHttpRequest(decodeResult: success, version: HTTP/1.1)
POST /wd/hub/session/da647b3d1e66fd1dd37a67a376ea43f20167d90e/element HTTP/1.1
User-Agent: appium/8.3.0 (selenium/4.8.0 (java mac))
Content-Length: 131
Content-Type: application/json; charset=utf-8
host: hub-cloud.browserstack.com
authorization: Basic Y2VzYXJzdGV2ZW5yaW9zdV9aNWtmdDg6WDJ2Z1hoM0xGdG85c0R4VVJid1A=
accept: */*

Response DefaultHttpResponse(decodeResult: success, version: HTTP/1.1)
HTTP/1.1 404 Not Found
Server: nginx
Date: Mon, 05 Jun 2023 06:54:49 GMT
Content-Type: application/json; charset=utf-8
Transfer-Encoding: chunked
Connection: keep-alive
Source-From: 02

01:54:49.964 [AsyncHttpClient-1-4] DEBUG org.asynchttpclient.netty.channel.ChannelManager -- Adding key: https://hub-cloud.browserstack.com:443 for channel [id: 0xbc36bb7a, L:/192.168.1.60:63613 - R:hub-cloud.browserstack.com/207.254.8.9:443]
01:54:49.967 [Forwarding setTimeout on session da647b3d1e66fd1dd37a67a376ea43f20167d90e to remote] DEBUG org.asynchttpclient.netty.request.NettyRequestSender -- Using pooled Channel '[id: 0xbc36bb7a, L:/192.168.1.60:63613 - R:hub-cloud.browserstack.com/207.254.8.9:443]' for 'POST' to 'https://cesarstevenriosu_Z5kft8:X2vgXh3LFto9sDxURbwP@hub-cloud.browserstack.com/wd/hub/session/da647b3d1e66fd1dd37a67a376ea43f20167d90e/timeouts'
01:54:49.967 [Forwarding setTimeout on session da647b3d1e66fd1dd37a67a376ea43f20167d90e to remote] DEBUG org.asynchttpclient.netty.request.NettyRequestSender -- Using open Channel [id: 0xbc36bb7a, L:/192.168.1.60:63613 - R:hub-cloud.browserstack.com/207.254.8.9:443] for POST '/wd/hub/session/da647b3d1e66fd1dd37a67a376ea43f20167d90e/timeouts'
01:54:50.057 [AsyncHttpClient-1-4] DEBUG org.asynchttpclient.netty.handler.HttpHandler -- 

Request DefaultHttpRequest(decodeResult: success, version: HTTP/1.1)
POST /wd/hub/session/da647b3d1e66fd1dd37a67a376ea43f20167d90e/timeouts HTTP/1.1
User-Agent: appium/8.3.0 (selenium/4.8.0 (java mac))
Content-Length: 23
Content-Type: application/json; charset=utf-8
host: hub-cloud.browserstack.com
authorization: Basic Y2VzYXJzdGV2ZW5yaW9zdV9aNWtmdDg6WDJ2Z1hoM0xGdG85c0R4VVJid1A=
accept: */*

Response DefaultHttpResponse(decodeResult: success, version: HTTP/1.1)
HTTP/1.1 200 OK
Server: nginx
Date: Mon, 05 Jun 2023 06:54:50 GMT
Content-Type: application/json; charset=utf-8
Content-Length: 14
Connection: keep-alive
Source-From: 02
x-powered-by: Express
vary: X-HTTP-Method-Override
etag: W/"e-9/1BuKMgFObM1mWJm+YjxtXJnUM"

01:54:50.058 [AsyncHttpClient-1-4] DEBUG org.asynchttpclient.netty.channel.ChannelManager -- Adding key: https://hub-cloud.browserstack.com:443 for channel [id: 0xbc36bb7a, L:/192.168.1.60:63613 - R:hub-cloud.browserstack.com/207.254.8.9:443]
01:54:50.113 [Forwarding setTimeout on session da647b3d1e66fd1dd37a67a376ea43f20167d90e to remote] DEBUG org.asynchttpclient.netty.request.NettyRequestSender -- Using pooled Channel '[id: 0xbc36bb7a, L:/192.168.1.60:63613 - R:hub-cloud.browserstack.com/207.254.8.9:443]' for 'POST' to 'https://cesarstevenriosu_Z5kft8:X2vgXh3LFto9sDxURbwP@hub-cloud.browserstack.com/wd/hub/session/da647b3d1e66fd1dd37a67a376ea43f20167d90e/timeouts'
01:54:50.113 [Forwarding setTimeout on session da647b3d1e66fd1dd37a67a376ea43f20167d90e to remote] DEBUG org.asynchttpclient.netty.request.NettyRequestSender -- Using open Channel [id: 0xbc36bb7a, L:/192.168.1.60:63613 - R:hub-cloud.browserstack.com/207.254.8.9:443] for POST '/wd/hub/session/da647b3d1e66fd1dd37a67a376ea43f20167d90e/timeouts'
01:54:50.227 [AsyncHttpClient-1-4] DEBUG org.asynchttpclient.netty.handler.HttpHandler -- 

Request DefaultHttpRequest(decodeResult: success, version: HTTP/1.1)
POST /wd/hub/session/da647b3d1e66fd1dd37a67a376ea43f20167d90e/timeouts HTTP/1.1
User-Agent: appium/8.3.0 (selenium/4.8.0 (java mac))
Content-Length: 19
Content-Type: application/json; charset=utf-8
host: hub-cloud.browserstack.com
authorization: Basic Y2VzYXJzdGV2ZW5yaW9zdV9aNWtmdDg6WDJ2Z1hoM0xGdG85c0R4VVJid1A=
accept: */*

Response DefaultHttpResponse(decodeResult: success, version: HTTP/1.1)
HTTP/1.1 200 OK
Server: nginx
Date: Mon, 05 Jun 2023 06:54:50 GMT
Content-Type: application/json; charset=utf-8
Content-Length: 14
Connection: keep-alive
Source-From: 02
x-powered-by: Express
vary: X-HTTP-Method-Override
etag: W/"e-9/1BuKMgFObM1mWJm+YjxtXJnUM"

01:54:50.227 [AsyncHttpClient-1-4] DEBUG org.asynchttpclient.netty.channel.ChannelManager -- Adding key: https://hub-cloud.browserstack.com:443 for channel [id: 0xbc36bb7a, L:/192.168.1.60:63613 - R:hub-cloud.browserstack.com/207.254.8.9:443]
01:54:50.233 [Forwarding findElement on session da647b3d1e66fd1dd37a67a376ea43f20167d90e to remote] DEBUG org.asynchttpclient.netty.request.NettyRequestSender -- Using pooled Channel '[id: 0xbc36bb7a, L:/192.168.1.60:63613 - R:hub-cloud.browserstack.com/207.254.8.9:443]' for 'POST' to 'https://cesarstevenriosu_Z5kft8:X2vgXh3LFto9sDxURbwP@hub-cloud.browserstack.com/wd/hub/session/da647b3d1e66fd1dd37a67a376ea43f20167d90e/element'
01:54:50.233 [Forwarding findElement on session da647b3d1e66fd1dd37a67a376ea43f20167d90e to remote] DEBUG org.asynchttpclient.netty.request.NettyRequestSender -- Using open Channel [id: 0xbc36bb7a, L:/192.168.1.60:63613 - R:hub-cloud.browserstack.com/207.254.8.9:443] for POST '/wd/hub/session/da647b3d1e66fd1dd37a67a376ea43f20167d90e/element'
01:54:50.476 [AsyncHttpClient-1-4] DEBUG org.asynchttpclient.netty.handler.HttpHandler -- 

Request DefaultHttpRequest(decodeResult: success, version: HTTP/1.1)
POST /wd/hub/session/da647b3d1e66fd1dd37a67a376ea43f20167d90e/element HTTP/1.1
User-Agent: appium/8.3.0 (selenium/4.8.0 (java mac))
Content-Length: 131
Content-Type: application/json; charset=utf-8
host: hub-cloud.browserstack.com
authorization: Basic Y2VzYXJzdGV2ZW5yaW9zdV9aNWtmdDg6WDJ2Z1hoM0xGdG85c0R4VVJid1A=
accept: */*

Response DefaultHttpResponse(decodeResult: success, version: HTTP/1.1)
HTTP/1.1 404 Not Found
Server: nginx
Date: Mon, 05 Jun 2023 06:54:50 GMT
Content-Type: application/json; charset=utf-8
Transfer-Encoding: chunked
Connection: keep-alive
Source-From: 02

01:54:50.478 [AsyncHttpClient-1-4] DEBUG org.asynchttpclient.netty.channel.ChannelManager -- Adding key: https://hub-cloud.browserstack.com:443 for channel [id: 0xbc36bb7a, L:/192.168.1.60:63613 - R:hub-cloud.browserstack.com/207.254.8.9:443]
01:54:50.482 [Forwarding setTimeout on session da647b3d1e66fd1dd37a67a376ea43f20167d90e to remote] DEBUG org.asynchttpclient.netty.request.NettyRequestSender -- Using pooled Channel '[id: 0xbc36bb7a, L:/192.168.1.60:63613 - R:hub-cloud.browserstack.com/207.254.8.9:443]' for 'POST' to 'https://cesarstevenriosu_Z5kft8:X2vgXh3LFto9sDxURbwP@hub-cloud.browserstack.com/wd/hub/session/da647b3d1e66fd1dd37a67a376ea43f20167d90e/timeouts'
01:54:50.482 [Forwarding setTimeout on session da647b3d1e66fd1dd37a67a376ea43f20167d90e to remote] DEBUG org.asynchttpclient.netty.request.NettyRequestSender -- Using open Channel [id: 0xbc36bb7a, L:/192.168.1.60:63613 - R:hub-cloud.browserstack.com/207.254.8.9:443] for POST '/wd/hub/session/da647b3d1e66fd1dd37a67a376ea43f20167d90e/timeouts'
01:54:50.630 [AsyncHttpClient-1-4] DEBUG org.asynchttpclient.netty.handler.HttpHandler -- 

Request DefaultHttpRequest(decodeResult: success, version: HTTP/1.1)
POST /wd/hub/session/da647b3d1e66fd1dd37a67a376ea43f20167d90e/timeouts HTTP/1.1
User-Agent: appium/8.3.0 (selenium/4.8.0 (java mac))
Content-Length: 23
Content-Type: application/json; charset=utf-8
host: hub-cloud.browserstack.com
authorization: Basic Y2VzYXJzdGV2ZW5yaW9zdV9aNWtmdDg6WDJ2Z1hoM0xGdG85c0R4VVJid1A=
accept: */*

Response DefaultHttpResponse(decodeResult: success, version: HTTP/1.1)
HTTP/1.1 200 OK
Server: nginx
Date: Mon, 05 Jun 2023 06:54:50 GMT
Content-Type: application/json; charset=utf-8
Content-Length: 14
Connection: keep-alive
Source-From: 02
x-powered-by: Express
vary: X-HTTP-Method-Override
etag: W/"e-9/1BuKMgFObM1mWJm+YjxtXJnUM"

01:54:50.631 [AsyncHttpClient-1-4] DEBUG org.asynchttpclient.netty.channel.ChannelManager -- Adding key: https://hub-cloud.browserstack.com:443 for channel [id: 0xbc36bb7a, L:/192.168.1.60:63613 - R:hub-cloud.browserstack.com/207.254.8.9:443]
01:54:50.687 [Forwarding setTimeout on session da647b3d1e66fd1dd37a67a376ea43f20167d90e to remote] DEBUG org.asynchttpclient.netty.request.NettyRequestSender -- Using pooled Channel '[id: 0xbc36bb7a, L:/192.168.1.60:63613 - R:hub-cloud.browserstack.com/207.254.8.9:443]' for 'POST' to 'https://cesarstevenriosu_Z5kft8:X2vgXh3LFto9sDxURbwP@hub-cloud.browserstack.com/wd/hub/session/da647b3d1e66fd1dd37a67a376ea43f20167d90e/timeouts'
01:54:50.687 [Forwarding setTimeout on session da647b3d1e66fd1dd37a67a376ea43f20167d90e to remote] DEBUG org.asynchttpclient.netty.request.NettyRequestSender -- Using open Channel [id: 0xbc36bb7a, L:/192.168.1.60:63613 - R:hub-cloud.browserstack.com/207.254.8.9:443] for POST '/wd/hub/session/da647b3d1e66fd1dd37a67a376ea43f20167d90e/timeouts'
01:54:50.790 [AsyncHttpClient-1-4] DEBUG org.asynchttpclient.netty.handler.HttpHandler -- 

Request DefaultHttpRequest(decodeResult: success, version: HTTP/1.1)
POST /wd/hub/session/da647b3d1e66fd1dd37a67a376ea43f20167d90e/timeouts HTTP/1.1
User-Agent: appium/8.3.0 (selenium/4.8.0 (java mac))
Content-Length: 19
Content-Type: application/json; charset=utf-8
host: hub-cloud.browserstack.com
authorization: Basic Y2VzYXJzdGV2ZW5yaW9zdV9aNWtmdDg6WDJ2Z1hoM0xGdG85c0R4VVJid1A=
accept: */*

Response DefaultHttpResponse(decodeResult: success, version: HTTP/1.1)
HTTP/1.1 200 OK
Server: nginx
Date: Mon, 05 Jun 2023 06:54:50 GMT
Content-Type: application/json; charset=utf-8
Content-Length: 14
Connection: keep-alive
Source-From: 02
x-powered-by: Express
vary: X-HTTP-Method-Override
etag: W/"e-9/1BuKMgFObM1mWJm+YjxtXJnUM"

01:54:50.791 [AsyncHttpClient-1-4] DEBUG org.asynchttpclient.netty.channel.ChannelManager -- Adding key: https://hub-cloud.browserstack.com:443 for channel [id: 0xbc36bb7a, L:/192.168.1.60:63613 - R:hub-cloud.browserstack.com/207.254.8.9:443]
01:54:50.795 [Forwarding findElement on session da647b3d1e66fd1dd37a67a376ea43f20167d90e to remote] DEBUG org.asynchttpclient.netty.request.NettyRequestSender -- Using pooled Channel '[id: 0xbc36bb7a, L:/192.168.1.60:63613 - R:hub-cloud.browserstack.com/207.254.8.9:443]' for 'POST' to 'https://cesarstevenriosu_Z5kft8:X2vgXh3LFto9sDxURbwP@hub-cloud.browserstack.com/wd/hub/session/da647b3d1e66fd1dd37a67a376ea43f20167d90e/element'
01:54:50.795 [Forwarding findElement on session da647b3d1e66fd1dd37a67a376ea43f20167d90e to remote] DEBUG org.asynchttpclient.netty.request.NettyRequestSender -- Using open Channel [id: 0xbc36bb7a, L:/192.168.1.60:63613 - R:hub-cloud.browserstack.com/207.254.8.9:443] for POST '/wd/hub/session/da647b3d1e66fd1dd37a67a376ea43f20167d90e/element'
01:54:51.057 [AsyncHttpClient-1-4] DEBUG org.asynchttpclient.netty.handler.HttpHandler -- 

Request DefaultHttpRequest(decodeResult: success, version: HTTP/1.1)
POST /wd/hub/session/da647b3d1e66fd1dd37a67a376ea43f20167d90e/element HTTP/1.1
User-Agent: appium/8.3.0 (selenium/4.8.0 (java mac))
Content-Length: 131
Content-Type: application/json; charset=utf-8
host: hub-cloud.browserstack.com
authorization: Basic Y2VzYXJzdGV2ZW5yaW9zdV9aNWtmdDg6WDJ2Z1hoM0xGdG85c0R4VVJid1A=
accept: */*

Response DefaultHttpResponse(decodeResult: success, version: HTTP/1.1)
HTTP/1.1 404 Not Found
Server: nginx
Date: Mon, 05 Jun 2023 06:54:51 GMT
Content-Type: application/json; charset=utf-8
Transfer-Encoding: chunked
Connection: keep-alive
Source-From: 02

01:54:51.057 [AsyncHttpClient-1-4] DEBUG org.asynchttpclient.netty.channel.ChannelManager -- Adding key: https://hub-cloud.browserstack.com:443 for channel [id: 0xbc36bb7a, L:/192.168.1.60:63613 - R:hub-cloud.browserstack.com/207.254.8.9:443]
01:54:51.061 [Forwarding setTimeout on session da647b3d1e66fd1dd37a67a376ea43f20167d90e to remote] DEBUG org.asynchttpclient.netty.request.NettyRequestSender -- Using pooled Channel '[id: 0xbc36bb7a, L:/192.168.1.60:63613 - R:hub-cloud.browserstack.com/207.254.8.9:443]' for 'POST' to 'https://cesarstevenriosu_Z5kft8:X2vgXh3LFto9sDxURbwP@hub-cloud.browserstack.com/wd/hub/session/da647b3d1e66fd1dd37a67a376ea43f20167d90e/timeouts'
01:54:51.061 [Forwarding setTimeout on session da647b3d1e66fd1dd37a67a376ea43f20167d90e to remote] DEBUG org.asynchttpclient.netty.request.NettyRequestSender -- Using open Channel [id: 0xbc36bb7a, L:/192.168.1.60:63613 - R:hub-cloud.browserstack.com/207.254.8.9:443] for POST '/wd/hub/session/da647b3d1e66fd1dd37a67a376ea43f20167d90e/timeouts'
01:54:51.154 [AsyncHttpClient-1-4] DEBUG org.asynchttpclient.netty.handler.HttpHandler -- 

Request DefaultHttpRequest(decodeResult: success, version: HTTP/1.1)
POST /wd/hub/session/da647b3d1e66fd1dd37a67a376ea43f20167d90e/timeouts HTTP/1.1
User-Agent: appium/8.3.0 (selenium/4.8.0 (java mac))
Content-Length: 23
Content-Type: application/json; charset=utf-8
host: hub-cloud.browserstack.com
authorization: Basic Y2VzYXJzdGV2ZW5yaW9zdV9aNWtmdDg6WDJ2Z1hoM0xGdG85c0R4VVJid1A=
accept: */*

Response DefaultHttpResponse(decodeResult: success, version: HTTP/1.1)
HTTP/1.1 200 OK
Server: nginx
Date: Mon, 05 Jun 2023 06:54:51 GMT
Content-Type: application/json; charset=utf-8
Content-Length: 14
Connection: keep-alive
Source-From: 02
x-powered-by: Express
vary: X-HTTP-Method-Override
etag: W/"e-9/1BuKMgFObM1mWJm+YjxtXJnUM"

01:54:51.154 [AsyncHttpClient-1-4] DEBUG org.asynchttpclient.netty.channel.ChannelManager -- Adding key: https://hub-cloud.browserstack.com:443 for channel [id: 0xbc36bb7a, L:/192.168.1.60:63613 - R:hub-cloud.browserstack.com/207.254.8.9:443]
01:54:51.214 [Forwarding setTimeout on session da647b3d1e66fd1dd37a67a376ea43f20167d90e to remote] DEBUG org.asynchttpclient.netty.request.NettyRequestSender -- Using pooled Channel '[id: 0xbc36bb7a, L:/192.168.1.60:63613 - R:hub-cloud.browserstack.com/207.254.8.9:443]' for 'POST' to 'https://cesarstevenriosu_Z5kft8:X2vgXh3LFto9sDxURbwP@hub-cloud.browserstack.com/wd/hub/session/da647b3d1e66fd1dd37a67a376ea43f20167d90e/timeouts'
01:54:51.214 [Forwarding setTimeout on session da647b3d1e66fd1dd37a67a376ea43f20167d90e to remote] DEBUG org.asynchttpclient.netty.request.NettyRequestSender -- Using open Channel [id: 0xbc36bb7a, L:/192.168.1.60:63613 - R:hub-cloud.browserstack.com/207.254.8.9:443] for POST '/wd/hub/session/da647b3d1e66fd1dd37a67a376ea43f20167d90e/timeouts'
01:54:51.336 [AsyncHttpClient-1-4] DEBUG org.asynchttpclient.netty.handler.HttpHandler -- 

Request DefaultHttpRequest(decodeResult: success, version: HTTP/1.1)
POST /wd/hub/session/da647b3d1e66fd1dd37a67a376ea43f20167d90e/timeouts HTTP/1.1
User-Agent: appium/8.3.0 (selenium/4.8.0 (java mac))
Content-Length: 19
Content-Type: application/json; charset=utf-8
host: hub-cloud.browserstack.com
authorization: Basic Y2VzYXJzdGV2ZW5yaW9zdV9aNWtmdDg6WDJ2Z1hoM0xGdG85c0R4VVJid1A=
accept: */*

Response DefaultHttpResponse(decodeResult: success, version: HTTP/1.1)
HTTP/1.1 200 OK
Server: nginx
Date: Mon, 05 Jun 2023 06:54:51 GMT
Content-Type: application/json; charset=utf-8
Content-Length: 14
Connection: keep-alive
Source-From: 02
x-powered-by: Express
vary: X-HTTP-Method-Override
etag: W/"e-9/1BuKMgFObM1mWJm+YjxtXJnUM"

01:54:51.337 [AsyncHttpClient-1-4] DEBUG org.asynchttpclient.netty.channel.ChannelManager -- Adding key: https://hub-cloud.browserstack.com:443 for channel [id: 0xbc36bb7a, L:/192.168.1.60:63613 - R:hub-cloud.browserstack.com/207.254.8.9:443]
01:54:51.340 [Forwarding findElement on session da647b3d1e66fd1dd37a67a376ea43f20167d90e to remote] DEBUG org.asynchttpclient.netty.request.NettyRequestSender -- Using pooled Channel '[id: 0xbc36bb7a, L:/192.168.1.60:63613 - R:hub-cloud.browserstack.com/207.254.8.9:443]' for 'POST' to 'https://cesarstevenriosu_Z5kft8:X2vgXh3LFto9sDxURbwP@hub-cloud.browserstack.com/wd/hub/session/da647b3d1e66fd1dd37a67a376ea43f20167d90e/element'
01:54:51.340 [Forwarding findElement on session da647b3d1e66fd1dd37a67a376ea43f20167d90e to remote] DEBUG org.asynchttpclient.netty.request.NettyRequestSender -- Using open Channel [id: 0xbc36bb7a, L:/192.168.1.60:63613 - R:hub-cloud.browserstack.com/207.254.8.9:443] for POST '/wd/hub/session/da647b3d1e66fd1dd37a67a376ea43f20167d90e/element'
01:54:51.569 [AsyncHttpClient-1-4] DEBUG org.asynchttpclient.netty.handler.HttpHandler -- 

Request DefaultHttpRequest(decodeResult: success, version: HTTP/1.1)
POST /wd/hub/session/da647b3d1e66fd1dd37a67a376ea43f20167d90e/element HTTP/1.1
User-Agent: appium/8.3.0 (selenium/4.8.0 (java mac))
Content-Length: 131
Content-Type: application/json; charset=utf-8
host: hub-cloud.browserstack.com
authorization: Basic Y2VzYXJzdGV2ZW5yaW9zdV9aNWtmdDg6WDJ2Z1hoM0xGdG85c0R4VVJid1A=
accept: */*

Response DefaultHttpResponse(decodeResult: success, version: HTTP/1.1)
HTTP/1.1 404 Not Found
Server: nginx
Date: Mon, 05 Jun 2023 06:54:51 GMT
Content-Type: application/json; charset=utf-8
Transfer-Encoding: chunked
Connection: keep-alive
Source-From: 02

01:54:51.570 [AsyncHttpClient-1-4] DEBUG org.asynchttpclient.netty.channel.ChannelManager -- Adding key: https://hub-cloud.browserstack.com:443 for channel [id: 0xbc36bb7a, L:/192.168.1.60:63613 - R:hub-cloud.browserstack.com/207.254.8.9:443]
01:54:51.573 [Forwarding setTimeout on session da647b3d1e66fd1dd37a67a376ea43f20167d90e to remote] DEBUG org.asynchttpclient.netty.request.NettyRequestSender -- Using pooled Channel '[id: 0xbc36bb7a, L:/192.168.1.60:63613 - R:hub-cloud.browserstack.com/207.254.8.9:443]' for 'POST' to 'https://cesarstevenriosu_Z5kft8:X2vgXh3LFto9sDxURbwP@hub-cloud.browserstack.com/wd/hub/session/da647b3d1e66fd1dd37a67a376ea43f20167d90e/timeouts'
01:54:51.574 [Forwarding setTimeout on session da647b3d1e66fd1dd37a67a376ea43f20167d90e to remote] DEBUG org.asynchttpclient.netty.request.NettyRequestSender -- Using open Channel [id: 0xbc36bb7a, L:/192.168.1.60:63613 - R:hub-cloud.browserstack.com/207.254.8.9:443] for POST '/wd/hub/session/da647b3d1e66fd1dd37a67a376ea43f20167d90e/timeouts'
01:54:51.712 [AsyncHttpClient-1-4] DEBUG org.asynchttpclient.netty.handler.HttpHandler -- 

Request DefaultHttpRequest(decodeResult: success, version: HTTP/1.1)
POST /wd/hub/session/da647b3d1e66fd1dd37a67a376ea43f20167d90e/timeouts HTTP/1.1
User-Agent: appium/8.3.0 (selenium/4.8.0 (java mac))
Content-Length: 23
Content-Type: application/json; charset=utf-8
host: hub-cloud.browserstack.com
authorization: Basic Y2VzYXJzdGV2ZW5yaW9zdV9aNWtmdDg6WDJ2Z1hoM0xGdG85c0R4VVJid1A=
accept: */*

Response DefaultHttpResponse(decodeResult: success, version: HTTP/1.1)
HTTP/1.1 200 OK
Server: nginx
Date: Mon, 05 Jun 2023 06:54:51 GMT
Content-Type: application/json; charset=utf-8
Content-Length: 14
Connection: keep-alive
Source-From: 02
x-powered-by: Express
vary: X-HTTP-Method-Override
etag: W/"e-9/1BuKMgFObM1mWJm+YjxtXJnUM"

01:54:51.712 [AsyncHttpClient-1-4] DEBUG org.asynchttpclient.netty.channel.ChannelManager -- Adding key: https://hub-cloud.browserstack.com:443 for channel [id: 0xbc36bb7a, L:/192.168.1.60:63613 - R:hub-cloud.browserstack.com/207.254.8.9:443]
01:54:51.772 [Forwarding setTimeout on session da647b3d1e66fd1dd37a67a376ea43f20167d90e to remote] DEBUG org.asynchttpclient.netty.request.NettyRequestSender -- Using pooled Channel '[id: 0xbc36bb7a, L:/192.168.1.60:63613 - R:hub-cloud.browserstack.com/207.254.8.9:443]' for 'POST' to 'https://cesarstevenriosu_Z5kft8:X2vgXh3LFto9sDxURbwP@hub-cloud.browserstack.com/wd/hub/session/da647b3d1e66fd1dd37a67a376ea43f20167d90e/timeouts'
01:54:51.772 [Forwarding setTimeout on session da647b3d1e66fd1dd37a67a376ea43f20167d90e to remote] DEBUG org.asynchttpclient.netty.request.NettyRequestSender -- Using open Channel [id: 0xbc36bb7a, L:/192.168.1.60:63613 - R:hub-cloud.browserstack.com/207.254.8.9:443] for POST '/wd/hub/session/da647b3d1e66fd1dd37a67a376ea43f20167d90e/timeouts'
01:54:51.892 [AsyncHttpClient-1-4] DEBUG org.asynchttpclient.netty.handler.HttpHandler -- 

Request DefaultHttpRequest(decodeResult: success, version: HTTP/1.1)
POST /wd/hub/session/da647b3d1e66fd1dd37a67a376ea43f20167d90e/timeouts HTTP/1.1
User-Agent: appium/8.3.0 (selenium/4.8.0 (java mac))
Content-Length: 19
Content-Type: application/json; charset=utf-8
host: hub-cloud.browserstack.com
authorization: Basic Y2VzYXJzdGV2ZW5yaW9zdV9aNWtmdDg6WDJ2Z1hoM0xGdG85c0R4VVJid1A=
accept: */*

Response DefaultHttpResponse(decodeResult: success, version: HTTP/1.1)
HTTP/1.1 200 OK
Server: nginx
Date: Mon, 05 Jun 2023 06:54:52 GMT
Content-Type: application/json; charset=utf-8
Content-Length: 14
Connection: keep-alive
Source-From: 02
x-powered-by: Express
vary: X-HTTP-Method-Override
etag: W/"e-9/1BuKMgFObM1mWJm+YjxtXJnUM"

01:54:51.892 [AsyncHttpClient-1-4] DEBUG org.asynchttpclient.netty.channel.ChannelManager -- Adding key: https://hub-cloud.browserstack.com:443 for channel [id: 0xbc36bb7a, L:/192.168.1.60:63613 - R:hub-cloud.browserstack.com/207.254.8.9:443]
01:54:51.895 [Forwarding findElement on session da647b3d1e66fd1dd37a67a376ea43f20167d90e to remote] DEBUG org.asynchttpclient.netty.request.NettyRequestSender -- Using pooled Channel '[id: 0xbc36bb7a, L:/192.168.1.60:63613 - R:hub-cloud.browserstack.com/207.254.8.9:443]' for 'POST' to 'https://cesarstevenriosu_Z5kft8:X2vgXh3LFto9sDxURbwP@hub-cloud.browserstack.com/wd/hub/session/da647b3d1e66fd1dd37a67a376ea43f20167d90e/element'
01:54:51.895 [Forwarding findElement on session da647b3d1e66fd1dd37a67a376ea43f20167d90e to remote] DEBUG org.asynchttpclient.netty.request.NettyRequestSender -- Using open Channel [id: 0xbc36bb7a, L:/192.168.1.60:63613 - R:hub-cloud.browserstack.com/207.254.8.9:443] for POST '/wd/hub/session/da647b3d1e66fd1dd37a67a376ea43f20167d90e/element'
01:54:52.111 [AsyncHttpClient-1-4] DEBUG org.asynchttpclient.netty.handler.HttpHandler -- 

Request DefaultHttpRequest(decodeResult: success, version: HTTP/1.1)
POST /wd/hub/session/da647b3d1e66fd1dd37a67a376ea43f20167d90e/element HTTP/1.1
User-Agent: appium/8.3.0 (selenium/4.8.0 (java mac))
Content-Length: 131
Content-Type: application/json; charset=utf-8
host: hub-cloud.browserstack.com
authorization: Basic Y2VzYXJzdGV2ZW5yaW9zdV9aNWtmdDg6WDJ2Z1hoM0xGdG85c0R4VVJid1A=
accept: */*

Response DefaultHttpResponse(decodeResult: success, version: HTTP/1.1)
HTTP/1.1 404 Not Found
Server: nginx
Date: Mon, 05 Jun 2023 06:54:52 GMT
Content-Type: application/json; charset=utf-8
Transfer-Encoding: chunked
Connection: keep-alive
Source-From: 02

01:54:52.112 [AsyncHttpClient-1-4] DEBUG org.asynchttpclient.netty.channel.ChannelManager -- Adding key: https://hub-cloud.browserstack.com:443 for channel [id: 0xbc36bb7a, L:/192.168.1.60:63613 - R:hub-cloud.browserstack.com/207.254.8.9:443]
01:54:52.115 [Forwarding setTimeout on session da647b3d1e66fd1dd37a67a376ea43f20167d90e to remote] DEBUG org.asynchttpclient.netty.request.NettyRequestSender -- Using pooled Channel '[id: 0xbc36bb7a, L:/192.168.1.60:63613 - R:hub-cloud.browserstack.com/207.254.8.9:443]' for 'POST' to 'https://cesarstevenriosu_Z5kft8:X2vgXh3LFto9sDxURbwP@hub-cloud.browserstack.com/wd/hub/session/da647b3d1e66fd1dd37a67a376ea43f20167d90e/timeouts'
01:54:52.115 [Forwarding setTimeout on session da647b3d1e66fd1dd37a67a376ea43f20167d90e to remote] DEBUG org.asynchttpclient.netty.request.NettyRequestSender -- Using open Channel [id: 0xbc36bb7a, L:/192.168.1.60:63613 - R:hub-cloud.browserstack.com/207.254.8.9:443] for POST '/wd/hub/session/da647b3d1e66fd1dd37a67a376ea43f20167d90e/timeouts'
01:54:52.231 [AsyncHttpClient-1-4] DEBUG org.asynchttpclient.netty.handler.HttpHandler -- 

Request DefaultHttpRequest(decodeResult: success, version: HTTP/1.1)
POST /wd/hub/session/da647b3d1e66fd1dd37a67a376ea43f20167d90e/timeouts HTTP/1.1
User-Agent: appium/8.3.0 (selenium/4.8.0 (java mac))
Content-Length: 23
Content-Type: application/json; charset=utf-8
host: hub-cloud.browserstack.com
authorization: Basic Y2VzYXJzdGV2ZW5yaW9zdV9aNWtmdDg6WDJ2Z1hoM0xGdG85c0R4VVJid1A=
accept: */*

Response DefaultHttpResponse(decodeResult: success, version: HTTP/1.1)
HTTP/1.1 200 OK
Server: nginx
Date: Mon, 05 Jun 2023 06:54:52 GMT
Content-Type: application/json; charset=utf-8
Content-Length: 14
Connection: keep-alive
Source-From: 02
x-powered-by: Express
vary: X-HTTP-Method-Override
etag: W/"e-9/1BuKMgFObM1mWJm+YjxtXJnUM"

01:54:52.231 [AsyncHttpClient-1-4] DEBUG org.asynchttpclient.netty.channel.ChannelManager -- Adding key: https://hub-cloud.browserstack.com:443 for channel [id: 0xbc36bb7a, L:/192.168.1.60:63613 - R:hub-cloud.browserstack.com/207.254.8.9:443]
01:54:52.232 [AsyncHttpClient-1-1] DEBUG org.asynchttpclient.netty.channel.DefaultChannelPool -- Entry count for : https://hub-cloud.browserstack.com:443 : 1
01:54:52.289 [Forwarding setTimeout on session da647b3d1e66fd1dd37a67a376ea43f20167d90e to remote] DEBUG org.asynchttpclient.netty.request.NettyRequestSender -- Using pooled Channel '[id: 0xbc36bb7a, L:/192.168.1.60:63613 - R:hub-cloud.browserstack.com/207.254.8.9:443]' for 'POST' to 'https://cesarstevenriosu_Z5kft8:X2vgXh3LFto9sDxURbwP@hub-cloud.browserstack.com/wd/hub/session/da647b3d1e66fd1dd37a67a376ea43f20167d90e/timeouts'
01:54:52.289 [Forwarding setTimeout on session da647b3d1e66fd1dd37a67a376ea43f20167d90e to remote] DEBUG org.asynchttpclient.netty.request.NettyRequestSender -- Using open Channel [id: 0xbc36bb7a, L:/192.168.1.60:63613 - R:hub-cloud.browserstack.com/207.254.8.9:443] for POST '/wd/hub/session/da647b3d1e66fd1dd37a67a376ea43f20167d90e/timeouts'
01:54:59.449 [AsyncHttpClient-1-4] DEBUG org.asynchttpclient.netty.handler.HttpHandler -- 

Request DefaultHttpRequest(decodeResult: success, version: HTTP/1.1)
POST /wd/hub/session/da647b3d1e66fd1dd37a67a376ea43f20167d90e/timeouts HTTP/1.1
User-Agent: appium/8.3.0 (selenium/4.8.0 (java mac))
Content-Length: 19
Content-Type: application/json; charset=utf-8
host: hub-cloud.browserstack.com
authorization: Basic Y2VzYXJzdGV2ZW5yaW9zdV9aNWtmdDg6WDJ2Z1hoM0xGdG85c0R4VVJid1A=
accept: */*

Response DefaultHttpResponse(decodeResult: success, version: HTTP/1.1)
HTTP/1.1 200 OK
Server: nginx
Date: Mon, 05 Jun 2023 06:54:59 GMT
Content-Type: application/json; charset=utf-8
Content-Length: 14
Connection: keep-alive
Source-From: 02
x-powered-by: Express
vary: X-HTTP-Method-Override
etag: W/"e-9/1BuKMgFObM1mWJm+YjxtXJnUM"

01:54:59.451 [AsyncHttpClient-1-4] DEBUG org.asynchttpclient.netty.channel.ChannelManager -- Adding key: https://hub-cloud.browserstack.com:443 for channel [id: 0xbc36bb7a, L:/192.168.1.60:63613 - R:hub-cloud.browserstack.com/207.254.8.9:443]
01:54:59.465 [Forwarding findElement on session da647b3d1e66fd1dd37a67a376ea43f20167d90e to remote] DEBUG org.asynchttpclient.netty.request.NettyRequestSender -- Using pooled Channel '[id: 0xbc36bb7a, L:/192.168.1.60:63613 - R:hub-cloud.browserstack.com/207.254.8.9:443]' for 'POST' to 'https://cesarstevenriosu_Z5kft8:X2vgXh3LFto9sDxURbwP@hub-cloud.browserstack.com/wd/hub/session/da647b3d1e66fd1dd37a67a376ea43f20167d90e/element'
01:54:59.465 [Forwarding findElement on session da647b3d1e66fd1dd37a67a376ea43f20167d90e to remote] DEBUG org.asynchttpclient.netty.request.NettyRequestSender -- Using open Channel [id: 0xbc36bb7a, L:/192.168.1.60:63613 - R:hub-cloud.browserstack.com/207.254.8.9:443] for POST '/wd/hub/session/da647b3d1e66fd1dd37a67a376ea43f20167d90e/element'
01:55:00.287 [AsyncHttpClient-1-4] DEBUG org.asynchttpclient.netty.handler.HttpHandler -- 

Request DefaultHttpRequest(decodeResult: success, version: HTTP/1.1)
POST /wd/hub/session/da647b3d1e66fd1dd37a67a376ea43f20167d90e/element HTTP/1.1
User-Agent: appium/8.3.0 (selenium/4.8.0 (java mac))
Content-Length: 131
Content-Type: application/json; charset=utf-8
host: hub-cloud.browserstack.com
authorization: Basic Y2VzYXJzdGV2ZW5yaW9zdV9aNWtmdDg6WDJ2Z1hoM0xGdG85c0R4VVJid1A=
accept: */*

Response DefaultHttpResponse(decodeResult: success, version: HTTP/1.1)
HTTP/1.1 404 Not Found
Server: nginx
Date: Mon, 05 Jun 2023 06:55:00 GMT
Content-Type: application/json; charset=utf-8
Transfer-Encoding: chunked
Connection: keep-alive
Source-From: 02

01:55:00.287 [AsyncHttpClient-1-4] DEBUG org.asynchttpclient.netty.channel.ChannelManager -- Adding key: https://hub-cloud.browserstack.com:443 for channel [id: 0xbc36bb7a, L:/192.168.1.60:63613 - R:hub-cloud.browserstack.com/207.254.8.9:443]
01:55:00.293 [Forwarding setTimeout on session da647b3d1e66fd1dd37a67a376ea43f20167d90e to remote] DEBUG org.asynchttpclient.netty.request.NettyRequestSender -- Using pooled Channel '[id: 0xbc36bb7a, L:/192.168.1.60:63613 - R:hub-cloud.browserstack.com/207.254.8.9:443]' for 'POST' to 'https://cesarstevenriosu_Z5kft8:X2vgXh3LFto9sDxURbwP@hub-cloud.browserstack.com/wd/hub/session/da647b3d1e66fd1dd37a67a376ea43f20167d90e/timeouts'
01:55:00.293 [Forwarding setTimeout on session da647b3d1e66fd1dd37a67a376ea43f20167d90e to remote] DEBUG org.asynchttpclient.netty.request.NettyRequestSender -- Using open Channel [id: 0xbc36bb7a, L:/192.168.1.60:63613 - R:hub-cloud.browserstack.com/207.254.8.9:443] for POST '/wd/hub/session/da647b3d1e66fd1dd37a67a376ea43f20167d90e/timeouts'
01:55:00.442 [AsyncHttpClient-1-4] DEBUG org.asynchttpclient.netty.handler.HttpHandler -- 

Request DefaultHttpRequest(decodeResult: success, version: HTTP/1.1)
POST /wd/hub/session/da647b3d1e66fd1dd37a67a376ea43f20167d90e/timeouts HTTP/1.1
User-Agent: appium/8.3.0 (selenium/4.8.0 (java mac))
Content-Length: 23
Content-Type: application/json; charset=utf-8
host: hub-cloud.browserstack.com
authorization: Basic Y2VzYXJzdGV2ZW5yaW9zdV9aNWtmdDg6WDJ2Z1hoM0xGdG85c0R4VVJid1A=
accept: */*

Response DefaultHttpResponse(decodeResult: success, version: HTTP/1.1)
HTTP/1.1 200 OK
Server: nginx
Date: Mon, 05 Jun 2023 06:55:00 GMT
Content-Type: application/json; charset=utf-8
Content-Length: 14
Connection: keep-alive
Source-From: 02
x-powered-by: Express
vary: X-HTTP-Method-Override
etag: W/"e-9/1BuKMgFObM1mWJm+YjxtXJnUM"

01:55:00.442 [AsyncHttpClient-1-4] DEBUG org.asynchttpclient.netty.channel.ChannelManager -- Adding key: https://hub-cloud.browserstack.com:443 for channel [id: 0xbc36bb7a, L:/192.168.1.60:63613 - R:hub-cloud.browserstack.com/207.254.8.9:443]
01:55:00.501 [Forwarding setTimeout on session da647b3d1e66fd1dd37a67a376ea43f20167d90e to remote] DEBUG org.asynchttpclient.netty.request.NettyRequestSender -- Using pooled Channel '[id: 0xbc36bb7a, L:/192.168.1.60:63613 - R:hub-cloud.browserstack.com/207.254.8.9:443]' for 'POST' to 'https://cesarstevenriosu_Z5kft8:X2vgXh3LFto9sDxURbwP@hub-cloud.browserstack.com/wd/hub/session/da647b3d1e66fd1dd37a67a376ea43f20167d90e/timeouts'
01:55:00.501 [Forwarding setTimeout on session da647b3d1e66fd1dd37a67a376ea43f20167d90e to remote] DEBUG org.asynchttpclient.netty.request.NettyRequestSender -- Using open Channel [id: 0xbc36bb7a, L:/192.168.1.60:63613 - R:hub-cloud.browserstack.com/207.254.8.9:443] for POST '/wd/hub/session/da647b3d1e66fd1dd37a67a376ea43f20167d90e/timeouts'
01:55:00.639 [AsyncHttpClient-1-4] DEBUG org.asynchttpclient.netty.handler.HttpHandler -- 

Request DefaultHttpRequest(decodeResult: success, version: HTTP/1.1)
POST /wd/hub/session/da647b3d1e66fd1dd37a67a376ea43f20167d90e/timeouts HTTP/1.1
User-Agent: appium/8.3.0 (selenium/4.8.0 (java mac))
Content-Length: 19
Content-Type: application/json; charset=utf-8
host: hub-cloud.browserstack.com
authorization: Basic Y2VzYXJzdGV2ZW5yaW9zdV9aNWtmdDg6WDJ2Z1hoM0xGdG85c0R4VVJid1A=
accept: */*

Response DefaultHttpResponse(decodeResult: success, version: HTTP/1.1)
HTTP/1.1 200 OK
Server: nginx
Date: Mon, 05 Jun 2023 06:55:00 GMT
Content-Type: application/json; charset=utf-8
Content-Length: 14
Connection: keep-alive
Source-From: 02
x-powered-by: Express
vary: X-HTTP-Method-Override
etag: W/"e-9/1BuKMgFObM1mWJm+YjxtXJnUM"

01:55:00.639 [AsyncHttpClient-1-4] DEBUG org.asynchttpclient.netty.channel.ChannelManager -- Adding key: https://hub-cloud.browserstack.com:443 for channel [id: 0xbc36bb7a, L:/192.168.1.60:63613 - R:hub-cloud.browserstack.com/207.254.8.9:443]
01:55:00.643 [Forwarding findElement on session da647b3d1e66fd1dd37a67a376ea43f20167d90e to remote] DEBUG org.asynchttpclient.netty.request.NettyRequestSender -- Using pooled Channel '[id: 0xbc36bb7a, L:/192.168.1.60:63613 - R:hub-cloud.browserstack.com/207.254.8.9:443]' for 'POST' to 'https://cesarstevenriosu_Z5kft8:X2vgXh3LFto9sDxURbwP@hub-cloud.browserstack.com/wd/hub/session/da647b3d1e66fd1dd37a67a376ea43f20167d90e/element'
01:55:00.643 [Forwarding findElement on session da647b3d1e66fd1dd37a67a376ea43f20167d90e to remote] DEBUG org.asynchttpclient.netty.request.NettyRequestSender -- Using open Channel [id: 0xbc36bb7a, L:/192.168.1.60:63613 - R:hub-cloud.browserstack.com/207.254.8.9:443] for POST '/wd/hub/session/da647b3d1e66fd1dd37a67a376ea43f20167d90e/element'
01:55:00.881 [AsyncHttpClient-1-4] DEBUG org.asynchttpclient.netty.handler.HttpHandler -- 

Request DefaultHttpRequest(decodeResult: success, version: HTTP/1.1)
POST /wd/hub/session/da647b3d1e66fd1dd37a67a376ea43f20167d90e/element HTTP/1.1
User-Agent: appium/8.3.0 (selenium/4.8.0 (java mac))
Content-Length: 131
Content-Type: application/json; charset=utf-8
host: hub-cloud.browserstack.com
authorization: Basic Y2VzYXJzdGV2ZW5yaW9zdV9aNWtmdDg6WDJ2Z1hoM0xGdG85c0R4VVJid1A=
accept: */*

Response DefaultHttpResponse(decodeResult: success, version: HTTP/1.1)
HTTP/1.1 404 Not Found
Server: nginx
Date: Mon, 05 Jun 2023 06:55:01 GMT
Content-Type: application/json; charset=utf-8
Transfer-Encoding: chunked
Connection: keep-alive
Source-From: 02

01:55:00.881 [AsyncHttpClient-1-4] DEBUG org.asynchttpclient.netty.channel.ChannelManager -- Adding key: https://hub-cloud.browserstack.com:443 for channel [id: 0xbc36bb7a, L:/192.168.1.60:63613 - R:hub-cloud.browserstack.com/207.254.8.9:443]
01:55:00.883 [Forwarding setTimeout on session da647b3d1e66fd1dd37a67a376ea43f20167d90e to remote] DEBUG org.asynchttpclient.netty.request.NettyRequestSender -- Using pooled Channel '[id: 0xbc36bb7a, L:/192.168.1.60:63613 - R:hub-cloud.browserstack.com/207.254.8.9:443]' for 'POST' to 'https://cesarstevenriosu_Z5kft8:X2vgXh3LFto9sDxURbwP@hub-cloud.browserstack.com/wd/hub/session/da647b3d1e66fd1dd37a67a376ea43f20167d90e/timeouts'
01:55:00.883 [Forwarding setTimeout on session da647b3d1e66fd1dd37a67a376ea43f20167d90e to remote] DEBUG org.asynchttpclient.netty.request.NettyRequestSender -- Using open Channel [id: 0xbc36bb7a, L:/192.168.1.60:63613 - R:hub-cloud.browserstack.com/207.254.8.9:443] for POST '/wd/hub/session/da647b3d1e66fd1dd37a67a376ea43f20167d90e/timeouts'
01:55:00.998 [AsyncHttpClient-1-4] DEBUG org.asynchttpclient.netty.handler.HttpHandler -- 

Request DefaultHttpRequest(decodeResult: success, version: HTTP/1.1)
POST /wd/hub/session/da647b3d1e66fd1dd37a67a376ea43f20167d90e/timeouts HTTP/1.1
User-Agent: appium/8.3.0 (selenium/4.8.0 (java mac))
Content-Length: 23
Content-Type: application/json; charset=utf-8
host: hub-cloud.browserstack.com
authorization: Basic Y2VzYXJzdGV2ZW5yaW9zdV9aNWtmdDg6WDJ2Z1hoM0xGdG85c0R4VVJid1A=
accept: */*

Response DefaultHttpResponse(decodeResult: success, version: HTTP/1.1)
HTTP/1.1 200 OK
Server: nginx
Date: Mon, 05 Jun 2023 06:55:01 GMT
Content-Type: application/json; charset=utf-8
Content-Length: 14
Connection: keep-alive
Source-From: 02
x-powered-by: Express
vary: X-HTTP-Method-Override
etag: W/"e-9/1BuKMgFObM1mWJm+YjxtXJnUM"

01:55:00.998 [AsyncHttpClient-1-4] DEBUG org.asynchttpclient.netty.channel.ChannelManager -- Adding key: https://hub-cloud.browserstack.com:443 for channel [id: 0xbc36bb7a, L:/192.168.1.60:63613 - R:hub-cloud.browserstack.com/207.254.8.9:443]
01:55:01.033 [AsyncHttpClient-1-1] DEBUG org.asynchttpclient.netty.channel.DefaultChannelPool -- Entry count for : https://hub-cloud.browserstack.com:443 : 1
01:55:01.060 [Forwarding setTimeout on session da647b3d1e66fd1dd37a67a376ea43f20167d90e to remote] DEBUG org.asynchttpclient.netty.request.NettyRequestSender -- Using pooled Channel '[id: 0xbc36bb7a, L:/192.168.1.60:63613 - R:hub-cloud.browserstack.com/207.254.8.9:443]' for 'POST' to 'https://cesarstevenriosu_Z5kft8:X2vgXh3LFto9sDxURbwP@hub-cloud.browserstack.com/wd/hub/session/da647b3d1e66fd1dd37a67a376ea43f20167d90e/timeouts'
01:55:01.060 [Forwarding setTimeout on session da647b3d1e66fd1dd37a67a376ea43f20167d90e to remote] DEBUG org.asynchttpclient.netty.request.NettyRequestSender -- Using open Channel [id: 0xbc36bb7a, L:/192.168.1.60:63613 - R:hub-cloud.browserstack.com/207.254.8.9:443] for POST '/wd/hub/session/da647b3d1e66fd1dd37a67a376ea43f20167d90e/timeouts'
01:55:01.195 [AsyncHttpClient-1-4] DEBUG org.asynchttpclient.netty.handler.HttpHandler -- 

Request DefaultHttpRequest(decodeResult: success, version: HTTP/1.1)
POST /wd/hub/session/da647b3d1e66fd1dd37a67a376ea43f20167d90e/timeouts HTTP/1.1
User-Agent: appium/8.3.0 (selenium/4.8.0 (java mac))
Content-Length: 19
Content-Type: application/json; charset=utf-8
host: hub-cloud.browserstack.com
authorization: Basic Y2VzYXJzdGV2ZW5yaW9zdV9aNWtmdDg6WDJ2Z1hoM0xGdG85c0R4VVJid1A=
accept: */*

Response DefaultHttpResponse(decodeResult: success, version: HTTP/1.1)
HTTP/1.1 200 OK
Server: nginx
Date: Mon, 05 Jun 2023 06:55:01 GMT
Content-Type: application/json; charset=utf-8
Content-Length: 14
Connection: keep-alive
Source-From: 02
x-powered-by: Express
vary: X-HTTP-Method-Override
etag: W/"e-9/1BuKMgFObM1mWJm+YjxtXJnUM"

01:55:01.195 [AsyncHttpClient-1-4] DEBUG org.asynchttpclient.netty.channel.ChannelManager -- Adding key: https://hub-cloud.browserstack.com:443 for channel [id: 0xbc36bb7a, L:/192.168.1.60:63613 - R:hub-cloud.browserstack.com/207.254.8.9:443]
01:55:01.198 [Forwarding findElement on session da647b3d1e66fd1dd37a67a376ea43f20167d90e to remote] DEBUG org.asynchttpclient.netty.request.NettyRequestSender -- Using pooled Channel '[id: 0xbc36bb7a, L:/192.168.1.60:63613 - R:hub-cloud.browserstack.com/207.254.8.9:443]' for 'POST' to 'https://cesarstevenriosu_Z5kft8:X2vgXh3LFto9sDxURbwP@hub-cloud.browserstack.com/wd/hub/session/da647b3d1e66fd1dd37a67a376ea43f20167d90e/element'
01:55:01.198 [Forwarding findElement on session da647b3d1e66fd1dd37a67a376ea43f20167d90e to remote] DEBUG org.asynchttpclient.netty.request.NettyRequestSender -- Using open Channel [id: 0xbc36bb7a, L:/192.168.1.60:63613 - R:hub-cloud.browserstack.com/207.254.8.9:443] for POST '/wd/hub/session/da647b3d1e66fd1dd37a67a376ea43f20167d90e/element'
01:55:01.631 [AsyncHttpClient-1-4] DEBUG org.asynchttpclient.netty.handler.HttpHandler -- 

Request DefaultHttpRequest(decodeResult: success, version: HTTP/1.1)
POST /wd/hub/session/da647b3d1e66fd1dd37a67a376ea43f20167d90e/element HTTP/1.1
User-Agent: appium/8.3.0 (selenium/4.8.0 (java mac))
Content-Length: 131
Content-Type: application/json; charset=utf-8
host: hub-cloud.browserstack.com
authorization: Basic Y2VzYXJzdGV2ZW5yaW9zdV9aNWtmdDg6WDJ2Z1hoM0xGdG85c0R4VVJid1A=
accept: */*

Response DefaultHttpResponse(decodeResult: success, version: HTTP/1.1)
HTTP/1.1 404 Not Found
Server: nginx
Date: Mon, 05 Jun 2023 06:55:01 GMT
Content-Type: application/json; charset=utf-8
Transfer-Encoding: chunked
Connection: keep-alive
Source-From: 02

01:55:01.632 [AsyncHttpClient-1-4] DEBUG org.asynchttpclient.netty.channel.ChannelManager -- Adding key: https://hub-cloud.browserstack.com:443 for channel [id: 0xbc36bb7a, L:/192.168.1.60:63613 - R:hub-cloud.browserstack.com/207.254.8.9:443]
01:55:01.634 [Forwarding setTimeout on session da647b3d1e66fd1dd37a67a376ea43f20167d90e to remote] DEBUG org.asynchttpclient.netty.request.NettyRequestSender -- Using pooled Channel '[id: 0xbc36bb7a, L:/192.168.1.60:63613 - R:hub-cloud.browserstack.com/207.254.8.9:443]' for 'POST' to 'https://cesarstevenriosu_Z5kft8:X2vgXh3LFto9sDxURbwP@hub-cloud.browserstack.com/wd/hub/session/da647b3d1e66fd1dd37a67a376ea43f20167d90e/timeouts'
01:55:01.634 [Forwarding setTimeout on session da647b3d1e66fd1dd37a67a376ea43f20167d90e to remote] DEBUG org.asynchttpclient.netty.request.NettyRequestSender -- Using open Channel [id: 0xbc36bb7a, L:/192.168.1.60:63613 - R:hub-cloud.browserstack.com/207.254.8.9:443] for POST '/wd/hub/session/da647b3d1e66fd1dd37a67a376ea43f20167d90e/timeouts'
01:55:01.787 [AsyncHttpClient-1-4] DEBUG org.asynchttpclient.netty.handler.HttpHandler -- 

Request DefaultHttpRequest(decodeResult: success, version: HTTP/1.1)
POST /wd/hub/session/da647b3d1e66fd1dd37a67a376ea43f20167d90e/timeouts HTTP/1.1
User-Agent: appium/8.3.0 (selenium/4.8.0 (java mac))
Content-Length: 23
Content-Type: application/json; charset=utf-8
host: hub-cloud.browserstack.com
authorization: Basic Y2VzYXJzdGV2ZW5yaW9zdV9aNWtmdDg6WDJ2Z1hoM0xGdG85c0R4VVJid1A=
accept: */*

Response DefaultHttpResponse(decodeResult: success, version: HTTP/1.1)
HTTP/1.1 200 OK
Server: nginx
Date: Mon, 05 Jun 2023 06:55:01 GMT
Content-Type: application/json; charset=utf-8
Content-Length: 14
Connection: keep-alive
Source-From: 02
x-powered-by: Express
vary: X-HTTP-Method-Override
etag: W/"e-9/1BuKMgFObM1mWJm+YjxtXJnUM"

01:55:01.787 [AsyncHttpClient-1-4] DEBUG org.asynchttpclient.netty.channel.ChannelManager -- Adding key: https://hub-cloud.browserstack.com:443 for channel [id: 0xbc36bb7a, L:/192.168.1.60:63613 - R:hub-cloud.browserstack.com/207.254.8.9:443]
01:55:01.855 [Forwarding setTimeout on session da647b3d1e66fd1dd37a67a376ea43f20167d90e to remote] DEBUG org.asynchttpclient.netty.request.NettyRequestSender -- Using pooled Channel '[id: 0xbc36bb7a, L:/192.168.1.60:63613 - R:hub-cloud.browserstack.com/207.254.8.9:443]' for 'POST' to 'https://cesarstevenriosu_Z5kft8:X2vgXh3LFto9sDxURbwP@hub-cloud.browserstack.com/wd/hub/session/da647b3d1e66fd1dd37a67a376ea43f20167d90e/timeouts'
01:55:01.855 [Forwarding setTimeout on session da647b3d1e66fd1dd37a67a376ea43f20167d90e to remote] DEBUG org.asynchttpclient.netty.request.NettyRequestSender -- Using open Channel [id: 0xbc36bb7a, L:/192.168.1.60:63613 - R:hub-cloud.browserstack.com/207.254.8.9:443] for POST '/wd/hub/session/da647b3d1e66fd1dd37a67a376ea43f20167d90e/timeouts'
01:55:02.030 [AsyncHttpClient-1-4] DEBUG org.asynchttpclient.netty.handler.HttpHandler -- 

Request DefaultHttpRequest(decodeResult: success, version: HTTP/1.1)
POST /wd/hub/session/da647b3d1e66fd1dd37a67a376ea43f20167d90e/timeouts HTTP/1.1
User-Agent: appium/8.3.0 (selenium/4.8.0 (java mac))
Content-Length: 19
Content-Type: application/json; charset=utf-8
host: hub-cloud.browserstack.com
authorization: Basic Y2VzYXJzdGV2ZW5yaW9zdV9aNWtmdDg6WDJ2Z1hoM0xGdG85c0R4VVJid1A=
accept: */*

Response DefaultHttpResponse(decodeResult: success, version: HTTP/1.1)
HTTP/1.1 200 OK
Server: nginx
Date: Mon, 05 Jun 2023 06:55:02 GMT
Content-Type: application/json; charset=utf-8
Content-Length: 14
Connection: keep-alive
Source-From: 02
x-powered-by: Express
vary: X-HTTP-Method-Override
etag: W/"e-9/1BuKMgFObM1mWJm+YjxtXJnUM"

01:55:02.031 [AsyncHttpClient-1-4] DEBUG org.asynchttpclient.netty.channel.ChannelManager -- Adding key: https://hub-cloud.browserstack.com:443 for channel [id: 0xbc36bb7a, L:/192.168.1.60:63613 - R:hub-cloud.browserstack.com/207.254.8.9:443]
01:55:02.033 [Forwarding findElement on session da647b3d1e66fd1dd37a67a376ea43f20167d90e to remote] DEBUG org.asynchttpclient.netty.request.NettyRequestSender -- Using pooled Channel '[id: 0xbc36bb7a, L:/192.168.1.60:63613 - R:hub-cloud.browserstack.com/207.254.8.9:443]' for 'POST' to 'https://cesarstevenriosu_Z5kft8:X2vgXh3LFto9sDxURbwP@hub-cloud.browserstack.com/wd/hub/session/da647b3d1e66fd1dd37a67a376ea43f20167d90e/element'
01:55:02.033 [Forwarding findElement on session da647b3d1e66fd1dd37a67a376ea43f20167d90e to remote] DEBUG org.asynchttpclient.netty.request.NettyRequestSender -- Using open Channel [id: 0xbc36bb7a, L:/192.168.1.60:63613 - R:hub-cloud.browserstack.com/207.254.8.9:443] for POST '/wd/hub/session/da647b3d1e66fd1dd37a67a376ea43f20167d90e/element'
01:55:02.354 [AsyncHttpClient-1-4] DEBUG org.asynchttpclient.netty.handler.HttpHandler -- 

Request DefaultHttpRequest(decodeResult: success, version: HTTP/1.1)
POST /wd/hub/session/da647b3d1e66fd1dd37a67a376ea43f20167d90e/element HTTP/1.1
User-Agent: appium/8.3.0 (selenium/4.8.0 (java mac))
Content-Length: 131
Content-Type: application/json; charset=utf-8
host: hub-cloud.browserstack.com
authorization: Basic Y2VzYXJzdGV2ZW5yaW9zdV9aNWtmdDg6WDJ2Z1hoM0xGdG85c0R4VVJid1A=
accept: */*

Response DefaultHttpResponse(decodeResult: success, version: HTTP/1.1)
HTTP/1.1 404 Not Found
Server: nginx
Date: Mon, 05 Jun 2023 06:55:02 GMT
Content-Type: application/json; charset=utf-8
Transfer-Encoding: chunked
Connection: keep-alive
Source-From: 02

01:55:02.354 [AsyncHttpClient-1-4] DEBUG org.asynchttpclient.netty.channel.ChannelManager -- Adding key: https://hub-cloud.browserstack.com:443 for channel [id: 0xbc36bb7a, L:/192.168.1.60:63613 - R:hub-cloud.browserstack.com/207.254.8.9:443]
01:55:02.358 [Forwarding setTimeout on session da647b3d1e66fd1dd37a67a376ea43f20167d90e to remote] DEBUG org.asynchttpclient.netty.request.NettyRequestSender -- Using pooled Channel '[id: 0xbc36bb7a, L:/192.168.1.60:63613 - R:hub-cloud.browserstack.com/207.254.8.9:443]' for 'POST' to 'https://cesarstevenriosu_Z5kft8:X2vgXh3LFto9sDxURbwP@hub-cloud.browserstack.com/wd/hub/session/da647b3d1e66fd1dd37a67a376ea43f20167d90e/timeouts'
01:55:02.358 [Forwarding setTimeout on session da647b3d1e66fd1dd37a67a376ea43f20167d90e to remote] DEBUG org.asynchttpclient.netty.request.NettyRequestSender -- Using open Channel [id: 0xbc36bb7a, L:/192.168.1.60:63613 - R:hub-cloud.browserstack.com/207.254.8.9:443] for POST '/wd/hub/session/da647b3d1e66fd1dd37a67a376ea43f20167d90e/timeouts'
01:55:02.530 [AsyncHttpClient-1-4] DEBUG org.asynchttpclient.netty.handler.HttpHandler -- 

Request DefaultHttpRequest(decodeResult: success, version: HTTP/1.1)
POST /wd/hub/session/da647b3d1e66fd1dd37a67a376ea43f20167d90e/timeouts HTTP/1.1
User-Agent: appium/8.3.0 (selenium/4.8.0 (java mac))
Content-Length: 23
Content-Type: application/json; charset=utf-8
host: hub-cloud.browserstack.com
authorization: Basic Y2VzYXJzdGV2ZW5yaW9zdV9aNWtmdDg6WDJ2Z1hoM0xGdG85c0R4VVJid1A=
accept: */*

Response DefaultHttpResponse(decodeResult: success, version: HTTP/1.1)
HTTP/1.1 200 OK
Server: nginx
Date: Mon, 05 Jun 2023 06:55:02 GMT
Content-Type: application/json; charset=utf-8
Content-Length: 14
Connection: keep-alive
Source-From: 02
x-powered-by: Express
vary: X-HTTP-Method-Override
etag: W/"e-9/1BuKMgFObM1mWJm+YjxtXJnUM"

01:55:02.531 [AsyncHttpClient-1-4] DEBUG org.asynchttpclient.netty.channel.ChannelManager -- Adding key: https://hub-cloud.browserstack.com:443 for channel [id: 0xbc36bb7a, L:/192.168.1.60:63613 - R:hub-cloud.browserstack.com/207.254.8.9:443]
01:55:02.589 [Forwarding setTimeout on session da647b3d1e66fd1dd37a67a376ea43f20167d90e to remote] DEBUG org.asynchttpclient.netty.request.NettyRequestSender -- Using pooled Channel '[id: 0xbc36bb7a, L:/192.168.1.60:63613 - R:hub-cloud.browserstack.com/207.254.8.9:443]' for 'POST' to 'https://cesarstevenriosu_Z5kft8:X2vgXh3LFto9sDxURbwP@hub-cloud.browserstack.com/wd/hub/session/da647b3d1e66fd1dd37a67a376ea43f20167d90e/timeouts'
01:55:02.589 [Forwarding setTimeout on session da647b3d1e66fd1dd37a67a376ea43f20167d90e to remote] DEBUG org.asynchttpclient.netty.request.NettyRequestSender -- Using open Channel [id: 0xbc36bb7a, L:/192.168.1.60:63613 - R:hub-cloud.browserstack.com/207.254.8.9:443] for POST '/wd/hub/session/da647b3d1e66fd1dd37a67a376ea43f20167d90e/timeouts'
01:55:02.762 [AsyncHttpClient-1-4] DEBUG org.asynchttpclient.netty.handler.HttpHandler -- 

Request DefaultHttpRequest(decodeResult: success, version: HTTP/1.1)
POST /wd/hub/session/da647b3d1e66fd1dd37a67a376ea43f20167d90e/timeouts HTTP/1.1
User-Agent: appium/8.3.0 (selenium/4.8.0 (java mac))
Content-Length: 19
Content-Type: application/json; charset=utf-8
host: hub-cloud.browserstack.com
authorization: Basic Y2VzYXJzdGV2ZW5yaW9zdV9aNWtmdDg6WDJ2Z1hoM0xGdG85c0R4VVJid1A=
accept: */*

Response DefaultHttpResponse(decodeResult: success, version: HTTP/1.1)
HTTP/1.1 200 OK
Server: nginx
Date: Mon, 05 Jun 2023 06:55:02 GMT
Content-Type: application/json; charset=utf-8
Content-Length: 14
Connection: keep-alive
Source-From: 02
x-powered-by: Express
vary: X-HTTP-Method-Override
etag: W/"e-9/1BuKMgFObM1mWJm+YjxtXJnUM"

01:55:02.762 [AsyncHttpClient-1-4] DEBUG org.asynchttpclient.netty.channel.ChannelManager -- Adding key: https://hub-cloud.browserstack.com:443 for channel [id: 0xbc36bb7a, L:/192.168.1.60:63613 - R:hub-cloud.browserstack.com/207.254.8.9:443]
01:55:02.764 [Forwarding findElement on session da647b3d1e66fd1dd37a67a376ea43f20167d90e to remote] DEBUG org.asynchttpclient.netty.request.NettyRequestSender -- Using pooled Channel '[id: 0xbc36bb7a, L:/192.168.1.60:63613 - R:hub-cloud.browserstack.com/207.254.8.9:443]' for 'POST' to 'https://cesarstevenriosu_Z5kft8:X2vgXh3LFto9sDxURbwP@hub-cloud.browserstack.com/wd/hub/session/da647b3d1e66fd1dd37a67a376ea43f20167d90e/element'
01:55:02.764 [Forwarding findElement on session da647b3d1e66fd1dd37a67a376ea43f20167d90e to remote] DEBUG org.asynchttpclient.netty.request.NettyRequestSender -- Using open Channel [id: 0xbc36bb7a, L:/192.168.1.60:63613 - R:hub-cloud.browserstack.com/207.254.8.9:443] for POST '/wd/hub/session/da647b3d1e66fd1dd37a67a376ea43f20167d90e/element'
01:55:03.171 [AsyncHttpClient-1-4] DEBUG org.asynchttpclient.netty.handler.HttpHandler -- 

Request DefaultHttpRequest(decodeResult: success, version: HTTP/1.1)
POST /wd/hub/session/da647b3d1e66fd1dd37a67a376ea43f20167d90e/element HTTP/1.1
User-Agent: appium/8.3.0 (selenium/4.8.0 (java mac))
Content-Length: 131
Content-Type: application/json; charset=utf-8
host: hub-cloud.browserstack.com
authorization: Basic Y2VzYXJzdGV2ZW5yaW9zdV9aNWtmdDg6WDJ2Z1hoM0xGdG85c0R4VVJid1A=
accept: */*

Response DefaultHttpResponse(decodeResult: success, version: HTTP/1.1)
HTTP/1.1 404 Not Found
Server: nginx
Date: Mon, 05 Jun 2023 06:55:03 GMT
Content-Type: application/json; charset=utf-8
Transfer-Encoding: chunked
Connection: keep-alive
Source-From: 02

01:55:03.172 [AsyncHttpClient-1-4] DEBUG org.asynchttpclient.netty.channel.ChannelManager -- Adding key: https://hub-cloud.browserstack.com:443 for channel [id: 0xbc36bb7a, L:/192.168.1.60:63613 - R:hub-cloud.browserstack.com/207.254.8.9:443]
01:55:03.176 [Forwarding setTimeout on session da647b3d1e66fd1dd37a67a376ea43f20167d90e to remote] DEBUG org.asynchttpclient.netty.request.NettyRequestSender -- Using pooled Channel '[id: 0xbc36bb7a, L:/192.168.1.60:63613 - R:hub-cloud.browserstack.com/207.254.8.9:443]' for 'POST' to 'https://cesarstevenriosu_Z5kft8:X2vgXh3LFto9sDxURbwP@hub-cloud.browserstack.com/wd/hub/session/da647b3d1e66fd1dd37a67a376ea43f20167d90e/timeouts'
01:55:03.176 [Forwarding setTimeout on session da647b3d1e66fd1dd37a67a376ea43f20167d90e to remote] DEBUG org.asynchttpclient.netty.request.NettyRequestSender -- Using open Channel [id: 0xbc36bb7a, L:/192.168.1.60:63613 - R:hub-cloud.browserstack.com/207.254.8.9:443] for POST '/wd/hub/session/da647b3d1e66fd1dd37a67a376ea43f20167d90e/timeouts'
01:55:03.360 [AsyncHttpClient-1-4] DEBUG org.asynchttpclient.netty.handler.HttpHandler -- 

Request DefaultHttpRequest(decodeResult: success, version: HTTP/1.1)
POST /wd/hub/session/da647b3d1e66fd1dd37a67a376ea43f20167d90e/timeouts HTTP/1.1
User-Agent: appium/8.3.0 (selenium/4.8.0 (java mac))
Content-Length: 23
Content-Type: application/json; charset=utf-8
host: hub-cloud.browserstack.com
authorization: Basic Y2VzYXJzdGV2ZW5yaW9zdV9aNWtmdDg6WDJ2Z1hoM0xGdG85c0R4VVJid1A=
accept: */*

Response DefaultHttpResponse(decodeResult: success, version: HTTP/1.1)
HTTP/1.1 200 OK
Server: nginx
Date: Mon, 05 Jun 2023 06:55:03 GMT
Content-Type: application/json; charset=utf-8
Content-Length: 14
Connection: keep-alive
Source-From: 02
x-powered-by: Express
vary: X-HTTP-Method-Override
etag: W/"e-9/1BuKMgFObM1mWJm+YjxtXJnUM"

01:55:03.361 [AsyncHttpClient-1-4] DEBUG org.asynchttpclient.netty.channel.ChannelManager -- Adding key: https://hub-cloud.browserstack.com:443 for channel [id: 0xbc36bb7a, L:/192.168.1.60:63613 - R:hub-cloud.browserstack.com/207.254.8.9:443]
01:55:03.425 [Forwarding setTimeout on session da647b3d1e66fd1dd37a67a376ea43f20167d90e to remote] DEBUG org.asynchttpclient.netty.request.NettyRequestSender -- Using pooled Channel '[id: 0xbc36bb7a, L:/192.168.1.60:63613 - R:hub-cloud.browserstack.com/207.254.8.9:443]' for 'POST' to 'https://cesarstevenriosu_Z5kft8:X2vgXh3LFto9sDxURbwP@hub-cloud.browserstack.com/wd/hub/session/da647b3d1e66fd1dd37a67a376ea43f20167d90e/timeouts'
01:55:03.426 [Forwarding setTimeout on session da647b3d1e66fd1dd37a67a376ea43f20167d90e to remote] DEBUG org.asynchttpclient.netty.request.NettyRequestSender -- Using open Channel [id: 0xbc36bb7a, L:/192.168.1.60:63613 - R:hub-cloud.browserstack.com/207.254.8.9:443] for POST '/wd/hub/session/da647b3d1e66fd1dd37a67a376ea43f20167d90e/timeouts'
01:55:03.568 [AsyncHttpClient-1-4] DEBUG org.asynchttpclient.netty.handler.HttpHandler -- 

Request DefaultHttpRequest(decodeResult: success, version: HTTP/1.1)
POST /wd/hub/session/da647b3d1e66fd1dd37a67a376ea43f20167d90e/timeouts HTTP/1.1
User-Agent: appium/8.3.0 (selenium/4.8.0 (java mac))
Content-Length: 19
Content-Type: application/json; charset=utf-8
host: hub-cloud.browserstack.com
authorization: Basic Y2VzYXJzdGV2ZW5yaW9zdV9aNWtmdDg6WDJ2Z1hoM0xGdG85c0R4VVJid1A=
accept: */*

Response DefaultHttpResponse(decodeResult: success, version: HTTP/1.1)
HTTP/1.1 200 OK
Server: nginx
Date: Mon, 05 Jun 2023 06:55:03 GMT
Content-Type: application/json; charset=utf-8
Content-Length: 14
Connection: keep-alive
Source-From: 02
x-powered-by: Express
vary: X-HTTP-Method-Override
etag: W/"e-9/1BuKMgFObM1mWJm+YjxtXJnUM"

01:55:03.568 [AsyncHttpClient-1-4] DEBUG org.asynchttpclient.netty.channel.ChannelManager -- Adding key: https://hub-cloud.browserstack.com:443 for channel [id: 0xbc36bb7a, L:/192.168.1.60:63613 - R:hub-cloud.browserstack.com/207.254.8.9:443]
01:55:03.570 [Forwarding findElement on session da647b3d1e66fd1dd37a67a376ea43f20167d90e to remote] DEBUG org.asynchttpclient.netty.request.NettyRequestSender -- Using pooled Channel '[id: 0xbc36bb7a, L:/192.168.1.60:63613 - R:hub-cloud.browserstack.com/207.254.8.9:443]' for 'POST' to 'https://cesarstevenriosu_Z5kft8:X2vgXh3LFto9sDxURbwP@hub-cloud.browserstack.com/wd/hub/session/da647b3d1e66fd1dd37a67a376ea43f20167d90e/element'
01:55:03.570 [Forwarding findElement on session da647b3d1e66fd1dd37a67a376ea43f20167d90e to remote] DEBUG org.asynchttpclient.netty.request.NettyRequestSender -- Using open Channel [id: 0xbc36bb7a, L:/192.168.1.60:63613 - R:hub-cloud.browserstack.com/207.254.8.9:443] for POST '/wd/hub/session/da647b3d1e66fd1dd37a67a376ea43f20167d90e/element'
01:55:03.987 [AsyncHttpClient-1-4] DEBUG org.asynchttpclient.netty.handler.HttpHandler -- 

Request DefaultHttpRequest(decodeResult: success, version: HTTP/1.1)
POST /wd/hub/session/da647b3d1e66fd1dd37a67a376ea43f20167d90e/element HTTP/1.1
User-Agent: appium/8.3.0 (selenium/4.8.0 (java mac))
Content-Length: 131
Content-Type: application/json; charset=utf-8
host: hub-cloud.browserstack.com
authorization: Basic Y2VzYXJzdGV2ZW5yaW9zdV9aNWtmdDg6WDJ2Z1hoM0xGdG85c0R4VVJid1A=
accept: */*

Response DefaultHttpResponse(decodeResult: success, version: HTTP/1.1)
HTTP/1.1 404 Not Found
Server: nginx
Date: Mon, 05 Jun 2023 06:55:04 GMT
Content-Type: application/json; charset=utf-8
Transfer-Encoding: chunked
Connection: keep-alive
Source-From: 02

01:55:03.987 [AsyncHttpClient-1-4] DEBUG org.asynchttpclient.netty.channel.ChannelManager -- Adding key: https://hub-cloud.browserstack.com:443 for channel [id: 0xbc36bb7a, L:/192.168.1.60:63613 - R:hub-cloud.browserstack.com/207.254.8.9:443]
01:55:03.990 [Forwarding setTimeout on session da647b3d1e66fd1dd37a67a376ea43f20167d90e to remote] DEBUG org.asynchttpclient.netty.request.NettyRequestSender -- Using pooled Channel '[id: 0xbc36bb7a, L:/192.168.1.60:63613 - R:hub-cloud.browserstack.com/207.254.8.9:443]' for 'POST' to 'https://cesarstevenriosu_Z5kft8:X2vgXh3LFto9sDxURbwP@hub-cloud.browserstack.com/wd/hub/session/da647b3d1e66fd1dd37a67a376ea43f20167d90e/timeouts'
01:55:03.990 [Forwarding setTimeout on session da647b3d1e66fd1dd37a67a376ea43f20167d90e to remote] DEBUG org.asynchttpclient.netty.request.NettyRequestSender -- Using open Channel [id: 0xbc36bb7a, L:/192.168.1.60:63613 - R:hub-cloud.browserstack.com/207.254.8.9:443] for POST '/wd/hub/session/da647b3d1e66fd1dd37a67a376ea43f20167d90e/timeouts'
01:55:04.116 [AsyncHttpClient-1-4] DEBUG org.asynchttpclient.netty.handler.HttpHandler -- 

Request DefaultHttpRequest(decodeResult: success, version: HTTP/1.1)
POST /wd/hub/session/da647b3d1e66fd1dd37a67a376ea43f20167d90e/timeouts HTTP/1.1
User-Agent: appium/8.3.0 (selenium/4.8.0 (java mac))
Content-Length: 23
Content-Type: application/json; charset=utf-8
host: hub-cloud.browserstack.com
authorization: Basic Y2VzYXJzdGV2ZW5yaW9zdV9aNWtmdDg6WDJ2Z1hoM0xGdG85c0R4VVJid1A=
accept: */*

Response DefaultHttpResponse(decodeResult: success, version: HTTP/1.1)
HTTP/1.1 200 OK
Server: nginx
Date: Mon, 05 Jun 2023 06:55:04 GMT
Content-Type: application/json; charset=utf-8
Content-Length: 14
Connection: keep-alive
Source-From: 02
x-powered-by: Express
vary: X-HTTP-Method-Override
etag: W/"e-9/1BuKMgFObM1mWJm+YjxtXJnUM"

01:55:04.116 [AsyncHttpClient-1-4] DEBUG org.asynchttpclient.netty.channel.ChannelManager -- Adding key: https://hub-cloud.browserstack.com:443 for channel [id: 0xbc36bb7a, L:/192.168.1.60:63613 - R:hub-cloud.browserstack.com/207.254.8.9:443]
01:55:04.178 [Forwarding setTimeout on session da647b3d1e66fd1dd37a67a376ea43f20167d90e to remote] DEBUG org.asynchttpclient.netty.request.NettyRequestSender -- Using pooled Channel '[id: 0xbc36bb7a, L:/192.168.1.60:63613 - R:hub-cloud.browserstack.com/207.254.8.9:443]' for 'POST' to 'https://cesarstevenriosu_Z5kft8:X2vgXh3LFto9sDxURbwP@hub-cloud.browserstack.com/wd/hub/session/da647b3d1e66fd1dd37a67a376ea43f20167d90e/timeouts'
01:55:04.178 [Forwarding setTimeout on session da647b3d1e66fd1dd37a67a376ea43f20167d90e to remote] DEBUG org.asynchttpclient.netty.request.NettyRequestSender -- Using open Channel [id: 0xbc36bb7a, L:/192.168.1.60:63613 - R:hub-cloud.browserstack.com/207.254.8.9:443] for POST '/wd/hub/session/da647b3d1e66fd1dd37a67a376ea43f20167d90e/timeouts'
01:55:04.346 [AsyncHttpClient-1-4] DEBUG org.asynchttpclient.netty.handler.HttpHandler -- 

Request DefaultHttpRequest(decodeResult: success, version: HTTP/1.1)
POST /wd/hub/session/da647b3d1e66fd1dd37a67a376ea43f20167d90e/timeouts HTTP/1.1
User-Agent: appium/8.3.0 (selenium/4.8.0 (java mac))
Content-Length: 19
Content-Type: application/json; charset=utf-8
host: hub-cloud.browserstack.com
authorization: Basic Y2VzYXJzdGV2ZW5yaW9zdV9aNWtmdDg6WDJ2Z1hoM0xGdG85c0R4VVJid1A=
accept: */*

Response DefaultHttpResponse(decodeResult: success, version: HTTP/1.1)
HTTP/1.1 200 OK
Server: nginx
Date: Mon, 05 Jun 2023 06:55:04 GMT
Content-Type: application/json; charset=utf-8
Content-Length: 14
Connection: keep-alive
Source-From: 02
x-powered-by: Express
vary: X-HTTP-Method-Override
etag: W/"e-9/1BuKMgFObM1mWJm+YjxtXJnUM"

01:55:04.346 [AsyncHttpClient-1-4] DEBUG org.asynchttpclient.netty.channel.ChannelManager -- Adding key: https://hub-cloud.browserstack.com:443 for channel [id: 0xbc36bb7a, L:/192.168.1.60:63613 - R:hub-cloud.browserstack.com/207.254.8.9:443]
01:55:04.348 [Forwarding findElement on session da647b3d1e66fd1dd37a67a376ea43f20167d90e to remote] DEBUG org.asynchttpclient.netty.request.NettyRequestSender -- Using pooled Channel '[id: 0xbc36bb7a, L:/192.168.1.60:63613 - R:hub-cloud.browserstack.com/207.254.8.9:443]' for 'POST' to 'https://cesarstevenriosu_Z5kft8:X2vgXh3LFto9sDxURbwP@hub-cloud.browserstack.com/wd/hub/session/da647b3d1e66fd1dd37a67a376ea43f20167d90e/element'
01:55:04.349 [Forwarding findElement on session da647b3d1e66fd1dd37a67a376ea43f20167d90e to remote] DEBUG org.asynchttpclient.netty.request.NettyRequestSender -- Using open Channel [id: 0xbc36bb7a, L:/192.168.1.60:63613 - R:hub-cloud.browserstack.com/207.254.8.9:443] for POST '/wd/hub/session/da647b3d1e66fd1dd37a67a376ea43f20167d90e/element'
01:55:04.655 [AsyncHttpClient-1-4] DEBUG org.asynchttpclient.netty.handler.HttpHandler -- 

Request DefaultHttpRequest(decodeResult: success, version: HTTP/1.1)
POST /wd/hub/session/da647b3d1e66fd1dd37a67a376ea43f20167d90e/element HTTP/1.1
User-Agent: appium/8.3.0 (selenium/4.8.0 (java mac))
Content-Length: 131
Content-Type: application/json; charset=utf-8
host: hub-cloud.browserstack.com
authorization: Basic Y2VzYXJzdGV2ZW5yaW9zdV9aNWtmdDg6WDJ2Z1hoM0xGdG85c0R4VVJid1A=
accept: */*

Response DefaultHttpResponse(decodeResult: success, version: HTTP/1.1)
HTTP/1.1 404 Not Found
Server: nginx
Date: Mon, 05 Jun 2023 06:55:04 GMT
Content-Type: application/json; charset=utf-8
Transfer-Encoding: chunked
Connection: keep-alive
Source-From: 02

01:55:04.656 [AsyncHttpClient-1-4] DEBUG org.asynchttpclient.netty.channel.ChannelManager -- Adding key: https://hub-cloud.browserstack.com:443 for channel [id: 0xbc36bb7a, L:/192.168.1.60:63613 - R:hub-cloud.browserstack.com/207.254.8.9:443]
01:55:04.658 [Forwarding setTimeout on session da647b3d1e66fd1dd37a67a376ea43f20167d90e to remote] DEBUG org.asynchttpclient.netty.request.NettyRequestSender -- Using pooled Channel '[id: 0xbc36bb7a, L:/192.168.1.60:63613 - R:hub-cloud.browserstack.com/207.254.8.9:443]' for 'POST' to 'https://cesarstevenriosu_Z5kft8:X2vgXh3LFto9sDxURbwP@hub-cloud.browserstack.com/wd/hub/session/da647b3d1e66fd1dd37a67a376ea43f20167d90e/timeouts'
01:55:04.658 [Forwarding setTimeout on session da647b3d1e66fd1dd37a67a376ea43f20167d90e to remote] DEBUG org.asynchttpclient.netty.request.NettyRequestSender -- Using open Channel [id: 0xbc36bb7a, L:/192.168.1.60:63613 - R:hub-cloud.browserstack.com/207.254.8.9:443] for POST '/wd/hub/session/da647b3d1e66fd1dd37a67a376ea43f20167d90e/timeouts'
01:55:04.772 [AsyncHttpClient-1-4] DEBUG org.asynchttpclient.netty.handler.HttpHandler -- 

Request DefaultHttpRequest(decodeResult: success, version: HTTP/1.1)
POST /wd/hub/session/da647b3d1e66fd1dd37a67a376ea43f20167d90e/timeouts HTTP/1.1
User-Agent: appium/8.3.0 (selenium/4.8.0 (java mac))
Content-Length: 23
Content-Type: application/json; charset=utf-8
host: hub-cloud.browserstack.com
authorization: Basic Y2VzYXJzdGV2ZW5yaW9zdV9aNWtmdDg6WDJ2Z1hoM0xGdG85c0R4VVJid1A=
accept: */*

Response DefaultHttpResponse(decodeResult: success, version: HTTP/1.1)
HTTP/1.1 200 OK
Server: nginx
Date: Mon, 05 Jun 2023 06:55:04 GMT
Content-Type: application/json; charset=utf-8
Content-Length: 14
Connection: keep-alive
Source-From: 02
x-powered-by: Express
vary: X-HTTP-Method-Override
etag: W/"e-9/1BuKMgFObM1mWJm+YjxtXJnUM"

01:55:04.772 [AsyncHttpClient-1-4] DEBUG org.asynchttpclient.netty.channel.ChannelManager -- Adding key: https://hub-cloud.browserstack.com:443 for channel [id: 0xbc36bb7a, L:/192.168.1.60:63613 - R:hub-cloud.browserstack.com/207.254.8.9:443]
01:55:04.831 [Forwarding setTimeout on session da647b3d1e66fd1dd37a67a376ea43f20167d90e to remote] DEBUG org.asynchttpclient.netty.request.NettyRequestSender -- Using pooled Channel '[id: 0xbc36bb7a, L:/192.168.1.60:63613 - R:hub-cloud.browserstack.com/207.254.8.9:443]' for 'POST' to 'https://cesarstevenriosu_Z5kft8:X2vgXh3LFto9sDxURbwP@hub-cloud.browserstack.com/wd/hub/session/da647b3d1e66fd1dd37a67a376ea43f20167d90e/timeouts'
01:55:04.831 [Forwarding setTimeout on session da647b3d1e66fd1dd37a67a376ea43f20167d90e to remote] DEBUG org.asynchttpclient.netty.request.NettyRequestSender -- Using open Channel [id: 0xbc36bb7a, L:/192.168.1.60:63613 - R:hub-cloud.browserstack.com/207.254.8.9:443] for POST '/wd/hub/session/da647b3d1e66fd1dd37a67a376ea43f20167d90e/timeouts'
01:55:04.921 [AsyncHttpClient-1-4] DEBUG org.asynchttpclient.netty.handler.HttpHandler -- 

Request DefaultHttpRequest(decodeResult: success, version: HTTP/1.1)
POST /wd/hub/session/da647b3d1e66fd1dd37a67a376ea43f20167d90e/timeouts HTTP/1.1
User-Agent: appium/8.3.0 (selenium/4.8.0 (java mac))
Content-Length: 19
Content-Type: application/json; charset=utf-8
host: hub-cloud.browserstack.com
authorization: Basic Y2VzYXJzdGV2ZW5yaW9zdV9aNWtmdDg6WDJ2Z1hoM0xGdG85c0R4VVJid1A=
accept: */*

Response DefaultHttpResponse(decodeResult: success, version: HTTP/1.1)
HTTP/1.1 200 OK
Server: nginx
Date: Mon, 05 Jun 2023 06:55:05 GMT
Content-Type: application/json; charset=utf-8
Content-Length: 14
Connection: keep-alive
Source-From: 02
x-powered-by: Express
vary: X-HTTP-Method-Override
etag: W/"e-9/1BuKMgFObM1mWJm+YjxtXJnUM"

01:55:04.921 [AsyncHttpClient-1-4] DEBUG org.asynchttpclient.netty.channel.ChannelManager -- Adding key: https://hub-cloud.browserstack.com:443 for channel [id: 0xbc36bb7a, L:/192.168.1.60:63613 - R:hub-cloud.browserstack.com/207.254.8.9:443]
01:55:04.925 [Forwarding findElement on session da647b3d1e66fd1dd37a67a376ea43f20167d90e to remote] DEBUG org.asynchttpclient.netty.request.NettyRequestSender -- Using pooled Channel '[id: 0xbc36bb7a, L:/192.168.1.60:63613 - R:hub-cloud.browserstack.com/207.254.8.9:443]' for 'POST' to 'https://cesarstevenriosu_Z5kft8:X2vgXh3LFto9sDxURbwP@hub-cloud.browserstack.com/wd/hub/session/da647b3d1e66fd1dd37a67a376ea43f20167d90e/element'
01:55:04.925 [Forwarding findElement on session da647b3d1e66fd1dd37a67a376ea43f20167d90e to remote] DEBUG org.asynchttpclient.netty.request.NettyRequestSender -- Using open Channel [id: 0xbc36bb7a, L:/192.168.1.60:63613 - R:hub-cloud.browserstack.com/207.254.8.9:443] for POST '/wd/hub/session/da647b3d1e66fd1dd37a67a376ea43f20167d90e/element'
01:55:05.932 [AsyncHttpClient-1-4] DEBUG org.asynchttpclient.netty.handler.HttpHandler -- 

Request DefaultHttpRequest(decodeResult: success, version: HTTP/1.1)
POST /wd/hub/session/da647b3d1e66fd1dd37a67a376ea43f20167d90e/element HTTP/1.1
User-Agent: appium/8.3.0 (selenium/4.8.0 (java mac))
Content-Length: 131
Content-Type: application/json; charset=utf-8
host: hub-cloud.browserstack.com
authorization: Basic Y2VzYXJzdGV2ZW5yaW9zdV9aNWtmdDg6WDJ2Z1hoM0xGdG85c0R4VVJid1A=
accept: */*

Response DefaultHttpResponse(decodeResult: success, version: HTTP/1.1)
HTTP/1.1 404 Not Found
Server: nginx
Date: Mon, 05 Jun 2023 06:55:06 GMT
Content-Type: application/json; charset=utf-8
Transfer-Encoding: chunked
Connection: keep-alive
Source-From: 02

01:55:05.932 [AsyncHttpClient-1-4] DEBUG org.asynchttpclient.netty.channel.ChannelManager -- Adding key: https://hub-cloud.browserstack.com:443 for channel [id: 0xbc36bb7a, L:/192.168.1.60:63613 - R:hub-cloud.browserstack.com/207.254.8.9:443]
01:55:05.935 [Forwarding setTimeout on session da647b3d1e66fd1dd37a67a376ea43f20167d90e to remote] DEBUG org.asynchttpclient.netty.request.NettyRequestSender -- Using pooled Channel '[id: 0xbc36bb7a, L:/192.168.1.60:63613 - R:hub-cloud.browserstack.com/207.254.8.9:443]' for 'POST' to 'https://cesarstevenriosu_Z5kft8:X2vgXh3LFto9sDxURbwP@hub-cloud.browserstack.com/wd/hub/session/da647b3d1e66fd1dd37a67a376ea43f20167d90e/timeouts'
01:55:05.935 [Forwarding setTimeout on session da647b3d1e66fd1dd37a67a376ea43f20167d90e to remote] DEBUG org.asynchttpclient.netty.request.NettyRequestSender -- Using open Channel [id: 0xbc36bb7a, L:/192.168.1.60:63613 - R:hub-cloud.browserstack.com/207.254.8.9:443] for POST '/wd/hub/session/da647b3d1e66fd1dd37a67a376ea43f20167d90e/timeouts'
01:55:06.024 [AsyncHttpClient-1-4] DEBUG org.asynchttpclient.netty.handler.HttpHandler -- 

Request DefaultHttpRequest(decodeResult: success, version: HTTP/1.1)
POST /wd/hub/session/da647b3d1e66fd1dd37a67a376ea43f20167d90e/timeouts HTTP/1.1
User-Agent: appium/8.3.0 (selenium/4.8.0 (java mac))
Content-Length: 23
Content-Type: application/json; charset=utf-8
host: hub-cloud.browserstack.com
authorization: Basic Y2VzYXJzdGV2ZW5yaW9zdV9aNWtmdDg6WDJ2Z1hoM0xGdG85c0R4VVJid1A=
accept: */*

Response DefaultHttpResponse(decodeResult: success, version: HTTP/1.1)
HTTP/1.1 200 OK
Server: nginx
Date: Mon, 05 Jun 2023 06:55:06 GMT
Content-Type: application/json; charset=utf-8
Content-Length: 14
Connection: keep-alive
Source-From: 02
x-powered-by: Express
vary: X-HTTP-Method-Override
etag: W/"e-9/1BuKMgFObM1mWJm+YjxtXJnUM"

01:55:06.025 [AsyncHttpClient-1-4] DEBUG org.asynchttpclient.netty.channel.ChannelManager -- Adding key: https://hub-cloud.browserstack.com:443 for channel [id: 0xbc36bb7a, L:/192.168.1.60:63613 - R:hub-cloud.browserstack.com/207.254.8.9:443]
01:55:06.082 [Forwarding setTimeout on session da647b3d1e66fd1dd37a67a376ea43f20167d90e to remote] DEBUG org.asynchttpclient.netty.request.NettyRequestSender -- Using pooled Channel '[id: 0xbc36bb7a, L:/192.168.1.60:63613 - R:hub-cloud.browserstack.com/207.254.8.9:443]' for 'POST' to 'https://cesarstevenriosu_Z5kft8:X2vgXh3LFto9sDxURbwP@hub-cloud.browserstack.com/wd/hub/session/da647b3d1e66fd1dd37a67a376ea43f20167d90e/timeouts'
01:55:06.082 [Forwarding setTimeout on session da647b3d1e66fd1dd37a67a376ea43f20167d90e to remote] DEBUG org.asynchttpclient.netty.request.NettyRequestSender -- Using open Channel [id: 0xbc36bb7a, L:/192.168.1.60:63613 - R:hub-cloud.browserstack.com/207.254.8.9:443] for POST '/wd/hub/session/da647b3d1e66fd1dd37a67a376ea43f20167d90e/timeouts'
01:55:06.310 [AsyncHttpClient-1-4] DEBUG org.asynchttpclient.netty.handler.HttpHandler -- 

Request DefaultHttpRequest(decodeResult: success, version: HTTP/1.1)
POST /wd/hub/session/da647b3d1e66fd1dd37a67a376ea43f20167d90e/timeouts HTTP/1.1
User-Agent: appium/8.3.0 (selenium/4.8.0 (java mac))
Content-Length: 19
Content-Type: application/json; charset=utf-8
host: hub-cloud.browserstack.com
authorization: Basic Y2VzYXJzdGV2ZW5yaW9zdV9aNWtmdDg6WDJ2Z1hoM0xGdG85c0R4VVJid1A=
accept: */*

Response DefaultHttpResponse(decodeResult: success, version: HTTP/1.1)
HTTP/1.1 200 OK
Server: nginx
Date: Mon, 05 Jun 2023 06:55:06 GMT
Content-Type: application/json; charset=utf-8
Content-Length: 14
Connection: keep-alive
Source-From: 02
x-powered-by: Express
vary: X-HTTP-Method-Override
etag: W/"e-9/1BuKMgFObM1mWJm+YjxtXJnUM"

01:55:06.310 [AsyncHttpClient-1-4] DEBUG org.asynchttpclient.netty.channel.ChannelManager -- Adding key: https://hub-cloud.browserstack.com:443 for channel [id: 0xbc36bb7a, L:/192.168.1.60:63613 - R:hub-cloud.browserstack.com/207.254.8.9:443]
01:55:06.314 [Forwarding findElement on session da647b3d1e66fd1dd37a67a376ea43f20167d90e to remote] DEBUG org.asynchttpclient.netty.request.NettyRequestSender -- Using pooled Channel '[id: 0xbc36bb7a, L:/192.168.1.60:63613 - R:hub-cloud.browserstack.com/207.254.8.9:443]' for 'POST' to 'https://cesarstevenriosu_Z5kft8:X2vgXh3LFto9sDxURbwP@hub-cloud.browserstack.com/wd/hub/session/da647b3d1e66fd1dd37a67a376ea43f20167d90e/element'
01:55:06.314 [Forwarding findElement on session da647b3d1e66fd1dd37a67a376ea43f20167d90e to remote] DEBUG org.asynchttpclient.netty.request.NettyRequestSender -- Using open Channel [id: 0xbc36bb7a, L:/192.168.1.60:63613 - R:hub-cloud.browserstack.com/207.254.8.9:443] for POST '/wd/hub/session/da647b3d1e66fd1dd37a67a376ea43f20167d90e/element'
01:55:06.599 [AsyncHttpClient-1-4] DEBUG org.asynchttpclient.netty.handler.HttpHandler -- 

Request DefaultHttpRequest(decodeResult: success, version: HTTP/1.1)
POST /wd/hub/session/da647b3d1e66fd1dd37a67a376ea43f20167d90e/element HTTP/1.1
User-Agent: appium/8.3.0 (selenium/4.8.0 (java mac))
Content-Length: 131
Content-Type: application/json; charset=utf-8
host: hub-cloud.browserstack.com
authorization: Basic Y2VzYXJzdGV2ZW5yaW9zdV9aNWtmdDg6WDJ2Z1hoM0xGdG85c0R4VVJid1A=
accept: */*

Response DefaultHttpResponse(decodeResult: success, version: HTTP/1.1)
HTTP/1.1 404 Not Found
Server: nginx
Date: Mon, 05 Jun 2023 06:55:06 GMT
Content-Type: application/json; charset=utf-8
Transfer-Encoding: chunked
Connection: keep-alive
Source-From: 02

01:55:06.600 [AsyncHttpClient-1-4] DEBUG org.asynchttpclient.netty.channel.ChannelManager -- Adding key: https://hub-cloud.browserstack.com:443 for channel [id: 0xbc36bb7a, L:/192.168.1.60:63613 - R:hub-cloud.browserstack.com/207.254.8.9:443]
01:55:06.603 [Forwarding setTimeout on session da647b3d1e66fd1dd37a67a376ea43f20167d90e to remote] DEBUG org.asynchttpclient.netty.request.NettyRequestSender -- Using pooled Channel '[id: 0xbc36bb7a, L:/192.168.1.60:63613 - R:hub-cloud.browserstack.com/207.254.8.9:443]' for 'POST' to 'https://cesarstevenriosu_Z5kft8:X2vgXh3LFto9sDxURbwP@hub-cloud.browserstack.com/wd/hub/session/da647b3d1e66fd1dd37a67a376ea43f20167d90e/timeouts'
01:55:06.603 [Forwarding setTimeout on session da647b3d1e66fd1dd37a67a376ea43f20167d90e to remote] DEBUG org.asynchttpclient.netty.request.NettyRequestSender -- Using open Channel [id: 0xbc36bb7a, L:/192.168.1.60:63613 - R:hub-cloud.browserstack.com/207.254.8.9:443] for POST '/wd/hub/session/da647b3d1e66fd1dd37a67a376ea43f20167d90e/timeouts'
01:55:06.702 [AsyncHttpClient-1-4] DEBUG org.asynchttpclient.netty.handler.HttpHandler -- 

Request DefaultHttpRequest(decodeResult: success, version: HTTP/1.1)
POST /wd/hub/session/da647b3d1e66fd1dd37a67a376ea43f20167d90e/timeouts HTTP/1.1
User-Agent: appium/8.3.0 (selenium/4.8.0 (java mac))
Content-Length: 23
Content-Type: application/json; charset=utf-8
host: hub-cloud.browserstack.com
authorization: Basic Y2VzYXJzdGV2ZW5yaW9zdV9aNWtmdDg6WDJ2Z1hoM0xGdG85c0R4VVJid1A=
accept: */*

Response DefaultHttpResponse(decodeResult: success, version: HTTP/1.1)
HTTP/1.1 200 OK
Server: nginx
Date: Mon, 05 Jun 2023 06:55:06 GMT
Content-Type: application/json; charset=utf-8
Content-Length: 14
Connection: keep-alive
Source-From: 02
x-powered-by: Express
vary: X-HTTP-Method-Override
etag: W/"e-9/1BuKMgFObM1mWJm+YjxtXJnUM"

01:55:06.702 [AsyncHttpClient-1-4] DEBUG org.asynchttpclient.netty.channel.ChannelManager -- Adding key: https://hub-cloud.browserstack.com:443 for channel [id: 0xbc36bb7a, L:/192.168.1.60:63613 - R:hub-cloud.browserstack.com/207.254.8.9:443]
01:55:06.758 [Forwarding setTimeout on session da647b3d1e66fd1dd37a67a376ea43f20167d90e to remote] DEBUG org.asynchttpclient.netty.request.NettyRequestSender -- Using pooled Channel '[id: 0xbc36bb7a, L:/192.168.1.60:63613 - R:hub-cloud.browserstack.com/207.254.8.9:443]' for 'POST' to 'https://cesarstevenriosu_Z5kft8:X2vgXh3LFto9sDxURbwP@hub-cloud.browserstack.com/wd/hub/session/da647b3d1e66fd1dd37a67a376ea43f20167d90e/timeouts'
01:55:06.758 [Forwarding setTimeout on session da647b3d1e66fd1dd37a67a376ea43f20167d90e to remote] DEBUG org.asynchttpclient.netty.request.NettyRequestSender -- Using open Channel [id: 0xbc36bb7a, L:/192.168.1.60:63613 - R:hub-cloud.browserstack.com/207.254.8.9:443] for POST '/wd/hub/session/da647b3d1e66fd1dd37a67a376ea43f20167d90e/timeouts'
01:55:06.875 [AsyncHttpClient-1-4] DEBUG org.asynchttpclient.netty.handler.HttpHandler -- 

Request DefaultHttpRequest(decodeResult: success, version: HTTP/1.1)
POST /wd/hub/session/da647b3d1e66fd1dd37a67a376ea43f20167d90e/timeouts HTTP/1.1
User-Agent: appium/8.3.0 (selenium/4.8.0 (java mac))
Content-Length: 19
Content-Type: application/json; charset=utf-8
host: hub-cloud.browserstack.com
authorization: Basic Y2VzYXJzdGV2ZW5yaW9zdV9aNWtmdDg6WDJ2Z1hoM0xGdG85c0R4VVJid1A=
accept: */*

Response DefaultHttpResponse(decodeResult: success, version: HTTP/1.1)
HTTP/1.1 200 OK
Server: nginx
Date: Mon, 05 Jun 2023 06:55:06 GMT
Content-Type: application/json; charset=utf-8
Content-Length: 14
Connection: keep-alive
Source-From: 02
x-powered-by: Express
vary: X-HTTP-Method-Override
etag: W/"e-9/1BuKMgFObM1mWJm+YjxtXJnUM"

01:55:06.875 [AsyncHttpClient-1-4] DEBUG org.asynchttpclient.netty.channel.ChannelManager -- Adding key: https://hub-cloud.browserstack.com:443 for channel [id: 0xbc36bb7a, L:/192.168.1.60:63613 - R:hub-cloud.browserstack.com/207.254.8.9:443]
01:55:06.877 [Forwarding findElement on session da647b3d1e66fd1dd37a67a376ea43f20167d90e to remote] DEBUG org.asynchttpclient.netty.request.NettyRequestSender -- Using pooled Channel '[id: 0xbc36bb7a, L:/192.168.1.60:63613 - R:hub-cloud.browserstack.com/207.254.8.9:443]' for 'POST' to 'https://cesarstevenriosu_Z5kft8:X2vgXh3LFto9sDxURbwP@hub-cloud.browserstack.com/wd/hub/session/da647b3d1e66fd1dd37a67a376ea43f20167d90e/element'
01:55:06.877 [Forwarding findElement on session da647b3d1e66fd1dd37a67a376ea43f20167d90e to remote] DEBUG org.asynchttpclient.netty.request.NettyRequestSender -- Using open Channel [id: 0xbc36bb7a, L:/192.168.1.60:63613 - R:hub-cloud.browserstack.com/207.254.8.9:443] for POST '/wd/hub/session/da647b3d1e66fd1dd37a67a376ea43f20167d90e/element'
01:55:07.135 [AsyncHttpClient-1-4] DEBUG org.asynchttpclient.netty.handler.HttpHandler -- 

Request DefaultHttpRequest(decodeResult: success, version: HTTP/1.1)
POST /wd/hub/session/da647b3d1e66fd1dd37a67a376ea43f20167d90e/element HTTP/1.1
User-Agent: appium/8.3.0 (selenium/4.8.0 (java mac))
Content-Length: 131
Content-Type: application/json; charset=utf-8
host: hub-cloud.browserstack.com
authorization: Basic Y2VzYXJzdGV2ZW5yaW9zdV9aNWtmdDg6WDJ2Z1hoM0xGdG85c0R4VVJid1A=
accept: */*

Response DefaultHttpResponse(decodeResult: success, version: HTTP/1.1)
HTTP/1.1 404 Not Found
Server: nginx
Date: Mon, 05 Jun 2023 06:55:07 GMT
Content-Type: application/json; charset=utf-8
Transfer-Encoding: chunked
Connection: keep-alive
Source-From: 02

01:55:07.136 [AsyncHttpClient-1-4] DEBUG org.asynchttpclient.netty.channel.ChannelManager -- Adding key: https://hub-cloud.browserstack.com:443 for channel [id: 0xbc36bb7a, L:/192.168.1.60:63613 - R:hub-cloud.browserstack.com/207.254.8.9:443]
01:55:07.138 [Forwarding setTimeout on session da647b3d1e66fd1dd37a67a376ea43f20167d90e to remote] DEBUG org.asynchttpclient.netty.request.NettyRequestSender -- Using pooled Channel '[id: 0xbc36bb7a, L:/192.168.1.60:63613 - R:hub-cloud.browserstack.com/207.254.8.9:443]' for 'POST' to 'https://cesarstevenriosu_Z5kft8:X2vgXh3LFto9sDxURbwP@hub-cloud.browserstack.com/wd/hub/session/da647b3d1e66fd1dd37a67a376ea43f20167d90e/timeouts'
01:55:07.138 [Forwarding setTimeout on session da647b3d1e66fd1dd37a67a376ea43f20167d90e to remote] DEBUG org.asynchttpclient.netty.request.NettyRequestSender -- Using open Channel [id: 0xbc36bb7a, L:/192.168.1.60:63613 - R:hub-cloud.browserstack.com/207.254.8.9:443] for POST '/wd/hub/session/da647b3d1e66fd1dd37a67a376ea43f20167d90e/timeouts'
01:55:07.241 [AsyncHttpClient-1-4] DEBUG org.asynchttpclient.netty.handler.HttpHandler -- 

Request DefaultHttpRequest(decodeResult: success, version: HTTP/1.1)
POST /wd/hub/session/da647b3d1e66fd1dd37a67a376ea43f20167d90e/timeouts HTTP/1.1
User-Agent: appium/8.3.0 (selenium/4.8.0 (java mac))
Content-Length: 23
Content-Type: application/json; charset=utf-8
host: hub-cloud.browserstack.com
authorization: Basic Y2VzYXJzdGV2ZW5yaW9zdV9aNWtmdDg6WDJ2Z1hoM0xGdG85c0R4VVJid1A=
accept: */*

Response DefaultHttpResponse(decodeResult: success, version: HTTP/1.1)
HTTP/1.1 200 OK
Server: nginx
Date: Mon, 05 Jun 2023 06:55:07 GMT
Content-Type: application/json; charset=utf-8
Content-Length: 14
Connection: keep-alive
Source-From: 02
x-powered-by: Express
vary: X-HTTP-Method-Override
etag: W/"e-9/1BuKMgFObM1mWJm+YjxtXJnUM"

01:55:07.241 [AsyncHttpClient-1-4] DEBUG org.asynchttpclient.netty.channel.ChannelManager -- Adding key: https://hub-cloud.browserstack.com:443 for channel [id: 0xbc36bb7a, L:/192.168.1.60:63613 - R:hub-cloud.browserstack.com/207.254.8.9:443]
01:55:07.300 [Forwarding setTimeout on session da647b3d1e66fd1dd37a67a376ea43f20167d90e to remote] DEBUG org.asynchttpclient.netty.request.NettyRequestSender -- Using pooled Channel '[id: 0xbc36bb7a, L:/192.168.1.60:63613 - R:hub-cloud.browserstack.com/207.254.8.9:443]' for 'POST' to 'https://cesarstevenriosu_Z5kft8:X2vgXh3LFto9sDxURbwP@hub-cloud.browserstack.com/wd/hub/session/da647b3d1e66fd1dd37a67a376ea43f20167d90e/timeouts'
01:55:07.300 [Forwarding setTimeout on session da647b3d1e66fd1dd37a67a376ea43f20167d90e to remote] DEBUG org.asynchttpclient.netty.request.NettyRequestSender -- Using open Channel [id: 0xbc36bb7a, L:/192.168.1.60:63613 - R:hub-cloud.browserstack.com/207.254.8.9:443] for POST '/wd/hub/session/da647b3d1e66fd1dd37a67a376ea43f20167d90e/timeouts'
01:55:07.405 [AsyncHttpClient-1-4] DEBUG org.asynchttpclient.netty.handler.HttpHandler -- 

Request DefaultHttpRequest(decodeResult: success, version: HTTP/1.1)
POST /wd/hub/session/da647b3d1e66fd1dd37a67a376ea43f20167d90e/timeouts HTTP/1.1
User-Agent: appium/8.3.0 (selenium/4.8.0 (java mac))
Content-Length: 19
Content-Type: application/json; charset=utf-8
host: hub-cloud.browserstack.com
authorization: Basic Y2VzYXJzdGV2ZW5yaW9zdV9aNWtmdDg6WDJ2Z1hoM0xGdG85c0R4VVJid1A=
accept: */*

Response DefaultHttpResponse(decodeResult: success, version: HTTP/1.1)
HTTP/1.1 200 OK
Server: nginx
Date: Mon, 05 Jun 2023 06:55:07 GMT
Content-Type: application/json; charset=utf-8
Content-Length: 14
Connection: keep-alive
Source-From: 02
x-powered-by: Express
vary: X-HTTP-Method-Override
etag: W/"e-9/1BuKMgFObM1mWJm+YjxtXJnUM"

01:55:07.405 [AsyncHttpClient-1-4] DEBUG org.asynchttpclient.netty.channel.ChannelManager -- Adding key: https://hub-cloud.browserstack.com:443 for channel [id: 0xbc36bb7a, L:/192.168.1.60:63613 - R:hub-cloud.browserstack.com/207.254.8.9:443]
01:55:07.408 [Forwarding findElement on session da647b3d1e66fd1dd37a67a376ea43f20167d90e to remote] DEBUG org.asynchttpclient.netty.request.NettyRequestSender -- Using pooled Channel '[id: 0xbc36bb7a, L:/192.168.1.60:63613 - R:hub-cloud.browserstack.com/207.254.8.9:443]' for 'POST' to 'https://cesarstevenriosu_Z5kft8:X2vgXh3LFto9sDxURbwP@hub-cloud.browserstack.com/wd/hub/session/da647b3d1e66fd1dd37a67a376ea43f20167d90e/element'
01:55:07.408 [Forwarding findElement on session da647b3d1e66fd1dd37a67a376ea43f20167d90e to remote] DEBUG org.asynchttpclient.netty.request.NettyRequestSender -- Using open Channel [id: 0xbc36bb7a, L:/192.168.1.60:63613 - R:hub-cloud.browserstack.com/207.254.8.9:443] for POST '/wd/hub/session/da647b3d1e66fd1dd37a67a376ea43f20167d90e/element'
01:55:07.659 [AsyncHttpClient-1-4] DEBUG org.asynchttpclient.netty.handler.HttpHandler -- 

Request DefaultHttpRequest(decodeResult: success, version: HTTP/1.1)
POST /wd/hub/session/da647b3d1e66fd1dd37a67a376ea43f20167d90e/element HTTP/1.1
User-Agent: appium/8.3.0 (selenium/4.8.0 (java mac))
Content-Length: 131
Content-Type: application/json; charset=utf-8
host: hub-cloud.browserstack.com
authorization: Basic Y2VzYXJzdGV2ZW5yaW9zdV9aNWtmdDg6WDJ2Z1hoM0xGdG85c0R4VVJid1A=
accept: */*

Response DefaultHttpResponse(decodeResult: success, version: HTTP/1.1)
HTTP/1.1 404 Not Found
Server: nginx
Date: Mon, 05 Jun 2023 06:55:07 GMT
Content-Type: application/json; charset=utf-8
Transfer-Encoding: chunked
Connection: keep-alive
Source-From: 02

01:55:07.660 [AsyncHttpClient-1-4] DEBUG org.asynchttpclient.netty.channel.ChannelManager -- Adding key: https://hub-cloud.browserstack.com:443 for channel [id: 0xbc36bb7a, L:/192.168.1.60:63613 - R:hub-cloud.browserstack.com/207.254.8.9:443]
01:55:07.663 [Forwarding setTimeout on session da647b3d1e66fd1dd37a67a376ea43f20167d90e to remote] DEBUG org.asynchttpclient.netty.request.NettyRequestSender -- Using pooled Channel '[id: 0xbc36bb7a, L:/192.168.1.60:63613 - R:hub-cloud.browserstack.com/207.254.8.9:443]' for 'POST' to 'https://cesarstevenriosu_Z5kft8:X2vgXh3LFto9sDxURbwP@hub-cloud.browserstack.com/wd/hub/session/da647b3d1e66fd1dd37a67a376ea43f20167d90e/timeouts'
01:55:07.663 [Forwarding setTimeout on session da647b3d1e66fd1dd37a67a376ea43f20167d90e to remote] DEBUG org.asynchttpclient.netty.request.NettyRequestSender -- Using open Channel [id: 0xbc36bb7a, L:/192.168.1.60:63613 - R:hub-cloud.browserstack.com/207.254.8.9:443] for POST '/wd/hub/session/da647b3d1e66fd1dd37a67a376ea43f20167d90e/timeouts'
01:55:07.790 [AsyncHttpClient-1-4] DEBUG org.asynchttpclient.netty.handler.HttpHandler -- 

Request DefaultHttpRequest(decodeResult: success, version: HTTP/1.1)
POST /wd/hub/session/da647b3d1e66fd1dd37a67a376ea43f20167d90e/timeouts HTTP/1.1
User-Agent: appium/8.3.0 (selenium/4.8.0 (java mac))
Content-Length: 23
Content-Type: application/json; charset=utf-8
host: hub-cloud.browserstack.com
authorization: Basic Y2VzYXJzdGV2ZW5yaW9zdV9aNWtmdDg6WDJ2Z1hoM0xGdG85c0R4VVJid1A=
accept: */*

Response DefaultHttpResponse(decodeResult: success, version: HTTP/1.1)
HTTP/1.1 200 OK
Server: nginx
Date: Mon, 05 Jun 2023 06:55:07 GMT
Content-Type: application/json; charset=utf-8
Content-Length: 14
Connection: keep-alive
Source-From: 02
x-powered-by: Express
vary: X-HTTP-Method-Override
etag: W/"e-9/1BuKMgFObM1mWJm+YjxtXJnUM"

01:55:07.791 [AsyncHttpClient-1-4] DEBUG org.asynchttpclient.netty.channel.ChannelManager -- Adding key: https://hub-cloud.browserstack.com:443 for channel [id: 0xbc36bb7a, L:/192.168.1.60:63613 - R:hub-cloud.browserstack.com/207.254.8.9:443]
01:55:07.848 [Forwarding setTimeout on session da647b3d1e66fd1dd37a67a376ea43f20167d90e to remote] DEBUG org.asynchttpclient.netty.request.NettyRequestSender -- Using pooled Channel '[id: 0xbc36bb7a, L:/192.168.1.60:63613 - R:hub-cloud.browserstack.com/207.254.8.9:443]' for 'POST' to 'https://cesarstevenriosu_Z5kft8:X2vgXh3LFto9sDxURbwP@hub-cloud.browserstack.com/wd/hub/session/da647b3d1e66fd1dd37a67a376ea43f20167d90e/timeouts'
01:55:07.848 [Forwarding setTimeout on session da647b3d1e66fd1dd37a67a376ea43f20167d90e to remote] DEBUG org.asynchttpclient.netty.request.NettyRequestSender -- Using open Channel [id: 0xbc36bb7a, L:/192.168.1.60:63613 - R:hub-cloud.browserstack.com/207.254.8.9:443] for POST '/wd/hub/session/da647b3d1e66fd1dd37a67a376ea43f20167d90e/timeouts'
01:55:07.967 [AsyncHttpClient-1-4] DEBUG org.asynchttpclient.netty.handler.HttpHandler -- 

Request DefaultHttpRequest(decodeResult: success, version: HTTP/1.1)
POST /wd/hub/session/da647b3d1e66fd1dd37a67a376ea43f20167d90e/timeouts HTTP/1.1
User-Agent: appium/8.3.0 (selenium/4.8.0 (java mac))
Content-Length: 19
Content-Type: application/json; charset=utf-8
host: hub-cloud.browserstack.com
authorization: Basic Y2VzYXJzdGV2ZW5yaW9zdV9aNWtmdDg6WDJ2Z1hoM0xGdG85c0R4VVJid1A=
accept: */*

Response DefaultHttpResponse(decodeResult: success, version: HTTP/1.1)
HTTP/1.1 200 OK
Server: nginx
Date: Mon, 05 Jun 2023 06:55:08 GMT
Content-Type: application/json; charset=utf-8
Content-Length: 14
Connection: keep-alive
Source-From: 02
x-powered-by: Express
vary: X-HTTP-Method-Override
etag: W/"e-9/1BuKMgFObM1mWJm+YjxtXJnUM"

01:55:07.967 [AsyncHttpClient-1-4] DEBUG org.asynchttpclient.netty.channel.ChannelManager -- Adding key: https://hub-cloud.browserstack.com:443 for channel [id: 0xbc36bb7a, L:/192.168.1.60:63613 - R:hub-cloud.browserstack.com/207.254.8.9:443]
01:55:07.970 [Forwarding findElement on session da647b3d1e66fd1dd37a67a376ea43f20167d90e to remote] DEBUG org.asynchttpclient.netty.request.NettyRequestSender -- Using pooled Channel '[id: 0xbc36bb7a, L:/192.168.1.60:63613 - R:hub-cloud.browserstack.com/207.254.8.9:443]' for 'POST' to 'https://cesarstevenriosu_Z5kft8:X2vgXh3LFto9sDxURbwP@hub-cloud.browserstack.com/wd/hub/session/da647b3d1e66fd1dd37a67a376ea43f20167d90e/element'
01:55:07.970 [Forwarding findElement on session da647b3d1e66fd1dd37a67a376ea43f20167d90e to remote] DEBUG org.asynchttpclient.netty.request.NettyRequestSender -- Using open Channel [id: 0xbc36bb7a, L:/192.168.1.60:63613 - R:hub-cloud.browserstack.com/207.254.8.9:443] for POST '/wd/hub/session/da647b3d1e66fd1dd37a67a376ea43f20167d90e/element'
01:55:08.286 [AsyncHttpClient-1-4] DEBUG org.asynchttpclient.netty.handler.HttpHandler -- 

Request DefaultHttpRequest(decodeResult: success, version: HTTP/1.1)
POST /wd/hub/session/da647b3d1e66fd1dd37a67a376ea43f20167d90e/element HTTP/1.1
User-Agent: appium/8.3.0 (selenium/4.8.0 (java mac))
Content-Length: 131
Content-Type: application/json; charset=utf-8
host: hub-cloud.browserstack.com
authorization: Basic Y2VzYXJzdGV2ZW5yaW9zdV9aNWtmdDg6WDJ2Z1hoM0xGdG85c0R4VVJid1A=
accept: */*

Response DefaultHttpResponse(decodeResult: success, version: HTTP/1.1)
HTTP/1.1 404 Not Found
Server: nginx
Date: Mon, 05 Jun 2023 06:55:08 GMT
Content-Type: application/json; charset=utf-8
Transfer-Encoding: chunked
Connection: keep-alive
Source-From: 02

01:55:08.287 [AsyncHttpClient-1-4] DEBUG org.asynchttpclient.netty.channel.ChannelManager -- Adding key: https://hub-cloud.browserstack.com:443 for channel [id: 0xbc36bb7a, L:/192.168.1.60:63613 - R:hub-cloud.browserstack.com/207.254.8.9:443]
01:55:08.290 [Forwarding setTimeout on session da647b3d1e66fd1dd37a67a376ea43f20167d90e to remote] DEBUG org.asynchttpclient.netty.request.NettyRequestSender -- Using pooled Channel '[id: 0xbc36bb7a, L:/192.168.1.60:63613 - R:hub-cloud.browserstack.com/207.254.8.9:443]' for 'POST' to 'https://cesarstevenriosu_Z5kft8:X2vgXh3LFto9sDxURbwP@hub-cloud.browserstack.com/wd/hub/session/da647b3d1e66fd1dd37a67a376ea43f20167d90e/timeouts'
01:55:08.290 [Forwarding setTimeout on session da647b3d1e66fd1dd37a67a376ea43f20167d90e to remote] DEBUG org.asynchttpclient.netty.request.NettyRequestSender -- Using open Channel [id: 0xbc36bb7a, L:/192.168.1.60:63613 - R:hub-cloud.browserstack.com/207.254.8.9:443] for POST '/wd/hub/session/da647b3d1e66fd1dd37a67a376ea43f20167d90e/timeouts'
01:55:08.432 [AsyncHttpClient-1-4] DEBUG org.asynchttpclient.netty.handler.HttpHandler -- 

Request DefaultHttpRequest(decodeResult: success, version: HTTP/1.1)
POST /wd/hub/session/da647b3d1e66fd1dd37a67a376ea43f20167d90e/timeouts HTTP/1.1
User-Agent: appium/8.3.0 (selenium/4.8.0 (java mac))
Content-Length: 23
Content-Type: application/json; charset=utf-8
host: hub-cloud.browserstack.com
authorization: Basic Y2VzYXJzdGV2ZW5yaW9zdV9aNWtmdDg6WDJ2Z1hoM0xGdG85c0R4VVJid1A=
accept: */*

Response DefaultHttpResponse(decodeResult: success, version: HTTP/1.1)
HTTP/1.1 200 OK
Server: nginx
Date: Mon, 05 Jun 2023 06:55:08 GMT
Content-Type: application/json; charset=utf-8
Content-Length: 14
Connection: keep-alive
Source-From: 02
x-powered-by: Express
vary: X-HTTP-Method-Override
etag: W/"e-9/1BuKMgFObM1mWJm+YjxtXJnUM"

01:55:08.432 [AsyncHttpClient-1-4] DEBUG org.asynchttpclient.netty.channel.ChannelManager -- Adding key: https://hub-cloud.browserstack.com:443 for channel [id: 0xbc36bb7a, L:/192.168.1.60:63613 - R:hub-cloud.browserstack.com/207.254.8.9:443]
01:55:08.492 [Forwarding setTimeout on session da647b3d1e66fd1dd37a67a376ea43f20167d90e to remote] DEBUG org.asynchttpclient.netty.request.NettyRequestSender -- Using pooled Channel '[id: 0xbc36bb7a, L:/192.168.1.60:63613 - R:hub-cloud.browserstack.com/207.254.8.9:443]' for 'POST' to 'https://cesarstevenriosu_Z5kft8:X2vgXh3LFto9sDxURbwP@hub-cloud.browserstack.com/wd/hub/session/da647b3d1e66fd1dd37a67a376ea43f20167d90e/timeouts'
01:55:08.493 [Forwarding setTimeout on session da647b3d1e66fd1dd37a67a376ea43f20167d90e to remote] DEBUG org.asynchttpclient.netty.request.NettyRequestSender -- Using open Channel [id: 0xbc36bb7a, L:/192.168.1.60:63613 - R:hub-cloud.browserstack.com/207.254.8.9:443] for POST '/wd/hub/session/da647b3d1e66fd1dd37a67a376ea43f20167d90e/timeouts'
01:55:08.634 [AsyncHttpClient-1-4] DEBUG org.asynchttpclient.netty.handler.HttpHandler -- 

Request DefaultHttpRequest(decodeResult: success, version: HTTP/1.1)
POST /wd/hub/session/da647b3d1e66fd1dd37a67a376ea43f20167d90e/timeouts HTTP/1.1
User-Agent: appium/8.3.0 (selenium/4.8.0 (java mac))
Content-Length: 19
Content-Type: application/json; charset=utf-8
host: hub-cloud.browserstack.com
authorization: Basic Y2VzYXJzdGV2ZW5yaW9zdV9aNWtmdDg6WDJ2Z1hoM0xGdG85c0R4VVJid1A=
accept: */*

Response DefaultHttpResponse(decodeResult: success, version: HTTP/1.1)
HTTP/1.1 200 OK
Server: nginx
Date: Mon, 05 Jun 2023 06:55:08 GMT
Content-Type: application/json; charset=utf-8
Content-Length: 14
Connection: keep-alive
Source-From: 02
x-powered-by: Express
vary: X-HTTP-Method-Override
etag: W/"e-9/1BuKMgFObM1mWJm+YjxtXJnUM"

01:55:08.634 [AsyncHttpClient-1-4] DEBUG org.asynchttpclient.netty.channel.ChannelManager -- Adding key: https://hub-cloud.browserstack.com:443 for channel [id: 0xbc36bb7a, L:/192.168.1.60:63613 - R:hub-cloud.browserstack.com/207.254.8.9:443]
01:55:08.637 [Forwarding findElement on session da647b3d1e66fd1dd37a67a376ea43f20167d90e to remote] DEBUG org.asynchttpclient.netty.request.NettyRequestSender -- Using pooled Channel '[id: 0xbc36bb7a, L:/192.168.1.60:63613 - R:hub-cloud.browserstack.com/207.254.8.9:443]' for 'POST' to 'https://cesarstevenriosu_Z5kft8:X2vgXh3LFto9sDxURbwP@hub-cloud.browserstack.com/wd/hub/session/da647b3d1e66fd1dd37a67a376ea43f20167d90e/element'
01:55:08.637 [Forwarding findElement on session da647b3d1e66fd1dd37a67a376ea43f20167d90e to remote] DEBUG org.asynchttpclient.netty.request.NettyRequestSender -- Using open Channel [id: 0xbc36bb7a, L:/192.168.1.60:63613 - R:hub-cloud.browserstack.com/207.254.8.9:443] for POST '/wd/hub/session/da647b3d1e66fd1dd37a67a376ea43f20167d90e/element'
01:55:08.870 [AsyncHttpClient-1-4] DEBUG org.asynchttpclient.netty.handler.HttpHandler -- 

Request DefaultHttpRequest(decodeResult: success, version: HTTP/1.1)
POST /wd/hub/session/da647b3d1e66fd1dd37a67a376ea43f20167d90e/element HTTP/1.1
User-Agent: appium/8.3.0 (selenium/4.8.0 (java mac))
Content-Length: 131
Content-Type: application/json; charset=utf-8
host: hub-cloud.browserstack.com
authorization: Basic Y2VzYXJzdGV2ZW5yaW9zdV9aNWtmdDg6WDJ2Z1hoM0xGdG85c0R4VVJid1A=
accept: */*

Response DefaultHttpResponse(decodeResult: success, version: HTTP/1.1)
HTTP/1.1 404 Not Found
Server: nginx
Date: Mon, 05 Jun 2023 06:55:08 GMT
Content-Type: application/json; charset=utf-8
Transfer-Encoding: chunked
Connection: keep-alive
Source-From: 02

01:55:08.871 [AsyncHttpClient-1-4] DEBUG org.asynchttpclient.netty.channel.ChannelManager -- Adding key: https://hub-cloud.browserstack.com:443 for channel [id: 0xbc36bb7a, L:/192.168.1.60:63613 - R:hub-cloud.browserstack.com/207.254.8.9:443]
01:55:08.873 [Forwarding setTimeout on session da647b3d1e66fd1dd37a67a376ea43f20167d90e to remote] DEBUG org.asynchttpclient.netty.request.NettyRequestSender -- Using pooled Channel '[id: 0xbc36bb7a, L:/192.168.1.60:63613 - R:hub-cloud.browserstack.com/207.254.8.9:443]' for 'POST' to 'https://cesarstevenriosu_Z5kft8:X2vgXh3LFto9sDxURbwP@hub-cloud.browserstack.com/wd/hub/session/da647b3d1e66fd1dd37a67a376ea43f20167d90e/timeouts'
01:55:08.873 [Forwarding setTimeout on session da647b3d1e66fd1dd37a67a376ea43f20167d90e to remote] DEBUG org.asynchttpclient.netty.request.NettyRequestSender -- Using open Channel [id: 0xbc36bb7a, L:/192.168.1.60:63613 - R:hub-cloud.browserstack.com/207.254.8.9:443] for POST '/wd/hub/session/da647b3d1e66fd1dd37a67a376ea43f20167d90e/timeouts'
01:55:09.024 [AsyncHttpClient-1-4] DEBUG org.asynchttpclient.netty.handler.HttpHandler -- 

Request DefaultHttpRequest(decodeResult: success, version: HTTP/1.1)
POST /wd/hub/session/da647b3d1e66fd1dd37a67a376ea43f20167d90e/timeouts HTTP/1.1
User-Agent: appium/8.3.0 (selenium/4.8.0 (java mac))
Content-Length: 23
Content-Type: application/json; charset=utf-8
host: hub-cloud.browserstack.com
authorization: Basic Y2VzYXJzdGV2ZW5yaW9zdV9aNWtmdDg6WDJ2Z1hoM0xGdG85c0R4VVJid1A=
accept: */*

Response DefaultHttpResponse(decodeResult: success, version: HTTP/1.1)
HTTP/1.1 200 OK
Server: nginx
Date: Mon, 05 Jun 2023 06:55:09 GMT
Content-Type: application/json; charset=utf-8
Content-Length: 14
Connection: keep-alive
Source-From: 02
x-powered-by: Express
vary: X-HTTP-Method-Override
etag: W/"e-9/1BuKMgFObM1mWJm+YjxtXJnUM"

01:55:09.025 [AsyncHttpClient-1-4] DEBUG org.asynchttpclient.netty.channel.ChannelManager -- Adding key: https://hub-cloud.browserstack.com:443 for channel [id: 0xbc36bb7a, L:/192.168.1.60:63613 - R:hub-cloud.browserstack.com/207.254.8.9:443]
01:55:09.082 [Forwarding setTimeout on session da647b3d1e66fd1dd37a67a376ea43f20167d90e to remote] DEBUG org.asynchttpclient.netty.request.NettyRequestSender -- Using pooled Channel '[id: 0xbc36bb7a, L:/192.168.1.60:63613 - R:hub-cloud.browserstack.com/207.254.8.9:443]' for 'POST' to 'https://cesarstevenriosu_Z5kft8:X2vgXh3LFto9sDxURbwP@hub-cloud.browserstack.com/wd/hub/session/da647b3d1e66fd1dd37a67a376ea43f20167d90e/timeouts'
01:55:09.082 [Forwarding setTimeout on session da647b3d1e66fd1dd37a67a376ea43f20167d90e to remote] DEBUG org.asynchttpclient.netty.request.NettyRequestSender -- Using open Channel [id: 0xbc36bb7a, L:/192.168.1.60:63613 - R:hub-cloud.browserstack.com/207.254.8.9:443] for POST '/wd/hub/session/da647b3d1e66fd1dd37a67a376ea43f20167d90e/timeouts'
01:55:09.208 [AsyncHttpClient-1-4] DEBUG org.asynchttpclient.netty.handler.HttpHandler -- 

Request DefaultHttpRequest(decodeResult: success, version: HTTP/1.1)
POST /wd/hub/session/da647b3d1e66fd1dd37a67a376ea43f20167d90e/timeouts HTTP/1.1
User-Agent: appium/8.3.0 (selenium/4.8.0 (java mac))
Content-Length: 19
Content-Type: application/json; charset=utf-8
host: hub-cloud.browserstack.com
authorization: Basic Y2VzYXJzdGV2ZW5yaW9zdV9aNWtmdDg6WDJ2Z1hoM0xGdG85c0R4VVJid1A=
accept: */*

Response DefaultHttpResponse(decodeResult: success, version: HTTP/1.1)
HTTP/1.1 200 OK
Server: nginx
Date: Mon, 05 Jun 2023 06:55:09 GMT
Content-Type: application/json; charset=utf-8
Content-Length: 14
Connection: keep-alive
Source-From: 02
x-powered-by: Express
vary: X-HTTP-Method-Override
etag: W/"e-9/1BuKMgFObM1mWJm+YjxtXJnUM"

01:55:09.208 [AsyncHttpClient-1-4] DEBUG org.asynchttpclient.netty.channel.ChannelManager -- Adding key: https://hub-cloud.browserstack.com:443 for channel [id: 0xbc36bb7a, L:/192.168.1.60:63613 - R:hub-cloud.browserstack.com/207.254.8.9:443]
01:55:09.212 [Forwarding findElement on session da647b3d1e66fd1dd37a67a376ea43f20167d90e to remote] DEBUG org.asynchttpclient.netty.request.NettyRequestSender -- Using pooled Channel '[id: 0xbc36bb7a, L:/192.168.1.60:63613 - R:hub-cloud.browserstack.com/207.254.8.9:443]' for 'POST' to 'https://cesarstevenriosu_Z5kft8:X2vgXh3LFto9sDxURbwP@hub-cloud.browserstack.com/wd/hub/session/da647b3d1e66fd1dd37a67a376ea43f20167d90e/element'
01:55:09.212 [Forwarding findElement on session da647b3d1e66fd1dd37a67a376ea43f20167d90e to remote] DEBUG org.asynchttpclient.netty.request.NettyRequestSender -- Using open Channel [id: 0xbc36bb7a, L:/192.168.1.60:63613 - R:hub-cloud.browserstack.com/207.254.8.9:443] for POST '/wd/hub/session/da647b3d1e66fd1dd37a67a376ea43f20167d90e/element'
01:55:09.440 [AsyncHttpClient-1-4] DEBUG org.asynchttpclient.netty.handler.HttpHandler -- 

Request DefaultHttpRequest(decodeResult: success, version: HTTP/1.1)
POST /wd/hub/session/da647b3d1e66fd1dd37a67a376ea43f20167d90e/element HTTP/1.1
User-Agent: appium/8.3.0 (selenium/4.8.0 (java mac))
Content-Length: 131
Content-Type: application/json; charset=utf-8
host: hub-cloud.browserstack.com
authorization: Basic Y2VzYXJzdGV2ZW5yaW9zdV9aNWtmdDg6WDJ2Z1hoM0xGdG85c0R4VVJid1A=
accept: */*

Response DefaultHttpResponse(decodeResult: success, version: HTTP/1.1)
HTTP/1.1 404 Not Found
Server: nginx
Date: Mon, 05 Jun 2023 06:55:09 GMT
Content-Type: application/json; charset=utf-8
Transfer-Encoding: chunked
Connection: keep-alive
Source-From: 02

01:55:09.441 [AsyncHttpClient-1-4] DEBUG org.asynchttpclient.netty.channel.ChannelManager -- Adding key: https://hub-cloud.browserstack.com:443 for channel [id: 0xbc36bb7a, L:/192.168.1.60:63613 - R:hub-cloud.browserstack.com/207.254.8.9:443]
01:55:09.444 [Forwarding setTimeout on session da647b3d1e66fd1dd37a67a376ea43f20167d90e to remote] DEBUG org.asynchttpclient.netty.request.NettyRequestSender -- Using pooled Channel '[id: 0xbc36bb7a, L:/192.168.1.60:63613 - R:hub-cloud.browserstack.com/207.254.8.9:443]' for 'POST' to 'https://cesarstevenriosu_Z5kft8:X2vgXh3LFto9sDxURbwP@hub-cloud.browserstack.com/wd/hub/session/da647b3d1e66fd1dd37a67a376ea43f20167d90e/timeouts'
01:55:09.444 [Forwarding setTimeout on session da647b3d1e66fd1dd37a67a376ea43f20167d90e to remote] DEBUG org.asynchttpclient.netty.request.NettyRequestSender -- Using open Channel [id: 0xbc36bb7a, L:/192.168.1.60:63613 - R:hub-cloud.browserstack.com/207.254.8.9:443] for POST '/wd/hub/session/da647b3d1e66fd1dd37a67a376ea43f20167d90e/timeouts'
01:55:09.568 [AsyncHttpClient-1-4] DEBUG org.asynchttpclient.netty.handler.HttpHandler -- 

Request DefaultHttpRequest(decodeResult: success, version: HTTP/1.1)
POST /wd/hub/session/da647b3d1e66fd1dd37a67a376ea43f20167d90e/timeouts HTTP/1.1
User-Agent: appium/8.3.0 (selenium/4.8.0 (java mac))
Content-Length: 23
Content-Type: application/json; charset=utf-8
host: hub-cloud.browserstack.com
authorization: Basic Y2VzYXJzdGV2ZW5yaW9zdV9aNWtmdDg6WDJ2Z1hoM0xGdG85c0R4VVJid1A=
accept: */*

Response DefaultHttpResponse(decodeResult: success, version: HTTP/1.1)
HTTP/1.1 200 OK
Server: nginx
Date: Mon, 05 Jun 2023 06:55:09 GMT
Content-Type: application/json; charset=utf-8
Content-Length: 14
Connection: keep-alive
Source-From: 02
x-powered-by: Express
vary: X-HTTP-Method-Override
etag: W/"e-9/1BuKMgFObM1mWJm+YjxtXJnUM"

01:55:09.568 [AsyncHttpClient-1-4] DEBUG org.asynchttpclient.netty.channel.ChannelManager -- Adding key: https://hub-cloud.browserstack.com:443 for channel [id: 0xbc36bb7a, L:/192.168.1.60:63613 - R:hub-cloud.browserstack.com/207.254.8.9:443]
01:55:09.629 [Forwarding setTimeout on session da647b3d1e66fd1dd37a67a376ea43f20167d90e to remote] DEBUG org.asynchttpclient.netty.request.NettyRequestSender -- Using pooled Channel '[id: 0xbc36bb7a, L:/192.168.1.60:63613 - R:hub-cloud.browserstack.com/207.254.8.9:443]' for 'POST' to 'https://cesarstevenriosu_Z5kft8:X2vgXh3LFto9sDxURbwP@hub-cloud.browserstack.com/wd/hub/session/da647b3d1e66fd1dd37a67a376ea43f20167d90e/timeouts'
01:55:09.629 [Forwarding setTimeout on session da647b3d1e66fd1dd37a67a376ea43f20167d90e to remote] DEBUG org.asynchttpclient.netty.request.NettyRequestSender -- Using open Channel [id: 0xbc36bb7a, L:/192.168.1.60:63613 - R:hub-cloud.browserstack.com/207.254.8.9:443] for POST '/wd/hub/session/da647b3d1e66fd1dd37a67a376ea43f20167d90e/timeouts'
01:55:09.815 [AsyncHttpClient-1-4] DEBUG org.asynchttpclient.netty.handler.HttpHandler -- 

Request DefaultHttpRequest(decodeResult: success, version: HTTP/1.1)
POST /wd/hub/session/da647b3d1e66fd1dd37a67a376ea43f20167d90e/timeouts HTTP/1.1
User-Agent: appium/8.3.0 (selenium/4.8.0 (java mac))
Content-Length: 19
Content-Type: application/json; charset=utf-8
host: hub-cloud.browserstack.com
authorization: Basic Y2VzYXJzdGV2ZW5yaW9zdV9aNWtmdDg6WDJ2Z1hoM0xGdG85c0R4VVJid1A=
accept: */*

Response DefaultHttpResponse(decodeResult: success, version: HTTP/1.1)
HTTP/1.1 200 OK
Server: nginx
Date: Mon, 05 Jun 2023 06:55:09 GMT
Content-Type: application/json; charset=utf-8
Content-Length: 14
Connection: keep-alive
Source-From: 02
x-powered-by: Express
vary: X-HTTP-Method-Override
etag: W/"e-9/1BuKMgFObM1mWJm+YjxtXJnUM"

01:55:09.816 [AsyncHttpClient-1-4] DEBUG org.asynchttpclient.netty.channel.ChannelManager -- Adding key: https://hub-cloud.browserstack.com:443 for channel [id: 0xbc36bb7a, L:/192.168.1.60:63613 - R:hub-cloud.browserstack.com/207.254.8.9:443]
01:55:09.817 [Forwarding findElement on session da647b3d1e66fd1dd37a67a376ea43f20167d90e to remote] DEBUG org.asynchttpclient.netty.request.NettyRequestSender -- Using pooled Channel '[id: 0xbc36bb7a, L:/192.168.1.60:63613 - R:hub-cloud.browserstack.com/207.254.8.9:443]' for 'POST' to 'https://cesarstevenriosu_Z5kft8:X2vgXh3LFto9sDxURbwP@hub-cloud.browserstack.com/wd/hub/session/da647b3d1e66fd1dd37a67a376ea43f20167d90e/element'
01:55:09.818 [Forwarding findElement on session da647b3d1e66fd1dd37a67a376ea43f20167d90e to remote] DEBUG org.asynchttpclient.netty.request.NettyRequestSender -- Using open Channel [id: 0xbc36bb7a, L:/192.168.1.60:63613 - R:hub-cloud.browserstack.com/207.254.8.9:443] for POST '/wd/hub/session/da647b3d1e66fd1dd37a67a376ea43f20167d90e/element'
01:55:10.437 [AsyncHttpClient-1-4] DEBUG org.asynchttpclient.netty.handler.HttpHandler -- 

Request DefaultHttpRequest(decodeResult: success, version: HTTP/1.1)
POST /wd/hub/session/da647b3d1e66fd1dd37a67a376ea43f20167d90e/element HTTP/1.1
User-Agent: appium/8.3.0 (selenium/4.8.0 (java mac))
Content-Length: 131
Content-Type: application/json; charset=utf-8
host: hub-cloud.browserstack.com
authorization: Basic Y2VzYXJzdGV2ZW5yaW9zdV9aNWtmdDg6WDJ2Z1hoM0xGdG85c0R4VVJid1A=
accept: */*

Response DefaultHttpResponse(decodeResult: success, version: HTTP/1.1)
HTTP/1.1 404 Not Found
Server: nginx
Date: Mon, 05 Jun 2023 06:55:10 GMT
Content-Type: application/json; charset=utf-8
Transfer-Encoding: chunked
Connection: keep-alive
Source-From: 02

01:55:10.437 [AsyncHttpClient-1-4] DEBUG org.asynchttpclient.netty.channel.ChannelManager -- Adding key: https://hub-cloud.browserstack.com:443 for channel [id: 0xbc36bb7a, L:/192.168.1.60:63613 - R:hub-cloud.browserstack.com/207.254.8.9:443]
01:55:10.440 [Forwarding setTimeout on session da647b3d1e66fd1dd37a67a376ea43f20167d90e to remote] DEBUG org.asynchttpclient.netty.request.NettyRequestSender -- Using pooled Channel '[id: 0xbc36bb7a, L:/192.168.1.60:63613 - R:hub-cloud.browserstack.com/207.254.8.9:443]' for 'POST' to 'https://cesarstevenriosu_Z5kft8:X2vgXh3LFto9sDxURbwP@hub-cloud.browserstack.com/wd/hub/session/da647b3d1e66fd1dd37a67a376ea43f20167d90e/timeouts'
01:55:10.440 [Forwarding setTimeout on session da647b3d1e66fd1dd37a67a376ea43f20167d90e to remote] DEBUG org.asynchttpclient.netty.request.NettyRequestSender -- Using open Channel [id: 0xbc36bb7a, L:/192.168.1.60:63613 - R:hub-cloud.browserstack.com/207.254.8.9:443] for POST '/wd/hub/session/da647b3d1e66fd1dd37a67a376ea43f20167d90e/timeouts'
01:55:10.536 [AsyncHttpClient-1-4] DEBUG org.asynchttpclient.netty.handler.HttpHandler -- 

Request DefaultHttpRequest(decodeResult: success, version: HTTP/1.1)
POST /wd/hub/session/da647b3d1e66fd1dd37a67a376ea43f20167d90e/timeouts HTTP/1.1
User-Agent: appium/8.3.0 (selenium/4.8.0 (java mac))
Content-Length: 23
Content-Type: application/json; charset=utf-8
host: hub-cloud.browserstack.com
authorization: Basic Y2VzYXJzdGV2ZW5yaW9zdV9aNWtmdDg6WDJ2Z1hoM0xGdG85c0R4VVJid1A=
accept: */*

Response DefaultHttpResponse(decodeResult: success, version: HTTP/1.1)
HTTP/1.1 200 OK
Server: nginx
Date: Mon, 05 Jun 2023 06:55:10 GMT
Content-Type: application/json; charset=utf-8
Content-Length: 14
Connection: keep-alive
Source-From: 02
x-powered-by: Express
vary: X-HTTP-Method-Override
etag: W/"e-9/1BuKMgFObM1mWJm+YjxtXJnUM"

01:55:10.537 [AsyncHttpClient-1-4] DEBUG org.asynchttpclient.netty.channel.ChannelManager -- Adding key: https://hub-cloud.browserstack.com:443 for channel [id: 0xbc36bb7a, L:/192.168.1.60:63613 - R:hub-cloud.browserstack.com/207.254.8.9:443]
01:55:10.603 [Forwarding setTimeout on session da647b3d1e66fd1dd37a67a376ea43f20167d90e to remote] DEBUG org.asynchttpclient.netty.request.NettyRequestSender -- Using pooled Channel '[id: 0xbc36bb7a, L:/192.168.1.60:63613 - R:hub-cloud.browserstack.com/207.254.8.9:443]' for 'POST' to 'https://cesarstevenriosu_Z5kft8:X2vgXh3LFto9sDxURbwP@hub-cloud.browserstack.com/wd/hub/session/da647b3d1e66fd1dd37a67a376ea43f20167d90e/timeouts'
01:55:10.604 [Forwarding setTimeout on session da647b3d1e66fd1dd37a67a376ea43f20167d90e to remote] DEBUG org.asynchttpclient.netty.request.NettyRequestSender -- Using open Channel [id: 0xbc36bb7a, L:/192.168.1.60:63613 - R:hub-cloud.browserstack.com/207.254.8.9:443] for POST '/wd/hub/session/da647b3d1e66fd1dd37a67a376ea43f20167d90e/timeouts'
01:55:10.715 [AsyncHttpClient-1-4] DEBUG org.asynchttpclient.netty.handler.HttpHandler -- 

Request DefaultHttpRequest(decodeResult: success, version: HTTP/1.1)
POST /wd/hub/session/da647b3d1e66fd1dd37a67a376ea43f20167d90e/timeouts HTTP/1.1
User-Agent: appium/8.3.0 (selenium/4.8.0 (java mac))
Content-Length: 19
Content-Type: application/json; charset=utf-8
host: hub-cloud.browserstack.com
authorization: Basic Y2VzYXJzdGV2ZW5yaW9zdV9aNWtmdDg6WDJ2Z1hoM0xGdG85c0R4VVJid1A=
accept: */*

Response DefaultHttpResponse(decodeResult: success, version: HTTP/1.1)
HTTP/1.1 200 OK
Server: nginx
Date: Mon, 05 Jun 2023 06:55:10 GMT
Content-Type: application/json; charset=utf-8
Content-Length: 14
Connection: keep-alive
Source-From: 02
x-powered-by: Express
vary: X-HTTP-Method-Override
etag: W/"e-9/1BuKMgFObM1mWJm+YjxtXJnUM"

01:55:10.715 [AsyncHttpClient-1-4] DEBUG org.asynchttpclient.netty.channel.ChannelManager -- Adding key: https://hub-cloud.browserstack.com:443 for channel [id: 0xbc36bb7a, L:/192.168.1.60:63613 - R:hub-cloud.browserstack.com/207.254.8.9:443]
01:55:10.718 [Forwarding findElement on session da647b3d1e66fd1dd37a67a376ea43f20167d90e to remote] DEBUG org.asynchttpclient.netty.request.NettyRequestSender -- Using pooled Channel '[id: 0xbc36bb7a, L:/192.168.1.60:63613 - R:hub-cloud.browserstack.com/207.254.8.9:443]' for 'POST' to 'https://cesarstevenriosu_Z5kft8:X2vgXh3LFto9sDxURbwP@hub-cloud.browserstack.com/wd/hub/session/da647b3d1e66fd1dd37a67a376ea43f20167d90e/element'
01:55:10.718 [Forwarding findElement on session da647b3d1e66fd1dd37a67a376ea43f20167d90e to remote] DEBUG org.asynchttpclient.netty.request.NettyRequestSender -- Using open Channel [id: 0xbc36bb7a, L:/192.168.1.60:63613 - R:hub-cloud.browserstack.com/207.254.8.9:443] for POST '/wd/hub/session/da647b3d1e66fd1dd37a67a376ea43f20167d90e/element'
01:55:11.154 [AsyncHttpClient-1-4] DEBUG org.asynchttpclient.netty.handler.HttpHandler -- 

Request DefaultHttpRequest(decodeResult: success, version: HTTP/1.1)
POST /wd/hub/session/da647b3d1e66fd1dd37a67a376ea43f20167d90e/element HTTP/1.1
User-Agent: appium/8.3.0 (selenium/4.8.0 (java mac))
Content-Length: 131
Content-Type: application/json; charset=utf-8
host: hub-cloud.browserstack.com
authorization: Basic Y2VzYXJzdGV2ZW5yaW9zdV9aNWtmdDg6WDJ2Z1hoM0xGdG85c0R4VVJid1A=
accept: */*

Response DefaultHttpResponse(decodeResult: success, version: HTTP/1.1)
HTTP/1.1 404 Not Found
Server: nginx
Date: Mon, 05 Jun 2023 06:55:11 GMT
Content-Type: application/json; charset=utf-8
Transfer-Encoding: chunked
Connection: keep-alive
Source-From: 02

01:55:11.155 [AsyncHttpClient-1-4] DEBUG org.asynchttpclient.netty.channel.ChannelManager -- Adding key: https://hub-cloud.browserstack.com:443 for channel [id: 0xbc36bb7a, L:/192.168.1.60:63613 - R:hub-cloud.browserstack.com/207.254.8.9:443]
01:55:11.157 [Forwarding setTimeout on session da647b3d1e66fd1dd37a67a376ea43f20167d90e to remote] DEBUG org.asynchttpclient.netty.request.NettyRequestSender -- Using pooled Channel '[id: 0xbc36bb7a, L:/192.168.1.60:63613 - R:hub-cloud.browserstack.com/207.254.8.9:443]' for 'POST' to 'https://cesarstevenriosu_Z5kft8:X2vgXh3LFto9sDxURbwP@hub-cloud.browserstack.com/wd/hub/session/da647b3d1e66fd1dd37a67a376ea43f20167d90e/timeouts'
01:55:11.157 [Forwarding setTimeout on session da647b3d1e66fd1dd37a67a376ea43f20167d90e to remote] DEBUG org.asynchttpclient.netty.request.NettyRequestSender -- Using open Channel [id: 0xbc36bb7a, L:/192.168.1.60:63613 - R:hub-cloud.browserstack.com/207.254.8.9:443] for POST '/wd/hub/session/da647b3d1e66fd1dd37a67a376ea43f20167d90e/timeouts'
01:55:11.249 [AsyncHttpClient-1-4] DEBUG org.asynchttpclient.netty.handler.HttpHandler -- 

Request DefaultHttpRequest(decodeResult: success, version: HTTP/1.1)
POST /wd/hub/session/da647b3d1e66fd1dd37a67a376ea43f20167d90e/timeouts HTTP/1.1
User-Agent: appium/8.3.0 (selenium/4.8.0 (java mac))
Content-Length: 23
Content-Type: application/json; charset=utf-8
host: hub-cloud.browserstack.com
authorization: Basic Y2VzYXJzdGV2ZW5yaW9zdV9aNWtmdDg6WDJ2Z1hoM0xGdG85c0R4VVJid1A=
accept: */*

Response DefaultHttpResponse(decodeResult: success, version: HTTP/1.1)
HTTP/1.1 200 OK
Server: nginx
Date: Mon, 05 Jun 2023 06:55:11 GMT
Content-Type: application/json; charset=utf-8
Content-Length: 14
Connection: keep-alive
Source-From: 02
x-powered-by: Express
vary: X-HTTP-Method-Override
etag: W/"e-9/1BuKMgFObM1mWJm+YjxtXJnUM"

01:55:11.249 [AsyncHttpClient-1-4] DEBUG org.asynchttpclient.netty.channel.ChannelManager -- Adding key: https://hub-cloud.browserstack.com:443 for channel [id: 0xbc36bb7a, L:/192.168.1.60:63613 - R:hub-cloud.browserstack.com/207.254.8.9:443]
01:55:11.310 [Forwarding setTimeout on session da647b3d1e66fd1dd37a67a376ea43f20167d90e to remote] DEBUG org.asynchttpclient.netty.request.NettyRequestSender -- Using pooled Channel '[id: 0xbc36bb7a, L:/192.168.1.60:63613 - R:hub-cloud.browserstack.com/207.254.8.9:443]' for 'POST' to 'https://cesarstevenriosu_Z5kft8:X2vgXh3LFto9sDxURbwP@hub-cloud.browserstack.com/wd/hub/session/da647b3d1e66fd1dd37a67a376ea43f20167d90e/timeouts'
01:55:11.310 [Forwarding setTimeout on session da647b3d1e66fd1dd37a67a376ea43f20167d90e to remote] DEBUG org.asynchttpclient.netty.request.NettyRequestSender -- Using open Channel [id: 0xbc36bb7a, L:/192.168.1.60:63613 - R:hub-cloud.browserstack.com/207.254.8.9:443] for POST '/wd/hub/session/da647b3d1e66fd1dd37a67a376ea43f20167d90e/timeouts'
01:55:11.460 [AsyncHttpClient-1-4] DEBUG org.asynchttpclient.netty.handler.HttpHandler -- 

Request DefaultHttpRequest(decodeResult: success, version: HTTP/1.1)
POST /wd/hub/session/da647b3d1e66fd1dd37a67a376ea43f20167d90e/timeouts HTTP/1.1
User-Agent: appium/8.3.0 (selenium/4.8.0 (java mac))
Content-Length: 19
Content-Type: application/json; charset=utf-8
host: hub-cloud.browserstack.com
authorization: Basic Y2VzYXJzdGV2ZW5yaW9zdV9aNWtmdDg6WDJ2Z1hoM0xGdG85c0R4VVJid1A=
accept: */*

Response DefaultHttpResponse(decodeResult: success, version: HTTP/1.1)
HTTP/1.1 200 OK
Server: nginx
Date: Mon, 05 Jun 2023 06:55:11 GMT
Content-Type: application/json; charset=utf-8
Content-Length: 14
Connection: keep-alive
Source-From: 02
x-powered-by: Express
vary: X-HTTP-Method-Override
etag: W/"e-9/1BuKMgFObM1mWJm+YjxtXJnUM"

01:55:11.460 [AsyncHttpClient-1-4] DEBUG org.asynchttpclient.netty.channel.ChannelManager -- Adding key: https://hub-cloud.browserstack.com:443 for channel [id: 0xbc36bb7a, L:/192.168.1.60:63613 - R:hub-cloud.browserstack.com/207.254.8.9:443]
01:55:11.463 [Forwarding findElement on session da647b3d1e66fd1dd37a67a376ea43f20167d90e to remote] DEBUG org.asynchttpclient.netty.request.NettyRequestSender -- Using pooled Channel '[id: 0xbc36bb7a, L:/192.168.1.60:63613 - R:hub-cloud.browserstack.com/207.254.8.9:443]' for 'POST' to 'https://cesarstevenriosu_Z5kft8:X2vgXh3LFto9sDxURbwP@hub-cloud.browserstack.com/wd/hub/session/da647b3d1e66fd1dd37a67a376ea43f20167d90e/element'
01:55:11.463 [Forwarding findElement on session da647b3d1e66fd1dd37a67a376ea43f20167d90e to remote] DEBUG org.asynchttpclient.netty.request.NettyRequestSender -- Using open Channel [id: 0xbc36bb7a, L:/192.168.1.60:63613 - R:hub-cloud.browserstack.com/207.254.8.9:443] for POST '/wd/hub/session/da647b3d1e66fd1dd37a67a376ea43f20167d90e/element'
01:55:11.697 [AsyncHttpClient-1-4] DEBUG org.asynchttpclient.netty.handler.HttpHandler -- 

Request DefaultHttpRequest(decodeResult: success, version: HTTP/1.1)
POST /wd/hub/session/da647b3d1e66fd1dd37a67a376ea43f20167d90e/element HTTP/1.1
User-Agent: appium/8.3.0 (selenium/4.8.0 (java mac))
Content-Length: 131
Content-Type: application/json; charset=utf-8
host: hub-cloud.browserstack.com
authorization: Basic Y2VzYXJzdGV2ZW5yaW9zdV9aNWtmdDg6WDJ2Z1hoM0xGdG85c0R4VVJid1A=
accept: */*

Response DefaultHttpResponse(decodeResult: success, version: HTTP/1.1)
HTTP/1.1 404 Not Found
Server: nginx
Date: Mon, 05 Jun 2023 06:55:11 GMT
Content-Type: application/json; charset=utf-8
Transfer-Encoding: chunked
Connection: keep-alive
Source-From: 02

01:55:11.698 [AsyncHttpClient-1-4] DEBUG org.asynchttpclient.netty.channel.ChannelManager -- Adding key: https://hub-cloud.browserstack.com:443 for channel [id: 0xbc36bb7a, L:/192.168.1.60:63613 - R:hub-cloud.browserstack.com/207.254.8.9:443]
01:55:11.701 [Forwarding setTimeout on session da647b3d1e66fd1dd37a67a376ea43f20167d90e to remote] DEBUG org.asynchttpclient.netty.request.NettyRequestSender -- Using pooled Channel '[id: 0xbc36bb7a, L:/192.168.1.60:63613 - R:hub-cloud.browserstack.com/207.254.8.9:443]' for 'POST' to 'https://cesarstevenriosu_Z5kft8:X2vgXh3LFto9sDxURbwP@hub-cloud.browserstack.com/wd/hub/session/da647b3d1e66fd1dd37a67a376ea43f20167d90e/timeouts'
01:55:11.702 [Forwarding setTimeout on session da647b3d1e66fd1dd37a67a376ea43f20167d90e to remote] DEBUG org.asynchttpclient.netty.request.NettyRequestSender -- Using open Channel [id: 0xbc36bb7a, L:/192.168.1.60:63613 - R:hub-cloud.browserstack.com/207.254.8.9:443] for POST '/wd/hub/session/da647b3d1e66fd1dd37a67a376ea43f20167d90e/timeouts'
01:55:11.871 [AsyncHttpClient-1-4] DEBUG org.asynchttpclient.netty.handler.HttpHandler -- 

Request DefaultHttpRequest(decodeResult: success, version: HTTP/1.1)
POST /wd/hub/session/da647b3d1e66fd1dd37a67a376ea43f20167d90e/timeouts HTTP/1.1
User-Agent: appium/8.3.0 (selenium/4.8.0 (java mac))
Content-Length: 23
Content-Type: application/json; charset=utf-8
host: hub-cloud.browserstack.com
authorization: Basic Y2VzYXJzdGV2ZW5yaW9zdV9aNWtmdDg6WDJ2Z1hoM0xGdG85c0R4VVJid1A=
accept: */*

Response DefaultHttpResponse(decodeResult: success, version: HTTP/1.1)
HTTP/1.1 200 OK
Server: nginx
Date: Mon, 05 Jun 2023 06:55:11 GMT
Content-Type: application/json; charset=utf-8
Content-Length: 14
Connection: keep-alive
Source-From: 02
x-powered-by: Express
vary: X-HTTP-Method-Override
etag: W/"e-9/1BuKMgFObM1mWJm+YjxtXJnUM"

01:55:11.871 [AsyncHttpClient-1-4] DEBUG org.asynchttpclient.netty.channel.ChannelManager -- Adding key: https://hub-cloud.browserstack.com:443 for channel [id: 0xbc36bb7a, L:/192.168.1.60:63613 - R:hub-cloud.browserstack.com/207.254.8.9:443]
01:55:11.930 [Forwarding setTimeout on session da647b3d1e66fd1dd37a67a376ea43f20167d90e to remote] DEBUG org.asynchttpclient.netty.request.NettyRequestSender -- Using pooled Channel '[id: 0xbc36bb7a, L:/192.168.1.60:63613 - R:hub-cloud.browserstack.com/207.254.8.9:443]' for 'POST' to 'https://cesarstevenriosu_Z5kft8:X2vgXh3LFto9sDxURbwP@hub-cloud.browserstack.com/wd/hub/session/da647b3d1e66fd1dd37a67a376ea43f20167d90e/timeouts'
01:55:11.930 [Forwarding setTimeout on session da647b3d1e66fd1dd37a67a376ea43f20167d90e to remote] DEBUG org.asynchttpclient.netty.request.NettyRequestSender -- Using open Channel [id: 0xbc36bb7a, L:/192.168.1.60:63613 - R:hub-cloud.browserstack.com/207.254.8.9:443] for POST '/wd/hub/session/da647b3d1e66fd1dd37a67a376ea43f20167d90e/timeouts'
01:55:12.033 [AsyncHttpClient-1-4] DEBUG org.asynchttpclient.netty.handler.HttpHandler -- 

Request DefaultHttpRequest(decodeResult: success, version: HTTP/1.1)
POST /wd/hub/session/da647b3d1e66fd1dd37a67a376ea43f20167d90e/timeouts HTTP/1.1
User-Agent: appium/8.3.0 (selenium/4.8.0 (java mac))
Content-Length: 19
Content-Type: application/json; charset=utf-8
host: hub-cloud.browserstack.com
authorization: Basic Y2VzYXJzdGV2ZW5yaW9zdV9aNWtmdDg6WDJ2Z1hoM0xGdG85c0R4VVJid1A=
accept: */*

Response DefaultHttpResponse(decodeResult: success, version: HTTP/1.1)
HTTP/1.1 200 OK
Server: nginx
Date: Mon, 05 Jun 2023 06:55:12 GMT
Content-Type: application/json; charset=utf-8
Content-Length: 14
Connection: keep-alive
Source-From: 02
x-powered-by: Express
vary: X-HTTP-Method-Override
etag: W/"e-9/1BuKMgFObM1mWJm+YjxtXJnUM"

01:55:12.033 [AsyncHttpClient-1-4] DEBUG org.asynchttpclient.netty.channel.ChannelManager -- Adding key: https://hub-cloud.browserstack.com:443 for channel [id: 0xbc36bb7a, L:/192.168.1.60:63613 - R:hub-cloud.browserstack.com/207.254.8.9:443]
01:55:12.035 [AsyncHttpClient-1-1] DEBUG org.asynchttpclient.netty.channel.DefaultChannelPool -- Entry count for : https://hub-cloud.browserstack.com:443 : 1
01:55:12.035 [Forwarding findElement on session da647b3d1e66fd1dd37a67a376ea43f20167d90e to remote] DEBUG org.asynchttpclient.netty.request.NettyRequestSender -- Using pooled Channel '[id: 0xbc36bb7a, L:/192.168.1.60:63613 - R:hub-cloud.browserstack.com/207.254.8.9:443]' for 'POST' to 'https://cesarstevenriosu_Z5kft8:X2vgXh3LFto9sDxURbwP@hub-cloud.browserstack.com/wd/hub/session/da647b3d1e66fd1dd37a67a376ea43f20167d90e/element'
01:55:12.035 [Forwarding findElement on session da647b3d1e66fd1dd37a67a376ea43f20167d90e to remote] DEBUG org.asynchttpclient.netty.request.NettyRequestSender -- Using open Channel [id: 0xbc36bb7a, L:/192.168.1.60:63613 - R:hub-cloud.browserstack.com/207.254.8.9:443] for POST '/wd/hub/session/da647b3d1e66fd1dd37a67a376ea43f20167d90e/element'
01:55:12.237 [AsyncHttpClient-1-4] DEBUG org.asynchttpclient.netty.handler.HttpHandler -- 

Request DefaultHttpRequest(decodeResult: success, version: HTTP/1.1)
POST /wd/hub/session/da647b3d1e66fd1dd37a67a376ea43f20167d90e/element HTTP/1.1
User-Agent: appium/8.3.0 (selenium/4.8.0 (java mac))
Content-Length: 131
Content-Type: application/json; charset=utf-8
host: hub-cloud.browserstack.com
authorization: Basic Y2VzYXJzdGV2ZW5yaW9zdV9aNWtmdDg6WDJ2Z1hoM0xGdG85c0R4VVJid1A=
accept: */*

Response DefaultHttpResponse(decodeResult: success, version: HTTP/1.1)
HTTP/1.1 404 Not Found
Server: nginx
Date: Mon, 05 Jun 2023 06:55:12 GMT
Content-Type: application/json; charset=utf-8
Transfer-Encoding: chunked
Connection: keep-alive
Source-From: 02

01:55:12.237 [AsyncHttpClient-1-4] DEBUG org.asynchttpclient.netty.channel.ChannelManager -- Adding key: https://hub-cloud.browserstack.com:443 for channel [id: 0xbc36bb7a, L:/192.168.1.60:63613 - R:hub-cloud.browserstack.com/207.254.8.9:443]
01:55:12.240 [Forwarding setTimeout on session da647b3d1e66fd1dd37a67a376ea43f20167d90e to remote] DEBUG org.asynchttpclient.netty.request.NettyRequestSender -- Using pooled Channel '[id: 0xbc36bb7a, L:/192.168.1.60:63613 - R:hub-cloud.browserstack.com/207.254.8.9:443]' for 'POST' to 'https://cesarstevenriosu_Z5kft8:X2vgXh3LFto9sDxURbwP@hub-cloud.browserstack.com/wd/hub/session/da647b3d1e66fd1dd37a67a376ea43f20167d90e/timeouts'
01:55:12.240 [Forwarding setTimeout on session da647b3d1e66fd1dd37a67a376ea43f20167d90e to remote] DEBUG org.asynchttpclient.netty.request.NettyRequestSender -- Using open Channel [id: 0xbc36bb7a, L:/192.168.1.60:63613 - R:hub-cloud.browserstack.com/207.254.8.9:443] for POST '/wd/hub/session/da647b3d1e66fd1dd37a67a376ea43f20167d90e/timeouts'
01:55:12.423 [AsyncHttpClient-1-4] DEBUG org.asynchttpclient.netty.handler.HttpHandler -- 

Request DefaultHttpRequest(decodeResult: success, version: HTTP/1.1)
POST /wd/hub/session/da647b3d1e66fd1dd37a67a376ea43f20167d90e/timeouts HTTP/1.1
User-Agent: appium/8.3.0 (selenium/4.8.0 (java mac))
Content-Length: 23
Content-Type: application/json; charset=utf-8
host: hub-cloud.browserstack.com
authorization: Basic Y2VzYXJzdGV2ZW5yaW9zdV9aNWtmdDg6WDJ2Z1hoM0xGdG85c0R4VVJid1A=
accept: */*

Response DefaultHttpResponse(decodeResult: success, version: HTTP/1.1)
HTTP/1.1 200 OK
Server: nginx
Date: Mon, 05 Jun 2023 06:55:12 GMT
Content-Type: application/json; charset=utf-8
Content-Length: 14
Connection: keep-alive
Source-From: 02
x-powered-by: Express
vary: X-HTTP-Method-Override
etag: W/"e-9/1BuKMgFObM1mWJm+YjxtXJnUM"

01:55:12.424 [AsyncHttpClient-1-4] DEBUG org.asynchttpclient.netty.channel.ChannelManager -- Adding key: https://hub-cloud.browserstack.com:443 for channel [id: 0xbc36bb7a, L:/192.168.1.60:63613 - R:hub-cloud.browserstack.com/207.254.8.9:443]
01:55:12.482 [Forwarding setTimeout on session da647b3d1e66fd1dd37a67a376ea43f20167d90e to remote] DEBUG org.asynchttpclient.netty.request.NettyRequestSender -- Using pooled Channel '[id: 0xbc36bb7a, L:/192.168.1.60:63613 - R:hub-cloud.browserstack.com/207.254.8.9:443]' for 'POST' to 'https://cesarstevenriosu_Z5kft8:X2vgXh3LFto9sDxURbwP@hub-cloud.browserstack.com/wd/hub/session/da647b3d1e66fd1dd37a67a376ea43f20167d90e/timeouts'
01:55:12.482 [Forwarding setTimeout on session da647b3d1e66fd1dd37a67a376ea43f20167d90e to remote] DEBUG org.asynchttpclient.netty.request.NettyRequestSender -- Using open Channel [id: 0xbc36bb7a, L:/192.168.1.60:63613 - R:hub-cloud.browserstack.com/207.254.8.9:443] for POST '/wd/hub/session/da647b3d1e66fd1dd37a67a376ea43f20167d90e/timeouts'
01:55:12.634 [AsyncHttpClient-1-4] DEBUG org.asynchttpclient.netty.handler.HttpHandler -- 

Request DefaultHttpRequest(decodeResult: success, version: HTTP/1.1)
POST /wd/hub/session/da647b3d1e66fd1dd37a67a376ea43f20167d90e/timeouts HTTP/1.1
User-Agent: appium/8.3.0 (selenium/4.8.0 (java mac))
Content-Length: 19
Content-Type: application/json; charset=utf-8
host: hub-cloud.browserstack.com
authorization: Basic Y2VzYXJzdGV2ZW5yaW9zdV9aNWtmdDg6WDJ2Z1hoM0xGdG85c0R4VVJid1A=
accept: */*

Response DefaultHttpResponse(decodeResult: success, version: HTTP/1.1)
HTTP/1.1 200 OK
Server: nginx
Date: Mon, 05 Jun 2023 06:55:12 GMT
Content-Type: application/json; charset=utf-8
Content-Length: 14
Connection: keep-alive
Source-From: 02
x-powered-by: Express
vary: X-HTTP-Method-Override
etag: W/"e-9/1BuKMgFObM1mWJm+YjxtXJnUM"

01:55:12.634 [AsyncHttpClient-1-4] DEBUG org.asynchttpclient.netty.channel.ChannelManager -- Adding key: https://hub-cloud.browserstack.com:443 for channel [id: 0xbc36bb7a, L:/192.168.1.60:63613 - R:hub-cloud.browserstack.com/207.254.8.9:443]
01:55:12.637 [Forwarding findElement on session da647b3d1e66fd1dd37a67a376ea43f20167d90e to remote] DEBUG org.asynchttpclient.netty.request.NettyRequestSender -- Using pooled Channel '[id: 0xbc36bb7a, L:/192.168.1.60:63613 - R:hub-cloud.browserstack.com/207.254.8.9:443]' for 'POST' to 'https://cesarstevenriosu_Z5kft8:X2vgXh3LFto9sDxURbwP@hub-cloud.browserstack.com/wd/hub/session/da647b3d1e66fd1dd37a67a376ea43f20167d90e/element'
01:55:12.637 [Forwarding findElement on session da647b3d1e66fd1dd37a67a376ea43f20167d90e to remote] DEBUG org.asynchttpclient.netty.request.NettyRequestSender -- Using open Channel [id: 0xbc36bb7a, L:/192.168.1.60:63613 - R:hub-cloud.browserstack.com/207.254.8.9:443] for POST '/wd/hub/session/da647b3d1e66fd1dd37a67a376ea43f20167d90e/element'
01:55:12.873 [AsyncHttpClient-1-4] DEBUG org.asynchttpclient.netty.handler.HttpHandler -- 

Request DefaultHttpRequest(decodeResult: success, version: HTTP/1.1)
POST /wd/hub/session/da647b3d1e66fd1dd37a67a376ea43f20167d90e/element HTTP/1.1
User-Agent: appium/8.3.0 (selenium/4.8.0 (java mac))
Content-Length: 131
Content-Type: application/json; charset=utf-8
host: hub-cloud.browserstack.com
authorization: Basic Y2VzYXJzdGV2ZW5yaW9zdV9aNWtmdDg6WDJ2Z1hoM0xGdG85c0R4VVJid1A=
accept: */*

Response DefaultHttpResponse(decodeResult: success, version: HTTP/1.1)
HTTP/1.1 404 Not Found
Server: nginx
Date: Mon, 05 Jun 2023 06:55:12 GMT
Content-Type: application/json; charset=utf-8
Transfer-Encoding: chunked
Connection: keep-alive
Source-From: 02

01:55:12.873 [AsyncHttpClient-1-4] DEBUG org.asynchttpclient.netty.channel.ChannelManager -- Adding key: https://hub-cloud.browserstack.com:443 for channel [id: 0xbc36bb7a, L:/192.168.1.60:63613 - R:hub-cloud.browserstack.com/207.254.8.9:443]
01:55:12.877 [Forwarding setTimeout on session da647b3d1e66fd1dd37a67a376ea43f20167d90e to remote] DEBUG org.asynchttpclient.netty.request.NettyRequestSender -- Using pooled Channel '[id: 0xbc36bb7a, L:/192.168.1.60:63613 - R:hub-cloud.browserstack.com/207.254.8.9:443]' for 'POST' to 'https://cesarstevenriosu_Z5kft8:X2vgXh3LFto9sDxURbwP@hub-cloud.browserstack.com/wd/hub/session/da647b3d1e66fd1dd37a67a376ea43f20167d90e/timeouts'
01:55:12.877 [Forwarding setTimeout on session da647b3d1e66fd1dd37a67a376ea43f20167d90e to remote] DEBUG org.asynchttpclient.netty.request.NettyRequestSender -- Using open Channel [id: 0xbc36bb7a, L:/192.168.1.60:63613 - R:hub-cloud.browserstack.com/207.254.8.9:443] for POST '/wd/hub/session/da647b3d1e66fd1dd37a67a376ea43f20167d90e/timeouts'
01:55:13.014 [AsyncHttpClient-1-4] DEBUG org.asynchttpclient.netty.handler.HttpHandler -- 

Request DefaultHttpRequest(decodeResult: success, version: HTTP/1.1)
POST /wd/hub/session/da647b3d1e66fd1dd37a67a376ea43f20167d90e/timeouts HTTP/1.1
User-Agent: appium/8.3.0 (selenium/4.8.0 (java mac))
Content-Length: 23
Content-Type: application/json; charset=utf-8
host: hub-cloud.browserstack.com
authorization: Basic Y2VzYXJzdGV2ZW5yaW9zdV9aNWtmdDg6WDJ2Z1hoM0xGdG85c0R4VVJid1A=
accept: */*

Response DefaultHttpResponse(decodeResult: success, version: HTTP/1.1)
HTTP/1.1 200 OK
Server: nginx
Date: Mon, 05 Jun 2023 06:55:13 GMT
Content-Type: application/json; charset=utf-8
Content-Length: 14
Connection: keep-alive
Source-From: 02
x-powered-by: Express
vary: X-HTTP-Method-Override
etag: W/"e-9/1BuKMgFObM1mWJm+YjxtXJnUM"

01:55:13.015 [AsyncHttpClient-1-4] DEBUG org.asynchttpclient.netty.channel.ChannelManager -- Adding key: https://hub-cloud.browserstack.com:443 for channel [id: 0xbc36bb7a, L:/192.168.1.60:63613 - R:hub-cloud.browserstack.com/207.254.8.9:443]
01:55:13.070 [Forwarding setTimeout on session da647b3d1e66fd1dd37a67a376ea43f20167d90e to remote] DEBUG org.asynchttpclient.netty.request.NettyRequestSender -- Using pooled Channel '[id: 0xbc36bb7a, L:/192.168.1.60:63613 - R:hub-cloud.browserstack.com/207.254.8.9:443]' for 'POST' to 'https://cesarstevenriosu_Z5kft8:X2vgXh3LFto9sDxURbwP@hub-cloud.browserstack.com/wd/hub/session/da647b3d1e66fd1dd37a67a376ea43f20167d90e/timeouts'
01:55:13.070 [Forwarding setTimeout on session da647b3d1e66fd1dd37a67a376ea43f20167d90e to remote] DEBUG org.asynchttpclient.netty.request.NettyRequestSender -- Using open Channel [id: 0xbc36bb7a, L:/192.168.1.60:63613 - R:hub-cloud.browserstack.com/207.254.8.9:443] for POST '/wd/hub/session/da647b3d1e66fd1dd37a67a376ea43f20167d90e/timeouts'
01:55:13.264 [AsyncHttpClient-1-4] DEBUG org.asynchttpclient.netty.handler.HttpHandler -- 

Request DefaultHttpRequest(decodeResult: success, version: HTTP/1.1)
POST /wd/hub/session/da647b3d1e66fd1dd37a67a376ea43f20167d90e/timeouts HTTP/1.1
User-Agent: appium/8.3.0 (selenium/4.8.0 (java mac))
Content-Length: 19
Content-Type: application/json; charset=utf-8
host: hub-cloud.browserstack.com
authorization: Basic Y2VzYXJzdGV2ZW5yaW9zdV9aNWtmdDg6WDJ2Z1hoM0xGdG85c0R4VVJid1A=
accept: */*

Response DefaultHttpResponse(decodeResult: success, version: HTTP/1.1)
HTTP/1.1 200 OK
Server: nginx
Date: Mon, 05 Jun 2023 06:55:13 GMT
Content-Type: application/json; charset=utf-8
Content-Length: 14
Connection: keep-alive
Source-From: 02
x-powered-by: Express
vary: X-HTTP-Method-Override
etag: W/"e-9/1BuKMgFObM1mWJm+YjxtXJnUM"

01:55:13.265 [AsyncHttpClient-1-4] DEBUG org.asynchttpclient.netty.channel.ChannelManager -- Adding key: https://hub-cloud.browserstack.com:443 for channel [id: 0xbc36bb7a, L:/192.168.1.60:63613 - R:hub-cloud.browserstack.com/207.254.8.9:443]
01:55:13.267 [Forwarding findElement on session da647b3d1e66fd1dd37a67a376ea43f20167d90e to remote] DEBUG org.asynchttpclient.netty.request.NettyRequestSender -- Using pooled Channel '[id: 0xbc36bb7a, L:/192.168.1.60:63613 - R:hub-cloud.browserstack.com/207.254.8.9:443]' for 'POST' to 'https://cesarstevenriosu_Z5kft8:X2vgXh3LFto9sDxURbwP@hub-cloud.browserstack.com/wd/hub/session/da647b3d1e66fd1dd37a67a376ea43f20167d90e/element'
01:55:13.267 [Forwarding findElement on session da647b3d1e66fd1dd37a67a376ea43f20167d90e to remote] DEBUG org.asynchttpclient.netty.request.NettyRequestSender -- Using open Channel [id: 0xbc36bb7a, L:/192.168.1.60:63613 - R:hub-cloud.browserstack.com/207.254.8.9:443] for POST '/wd/hub/session/da647b3d1e66fd1dd37a67a376ea43f20167d90e/element'
01:55:13.535 [AsyncHttpClient-1-4] DEBUG org.asynchttpclient.netty.handler.HttpHandler -- 

Request DefaultHttpRequest(decodeResult: success, version: HTTP/1.1)
POST /wd/hub/session/da647b3d1e66fd1dd37a67a376ea43f20167d90e/element HTTP/1.1
User-Agent: appium/8.3.0 (selenium/4.8.0 (java mac))
Content-Length: 131
Content-Type: application/json; charset=utf-8
host: hub-cloud.browserstack.com
authorization: Basic Y2VzYXJzdGV2ZW5yaW9zdV9aNWtmdDg6WDJ2Z1hoM0xGdG85c0R4VVJid1A=
accept: */*

Response DefaultHttpResponse(decodeResult: success, version: HTTP/1.1)
HTTP/1.1 404 Not Found
Server: nginx
Date: Mon, 05 Jun 2023 06:55:13 GMT
Content-Type: application/json; charset=utf-8
Transfer-Encoding: chunked
Connection: keep-alive
Source-From: 02

01:55:13.536 [AsyncHttpClient-1-4] DEBUG org.asynchttpclient.netty.channel.ChannelManager -- Adding key: https://hub-cloud.browserstack.com:443 for channel [id: 0xbc36bb7a, L:/192.168.1.60:63613 - R:hub-cloud.browserstack.com/207.254.8.9:443]
01:55:13.539 [Forwarding setTimeout on session da647b3d1e66fd1dd37a67a376ea43f20167d90e to remote] DEBUG org.asynchttpclient.netty.request.NettyRequestSender -- Using pooled Channel '[id: 0xbc36bb7a, L:/192.168.1.60:63613 - R:hub-cloud.browserstack.com/207.254.8.9:443]' for 'POST' to 'https://cesarstevenriosu_Z5kft8:X2vgXh3LFto9sDxURbwP@hub-cloud.browserstack.com/wd/hub/session/da647b3d1e66fd1dd37a67a376ea43f20167d90e/timeouts'
01:55:13.539 [Forwarding setTimeout on session da647b3d1e66fd1dd37a67a376ea43f20167d90e to remote] DEBUG org.asynchttpclient.netty.request.NettyRequestSender -- Using open Channel [id: 0xbc36bb7a, L:/192.168.1.60:63613 - R:hub-cloud.browserstack.com/207.254.8.9:443] for POST '/wd/hub/session/da647b3d1e66fd1dd37a67a376ea43f20167d90e/timeouts'
01:55:13.673 [AsyncHttpClient-1-4] DEBUG org.asynchttpclient.netty.handler.HttpHandler -- 

Request DefaultHttpRequest(decodeResult: success, version: HTTP/1.1)
POST /wd/hub/session/da647b3d1e66fd1dd37a67a376ea43f20167d90e/timeouts HTTP/1.1
User-Agent: appium/8.3.0 (selenium/4.8.0 (java mac))
Content-Length: 23
Content-Type: application/json; charset=utf-8
host: hub-cloud.browserstack.com
authorization: Basic Y2VzYXJzdGV2ZW5yaW9zdV9aNWtmdDg6WDJ2Z1hoM0xGdG85c0R4VVJid1A=
accept: */*

Response DefaultHttpResponse(decodeResult: success, version: HTTP/1.1)
HTTP/1.1 200 OK
Server: nginx
Date: Mon, 05 Jun 2023 06:55:13 GMT
Content-Type: application/json; charset=utf-8
Content-Length: 14
Connection: keep-alive
Source-From: 02
x-powered-by: Express
vary: X-HTTP-Method-Override
etag: W/"e-9/1BuKMgFObM1mWJm+YjxtXJnUM"

01:55:13.673 [AsyncHttpClient-1-4] DEBUG org.asynchttpclient.netty.channel.ChannelManager -- Adding key: https://hub-cloud.browserstack.com:443 for channel [id: 0xbc36bb7a, L:/192.168.1.60:63613 - R:hub-cloud.browserstack.com/207.254.8.9:443]
01:55:13.732 [Forwarding setTimeout on session da647b3d1e66fd1dd37a67a376ea43f20167d90e to remote] DEBUG org.asynchttpclient.netty.request.NettyRequestSender -- Using pooled Channel '[id: 0xbc36bb7a, L:/192.168.1.60:63613 - R:hub-cloud.browserstack.com/207.254.8.9:443]' for 'POST' to 'https://cesarstevenriosu_Z5kft8:X2vgXh3LFto9sDxURbwP@hub-cloud.browserstack.com/wd/hub/session/da647b3d1e66fd1dd37a67a376ea43f20167d90e/timeouts'
01:55:13.732 [Forwarding setTimeout on session da647b3d1e66fd1dd37a67a376ea43f20167d90e to remote] DEBUG org.asynchttpclient.netty.request.NettyRequestSender -- Using open Channel [id: 0xbc36bb7a, L:/192.168.1.60:63613 - R:hub-cloud.browserstack.com/207.254.8.9:443] for POST '/wd/hub/session/da647b3d1e66fd1dd37a67a376ea43f20167d90e/timeouts'
01:55:14.031 [AsyncHttpClient-1-4] DEBUG org.asynchttpclient.netty.handler.HttpHandler -- 

Request DefaultHttpRequest(decodeResult: success, version: HTTP/1.1)
POST /wd/hub/session/da647b3d1e66fd1dd37a67a376ea43f20167d90e/timeouts HTTP/1.1
User-Agent: appium/8.3.0 (selenium/4.8.0 (java mac))
Content-Length: 19
Content-Type: application/json; charset=utf-8
host: hub-cloud.browserstack.com
authorization: Basic Y2VzYXJzdGV2ZW5yaW9zdV9aNWtmdDg6WDJ2Z1hoM0xGdG85c0R4VVJid1A=
accept: */*

Response DefaultHttpResponse(decodeResult: success, version: HTTP/1.1)
HTTP/1.1 200 OK
Server: nginx
Date: Mon, 05 Jun 2023 06:55:14 GMT
Content-Type: application/json; charset=utf-8
Content-Length: 14
Connection: keep-alive
Source-From: 02
x-powered-by: Express
vary: X-HTTP-Method-Override
etag: W/"e-9/1BuKMgFObM1mWJm+YjxtXJnUM"

01:55:14.031 [AsyncHttpClient-1-4] DEBUG org.asynchttpclient.netty.channel.ChannelManager -- Adding key: https://hub-cloud.browserstack.com:443 for channel [id: 0xbc36bb7a, L:/192.168.1.60:63613 - R:hub-cloud.browserstack.com/207.254.8.9:443]
01:55:14.037 [Forwarding findElement on session da647b3d1e66fd1dd37a67a376ea43f20167d90e to remote] DEBUG org.asynchttpclient.netty.request.NettyRequestSender -- Using pooled Channel '[id: 0xbc36bb7a, L:/192.168.1.60:63613 - R:hub-cloud.browserstack.com/207.254.8.9:443]' for 'POST' to 'https://cesarstevenriosu_Z5kft8:X2vgXh3LFto9sDxURbwP@hub-cloud.browserstack.com/wd/hub/session/da647b3d1e66fd1dd37a67a376ea43f20167d90e/element'
01:55:14.037 [Forwarding findElement on session da647b3d1e66fd1dd37a67a376ea43f20167d90e to remote] DEBUG org.asynchttpclient.netty.request.NettyRequestSender -- Using open Channel [id: 0xbc36bb7a, L:/192.168.1.60:63613 - R:hub-cloud.browserstack.com/207.254.8.9:443] for POST '/wd/hub/session/da647b3d1e66fd1dd37a67a376ea43f20167d90e/element'
01:55:14.262 [AsyncHttpClient-1-4] DEBUG org.asynchttpclient.netty.handler.HttpHandler -- 

Request DefaultHttpRequest(decodeResult: success, version: HTTP/1.1)
POST /wd/hub/session/da647b3d1e66fd1dd37a67a376ea43f20167d90e/element HTTP/1.1
User-Agent: appium/8.3.0 (selenium/4.8.0 (java mac))
Content-Length: 131
Content-Type: application/json; charset=utf-8
host: hub-cloud.browserstack.com
authorization: Basic Y2VzYXJzdGV2ZW5yaW9zdV9aNWtmdDg6WDJ2Z1hoM0xGdG85c0R4VVJid1A=
accept: */*

Response DefaultHttpResponse(decodeResult: success, version: HTTP/1.1)
HTTP/1.1 404 Not Found
Server: nginx
Date: Mon, 05 Jun 2023 06:55:14 GMT
Content-Type: application/json; charset=utf-8
Transfer-Encoding: chunked
Connection: keep-alive
Source-From: 02

01:55:14.263 [AsyncHttpClient-1-4] DEBUG org.asynchttpclient.netty.channel.ChannelManager -- Adding key: https://hub-cloud.browserstack.com:443 for channel [id: 0xbc36bb7a, L:/192.168.1.60:63613 - R:hub-cloud.browserstack.com/207.254.8.9:443]
01:55:14.265 [Forwarding setTimeout on session da647b3d1e66fd1dd37a67a376ea43f20167d90e to remote] DEBUG org.asynchttpclient.netty.request.NettyRequestSender -- Using pooled Channel '[id: 0xbc36bb7a, L:/192.168.1.60:63613 - R:hub-cloud.browserstack.com/207.254.8.9:443]' for 'POST' to 'https://cesarstevenriosu_Z5kft8:X2vgXh3LFto9sDxURbwP@hub-cloud.browserstack.com/wd/hub/session/da647b3d1e66fd1dd37a67a376ea43f20167d90e/timeouts'
01:55:14.265 [Forwarding setTimeout on session da647b3d1e66fd1dd37a67a376ea43f20167d90e to remote] DEBUG org.asynchttpclient.netty.request.NettyRequestSender -- Using open Channel [id: 0xbc36bb7a, L:/192.168.1.60:63613 - R:hub-cloud.browserstack.com/207.254.8.9:443] for POST '/wd/hub/session/da647b3d1e66fd1dd37a67a376ea43f20167d90e/timeouts'
01:55:14.465 [AsyncHttpClient-1-4] DEBUG org.asynchttpclient.netty.handler.HttpHandler -- 

Request DefaultHttpRequest(decodeResult: success, version: HTTP/1.1)
POST /wd/hub/session/da647b3d1e66fd1dd37a67a376ea43f20167d90e/timeouts HTTP/1.1
User-Agent: appium/8.3.0 (selenium/4.8.0 (java mac))
Content-Length: 23
Content-Type: application/json; charset=utf-8
host: hub-cloud.browserstack.com
authorization: Basic Y2VzYXJzdGV2ZW5yaW9zdV9aNWtmdDg6WDJ2Z1hoM0xGdG85c0R4VVJid1A=
accept: */*

Response DefaultHttpResponse(decodeResult: success, version: HTTP/1.1)
HTTP/1.1 200 OK
Server: nginx
Date: Mon, 05 Jun 2023 06:55:14 GMT
Content-Type: application/json; charset=utf-8
Content-Length: 14
Connection: keep-alive
Source-From: 02
x-powered-by: Express
vary: X-HTTP-Method-Override
etag: W/"e-9/1BuKMgFObM1mWJm+YjxtXJnUM"

01:55:14.465 [AsyncHttpClient-1-4] DEBUG org.asynchttpclient.netty.channel.ChannelManager -- Adding key: https://hub-cloud.browserstack.com:443 for channel [id: 0xbc36bb7a, L:/192.168.1.60:63613 - R:hub-cloud.browserstack.com/207.254.8.9:443]
01:55:14.520 [Forwarding setTimeout on session da647b3d1e66fd1dd37a67a376ea43f20167d90e to remote] DEBUG org.asynchttpclient.netty.request.NettyRequestSender -- Using pooled Channel '[id: 0xbc36bb7a, L:/192.168.1.60:63613 - R:hub-cloud.browserstack.com/207.254.8.9:443]' for 'POST' to 'https://cesarstevenriosu_Z5kft8:X2vgXh3LFto9sDxURbwP@hub-cloud.browserstack.com/wd/hub/session/da647b3d1e66fd1dd37a67a376ea43f20167d90e/timeouts'
01:55:14.520 [Forwarding setTimeout on session da647b3d1e66fd1dd37a67a376ea43f20167d90e to remote] DEBUG org.asynchttpclient.netty.request.NettyRequestSender -- Using open Channel [id: 0xbc36bb7a, L:/192.168.1.60:63613 - R:hub-cloud.browserstack.com/207.254.8.9:443] for POST '/wd/hub/session/da647b3d1e66fd1dd37a67a376ea43f20167d90e/timeouts'
01:55:14.623 [AsyncHttpClient-1-4] DEBUG org.asynchttpclient.netty.handler.HttpHandler -- 

Request DefaultHttpRequest(decodeResult: success, version: HTTP/1.1)
POST /wd/hub/session/da647b3d1e66fd1dd37a67a376ea43f20167d90e/timeouts HTTP/1.1
User-Agent: appium/8.3.0 (selenium/4.8.0 (java mac))
Content-Length: 19
Content-Type: application/json; charset=utf-8
host: hub-cloud.browserstack.com
authorization: Basic Y2VzYXJzdGV2ZW5yaW9zdV9aNWtmdDg6WDJ2Z1hoM0xGdG85c0R4VVJid1A=
accept: */*

Response DefaultHttpResponse(decodeResult: success, version: HTTP/1.1)
HTTP/1.1 200 OK
Server: nginx
Date: Mon, 05 Jun 2023 06:55:14 GMT
Content-Type: application/json; charset=utf-8
Content-Length: 14
Connection: keep-alive
Source-From: 02
x-powered-by: Express
vary: X-HTTP-Method-Override
etag: W/"e-9/1BuKMgFObM1mWJm+YjxtXJnUM"

01:55:14.623 [AsyncHttpClient-1-4] DEBUG org.asynchttpclient.netty.channel.ChannelManager -- Adding key: https://hub-cloud.browserstack.com:443 for channel [id: 0xbc36bb7a, L:/192.168.1.60:63613 - R:hub-cloud.browserstack.com/207.254.8.9:443]
01:55:14.627 [Forwarding findElement on session da647b3d1e66fd1dd37a67a376ea43f20167d90e to remote] DEBUG org.asynchttpclient.netty.request.NettyRequestSender -- Using pooled Channel '[id: 0xbc36bb7a, L:/192.168.1.60:63613 - R:hub-cloud.browserstack.com/207.254.8.9:443]' for 'POST' to 'https://cesarstevenriosu_Z5kft8:X2vgXh3LFto9sDxURbwP@hub-cloud.browserstack.com/wd/hub/session/da647b3d1e66fd1dd37a67a376ea43f20167d90e/element'
01:55:14.628 [Forwarding findElement on session da647b3d1e66fd1dd37a67a376ea43f20167d90e to remote] DEBUG org.asynchttpclient.netty.request.NettyRequestSender -- Using open Channel [id: 0xbc36bb7a, L:/192.168.1.60:63613 - R:hub-cloud.browserstack.com/207.254.8.9:443] for POST '/wd/hub/session/da647b3d1e66fd1dd37a67a376ea43f20167d90e/element'
01:55:14.907 [AsyncHttpClient-1-4] DEBUG org.asynchttpclient.netty.handler.HttpHandler -- 

Request DefaultHttpRequest(decodeResult: success, version: HTTP/1.1)
POST /wd/hub/session/da647b3d1e66fd1dd37a67a376ea43f20167d90e/element HTTP/1.1
User-Agent: appium/8.3.0 (selenium/4.8.0 (java mac))
Content-Length: 131
Content-Type: application/json; charset=utf-8
host: hub-cloud.browserstack.com
authorization: Basic Y2VzYXJzdGV2ZW5yaW9zdV9aNWtmdDg6WDJ2Z1hoM0xGdG85c0R4VVJid1A=
accept: */*

Response DefaultHttpResponse(decodeResult: success, version: HTTP/1.1)
HTTP/1.1 404 Not Found
Server: nginx
Date: Mon, 05 Jun 2023 06:55:15 GMT
Content-Type: application/json; charset=utf-8
Transfer-Encoding: chunked
Connection: keep-alive
Source-From: 02

01:55:14.907 [AsyncHttpClient-1-4] DEBUG org.asynchttpclient.netty.channel.ChannelManager -- Adding key: https://hub-cloud.browserstack.com:443 for channel [id: 0xbc36bb7a, L:/192.168.1.60:63613 - R:hub-cloud.browserstack.com/207.254.8.9:443]
01:55:14.910 [Forwarding setTimeout on session da647b3d1e66fd1dd37a67a376ea43f20167d90e to remote] DEBUG org.asynchttpclient.netty.request.NettyRequestSender -- Using pooled Channel '[id: 0xbc36bb7a, L:/192.168.1.60:63613 - R:hub-cloud.browserstack.com/207.254.8.9:443]' for 'POST' to 'https://cesarstevenriosu_Z5kft8:X2vgXh3LFto9sDxURbwP@hub-cloud.browserstack.com/wd/hub/session/da647b3d1e66fd1dd37a67a376ea43f20167d90e/timeouts'
01:55:14.910 [Forwarding setTimeout on session da647b3d1e66fd1dd37a67a376ea43f20167d90e to remote] DEBUG org.asynchttpclient.netty.request.NettyRequestSender -- Using open Channel [id: 0xbc36bb7a, L:/192.168.1.60:63613 - R:hub-cloud.browserstack.com/207.254.8.9:443] for POST '/wd/hub/session/da647b3d1e66fd1dd37a67a376ea43f20167d90e/timeouts'
01:55:15.028 [AsyncHttpClient-1-4] DEBUG org.asynchttpclient.netty.handler.HttpHandler -- 

Request DefaultHttpRequest(decodeResult: success, version: HTTP/1.1)
POST /wd/hub/session/da647b3d1e66fd1dd37a67a376ea43f20167d90e/timeouts HTTP/1.1
User-Agent: appium/8.3.0 (selenium/4.8.0 (java mac))
Content-Length: 23
Content-Type: application/json; charset=utf-8
host: hub-cloud.browserstack.com
authorization: Basic Y2VzYXJzdGV2ZW5yaW9zdV9aNWtmdDg6WDJ2Z1hoM0xGdG85c0R4VVJid1A=
accept: */*

Response DefaultHttpResponse(decodeResult: success, version: HTTP/1.1)
HTTP/1.1 200 OK
Server: nginx
Date: Mon, 05 Jun 2023 06:55:15 GMT
Content-Type: application/json; charset=utf-8
Content-Length: 14
Connection: keep-alive
Source-From: 02
x-powered-by: Express
vary: X-HTTP-Method-Override
etag: W/"e-9/1BuKMgFObM1mWJm+YjxtXJnUM"

01:55:15.028 [AsyncHttpClient-1-4] DEBUG org.asynchttpclient.netty.channel.ChannelManager -- Adding key: https://hub-cloud.browserstack.com:443 for channel [id: 0xbc36bb7a, L:/192.168.1.60:63613 - R:hub-cloud.browserstack.com/207.254.8.9:443]
01:55:15.087 [Forwarding setTimeout on session da647b3d1e66fd1dd37a67a376ea43f20167d90e to remote] DEBUG org.asynchttpclient.netty.request.NettyRequestSender -- Using pooled Channel '[id: 0xbc36bb7a, L:/192.168.1.60:63613 - R:hub-cloud.browserstack.com/207.254.8.9:443]' for 'POST' to 'https://cesarstevenriosu_Z5kft8:X2vgXh3LFto9sDxURbwP@hub-cloud.browserstack.com/wd/hub/session/da647b3d1e66fd1dd37a67a376ea43f20167d90e/timeouts'
01:55:15.087 [Forwarding setTimeout on session da647b3d1e66fd1dd37a67a376ea43f20167d90e to remote] DEBUG org.asynchttpclient.netty.request.NettyRequestSender -- Using open Channel [id: 0xbc36bb7a, L:/192.168.1.60:63613 - R:hub-cloud.browserstack.com/207.254.8.9:443] for POST '/wd/hub/session/da647b3d1e66fd1dd37a67a376ea43f20167d90e/timeouts'
01:55:15.228 [AsyncHttpClient-1-4] DEBUG org.asynchttpclient.netty.handler.HttpHandler -- 

Request DefaultHttpRequest(decodeResult: success, version: HTTP/1.1)
POST /wd/hub/session/da647b3d1e66fd1dd37a67a376ea43f20167d90e/timeouts HTTP/1.1
User-Agent: appium/8.3.0 (selenium/4.8.0 (java mac))
Content-Length: 19
Content-Type: application/json; charset=utf-8
host: hub-cloud.browserstack.com
authorization: Basic Y2VzYXJzdGV2ZW5yaW9zdV9aNWtmdDg6WDJ2Z1hoM0xGdG85c0R4VVJid1A=
accept: */*

Response DefaultHttpResponse(decodeResult: success, version: HTTP/1.1)
HTTP/1.1 200 OK
Server: nginx
Date: Mon, 05 Jun 2023 06:55:15 GMT
Content-Type: application/json; charset=utf-8
Content-Length: 14
Connection: keep-alive
Source-From: 02
x-powered-by: Express
vary: X-HTTP-Method-Override
etag: W/"e-9/1BuKMgFObM1mWJm+YjxtXJnUM"

01:55:15.228 [AsyncHttpClient-1-4] DEBUG org.asynchttpclient.netty.channel.ChannelManager -- Adding key: https://hub-cloud.browserstack.com:443 for channel [id: 0xbc36bb7a, L:/192.168.1.60:63613 - R:hub-cloud.browserstack.com/207.254.8.9:443]
01:55:15.230 [Forwarding findElement on session da647b3d1e66fd1dd37a67a376ea43f20167d90e to remote] DEBUG org.asynchttpclient.netty.request.NettyRequestSender -- Using pooled Channel '[id: 0xbc36bb7a, L:/192.168.1.60:63613 - R:hub-cloud.browserstack.com/207.254.8.9:443]' for 'POST' to 'https://cesarstevenriosu_Z5kft8:X2vgXh3LFto9sDxURbwP@hub-cloud.browserstack.com/wd/hub/session/da647b3d1e66fd1dd37a67a376ea43f20167d90e/element'
01:55:15.230 [Forwarding findElement on session da647b3d1e66fd1dd37a67a376ea43f20167d90e to remote] DEBUG org.asynchttpclient.netty.request.NettyRequestSender -- Using open Channel [id: 0xbc36bb7a, L:/192.168.1.60:63613 - R:hub-cloud.browserstack.com/207.254.8.9:443] for POST '/wd/hub/session/da647b3d1e66fd1dd37a67a376ea43f20167d90e/element'
01:55:15.473 [AsyncHttpClient-1-4] DEBUG org.asynchttpclient.netty.handler.HttpHandler -- 

Request DefaultHttpRequest(decodeResult: success, version: HTTP/1.1)
POST /wd/hub/session/da647b3d1e66fd1dd37a67a376ea43f20167d90e/element HTTP/1.1
User-Agent: appium/8.3.0 (selenium/4.8.0 (java mac))
Content-Length: 131
Content-Type: application/json; charset=utf-8
host: hub-cloud.browserstack.com
authorization: Basic Y2VzYXJzdGV2ZW5yaW9zdV9aNWtmdDg6WDJ2Z1hoM0xGdG85c0R4VVJid1A=
accept: */*

Response DefaultHttpResponse(decodeResult: success, version: HTTP/1.1)
HTTP/1.1 404 Not Found
Server: nginx
Date: Mon, 05 Jun 2023 06:55:15 GMT
Content-Type: application/json; charset=utf-8
Transfer-Encoding: chunked
Connection: keep-alive
Source-From: 02

01:55:15.474 [AsyncHttpClient-1-4] DEBUG org.asynchttpclient.netty.channel.ChannelManager -- Adding key: https://hub-cloud.browserstack.com:443 for channel [id: 0xbc36bb7a, L:/192.168.1.60:63613 - R:hub-cloud.browserstack.com/207.254.8.9:443]
01:55:15.477 [Forwarding setTimeout on session da647b3d1e66fd1dd37a67a376ea43f20167d90e to remote] DEBUG org.asynchttpclient.netty.request.NettyRequestSender -- Using pooled Channel '[id: 0xbc36bb7a, L:/192.168.1.60:63613 - R:hub-cloud.browserstack.com/207.254.8.9:443]' for 'POST' to 'https://cesarstevenriosu_Z5kft8:X2vgXh3LFto9sDxURbwP@hub-cloud.browserstack.com/wd/hub/session/da647b3d1e66fd1dd37a67a376ea43f20167d90e/timeouts'
01:55:15.477 [Forwarding setTimeout on session da647b3d1e66fd1dd37a67a376ea43f20167d90e to remote] DEBUG org.asynchttpclient.netty.request.NettyRequestSender -- Using open Channel [id: 0xbc36bb7a, L:/192.168.1.60:63613 - R:hub-cloud.browserstack.com/207.254.8.9:443] for POST '/wd/hub/session/da647b3d1e66fd1dd37a67a376ea43f20167d90e/timeouts'
01:55:15.635 [AsyncHttpClient-1-4] DEBUG org.asynchttpclient.netty.handler.HttpHandler -- 

Request DefaultHttpRequest(decodeResult: success, version: HTTP/1.1)
POST /wd/hub/session/da647b3d1e66fd1dd37a67a376ea43f20167d90e/timeouts HTTP/1.1
User-Agent: appium/8.3.0 (selenium/4.8.0 (java mac))
Content-Length: 23
Content-Type: application/json; charset=utf-8
host: hub-cloud.browserstack.com
authorization: Basic Y2VzYXJzdGV2ZW5yaW9zdV9aNWtmdDg6WDJ2Z1hoM0xGdG85c0R4VVJid1A=
accept: */*

Response DefaultHttpResponse(decodeResult: success, version: HTTP/1.1)
HTTP/1.1 200 OK
Server: nginx
Date: Mon, 05 Jun 2023 06:55:15 GMT
Content-Type: application/json; charset=utf-8
Content-Length: 14
Connection: close
Source-From: 02
x-powered-by: Express
vary: X-HTTP-Method-Override
etag: W/"e-9/1BuKMgFObM1mWJm+YjxtXJnUM"

01:55:15.636 [AsyncHttpClient-1-4] DEBUG org.asynchttpclient.netty.channel.ChannelManager -- Closing Channel [id: 0xbc36bb7a, L:/192.168.1.60:63613 - R:hub-cloud.browserstack.com/207.254.8.9:443] 
01:55:15.638 [AsyncHttpClient-1-4] DEBUG org.asynchttpclient.netty.handler.HttpHandler -- Channel Closed: [id: 0xbc36bb7a, L:/192.168.1.60:63613 ! R:hub-cloud.browserstack.com/207.254.8.9:443] with attribute DISCARD
01:55:16.129 [AsyncHttpClient-1-5] DEBUG org.asynchttpclient.netty.channel.NettyConnectListener -- Using new Channel '[id: 0x9c4ceff6, L:/192.168.1.60:63621 - R:hub-cloud.browserstack.com/207.254.8.9:443]' for 'POST' to '/wd/hub/session/da647b3d1e66fd1dd37a67a376ea43f20167d90e/timeouts'
01:55:16.130 [AsyncHttpClient-1-5] DEBUG io.netty.handler.ssl.SslHandler -- [id: 0x9c4ceff6, L:/192.168.1.60:63621 - R:hub-cloud.browserstack.com/207.254.8.9:443] HANDSHAKEN: protocol:TLSv1.2 cipher suite:TLS_ECDHE_RSA_WITH_AES_128_GCM_SHA256
01:55:16.583 [AsyncHttpClient-1-5] DEBUG org.asynchttpclient.netty.handler.HttpHandler -- 

Request DefaultHttpRequest(decodeResult: success, version: HTTP/1.1)
POST /wd/hub/session/da647b3d1e66fd1dd37a67a376ea43f20167d90e/timeouts HTTP/1.1
User-Agent: appium/8.3.0 (selenium/4.8.0 (java mac))
Content-Length: 19
Content-Type: application/json; charset=utf-8
host: hub-cloud.browserstack.com
authorization: Basic Y2VzYXJzdGV2ZW5yaW9zdV9aNWtmdDg6WDJ2Z1hoM0xGdG85c0R4VVJid1A=
accept: */*

Response DefaultHttpResponse(decodeResult: success, version: HTTP/1.1)
HTTP/1.1 200 OK
Server: nginx
Date: Mon, 05 Jun 2023 06:55:16 GMT
Content-Type: application/json; charset=utf-8
Content-Length: 14
Connection: keep-alive
Source-From: 02
x-powered-by: Express
vary: X-HTTP-Method-Override
etag: W/"e-9/1BuKMgFObM1mWJm+YjxtXJnUM"

01:55:16.583 [AsyncHttpClient-1-5] DEBUG org.asynchttpclient.netty.channel.ChannelManager -- Adding key: https://hub-cloud.browserstack.com:443 for channel [id: 0x9c4ceff6, L:/192.168.1.60:63621 - R:hub-cloud.browserstack.com/207.254.8.9:443]
01:55:16.585 [Forwarding findElement on session da647b3d1e66fd1dd37a67a376ea43f20167d90e to remote] DEBUG org.asynchttpclient.netty.request.NettyRequestSender -- Using pooled Channel '[id: 0x9c4ceff6, L:/192.168.1.60:63621 - R:hub-cloud.browserstack.com/207.254.8.9:443]' for 'POST' to 'https://cesarstevenriosu_Z5kft8:X2vgXh3LFto9sDxURbwP@hub-cloud.browserstack.com/wd/hub/session/da647b3d1e66fd1dd37a67a376ea43f20167d90e/element'
01:55:16.585 [Forwarding findElement on session da647b3d1e66fd1dd37a67a376ea43f20167d90e to remote] DEBUG org.asynchttpclient.netty.request.NettyRequestSender -- Using open Channel [id: 0x9c4ceff6, L:/192.168.1.60:63621 - R:hub-cloud.browserstack.com/207.254.8.9:443] for POST '/wd/hub/session/da647b3d1e66fd1dd37a67a376ea43f20167d90e/element'
01:55:16.809 [AsyncHttpClient-1-5] DEBUG org.asynchttpclient.netty.handler.HttpHandler -- 

Request DefaultHttpRequest(decodeResult: success, version: HTTP/1.1)
POST /wd/hub/session/da647b3d1e66fd1dd37a67a376ea43f20167d90e/element HTTP/1.1
User-Agent: appium/8.3.0 (selenium/4.8.0 (java mac))
Content-Length: 131
Content-Type: application/json; charset=utf-8
host: hub-cloud.browserstack.com
authorization: Basic Y2VzYXJzdGV2ZW5yaW9zdV9aNWtmdDg6WDJ2Z1hoM0xGdG85c0R4VVJid1A=
accept: */*

Response DefaultHttpResponse(decodeResult: success, version: HTTP/1.1)
HTTP/1.1 404 Not Found
Server: nginx
Date: Mon, 05 Jun 2023 06:55:16 GMT
Content-Type: application/json; charset=utf-8
Transfer-Encoding: chunked
Connection: keep-alive
Source-From: 02

01:55:16.810 [AsyncHttpClient-1-5] DEBUG org.asynchttpclient.netty.channel.ChannelManager -- Adding key: https://hub-cloud.browserstack.com:443 for channel [id: 0x9c4ceff6, L:/192.168.1.60:63621 - R:hub-cloud.browserstack.com/207.254.8.9:443]
01:55:16.813 [Forwarding setTimeout on session da647b3d1e66fd1dd37a67a376ea43f20167d90e to remote] DEBUG org.asynchttpclient.netty.request.NettyRequestSender -- Using pooled Channel '[id: 0x9c4ceff6, L:/192.168.1.60:63621 - R:hub-cloud.browserstack.com/207.254.8.9:443]' for 'POST' to 'https://cesarstevenriosu_Z5kft8:X2vgXh3LFto9sDxURbwP@hub-cloud.browserstack.com/wd/hub/session/da647b3d1e66fd1dd37a67a376ea43f20167d90e/timeouts'
01:55:16.813 [Forwarding setTimeout on session da647b3d1e66fd1dd37a67a376ea43f20167d90e to remote] DEBUG org.asynchttpclient.netty.request.NettyRequestSender -- Using open Channel [id: 0x9c4ceff6, L:/192.168.1.60:63621 - R:hub-cloud.browserstack.com/207.254.8.9:443] for POST '/wd/hub/session/da647b3d1e66fd1dd37a67a376ea43f20167d90e/timeouts'
01:55:16.915 [AsyncHttpClient-1-5] DEBUG org.asynchttpclient.netty.handler.HttpHandler -- 

Request DefaultHttpRequest(decodeResult: success, version: HTTP/1.1)
POST /wd/hub/session/da647b3d1e66fd1dd37a67a376ea43f20167d90e/timeouts HTTP/1.1
User-Agent: appium/8.3.0 (selenium/4.8.0 (java mac))
Content-Length: 23
Content-Type: application/json; charset=utf-8
host: hub-cloud.browserstack.com
authorization: Basic Y2VzYXJzdGV2ZW5yaW9zdV9aNWtmdDg6WDJ2Z1hoM0xGdG85c0R4VVJid1A=
accept: */*

Response DefaultHttpResponse(decodeResult: success, version: HTTP/1.1)
HTTP/1.1 200 OK
Server: nginx
Date: Mon, 05 Jun 2023 06:55:17 GMT
Content-Type: application/json; charset=utf-8
Content-Length: 14
Connection: keep-alive
Source-From: 02
x-powered-by: Express
vary: X-HTTP-Method-Override
etag: W/"e-9/1BuKMgFObM1mWJm+YjxtXJnUM"

01:55:16.915 [AsyncHttpClient-1-5] DEBUG org.asynchttpclient.netty.channel.ChannelManager -- Adding key: https://hub-cloud.browserstack.com:443 for channel [id: 0x9c4ceff6, L:/192.168.1.60:63621 - R:hub-cloud.browserstack.com/207.254.8.9:443]
01:55:16.973 [Forwarding setTimeout on session da647b3d1e66fd1dd37a67a376ea43f20167d90e to remote] DEBUG org.asynchttpclient.netty.request.NettyRequestSender -- Using pooled Channel '[id: 0x9c4ceff6, L:/192.168.1.60:63621 - R:hub-cloud.browserstack.com/207.254.8.9:443]' for 'POST' to 'https://cesarstevenriosu_Z5kft8:X2vgXh3LFto9sDxURbwP@hub-cloud.browserstack.com/wd/hub/session/da647b3d1e66fd1dd37a67a376ea43f20167d90e/timeouts'
01:55:16.973 [Forwarding setTimeout on session da647b3d1e66fd1dd37a67a376ea43f20167d90e to remote] DEBUG org.asynchttpclient.netty.request.NettyRequestSender -- Using open Channel [id: 0x9c4ceff6, L:/192.168.1.60:63621 - R:hub-cloud.browserstack.com/207.254.8.9:443] for POST '/wd/hub/session/da647b3d1e66fd1dd37a67a376ea43f20167d90e/timeouts'
01:55:17.076 [AsyncHttpClient-1-5] DEBUG org.asynchttpclient.netty.handler.HttpHandler -- 

Request DefaultHttpRequest(decodeResult: success, version: HTTP/1.1)
POST /wd/hub/session/da647b3d1e66fd1dd37a67a376ea43f20167d90e/timeouts HTTP/1.1
User-Agent: appium/8.3.0 (selenium/4.8.0 (java mac))
Content-Length: 19
Content-Type: application/json; charset=utf-8
host: hub-cloud.browserstack.com
authorization: Basic Y2VzYXJzdGV2ZW5yaW9zdV9aNWtmdDg6WDJ2Z1hoM0xGdG85c0R4VVJid1A=
accept: */*

Response DefaultHttpResponse(decodeResult: success, version: HTTP/1.1)
HTTP/1.1 200 OK
Server: nginx
Date: Mon, 05 Jun 2023 06:55:17 GMT
Content-Type: application/json; charset=utf-8
Content-Length: 14
Connection: keep-alive
Source-From: 02
x-powered-by: Express
vary: X-HTTP-Method-Override
etag: W/"e-9/1BuKMgFObM1mWJm+YjxtXJnUM"

01:55:17.076 [AsyncHttpClient-1-5] DEBUG org.asynchttpclient.netty.channel.ChannelManager -- Adding key: https://hub-cloud.browserstack.com:443 for channel [id: 0x9c4ceff6, L:/192.168.1.60:63621 - R:hub-cloud.browserstack.com/207.254.8.9:443]
01:55:17.079 [Forwarding findElement on session da647b3d1e66fd1dd37a67a376ea43f20167d90e to remote] DEBUG org.asynchttpclient.netty.request.NettyRequestSender -- Using pooled Channel '[id: 0x9c4ceff6, L:/192.168.1.60:63621 - R:hub-cloud.browserstack.com/207.254.8.9:443]' for 'POST' to 'https://cesarstevenriosu_Z5kft8:X2vgXh3LFto9sDxURbwP@hub-cloud.browserstack.com/wd/hub/session/da647b3d1e66fd1dd37a67a376ea43f20167d90e/element'
01:55:17.079 [Forwarding findElement on session da647b3d1e66fd1dd37a67a376ea43f20167d90e to remote] DEBUG org.asynchttpclient.netty.request.NettyRequestSender -- Using open Channel [id: 0x9c4ceff6, L:/192.168.1.60:63621 - R:hub-cloud.browserstack.com/207.254.8.9:443] for POST '/wd/hub/session/da647b3d1e66fd1dd37a67a376ea43f20167d90e/element'
01:55:17.295 [AsyncHttpClient-1-5] DEBUG org.asynchttpclient.netty.handler.HttpHandler -- 

Request DefaultHttpRequest(decodeResult: success, version: HTTP/1.1)
POST /wd/hub/session/da647b3d1e66fd1dd37a67a376ea43f20167d90e/element HTTP/1.1
User-Agent: appium/8.3.0 (selenium/4.8.0 (java mac))
Content-Length: 131
Content-Type: application/json; charset=utf-8
host: hub-cloud.browserstack.com
authorization: Basic Y2VzYXJzdGV2ZW5yaW9zdV9aNWtmdDg6WDJ2Z1hoM0xGdG85c0R4VVJid1A=
accept: */*

Response DefaultHttpResponse(decodeResult: success, version: HTTP/1.1)
HTTP/1.1 404 Not Found
Server: nginx
Date: Mon, 05 Jun 2023 06:55:17 GMT
Content-Type: application/json; charset=utf-8
Transfer-Encoding: chunked
Connection: keep-alive
Source-From: 02

01:55:17.295 [AsyncHttpClient-1-5] DEBUG org.asynchttpclient.netty.channel.ChannelManager -- Adding key: https://hub-cloud.browserstack.com:443 for channel [id: 0x9c4ceff6, L:/192.168.1.60:63621 - R:hub-cloud.browserstack.com/207.254.8.9:443]
01:55:17.297 [Forwarding setTimeout on session da647b3d1e66fd1dd37a67a376ea43f20167d90e to remote] DEBUG org.asynchttpclient.netty.request.NettyRequestSender -- Using pooled Channel '[id: 0x9c4ceff6, L:/192.168.1.60:63621 - R:hub-cloud.browserstack.com/207.254.8.9:443]' for 'POST' to 'https://cesarstevenriosu_Z5kft8:X2vgXh3LFto9sDxURbwP@hub-cloud.browserstack.com/wd/hub/session/da647b3d1e66fd1dd37a67a376ea43f20167d90e/timeouts'
01:55:17.298 [Forwarding setTimeout on session da647b3d1e66fd1dd37a67a376ea43f20167d90e to remote] DEBUG org.asynchttpclient.netty.request.NettyRequestSender -- Using open Channel [id: 0x9c4ceff6, L:/192.168.1.60:63621 - R:hub-cloud.browserstack.com/207.254.8.9:443] for POST '/wd/hub/session/da647b3d1e66fd1dd37a67a376ea43f20167d90e/timeouts'
01:55:17.408 [AsyncHttpClient-1-5] DEBUG org.asynchttpclient.netty.handler.HttpHandler -- 

Request DefaultHttpRequest(decodeResult: success, version: HTTP/1.1)
POST /wd/hub/session/da647b3d1e66fd1dd37a67a376ea43f20167d90e/timeouts HTTP/1.1
User-Agent: appium/8.3.0 (selenium/4.8.0 (java mac))
Content-Length: 23
Content-Type: application/json; charset=utf-8
host: hub-cloud.browserstack.com
authorization: Basic Y2VzYXJzdGV2ZW5yaW9zdV9aNWtmdDg6WDJ2Z1hoM0xGdG85c0R4VVJid1A=
accept: */*

Response DefaultHttpResponse(decodeResult: success, version: HTTP/1.1)
HTTP/1.1 200 OK
Server: nginx
Date: Mon, 05 Jun 2023 06:55:17 GMT
Content-Type: application/json; charset=utf-8
Content-Length: 14
Connection: keep-alive
Source-From: 02
x-powered-by: Express
vary: X-HTTP-Method-Override
etag: W/"e-9/1BuKMgFObM1mWJm+YjxtXJnUM"

01:55:17.408 [AsyncHttpClient-1-5] DEBUG org.asynchttpclient.netty.channel.ChannelManager -- Adding key: https://hub-cloud.browserstack.com:443 for channel [id: 0x9c4ceff6, L:/192.168.1.60:63621 - R:hub-cloud.browserstack.com/207.254.8.9:443]
01:55:17.463 [Forwarding setTimeout on session da647b3d1e66fd1dd37a67a376ea43f20167d90e to remote] DEBUG org.asynchttpclient.netty.request.NettyRequestSender -- Using pooled Channel '[id: 0x9c4ceff6, L:/192.168.1.60:63621 - R:hub-cloud.browserstack.com/207.254.8.9:443]' for 'POST' to 'https://cesarstevenriosu_Z5kft8:X2vgXh3LFto9sDxURbwP@hub-cloud.browserstack.com/wd/hub/session/da647b3d1e66fd1dd37a67a376ea43f20167d90e/timeouts'
01:55:17.463 [Forwarding setTimeout on session da647b3d1e66fd1dd37a67a376ea43f20167d90e to remote] DEBUG org.asynchttpclient.netty.request.NettyRequestSender -- Using open Channel [id: 0x9c4ceff6, L:/192.168.1.60:63621 - R:hub-cloud.browserstack.com/207.254.8.9:443] for POST '/wd/hub/session/da647b3d1e66fd1dd37a67a376ea43f20167d90e/timeouts'
01:55:17.540 [AsyncHttpClient-1-5] DEBUG org.asynchttpclient.netty.handler.HttpHandler -- 

Request DefaultHttpRequest(decodeResult: success, version: HTTP/1.1)
POST /wd/hub/session/da647b3d1e66fd1dd37a67a376ea43f20167d90e/timeouts HTTP/1.1
User-Agent: appium/8.3.0 (selenium/4.8.0 (java mac))
Content-Length: 19
Content-Type: application/json; charset=utf-8
host: hub-cloud.browserstack.com
authorization: Basic Y2VzYXJzdGV2ZW5yaW9zdV9aNWtmdDg6WDJ2Z1hoM0xGdG85c0R4VVJid1A=
accept: */*

Response DefaultHttpResponse(decodeResult: success, version: HTTP/1.1)
HTTP/1.1 200 OK
Server: nginx
Date: Mon, 05 Jun 2023 06:55:17 GMT
Content-Type: application/json; charset=utf-8
Content-Length: 14
Connection: keep-alive
Source-From: 02
x-powered-by: Express
vary: X-HTTP-Method-Override
etag: W/"e-9/1BuKMgFObM1mWJm+YjxtXJnUM"

01:55:17.540 [AsyncHttpClient-1-5] DEBUG org.asynchttpclient.netty.channel.ChannelManager -- Adding key: https://hub-cloud.browserstack.com:443 for channel [id: 0x9c4ceff6, L:/192.168.1.60:63621 - R:hub-cloud.browserstack.com/207.254.8.9:443]
01:55:17.543 [Forwarding findElement on session da647b3d1e66fd1dd37a67a376ea43f20167d90e to remote] DEBUG org.asynchttpclient.netty.request.NettyRequestSender -- Using pooled Channel '[id: 0x9c4ceff6, L:/192.168.1.60:63621 - R:hub-cloud.browserstack.com/207.254.8.9:443]' for 'POST' to 'https://cesarstevenriosu_Z5kft8:X2vgXh3LFto9sDxURbwP@hub-cloud.browserstack.com/wd/hub/session/da647b3d1e66fd1dd37a67a376ea43f20167d90e/element'
01:55:17.543 [Forwarding findElement on session da647b3d1e66fd1dd37a67a376ea43f20167d90e to remote] DEBUG org.asynchttpclient.netty.request.NettyRequestSender -- Using open Channel [id: 0x9c4ceff6, L:/192.168.1.60:63621 - R:hub-cloud.browserstack.com/207.254.8.9:443] for POST '/wd/hub/session/da647b3d1e66fd1dd37a67a376ea43f20167d90e/element'
01:55:17.734 [AsyncHttpClient-1-5] DEBUG org.asynchttpclient.netty.handler.HttpHandler -- 

Request DefaultHttpRequest(decodeResult: success, version: HTTP/1.1)
POST /wd/hub/session/da647b3d1e66fd1dd37a67a376ea43f20167d90e/element HTTP/1.1
User-Agent: appium/8.3.0 (selenium/4.8.0 (java mac))
Content-Length: 131
Content-Type: application/json; charset=utf-8
host: hub-cloud.browserstack.com
authorization: Basic Y2VzYXJzdGV2ZW5yaW9zdV9aNWtmdDg6WDJ2Z1hoM0xGdG85c0R4VVJid1A=
accept: */*

Response DefaultHttpResponse(decodeResult: success, version: HTTP/1.1)
HTTP/1.1 404 Not Found
Server: nginx
Date: Mon, 05 Jun 2023 06:55:17 GMT
Content-Type: application/json; charset=utf-8
Transfer-Encoding: chunked
Connection: keep-alive
Source-From: 02

01:55:17.734 [AsyncHttpClient-1-5] DEBUG org.asynchttpclient.netty.channel.ChannelManager -- Adding key: https://hub-cloud.browserstack.com:443 for channel [id: 0x9c4ceff6, L:/192.168.1.60:63621 - R:hub-cloud.browserstack.com/207.254.8.9:443]
01:55:17.737 [Forwarding setTimeout on session da647b3d1e66fd1dd37a67a376ea43f20167d90e to remote] DEBUG org.asynchttpclient.netty.request.NettyRequestSender -- Using pooled Channel '[id: 0x9c4ceff6, L:/192.168.1.60:63621 - R:hub-cloud.browserstack.com/207.254.8.9:443]' for 'POST' to 'https://cesarstevenriosu_Z5kft8:X2vgXh3LFto9sDxURbwP@hub-cloud.browserstack.com/wd/hub/session/da647b3d1e66fd1dd37a67a376ea43f20167d90e/timeouts'
01:55:17.737 [Forwarding setTimeout on session da647b3d1e66fd1dd37a67a376ea43f20167d90e to remote] DEBUG org.asynchttpclient.netty.request.NettyRequestSender -- Using open Channel [id: 0x9c4ceff6, L:/192.168.1.60:63621 - R:hub-cloud.browserstack.com/207.254.8.9:443] for POST '/wd/hub/session/da647b3d1e66fd1dd37a67a376ea43f20167d90e/timeouts'
01:55:17.880 [AsyncHttpClient-1-5] DEBUG org.asynchttpclient.netty.handler.HttpHandler -- 

Request DefaultHttpRequest(decodeResult: success, version: HTTP/1.1)
POST /wd/hub/session/da647b3d1e66fd1dd37a67a376ea43f20167d90e/timeouts HTTP/1.1
User-Agent: appium/8.3.0 (selenium/4.8.0 (java mac))
Content-Length: 23
Content-Type: application/json; charset=utf-8
host: hub-cloud.browserstack.com
authorization: Basic Y2VzYXJzdGV2ZW5yaW9zdV9aNWtmdDg6WDJ2Z1hoM0xGdG85c0R4VVJid1A=
accept: */*

Response DefaultHttpResponse(decodeResult: success, version: HTTP/1.1)
HTTP/1.1 200 OK
Server: nginx
Date: Mon, 05 Jun 2023 06:55:18 GMT
Content-Type: application/json; charset=utf-8
Content-Length: 14
Connection: keep-alive
Source-From: 02
x-powered-by: Express
vary: X-HTTP-Method-Override
etag: W/"e-9/1BuKMgFObM1mWJm+YjxtXJnUM"

01:55:17.881 [AsyncHttpClient-1-5] DEBUG org.asynchttpclient.netty.channel.ChannelManager -- Adding key: https://hub-cloud.browserstack.com:443 for channel [id: 0x9c4ceff6, L:/192.168.1.60:63621 - R:hub-cloud.browserstack.com/207.254.8.9:443]
01:55:17.937 [Forwarding setTimeout on session da647b3d1e66fd1dd37a67a376ea43f20167d90e to remote] DEBUG org.asynchttpclient.netty.request.NettyRequestSender -- Using pooled Channel '[id: 0x9c4ceff6, L:/192.168.1.60:63621 - R:hub-cloud.browserstack.com/207.254.8.9:443]' for 'POST' to 'https://cesarstevenriosu_Z5kft8:X2vgXh3LFto9sDxURbwP@hub-cloud.browserstack.com/wd/hub/session/da647b3d1e66fd1dd37a67a376ea43f20167d90e/timeouts'
01:55:17.937 [Forwarding setTimeout on session da647b3d1e66fd1dd37a67a376ea43f20167d90e to remote] DEBUG org.asynchttpclient.netty.request.NettyRequestSender -- Using open Channel [id: 0x9c4ceff6, L:/192.168.1.60:63621 - R:hub-cloud.browserstack.com/207.254.8.9:443] for POST '/wd/hub/session/da647b3d1e66fd1dd37a67a376ea43f20167d90e/timeouts'
01:55:18.046 [AsyncHttpClient-1-5] DEBUG org.asynchttpclient.netty.handler.HttpHandler -- 

Request DefaultHttpRequest(decodeResult: success, version: HTTP/1.1)
POST /wd/hub/session/da647b3d1e66fd1dd37a67a376ea43f20167d90e/timeouts HTTP/1.1
User-Agent: appium/8.3.0 (selenium/4.8.0 (java mac))
Content-Length: 19
Content-Type: application/json; charset=utf-8
host: hub-cloud.browserstack.com
authorization: Basic Y2VzYXJzdGV2ZW5yaW9zdV9aNWtmdDg6WDJ2Z1hoM0xGdG85c0R4VVJid1A=
accept: */*

Response DefaultHttpResponse(decodeResult: success, version: HTTP/1.1)
HTTP/1.1 200 OK
Server: nginx
Date: Mon, 05 Jun 2023 06:55:18 GMT
Content-Type: application/json; charset=utf-8
Content-Length: 14
Connection: keep-alive
Source-From: 02
x-powered-by: Express
vary: X-HTTP-Method-Override
etag: W/"e-9/1BuKMgFObM1mWJm+YjxtXJnUM"

01:55:18.046 [AsyncHttpClient-1-5] DEBUG org.asynchttpclient.netty.channel.ChannelManager -- Adding key: https://hub-cloud.browserstack.com:443 for channel [id: 0x9c4ceff6, L:/192.168.1.60:63621 - R:hub-cloud.browserstack.com/207.254.8.9:443]
01:55:18.048 [Forwarding findElement on session da647b3d1e66fd1dd37a67a376ea43f20167d90e to remote] DEBUG org.asynchttpclient.netty.request.NettyRequestSender -- Using pooled Channel '[id: 0x9c4ceff6, L:/192.168.1.60:63621 - R:hub-cloud.browserstack.com/207.254.8.9:443]' for 'POST' to 'https://cesarstevenriosu_Z5kft8:X2vgXh3LFto9sDxURbwP@hub-cloud.browserstack.com/wd/hub/session/da647b3d1e66fd1dd37a67a376ea43f20167d90e/element'
01:55:18.048 [Forwarding findElement on session da647b3d1e66fd1dd37a67a376ea43f20167d90e to remote] DEBUG org.asynchttpclient.netty.request.NettyRequestSender -- Using open Channel [id: 0x9c4ceff6, L:/192.168.1.60:63621 - R:hub-cloud.browserstack.com/207.254.8.9:443] for POST '/wd/hub/session/da647b3d1e66fd1dd37a67a376ea43f20167d90e/element'
01:55:18.260 [AsyncHttpClient-1-5] DEBUG org.asynchttpclient.netty.handler.HttpHandler -- 

Request DefaultHttpRequest(decodeResult: success, version: HTTP/1.1)
POST /wd/hub/session/da647b3d1e66fd1dd37a67a376ea43f20167d90e/element HTTP/1.1
User-Agent: appium/8.3.0 (selenium/4.8.0 (java mac))
Content-Length: 131
Content-Type: application/json; charset=utf-8
host: hub-cloud.browserstack.com
authorization: Basic Y2VzYXJzdGV2ZW5yaW9zdV9aNWtmdDg6WDJ2Z1hoM0xGdG85c0R4VVJid1A=
accept: */*

Response DefaultHttpResponse(decodeResult: success, version: HTTP/1.1)
HTTP/1.1 404 Not Found
Server: nginx
Date: Mon, 05 Jun 2023 06:55:18 GMT
Content-Type: application/json; charset=utf-8
Transfer-Encoding: chunked
Connection: keep-alive
Source-From: 02

01:55:18.260 [AsyncHttpClient-1-5] DEBUG org.asynchttpclient.netty.channel.ChannelManager -- Adding key: https://hub-cloud.browserstack.com:443 for channel [id: 0x9c4ceff6, L:/192.168.1.60:63621 - R:hub-cloud.browserstack.com/207.254.8.9:443]
01:55:18.264 [Forwarding setTimeout on session da647b3d1e66fd1dd37a67a376ea43f20167d90e to remote] DEBUG org.asynchttpclient.netty.request.NettyRequestSender -- Using pooled Channel '[id: 0x9c4ceff6, L:/192.168.1.60:63621 - R:hub-cloud.browserstack.com/207.254.8.9:443]' for 'POST' to 'https://cesarstevenriosu_Z5kft8:X2vgXh3LFto9sDxURbwP@hub-cloud.browserstack.com/wd/hub/session/da647b3d1e66fd1dd37a67a376ea43f20167d90e/timeouts'
01:55:18.264 [Forwarding setTimeout on session da647b3d1e66fd1dd37a67a376ea43f20167d90e to remote] DEBUG org.asynchttpclient.netty.request.NettyRequestSender -- Using open Channel [id: 0x9c4ceff6, L:/192.168.1.60:63621 - R:hub-cloud.browserstack.com/207.254.8.9:443] for POST '/wd/hub/session/da647b3d1e66fd1dd37a67a376ea43f20167d90e/timeouts'
01:55:18.436 [AsyncHttpClient-1-5] DEBUG org.asynchttpclient.netty.handler.HttpHandler -- 

Request DefaultHttpRequest(decodeResult: success, version: HTTP/1.1)
POST /wd/hub/session/da647b3d1e66fd1dd37a67a376ea43f20167d90e/timeouts HTTP/1.1
User-Agent: appium/8.3.0 (selenium/4.8.0 (java mac))
Content-Length: 23
Content-Type: application/json; charset=utf-8
host: hub-cloud.browserstack.com
authorization: Basic Y2VzYXJzdGV2ZW5yaW9zdV9aNWtmdDg6WDJ2Z1hoM0xGdG85c0R4VVJid1A=
accept: */*

Response DefaultHttpResponse(decodeResult: success, version: HTTP/1.1)
HTTP/1.1 200 OK
Server: nginx
Date: Mon, 05 Jun 2023 06:55:18 GMT
Content-Type: application/json; charset=utf-8
Content-Length: 14
Connection: keep-alive
Source-From: 02
x-powered-by: Express
vary: X-HTTP-Method-Override
etag: W/"e-9/1BuKMgFObM1mWJm+YjxtXJnUM"

01:55:18.436 [AsyncHttpClient-1-5] DEBUG org.asynchttpclient.netty.channel.ChannelManager -- Adding key: https://hub-cloud.browserstack.com:443 for channel [id: 0x9c4ceff6, L:/192.168.1.60:63621 - R:hub-cloud.browserstack.com/207.254.8.9:443]
01:55:18.496 [Forwarding setTimeout on session da647b3d1e66fd1dd37a67a376ea43f20167d90e to remote] DEBUG org.asynchttpclient.netty.request.NettyRequestSender -- Using pooled Channel '[id: 0x9c4ceff6, L:/192.168.1.60:63621 - R:hub-cloud.browserstack.com/207.254.8.9:443]' for 'POST' to 'https://cesarstevenriosu_Z5kft8:X2vgXh3LFto9sDxURbwP@hub-cloud.browserstack.com/wd/hub/session/da647b3d1e66fd1dd37a67a376ea43f20167d90e/timeouts'
01:55:18.496 [Forwarding setTimeout on session da647b3d1e66fd1dd37a67a376ea43f20167d90e to remote] DEBUG org.asynchttpclient.netty.request.NettyRequestSender -- Using open Channel [id: 0x9c4ceff6, L:/192.168.1.60:63621 - R:hub-cloud.browserstack.com/207.254.8.9:443] for POST '/wd/hub/session/da647b3d1e66fd1dd37a67a376ea43f20167d90e/timeouts'
01:55:18.629 [AsyncHttpClient-1-5] DEBUG org.asynchttpclient.netty.handler.HttpHandler -- 

Request DefaultHttpRequest(decodeResult: success, version: HTTP/1.1)
POST /wd/hub/session/da647b3d1e66fd1dd37a67a376ea43f20167d90e/timeouts HTTP/1.1
User-Agent: appium/8.3.0 (selenium/4.8.0 (java mac))
Content-Length: 19
Content-Type: application/json; charset=utf-8
host: hub-cloud.browserstack.com
authorization: Basic Y2VzYXJzdGV2ZW5yaW9zdV9aNWtmdDg6WDJ2Z1hoM0xGdG85c0R4VVJid1A=
accept: */*

Response DefaultHttpResponse(decodeResult: success, version: HTTP/1.1)
HTTP/1.1 200 OK
Server: nginx
Date: Mon, 05 Jun 2023 06:55:18 GMT
Content-Type: application/json; charset=utf-8
Content-Length: 14
Connection: keep-alive
Source-From: 02
x-powered-by: Express
vary: X-HTTP-Method-Override
etag: W/"e-9/1BuKMgFObM1mWJm+YjxtXJnUM"

01:55:18.629 [AsyncHttpClient-1-5] DEBUG org.asynchttpclient.netty.channel.ChannelManager -- Adding key: https://hub-cloud.browserstack.com:443 for channel [id: 0x9c4ceff6, L:/192.168.1.60:63621 - R:hub-cloud.browserstack.com/207.254.8.9:443]
01:55:18.631 [Forwarding findElement on session da647b3d1e66fd1dd37a67a376ea43f20167d90e to remote] DEBUG org.asynchttpclient.netty.request.NettyRequestSender -- Using pooled Channel '[id: 0x9c4ceff6, L:/192.168.1.60:63621 - R:hub-cloud.browserstack.com/207.254.8.9:443]' for 'POST' to 'https://cesarstevenriosu_Z5kft8:X2vgXh3LFto9sDxURbwP@hub-cloud.browserstack.com/wd/hub/session/da647b3d1e66fd1dd37a67a376ea43f20167d90e/element'
01:55:18.631 [Forwarding findElement on session da647b3d1e66fd1dd37a67a376ea43f20167d90e to remote] DEBUG org.asynchttpclient.netty.request.NettyRequestSender -- Using open Channel [id: 0x9c4ceff6, L:/192.168.1.60:63621 - R:hub-cloud.browserstack.com/207.254.8.9:443] for POST '/wd/hub/session/da647b3d1e66fd1dd37a67a376ea43f20167d90e/element'
01:55:18.847 [AsyncHttpClient-1-5] DEBUG org.asynchttpclient.netty.handler.HttpHandler -- 

Request DefaultHttpRequest(decodeResult: success, version: HTTP/1.1)
POST /wd/hub/session/da647b3d1e66fd1dd37a67a376ea43f20167d90e/element HTTP/1.1
User-Agent: appium/8.3.0 (selenium/4.8.0 (java mac))
Content-Length: 131
Content-Type: application/json; charset=utf-8
host: hub-cloud.browserstack.com
authorization: Basic Y2VzYXJzdGV2ZW5yaW9zdV9aNWtmdDg6WDJ2Z1hoM0xGdG85c0R4VVJid1A=
accept: */*

Response DefaultHttpResponse(decodeResult: success, version: HTTP/1.1)
HTTP/1.1 404 Not Found
Server: nginx
Date: Mon, 05 Jun 2023 06:55:18 GMT
Content-Type: application/json; charset=utf-8
Transfer-Encoding: chunked
Connection: keep-alive
Source-From: 02

01:55:18.848 [AsyncHttpClient-1-5] DEBUG org.asynchttpclient.netty.channel.ChannelManager -- Adding key: https://hub-cloud.browserstack.com:443 for channel [id: 0x9c4ceff6, L:/192.168.1.60:63621 - R:hub-cloud.browserstack.com/207.254.8.9:443]
01:55:18.850 [Forwarding setTimeout on session da647b3d1e66fd1dd37a67a376ea43f20167d90e to remote] DEBUG org.asynchttpclient.netty.request.NettyRequestSender -- Using pooled Channel '[id: 0x9c4ceff6, L:/192.168.1.60:63621 - R:hub-cloud.browserstack.com/207.254.8.9:443]' for 'POST' to 'https://cesarstevenriosu_Z5kft8:X2vgXh3LFto9sDxURbwP@hub-cloud.browserstack.com/wd/hub/session/da647b3d1e66fd1dd37a67a376ea43f20167d90e/timeouts'
01:55:18.850 [Forwarding setTimeout on session da647b3d1e66fd1dd37a67a376ea43f20167d90e to remote] DEBUG org.asynchttpclient.netty.request.NettyRequestSender -- Using open Channel [id: 0x9c4ceff6, L:/192.168.1.60:63621 - R:hub-cloud.browserstack.com/207.254.8.9:443] for POST '/wd/hub/session/da647b3d1e66fd1dd37a67a376ea43f20167d90e/timeouts'
01:55:18.977 [AsyncHttpClient-1-5] DEBUG org.asynchttpclient.netty.handler.HttpHandler -- 

Request DefaultHttpRequest(decodeResult: success, version: HTTP/1.1)
POST /wd/hub/session/da647b3d1e66fd1dd37a67a376ea43f20167d90e/timeouts HTTP/1.1
User-Agent: appium/8.3.0 (selenium/4.8.0 (java mac))
Content-Length: 23
Content-Type: application/json; charset=utf-8
host: hub-cloud.browserstack.com
authorization: Basic Y2VzYXJzdGV2ZW5yaW9zdV9aNWtmdDg6WDJ2Z1hoM0xGdG85c0R4VVJid1A=
accept: */*

Response DefaultHttpResponse(decodeResult: success, version: HTTP/1.1)
HTTP/1.1 200 OK
Server: nginx
Date: Mon, 05 Jun 2023 06:55:19 GMT
Content-Type: application/json; charset=utf-8
Content-Length: 14
Connection: keep-alive
Source-From: 02
x-powered-by: Express
vary: X-HTTP-Method-Override
etag: W/"e-9/1BuKMgFObM1mWJm+YjxtXJnUM"

01:55:18.977 [AsyncHttpClient-1-5] DEBUG org.asynchttpclient.netty.channel.ChannelManager -- Adding key: https://hub-cloud.browserstack.com:443 for channel [id: 0x9c4ceff6, L:/192.168.1.60:63621 - R:hub-cloud.browserstack.com/207.254.8.9:443]
01:55:19.035 [Forwarding setTimeout on session da647b3d1e66fd1dd37a67a376ea43f20167d90e to remote] DEBUG org.asynchttpclient.netty.request.NettyRequestSender -- Using pooled Channel '[id: 0x9c4ceff6, L:/192.168.1.60:63621 - R:hub-cloud.browserstack.com/207.254.8.9:443]' for 'POST' to 'https://cesarstevenriosu_Z5kft8:X2vgXh3LFto9sDxURbwP@hub-cloud.browserstack.com/wd/hub/session/da647b3d1e66fd1dd37a67a376ea43f20167d90e/timeouts'
01:55:19.035 [Forwarding setTimeout on session da647b3d1e66fd1dd37a67a376ea43f20167d90e to remote] DEBUG org.asynchttpclient.netty.request.NettyRequestSender -- Using open Channel [id: 0x9c4ceff6, L:/192.168.1.60:63621 - R:hub-cloud.browserstack.com/207.254.8.9:443] for POST '/wd/hub/session/da647b3d1e66fd1dd37a67a376ea43f20167d90e/timeouts'
01:55:19.212 [AsyncHttpClient-1-5] DEBUG org.asynchttpclient.netty.handler.HttpHandler -- 

Request DefaultHttpRequest(decodeResult: success, version: HTTP/1.1)
POST /wd/hub/session/da647b3d1e66fd1dd37a67a376ea43f20167d90e/timeouts HTTP/1.1
User-Agent: appium/8.3.0 (selenium/4.8.0 (java mac))
Content-Length: 19
Content-Type: application/json; charset=utf-8
host: hub-cloud.browserstack.com
authorization: Basic Y2VzYXJzdGV2ZW5yaW9zdV9aNWtmdDg6WDJ2Z1hoM0xGdG85c0R4VVJid1A=
accept: */*

Response DefaultHttpResponse(decodeResult: success, version: HTTP/1.1)
HTTP/1.1 200 OK
Server: nginx
Date: Mon, 05 Jun 2023 06:55:19 GMT
Content-Type: application/json; charset=utf-8
Content-Length: 14
Connection: keep-alive
Source-From: 02
x-powered-by: Express
vary: X-HTTP-Method-Override
etag: W/"e-9/1BuKMgFObM1mWJm+YjxtXJnUM"

01:55:19.213 [AsyncHttpClient-1-5] DEBUG org.asynchttpclient.netty.channel.ChannelManager -- Adding key: https://hub-cloud.browserstack.com:443 for channel [id: 0x9c4ceff6, L:/192.168.1.60:63621 - R:hub-cloud.browserstack.com/207.254.8.9:443]
01:55:19.215 [Forwarding findElement on session da647b3d1e66fd1dd37a67a376ea43f20167d90e to remote] DEBUG org.asynchttpclient.netty.request.NettyRequestSender -- Using pooled Channel '[id: 0x9c4ceff6, L:/192.168.1.60:63621 - R:hub-cloud.browserstack.com/207.254.8.9:443]' for 'POST' to 'https://cesarstevenriosu_Z5kft8:X2vgXh3LFto9sDxURbwP@hub-cloud.browserstack.com/wd/hub/session/da647b3d1e66fd1dd37a67a376ea43f20167d90e/element'
01:55:19.215 [Forwarding findElement on session da647b3d1e66fd1dd37a67a376ea43f20167d90e to remote] DEBUG org.asynchttpclient.netty.request.NettyRequestSender -- Using open Channel [id: 0x9c4ceff6, L:/192.168.1.60:63621 - R:hub-cloud.browserstack.com/207.254.8.9:443] for POST '/wd/hub/session/da647b3d1e66fd1dd37a67a376ea43f20167d90e/element'
01:55:19.446 [AsyncHttpClient-1-5] DEBUG org.asynchttpclient.netty.handler.HttpHandler -- 

Request DefaultHttpRequest(decodeResult: success, version: HTTP/1.1)
POST /wd/hub/session/da647b3d1e66fd1dd37a67a376ea43f20167d90e/element HTTP/1.1
User-Agent: appium/8.3.0 (selenium/4.8.0 (java mac))
Content-Length: 131
Content-Type: application/json; charset=utf-8
host: hub-cloud.browserstack.com
authorization: Basic Y2VzYXJzdGV2ZW5yaW9zdV9aNWtmdDg6WDJ2Z1hoM0xGdG85c0R4VVJid1A=
accept: */*

Response DefaultHttpResponse(decodeResult: success, version: HTTP/1.1)
HTTP/1.1 404 Not Found
Server: nginx
Date: Mon, 05 Jun 2023 06:55:19 GMT
Content-Type: application/json; charset=utf-8
Transfer-Encoding: chunked
Connection: keep-alive
Source-From: 02

01:55:19.446 [AsyncHttpClient-1-5] DEBUG org.asynchttpclient.netty.channel.ChannelManager -- Adding key: https://hub-cloud.browserstack.com:443 for channel [id: 0x9c4ceff6, L:/192.168.1.60:63621 - R:hub-cloud.browserstack.com/207.254.8.9:443]
01:55:19.449 [Forwarding setTimeout on session da647b3d1e66fd1dd37a67a376ea43f20167d90e to remote] DEBUG org.asynchttpclient.netty.request.NettyRequestSender -- Using pooled Channel '[id: 0x9c4ceff6, L:/192.168.1.60:63621 - R:hub-cloud.browserstack.com/207.254.8.9:443]' for 'POST' to 'https://cesarstevenriosu_Z5kft8:X2vgXh3LFto9sDxURbwP@hub-cloud.browserstack.com/wd/hub/session/da647b3d1e66fd1dd37a67a376ea43f20167d90e/timeouts'
01:55:19.449 [Forwarding setTimeout on session da647b3d1e66fd1dd37a67a376ea43f20167d90e to remote] DEBUG org.asynchttpclient.netty.request.NettyRequestSender -- Using open Channel [id: 0x9c4ceff6, L:/192.168.1.60:63621 - R:hub-cloud.browserstack.com/207.254.8.9:443] for POST '/wd/hub/session/da647b3d1e66fd1dd37a67a376ea43f20167d90e/timeouts'
01:55:19.533 [AsyncHttpClient-1-5] DEBUG org.asynchttpclient.netty.handler.HttpHandler -- 

Request DefaultHttpRequest(decodeResult: success, version: HTTP/1.1)
POST /wd/hub/session/da647b3d1e66fd1dd37a67a376ea43f20167d90e/timeouts HTTP/1.1
User-Agent: appium/8.3.0 (selenium/4.8.0 (java mac))
Content-Length: 23
Content-Type: application/json; charset=utf-8
host: hub-cloud.browserstack.com
authorization: Basic Y2VzYXJzdGV2ZW5yaW9zdV9aNWtmdDg6WDJ2Z1hoM0xGdG85c0R4VVJid1A=
accept: */*

Response DefaultHttpResponse(decodeResult: success, version: HTTP/1.1)
HTTP/1.1 200 OK
Server: nginx
Date: Mon, 05 Jun 2023 06:55:19 GMT
Content-Type: application/json; charset=utf-8
Content-Length: 14
Connection: keep-alive
Source-From: 02
x-powered-by: Express
vary: X-HTTP-Method-Override
etag: W/"e-9/1BuKMgFObM1mWJm+YjxtXJnUM"

01:55:19.533 [AsyncHttpClient-1-5] DEBUG org.asynchttpclient.netty.channel.ChannelManager -- Adding key: https://hub-cloud.browserstack.com:443 for channel [id: 0x9c4ceff6, L:/192.168.1.60:63621 - R:hub-cloud.browserstack.com/207.254.8.9:443]
01:55:19.589 [Forwarding setTimeout on session da647b3d1e66fd1dd37a67a376ea43f20167d90e to remote] DEBUG org.asynchttpclient.netty.request.NettyRequestSender -- Using pooled Channel '[id: 0x9c4ceff6, L:/192.168.1.60:63621 - R:hub-cloud.browserstack.com/207.254.8.9:443]' for 'POST' to 'https://cesarstevenriosu_Z5kft8:X2vgXh3LFto9sDxURbwP@hub-cloud.browserstack.com/wd/hub/session/da647b3d1e66fd1dd37a67a376ea43f20167d90e/timeouts'
01:55:19.589 [Forwarding setTimeout on session da647b3d1e66fd1dd37a67a376ea43f20167d90e to remote] DEBUG org.asynchttpclient.netty.request.NettyRequestSender -- Using open Channel [id: 0x9c4ceff6, L:/192.168.1.60:63621 - R:hub-cloud.browserstack.com/207.254.8.9:443] for POST '/wd/hub/session/da647b3d1e66fd1dd37a67a376ea43f20167d90e/timeouts'
01:55:19.681 [AsyncHttpClient-1-5] DEBUG org.asynchttpclient.netty.handler.HttpHandler -- 

Request DefaultHttpRequest(decodeResult: success, version: HTTP/1.1)
POST /wd/hub/session/da647b3d1e66fd1dd37a67a376ea43f20167d90e/timeouts HTTP/1.1
User-Agent: appium/8.3.0 (selenium/4.8.0 (java mac))
Content-Length: 19
Content-Type: application/json; charset=utf-8
host: hub-cloud.browserstack.com
authorization: Basic Y2VzYXJzdGV2ZW5yaW9zdV9aNWtmdDg6WDJ2Z1hoM0xGdG85c0R4VVJid1A=
accept: */*

Response DefaultHttpResponse(decodeResult: success, version: HTTP/1.1)
HTTP/1.1 200 OK
Server: nginx
Date: Mon, 05 Jun 2023 06:55:19 GMT
Content-Type: application/json; charset=utf-8
Content-Length: 14
Connection: keep-alive
Source-From: 02
x-powered-by: Express
vary: X-HTTP-Method-Override
etag: W/"e-9/1BuKMgFObM1mWJm+YjxtXJnUM"

01:55:19.681 [AsyncHttpClient-1-5] DEBUG org.asynchttpclient.netty.channel.ChannelManager -- Adding key: https://hub-cloud.browserstack.com:443 for channel [id: 0x9c4ceff6, L:/192.168.1.60:63621 - R:hub-cloud.browserstack.com/207.254.8.9:443]
01:55:19.683 [Forwarding findElement on session da647b3d1e66fd1dd37a67a376ea43f20167d90e to remote] DEBUG org.asynchttpclient.netty.request.NettyRequestSender -- Using pooled Channel '[id: 0x9c4ceff6, L:/192.168.1.60:63621 - R:hub-cloud.browserstack.com/207.254.8.9:443]' for 'POST' to 'https://cesarstevenriosu_Z5kft8:X2vgXh3LFto9sDxURbwP@hub-cloud.browserstack.com/wd/hub/session/da647b3d1e66fd1dd37a67a376ea43f20167d90e/element'
01:55:19.683 [Forwarding findElement on session da647b3d1e66fd1dd37a67a376ea43f20167d90e to remote] DEBUG org.asynchttpclient.netty.request.NettyRequestSender -- Using open Channel [id: 0x9c4ceff6, L:/192.168.1.60:63621 - R:hub-cloud.browserstack.com/207.254.8.9:443] for POST '/wd/hub/session/da647b3d1e66fd1dd37a67a376ea43f20167d90e/element'
01:55:19.982 [AsyncHttpClient-1-5] DEBUG org.asynchttpclient.netty.handler.HttpHandler -- 

Request DefaultHttpRequest(decodeResult: success, version: HTTP/1.1)
POST /wd/hub/session/da647b3d1e66fd1dd37a67a376ea43f20167d90e/element HTTP/1.1
User-Agent: appium/8.3.0 (selenium/4.8.0 (java mac))
Content-Length: 131
Content-Type: application/json; charset=utf-8
host: hub-cloud.browserstack.com
authorization: Basic Y2VzYXJzdGV2ZW5yaW9zdV9aNWtmdDg6WDJ2Z1hoM0xGdG85c0R4VVJid1A=
accept: */*

Response DefaultHttpResponse(decodeResult: success, version: HTTP/1.1)
HTTP/1.1 404 Not Found
Server: nginx
Date: Mon, 05 Jun 2023 06:55:20 GMT
Content-Type: application/json; charset=utf-8
Transfer-Encoding: chunked
Connection: keep-alive
Source-From: 02

01:55:19.983 [AsyncHttpClient-1-5] DEBUG org.asynchttpclient.netty.channel.ChannelManager -- Adding key: https://hub-cloud.browserstack.com:443 for channel [id: 0x9c4ceff6, L:/192.168.1.60:63621 - R:hub-cloud.browserstack.com/207.254.8.9:443]
01:55:19.986 [Forwarding setTimeout on session da647b3d1e66fd1dd37a67a376ea43f20167d90e to remote] DEBUG org.asynchttpclient.netty.request.NettyRequestSender -- Using pooled Channel '[id: 0x9c4ceff6, L:/192.168.1.60:63621 - R:hub-cloud.browserstack.com/207.254.8.9:443]' for 'POST' to 'https://cesarstevenriosu_Z5kft8:X2vgXh3LFto9sDxURbwP@hub-cloud.browserstack.com/wd/hub/session/da647b3d1e66fd1dd37a67a376ea43f20167d90e/timeouts'
01:55:19.986 [Forwarding setTimeout on session da647b3d1e66fd1dd37a67a376ea43f20167d90e to remote] DEBUG org.asynchttpclient.netty.request.NettyRequestSender -- Using open Channel [id: 0x9c4ceff6, L:/192.168.1.60:63621 - R:hub-cloud.browserstack.com/207.254.8.9:443] for POST '/wd/hub/session/da647b3d1e66fd1dd37a67a376ea43f20167d90e/timeouts'
01:55:20.080 [AsyncHttpClient-1-5] DEBUG org.asynchttpclient.netty.handler.HttpHandler -- 

Request DefaultHttpRequest(decodeResult: success, version: HTTP/1.1)
POST /wd/hub/session/da647b3d1e66fd1dd37a67a376ea43f20167d90e/timeouts HTTP/1.1
User-Agent: appium/8.3.0 (selenium/4.8.0 (java mac))
Content-Length: 23
Content-Type: application/json; charset=utf-8
host: hub-cloud.browserstack.com
authorization: Basic Y2VzYXJzdGV2ZW5yaW9zdV9aNWtmdDg6WDJ2Z1hoM0xGdG85c0R4VVJid1A=
accept: */*

Response DefaultHttpResponse(decodeResult: success, version: HTTP/1.1)
HTTP/1.1 200 OK
Server: nginx
Date: Mon, 05 Jun 2023 06:55:20 GMT
Content-Type: application/json; charset=utf-8
Content-Length: 14
Connection: keep-alive
Source-From: 02
x-powered-by: Express
vary: X-HTTP-Method-Override
etag: W/"e-9/1BuKMgFObM1mWJm+YjxtXJnUM"

01:55:20.080 [AsyncHttpClient-1-5] DEBUG org.asynchttpclient.netty.channel.ChannelManager -- Adding key: https://hub-cloud.browserstack.com:443 for channel [id: 0x9c4ceff6, L:/192.168.1.60:63621 - R:hub-cloud.browserstack.com/207.254.8.9:443]
01:55:20.137 [Forwarding setTimeout on session da647b3d1e66fd1dd37a67a376ea43f20167d90e to remote] DEBUG org.asynchttpclient.netty.request.NettyRequestSender -- Using pooled Channel '[id: 0x9c4ceff6, L:/192.168.1.60:63621 - R:hub-cloud.browserstack.com/207.254.8.9:443]' for 'POST' to 'https://cesarstevenriosu_Z5kft8:X2vgXh3LFto9sDxURbwP@hub-cloud.browserstack.com/wd/hub/session/da647b3d1e66fd1dd37a67a376ea43f20167d90e/timeouts'
01:55:20.137 [Forwarding setTimeout on session da647b3d1e66fd1dd37a67a376ea43f20167d90e to remote] DEBUG org.asynchttpclient.netty.request.NettyRequestSender -- Using open Channel [id: 0x9c4ceff6, L:/192.168.1.60:63621 - R:hub-cloud.browserstack.com/207.254.8.9:443] for POST '/wd/hub/session/da647b3d1e66fd1dd37a67a376ea43f20167d90e/timeouts'
01:55:20.264 [AsyncHttpClient-1-5] DEBUG org.asynchttpclient.netty.handler.HttpHandler -- 

Request DefaultHttpRequest(decodeResult: success, version: HTTP/1.1)
POST /wd/hub/session/da647b3d1e66fd1dd37a67a376ea43f20167d90e/timeouts HTTP/1.1
User-Agent: appium/8.3.0 (selenium/4.8.0 (java mac))
Content-Length: 19
Content-Type: application/json; charset=utf-8
host: hub-cloud.browserstack.com
authorization: Basic Y2VzYXJzdGV2ZW5yaW9zdV9aNWtmdDg6WDJ2Z1hoM0xGdG85c0R4VVJid1A=
accept: */*

Response DefaultHttpResponse(decodeResult: success, version: HTTP/1.1)
HTTP/1.1 200 OK
Server: nginx
Date: Mon, 05 Jun 2023 06:55:20 GMT
Content-Type: application/json; charset=utf-8
Content-Length: 14
Connection: keep-alive
Source-From: 02
x-powered-by: Express
vary: X-HTTP-Method-Override
etag: W/"e-9/1BuKMgFObM1mWJm+YjxtXJnUM"

01:55:20.264 [AsyncHttpClient-1-5] DEBUG org.asynchttpclient.netty.channel.ChannelManager -- Adding key: https://hub-cloud.browserstack.com:443 for channel [id: 0x9c4ceff6, L:/192.168.1.60:63621 - R:hub-cloud.browserstack.com/207.254.8.9:443]
01:55:20.266 [Forwarding findElement on session da647b3d1e66fd1dd37a67a376ea43f20167d90e to remote] DEBUG org.asynchttpclient.netty.request.NettyRequestSender -- Using pooled Channel '[id: 0x9c4ceff6, L:/192.168.1.60:63621 - R:hub-cloud.browserstack.com/207.254.8.9:443]' for 'POST' to 'https://cesarstevenriosu_Z5kft8:X2vgXh3LFto9sDxURbwP@hub-cloud.browserstack.com/wd/hub/session/da647b3d1e66fd1dd37a67a376ea43f20167d90e/element'
01:55:20.266 [Forwarding findElement on session da647b3d1e66fd1dd37a67a376ea43f20167d90e to remote] DEBUG org.asynchttpclient.netty.request.NettyRequestSender -- Using open Channel [id: 0x9c4ceff6, L:/192.168.1.60:63621 - R:hub-cloud.browserstack.com/207.254.8.9:443] for POST '/wd/hub/session/da647b3d1e66fd1dd37a67a376ea43f20167d90e/element'
01:55:20.925 [AsyncHttpClient-1-5] DEBUG org.asynchttpclient.netty.handler.HttpHandler -- 

Request DefaultHttpRequest(decodeResult: success, version: HTTP/1.1)
POST /wd/hub/session/da647b3d1e66fd1dd37a67a376ea43f20167d90e/element HTTP/1.1
User-Agent: appium/8.3.0 (selenium/4.8.0 (java mac))
Content-Length: 131
Content-Type: application/json; charset=utf-8
host: hub-cloud.browserstack.com
authorization: Basic Y2VzYXJzdGV2ZW5yaW9zdV9aNWtmdDg6WDJ2Z1hoM0xGdG85c0R4VVJid1A=
accept: */*

Response DefaultHttpResponse(decodeResult: success, version: HTTP/1.1)
HTTP/1.1 404 Not Found
Server: nginx
Date: Mon, 05 Jun 2023 06:55:21 GMT
Content-Type: application/json; charset=utf-8
Transfer-Encoding: chunked
Connection: keep-alive
Source-From: 02

01:55:20.926 [AsyncHttpClient-1-5] DEBUG org.asynchttpclient.netty.channel.ChannelManager -- Adding key: https://hub-cloud.browserstack.com:443 for channel [id: 0x9c4ceff6, L:/192.168.1.60:63621 - R:hub-cloud.browserstack.com/207.254.8.9:443]
01:55:20.928 [Forwarding setTimeout on session da647b3d1e66fd1dd37a67a376ea43f20167d90e to remote] DEBUG org.asynchttpclient.netty.request.NettyRequestSender -- Using pooled Channel '[id: 0x9c4ceff6, L:/192.168.1.60:63621 - R:hub-cloud.browserstack.com/207.254.8.9:443]' for 'POST' to 'https://cesarstevenriosu_Z5kft8:X2vgXh3LFto9sDxURbwP@hub-cloud.browserstack.com/wd/hub/session/da647b3d1e66fd1dd37a67a376ea43f20167d90e/timeouts'
01:55:20.928 [Forwarding setTimeout on session da647b3d1e66fd1dd37a67a376ea43f20167d90e to remote] DEBUG org.asynchttpclient.netty.request.NettyRequestSender -- Using open Channel [id: 0x9c4ceff6, L:/192.168.1.60:63621 - R:hub-cloud.browserstack.com/207.254.8.9:443] for POST '/wd/hub/session/da647b3d1e66fd1dd37a67a376ea43f20167d90e/timeouts'
01:55:21.026 [AsyncHttpClient-1-5] DEBUG org.asynchttpclient.netty.handler.HttpHandler -- 

Request DefaultHttpRequest(decodeResult: success, version: HTTP/1.1)
POST /wd/hub/session/da647b3d1e66fd1dd37a67a376ea43f20167d90e/timeouts HTTP/1.1
User-Agent: appium/8.3.0 (selenium/4.8.0 (java mac))
Content-Length: 23
Content-Type: application/json; charset=utf-8
host: hub-cloud.browserstack.com
authorization: Basic Y2VzYXJzdGV2ZW5yaW9zdV9aNWtmdDg6WDJ2Z1hoM0xGdG85c0R4VVJid1A=
accept: */*

Response DefaultHttpResponse(decodeResult: success, version: HTTP/1.1)
HTTP/1.1 200 OK
Server: nginx
Date: Mon, 05 Jun 2023 06:55:21 GMT
Content-Type: application/json; charset=utf-8
Content-Length: 14
Connection: keep-alive
Source-From: 02
x-powered-by: Express
vary: X-HTTP-Method-Override
etag: W/"e-9/1BuKMgFObM1mWJm+YjxtXJnUM"

01:55:21.027 [AsyncHttpClient-1-5] DEBUG org.asynchttpclient.netty.channel.ChannelManager -- Adding key: https://hub-cloud.browserstack.com:443 for channel [id: 0x9c4ceff6, L:/192.168.1.60:63621 - R:hub-cloud.browserstack.com/207.254.8.9:443]
01:55:21.085 [Forwarding setTimeout on session da647b3d1e66fd1dd37a67a376ea43f20167d90e to remote] DEBUG org.asynchttpclient.netty.request.NettyRequestSender -- Using pooled Channel '[id: 0x9c4ceff6, L:/192.168.1.60:63621 - R:hub-cloud.browserstack.com/207.254.8.9:443]' for 'POST' to 'https://cesarstevenriosu_Z5kft8:X2vgXh3LFto9sDxURbwP@hub-cloud.browserstack.com/wd/hub/session/da647b3d1e66fd1dd37a67a376ea43f20167d90e/timeouts'
01:55:21.085 [Forwarding setTimeout on session da647b3d1e66fd1dd37a67a376ea43f20167d90e to remote] DEBUG org.asynchttpclient.netty.request.NettyRequestSender -- Using open Channel [id: 0x9c4ceff6, L:/192.168.1.60:63621 - R:hub-cloud.browserstack.com/207.254.8.9:443] for POST '/wd/hub/session/da647b3d1e66fd1dd37a67a376ea43f20167d90e/timeouts'
01:55:21.260 [AsyncHttpClient-1-5] DEBUG org.asynchttpclient.netty.handler.HttpHandler -- 

Request DefaultHttpRequest(decodeResult: success, version: HTTP/1.1)
POST /wd/hub/session/da647b3d1e66fd1dd37a67a376ea43f20167d90e/timeouts HTTP/1.1
User-Agent: appium/8.3.0 (selenium/4.8.0 (java mac))
Content-Length: 19
Content-Type: application/json; charset=utf-8
host: hub-cloud.browserstack.com
authorization: Basic Y2VzYXJzdGV2ZW5yaW9zdV9aNWtmdDg6WDJ2Z1hoM0xGdG85c0R4VVJid1A=
accept: */*

Response DefaultHttpResponse(decodeResult: success, version: HTTP/1.1)
HTTP/1.1 200 OK
Server: nginx
Date: Mon, 05 Jun 2023 06:55:21 GMT
Content-Type: application/json; charset=utf-8
Content-Length: 14
Connection: keep-alive
Source-From: 02
x-powered-by: Express
vary: X-HTTP-Method-Override
etag: W/"e-9/1BuKMgFObM1mWJm+YjxtXJnUM"

01:55:21.260 [AsyncHttpClient-1-5] DEBUG org.asynchttpclient.netty.channel.ChannelManager -- Adding key: https://hub-cloud.browserstack.com:443 for channel [id: 0x9c4ceff6, L:/192.168.1.60:63621 - R:hub-cloud.browserstack.com/207.254.8.9:443]
01:55:21.263 [Forwarding findElement on session da647b3d1e66fd1dd37a67a376ea43f20167d90e to remote] DEBUG org.asynchttpclient.netty.request.NettyRequestSender -- Using pooled Channel '[id: 0x9c4ceff6, L:/192.168.1.60:63621 - R:hub-cloud.browserstack.com/207.254.8.9:443]' for 'POST' to 'https://cesarstevenriosu_Z5kft8:X2vgXh3LFto9sDxURbwP@hub-cloud.browserstack.com/wd/hub/session/da647b3d1e66fd1dd37a67a376ea43f20167d90e/element'
01:55:21.263 [Forwarding findElement on session da647b3d1e66fd1dd37a67a376ea43f20167d90e to remote] DEBUG org.asynchttpclient.netty.request.NettyRequestSender -- Using open Channel [id: 0x9c4ceff6, L:/192.168.1.60:63621 - R:hub-cloud.browserstack.com/207.254.8.9:443] for POST '/wd/hub/session/da647b3d1e66fd1dd37a67a376ea43f20167d90e/element'
01:55:21.522 [AsyncHttpClient-1-5] DEBUG org.asynchttpclient.netty.handler.HttpHandler -- 

Request DefaultHttpRequest(decodeResult: success, version: HTTP/1.1)
POST /wd/hub/session/da647b3d1e66fd1dd37a67a376ea43f20167d90e/element HTTP/1.1
User-Agent: appium/8.3.0 (selenium/4.8.0 (java mac))
Content-Length: 131
Content-Type: application/json; charset=utf-8
host: hub-cloud.browserstack.com
authorization: Basic Y2VzYXJzdGV2ZW5yaW9zdV9aNWtmdDg6WDJ2Z1hoM0xGdG85c0R4VVJid1A=
accept: */*

Response DefaultHttpResponse(decodeResult: success, version: HTTP/1.1)
HTTP/1.1 404 Not Found
Server: nginx
Date: Mon, 05 Jun 2023 06:55:21 GMT
Content-Type: application/json; charset=utf-8
Transfer-Encoding: chunked
Connection: keep-alive
Source-From: 02

01:55:21.523 [AsyncHttpClient-1-5] DEBUG org.asynchttpclient.netty.channel.ChannelManager -- Adding key: https://hub-cloud.browserstack.com:443 for channel [id: 0x9c4ceff6, L:/192.168.1.60:63621 - R:hub-cloud.browserstack.com/207.254.8.9:443]
01:55:21.526 [Forwarding setTimeout on session da647b3d1e66fd1dd37a67a376ea43f20167d90e to remote] DEBUG org.asynchttpclient.netty.request.NettyRequestSender -- Using pooled Channel '[id: 0x9c4ceff6, L:/192.168.1.60:63621 - R:hub-cloud.browserstack.com/207.254.8.9:443]' for 'POST' to 'https://cesarstevenriosu_Z5kft8:X2vgXh3LFto9sDxURbwP@hub-cloud.browserstack.com/wd/hub/session/da647b3d1e66fd1dd37a67a376ea43f20167d90e/timeouts'
01:55:21.526 [Forwarding setTimeout on session da647b3d1e66fd1dd37a67a376ea43f20167d90e to remote] DEBUG org.asynchttpclient.netty.request.NettyRequestSender -- Using open Channel [id: 0x9c4ceff6, L:/192.168.1.60:63621 - R:hub-cloud.browserstack.com/207.254.8.9:443] for POST '/wd/hub/session/da647b3d1e66fd1dd37a67a376ea43f20167d90e/timeouts'
01:55:21.651 [AsyncHttpClient-1-5] DEBUG org.asynchttpclient.netty.handler.HttpHandler -- 

Request DefaultHttpRequest(decodeResult: success, version: HTTP/1.1)
POST /wd/hub/session/da647b3d1e66fd1dd37a67a376ea43f20167d90e/timeouts HTTP/1.1
User-Agent: appium/8.3.0 (selenium/4.8.0 (java mac))
Content-Length: 23
Content-Type: application/json; charset=utf-8
host: hub-cloud.browserstack.com
authorization: Basic Y2VzYXJzdGV2ZW5yaW9zdV9aNWtmdDg6WDJ2Z1hoM0xGdG85c0R4VVJid1A=
accept: */*

Response DefaultHttpResponse(decodeResult: success, version: HTTP/1.1)
HTTP/1.1 200 OK
Server: nginx
Date: Mon, 05 Jun 2023 06:55:21 GMT
Content-Type: application/json; charset=utf-8
Content-Length: 14
Connection: keep-alive
Source-From: 02
x-powered-by: Express
vary: X-HTTP-Method-Override
etag: W/"e-9/1BuKMgFObM1mWJm+YjxtXJnUM"

01:55:21.651 [AsyncHttpClient-1-5] DEBUG org.asynchttpclient.netty.channel.ChannelManager -- Adding key: https://hub-cloud.browserstack.com:443 for channel [id: 0x9c4ceff6, L:/192.168.1.60:63621 - R:hub-cloud.browserstack.com/207.254.8.9:443]
01:55:21.708 [Forwarding setTimeout on session da647b3d1e66fd1dd37a67a376ea43f20167d90e to remote] DEBUG org.asynchttpclient.netty.request.NettyRequestSender -- Using pooled Channel '[id: 0x9c4ceff6, L:/192.168.1.60:63621 - R:hub-cloud.browserstack.com/207.254.8.9:443]' for 'POST' to 'https://cesarstevenriosu_Z5kft8:X2vgXh3LFto9sDxURbwP@hub-cloud.browserstack.com/wd/hub/session/da647b3d1e66fd1dd37a67a376ea43f20167d90e/timeouts'
01:55:21.708 [Forwarding setTimeout on session da647b3d1e66fd1dd37a67a376ea43f20167d90e to remote] DEBUG org.asynchttpclient.netty.request.NettyRequestSender -- Using open Channel [id: 0x9c4ceff6, L:/192.168.1.60:63621 - R:hub-cloud.browserstack.com/207.254.8.9:443] for POST '/wd/hub/session/da647b3d1e66fd1dd37a67a376ea43f20167d90e/timeouts'
01:55:21.887 [AsyncHttpClient-1-5] DEBUG org.asynchttpclient.netty.handler.HttpHandler -- 

Request DefaultHttpRequest(decodeResult: success, version: HTTP/1.1)
POST /wd/hub/session/da647b3d1e66fd1dd37a67a376ea43f20167d90e/timeouts HTTP/1.1
User-Agent: appium/8.3.0 (selenium/4.8.0 (java mac))
Content-Length: 19
Content-Type: application/json; charset=utf-8
host: hub-cloud.browserstack.com
authorization: Basic Y2VzYXJzdGV2ZW5yaW9zdV9aNWtmdDg6WDJ2Z1hoM0xGdG85c0R4VVJid1A=
accept: */*

Response DefaultHttpResponse(decodeResult: success, version: HTTP/1.1)
HTTP/1.1 200 OK
Server: nginx
Date: Mon, 05 Jun 2023 06:55:22 GMT
Content-Type: application/json; charset=utf-8
Content-Length: 14
Connection: keep-alive
Source-From: 02
x-powered-by: Express
vary: X-HTTP-Method-Override
etag: W/"e-9/1BuKMgFObM1mWJm+YjxtXJnUM"

01:55:21.887 [AsyncHttpClient-1-5] DEBUG org.asynchttpclient.netty.channel.ChannelManager -- Adding key: https://hub-cloud.browserstack.com:443 for channel [id: 0x9c4ceff6, L:/192.168.1.60:63621 - R:hub-cloud.browserstack.com/207.254.8.9:443]
01:55:21.889 [Forwarding findElement on session da647b3d1e66fd1dd37a67a376ea43f20167d90e to remote] DEBUG org.asynchttpclient.netty.request.NettyRequestSender -- Using pooled Channel '[id: 0x9c4ceff6, L:/192.168.1.60:63621 - R:hub-cloud.browserstack.com/207.254.8.9:443]' for 'POST' to 'https://cesarstevenriosu_Z5kft8:X2vgXh3LFto9sDxURbwP@hub-cloud.browserstack.com/wd/hub/session/da647b3d1e66fd1dd37a67a376ea43f20167d90e/element'
01:55:21.889 [Forwarding findElement on session da647b3d1e66fd1dd37a67a376ea43f20167d90e to remote] DEBUG org.asynchttpclient.netty.request.NettyRequestSender -- Using open Channel [id: 0x9c4ceff6, L:/192.168.1.60:63621 - R:hub-cloud.browserstack.com/207.254.8.9:443] for POST '/wd/hub/session/da647b3d1e66fd1dd37a67a376ea43f20167d90e/element'
01:55:22.132 [AsyncHttpClient-1-5] DEBUG org.asynchttpclient.netty.handler.HttpHandler -- 

Request DefaultHttpRequest(decodeResult: success, version: HTTP/1.1)
POST /wd/hub/session/da647b3d1e66fd1dd37a67a376ea43f20167d90e/element HTTP/1.1
User-Agent: appium/8.3.0 (selenium/4.8.0 (java mac))
Content-Length: 131
Content-Type: application/json; charset=utf-8
host: hub-cloud.browserstack.com
authorization: Basic Y2VzYXJzdGV2ZW5yaW9zdV9aNWtmdDg6WDJ2Z1hoM0xGdG85c0R4VVJid1A=
accept: */*

Response DefaultHttpResponse(decodeResult: success, version: HTTP/1.1)
HTTP/1.1 404 Not Found
Server: nginx
Date: Mon, 05 Jun 2023 06:55:22 GMT
Content-Type: application/json; charset=utf-8
Transfer-Encoding: chunked
Connection: keep-alive
Source-From: 02

01:55:22.132 [AsyncHttpClient-1-5] DEBUG org.asynchttpclient.netty.channel.ChannelManager -- Adding key: https://hub-cloud.browserstack.com:443 for channel [id: 0x9c4ceff6, L:/192.168.1.60:63621 - R:hub-cloud.browserstack.com/207.254.8.9:443]
01:55:22.135 [Forwarding setTimeout on session da647b3d1e66fd1dd37a67a376ea43f20167d90e to remote] DEBUG org.asynchttpclient.netty.request.NettyRequestSender -- Using pooled Channel '[id: 0x9c4ceff6, L:/192.168.1.60:63621 - R:hub-cloud.browserstack.com/207.254.8.9:443]' for 'POST' to 'https://cesarstevenriosu_Z5kft8:X2vgXh3LFto9sDxURbwP@hub-cloud.browserstack.com/wd/hub/session/da647b3d1e66fd1dd37a67a376ea43f20167d90e/timeouts'
01:55:22.135 [Forwarding setTimeout on session da647b3d1e66fd1dd37a67a376ea43f20167d90e to remote] DEBUG org.asynchttpclient.netty.request.NettyRequestSender -- Using open Channel [id: 0x9c4ceff6, L:/192.168.1.60:63621 - R:hub-cloud.browserstack.com/207.254.8.9:443] for POST '/wd/hub/session/da647b3d1e66fd1dd37a67a376ea43f20167d90e/timeouts'
01:55:22.313 [AsyncHttpClient-1-5] DEBUG org.asynchttpclient.netty.handler.HttpHandler -- 

Request DefaultHttpRequest(decodeResult: success, version: HTTP/1.1)
POST /wd/hub/session/da647b3d1e66fd1dd37a67a376ea43f20167d90e/timeouts HTTP/1.1
User-Agent: appium/8.3.0 (selenium/4.8.0 (java mac))
Content-Length: 23
Content-Type: application/json; charset=utf-8
host: hub-cloud.browserstack.com
authorization: Basic Y2VzYXJzdGV2ZW5yaW9zdV9aNWtmdDg6WDJ2Z1hoM0xGdG85c0R4VVJid1A=
accept: */*

Response DefaultHttpResponse(decodeResult: success, version: HTTP/1.1)
HTTP/1.1 200 OK
Server: nginx
Date: Mon, 05 Jun 2023 06:55:22 GMT
Content-Type: application/json; charset=utf-8
Content-Length: 14
Connection: keep-alive
Source-From: 02
x-powered-by: Express
vary: X-HTTP-Method-Override
etag: W/"e-9/1BuKMgFObM1mWJm+YjxtXJnUM"

01:55:22.314 [AsyncHttpClient-1-5] DEBUG org.asynchttpclient.netty.channel.ChannelManager -- Adding key: https://hub-cloud.browserstack.com:443 for channel [id: 0x9c4ceff6, L:/192.168.1.60:63621 - R:hub-cloud.browserstack.com/207.254.8.9:443]
01:55:22.370 [Forwarding setTimeout on session da647b3d1e66fd1dd37a67a376ea43f20167d90e to remote] DEBUG org.asynchttpclient.netty.request.NettyRequestSender -- Using pooled Channel '[id: 0x9c4ceff6, L:/192.168.1.60:63621 - R:hub-cloud.browserstack.com/207.254.8.9:443]' for 'POST' to 'https://cesarstevenriosu_Z5kft8:X2vgXh3LFto9sDxURbwP@hub-cloud.browserstack.com/wd/hub/session/da647b3d1e66fd1dd37a67a376ea43f20167d90e/timeouts'
01:55:22.370 [Forwarding setTimeout on session da647b3d1e66fd1dd37a67a376ea43f20167d90e to remote] DEBUG org.asynchttpclient.netty.request.NettyRequestSender -- Using open Channel [id: 0x9c4ceff6, L:/192.168.1.60:63621 - R:hub-cloud.browserstack.com/207.254.8.9:443] for POST '/wd/hub/session/da647b3d1e66fd1dd37a67a376ea43f20167d90e/timeouts'
01:55:22.475 [AsyncHttpClient-1-5] DEBUG org.asynchttpclient.netty.handler.HttpHandler -- 

Request DefaultHttpRequest(decodeResult: success, version: HTTP/1.1)
POST /wd/hub/session/da647b3d1e66fd1dd37a67a376ea43f20167d90e/timeouts HTTP/1.1
User-Agent: appium/8.3.0 (selenium/4.8.0 (java mac))
Content-Length: 19
Content-Type: application/json; charset=utf-8
host: hub-cloud.browserstack.com
authorization: Basic Y2VzYXJzdGV2ZW5yaW9zdV9aNWtmdDg6WDJ2Z1hoM0xGdG85c0R4VVJid1A=
accept: */*

Response DefaultHttpResponse(decodeResult: success, version: HTTP/1.1)
HTTP/1.1 200 OK
Server: nginx
Date: Mon, 05 Jun 2023 06:55:22 GMT
Content-Type: application/json; charset=utf-8
Content-Length: 14
Connection: keep-alive
Source-From: 02
x-powered-by: Express
vary: X-HTTP-Method-Override
etag: W/"e-9/1BuKMgFObM1mWJm+YjxtXJnUM"

01:55:22.476 [AsyncHttpClient-1-5] DEBUG org.asynchttpclient.netty.channel.ChannelManager -- Adding key: https://hub-cloud.browserstack.com:443 for channel [id: 0x9c4ceff6, L:/192.168.1.60:63621 - R:hub-cloud.browserstack.com/207.254.8.9:443]
01:55:22.477 [Forwarding findElement on session da647b3d1e66fd1dd37a67a376ea43f20167d90e to remote] DEBUG org.asynchttpclient.netty.request.NettyRequestSender -- Using pooled Channel '[id: 0x9c4ceff6, L:/192.168.1.60:63621 - R:hub-cloud.browserstack.com/207.254.8.9:443]' for 'POST' to 'https://cesarstevenriosu_Z5kft8:X2vgXh3LFto9sDxURbwP@hub-cloud.browserstack.com/wd/hub/session/da647b3d1e66fd1dd37a67a376ea43f20167d90e/element'
01:55:22.477 [Forwarding findElement on session da647b3d1e66fd1dd37a67a376ea43f20167d90e to remote] DEBUG org.asynchttpclient.netty.request.NettyRequestSender -- Using open Channel [id: 0x9c4ceff6, L:/192.168.1.60:63621 - R:hub-cloud.browserstack.com/207.254.8.9:443] for POST '/wd/hub/session/da647b3d1e66fd1dd37a67a376ea43f20167d90e/element'
01:55:22.668 [AsyncHttpClient-1-5] DEBUG org.asynchttpclient.netty.handler.HttpHandler -- 

Request DefaultHttpRequest(decodeResult: success, version: HTTP/1.1)
POST /wd/hub/session/da647b3d1e66fd1dd37a67a376ea43f20167d90e/element HTTP/1.1
User-Agent: appium/8.3.0 (selenium/4.8.0 (java mac))
Content-Length: 131
Content-Type: application/json; charset=utf-8
host: hub-cloud.browserstack.com
authorization: Basic Y2VzYXJzdGV2ZW5yaW9zdV9aNWtmdDg6WDJ2Z1hoM0xGdG85c0R4VVJid1A=
accept: */*

Response DefaultHttpResponse(decodeResult: success, version: HTTP/1.1)
HTTP/1.1 404 Not Found
Server: nginx
Date: Mon, 05 Jun 2023 06:55:22 GMT
Content-Type: application/json; charset=utf-8
Transfer-Encoding: chunked
Connection: keep-alive
Source-From: 02

01:55:22.668 [AsyncHttpClient-1-5] DEBUG org.asynchttpclient.netty.channel.ChannelManager -- Adding key: https://hub-cloud.browserstack.com:443 for channel [id: 0x9c4ceff6, L:/192.168.1.60:63621 - R:hub-cloud.browserstack.com/207.254.8.9:443]
01:55:22.672 [Forwarding setTimeout on session da647b3d1e66fd1dd37a67a376ea43f20167d90e to remote] DEBUG org.asynchttpclient.netty.request.NettyRequestSender -- Using pooled Channel '[id: 0x9c4ceff6, L:/192.168.1.60:63621 - R:hub-cloud.browserstack.com/207.254.8.9:443]' for 'POST' to 'https://cesarstevenriosu_Z5kft8:X2vgXh3LFto9sDxURbwP@hub-cloud.browserstack.com/wd/hub/session/da647b3d1e66fd1dd37a67a376ea43f20167d90e/timeouts'
01:55:22.672 [Forwarding setTimeout on session da647b3d1e66fd1dd37a67a376ea43f20167d90e to remote] DEBUG org.asynchttpclient.netty.request.NettyRequestSender -- Using open Channel [id: 0x9c4ceff6, L:/192.168.1.60:63621 - R:hub-cloud.browserstack.com/207.254.8.9:443] for POST '/wd/hub/session/da647b3d1e66fd1dd37a67a376ea43f20167d90e/timeouts'
01:55:22.808 [AsyncHttpClient-1-5] DEBUG org.asynchttpclient.netty.handler.HttpHandler -- 

Request DefaultHttpRequest(decodeResult: success, version: HTTP/1.1)
POST /wd/hub/session/da647b3d1e66fd1dd37a67a376ea43f20167d90e/timeouts HTTP/1.1
User-Agent: appium/8.3.0 (selenium/4.8.0 (java mac))
Content-Length: 23
Content-Type: application/json; charset=utf-8
host: hub-cloud.browserstack.com
authorization: Basic Y2VzYXJzdGV2ZW5yaW9zdV9aNWtmdDg6WDJ2Z1hoM0xGdG85c0R4VVJid1A=
accept: */*

Response DefaultHttpResponse(decodeResult: success, version: HTTP/1.1)
HTTP/1.1 200 OK
Server: nginx
Date: Mon, 05 Jun 2023 06:55:22 GMT
Content-Type: application/json; charset=utf-8
Content-Length: 14
Connection: keep-alive
Source-From: 02
x-powered-by: Express
vary: X-HTTP-Method-Override
etag: W/"e-9/1BuKMgFObM1mWJm+YjxtXJnUM"

01:55:22.808 [AsyncHttpClient-1-5] DEBUG org.asynchttpclient.netty.channel.ChannelManager -- Adding key: https://hub-cloud.browserstack.com:443 for channel [id: 0x9c4ceff6, L:/192.168.1.60:63621 - R:hub-cloud.browserstack.com/207.254.8.9:443]
01:55:22.865 [Forwarding setTimeout on session da647b3d1e66fd1dd37a67a376ea43f20167d90e to remote] DEBUG org.asynchttpclient.netty.request.NettyRequestSender -- Using pooled Channel '[id: 0x9c4ceff6, L:/192.168.1.60:63621 - R:hub-cloud.browserstack.com/207.254.8.9:443]' for 'POST' to 'https://cesarstevenriosu_Z5kft8:X2vgXh3LFto9sDxURbwP@hub-cloud.browserstack.com/wd/hub/session/da647b3d1e66fd1dd37a67a376ea43f20167d90e/timeouts'
01:55:22.865 [Forwarding setTimeout on session da647b3d1e66fd1dd37a67a376ea43f20167d90e to remote] DEBUG org.asynchttpclient.netty.request.NettyRequestSender -- Using open Channel [id: 0x9c4ceff6, L:/192.168.1.60:63621 - R:hub-cloud.browserstack.com/207.254.8.9:443] for POST '/wd/hub/session/da647b3d1e66fd1dd37a67a376ea43f20167d90e/timeouts'
01:55:23.006 [AsyncHttpClient-1-5] DEBUG org.asynchttpclient.netty.handler.HttpHandler -- 

Request DefaultHttpRequest(decodeResult: success, version: HTTP/1.1)
POST /wd/hub/session/da647b3d1e66fd1dd37a67a376ea43f20167d90e/timeouts HTTP/1.1
User-Agent: appium/8.3.0 (selenium/4.8.0 (java mac))
Content-Length: 19
Content-Type: application/json; charset=utf-8
host: hub-cloud.browserstack.com
authorization: Basic Y2VzYXJzdGV2ZW5yaW9zdV9aNWtmdDg6WDJ2Z1hoM0xGdG85c0R4VVJid1A=
accept: */*

Response DefaultHttpResponse(decodeResult: success, version: HTTP/1.1)
HTTP/1.1 200 OK
Server: nginx
Date: Mon, 05 Jun 2023 06:55:23 GMT
Content-Type: application/json; charset=utf-8
Content-Length: 14
Connection: keep-alive
Source-From: 02
x-powered-by: Express
vary: X-HTTP-Method-Override
etag: W/"e-9/1BuKMgFObM1mWJm+YjxtXJnUM"

01:55:23.006 [AsyncHttpClient-1-5] DEBUG org.asynchttpclient.netty.channel.ChannelManager -- Adding key: https://hub-cloud.browserstack.com:443 for channel [id: 0x9c4ceff6, L:/192.168.1.60:63621 - R:hub-cloud.browserstack.com/207.254.8.9:443]
01:55:23.008 [Forwarding findElement on session da647b3d1e66fd1dd37a67a376ea43f20167d90e to remote] DEBUG org.asynchttpclient.netty.request.NettyRequestSender -- Using pooled Channel '[id: 0x9c4ceff6, L:/192.168.1.60:63621 - R:hub-cloud.browserstack.com/207.254.8.9:443]' for 'POST' to 'https://cesarstevenriosu_Z5kft8:X2vgXh3LFto9sDxURbwP@hub-cloud.browserstack.com/wd/hub/session/da647b3d1e66fd1dd37a67a376ea43f20167d90e/element'
01:55:23.009 [Forwarding findElement on session da647b3d1e66fd1dd37a67a376ea43f20167d90e to remote] DEBUG org.asynchttpclient.netty.request.NettyRequestSender -- Using open Channel [id: 0x9c4ceff6, L:/192.168.1.60:63621 - R:hub-cloud.browserstack.com/207.254.8.9:443] for POST '/wd/hub/session/da647b3d1e66fd1dd37a67a376ea43f20167d90e/element'
01:55:23.195 [AsyncHttpClient-1-5] DEBUG org.asynchttpclient.netty.handler.HttpHandler -- 

Request DefaultHttpRequest(decodeResult: success, version: HTTP/1.1)
POST /wd/hub/session/da647b3d1e66fd1dd37a67a376ea43f20167d90e/element HTTP/1.1
User-Agent: appium/8.3.0 (selenium/4.8.0 (java mac))
Content-Length: 131
Content-Type: application/json; charset=utf-8
host: hub-cloud.browserstack.com
authorization: Basic Y2VzYXJzdGV2ZW5yaW9zdV9aNWtmdDg6WDJ2Z1hoM0xGdG85c0R4VVJid1A=
accept: */*

Response DefaultHttpResponse(decodeResult: success, version: HTTP/1.1)
HTTP/1.1 404 Not Found
Server: nginx
Date: Mon, 05 Jun 2023 06:55:23 GMT
Content-Type: application/json; charset=utf-8
Transfer-Encoding: chunked
Connection: keep-alive
Source-From: 02

01:55:23.195 [AsyncHttpClient-1-5] DEBUG org.asynchttpclient.netty.channel.ChannelManager -- Adding key: https://hub-cloud.browserstack.com:443 for channel [id: 0x9c4ceff6, L:/192.168.1.60:63621 - R:hub-cloud.browserstack.com/207.254.8.9:443]
01:55:23.197 [Forwarding setTimeout on session da647b3d1e66fd1dd37a67a376ea43f20167d90e to remote] DEBUG org.asynchttpclient.netty.request.NettyRequestSender -- Using pooled Channel '[id: 0x9c4ceff6, L:/192.168.1.60:63621 - R:hub-cloud.browserstack.com/207.254.8.9:443]' for 'POST' to 'https://cesarstevenriosu_Z5kft8:X2vgXh3LFto9sDxURbwP@hub-cloud.browserstack.com/wd/hub/session/da647b3d1e66fd1dd37a67a376ea43f20167d90e/timeouts'
01:55:23.197 [Forwarding setTimeout on session da647b3d1e66fd1dd37a67a376ea43f20167d90e to remote] DEBUG org.asynchttpclient.netty.request.NettyRequestSender -- Using open Channel [id: 0x9c4ceff6, L:/192.168.1.60:63621 - R:hub-cloud.browserstack.com/207.254.8.9:443] for POST '/wd/hub/session/da647b3d1e66fd1dd37a67a376ea43f20167d90e/timeouts'
01:55:23.280 [AsyncHttpClient-1-5] DEBUG org.asynchttpclient.netty.handler.HttpHandler -- 

Request DefaultHttpRequest(decodeResult: success, version: HTTP/1.1)
POST /wd/hub/session/da647b3d1e66fd1dd37a67a376ea43f20167d90e/timeouts HTTP/1.1
User-Agent: appium/8.3.0 (selenium/4.8.0 (java mac))
Content-Length: 23
Content-Type: application/json; charset=utf-8
host: hub-cloud.browserstack.com
authorization: Basic Y2VzYXJzdGV2ZW5yaW9zdV9aNWtmdDg6WDJ2Z1hoM0xGdG85c0R4VVJid1A=
accept: */*

Response DefaultHttpResponse(decodeResult: success, version: HTTP/1.1)
HTTP/1.1 200 OK
Server: nginx
Date: Mon, 05 Jun 2023 06:55:23 GMT
Content-Type: application/json; charset=utf-8
Content-Length: 14
Connection: keep-alive
Source-From: 02
x-powered-by: Express
vary: X-HTTP-Method-Override
etag: W/"e-9/1BuKMgFObM1mWJm+YjxtXJnUM"

01:55:23.281 [AsyncHttpClient-1-5] DEBUG org.asynchttpclient.netty.channel.ChannelManager -- Adding key: https://hub-cloud.browserstack.com:443 for channel [id: 0x9c4ceff6, L:/192.168.1.60:63621 - R:hub-cloud.browserstack.com/207.254.8.9:443]
01:55:23.339 [Forwarding setTimeout on session da647b3d1e66fd1dd37a67a376ea43f20167d90e to remote] DEBUG org.asynchttpclient.netty.request.NettyRequestSender -- Using pooled Channel '[id: 0x9c4ceff6, L:/192.168.1.60:63621 - R:hub-cloud.browserstack.com/207.254.8.9:443]' for 'POST' to 'https://cesarstevenriosu_Z5kft8:X2vgXh3LFto9sDxURbwP@hub-cloud.browserstack.com/wd/hub/session/da647b3d1e66fd1dd37a67a376ea43f20167d90e/timeouts'
01:55:23.339 [Forwarding setTimeout on session da647b3d1e66fd1dd37a67a376ea43f20167d90e to remote] DEBUG org.asynchttpclient.netty.request.NettyRequestSender -- Using open Channel [id: 0x9c4ceff6, L:/192.168.1.60:63621 - R:hub-cloud.browserstack.com/207.254.8.9:443] for POST '/wd/hub/session/da647b3d1e66fd1dd37a67a376ea43f20167d90e/timeouts'
01:55:23.458 [AsyncHttpClient-1-5] DEBUG org.asynchttpclient.netty.handler.HttpHandler -- 

Request DefaultHttpRequest(decodeResult: success, version: HTTP/1.1)
POST /wd/hub/session/da647b3d1e66fd1dd37a67a376ea43f20167d90e/timeouts HTTP/1.1
User-Agent: appium/8.3.0 (selenium/4.8.0 (java mac))
Content-Length: 19
Content-Type: application/json; charset=utf-8
host: hub-cloud.browserstack.com
authorization: Basic Y2VzYXJzdGV2ZW5yaW9zdV9aNWtmdDg6WDJ2Z1hoM0xGdG85c0R4VVJid1A=
accept: */*

Response DefaultHttpResponse(decodeResult: success, version: HTTP/1.1)
HTTP/1.1 200 OK
Server: nginx
Date: Mon, 05 Jun 2023 06:55:23 GMT
Content-Type: application/json; charset=utf-8
Content-Length: 14
Connection: keep-alive
Source-From: 02
x-powered-by: Express
vary: X-HTTP-Method-Override
etag: W/"e-9/1BuKMgFObM1mWJm+YjxtXJnUM"

01:55:23.458 [AsyncHttpClient-1-5] DEBUG org.asynchttpclient.netty.channel.ChannelManager -- Adding key: https://hub-cloud.browserstack.com:443 for channel [id: 0x9c4ceff6, L:/192.168.1.60:63621 - R:hub-cloud.browserstack.com/207.254.8.9:443]
01:55:23.460 [Forwarding findElement on session da647b3d1e66fd1dd37a67a376ea43f20167d90e to remote] DEBUG org.asynchttpclient.netty.request.NettyRequestSender -- Using pooled Channel '[id: 0x9c4ceff6, L:/192.168.1.60:63621 - R:hub-cloud.browserstack.com/207.254.8.9:443]' for 'POST' to 'https://cesarstevenriosu_Z5kft8:X2vgXh3LFto9sDxURbwP@hub-cloud.browserstack.com/wd/hub/session/da647b3d1e66fd1dd37a67a376ea43f20167d90e/element'
01:55:23.460 [Forwarding findElement on session da647b3d1e66fd1dd37a67a376ea43f20167d90e to remote] DEBUG org.asynchttpclient.netty.request.NettyRequestSender -- Using open Channel [id: 0x9c4ceff6, L:/192.168.1.60:63621 - R:hub-cloud.browserstack.com/207.254.8.9:443] for POST '/wd/hub/session/da647b3d1e66fd1dd37a67a376ea43f20167d90e/element'
01:55:23.727 [AsyncHttpClient-1-5] DEBUG org.asynchttpclient.netty.handler.HttpHandler -- 

Request DefaultHttpRequest(decodeResult: success, version: HTTP/1.1)
POST /wd/hub/session/da647b3d1e66fd1dd37a67a376ea43f20167d90e/element HTTP/1.1
User-Agent: appium/8.3.0 (selenium/4.8.0 (java mac))
Content-Length: 131
Content-Type: application/json; charset=utf-8
host: hub-cloud.browserstack.com
authorization: Basic Y2VzYXJzdGV2ZW5yaW9zdV9aNWtmdDg6WDJ2Z1hoM0xGdG85c0R4VVJid1A=
accept: */*

Response DefaultHttpResponse(decodeResult: success, version: HTTP/1.1)
HTTP/1.1 404 Not Found
Server: nginx
Date: Mon, 05 Jun 2023 06:55:23 GMT
Content-Type: application/json; charset=utf-8
Transfer-Encoding: chunked
Connection: keep-alive
Source-From: 02

01:55:23.728 [AsyncHttpClient-1-5] DEBUG org.asynchttpclient.netty.channel.ChannelManager -- Adding key: https://hub-cloud.browserstack.com:443 for channel [id: 0x9c4ceff6, L:/192.168.1.60:63621 - R:hub-cloud.browserstack.com/207.254.8.9:443]
01:55:23.730 [Forwarding setTimeout on session da647b3d1e66fd1dd37a67a376ea43f20167d90e to remote] DEBUG org.asynchttpclient.netty.request.NettyRequestSender -- Using pooled Channel '[id: 0x9c4ceff6, L:/192.168.1.60:63621 - R:hub-cloud.browserstack.com/207.254.8.9:443]' for 'POST' to 'https://cesarstevenriosu_Z5kft8:X2vgXh3LFto9sDxURbwP@hub-cloud.browserstack.com/wd/hub/session/da647b3d1e66fd1dd37a67a376ea43f20167d90e/timeouts'
01:55:23.730 [Forwarding setTimeout on session da647b3d1e66fd1dd37a67a376ea43f20167d90e to remote] DEBUG org.asynchttpclient.netty.request.NettyRequestSender -- Using open Channel [id: 0x9c4ceff6, L:/192.168.1.60:63621 - R:hub-cloud.browserstack.com/207.254.8.9:443] for POST '/wd/hub/session/da647b3d1e66fd1dd37a67a376ea43f20167d90e/timeouts'
01:55:23.909 [AsyncHttpClient-1-5] DEBUG org.asynchttpclient.netty.handler.HttpHandler -- 

Request DefaultHttpRequest(decodeResult: success, version: HTTP/1.1)
POST /wd/hub/session/da647b3d1e66fd1dd37a67a376ea43f20167d90e/timeouts HTTP/1.1
User-Agent: appium/8.3.0 (selenium/4.8.0 (java mac))
Content-Length: 23
Content-Type: application/json; charset=utf-8
host: hub-cloud.browserstack.com
authorization: Basic Y2VzYXJzdGV2ZW5yaW9zdV9aNWtmdDg6WDJ2Z1hoM0xGdG85c0R4VVJid1A=
accept: */*

Response DefaultHttpResponse(decodeResult: success, version: HTTP/1.1)
HTTP/1.1 200 OK
Server: nginx
Date: Mon, 05 Jun 2023 06:55:24 GMT
Content-Type: application/json; charset=utf-8
Content-Length: 14
Connection: keep-alive
Source-From: 02
x-powered-by: Express
vary: X-HTTP-Method-Override
etag: W/"e-9/1BuKMgFObM1mWJm+YjxtXJnUM"

01:55:23.909 [AsyncHttpClient-1-5] DEBUG org.asynchttpclient.netty.channel.ChannelManager -- Adding key: https://hub-cloud.browserstack.com:443 for channel [id: 0x9c4ceff6, L:/192.168.1.60:63621 - R:hub-cloud.browserstack.com/207.254.8.9:443]
01:55:23.968 [Forwarding setTimeout on session da647b3d1e66fd1dd37a67a376ea43f20167d90e to remote] DEBUG org.asynchttpclient.netty.request.NettyRequestSender -- Using pooled Channel '[id: 0x9c4ceff6, L:/192.168.1.60:63621 - R:hub-cloud.browserstack.com/207.254.8.9:443]' for 'POST' to 'https://cesarstevenriosu_Z5kft8:X2vgXh3LFto9sDxURbwP@hub-cloud.browserstack.com/wd/hub/session/da647b3d1e66fd1dd37a67a376ea43f20167d90e/timeouts'
01:55:23.968 [Forwarding setTimeout on session da647b3d1e66fd1dd37a67a376ea43f20167d90e to remote] DEBUG org.asynchttpclient.netty.request.NettyRequestSender -- Using open Channel [id: 0x9c4ceff6, L:/192.168.1.60:63621 - R:hub-cloud.browserstack.com/207.254.8.9:443] for POST '/wd/hub/session/da647b3d1e66fd1dd37a67a376ea43f20167d90e/timeouts'
01:55:24.145 [AsyncHttpClient-1-5] DEBUG org.asynchttpclient.netty.handler.HttpHandler -- 

Request DefaultHttpRequest(decodeResult: success, version: HTTP/1.1)
POST /wd/hub/session/da647b3d1e66fd1dd37a67a376ea43f20167d90e/timeouts HTTP/1.1
User-Agent: appium/8.3.0 (selenium/4.8.0 (java mac))
Content-Length: 19
Content-Type: application/json; charset=utf-8
host: hub-cloud.browserstack.com
authorization: Basic Y2VzYXJzdGV2ZW5yaW9zdV9aNWtmdDg6WDJ2Z1hoM0xGdG85c0R4VVJid1A=
accept: */*

Response DefaultHttpResponse(decodeResult: success, version: HTTP/1.1)
HTTP/1.1 200 OK
Server: nginx
Date: Mon, 05 Jun 2023 06:55:24 GMT
Content-Type: application/json; charset=utf-8
Content-Length: 14
Connection: keep-alive
Source-From: 02
x-powered-by: Express
vary: X-HTTP-Method-Override
etag: W/"e-9/1BuKMgFObM1mWJm+YjxtXJnUM"

01:55:24.145 [AsyncHttpClient-1-5] DEBUG org.asynchttpclient.netty.channel.ChannelManager -- Adding key: https://hub-cloud.browserstack.com:443 for channel [id: 0x9c4ceff6, L:/192.168.1.60:63621 - R:hub-cloud.browserstack.com/207.254.8.9:443]
01:55:24.147 [Forwarding findElement on session da647b3d1e66fd1dd37a67a376ea43f20167d90e to remote] DEBUG org.asynchttpclient.netty.request.NettyRequestSender -- Using pooled Channel '[id: 0x9c4ceff6, L:/192.168.1.60:63621 - R:hub-cloud.browserstack.com/207.254.8.9:443]' for 'POST' to 'https://cesarstevenriosu_Z5kft8:X2vgXh3LFto9sDxURbwP@hub-cloud.browserstack.com/wd/hub/session/da647b3d1e66fd1dd37a67a376ea43f20167d90e/element'
01:55:24.147 [Forwarding findElement on session da647b3d1e66fd1dd37a67a376ea43f20167d90e to remote] DEBUG org.asynchttpclient.netty.request.NettyRequestSender -- Using open Channel [id: 0x9c4ceff6, L:/192.168.1.60:63621 - R:hub-cloud.browserstack.com/207.254.8.9:443] for POST '/wd/hub/session/da647b3d1e66fd1dd37a67a376ea43f20167d90e/element'
01:55:24.366 [AsyncHttpClient-1-5] DEBUG org.asynchttpclient.netty.handler.HttpHandler -- 

Request DefaultHttpRequest(decodeResult: success, version: HTTP/1.1)
POST /wd/hub/session/da647b3d1e66fd1dd37a67a376ea43f20167d90e/element HTTP/1.1
User-Agent: appium/8.3.0 (selenium/4.8.0 (java mac))
Content-Length: 131
Content-Type: application/json; charset=utf-8
host: hub-cloud.browserstack.com
authorization: Basic Y2VzYXJzdGV2ZW5yaW9zdV9aNWtmdDg6WDJ2Z1hoM0xGdG85c0R4VVJid1A=
accept: */*

Response DefaultHttpResponse(decodeResult: success, version: HTTP/1.1)
HTTP/1.1 404 Not Found
Server: nginx
Date: Mon, 05 Jun 2023 06:55:24 GMT
Content-Type: application/json; charset=utf-8
Transfer-Encoding: chunked
Connection: keep-alive
Source-From: 02

01:55:24.366 [AsyncHttpClient-1-5] DEBUG org.asynchttpclient.netty.channel.ChannelManager -- Adding key: https://hub-cloud.browserstack.com:443 for channel [id: 0x9c4ceff6, L:/192.168.1.60:63621 - R:hub-cloud.browserstack.com/207.254.8.9:443]
01:55:24.369 [Forwarding setTimeout on session da647b3d1e66fd1dd37a67a376ea43f20167d90e to remote] DEBUG org.asynchttpclient.netty.request.NettyRequestSender -- Using pooled Channel '[id: 0x9c4ceff6, L:/192.168.1.60:63621 - R:hub-cloud.browserstack.com/207.254.8.9:443]' for 'POST' to 'https://cesarstevenriosu_Z5kft8:X2vgXh3LFto9sDxURbwP@hub-cloud.browserstack.com/wd/hub/session/da647b3d1e66fd1dd37a67a376ea43f20167d90e/timeouts'
01:55:24.370 [Forwarding setTimeout on session da647b3d1e66fd1dd37a67a376ea43f20167d90e to remote] DEBUG org.asynchttpclient.netty.request.NettyRequestSender -- Using open Channel [id: 0x9c4ceff6, L:/192.168.1.60:63621 - R:hub-cloud.browserstack.com/207.254.8.9:443] for POST '/wd/hub/session/da647b3d1e66fd1dd37a67a376ea43f20167d90e/timeouts'
01:55:24.516 [AsyncHttpClient-1-5] DEBUG org.asynchttpclient.netty.handler.HttpHandler -- 

Request DefaultHttpRequest(decodeResult: success, version: HTTP/1.1)
POST /wd/hub/session/da647b3d1e66fd1dd37a67a376ea43f20167d90e/timeouts HTTP/1.1
User-Agent: appium/8.3.0 (selenium/4.8.0 (java mac))
Content-Length: 23
Content-Type: application/json; charset=utf-8
host: hub-cloud.browserstack.com
authorization: Basic Y2VzYXJzdGV2ZW5yaW9zdV9aNWtmdDg6WDJ2Z1hoM0xGdG85c0R4VVJid1A=
accept: */*

Response DefaultHttpResponse(decodeResult: success, version: HTTP/1.1)
HTTP/1.1 200 OK
Server: nginx
Date: Mon, 05 Jun 2023 06:55:24 GMT
Content-Type: application/json; charset=utf-8
Content-Length: 14
Connection: keep-alive
Source-From: 02
x-powered-by: Express
vary: X-HTTP-Method-Override
etag: W/"e-9/1BuKMgFObM1mWJm+YjxtXJnUM"

01:55:24.516 [AsyncHttpClient-1-5] DEBUG org.asynchttpclient.netty.channel.ChannelManager -- Adding key: https://hub-cloud.browserstack.com:443 for channel [id: 0x9c4ceff6, L:/192.168.1.60:63621 - R:hub-cloud.browserstack.com/207.254.8.9:443]
01:55:24.570 [Forwarding setTimeout on session da647b3d1e66fd1dd37a67a376ea43f20167d90e to remote] DEBUG org.asynchttpclient.netty.request.NettyRequestSender -- Using pooled Channel '[id: 0x9c4ceff6, L:/192.168.1.60:63621 - R:hub-cloud.browserstack.com/207.254.8.9:443]' for 'POST' to 'https://cesarstevenriosu_Z5kft8:X2vgXh3LFto9sDxURbwP@hub-cloud.browserstack.com/wd/hub/session/da647b3d1e66fd1dd37a67a376ea43f20167d90e/timeouts'
01:55:24.570 [Forwarding setTimeout on session da647b3d1e66fd1dd37a67a376ea43f20167d90e to remote] DEBUG org.asynchttpclient.netty.request.NettyRequestSender -- Using open Channel [id: 0x9c4ceff6, L:/192.168.1.60:63621 - R:hub-cloud.browserstack.com/207.254.8.9:443] for POST '/wd/hub/session/da647b3d1e66fd1dd37a67a376ea43f20167d90e/timeouts'
01:55:24.677 [AsyncHttpClient-1-5] DEBUG org.asynchttpclient.netty.handler.HttpHandler -- 

Request DefaultHttpRequest(decodeResult: success, version: HTTP/1.1)
POST /wd/hub/session/da647b3d1e66fd1dd37a67a376ea43f20167d90e/timeouts HTTP/1.1
User-Agent: appium/8.3.0 (selenium/4.8.0 (java mac))
Content-Length: 19
Content-Type: application/json; charset=utf-8
host: hub-cloud.browserstack.com
authorization: Basic Y2VzYXJzdGV2ZW5yaW9zdV9aNWtmdDg6WDJ2Z1hoM0xGdG85c0R4VVJid1A=
accept: */*

Response DefaultHttpResponse(decodeResult: success, version: HTTP/1.1)
HTTP/1.1 200 OK
Server: nginx
Date: Mon, 05 Jun 2023 06:55:24 GMT
Content-Type: application/json; charset=utf-8
Content-Length: 14
Connection: keep-alive
Source-From: 02
x-powered-by: Express
vary: X-HTTP-Method-Override
etag: W/"e-9/1BuKMgFObM1mWJm+YjxtXJnUM"

01:55:24.677 [AsyncHttpClient-1-5] DEBUG org.asynchttpclient.netty.channel.ChannelManager -- Adding key: https://hub-cloud.browserstack.com:443 for channel [id: 0x9c4ceff6, L:/192.168.1.60:63621 - R:hub-cloud.browserstack.com/207.254.8.9:443]
01:55:24.679 [Forwarding findElement on session da647b3d1e66fd1dd37a67a376ea43f20167d90e to remote] DEBUG org.asynchttpclient.netty.request.NettyRequestSender -- Using pooled Channel '[id: 0x9c4ceff6, L:/192.168.1.60:63621 - R:hub-cloud.browserstack.com/207.254.8.9:443]' for 'POST' to 'https://cesarstevenriosu_Z5kft8:X2vgXh3LFto9sDxURbwP@hub-cloud.browserstack.com/wd/hub/session/da647b3d1e66fd1dd37a67a376ea43f20167d90e/element'
01:55:24.679 [Forwarding findElement on session da647b3d1e66fd1dd37a67a376ea43f20167d90e to remote] DEBUG org.asynchttpclient.netty.request.NettyRequestSender -- Using open Channel [id: 0x9c4ceff6, L:/192.168.1.60:63621 - R:hub-cloud.browserstack.com/207.254.8.9:443] for POST '/wd/hub/session/da647b3d1e66fd1dd37a67a376ea43f20167d90e/element'
01:55:25.141 [AsyncHttpClient-1-5] DEBUG org.asynchttpclient.netty.handler.HttpHandler -- 

Request DefaultHttpRequest(decodeResult: success, version: HTTP/1.1)
POST /wd/hub/session/da647b3d1e66fd1dd37a67a376ea43f20167d90e/element HTTP/1.1
User-Agent: appium/8.3.0 (selenium/4.8.0 (java mac))
Content-Length: 131
Content-Type: application/json; charset=utf-8
host: hub-cloud.browserstack.com
authorization: Basic Y2VzYXJzdGV2ZW5yaW9zdV9aNWtmdDg6WDJ2Z1hoM0xGdG85c0R4VVJid1A=
accept: */*

Response DefaultHttpResponse(decodeResult: success, version: HTTP/1.1)
HTTP/1.1 404 Not Found
Server: nginx
Date: Mon, 05 Jun 2023 06:55:25 GMT
Content-Type: application/json; charset=utf-8
Transfer-Encoding: chunked
Connection: keep-alive
Source-From: 02

01:55:25.141 [AsyncHttpClient-1-5] DEBUG org.asynchttpclient.netty.channel.ChannelManager -- Adding key: https://hub-cloud.browserstack.com:443 for channel [id: 0x9c4ceff6, L:/192.168.1.60:63621 - R:hub-cloud.browserstack.com/207.254.8.9:443]
01:55:25.144 [Forwarding setTimeout on session da647b3d1e66fd1dd37a67a376ea43f20167d90e to remote] DEBUG org.asynchttpclient.netty.request.NettyRequestSender -- Using pooled Channel '[id: 0x9c4ceff6, L:/192.168.1.60:63621 - R:hub-cloud.browserstack.com/207.254.8.9:443]' for 'POST' to 'https://cesarstevenriosu_Z5kft8:X2vgXh3LFto9sDxURbwP@hub-cloud.browserstack.com/wd/hub/session/da647b3d1e66fd1dd37a67a376ea43f20167d90e/timeouts'
01:55:25.144 [Forwarding setTimeout on session da647b3d1e66fd1dd37a67a376ea43f20167d90e to remote] DEBUG org.asynchttpclient.netty.request.NettyRequestSender -- Using open Channel [id: 0x9c4ceff6, L:/192.168.1.60:63621 - R:hub-cloud.browserstack.com/207.254.8.9:443] for POST '/wd/hub/session/da647b3d1e66fd1dd37a67a376ea43f20167d90e/timeouts'
01:55:25.291 [AsyncHttpClient-1-5] DEBUG org.asynchttpclient.netty.handler.HttpHandler -- 

Request DefaultHttpRequest(decodeResult: success, version: HTTP/1.1)
POST /wd/hub/session/da647b3d1e66fd1dd37a67a376ea43f20167d90e/timeouts HTTP/1.1
User-Agent: appium/8.3.0 (selenium/4.8.0 (java mac))
Content-Length: 23
Content-Type: application/json; charset=utf-8
host: hub-cloud.browserstack.com
authorization: Basic Y2VzYXJzdGV2ZW5yaW9zdV9aNWtmdDg6WDJ2Z1hoM0xGdG85c0R4VVJid1A=
accept: */*

Response DefaultHttpResponse(decodeResult: success, version: HTTP/1.1)
HTTP/1.1 200 OK
Server: nginx
Date: Mon, 05 Jun 2023 06:55:25 GMT
Content-Type: application/json; charset=utf-8
Content-Length: 14
Connection: keep-alive
Source-From: 02
x-powered-by: Express
vary: X-HTTP-Method-Override
etag: W/"e-9/1BuKMgFObM1mWJm+YjxtXJnUM"

01:55:25.291 [AsyncHttpClient-1-5] DEBUG org.asynchttpclient.netty.channel.ChannelManager -- Adding key: https://hub-cloud.browserstack.com:443 for channel [id: 0x9c4ceff6, L:/192.168.1.60:63621 - R:hub-cloud.browserstack.com/207.254.8.9:443]
01:55:25.348 [Forwarding setTimeout on session da647b3d1e66fd1dd37a67a376ea43f20167d90e to remote] DEBUG org.asynchttpclient.netty.request.NettyRequestSender -- Using pooled Channel '[id: 0x9c4ceff6, L:/192.168.1.60:63621 - R:hub-cloud.browserstack.com/207.254.8.9:443]' for 'POST' to 'https://cesarstevenriosu_Z5kft8:X2vgXh3LFto9sDxURbwP@hub-cloud.browserstack.com/wd/hub/session/da647b3d1e66fd1dd37a67a376ea43f20167d90e/timeouts'
01:55:25.348 [Forwarding setTimeout on session da647b3d1e66fd1dd37a67a376ea43f20167d90e to remote] DEBUG org.asynchttpclient.netty.request.NettyRequestSender -- Using open Channel [id: 0x9c4ceff6, L:/192.168.1.60:63621 - R:hub-cloud.browserstack.com/207.254.8.9:443] for POST '/wd/hub/session/da647b3d1e66fd1dd37a67a376ea43f20167d90e/timeouts'
01:55:25.494 [AsyncHttpClient-1-5] DEBUG org.asynchttpclient.netty.handler.HttpHandler -- 

Request DefaultHttpRequest(decodeResult: success, version: HTTP/1.1)
POST /wd/hub/session/da647b3d1e66fd1dd37a67a376ea43f20167d90e/timeouts HTTP/1.1
User-Agent: appium/8.3.0 (selenium/4.8.0 (java mac))
Content-Length: 19
Content-Type: application/json; charset=utf-8
host: hub-cloud.browserstack.com
authorization: Basic Y2VzYXJzdGV2ZW5yaW9zdV9aNWtmdDg6WDJ2Z1hoM0xGdG85c0R4VVJid1A=
accept: */*

Response DefaultHttpResponse(decodeResult: success, version: HTTP/1.1)
HTTP/1.1 200 OK
Server: nginx
Date: Mon, 05 Jun 2023 06:55:25 GMT
Content-Type: application/json; charset=utf-8
Content-Length: 14
Connection: keep-alive
Source-From: 02
x-powered-by: Express
vary: X-HTTP-Method-Override
etag: W/"e-9/1BuKMgFObM1mWJm+YjxtXJnUM"

01:55:25.495 [AsyncHttpClient-1-5] DEBUG org.asynchttpclient.netty.channel.ChannelManager -- Adding key: https://hub-cloud.browserstack.com:443 for channel [id: 0x9c4ceff6, L:/192.168.1.60:63621 - R:hub-cloud.browserstack.com/207.254.8.9:443]
01:55:25.496 [Forwarding findElement on session da647b3d1e66fd1dd37a67a376ea43f20167d90e to remote] DEBUG org.asynchttpclient.netty.request.NettyRequestSender -- Using pooled Channel '[id: 0x9c4ceff6, L:/192.168.1.60:63621 - R:hub-cloud.browserstack.com/207.254.8.9:443]' for 'POST' to 'https://cesarstevenriosu_Z5kft8:X2vgXh3LFto9sDxURbwP@hub-cloud.browserstack.com/wd/hub/session/da647b3d1e66fd1dd37a67a376ea43f20167d90e/element'
01:55:25.497 [Forwarding findElement on session da647b3d1e66fd1dd37a67a376ea43f20167d90e to remote] DEBUG org.asynchttpclient.netty.request.NettyRequestSender -- Using open Channel [id: 0x9c4ceff6, L:/192.168.1.60:63621 - R:hub-cloud.browserstack.com/207.254.8.9:443] for POST '/wd/hub/session/da647b3d1e66fd1dd37a67a376ea43f20167d90e/element'
01:55:25.700 [AsyncHttpClient-1-5] DEBUG org.asynchttpclient.netty.handler.HttpHandler -- 

Request DefaultHttpRequest(decodeResult: success, version: HTTP/1.1)
POST /wd/hub/session/da647b3d1e66fd1dd37a67a376ea43f20167d90e/element HTTP/1.1
User-Agent: appium/8.3.0 (selenium/4.8.0 (java mac))
Content-Length: 131
Content-Type: application/json; charset=utf-8
host: hub-cloud.browserstack.com
authorization: Basic Y2VzYXJzdGV2ZW5yaW9zdV9aNWtmdDg6WDJ2Z1hoM0xGdG85c0R4VVJid1A=
accept: */*

Response DefaultHttpResponse(decodeResult: success, version: HTTP/1.1)
HTTP/1.1 404 Not Found
Server: nginx
Date: Mon, 05 Jun 2023 06:55:25 GMT
Content-Type: application/json; charset=utf-8
Transfer-Encoding: chunked
Connection: keep-alive
Source-From: 02

01:55:25.700 [AsyncHttpClient-1-5] DEBUG org.asynchttpclient.netty.channel.ChannelManager -- Adding key: https://hub-cloud.browserstack.com:443 for channel [id: 0x9c4ceff6, L:/192.168.1.60:63621 - R:hub-cloud.browserstack.com/207.254.8.9:443]
01:55:25.704 [Forwarding setTimeout on session da647b3d1e66fd1dd37a67a376ea43f20167d90e to remote] DEBUG org.asynchttpclient.netty.request.NettyRequestSender -- Using pooled Channel '[id: 0x9c4ceff6, L:/192.168.1.60:63621 - R:hub-cloud.browserstack.com/207.254.8.9:443]' for 'POST' to 'https://cesarstevenriosu_Z5kft8:X2vgXh3LFto9sDxURbwP@hub-cloud.browserstack.com/wd/hub/session/da647b3d1e66fd1dd37a67a376ea43f20167d90e/timeouts'
01:55:25.704 [Forwarding setTimeout on session da647b3d1e66fd1dd37a67a376ea43f20167d90e to remote] DEBUG org.asynchttpclient.netty.request.NettyRequestSender -- Using open Channel [id: 0x9c4ceff6, L:/192.168.1.60:63621 - R:hub-cloud.browserstack.com/207.254.8.9:443] for POST '/wd/hub/session/da647b3d1e66fd1dd37a67a376ea43f20167d90e/timeouts'
01:55:25.899 [AsyncHttpClient-1-5] DEBUG org.asynchttpclient.netty.handler.HttpHandler -- 

Request DefaultHttpRequest(decodeResult: success, version: HTTP/1.1)
POST /wd/hub/session/da647b3d1e66fd1dd37a67a376ea43f20167d90e/timeouts HTTP/1.1
User-Agent: appium/8.3.0 (selenium/4.8.0 (java mac))
Content-Length: 23
Content-Type: application/json; charset=utf-8
host: hub-cloud.browserstack.com
authorization: Basic Y2VzYXJzdGV2ZW5yaW9zdV9aNWtmdDg6WDJ2Z1hoM0xGdG85c0R4VVJid1A=
accept: */*

Response DefaultHttpResponse(decodeResult: success, version: HTTP/1.1)
HTTP/1.1 200 OK
Server: nginx
Date: Mon, 05 Jun 2023 06:55:26 GMT
Content-Type: application/json; charset=utf-8
Content-Length: 14
Connection: keep-alive
Source-From: 02
x-powered-by: Express
vary: X-HTTP-Method-Override
etag: W/"e-9/1BuKMgFObM1mWJm+YjxtXJnUM"

01:55:25.900 [AsyncHttpClient-1-5] DEBUG org.asynchttpclient.netty.channel.ChannelManager -- Adding key: https://hub-cloud.browserstack.com:443 for channel [id: 0x9c4ceff6, L:/192.168.1.60:63621 - R:hub-cloud.browserstack.com/207.254.8.9:443]
01:55:25.959 [Forwarding setTimeout on session da647b3d1e66fd1dd37a67a376ea43f20167d90e to remote] DEBUG org.asynchttpclient.netty.request.NettyRequestSender -- Using pooled Channel '[id: 0x9c4ceff6, L:/192.168.1.60:63621 - R:hub-cloud.browserstack.com/207.254.8.9:443]' for 'POST' to 'https://cesarstevenriosu_Z5kft8:X2vgXh3LFto9sDxURbwP@hub-cloud.browserstack.com/wd/hub/session/da647b3d1e66fd1dd37a67a376ea43f20167d90e/timeouts'
01:55:25.959 [Forwarding setTimeout on session da647b3d1e66fd1dd37a67a376ea43f20167d90e to remote] DEBUG org.asynchttpclient.netty.request.NettyRequestSender -- Using open Channel [id: 0x9c4ceff6, L:/192.168.1.60:63621 - R:hub-cloud.browserstack.com/207.254.8.9:443] for POST '/wd/hub/session/da647b3d1e66fd1dd37a67a376ea43f20167d90e/timeouts'
01:55:26.135 [AsyncHttpClient-1-5] DEBUG org.asynchttpclient.netty.handler.HttpHandler -- 

Request DefaultHttpRequest(decodeResult: success, version: HTTP/1.1)
POST /wd/hub/session/da647b3d1e66fd1dd37a67a376ea43f20167d90e/timeouts HTTP/1.1
User-Agent: appium/8.3.0 (selenium/4.8.0 (java mac))
Content-Length: 19
Content-Type: application/json; charset=utf-8
host: hub-cloud.browserstack.com
authorization: Basic Y2VzYXJzdGV2ZW5yaW9zdV9aNWtmdDg6WDJ2Z1hoM0xGdG85c0R4VVJid1A=
accept: */*

Response DefaultHttpResponse(decodeResult: success, version: HTTP/1.1)
HTTP/1.1 200 OK
Server: nginx
Date: Mon, 05 Jun 2023 06:55:26 GMT
Content-Type: application/json; charset=utf-8
Content-Length: 14
Connection: keep-alive
Source-From: 02
x-powered-by: Express
vary: X-HTTP-Method-Override
etag: W/"e-9/1BuKMgFObM1mWJm+YjxtXJnUM"

01:55:26.136 [AsyncHttpClient-1-5] DEBUG org.asynchttpclient.netty.channel.ChannelManager -- Adding key: https://hub-cloud.browserstack.com:443 for channel [id: 0x9c4ceff6, L:/192.168.1.60:63621 - R:hub-cloud.browserstack.com/207.254.8.9:443]
01:55:26.138 [Forwarding findElement on session da647b3d1e66fd1dd37a67a376ea43f20167d90e to remote] DEBUG org.asynchttpclient.netty.request.NettyRequestSender -- Using pooled Channel '[id: 0x9c4ceff6, L:/192.168.1.60:63621 - R:hub-cloud.browserstack.com/207.254.8.9:443]' for 'POST' to 'https://cesarstevenriosu_Z5kft8:X2vgXh3LFto9sDxURbwP@hub-cloud.browserstack.com/wd/hub/session/da647b3d1e66fd1dd37a67a376ea43f20167d90e/element'
01:55:26.138 [Forwarding findElement on session da647b3d1e66fd1dd37a67a376ea43f20167d90e to remote] DEBUG org.asynchttpclient.netty.request.NettyRequestSender -- Using open Channel [id: 0x9c4ceff6, L:/192.168.1.60:63621 - R:hub-cloud.browserstack.com/207.254.8.9:443] for POST '/wd/hub/session/da647b3d1e66fd1dd37a67a376ea43f20167d90e/element'
01:55:26.349 [AsyncHttpClient-1-5] DEBUG org.asynchttpclient.netty.handler.HttpHandler -- 

Request DefaultHttpRequest(decodeResult: success, version: HTTP/1.1)
POST /wd/hub/session/da647b3d1e66fd1dd37a67a376ea43f20167d90e/element HTTP/1.1
User-Agent: appium/8.3.0 (selenium/4.8.0 (java mac))
Content-Length: 131
Content-Type: application/json; charset=utf-8
host: hub-cloud.browserstack.com
authorization: Basic Y2VzYXJzdGV2ZW5yaW9zdV9aNWtmdDg6WDJ2Z1hoM0xGdG85c0R4VVJid1A=
accept: */*

Response DefaultHttpResponse(decodeResult: success, version: HTTP/1.1)
HTTP/1.1 404 Not Found
Server: nginx
Date: Mon, 05 Jun 2023 06:55:26 GMT
Content-Type: application/json; charset=utf-8
Transfer-Encoding: chunked
Connection: keep-alive
Source-From: 02

01:55:26.349 [AsyncHttpClient-1-5] DEBUG org.asynchttpclient.netty.channel.ChannelManager -- Adding key: https://hub-cloud.browserstack.com:443 for channel [id: 0x9c4ceff6, L:/192.168.1.60:63621 - R:hub-cloud.browserstack.com/207.254.8.9:443]
01:55:26.351 [Forwarding setTimeout on session da647b3d1e66fd1dd37a67a376ea43f20167d90e to remote] DEBUG org.asynchttpclient.netty.request.NettyRequestSender -- Using pooled Channel '[id: 0x9c4ceff6, L:/192.168.1.60:63621 - R:hub-cloud.browserstack.com/207.254.8.9:443]' for 'POST' to 'https://cesarstevenriosu_Z5kft8:X2vgXh3LFto9sDxURbwP@hub-cloud.browserstack.com/wd/hub/session/da647b3d1e66fd1dd37a67a376ea43f20167d90e/timeouts'
01:55:26.351 [Forwarding setTimeout on session da647b3d1e66fd1dd37a67a376ea43f20167d90e to remote] DEBUG org.asynchttpclient.netty.request.NettyRequestSender -- Using open Channel [id: 0x9c4ceff6, L:/192.168.1.60:63621 - R:hub-cloud.browserstack.com/207.254.8.9:443] for POST '/wd/hub/session/da647b3d1e66fd1dd37a67a376ea43f20167d90e/timeouts'
01:55:26.440 [AsyncHttpClient-1-5] DEBUG org.asynchttpclient.netty.handler.HttpHandler -- 

Request DefaultHttpRequest(decodeResult: success, version: HTTP/1.1)
POST /wd/hub/session/da647b3d1e66fd1dd37a67a376ea43f20167d90e/timeouts HTTP/1.1
User-Agent: appium/8.3.0 (selenium/4.8.0 (java mac))
Content-Length: 23
Content-Type: application/json; charset=utf-8
host: hub-cloud.browserstack.com
authorization: Basic Y2VzYXJzdGV2ZW5yaW9zdV9aNWtmdDg6WDJ2Z1hoM0xGdG85c0R4VVJid1A=
accept: */*

Response DefaultHttpResponse(decodeResult: success, version: HTTP/1.1)
HTTP/1.1 200 OK
Server: nginx
Date: Mon, 05 Jun 2023 06:55:26 GMT
Content-Type: application/json; charset=utf-8
Content-Length: 14
Connection: keep-alive
Source-From: 02
x-powered-by: Express
vary: X-HTTP-Method-Override
etag: W/"e-9/1BuKMgFObM1mWJm+YjxtXJnUM"

01:55:26.441 [AsyncHttpClient-1-5] DEBUG org.asynchttpclient.netty.channel.ChannelManager -- Adding key: https://hub-cloud.browserstack.com:443 for channel [id: 0x9c4ceff6, L:/192.168.1.60:63621 - R:hub-cloud.browserstack.com/207.254.8.9:443]
01:55:26.496 [Forwarding setTimeout on session da647b3d1e66fd1dd37a67a376ea43f20167d90e to remote] DEBUG org.asynchttpclient.netty.request.NettyRequestSender -- Using pooled Channel '[id: 0x9c4ceff6, L:/192.168.1.60:63621 - R:hub-cloud.browserstack.com/207.254.8.9:443]' for 'POST' to 'https://cesarstevenriosu_Z5kft8:X2vgXh3LFto9sDxURbwP@hub-cloud.browserstack.com/wd/hub/session/da647b3d1e66fd1dd37a67a376ea43f20167d90e/timeouts'
01:55:26.497 [Forwarding setTimeout on session da647b3d1e66fd1dd37a67a376ea43f20167d90e to remote] DEBUG org.asynchttpclient.netty.request.NettyRequestSender -- Using open Channel [id: 0x9c4ceff6, L:/192.168.1.60:63621 - R:hub-cloud.browserstack.com/207.254.8.9:443] for POST '/wd/hub/session/da647b3d1e66fd1dd37a67a376ea43f20167d90e/timeouts'
01:55:26.593 [AsyncHttpClient-1-5] DEBUG org.asynchttpclient.netty.handler.HttpHandler -- 

Request DefaultHttpRequest(decodeResult: success, version: HTTP/1.1)
POST /wd/hub/session/da647b3d1e66fd1dd37a67a376ea43f20167d90e/timeouts HTTP/1.1
User-Agent: appium/8.3.0 (selenium/4.8.0 (java mac))
Content-Length: 19
Content-Type: application/json; charset=utf-8
host: hub-cloud.browserstack.com
authorization: Basic Y2VzYXJzdGV2ZW5yaW9zdV9aNWtmdDg6WDJ2Z1hoM0xGdG85c0R4VVJid1A=
accept: */*

Response DefaultHttpResponse(decodeResult: success, version: HTTP/1.1)
HTTP/1.1 200 OK
Server: nginx
Date: Mon, 05 Jun 2023 06:55:26 GMT
Content-Type: application/json; charset=utf-8
Content-Length: 14
Connection: keep-alive
Source-From: 02
x-powered-by: Express
vary: X-HTTP-Method-Override
etag: W/"e-9/1BuKMgFObM1mWJm+YjxtXJnUM"

01:55:26.593 [AsyncHttpClient-1-5] DEBUG org.asynchttpclient.netty.channel.ChannelManager -- Adding key: https://hub-cloud.browserstack.com:443 for channel [id: 0x9c4ceff6, L:/192.168.1.60:63621 - R:hub-cloud.browserstack.com/207.254.8.9:443]
01:55:26.594 [Forwarding findElement on session da647b3d1e66fd1dd37a67a376ea43f20167d90e to remote] DEBUG org.asynchttpclient.netty.request.NettyRequestSender -- Using pooled Channel '[id: 0x9c4ceff6, L:/192.168.1.60:63621 - R:hub-cloud.browserstack.com/207.254.8.9:443]' for 'POST' to 'https://cesarstevenriosu_Z5kft8:X2vgXh3LFto9sDxURbwP@hub-cloud.browserstack.com/wd/hub/session/da647b3d1e66fd1dd37a67a376ea43f20167d90e/element'
01:55:26.594 [Forwarding findElement on session da647b3d1e66fd1dd37a67a376ea43f20167d90e to remote] DEBUG org.asynchttpclient.netty.request.NettyRequestSender -- Using open Channel [id: 0x9c4ceff6, L:/192.168.1.60:63621 - R:hub-cloud.browserstack.com/207.254.8.9:443] for POST '/wd/hub/session/da647b3d1e66fd1dd37a67a376ea43f20167d90e/element'
01:55:26.836 [AsyncHttpClient-1-5] DEBUG org.asynchttpclient.netty.handler.HttpHandler -- 

Request DefaultHttpRequest(decodeResult: success, version: HTTP/1.1)
POST /wd/hub/session/da647b3d1e66fd1dd37a67a376ea43f20167d90e/element HTTP/1.1
User-Agent: appium/8.3.0 (selenium/4.8.0 (java mac))
Content-Length: 131
Content-Type: application/json; charset=utf-8
host: hub-cloud.browserstack.com
authorization: Basic Y2VzYXJzdGV2ZW5yaW9zdV9aNWtmdDg6WDJ2Z1hoM0xGdG85c0R4VVJid1A=
accept: */*

Response DefaultHttpResponse(decodeResult: success, version: HTTP/1.1)
HTTP/1.1 404 Not Found
Server: nginx
Date: Mon, 05 Jun 2023 06:55:26 GMT
Content-Type: application/json; charset=utf-8
Transfer-Encoding: chunked
Connection: keep-alive
Source-From: 02

01:55:26.836 [AsyncHttpClient-1-5] DEBUG org.asynchttpclient.netty.channel.ChannelManager -- Adding key: https://hub-cloud.browserstack.com:443 for channel [id: 0x9c4ceff6, L:/192.168.1.60:63621 - R:hub-cloud.browserstack.com/207.254.8.9:443]
01:55:26.838 [Forwarding setTimeout on session da647b3d1e66fd1dd37a67a376ea43f20167d90e to remote] DEBUG org.asynchttpclient.netty.request.NettyRequestSender -- Using pooled Channel '[id: 0x9c4ceff6, L:/192.168.1.60:63621 - R:hub-cloud.browserstack.com/207.254.8.9:443]' for 'POST' to 'https://cesarstevenriosu_Z5kft8:X2vgXh3LFto9sDxURbwP@hub-cloud.browserstack.com/wd/hub/session/da647b3d1e66fd1dd37a67a376ea43f20167d90e/timeouts'
01:55:26.838 [Forwarding setTimeout on session da647b3d1e66fd1dd37a67a376ea43f20167d90e to remote] DEBUG org.asynchttpclient.netty.request.NettyRequestSender -- Using open Channel [id: 0x9c4ceff6, L:/192.168.1.60:63621 - R:hub-cloud.browserstack.com/207.254.8.9:443] for POST '/wd/hub/session/da647b3d1e66fd1dd37a67a376ea43f20167d90e/timeouts'
01:55:26.956 [AsyncHttpClient-1-5] DEBUG org.asynchttpclient.netty.handler.HttpHandler -- 

Request DefaultHttpRequest(decodeResult: success, version: HTTP/1.1)
POST /wd/hub/session/da647b3d1e66fd1dd37a67a376ea43f20167d90e/timeouts HTTP/1.1
User-Agent: appium/8.3.0 (selenium/4.8.0 (java mac))
Content-Length: 23
Content-Type: application/json; charset=utf-8
host: hub-cloud.browserstack.com
authorization: Basic Y2VzYXJzdGV2ZW5yaW9zdV9aNWtmdDg6WDJ2Z1hoM0xGdG85c0R4VVJid1A=
accept: */*

Response DefaultHttpResponse(decodeResult: success, version: HTTP/1.1)
HTTP/1.1 200 OK
Server: nginx
Date: Mon, 05 Jun 2023 06:55:27 GMT
Content-Type: application/json; charset=utf-8
Content-Length: 14
Connection: keep-alive
Source-From: 02
x-powered-by: Express
vary: X-HTTP-Method-Override
etag: W/"e-9/1BuKMgFObM1mWJm+YjxtXJnUM"

01:55:26.956 [AsyncHttpClient-1-5] DEBUG org.asynchttpclient.netty.channel.ChannelManager -- Adding key: https://hub-cloud.browserstack.com:443 for channel [id: 0x9c4ceff6, L:/192.168.1.60:63621 - R:hub-cloud.browserstack.com/207.254.8.9:443]
01:55:27.013 [Forwarding setTimeout on session da647b3d1e66fd1dd37a67a376ea43f20167d90e to remote] DEBUG org.asynchttpclient.netty.request.NettyRequestSender -- Using pooled Channel '[id: 0x9c4ceff6, L:/192.168.1.60:63621 - R:hub-cloud.browserstack.com/207.254.8.9:443]' for 'POST' to 'https://cesarstevenriosu_Z5kft8:X2vgXh3LFto9sDxURbwP@hub-cloud.browserstack.com/wd/hub/session/da647b3d1e66fd1dd37a67a376ea43f20167d90e/timeouts'
01:55:27.014 [Forwarding setTimeout on session da647b3d1e66fd1dd37a67a376ea43f20167d90e to remote] DEBUG org.asynchttpclient.netty.request.NettyRequestSender -- Using open Channel [id: 0x9c4ceff6, L:/192.168.1.60:63621 - R:hub-cloud.browserstack.com/207.254.8.9:443] for POST '/wd/hub/session/da647b3d1e66fd1dd37a67a376ea43f20167d90e/timeouts'
01:55:27.099 [AsyncHttpClient-1-5] DEBUG org.asynchttpclient.netty.handler.HttpHandler -- 

Request DefaultHttpRequest(decodeResult: success, version: HTTP/1.1)
POST /wd/hub/session/da647b3d1e66fd1dd37a67a376ea43f20167d90e/timeouts HTTP/1.1
User-Agent: appium/8.3.0 (selenium/4.8.0 (java mac))
Content-Length: 19
Content-Type: application/json; charset=utf-8
host: hub-cloud.browserstack.com
authorization: Basic Y2VzYXJzdGV2ZW5yaW9zdV9aNWtmdDg6WDJ2Z1hoM0xGdG85c0R4VVJid1A=
accept: */*

Response DefaultHttpResponse(decodeResult: success, version: HTTP/1.1)
HTTP/1.1 200 OK
Server: nginx
Date: Mon, 05 Jun 2023 06:55:27 GMT
Content-Type: application/json; charset=utf-8
Content-Length: 14
Connection: keep-alive
Source-From: 02
x-powered-by: Express
vary: X-HTTP-Method-Override
etag: W/"e-9/1BuKMgFObM1mWJm+YjxtXJnUM"

01:55:27.099 [AsyncHttpClient-1-5] DEBUG org.asynchttpclient.netty.channel.ChannelManager -- Adding key: https://hub-cloud.browserstack.com:443 for channel [id: 0x9c4ceff6, L:/192.168.1.60:63621 - R:hub-cloud.browserstack.com/207.254.8.9:443]
01:55:27.105 [Forwarding findElement on session da647b3d1e66fd1dd37a67a376ea43f20167d90e to remote] DEBUG org.asynchttpclient.netty.request.NettyRequestSender -- Using pooled Channel '[id: 0x9c4ceff6, L:/192.168.1.60:63621 - R:hub-cloud.browserstack.com/207.254.8.9:443]' for 'POST' to 'https://cesarstevenriosu_Z5kft8:X2vgXh3LFto9sDxURbwP@hub-cloud.browserstack.com/wd/hub/session/da647b3d1e66fd1dd37a67a376ea43f20167d90e/element'
01:55:27.105 [Forwarding findElement on session da647b3d1e66fd1dd37a67a376ea43f20167d90e to remote] DEBUG org.asynchttpclient.netty.request.NettyRequestSender -- Using open Channel [id: 0x9c4ceff6, L:/192.168.1.60:63621 - R:hub-cloud.browserstack.com/207.254.8.9:443] for POST '/wd/hub/session/da647b3d1e66fd1dd37a67a376ea43f20167d90e/element'
01:55:27.345 [AsyncHttpClient-1-5] DEBUG org.asynchttpclient.netty.handler.HttpHandler -- 

Request DefaultHttpRequest(decodeResult: success, version: HTTP/1.1)
POST /wd/hub/session/da647b3d1e66fd1dd37a67a376ea43f20167d90e/element HTTP/1.1
User-Agent: appium/8.3.0 (selenium/4.8.0 (java mac))
Content-Length: 131
Content-Type: application/json; charset=utf-8
host: hub-cloud.browserstack.com
authorization: Basic Y2VzYXJzdGV2ZW5yaW9zdV9aNWtmdDg6WDJ2Z1hoM0xGdG85c0R4VVJid1A=
accept: */*

Response DefaultHttpResponse(decodeResult: success, version: HTTP/1.1)
HTTP/1.1 404 Not Found
Server: nginx
Date: Mon, 05 Jun 2023 06:55:27 GMT
Content-Type: application/json; charset=utf-8
Transfer-Encoding: chunked
Connection: keep-alive
Source-From: 02

01:55:27.363 [AsyncHttpClient-1-5] DEBUG org.asynchttpclient.netty.channel.ChannelManager -- Adding key: https://hub-cloud.browserstack.com:443 for channel [id: 0x9c4ceff6, L:/192.168.1.60:63621 - R:hub-cloud.browserstack.com/207.254.8.9:443]
01:55:27.369 [Forwarding setTimeout on session da647b3d1e66fd1dd37a67a376ea43f20167d90e to remote] DEBUG org.asynchttpclient.netty.request.NettyRequestSender -- Using pooled Channel '[id: 0x9c4ceff6, L:/192.168.1.60:63621 - R:hub-cloud.browserstack.com/207.254.8.9:443]' for 'POST' to 'https://cesarstevenriosu_Z5kft8:X2vgXh3LFto9sDxURbwP@hub-cloud.browserstack.com/wd/hub/session/da647b3d1e66fd1dd37a67a376ea43f20167d90e/timeouts'
01:55:27.370 [Forwarding setTimeout on session da647b3d1e66fd1dd37a67a376ea43f20167d90e to remote] DEBUG org.asynchttpclient.netty.request.NettyRequestSender -- Using open Channel [id: 0x9c4ceff6, L:/192.168.1.60:63621 - R:hub-cloud.browserstack.com/207.254.8.9:443] for POST '/wd/hub/session/da647b3d1e66fd1dd37a67a376ea43f20167d90e/timeouts'
01:55:27.462 [AsyncHttpClient-1-5] DEBUG org.asynchttpclient.netty.handler.HttpHandler -- 

Request DefaultHttpRequest(decodeResult: success, version: HTTP/1.1)
POST /wd/hub/session/da647b3d1e66fd1dd37a67a376ea43f20167d90e/timeouts HTTP/1.1
User-Agent: appium/8.3.0 (selenium/4.8.0 (java mac))
Content-Length: 23
Content-Type: application/json; charset=utf-8
host: hub-cloud.browserstack.com
authorization: Basic Y2VzYXJzdGV2ZW5yaW9zdV9aNWtmdDg6WDJ2Z1hoM0xGdG85c0R4VVJid1A=
accept: */*

Response DefaultHttpResponse(decodeResult: success, version: HTTP/1.1)
HTTP/1.1 200 OK
Server: nginx
Date: Mon, 05 Jun 2023 06:55:27 GMT
Content-Type: application/json; charset=utf-8
Content-Length: 14
Connection: keep-alive
Source-From: 02
x-powered-by: Express
vary: X-HTTP-Method-Override
etag: W/"e-9/1BuKMgFObM1mWJm+YjxtXJnUM"

01:55:27.462 [AsyncHttpClient-1-5] DEBUG org.asynchttpclient.netty.channel.ChannelManager -- Adding key: https://hub-cloud.browserstack.com:443 for channel [id: 0x9c4ceff6, L:/192.168.1.60:63621 - R:hub-cloud.browserstack.com/207.254.8.9:443]
01:55:27.520 [Forwarding setTimeout on session da647b3d1e66fd1dd37a67a376ea43f20167d90e to remote] DEBUG org.asynchttpclient.netty.request.NettyRequestSender -- Using pooled Channel '[id: 0x9c4ceff6, L:/192.168.1.60:63621 - R:hub-cloud.browserstack.com/207.254.8.9:443]' for 'POST' to 'https://cesarstevenriosu_Z5kft8:X2vgXh3LFto9sDxURbwP@hub-cloud.browserstack.com/wd/hub/session/da647b3d1e66fd1dd37a67a376ea43f20167d90e/timeouts'
01:55:27.520 [Forwarding setTimeout on session da647b3d1e66fd1dd37a67a376ea43f20167d90e to remote] DEBUG org.asynchttpclient.netty.request.NettyRequestSender -- Using open Channel [id: 0x9c4ceff6, L:/192.168.1.60:63621 - R:hub-cloud.browserstack.com/207.254.8.9:443] for POST '/wd/hub/session/da647b3d1e66fd1dd37a67a376ea43f20167d90e/timeouts'
01:55:27.644 [AsyncHttpClient-1-5] DEBUG org.asynchttpclient.netty.handler.HttpHandler -- 

Request DefaultHttpRequest(decodeResult: success, version: HTTP/1.1)
POST /wd/hub/session/da647b3d1e66fd1dd37a67a376ea43f20167d90e/timeouts HTTP/1.1
User-Agent: appium/8.3.0 (selenium/4.8.0 (java mac))
Content-Length: 19
Content-Type: application/json; charset=utf-8
host: hub-cloud.browserstack.com
authorization: Basic Y2VzYXJzdGV2ZW5yaW9zdV9aNWtmdDg6WDJ2Z1hoM0xGdG85c0R4VVJid1A=
accept: */*

Response DefaultHttpResponse(decodeResult: success, version: HTTP/1.1)
HTTP/1.1 200 OK
Server: nginx
Date: Mon, 05 Jun 2023 06:55:27 GMT
Content-Type: application/json; charset=utf-8
Content-Length: 14
Connection: keep-alive
Source-From: 02
x-powered-by: Express
vary: X-HTTP-Method-Override
etag: W/"e-9/1BuKMgFObM1mWJm+YjxtXJnUM"

01:55:27.644 [AsyncHttpClient-1-5] DEBUG org.asynchttpclient.netty.channel.ChannelManager -- Adding key: https://hub-cloud.browserstack.com:443 for channel [id: 0x9c4ceff6, L:/192.168.1.60:63621 - R:hub-cloud.browserstack.com/207.254.8.9:443]
01:55:27.646 [Forwarding findElement on session da647b3d1e66fd1dd37a67a376ea43f20167d90e to remote] DEBUG org.asynchttpclient.netty.request.NettyRequestSender -- Using pooled Channel '[id: 0x9c4ceff6, L:/192.168.1.60:63621 - R:hub-cloud.browserstack.com/207.254.8.9:443]' for 'POST' to 'https://cesarstevenriosu_Z5kft8:X2vgXh3LFto9sDxURbwP@hub-cloud.browserstack.com/wd/hub/session/da647b3d1e66fd1dd37a67a376ea43f20167d90e/element'
01:55:27.646 [Forwarding findElement on session da647b3d1e66fd1dd37a67a376ea43f20167d90e to remote] DEBUG org.asynchttpclient.netty.request.NettyRequestSender -- Using open Channel [id: 0x9c4ceff6, L:/192.168.1.60:63621 - R:hub-cloud.browserstack.com/207.254.8.9:443] for POST '/wd/hub/session/da647b3d1e66fd1dd37a67a376ea43f20167d90e/element'
01:55:27.847 [AsyncHttpClient-1-5] DEBUG org.asynchttpclient.netty.handler.HttpHandler -- 

Request DefaultHttpRequest(decodeResult: success, version: HTTP/1.1)
POST /wd/hub/session/da647b3d1e66fd1dd37a67a376ea43f20167d90e/element HTTP/1.1
User-Agent: appium/8.3.0 (selenium/4.8.0 (java mac))
Content-Length: 131
Content-Type: application/json; charset=utf-8
host: hub-cloud.browserstack.com
authorization: Basic Y2VzYXJzdGV2ZW5yaW9zdV9aNWtmdDg6WDJ2Z1hoM0xGdG85c0R4VVJid1A=
accept: */*

Response DefaultHttpResponse(decodeResult: success, version: HTTP/1.1)
HTTP/1.1 404 Not Found
Server: nginx
Date: Mon, 05 Jun 2023 06:55:27 GMT
Content-Type: application/json; charset=utf-8
Transfer-Encoding: chunked
Connection: keep-alive
Source-From: 02

01:55:27.847 [AsyncHttpClient-1-5] DEBUG org.asynchttpclient.netty.channel.ChannelManager -- Adding key: https://hub-cloud.browserstack.com:443 for channel [id: 0x9c4ceff6, L:/192.168.1.60:63621 - R:hub-cloud.browserstack.com/207.254.8.9:443]
01:55:27.852 [Forwarding setTimeout on session da647b3d1e66fd1dd37a67a376ea43f20167d90e to remote] DEBUG org.asynchttpclient.netty.request.NettyRequestSender -- Using pooled Channel '[id: 0x9c4ceff6, L:/192.168.1.60:63621 - R:hub-cloud.browserstack.com/207.254.8.9:443]' for 'POST' to 'https://cesarstevenriosu_Z5kft8:X2vgXh3LFto9sDxURbwP@hub-cloud.browserstack.com/wd/hub/session/da647b3d1e66fd1dd37a67a376ea43f20167d90e/timeouts'
01:55:27.852 [Forwarding setTimeout on session da647b3d1e66fd1dd37a67a376ea43f20167d90e to remote] DEBUG org.asynchttpclient.netty.request.NettyRequestSender -- Using open Channel [id: 0x9c4ceff6, L:/192.168.1.60:63621 - R:hub-cloud.browserstack.com/207.254.8.9:443] for POST '/wd/hub/session/da647b3d1e66fd1dd37a67a376ea43f20167d90e/timeouts'
01:55:27.943 [AsyncHttpClient-1-5] DEBUG org.asynchttpclient.netty.handler.HttpHandler -- 

Request DefaultHttpRequest(decodeResult: success, version: HTTP/1.1)
POST /wd/hub/session/da647b3d1e66fd1dd37a67a376ea43f20167d90e/timeouts HTTP/1.1
User-Agent: appium/8.3.0 (selenium/4.8.0 (java mac))
Content-Length: 23
Content-Type: application/json; charset=utf-8
host: hub-cloud.browserstack.com
authorization: Basic Y2VzYXJzdGV2ZW5yaW9zdV9aNWtmdDg6WDJ2Z1hoM0xGdG85c0R4VVJid1A=
accept: */*

Response DefaultHttpResponse(decodeResult: success, version: HTTP/1.1)
HTTP/1.1 200 OK
Server: nginx
Date: Mon, 05 Jun 2023 06:55:28 GMT
Content-Type: application/json; charset=utf-8
Content-Length: 14
Connection: keep-alive
Source-From: 02
x-powered-by: Express
vary: X-HTTP-Method-Override
etag: W/"e-9/1BuKMgFObM1mWJm+YjxtXJnUM"

01:55:27.944 [AsyncHttpClient-1-5] DEBUG org.asynchttpclient.netty.channel.ChannelManager -- Adding key: https://hub-cloud.browserstack.com:443 for channel [id: 0x9c4ceff6, L:/192.168.1.60:63621 - R:hub-cloud.browserstack.com/207.254.8.9:443]
01:55:28.005 [Forwarding setTimeout on session da647b3d1e66fd1dd37a67a376ea43f20167d90e to remote] DEBUG org.asynchttpclient.netty.request.NettyRequestSender -- Using pooled Channel '[id: 0x9c4ceff6, L:/192.168.1.60:63621 - R:hub-cloud.browserstack.com/207.254.8.9:443]' for 'POST' to 'https://cesarstevenriosu_Z5kft8:X2vgXh3LFto9sDxURbwP@hub-cloud.browserstack.com/wd/hub/session/da647b3d1e66fd1dd37a67a376ea43f20167d90e/timeouts'
01:55:28.005 [Forwarding setTimeout on session da647b3d1e66fd1dd37a67a376ea43f20167d90e to remote] DEBUG org.asynchttpclient.netty.request.NettyRequestSender -- Using open Channel [id: 0x9c4ceff6, L:/192.168.1.60:63621 - R:hub-cloud.browserstack.com/207.254.8.9:443] for POST '/wd/hub/session/da647b3d1e66fd1dd37a67a376ea43f20167d90e/timeouts'
01:55:28.145 [AsyncHttpClient-1-5] DEBUG org.asynchttpclient.netty.handler.HttpHandler -- 

Request DefaultHttpRequest(decodeResult: success, version: HTTP/1.1)
POST /wd/hub/session/da647b3d1e66fd1dd37a67a376ea43f20167d90e/timeouts HTTP/1.1
User-Agent: appium/8.3.0 (selenium/4.8.0 (java mac))
Content-Length: 19
Content-Type: application/json; charset=utf-8
host: hub-cloud.browserstack.com
authorization: Basic Y2VzYXJzdGV2ZW5yaW9zdV9aNWtmdDg6WDJ2Z1hoM0xGdG85c0R4VVJid1A=
accept: */*

Response DefaultHttpResponse(decodeResult: success, version: HTTP/1.1)
HTTP/1.1 200 OK
Server: nginx
Date: Mon, 05 Jun 2023 06:55:28 GMT
Content-Type: application/json; charset=utf-8
Content-Length: 14
Connection: keep-alive
Source-From: 02
x-powered-by: Express
vary: X-HTTP-Method-Override
etag: W/"e-9/1BuKMgFObM1mWJm+YjxtXJnUM"

01:55:28.145 [AsyncHttpClient-1-5] DEBUG org.asynchttpclient.netty.channel.ChannelManager -- Adding key: https://hub-cloud.browserstack.com:443 for channel [id: 0x9c4ceff6, L:/192.168.1.60:63621 - R:hub-cloud.browserstack.com/207.254.8.9:443]
01:55:28.150 [Forwarding findElement on session da647b3d1e66fd1dd37a67a376ea43f20167d90e to remote] DEBUG org.asynchttpclient.netty.request.NettyRequestSender -- Using pooled Channel '[id: 0x9c4ceff6, L:/192.168.1.60:63621 - R:hub-cloud.browserstack.com/207.254.8.9:443]' for 'POST' to 'https://cesarstevenriosu_Z5kft8:X2vgXh3LFto9sDxURbwP@hub-cloud.browserstack.com/wd/hub/session/da647b3d1e66fd1dd37a67a376ea43f20167d90e/element'
01:55:28.150 [Forwarding findElement on session da647b3d1e66fd1dd37a67a376ea43f20167d90e to remote] DEBUG org.asynchttpclient.netty.request.NettyRequestSender -- Using open Channel [id: 0x9c4ceff6, L:/192.168.1.60:63621 - R:hub-cloud.browserstack.com/207.254.8.9:443] for POST '/wd/hub/session/da647b3d1e66fd1dd37a67a376ea43f20167d90e/element'
01:55:28.410 [AsyncHttpClient-1-5] DEBUG org.asynchttpclient.netty.handler.HttpHandler -- 

Request DefaultHttpRequest(decodeResult: success, version: HTTP/1.1)
POST /wd/hub/session/da647b3d1e66fd1dd37a67a376ea43f20167d90e/element HTTP/1.1
User-Agent: appium/8.3.0 (selenium/4.8.0 (java mac))
Content-Length: 131
Content-Type: application/json; charset=utf-8
host: hub-cloud.browserstack.com
authorization: Basic Y2VzYXJzdGV2ZW5yaW9zdV9aNWtmdDg6WDJ2Z1hoM0xGdG85c0R4VVJid1A=
accept: */*

Response DefaultHttpResponse(decodeResult: success, version: HTTP/1.1)
HTTP/1.1 404 Not Found
Server: nginx
Date: Mon, 05 Jun 2023 06:55:28 GMT
Content-Type: application/json; charset=utf-8
Transfer-Encoding: chunked
Connection: keep-alive
Source-From: 02

01:55:28.411 [AsyncHttpClient-1-5] DEBUG org.asynchttpclient.netty.channel.ChannelManager -- Adding key: https://hub-cloud.browserstack.com:443 for channel [id: 0x9c4ceff6, L:/192.168.1.60:63621 - R:hub-cloud.browserstack.com/207.254.8.9:443]
01:55:28.414 [Forwarding setTimeout on session da647b3d1e66fd1dd37a67a376ea43f20167d90e to remote] DEBUG org.asynchttpclient.netty.request.NettyRequestSender -- Using pooled Channel '[id: 0x9c4ceff6, L:/192.168.1.60:63621 - R:hub-cloud.browserstack.com/207.254.8.9:443]' for 'POST' to 'https://cesarstevenriosu_Z5kft8:X2vgXh3LFto9sDxURbwP@hub-cloud.browserstack.com/wd/hub/session/da647b3d1e66fd1dd37a67a376ea43f20167d90e/timeouts'
01:55:28.414 [Forwarding setTimeout on session da647b3d1e66fd1dd37a67a376ea43f20167d90e to remote] DEBUG org.asynchttpclient.netty.request.NettyRequestSender -- Using open Channel [id: 0x9c4ceff6, L:/192.168.1.60:63621 - R:hub-cloud.browserstack.com/207.254.8.9:443] for POST '/wd/hub/session/da647b3d1e66fd1dd37a67a376ea43f20167d90e/timeouts'
01:55:28.594 [AsyncHttpClient-1-5] DEBUG org.asynchttpclient.netty.handler.HttpHandler -- 

Request DefaultHttpRequest(decodeResult: success, version: HTTP/1.1)
POST /wd/hub/session/da647b3d1e66fd1dd37a67a376ea43f20167d90e/timeouts HTTP/1.1
User-Agent: appium/8.3.0 (selenium/4.8.0 (java mac))
Content-Length: 23
Content-Type: application/json; charset=utf-8
host: hub-cloud.browserstack.com
authorization: Basic Y2VzYXJzdGV2ZW5yaW9zdV9aNWtmdDg6WDJ2Z1hoM0xGdG85c0R4VVJid1A=
accept: */*

Response DefaultHttpResponse(decodeResult: success, version: HTTP/1.1)
HTTP/1.1 200 OK
Server: nginx
Date: Mon, 05 Jun 2023 06:55:28 GMT
Content-Type: application/json; charset=utf-8
Content-Length: 14
Connection: keep-alive
Source-From: 02
x-powered-by: Express
vary: X-HTTP-Method-Override
etag: W/"e-9/1BuKMgFObM1mWJm+YjxtXJnUM"

01:55:28.594 [AsyncHttpClient-1-5] DEBUG org.asynchttpclient.netty.channel.ChannelManager -- Adding key: https://hub-cloud.browserstack.com:443 for channel [id: 0x9c4ceff6, L:/192.168.1.60:63621 - R:hub-cloud.browserstack.com/207.254.8.9:443]
01:55:28.651 [Forwarding setTimeout on session da647b3d1e66fd1dd37a67a376ea43f20167d90e to remote] DEBUG org.asynchttpclient.netty.request.NettyRequestSender -- Using pooled Channel '[id: 0x9c4ceff6, L:/192.168.1.60:63621 - R:hub-cloud.browserstack.com/207.254.8.9:443]' for 'POST' to 'https://cesarstevenriosu_Z5kft8:X2vgXh3LFto9sDxURbwP@hub-cloud.browserstack.com/wd/hub/session/da647b3d1e66fd1dd37a67a376ea43f20167d90e/timeouts'
01:55:28.651 [Forwarding setTimeout on session da647b3d1e66fd1dd37a67a376ea43f20167d90e to remote] DEBUG org.asynchttpclient.netty.request.NettyRequestSender -- Using open Channel [id: 0x9c4ceff6, L:/192.168.1.60:63621 - R:hub-cloud.browserstack.com/207.254.8.9:443] for POST '/wd/hub/session/da647b3d1e66fd1dd37a67a376ea43f20167d90e/timeouts'
01:55:28.782 [AsyncHttpClient-1-5] DEBUG org.asynchttpclient.netty.handler.HttpHandler -- 

Request DefaultHttpRequest(decodeResult: success, version: HTTP/1.1)
POST /wd/hub/session/da647b3d1e66fd1dd37a67a376ea43f20167d90e/timeouts HTTP/1.1
User-Agent: appium/8.3.0 (selenium/4.8.0 (java mac))
Content-Length: 19
Content-Type: application/json; charset=utf-8
host: hub-cloud.browserstack.com
authorization: Basic Y2VzYXJzdGV2ZW5yaW9zdV9aNWtmdDg6WDJ2Z1hoM0xGdG85c0R4VVJid1A=
accept: */*

Response DefaultHttpResponse(decodeResult: success, version: HTTP/1.1)
HTTP/1.1 200 OK
Server: nginx
Date: Mon, 05 Jun 2023 06:55:28 GMT
Content-Type: application/json; charset=utf-8
Content-Length: 14
Connection: keep-alive
Source-From: 02
x-powered-by: Express
vary: X-HTTP-Method-Override
etag: W/"e-9/1BuKMgFObM1mWJm+YjxtXJnUM"

01:55:28.783 [AsyncHttpClient-1-5] DEBUG org.asynchttpclient.netty.channel.ChannelManager -- Adding key: https://hub-cloud.browserstack.com:443 for channel [id: 0x9c4ceff6, L:/192.168.1.60:63621 - R:hub-cloud.browserstack.com/207.254.8.9:443]
01:55:28.786 [Forwarding findElement on session da647b3d1e66fd1dd37a67a376ea43f20167d90e to remote] DEBUG org.asynchttpclient.netty.request.NettyRequestSender -- Using pooled Channel '[id: 0x9c4ceff6, L:/192.168.1.60:63621 - R:hub-cloud.browserstack.com/207.254.8.9:443]' for 'POST' to 'https://cesarstevenriosu_Z5kft8:X2vgXh3LFto9sDxURbwP@hub-cloud.browserstack.com/wd/hub/session/da647b3d1e66fd1dd37a67a376ea43f20167d90e/element'
01:55:28.786 [Forwarding findElement on session da647b3d1e66fd1dd37a67a376ea43f20167d90e to remote] DEBUG org.asynchttpclient.netty.request.NettyRequestSender -- Using open Channel [id: 0x9c4ceff6, L:/192.168.1.60:63621 - R:hub-cloud.browserstack.com/207.254.8.9:443] for POST '/wd/hub/session/da647b3d1e66fd1dd37a67a376ea43f20167d90e/element'
01:55:29.033 [AsyncHttpClient-1-5] DEBUG org.asynchttpclient.netty.handler.HttpHandler -- 

Request DefaultHttpRequest(decodeResult: success, version: HTTP/1.1)
POST /wd/hub/session/da647b3d1e66fd1dd37a67a376ea43f20167d90e/element HTTP/1.1
User-Agent: appium/8.3.0 (selenium/4.8.0 (java mac))
Content-Length: 131
Content-Type: application/json; charset=utf-8
host: hub-cloud.browserstack.com
authorization: Basic Y2VzYXJzdGV2ZW5yaW9zdV9aNWtmdDg6WDJ2Z1hoM0xGdG85c0R4VVJid1A=
accept: */*

Response DefaultHttpResponse(decodeResult: success, version: HTTP/1.1)
HTTP/1.1 404 Not Found
Server: nginx
Date: Mon, 05 Jun 2023 06:55:29 GMT
Content-Type: application/json; charset=utf-8
Transfer-Encoding: chunked
Connection: keep-alive
Source-From: 02

01:55:29.034 [AsyncHttpClient-1-5] DEBUG org.asynchttpclient.netty.channel.ChannelManager -- Adding key: https://hub-cloud.browserstack.com:443 for channel [id: 0x9c4ceff6, L:/192.168.1.60:63621 - R:hub-cloud.browserstack.com/207.254.8.9:443]
01:55:29.038 [Forwarding setTimeout on session da647b3d1e66fd1dd37a67a376ea43f20167d90e to remote] DEBUG org.asynchttpclient.netty.request.NettyRequestSender -- Using pooled Channel '[id: 0x9c4ceff6, L:/192.168.1.60:63621 - R:hub-cloud.browserstack.com/207.254.8.9:443]' for 'POST' to 'https://cesarstevenriosu_Z5kft8:X2vgXh3LFto9sDxURbwP@hub-cloud.browserstack.com/wd/hub/session/da647b3d1e66fd1dd37a67a376ea43f20167d90e/timeouts'
01:55:29.038 [Forwarding setTimeout on session da647b3d1e66fd1dd37a67a376ea43f20167d90e to remote] DEBUG org.asynchttpclient.netty.request.NettyRequestSender -- Using open Channel [id: 0x9c4ceff6, L:/192.168.1.60:63621 - R:hub-cloud.browserstack.com/207.254.8.9:443] for POST '/wd/hub/session/da647b3d1e66fd1dd37a67a376ea43f20167d90e/timeouts'
01:55:29.162 [AsyncHttpClient-1-5] DEBUG org.asynchttpclient.netty.handler.HttpHandler -- 

Request DefaultHttpRequest(decodeResult: success, version: HTTP/1.1)
POST /wd/hub/session/da647b3d1e66fd1dd37a67a376ea43f20167d90e/timeouts HTTP/1.1
User-Agent: appium/8.3.0 (selenium/4.8.0 (java mac))
Content-Length: 23
Content-Type: application/json; charset=utf-8
host: hub-cloud.browserstack.com
authorization: Basic Y2VzYXJzdGV2ZW5yaW9zdV9aNWtmdDg6WDJ2Z1hoM0xGdG85c0R4VVJid1A=
accept: */*

Response DefaultHttpResponse(decodeResult: success, version: HTTP/1.1)
HTTP/1.1 200 OK
Server: nginx
Date: Mon, 05 Jun 2023 06:55:29 GMT
Content-Type: application/json; charset=utf-8
Content-Length: 14
Connection: keep-alive
Source-From: 02
x-powered-by: Express
vary: X-HTTP-Method-Override
etag: W/"e-9/1BuKMgFObM1mWJm+YjxtXJnUM"

01:55:29.162 [AsyncHttpClient-1-5] DEBUG org.asynchttpclient.netty.channel.ChannelManager -- Adding key: https://hub-cloud.browserstack.com:443 for channel [id: 0x9c4ceff6, L:/192.168.1.60:63621 - R:hub-cloud.browserstack.com/207.254.8.9:443]
01:55:29.221 [Forwarding setTimeout on session da647b3d1e66fd1dd37a67a376ea43f20167d90e to remote] DEBUG org.asynchttpclient.netty.request.NettyRequestSender -- Using pooled Channel '[id: 0x9c4ceff6, L:/192.168.1.60:63621 - R:hub-cloud.browserstack.com/207.254.8.9:443]' for 'POST' to 'https://cesarstevenriosu_Z5kft8:X2vgXh3LFto9sDxURbwP@hub-cloud.browserstack.com/wd/hub/session/da647b3d1e66fd1dd37a67a376ea43f20167d90e/timeouts'
01:55:29.222 [Forwarding setTimeout on session da647b3d1e66fd1dd37a67a376ea43f20167d90e to remote] DEBUG org.asynchttpclient.netty.request.NettyRequestSender -- Using open Channel [id: 0x9c4ceff6, L:/192.168.1.60:63621 - R:hub-cloud.browserstack.com/207.254.8.9:443] for POST '/wd/hub/session/da647b3d1e66fd1dd37a67a376ea43f20167d90e/timeouts'
01:55:29.321 [AsyncHttpClient-1-5] DEBUG org.asynchttpclient.netty.handler.HttpHandler -- 

Request DefaultHttpRequest(decodeResult: success, version: HTTP/1.1)
POST /wd/hub/session/da647b3d1e66fd1dd37a67a376ea43f20167d90e/timeouts HTTP/1.1
User-Agent: appium/8.3.0 (selenium/4.8.0 (java mac))
Content-Length: 19
Content-Type: application/json; charset=utf-8
host: hub-cloud.browserstack.com
authorization: Basic Y2VzYXJzdGV2ZW5yaW9zdV9aNWtmdDg6WDJ2Z1hoM0xGdG85c0R4VVJid1A=
accept: */*

Response DefaultHttpResponse(decodeResult: success, version: HTTP/1.1)
HTTP/1.1 200 OK
Server: nginx
Date: Mon, 05 Jun 2023 06:55:29 GMT
Content-Type: application/json; charset=utf-8
Content-Length: 14
Connection: keep-alive
Source-From: 02
x-powered-by: Express
vary: X-HTTP-Method-Override
etag: W/"e-9/1BuKMgFObM1mWJm+YjxtXJnUM"

01:55:29.321 [AsyncHttpClient-1-5] DEBUG org.asynchttpclient.netty.channel.ChannelManager -- Adding key: https://hub-cloud.browserstack.com:443 for channel [id: 0x9c4ceff6, L:/192.168.1.60:63621 - R:hub-cloud.browserstack.com/207.254.8.9:443]
01:55:29.322 [Forwarding findElement on session da647b3d1e66fd1dd37a67a376ea43f20167d90e to remote] DEBUG org.asynchttpclient.netty.request.NettyRequestSender -- Using pooled Channel '[id: 0x9c4ceff6, L:/192.168.1.60:63621 - R:hub-cloud.browserstack.com/207.254.8.9:443]' for 'POST' to 'https://cesarstevenriosu_Z5kft8:X2vgXh3LFto9sDxURbwP@hub-cloud.browserstack.com/wd/hub/session/da647b3d1e66fd1dd37a67a376ea43f20167d90e/element'
01:55:29.322 [Forwarding findElement on session da647b3d1e66fd1dd37a67a376ea43f20167d90e to remote] DEBUG org.asynchttpclient.netty.request.NettyRequestSender -- Using open Channel [id: 0x9c4ceff6, L:/192.168.1.60:63621 - R:hub-cloud.browserstack.com/207.254.8.9:443] for POST '/wd/hub/session/da647b3d1e66fd1dd37a67a376ea43f20167d90e/element'
01:55:29.551 [AsyncHttpClient-1-5] DEBUG org.asynchttpclient.netty.handler.HttpHandler -- 

Request DefaultHttpRequest(decodeResult: success, version: HTTP/1.1)
POST /wd/hub/session/da647b3d1e66fd1dd37a67a376ea43f20167d90e/element HTTP/1.1
User-Agent: appium/8.3.0 (selenium/4.8.0 (java mac))
Content-Length: 131
Content-Type: application/json; charset=utf-8
host: hub-cloud.browserstack.com
authorization: Basic Y2VzYXJzdGV2ZW5yaW9zdV9aNWtmdDg6WDJ2Z1hoM0xGdG85c0R4VVJid1A=
accept: */*

Response DefaultHttpResponse(decodeResult: success, version: HTTP/1.1)
HTTP/1.1 404 Not Found
Server: nginx
Date: Mon, 05 Jun 2023 06:55:29 GMT
Content-Type: application/json; charset=utf-8
Transfer-Encoding: chunked
Connection: keep-alive
Source-From: 02

01:55:29.551 [AsyncHttpClient-1-5] DEBUG org.asynchttpclient.netty.channel.ChannelManager -- Adding key: https://hub-cloud.browserstack.com:443 for channel [id: 0x9c4ceff6, L:/192.168.1.60:63621 - R:hub-cloud.browserstack.com/207.254.8.9:443]
01:55:29.555 [Forwarding setTimeout on session da647b3d1e66fd1dd37a67a376ea43f20167d90e to remote] DEBUG org.asynchttpclient.netty.request.NettyRequestSender -- Using pooled Channel '[id: 0x9c4ceff6, L:/192.168.1.60:63621 - R:hub-cloud.browserstack.com/207.254.8.9:443]' for 'POST' to 'https://cesarstevenriosu_Z5kft8:X2vgXh3LFto9sDxURbwP@hub-cloud.browserstack.com/wd/hub/session/da647b3d1e66fd1dd37a67a376ea43f20167d90e/timeouts'
01:55:29.555 [Forwarding setTimeout on session da647b3d1e66fd1dd37a67a376ea43f20167d90e to remote] DEBUG org.asynchttpclient.netty.request.NettyRequestSender -- Using open Channel [id: 0x9c4ceff6, L:/192.168.1.60:63621 - R:hub-cloud.browserstack.com/207.254.8.9:443] for POST '/wd/hub/session/da647b3d1e66fd1dd37a67a376ea43f20167d90e/timeouts'
01:55:29.715 [AsyncHttpClient-1-5] DEBUG org.asynchttpclient.netty.handler.HttpHandler -- 

Request DefaultHttpRequest(decodeResult: success, version: HTTP/1.1)
POST /wd/hub/session/da647b3d1e66fd1dd37a67a376ea43f20167d90e/timeouts HTTP/1.1
User-Agent: appium/8.3.0 (selenium/4.8.0 (java mac))
Content-Length: 23
Content-Type: application/json; charset=utf-8
host: hub-cloud.browserstack.com
authorization: Basic Y2VzYXJzdGV2ZW5yaW9zdV9aNWtmdDg6WDJ2Z1hoM0xGdG85c0R4VVJid1A=
accept: */*

Response DefaultHttpResponse(decodeResult: success, version: HTTP/1.1)
HTTP/1.1 200 OK
Server: nginx
Date: Mon, 05 Jun 2023 06:55:29 GMT
Content-Type: application/json; charset=utf-8
Content-Length: 14
Connection: keep-alive
Source-From: 02
x-powered-by: Express
vary: X-HTTP-Method-Override
etag: W/"e-9/1BuKMgFObM1mWJm+YjxtXJnUM"

01:55:29.716 [AsyncHttpClient-1-5] DEBUG org.asynchttpclient.netty.channel.ChannelManager -- Adding key: https://hub-cloud.browserstack.com:443 for channel [id: 0x9c4ceff6, L:/192.168.1.60:63621 - R:hub-cloud.browserstack.com/207.254.8.9:443]
01:55:29.778 [Forwarding setTimeout on session da647b3d1e66fd1dd37a67a376ea43f20167d90e to remote] DEBUG org.asynchttpclient.netty.request.NettyRequestSender -- Using pooled Channel '[id: 0x9c4ceff6, L:/192.168.1.60:63621 - R:hub-cloud.browserstack.com/207.254.8.9:443]' for 'POST' to 'https://cesarstevenriosu_Z5kft8:X2vgXh3LFto9sDxURbwP@hub-cloud.browserstack.com/wd/hub/session/da647b3d1e66fd1dd37a67a376ea43f20167d90e/timeouts'
01:55:29.778 [Forwarding setTimeout on session da647b3d1e66fd1dd37a67a376ea43f20167d90e to remote] DEBUG org.asynchttpclient.netty.request.NettyRequestSender -- Using open Channel [id: 0x9c4ceff6, L:/192.168.1.60:63621 - R:hub-cloud.browserstack.com/207.254.8.9:443] for POST '/wd/hub/session/da647b3d1e66fd1dd37a67a376ea43f20167d90e/timeouts'
01:55:29.890 [AsyncHttpClient-1-5] DEBUG org.asynchttpclient.netty.handler.HttpHandler -- 

Request DefaultHttpRequest(decodeResult: success, version: HTTP/1.1)
POST /wd/hub/session/da647b3d1e66fd1dd37a67a376ea43f20167d90e/timeouts HTTP/1.1
User-Agent: appium/8.3.0 (selenium/4.8.0 (java mac))
Content-Length: 19
Content-Type: application/json; charset=utf-8
host: hub-cloud.browserstack.com
authorization: Basic Y2VzYXJzdGV2ZW5yaW9zdV9aNWtmdDg6WDJ2Z1hoM0xGdG85c0R4VVJid1A=
accept: */*

Response DefaultHttpResponse(decodeResult: success, version: HTTP/1.1)
HTTP/1.1 200 OK
Server: nginx
Date: Mon, 05 Jun 2023 06:55:30 GMT
Content-Type: application/json; charset=utf-8
Content-Length: 14
Connection: keep-alive
Source-From: 02
x-powered-by: Express
vary: X-HTTP-Method-Override
etag: W/"e-9/1BuKMgFObM1mWJm+YjxtXJnUM"

01:55:29.890 [AsyncHttpClient-1-5] DEBUG org.asynchttpclient.netty.channel.ChannelManager -- Adding key: https://hub-cloud.browserstack.com:443 for channel [id: 0x9c4ceff6, L:/192.168.1.60:63621 - R:hub-cloud.browserstack.com/207.254.8.9:443]
01:55:29.892 [Forwarding findElement on session da647b3d1e66fd1dd37a67a376ea43f20167d90e to remote] DEBUG org.asynchttpclient.netty.request.NettyRequestSender -- Using pooled Channel '[id: 0x9c4ceff6, L:/192.168.1.60:63621 - R:hub-cloud.browserstack.com/207.254.8.9:443]' for 'POST' to 'https://cesarstevenriosu_Z5kft8:X2vgXh3LFto9sDxURbwP@hub-cloud.browserstack.com/wd/hub/session/da647b3d1e66fd1dd37a67a376ea43f20167d90e/element'
01:55:29.893 [Forwarding findElement on session da647b3d1e66fd1dd37a67a376ea43f20167d90e to remote] DEBUG org.asynchttpclient.netty.request.NettyRequestSender -- Using open Channel [id: 0x9c4ceff6, L:/192.168.1.60:63621 - R:hub-cloud.browserstack.com/207.254.8.9:443] for POST '/wd/hub/session/da647b3d1e66fd1dd37a67a376ea43f20167d90e/element'
01:55:30.107 [AsyncHttpClient-1-5] DEBUG org.asynchttpclient.netty.handler.HttpHandler -- 

Request DefaultHttpRequest(decodeResult: success, version: HTTP/1.1)
POST /wd/hub/session/da647b3d1e66fd1dd37a67a376ea43f20167d90e/element HTTP/1.1
User-Agent: appium/8.3.0 (selenium/4.8.0 (java mac))
Content-Length: 131
Content-Type: application/json; charset=utf-8
host: hub-cloud.browserstack.com
authorization: Basic Y2VzYXJzdGV2ZW5yaW9zdV9aNWtmdDg6WDJ2Z1hoM0xGdG85c0R4VVJid1A=
accept: */*

Response DefaultHttpResponse(decodeResult: success, version: HTTP/1.1)
HTTP/1.1 404 Not Found
Server: nginx
Date: Mon, 05 Jun 2023 06:55:30 GMT
Content-Type: application/json; charset=utf-8
Transfer-Encoding: chunked
Connection: keep-alive
Source-From: 02

01:55:30.107 [AsyncHttpClient-1-5] DEBUG org.asynchttpclient.netty.channel.ChannelManager -- Adding key: https://hub-cloud.browserstack.com:443 for channel [id: 0x9c4ceff6, L:/192.168.1.60:63621 - R:hub-cloud.browserstack.com/207.254.8.9:443]
01:55:30.110 [Forwarding setTimeout on session da647b3d1e66fd1dd37a67a376ea43f20167d90e to remote] DEBUG org.asynchttpclient.netty.request.NettyRequestSender -- Using pooled Channel '[id: 0x9c4ceff6, L:/192.168.1.60:63621 - R:hub-cloud.browserstack.com/207.254.8.9:443]' for 'POST' to 'https://cesarstevenriosu_Z5kft8:X2vgXh3LFto9sDxURbwP@hub-cloud.browserstack.com/wd/hub/session/da647b3d1e66fd1dd37a67a376ea43f20167d90e/timeouts'
01:55:30.110 [Forwarding setTimeout on session da647b3d1e66fd1dd37a67a376ea43f20167d90e to remote] DEBUG org.asynchttpclient.netty.request.NettyRequestSender -- Using open Channel [id: 0x9c4ceff6, L:/192.168.1.60:63621 - R:hub-cloud.browserstack.com/207.254.8.9:443] for POST '/wd/hub/session/da647b3d1e66fd1dd37a67a376ea43f20167d90e/timeouts'
01:55:30.234 [AsyncHttpClient-1-5] DEBUG org.asynchttpclient.netty.handler.HttpHandler -- 

Request DefaultHttpRequest(decodeResult: success, version: HTTP/1.1)
POST /wd/hub/session/da647b3d1e66fd1dd37a67a376ea43f20167d90e/timeouts HTTP/1.1
User-Agent: appium/8.3.0 (selenium/4.8.0 (java mac))
Content-Length: 23
Content-Type: application/json; charset=utf-8
host: hub-cloud.browserstack.com
authorization: Basic Y2VzYXJzdGV2ZW5yaW9zdV9aNWtmdDg6WDJ2Z1hoM0xGdG85c0R4VVJid1A=
accept: */*

Response DefaultHttpResponse(decodeResult: success, version: HTTP/1.1)
HTTP/1.1 200 OK
Server: nginx
Date: Mon, 05 Jun 2023 06:55:30 GMT
Content-Type: application/json; charset=utf-8
Content-Length: 14
Connection: keep-alive
Source-From: 02
x-powered-by: Express
vary: X-HTTP-Method-Override
etag: W/"e-9/1BuKMgFObM1mWJm+YjxtXJnUM"

01:55:30.235 [AsyncHttpClient-1-5] DEBUG org.asynchttpclient.netty.channel.ChannelManager -- Adding key: https://hub-cloud.browserstack.com:443 for channel [id: 0x9c4ceff6, L:/192.168.1.60:63621 - R:hub-cloud.browserstack.com/207.254.8.9:443]
01:55:30.293 [Forwarding setTimeout on session da647b3d1e66fd1dd37a67a376ea43f20167d90e to remote] DEBUG org.asynchttpclient.netty.request.NettyRequestSender -- Using pooled Channel '[id: 0x9c4ceff6, L:/192.168.1.60:63621 - R:hub-cloud.browserstack.com/207.254.8.9:443]' for 'POST' to 'https://cesarstevenriosu_Z5kft8:X2vgXh3LFto9sDxURbwP@hub-cloud.browserstack.com/wd/hub/session/da647b3d1e66fd1dd37a67a376ea43f20167d90e/timeouts'
01:55:30.293 [Forwarding setTimeout on session da647b3d1e66fd1dd37a67a376ea43f20167d90e to remote] DEBUG org.asynchttpclient.netty.request.NettyRequestSender -- Using open Channel [id: 0x9c4ceff6, L:/192.168.1.60:63621 - R:hub-cloud.browserstack.com/207.254.8.9:443] for POST '/wd/hub/session/da647b3d1e66fd1dd37a67a376ea43f20167d90e/timeouts'
01:55:30.407 [AsyncHttpClient-1-5] DEBUG org.asynchttpclient.netty.handler.HttpHandler -- 

Request DefaultHttpRequest(decodeResult: success, version: HTTP/1.1)
POST /wd/hub/session/da647b3d1e66fd1dd37a67a376ea43f20167d90e/timeouts HTTP/1.1
User-Agent: appium/8.3.0 (selenium/4.8.0 (java mac))
Content-Length: 19
Content-Type: application/json; charset=utf-8
host: hub-cloud.browserstack.com
authorization: Basic Y2VzYXJzdGV2ZW5yaW9zdV9aNWtmdDg6WDJ2Z1hoM0xGdG85c0R4VVJid1A=
accept: */*

Response DefaultHttpResponse(decodeResult: success, version: HTTP/1.1)
HTTP/1.1 200 OK
Server: nginx
Date: Mon, 05 Jun 2023 06:55:30 GMT
Content-Type: application/json; charset=utf-8
Content-Length: 14
Connection: keep-alive
Source-From: 02
x-powered-by: Express
vary: X-HTTP-Method-Override
etag: W/"e-9/1BuKMgFObM1mWJm+YjxtXJnUM"

01:55:30.407 [AsyncHttpClient-1-5] DEBUG org.asynchttpclient.netty.channel.ChannelManager -- Adding key: https://hub-cloud.browserstack.com:443 for channel [id: 0x9c4ceff6, L:/192.168.1.60:63621 - R:hub-cloud.browserstack.com/207.254.8.9:443]
01:55:30.409 [Forwarding findElement on session da647b3d1e66fd1dd37a67a376ea43f20167d90e to remote] DEBUG org.asynchttpclient.netty.request.NettyRequestSender -- Using pooled Channel '[id: 0x9c4ceff6, L:/192.168.1.60:63621 - R:hub-cloud.browserstack.com/207.254.8.9:443]' for 'POST' to 'https://cesarstevenriosu_Z5kft8:X2vgXh3LFto9sDxURbwP@hub-cloud.browserstack.com/wd/hub/session/da647b3d1e66fd1dd37a67a376ea43f20167d90e/element'
01:55:30.409 [Forwarding findElement on session da647b3d1e66fd1dd37a67a376ea43f20167d90e to remote] DEBUG org.asynchttpclient.netty.request.NettyRequestSender -- Using open Channel [id: 0x9c4ceff6, L:/192.168.1.60:63621 - R:hub-cloud.browserstack.com/207.254.8.9:443] for POST '/wd/hub/session/da647b3d1e66fd1dd37a67a376ea43f20167d90e/element'
01:55:30.856 [AsyncHttpClient-1-5] DEBUG org.asynchttpclient.netty.handler.HttpHandler -- 

Request DefaultHttpRequest(decodeResult: success, version: HTTP/1.1)
POST /wd/hub/session/da647b3d1e66fd1dd37a67a376ea43f20167d90e/element HTTP/1.1
User-Agent: appium/8.3.0 (selenium/4.8.0 (java mac))
Content-Length: 131
Content-Type: application/json; charset=utf-8
host: hub-cloud.browserstack.com
authorization: Basic Y2VzYXJzdGV2ZW5yaW9zdV9aNWtmdDg6WDJ2Z1hoM0xGdG85c0R4VVJid1A=
accept: */*

Response DefaultHttpResponse(decodeResult: success, version: HTTP/1.1)
HTTP/1.1 404 Not Found
Server: nginx
Date: Mon, 05 Jun 2023 06:55:30 GMT
Content-Type: application/json; charset=utf-8
Transfer-Encoding: chunked
Connection: keep-alive
Source-From: 02

01:55:30.857 [AsyncHttpClient-1-5] DEBUG org.asynchttpclient.netty.channel.ChannelManager -- Adding key: https://hub-cloud.browserstack.com:443 for channel [id: 0x9c4ceff6, L:/192.168.1.60:63621 - R:hub-cloud.browserstack.com/207.254.8.9:443]
01:55:30.860 [Forwarding setTimeout on session da647b3d1e66fd1dd37a67a376ea43f20167d90e to remote] DEBUG org.asynchttpclient.netty.request.NettyRequestSender -- Using pooled Channel '[id: 0x9c4ceff6, L:/192.168.1.60:63621 - R:hub-cloud.browserstack.com/207.254.8.9:443]' for 'POST' to 'https://cesarstevenriosu_Z5kft8:X2vgXh3LFto9sDxURbwP@hub-cloud.browserstack.com/wd/hub/session/da647b3d1e66fd1dd37a67a376ea43f20167d90e/timeouts'
01:55:30.860 [Forwarding setTimeout on session da647b3d1e66fd1dd37a67a376ea43f20167d90e to remote] DEBUG org.asynchttpclient.netty.request.NettyRequestSender -- Using open Channel [id: 0x9c4ceff6, L:/192.168.1.60:63621 - R:hub-cloud.browserstack.com/207.254.8.9:443] for POST '/wd/hub/session/da647b3d1e66fd1dd37a67a376ea43f20167d90e/timeouts'
01:55:30.963 [AsyncHttpClient-1-5] DEBUG org.asynchttpclient.netty.handler.HttpHandler -- 

Request DefaultHttpRequest(decodeResult: success, version: HTTP/1.1)
POST /wd/hub/session/da647b3d1e66fd1dd37a67a376ea43f20167d90e/timeouts HTTP/1.1
User-Agent: appium/8.3.0 (selenium/4.8.0 (java mac))
Content-Length: 23
Content-Type: application/json; charset=utf-8
host: hub-cloud.browserstack.com
authorization: Basic Y2VzYXJzdGV2ZW5yaW9zdV9aNWtmdDg6WDJ2Z1hoM0xGdG85c0R4VVJid1A=
accept: */*

Response DefaultHttpResponse(decodeResult: success, version: HTTP/1.1)
HTTP/1.1 200 OK
Server: nginx
Date: Mon, 05 Jun 2023 06:55:31 GMT
Content-Type: application/json; charset=utf-8
Content-Length: 14
Connection: keep-alive
Source-From: 02
x-powered-by: Express
vary: X-HTTP-Method-Override
etag: W/"e-9/1BuKMgFObM1mWJm+YjxtXJnUM"

01:55:30.964 [AsyncHttpClient-1-5] DEBUG org.asynchttpclient.netty.channel.ChannelManager -- Adding key: https://hub-cloud.browserstack.com:443 for channel [id: 0x9c4ceff6, L:/192.168.1.60:63621 - R:hub-cloud.browserstack.com/207.254.8.9:443]
01:55:31.018 [Forwarding setTimeout on session da647b3d1e66fd1dd37a67a376ea43f20167d90e to remote] DEBUG org.asynchttpclient.netty.request.NettyRequestSender -- Using pooled Channel '[id: 0x9c4ceff6, L:/192.168.1.60:63621 - R:hub-cloud.browserstack.com/207.254.8.9:443]' for 'POST' to 'https://cesarstevenriosu_Z5kft8:X2vgXh3LFto9sDxURbwP@hub-cloud.browserstack.com/wd/hub/session/da647b3d1e66fd1dd37a67a376ea43f20167d90e/timeouts'
01:55:31.019 [Forwarding setTimeout on session da647b3d1e66fd1dd37a67a376ea43f20167d90e to remote] DEBUG org.asynchttpclient.netty.request.NettyRequestSender -- Using open Channel [id: 0x9c4ceff6, L:/192.168.1.60:63621 - R:hub-cloud.browserstack.com/207.254.8.9:443] for POST '/wd/hub/session/da647b3d1e66fd1dd37a67a376ea43f20167d90e/timeouts'
01:55:31.144 [AsyncHttpClient-1-5] DEBUG org.asynchttpclient.netty.handler.HttpHandler -- 

Request DefaultHttpRequest(decodeResult: success, version: HTTP/1.1)
POST /wd/hub/session/da647b3d1e66fd1dd37a67a376ea43f20167d90e/timeouts HTTP/1.1
User-Agent: appium/8.3.0 (selenium/4.8.0 (java mac))
Content-Length: 19
Content-Type: application/json; charset=utf-8
host: hub-cloud.browserstack.com
authorization: Basic Y2VzYXJzdGV2ZW5yaW9zdV9aNWtmdDg6WDJ2Z1hoM0xGdG85c0R4VVJid1A=
accept: */*

Response DefaultHttpResponse(decodeResult: success, version: HTTP/1.1)
HTTP/1.1 200 OK
Server: nginx
Date: Mon, 05 Jun 2023 06:55:31 GMT
Content-Type: application/json; charset=utf-8
Content-Length: 14
Connection: keep-alive
Source-From: 02
x-powered-by: Express
vary: X-HTTP-Method-Override
etag: W/"e-9/1BuKMgFObM1mWJm+YjxtXJnUM"

01:55:31.147 [AsyncHttpClient-1-5] DEBUG org.asynchttpclient.netty.channel.ChannelManager -- Adding key: https://hub-cloud.browserstack.com:443 for channel [id: 0x9c4ceff6, L:/192.168.1.60:63621 - R:hub-cloud.browserstack.com/207.254.8.9:443]
01:55:31.150 [Forwarding findElement on session da647b3d1e66fd1dd37a67a376ea43f20167d90e to remote] DEBUG org.asynchttpclient.netty.request.NettyRequestSender -- Using pooled Channel '[id: 0x9c4ceff6, L:/192.168.1.60:63621 - R:hub-cloud.browserstack.com/207.254.8.9:443]' for 'POST' to 'https://cesarstevenriosu_Z5kft8:X2vgXh3LFto9sDxURbwP@hub-cloud.browserstack.com/wd/hub/session/da647b3d1e66fd1dd37a67a376ea43f20167d90e/element'
01:55:31.150 [Forwarding findElement on session da647b3d1e66fd1dd37a67a376ea43f20167d90e to remote] DEBUG org.asynchttpclient.netty.request.NettyRequestSender -- Using open Channel [id: 0x9c4ceff6, L:/192.168.1.60:63621 - R:hub-cloud.browserstack.com/207.254.8.9:443] for POST '/wd/hub/session/da647b3d1e66fd1dd37a67a376ea43f20167d90e/element'
01:55:31.382 [AsyncHttpClient-1-5] DEBUG org.asynchttpclient.netty.handler.HttpHandler -- 

Request DefaultHttpRequest(decodeResult: success, version: HTTP/1.1)
POST /wd/hub/session/da647b3d1e66fd1dd37a67a376ea43f20167d90e/element HTTP/1.1
User-Agent: appium/8.3.0 (selenium/4.8.0 (java mac))
Content-Length: 131
Content-Type: application/json; charset=utf-8
host: hub-cloud.browserstack.com
authorization: Basic Y2VzYXJzdGV2ZW5yaW9zdV9aNWtmdDg6WDJ2Z1hoM0xGdG85c0R4VVJid1A=
accept: */*

Response DefaultHttpResponse(decodeResult: success, version: HTTP/1.1)
HTTP/1.1 404 Not Found
Server: nginx
Date: Mon, 05 Jun 2023 06:55:31 GMT
Content-Type: application/json; charset=utf-8
Transfer-Encoding: chunked
Connection: keep-alive
Source-From: 02

01:55:31.383 [AsyncHttpClient-1-5] DEBUG org.asynchttpclient.netty.channel.ChannelManager -- Adding key: https://hub-cloud.browserstack.com:443 for channel [id: 0x9c4ceff6, L:/192.168.1.60:63621 - R:hub-cloud.browserstack.com/207.254.8.9:443]
01:55:31.385 [Forwarding setTimeout on session da647b3d1e66fd1dd37a67a376ea43f20167d90e to remote] DEBUG org.asynchttpclient.netty.request.NettyRequestSender -- Using pooled Channel '[id: 0x9c4ceff6, L:/192.168.1.60:63621 - R:hub-cloud.browserstack.com/207.254.8.9:443]' for 'POST' to 'https://cesarstevenriosu_Z5kft8:X2vgXh3LFto9sDxURbwP@hub-cloud.browserstack.com/wd/hub/session/da647b3d1e66fd1dd37a67a376ea43f20167d90e/timeouts'
01:55:31.385 [Forwarding setTimeout on session da647b3d1e66fd1dd37a67a376ea43f20167d90e to remote] DEBUG org.asynchttpclient.netty.request.NettyRequestSender -- Using open Channel [id: 0x9c4ceff6, L:/192.168.1.60:63621 - R:hub-cloud.browserstack.com/207.254.8.9:443] for POST '/wd/hub/session/da647b3d1e66fd1dd37a67a376ea43f20167d90e/timeouts'
01:55:31.464 [AsyncHttpClient-1-5] DEBUG org.asynchttpclient.netty.handler.HttpHandler -- 

Request DefaultHttpRequest(decodeResult: success, version: HTTP/1.1)
POST /wd/hub/session/da647b3d1e66fd1dd37a67a376ea43f20167d90e/timeouts HTTP/1.1
User-Agent: appium/8.3.0 (selenium/4.8.0 (java mac))
Content-Length: 23
Content-Type: application/json; charset=utf-8
host: hub-cloud.browserstack.com
authorization: Basic Y2VzYXJzdGV2ZW5yaW9zdV9aNWtmdDg6WDJ2Z1hoM0xGdG85c0R4VVJid1A=
accept: */*

Response DefaultHttpResponse(decodeResult: success, version: HTTP/1.1)
HTTP/1.1 200 OK
Server: nginx
Date: Mon, 05 Jun 2023 06:55:31 GMT
Content-Type: application/json; charset=utf-8
Content-Length: 14
Connection: keep-alive
Source-From: 02
x-powered-by: Express
vary: X-HTTP-Method-Override
etag: W/"e-9/1BuKMgFObM1mWJm+YjxtXJnUM"

01:55:31.464 [AsyncHttpClient-1-5] DEBUG org.asynchttpclient.netty.channel.ChannelManager -- Adding key: https://hub-cloud.browserstack.com:443 for channel [id: 0x9c4ceff6, L:/192.168.1.60:63621 - R:hub-cloud.browserstack.com/207.254.8.9:443]
01:55:31.520 [Forwarding setTimeout on session da647b3d1e66fd1dd37a67a376ea43f20167d90e to remote] DEBUG org.asynchttpclient.netty.request.NettyRequestSender -- Using pooled Channel '[id: 0x9c4ceff6, L:/192.168.1.60:63621 - R:hub-cloud.browserstack.com/207.254.8.9:443]' for 'POST' to 'https://cesarstevenriosu_Z5kft8:X2vgXh3LFto9sDxURbwP@hub-cloud.browserstack.com/wd/hub/session/da647b3d1e66fd1dd37a67a376ea43f20167d90e/timeouts'
01:55:31.520 [Forwarding setTimeout on session da647b3d1e66fd1dd37a67a376ea43f20167d90e to remote] DEBUG org.asynchttpclient.netty.request.NettyRequestSender -- Using open Channel [id: 0x9c4ceff6, L:/192.168.1.60:63621 - R:hub-cloud.browserstack.com/207.254.8.9:443] for POST '/wd/hub/session/da647b3d1e66fd1dd37a67a376ea43f20167d90e/timeouts'
01:55:31.636 [AsyncHttpClient-1-5] DEBUG org.asynchttpclient.netty.handler.HttpHandler -- 

Request DefaultHttpRequest(decodeResult: success, version: HTTP/1.1)
POST /wd/hub/session/da647b3d1e66fd1dd37a67a376ea43f20167d90e/timeouts HTTP/1.1
User-Agent: appium/8.3.0 (selenium/4.8.0 (java mac))
Content-Length: 19
Content-Type: application/json; charset=utf-8
host: hub-cloud.browserstack.com
authorization: Basic Y2VzYXJzdGV2ZW5yaW9zdV9aNWtmdDg6WDJ2Z1hoM0xGdG85c0R4VVJid1A=
accept: */*

Response DefaultHttpResponse(decodeResult: success, version: HTTP/1.1)
HTTP/1.1 200 OK
Server: nginx
Date: Mon, 05 Jun 2023 06:55:31 GMT
Content-Type: application/json; charset=utf-8
Content-Length: 14
Connection: keep-alive
Source-From: 02
x-powered-by: Express
vary: X-HTTP-Method-Override
etag: W/"e-9/1BuKMgFObM1mWJm+YjxtXJnUM"

01:55:31.636 [AsyncHttpClient-1-5] DEBUG org.asynchttpclient.netty.channel.ChannelManager -- Adding key: https://hub-cloud.browserstack.com:443 for channel [id: 0x9c4ceff6, L:/192.168.1.60:63621 - R:hub-cloud.browserstack.com/207.254.8.9:443]
01:55:31.645 [Forwarding findElement on session da647b3d1e66fd1dd37a67a376ea43f20167d90e to remote] DEBUG org.asynchttpclient.netty.request.NettyRequestSender -- Using pooled Channel '[id: 0x9c4ceff6, L:/192.168.1.60:63621 - R:hub-cloud.browserstack.com/207.254.8.9:443]' for 'POST' to 'https://cesarstevenriosu_Z5kft8:X2vgXh3LFto9sDxURbwP@hub-cloud.browserstack.com/wd/hub/session/da647b3d1e66fd1dd37a67a376ea43f20167d90e/element'
01:55:31.645 [Forwarding findElement on session da647b3d1e66fd1dd37a67a376ea43f20167d90e to remote] DEBUG org.asynchttpclient.netty.request.NettyRequestSender -- Using open Channel [id: 0x9c4ceff6, L:/192.168.1.60:63621 - R:hub-cloud.browserstack.com/207.254.8.9:443] for POST '/wd/hub/session/da647b3d1e66fd1dd37a67a376ea43f20167d90e/element'
01:55:31.839 [AsyncHttpClient-1-5] DEBUG org.asynchttpclient.netty.handler.HttpHandler -- 

Request DefaultHttpRequest(decodeResult: success, version: HTTP/1.1)
POST /wd/hub/session/da647b3d1e66fd1dd37a67a376ea43f20167d90e/element HTTP/1.1
User-Agent: appium/8.3.0 (selenium/4.8.0 (java mac))
Content-Length: 131
Content-Type: application/json; charset=utf-8
host: hub-cloud.browserstack.com
authorization: Basic Y2VzYXJzdGV2ZW5yaW9zdV9aNWtmdDg6WDJ2Z1hoM0xGdG85c0R4VVJid1A=
accept: */*

Response DefaultHttpResponse(decodeResult: success, version: HTTP/1.1)
HTTP/1.1 404 Not Found
Server: nginx
Date: Mon, 05 Jun 2023 06:55:31 GMT
Content-Type: application/json; charset=utf-8
Transfer-Encoding: chunked
Connection: keep-alive
Source-From: 02

01:55:31.839 [AsyncHttpClient-1-5] DEBUG org.asynchttpclient.netty.channel.ChannelManager -- Adding key: https://hub-cloud.browserstack.com:443 for channel [id: 0x9c4ceff6, L:/192.168.1.60:63621 - R:hub-cloud.browserstack.com/207.254.8.9:443]
01:55:31.841 [Forwarding setTimeout on session da647b3d1e66fd1dd37a67a376ea43f20167d90e to remote] DEBUG org.asynchttpclient.netty.request.NettyRequestSender -- Using pooled Channel '[id: 0x9c4ceff6, L:/192.168.1.60:63621 - R:hub-cloud.browserstack.com/207.254.8.9:443]' for 'POST' to 'https://cesarstevenriosu_Z5kft8:X2vgXh3LFto9sDxURbwP@hub-cloud.browserstack.com/wd/hub/session/da647b3d1e66fd1dd37a67a376ea43f20167d90e/timeouts'
01:55:31.841 [Forwarding setTimeout on session da647b3d1e66fd1dd37a67a376ea43f20167d90e to remote] DEBUG org.asynchttpclient.netty.request.NettyRequestSender -- Using open Channel [id: 0x9c4ceff6, L:/192.168.1.60:63621 - R:hub-cloud.browserstack.com/207.254.8.9:443] for POST '/wd/hub/session/da647b3d1e66fd1dd37a67a376ea43f20167d90e/timeouts'
01:55:31.939 [AsyncHttpClient-1-5] DEBUG org.asynchttpclient.netty.handler.HttpHandler -- 

Request DefaultHttpRequest(decodeResult: success, version: HTTP/1.1)
POST /wd/hub/session/da647b3d1e66fd1dd37a67a376ea43f20167d90e/timeouts HTTP/1.1
User-Agent: appium/8.3.0 (selenium/4.8.0 (java mac))
Content-Length: 23
Content-Type: application/json; charset=utf-8
host: hub-cloud.browserstack.com
authorization: Basic Y2VzYXJzdGV2ZW5yaW9zdV9aNWtmdDg6WDJ2Z1hoM0xGdG85c0R4VVJid1A=
accept: */*

Response DefaultHttpResponse(decodeResult: success, version: HTTP/1.1)
HTTP/1.1 200 OK
Server: nginx
Date: Mon, 05 Jun 2023 06:55:32 GMT
Content-Type: application/json; charset=utf-8
Content-Length: 14
Connection: keep-alive
Source-From: 02
x-powered-by: Express
vary: X-HTTP-Method-Override
etag: W/"e-9/1BuKMgFObM1mWJm+YjxtXJnUM"

01:55:31.944 [AsyncHttpClient-1-5] DEBUG org.asynchttpclient.netty.channel.ChannelManager -- Adding key: https://hub-cloud.browserstack.com:443 for channel [id: 0x9c4ceff6, L:/192.168.1.60:63621 - R:hub-cloud.browserstack.com/207.254.8.9:443]
01:55:31.999 [Forwarding setTimeout on session da647b3d1e66fd1dd37a67a376ea43f20167d90e to remote] DEBUG org.asynchttpclient.netty.request.NettyRequestSender -- Using pooled Channel '[id: 0x9c4ceff6, L:/192.168.1.60:63621 - R:hub-cloud.browserstack.com/207.254.8.9:443]' for 'POST' to 'https://cesarstevenriosu_Z5kft8:X2vgXh3LFto9sDxURbwP@hub-cloud.browserstack.com/wd/hub/session/da647b3d1e66fd1dd37a67a376ea43f20167d90e/timeouts'
01:55:31.999 [Forwarding setTimeout on session da647b3d1e66fd1dd37a67a376ea43f20167d90e to remote] DEBUG org.asynchttpclient.netty.request.NettyRequestSender -- Using open Channel [id: 0x9c4ceff6, L:/192.168.1.60:63621 - R:hub-cloud.browserstack.com/207.254.8.9:443] for POST '/wd/hub/session/da647b3d1e66fd1dd37a67a376ea43f20167d90e/timeouts'
01:55:32.082 [AsyncHttpClient-1-5] DEBUG org.asynchttpclient.netty.handler.HttpHandler -- 

Request DefaultHttpRequest(decodeResult: success, version: HTTP/1.1)
POST /wd/hub/session/da647b3d1e66fd1dd37a67a376ea43f20167d90e/timeouts HTTP/1.1
User-Agent: appium/8.3.0 (selenium/4.8.0 (java mac))
Content-Length: 19
Content-Type: application/json; charset=utf-8
host: hub-cloud.browserstack.com
authorization: Basic Y2VzYXJzdGV2ZW5yaW9zdV9aNWtmdDg6WDJ2Z1hoM0xGdG85c0R4VVJid1A=
accept: */*

Response DefaultHttpResponse(decodeResult: success, version: HTTP/1.1)
HTTP/1.1 200 OK
Server: nginx
Date: Mon, 05 Jun 2023 06:55:32 GMT
Content-Type: application/json; charset=utf-8
Content-Length: 14
Connection: keep-alive
Source-From: 02
x-powered-by: Express
vary: X-HTTP-Method-Override
etag: W/"e-9/1BuKMgFObM1mWJm+YjxtXJnUM"

01:55:32.083 [AsyncHttpClient-1-5] DEBUG org.asynchttpclient.netty.channel.ChannelManager -- Adding key: https://hub-cloud.browserstack.com:443 for channel [id: 0x9c4ceff6, L:/192.168.1.60:63621 - R:hub-cloud.browserstack.com/207.254.8.9:443]
01:55:32.086 [Forwarding findElement on session da647b3d1e66fd1dd37a67a376ea43f20167d90e to remote] DEBUG org.asynchttpclient.netty.request.NettyRequestSender -- Using pooled Channel '[id: 0x9c4ceff6, L:/192.168.1.60:63621 - R:hub-cloud.browserstack.com/207.254.8.9:443]' for 'POST' to 'https://cesarstevenriosu_Z5kft8:X2vgXh3LFto9sDxURbwP@hub-cloud.browserstack.com/wd/hub/session/da647b3d1e66fd1dd37a67a376ea43f20167d90e/element'
01:55:32.086 [Forwarding findElement on session da647b3d1e66fd1dd37a67a376ea43f20167d90e to remote] DEBUG org.asynchttpclient.netty.request.NettyRequestSender -- Using open Channel [id: 0x9c4ceff6, L:/192.168.1.60:63621 - R:hub-cloud.browserstack.com/207.254.8.9:443] for POST '/wd/hub/session/da647b3d1e66fd1dd37a67a376ea43f20167d90e/element'
01:55:32.282 [AsyncHttpClient-1-5] DEBUG org.asynchttpclient.netty.handler.HttpHandler -- 

Request DefaultHttpRequest(decodeResult: success, version: HTTP/1.1)
POST /wd/hub/session/da647b3d1e66fd1dd37a67a376ea43f20167d90e/element HTTP/1.1
User-Agent: appium/8.3.0 (selenium/4.8.0 (java mac))
Content-Length: 131
Content-Type: application/json; charset=utf-8
host: hub-cloud.browserstack.com
authorization: Basic Y2VzYXJzdGV2ZW5yaW9zdV9aNWtmdDg6WDJ2Z1hoM0xGdG85c0R4VVJid1A=
accept: */*

Response DefaultHttpResponse(decodeResult: success, version: HTTP/1.1)
HTTP/1.1 404 Not Found
Server: nginx
Date: Mon, 05 Jun 2023 06:55:32 GMT
Content-Type: application/json; charset=utf-8
Transfer-Encoding: chunked
Connection: keep-alive
Source-From: 02

01:55:32.283 [AsyncHttpClient-1-5] DEBUG org.asynchttpclient.netty.channel.ChannelManager -- Adding key: https://hub-cloud.browserstack.com:443 for channel [id: 0x9c4ceff6, L:/192.168.1.60:63621 - R:hub-cloud.browserstack.com/207.254.8.9:443]
01:55:32.285 [Forwarding setTimeout on session da647b3d1e66fd1dd37a67a376ea43f20167d90e to remote] DEBUG org.asynchttpclient.netty.request.NettyRequestSender -- Using pooled Channel '[id: 0x9c4ceff6, L:/192.168.1.60:63621 - R:hub-cloud.browserstack.com/207.254.8.9:443]' for 'POST' to 'https://cesarstevenriosu_Z5kft8:X2vgXh3LFto9sDxURbwP@hub-cloud.browserstack.com/wd/hub/session/da647b3d1e66fd1dd37a67a376ea43f20167d90e/timeouts'
01:55:32.285 [Forwarding setTimeout on session da647b3d1e66fd1dd37a67a376ea43f20167d90e to remote] DEBUG org.asynchttpclient.netty.request.NettyRequestSender -- Using open Channel [id: 0x9c4ceff6, L:/192.168.1.60:63621 - R:hub-cloud.browserstack.com/207.254.8.9:443] for POST '/wd/hub/session/da647b3d1e66fd1dd37a67a376ea43f20167d90e/timeouts'
01:55:32.382 [AsyncHttpClient-1-5] DEBUG org.asynchttpclient.netty.handler.HttpHandler -- 

Request DefaultHttpRequest(decodeResult: success, version: HTTP/1.1)
POST /wd/hub/session/da647b3d1e66fd1dd37a67a376ea43f20167d90e/timeouts HTTP/1.1
User-Agent: appium/8.3.0 (selenium/4.8.0 (java mac))
Content-Length: 23
Content-Type: application/json; charset=utf-8
host: hub-cloud.browserstack.com
authorization: Basic Y2VzYXJzdGV2ZW5yaW9zdV9aNWtmdDg6WDJ2Z1hoM0xGdG85c0R4VVJid1A=
accept: */*

Response DefaultHttpResponse(decodeResult: success, version: HTTP/1.1)
HTTP/1.1 200 OK
Server: nginx
Date: Mon, 05 Jun 2023 06:55:32 GMT
Content-Type: application/json; charset=utf-8
Content-Length: 14
Connection: keep-alive
Source-From: 02
x-powered-by: Express
vary: X-HTTP-Method-Override
etag: W/"e-9/1BuKMgFObM1mWJm+YjxtXJnUM"

01:55:32.382 [AsyncHttpClient-1-5] DEBUG org.asynchttpclient.netty.channel.ChannelManager -- Adding key: https://hub-cloud.browserstack.com:443 for channel [id: 0x9c4ceff6, L:/192.168.1.60:63621 - R:hub-cloud.browserstack.com/207.254.8.9:443]
01:55:32.441 [Forwarding setTimeout on session da647b3d1e66fd1dd37a67a376ea43f20167d90e to remote] DEBUG org.asynchttpclient.netty.request.NettyRequestSender -- Using pooled Channel '[id: 0x9c4ceff6, L:/192.168.1.60:63621 - R:hub-cloud.browserstack.com/207.254.8.9:443]' for 'POST' to 'https://cesarstevenriosu_Z5kft8:X2vgXh3LFto9sDxURbwP@hub-cloud.browserstack.com/wd/hub/session/da647b3d1e66fd1dd37a67a376ea43f20167d90e/timeouts'
01:55:32.441 [Forwarding setTimeout on session da647b3d1e66fd1dd37a67a376ea43f20167d90e to remote] DEBUG org.asynchttpclient.netty.request.NettyRequestSender -- Using open Channel [id: 0x9c4ceff6, L:/192.168.1.60:63621 - R:hub-cloud.browserstack.com/207.254.8.9:443] for POST '/wd/hub/session/da647b3d1e66fd1dd37a67a376ea43f20167d90e/timeouts'
01:55:32.536 [AsyncHttpClient-1-5] DEBUG org.asynchttpclient.netty.handler.HttpHandler -- 

Request DefaultHttpRequest(decodeResult: success, version: HTTP/1.1)
POST /wd/hub/session/da647b3d1e66fd1dd37a67a376ea43f20167d90e/timeouts HTTP/1.1
User-Agent: appium/8.3.0 (selenium/4.8.0 (java mac))
Content-Length: 19
Content-Type: application/json; charset=utf-8
host: hub-cloud.browserstack.com
authorization: Basic Y2VzYXJzdGV2ZW5yaW9zdV9aNWtmdDg6WDJ2Z1hoM0xGdG85c0R4VVJid1A=
accept: */*

Response DefaultHttpResponse(decodeResult: success, version: HTTP/1.1)
HTTP/1.1 200 OK
Server: nginx
Date: Mon, 05 Jun 2023 06:55:32 GMT
Content-Type: application/json; charset=utf-8
Content-Length: 14
Connection: keep-alive
Source-From: 02
x-powered-by: Express
vary: X-HTTP-Method-Override
etag: W/"e-9/1BuKMgFObM1mWJm+YjxtXJnUM"

01:55:32.536 [AsyncHttpClient-1-5] DEBUG org.asynchttpclient.netty.channel.ChannelManager -- Adding key: https://hub-cloud.browserstack.com:443 for channel [id: 0x9c4ceff6, L:/192.168.1.60:63621 - R:hub-cloud.browserstack.com/207.254.8.9:443]
01:55:32.538 [Forwarding findElement on session da647b3d1e66fd1dd37a67a376ea43f20167d90e to remote] DEBUG org.asynchttpclient.netty.request.NettyRequestSender -- Using pooled Channel '[id: 0x9c4ceff6, L:/192.168.1.60:63621 - R:hub-cloud.browserstack.com/207.254.8.9:443]' for 'POST' to 'https://cesarstevenriosu_Z5kft8:X2vgXh3LFto9sDxURbwP@hub-cloud.browserstack.com/wd/hub/session/da647b3d1e66fd1dd37a67a376ea43f20167d90e/element'
01:55:32.538 [Forwarding findElement on session da647b3d1e66fd1dd37a67a376ea43f20167d90e to remote] DEBUG org.asynchttpclient.netty.request.NettyRequestSender -- Using open Channel [id: 0x9c4ceff6, L:/192.168.1.60:63621 - R:hub-cloud.browserstack.com/207.254.8.9:443] for POST '/wd/hub/session/da647b3d1e66fd1dd37a67a376ea43f20167d90e/element'
01:55:32.744 [AsyncHttpClient-1-5] DEBUG org.asynchttpclient.netty.handler.HttpHandler -- 

Request DefaultHttpRequest(decodeResult: success, version: HTTP/1.1)
POST /wd/hub/session/da647b3d1e66fd1dd37a67a376ea43f20167d90e/element HTTP/1.1
User-Agent: appium/8.3.0 (selenium/4.8.0 (java mac))
Content-Length: 131
Content-Type: application/json; charset=utf-8
host: hub-cloud.browserstack.com
authorization: Basic Y2VzYXJzdGV2ZW5yaW9zdV9aNWtmdDg6WDJ2Z1hoM0xGdG85c0R4VVJid1A=
accept: */*

Response DefaultHttpResponse(decodeResult: success, version: HTTP/1.1)
HTTP/1.1 404 Not Found
Server: nginx
Date: Mon, 05 Jun 2023 06:55:32 GMT
Content-Type: application/json; charset=utf-8
Transfer-Encoding: chunked
Connection: keep-alive
Source-From: 02

01:55:32.746 [AsyncHttpClient-1-5] DEBUG org.asynchttpclient.netty.channel.ChannelManager -- Adding key: https://hub-cloud.browserstack.com:443 for channel [id: 0x9c4ceff6, L:/192.168.1.60:63621 - R:hub-cloud.browserstack.com/207.254.8.9:443]
01:55:32.749 [Forwarding setTimeout on session da647b3d1e66fd1dd37a67a376ea43f20167d90e to remote] DEBUG org.asynchttpclient.netty.request.NettyRequestSender -- Using pooled Channel '[id: 0x9c4ceff6, L:/192.168.1.60:63621 - R:hub-cloud.browserstack.com/207.254.8.9:443]' for 'POST' to 'https://cesarstevenriosu_Z5kft8:X2vgXh3LFto9sDxURbwP@hub-cloud.browserstack.com/wd/hub/session/da647b3d1e66fd1dd37a67a376ea43f20167d90e/timeouts'
01:55:32.749 [Forwarding setTimeout on session da647b3d1e66fd1dd37a67a376ea43f20167d90e to remote] DEBUG org.asynchttpclient.netty.request.NettyRequestSender -- Using open Channel [id: 0x9c4ceff6, L:/192.168.1.60:63621 - R:hub-cloud.browserstack.com/207.254.8.9:443] for POST '/wd/hub/session/da647b3d1e66fd1dd37a67a376ea43f20167d90e/timeouts'
01:55:32.885 [AsyncHttpClient-1-5] DEBUG org.asynchttpclient.netty.handler.HttpHandler -- 

Request DefaultHttpRequest(decodeResult: success, version: HTTP/1.1)
POST /wd/hub/session/da647b3d1e66fd1dd37a67a376ea43f20167d90e/timeouts HTTP/1.1
User-Agent: appium/8.3.0 (selenium/4.8.0 (java mac))
Content-Length: 23
Content-Type: application/json; charset=utf-8
host: hub-cloud.browserstack.com
authorization: Basic Y2VzYXJzdGV2ZW5yaW9zdV9aNWtmdDg6WDJ2Z1hoM0xGdG85c0R4VVJid1A=
accept: */*

Response DefaultHttpResponse(decodeResult: success, version: HTTP/1.1)
HTTP/1.1 200 OK
Server: nginx
Date: Mon, 05 Jun 2023 06:55:33 GMT
Content-Type: application/json; charset=utf-8
Content-Length: 14
Connection: keep-alive
Source-From: 02
x-powered-by: Express
vary: X-HTTP-Method-Override
etag: W/"e-9/1BuKMgFObM1mWJm+YjxtXJnUM"

01:55:32.885 [AsyncHttpClient-1-5] DEBUG org.asynchttpclient.netty.channel.ChannelManager -- Adding key: https://hub-cloud.browserstack.com:443 for channel [id: 0x9c4ceff6, L:/192.168.1.60:63621 - R:hub-cloud.browserstack.com/207.254.8.9:443]
01:55:32.928 [AsyncHttpClient-1-1] DEBUG org.asynchttpclient.netty.channel.DefaultChannelPool -- Entry count for : https://hub-cloud.browserstack.com:443 : 1
01:55:32.948 [Forwarding setTimeout on session da647b3d1e66fd1dd37a67a376ea43f20167d90e to remote] DEBUG org.asynchttpclient.netty.request.NettyRequestSender -- Using pooled Channel '[id: 0x9c4ceff6, L:/192.168.1.60:63621 - R:hub-cloud.browserstack.com/207.254.8.9:443]' for 'POST' to 'https://cesarstevenriosu_Z5kft8:X2vgXh3LFto9sDxURbwP@hub-cloud.browserstack.com/wd/hub/session/da647b3d1e66fd1dd37a67a376ea43f20167d90e/timeouts'
01:55:32.948 [Forwarding setTimeout on session da647b3d1e66fd1dd37a67a376ea43f20167d90e to remote] DEBUG org.asynchttpclient.netty.request.NettyRequestSender -- Using open Channel [id: 0x9c4ceff6, L:/192.168.1.60:63621 - R:hub-cloud.browserstack.com/207.254.8.9:443] for POST '/wd/hub/session/da647b3d1e66fd1dd37a67a376ea43f20167d90e/timeouts'
01:55:33.026 [AsyncHttpClient-1-5] DEBUG org.asynchttpclient.netty.handler.HttpHandler -- 

Request DefaultHttpRequest(decodeResult: success, version: HTTP/1.1)
POST /wd/hub/session/da647b3d1e66fd1dd37a67a376ea43f20167d90e/timeouts HTTP/1.1
User-Agent: appium/8.3.0 (selenium/4.8.0 (java mac))
Content-Length: 19
Content-Type: application/json; charset=utf-8
host: hub-cloud.browserstack.com
authorization: Basic Y2VzYXJzdGV2ZW5yaW9zdV9aNWtmdDg6WDJ2Z1hoM0xGdG85c0R4VVJid1A=
accept: */*

Response DefaultHttpResponse(decodeResult: success, version: HTTP/1.1)
HTTP/1.1 200 OK
Server: nginx
Date: Mon, 05 Jun 2023 06:55:33 GMT
Content-Type: application/json; charset=utf-8
Content-Length: 14
Connection: keep-alive
Source-From: 02
x-powered-by: Express
vary: X-HTTP-Method-Override
etag: W/"e-9/1BuKMgFObM1mWJm+YjxtXJnUM"

01:55:33.027 [AsyncHttpClient-1-5] DEBUG org.asynchttpclient.netty.channel.ChannelManager -- Adding key: https://hub-cloud.browserstack.com:443 for channel [id: 0x9c4ceff6, L:/192.168.1.60:63621 - R:hub-cloud.browserstack.com/207.254.8.9:443]
01:55:33.028 [Forwarding findElement on session da647b3d1e66fd1dd37a67a376ea43f20167d90e to remote] DEBUG org.asynchttpclient.netty.request.NettyRequestSender -- Using pooled Channel '[id: 0x9c4ceff6, L:/192.168.1.60:63621 - R:hub-cloud.browserstack.com/207.254.8.9:443]' for 'POST' to 'https://cesarstevenriosu_Z5kft8:X2vgXh3LFto9sDxURbwP@hub-cloud.browserstack.com/wd/hub/session/da647b3d1e66fd1dd37a67a376ea43f20167d90e/element'
01:55:33.028 [Forwarding findElement on session da647b3d1e66fd1dd37a67a376ea43f20167d90e to remote] DEBUG org.asynchttpclient.netty.request.NettyRequestSender -- Using open Channel [id: 0x9c4ceff6, L:/192.168.1.60:63621 - R:hub-cloud.browserstack.com/207.254.8.9:443] for POST '/wd/hub/session/da647b3d1e66fd1dd37a67a376ea43f20167d90e/element'
01:55:33.299 [AsyncHttpClient-1-5] DEBUG org.asynchttpclient.netty.handler.HttpHandler -- 

Request DefaultHttpRequest(decodeResult: success, version: HTTP/1.1)
POST /wd/hub/session/da647b3d1e66fd1dd37a67a376ea43f20167d90e/element HTTP/1.1
User-Agent: appium/8.3.0 (selenium/4.8.0 (java mac))
Content-Length: 131
Content-Type: application/json; charset=utf-8
host: hub-cloud.browserstack.com
authorization: Basic Y2VzYXJzdGV2ZW5yaW9zdV9aNWtmdDg6WDJ2Z1hoM0xGdG85c0R4VVJid1A=
accept: */*

Response DefaultHttpResponse(decodeResult: success, version: HTTP/1.1)
HTTP/1.1 404 Not Found
Server: nginx
Date: Mon, 05 Jun 2023 06:55:33 GMT
Content-Type: application/json; charset=utf-8
Transfer-Encoding: chunked
Connection: keep-alive
Source-From: 02

01:55:33.299 [AsyncHttpClient-1-5] DEBUG org.asynchttpclient.netty.channel.ChannelManager -- Adding key: https://hub-cloud.browserstack.com:443 for channel [id: 0x9c4ceff6, L:/192.168.1.60:63621 - R:hub-cloud.browserstack.com/207.254.8.9:443]
01:55:33.302 [Forwarding setTimeout on session da647b3d1e66fd1dd37a67a376ea43f20167d90e to remote] DEBUG org.asynchttpclient.netty.request.NettyRequestSender -- Using pooled Channel '[id: 0x9c4ceff6, L:/192.168.1.60:63621 - R:hub-cloud.browserstack.com/207.254.8.9:443]' for 'POST' to 'https://cesarstevenriosu_Z5kft8:X2vgXh3LFto9sDxURbwP@hub-cloud.browserstack.com/wd/hub/session/da647b3d1e66fd1dd37a67a376ea43f20167d90e/timeouts'
01:55:33.302 [Forwarding setTimeout on session da647b3d1e66fd1dd37a67a376ea43f20167d90e to remote] DEBUG org.asynchttpclient.netty.request.NettyRequestSender -- Using open Channel [id: 0x9c4ceff6, L:/192.168.1.60:63621 - R:hub-cloud.browserstack.com/207.254.8.9:443] for POST '/wd/hub/session/da647b3d1e66fd1dd37a67a376ea43f20167d90e/timeouts'
01:55:33.448 [AsyncHttpClient-1-5] DEBUG org.asynchttpclient.netty.handler.HttpHandler -- 

Request DefaultHttpRequest(decodeResult: success, version: HTTP/1.1)
POST /wd/hub/session/da647b3d1e66fd1dd37a67a376ea43f20167d90e/timeouts HTTP/1.1
User-Agent: appium/8.3.0 (selenium/4.8.0 (java mac))
Content-Length: 23
Content-Type: application/json; charset=utf-8
host: hub-cloud.browserstack.com
authorization: Basic Y2VzYXJzdGV2ZW5yaW9zdV9aNWtmdDg6WDJ2Z1hoM0xGdG85c0R4VVJid1A=
accept: */*

Response DefaultHttpResponse(decodeResult: success, version: HTTP/1.1)
HTTP/1.1 200 OK
Server: nginx
Date: Mon, 05 Jun 2023 06:55:33 GMT
Content-Type: application/json; charset=utf-8
Content-Length: 14
Connection: keep-alive
Source-From: 02
x-powered-by: Express
vary: X-HTTP-Method-Override
etag: W/"e-9/1BuKMgFObM1mWJm+YjxtXJnUM"

01:55:33.448 [AsyncHttpClient-1-5] DEBUG org.asynchttpclient.netty.channel.ChannelManager -- Adding key: https://hub-cloud.browserstack.com:443 for channel [id: 0x9c4ceff6, L:/192.168.1.60:63621 - R:hub-cloud.browserstack.com/207.254.8.9:443]
01:55:33.508 [Forwarding setTimeout on session da647b3d1e66fd1dd37a67a376ea43f20167d90e to remote] DEBUG org.asynchttpclient.netty.request.NettyRequestSender -- Using pooled Channel '[id: 0x9c4ceff6, L:/192.168.1.60:63621 - R:hub-cloud.browserstack.com/207.254.8.9:443]' for 'POST' to 'https://cesarstevenriosu_Z5kft8:X2vgXh3LFto9sDxURbwP@hub-cloud.browserstack.com/wd/hub/session/da647b3d1e66fd1dd37a67a376ea43f20167d90e/timeouts'
01:55:33.510 [Forwarding setTimeout on session da647b3d1e66fd1dd37a67a376ea43f20167d90e to remote] DEBUG org.asynchttpclient.netty.request.NettyRequestSender -- Using open Channel [id: 0x9c4ceff6, L:/192.168.1.60:63621 - R:hub-cloud.browserstack.com/207.254.8.9:443] for POST '/wd/hub/session/da647b3d1e66fd1dd37a67a376ea43f20167d90e/timeouts'
01:55:33.598 [AsyncHttpClient-1-5] DEBUG org.asynchttpclient.netty.handler.HttpHandler -- 

Request DefaultHttpRequest(decodeResult: success, version: HTTP/1.1)
POST /wd/hub/session/da647b3d1e66fd1dd37a67a376ea43f20167d90e/timeouts HTTP/1.1
User-Agent: appium/8.3.0 (selenium/4.8.0 (java mac))
Content-Length: 19
Content-Type: application/json; charset=utf-8
host: hub-cloud.browserstack.com
authorization: Basic Y2VzYXJzdGV2ZW5yaW9zdV9aNWtmdDg6WDJ2Z1hoM0xGdG85c0R4VVJid1A=
accept: */*

Response DefaultHttpResponse(decodeResult: success, version: HTTP/1.1)
HTTP/1.1 200 OK
Server: nginx
Date: Mon, 05 Jun 2023 06:55:33 GMT
Content-Type: application/json; charset=utf-8
Content-Length: 14
Connection: keep-alive
Source-From: 02
x-powered-by: Express
vary: X-HTTP-Method-Override
etag: W/"e-9/1BuKMgFObM1mWJm+YjxtXJnUM"

01:55:33.598 [AsyncHttpClient-1-5] DEBUG org.asynchttpclient.netty.channel.ChannelManager -- Adding key: https://hub-cloud.browserstack.com:443 for channel [id: 0x9c4ceff6, L:/192.168.1.60:63621 - R:hub-cloud.browserstack.com/207.254.8.9:443]
01:55:33.602 [Forwarding findElement on session da647b3d1e66fd1dd37a67a376ea43f20167d90e to remote] DEBUG org.asynchttpclient.netty.request.NettyRequestSender -- Using pooled Channel '[id: 0x9c4ceff6, L:/192.168.1.60:63621 - R:hub-cloud.browserstack.com/207.254.8.9:443]' for 'POST' to 'https://cesarstevenriosu_Z5kft8:X2vgXh3LFto9sDxURbwP@hub-cloud.browserstack.com/wd/hub/session/da647b3d1e66fd1dd37a67a376ea43f20167d90e/element'
01:55:33.602 [Forwarding findElement on session da647b3d1e66fd1dd37a67a376ea43f20167d90e to remote] DEBUG org.asynchttpclient.netty.request.NettyRequestSender -- Using open Channel [id: 0x9c4ceff6, L:/192.168.1.60:63621 - R:hub-cloud.browserstack.com/207.254.8.9:443] for POST '/wd/hub/session/da647b3d1e66fd1dd37a67a376ea43f20167d90e/element'
01:55:33.783 [AsyncHttpClient-1-5] DEBUG org.asynchttpclient.netty.handler.HttpHandler -- 

Request DefaultHttpRequest(decodeResult: success, version: HTTP/1.1)
POST /wd/hub/session/da647b3d1e66fd1dd37a67a376ea43f20167d90e/element HTTP/1.1
User-Agent: appium/8.3.0 (selenium/4.8.0 (java mac))
Content-Length: 131
Content-Type: application/json; charset=utf-8
host: hub-cloud.browserstack.com
authorization: Basic Y2VzYXJzdGV2ZW5yaW9zdV9aNWtmdDg6WDJ2Z1hoM0xGdG85c0R4VVJid1A=
accept: */*

Response DefaultHttpResponse(decodeResult: success, version: HTTP/1.1)
HTTP/1.1 404 Not Found
Server: nginx
Date: Mon, 05 Jun 2023 06:55:33 GMT
Content-Type: application/json; charset=utf-8
Transfer-Encoding: chunked
Connection: keep-alive
Source-From: 02

01:55:33.784 [AsyncHttpClient-1-5] DEBUG org.asynchttpclient.netty.channel.ChannelManager -- Adding key: https://hub-cloud.browserstack.com:443 for channel [id: 0x9c4ceff6, L:/192.168.1.60:63621 - R:hub-cloud.browserstack.com/207.254.8.9:443]
01:55:33.788 [Forwarding setTimeout on session da647b3d1e66fd1dd37a67a376ea43f20167d90e to remote] DEBUG org.asynchttpclient.netty.request.NettyRequestSender -- Using pooled Channel '[id: 0x9c4ceff6, L:/192.168.1.60:63621 - R:hub-cloud.browserstack.com/207.254.8.9:443]' for 'POST' to 'https://cesarstevenriosu_Z5kft8:X2vgXh3LFto9sDxURbwP@hub-cloud.browserstack.com/wd/hub/session/da647b3d1e66fd1dd37a67a376ea43f20167d90e/timeouts'
01:55:33.788 [Forwarding setTimeout on session da647b3d1e66fd1dd37a67a376ea43f20167d90e to remote] DEBUG org.asynchttpclient.netty.request.NettyRequestSender -- Using open Channel [id: 0x9c4ceff6, L:/192.168.1.60:63621 - R:hub-cloud.browserstack.com/207.254.8.9:443] for POST '/wd/hub/session/da647b3d1e66fd1dd37a67a376ea43f20167d90e/timeouts'
01:55:33.906 [AsyncHttpClient-1-5] DEBUG org.asynchttpclient.netty.handler.HttpHandler -- 

Request DefaultHttpRequest(decodeResult: success, version: HTTP/1.1)
POST /wd/hub/session/da647b3d1e66fd1dd37a67a376ea43f20167d90e/timeouts HTTP/1.1
User-Agent: appium/8.3.0 (selenium/4.8.0 (java mac))
Content-Length: 23
Content-Type: application/json; charset=utf-8
host: hub-cloud.browserstack.com
authorization: Basic Y2VzYXJzdGV2ZW5yaW9zdV9aNWtmdDg6WDJ2Z1hoM0xGdG85c0R4VVJid1A=
accept: */*

Response DefaultHttpResponse(decodeResult: success, version: HTTP/1.1)
HTTP/1.1 200 OK
Server: nginx
Date: Mon, 05 Jun 2023 06:55:34 GMT
Content-Type: application/json; charset=utf-8
Content-Length: 14
Connection: keep-alive
Source-From: 02
x-powered-by: Express
vary: X-HTTP-Method-Override
etag: W/"e-9/1BuKMgFObM1mWJm+YjxtXJnUM"

01:55:33.906 [AsyncHttpClient-1-5] DEBUG org.asynchttpclient.netty.channel.ChannelManager -- Adding key: https://hub-cloud.browserstack.com:443 for channel [id: 0x9c4ceff6, L:/192.168.1.60:63621 - R:hub-cloud.browserstack.com/207.254.8.9:443]
01:55:33.965 [Forwarding setTimeout on session da647b3d1e66fd1dd37a67a376ea43f20167d90e to remote] DEBUG org.asynchttpclient.netty.request.NettyRequestSender -- Using pooled Channel '[id: 0x9c4ceff6, L:/192.168.1.60:63621 - R:hub-cloud.browserstack.com/207.254.8.9:443]' for 'POST' to 'https://cesarstevenriosu_Z5kft8:X2vgXh3LFto9sDxURbwP@hub-cloud.browserstack.com/wd/hub/session/da647b3d1e66fd1dd37a67a376ea43f20167d90e/timeouts'
01:55:33.965 [Forwarding setTimeout on session da647b3d1e66fd1dd37a67a376ea43f20167d90e to remote] DEBUG org.asynchttpclient.netty.request.NettyRequestSender -- Using open Channel [id: 0x9c4ceff6, L:/192.168.1.60:63621 - R:hub-cloud.browserstack.com/207.254.8.9:443] for POST '/wd/hub/session/da647b3d1e66fd1dd37a67a376ea43f20167d90e/timeouts'
01:55:34.058 [AsyncHttpClient-1-5] DEBUG org.asynchttpclient.netty.handler.HttpHandler -- 

Request DefaultHttpRequest(decodeResult: success, version: HTTP/1.1)
POST /wd/hub/session/da647b3d1e66fd1dd37a67a376ea43f20167d90e/timeouts HTTP/1.1
User-Agent: appium/8.3.0 (selenium/4.8.0 (java mac))
Content-Length: 19
Content-Type: application/json; charset=utf-8
host: hub-cloud.browserstack.com
authorization: Basic Y2VzYXJzdGV2ZW5yaW9zdV9aNWtmdDg6WDJ2Z1hoM0xGdG85c0R4VVJid1A=
accept: */*

Response DefaultHttpResponse(decodeResult: success, version: HTTP/1.1)
HTTP/1.1 200 OK
Server: nginx
Date: Mon, 05 Jun 2023 06:55:34 GMT
Content-Type: application/json; charset=utf-8
Content-Length: 14
Connection: keep-alive
Source-From: 02
x-powered-by: Express
vary: X-HTTP-Method-Override
etag: W/"e-9/1BuKMgFObM1mWJm+YjxtXJnUM"

01:55:34.059 [AsyncHttpClient-1-5] DEBUG org.asynchttpclient.netty.channel.ChannelManager -- Adding key: https://hub-cloud.browserstack.com:443 for channel [id: 0x9c4ceff6, L:/192.168.1.60:63621 - R:hub-cloud.browserstack.com/207.254.8.9:443]
01:55:34.060 [Forwarding findElement on session da647b3d1e66fd1dd37a67a376ea43f20167d90e to remote] DEBUG org.asynchttpclient.netty.request.NettyRequestSender -- Using pooled Channel '[id: 0x9c4ceff6, L:/192.168.1.60:63621 - R:hub-cloud.browserstack.com/207.254.8.9:443]' for 'POST' to 'https://cesarstevenriosu_Z5kft8:X2vgXh3LFto9sDxURbwP@hub-cloud.browserstack.com/wd/hub/session/da647b3d1e66fd1dd37a67a376ea43f20167d90e/element'
01:55:34.061 [Forwarding findElement on session da647b3d1e66fd1dd37a67a376ea43f20167d90e to remote] DEBUG org.asynchttpclient.netty.request.NettyRequestSender -- Using open Channel [id: 0x9c4ceff6, L:/192.168.1.60:63621 - R:hub-cloud.browserstack.com/207.254.8.9:443] for POST '/wd/hub/session/da647b3d1e66fd1dd37a67a376ea43f20167d90e/element'
01:55:34.329 [AsyncHttpClient-1-5] DEBUG org.asynchttpclient.netty.handler.HttpHandler -- 

Request DefaultHttpRequest(decodeResult: success, version: HTTP/1.1)
POST /wd/hub/session/da647b3d1e66fd1dd37a67a376ea43f20167d90e/element HTTP/1.1
User-Agent: appium/8.3.0 (selenium/4.8.0 (java mac))
Content-Length: 131
Content-Type: application/json; charset=utf-8
host: hub-cloud.browserstack.com
authorization: Basic Y2VzYXJzdGV2ZW5yaW9zdV9aNWtmdDg6WDJ2Z1hoM0xGdG85c0R4VVJid1A=
accept: */*

Response DefaultHttpResponse(decodeResult: success, version: HTTP/1.1)
HTTP/1.1 404 Not Found
Server: nginx
Date: Mon, 05 Jun 2023 06:55:34 GMT
Content-Type: application/json; charset=utf-8
Transfer-Encoding: chunked
Connection: keep-alive
Source-From: 02

01:55:34.330 [AsyncHttpClient-1-5] DEBUG org.asynchttpclient.netty.channel.ChannelManager -- Adding key: https://hub-cloud.browserstack.com:443 for channel [id: 0x9c4ceff6, L:/192.168.1.60:63621 - R:hub-cloud.browserstack.com/207.254.8.9:443]
01:55:34.333 [Forwarding setTimeout on session da647b3d1e66fd1dd37a67a376ea43f20167d90e to remote] DEBUG org.asynchttpclient.netty.request.NettyRequestSender -- Using pooled Channel '[id: 0x9c4ceff6, L:/192.168.1.60:63621 - R:hub-cloud.browserstack.com/207.254.8.9:443]' for 'POST' to 'https://cesarstevenriosu_Z5kft8:X2vgXh3LFto9sDxURbwP@hub-cloud.browserstack.com/wd/hub/session/da647b3d1e66fd1dd37a67a376ea43f20167d90e/timeouts'
01:55:34.333 [Forwarding setTimeout on session da647b3d1e66fd1dd37a67a376ea43f20167d90e to remote] DEBUG org.asynchttpclient.netty.request.NettyRequestSender -- Using open Channel [id: 0x9c4ceff6, L:/192.168.1.60:63621 - R:hub-cloud.browserstack.com/207.254.8.9:443] for POST '/wd/hub/session/da647b3d1e66fd1dd37a67a376ea43f20167d90e/timeouts'
01:55:34.484 [AsyncHttpClient-1-5] DEBUG org.asynchttpclient.netty.handler.HttpHandler -- 

Request DefaultHttpRequest(decodeResult: success, version: HTTP/1.1)
POST /wd/hub/session/da647b3d1e66fd1dd37a67a376ea43f20167d90e/timeouts HTTP/1.1
User-Agent: appium/8.3.0 (selenium/4.8.0 (java mac))
Content-Length: 23
Content-Type: application/json; charset=utf-8
host: hub-cloud.browserstack.com
authorization: Basic Y2VzYXJzdGV2ZW5yaW9zdV9aNWtmdDg6WDJ2Z1hoM0xGdG85c0R4VVJid1A=
accept: */*

Response DefaultHttpResponse(decodeResult: success, version: HTTP/1.1)
HTTP/1.1 200 OK
Server: nginx
Date: Mon, 05 Jun 2023 06:55:34 GMT
Content-Type: application/json; charset=utf-8
Content-Length: 14
Connection: keep-alive
Source-From: 02
x-powered-by: Express
vary: X-HTTP-Method-Override
etag: W/"e-9/1BuKMgFObM1mWJm+YjxtXJnUM"

01:55:34.484 [AsyncHttpClient-1-5] DEBUG org.asynchttpclient.netty.channel.ChannelManager -- Adding key: https://hub-cloud.browserstack.com:443 for channel [id: 0x9c4ceff6, L:/192.168.1.60:63621 - R:hub-cloud.browserstack.com/207.254.8.9:443]
01:55:34.539 [Forwarding setTimeout on session da647b3d1e66fd1dd37a67a376ea43f20167d90e to remote] DEBUG org.asynchttpclient.netty.request.NettyRequestSender -- Using pooled Channel '[id: 0x9c4ceff6, L:/192.168.1.60:63621 - R:hub-cloud.browserstack.com/207.254.8.9:443]' for 'POST' to 'https://cesarstevenriosu_Z5kft8:X2vgXh3LFto9sDxURbwP@hub-cloud.browserstack.com/wd/hub/session/da647b3d1e66fd1dd37a67a376ea43f20167d90e/timeouts'
01:55:34.539 [Forwarding setTimeout on session da647b3d1e66fd1dd37a67a376ea43f20167d90e to remote] DEBUG org.asynchttpclient.netty.request.NettyRequestSender -- Using open Channel [id: 0x9c4ceff6, L:/192.168.1.60:63621 - R:hub-cloud.browserstack.com/207.254.8.9:443] for POST '/wd/hub/session/da647b3d1e66fd1dd37a67a376ea43f20167d90e/timeouts'
01:55:34.710 [AsyncHttpClient-1-5] DEBUG org.asynchttpclient.netty.handler.HttpHandler -- 

Request DefaultHttpRequest(decodeResult: success, version: HTTP/1.1)
POST /wd/hub/session/da647b3d1e66fd1dd37a67a376ea43f20167d90e/timeouts HTTP/1.1
User-Agent: appium/8.3.0 (selenium/4.8.0 (java mac))
Content-Length: 19
Content-Type: application/json; charset=utf-8
host: hub-cloud.browserstack.com
authorization: Basic Y2VzYXJzdGV2ZW5yaW9zdV9aNWtmdDg6WDJ2Z1hoM0xGdG85c0R4VVJid1A=
accept: */*

Response DefaultHttpResponse(decodeResult: success, version: HTTP/1.1)
HTTP/1.1 200 OK
Server: nginx
Date: Mon, 05 Jun 2023 06:55:34 GMT
Content-Type: application/json; charset=utf-8
Content-Length: 14
Connection: keep-alive
Source-From: 02
x-powered-by: Express
vary: X-HTTP-Method-Override
etag: W/"e-9/1BuKMgFObM1mWJm+YjxtXJnUM"

01:55:34.711 [AsyncHttpClient-1-5] DEBUG org.asynchttpclient.netty.channel.ChannelManager -- Adding key: https://hub-cloud.browserstack.com:443 for channel [id: 0x9c4ceff6, L:/192.168.1.60:63621 - R:hub-cloud.browserstack.com/207.254.8.9:443]
01:55:34.715 [Forwarding findElement on session da647b3d1e66fd1dd37a67a376ea43f20167d90e to remote] DEBUG org.asynchttpclient.netty.request.NettyRequestSender -- Using pooled Channel '[id: 0x9c4ceff6, L:/192.168.1.60:63621 - R:hub-cloud.browserstack.com/207.254.8.9:443]' for 'POST' to 'https://cesarstevenriosu_Z5kft8:X2vgXh3LFto9sDxURbwP@hub-cloud.browserstack.com/wd/hub/session/da647b3d1e66fd1dd37a67a376ea43f20167d90e/element'
01:55:34.715 [Forwarding findElement on session da647b3d1e66fd1dd37a67a376ea43f20167d90e to remote] DEBUG org.asynchttpclient.netty.request.NettyRequestSender -- Using open Channel [id: 0x9c4ceff6, L:/192.168.1.60:63621 - R:hub-cloud.browserstack.com/207.254.8.9:443] for POST '/wd/hub/session/da647b3d1e66fd1dd37a67a376ea43f20167d90e/element'
01:55:35.048 [AsyncHttpClient-1-5] DEBUG org.asynchttpclient.netty.handler.HttpHandler -- 

Request DefaultHttpRequest(decodeResult: success, version: HTTP/1.1)
POST /wd/hub/session/da647b3d1e66fd1dd37a67a376ea43f20167d90e/element HTTP/1.1
User-Agent: appium/8.3.0 (selenium/4.8.0 (java mac))
Content-Length: 131
Content-Type: application/json; charset=utf-8
host: hub-cloud.browserstack.com
authorization: Basic Y2VzYXJzdGV2ZW5yaW9zdV9aNWtmdDg6WDJ2Z1hoM0xGdG85c0R4VVJid1A=
accept: */*

Response DefaultHttpResponse(decodeResult: success, version: HTTP/1.1)
HTTP/1.1 404 Not Found
Server: nginx
Date: Mon, 05 Jun 2023 06:55:35 GMT
Content-Type: application/json; charset=utf-8
Transfer-Encoding: chunked
Connection: keep-alive
Source-From: 02

01:55:35.049 [AsyncHttpClient-1-5] DEBUG org.asynchttpclient.netty.channel.ChannelManager -- Adding key: https://hub-cloud.browserstack.com:443 for channel [id: 0x9c4ceff6, L:/192.168.1.60:63621 - R:hub-cloud.browserstack.com/207.254.8.9:443]
01:55:35.052 [Forwarding setTimeout on session da647b3d1e66fd1dd37a67a376ea43f20167d90e to remote] DEBUG org.asynchttpclient.netty.request.NettyRequestSender -- Using pooled Channel '[id: 0x9c4ceff6, L:/192.168.1.60:63621 - R:hub-cloud.browserstack.com/207.254.8.9:443]' for 'POST' to 'https://cesarstevenriosu_Z5kft8:X2vgXh3LFto9sDxURbwP@hub-cloud.browserstack.com/wd/hub/session/da647b3d1e66fd1dd37a67a376ea43f20167d90e/timeouts'
01:55:35.052 [Forwarding setTimeout on session da647b3d1e66fd1dd37a67a376ea43f20167d90e to remote] DEBUG org.asynchttpclient.netty.request.NettyRequestSender -- Using open Channel [id: 0x9c4ceff6, L:/192.168.1.60:63621 - R:hub-cloud.browserstack.com/207.254.8.9:443] for POST '/wd/hub/session/da647b3d1e66fd1dd37a67a376ea43f20167d90e/timeouts'
01:55:35.135 [AsyncHttpClient-1-5] DEBUG org.asynchttpclient.netty.handler.HttpHandler -- 

Request DefaultHttpRequest(decodeResult: success, version: HTTP/1.1)
POST /wd/hub/session/da647b3d1e66fd1dd37a67a376ea43f20167d90e/timeouts HTTP/1.1
User-Agent: appium/8.3.0 (selenium/4.8.0 (java mac))
Content-Length: 23
Content-Type: application/json; charset=utf-8
host: hub-cloud.browserstack.com
authorization: Basic Y2VzYXJzdGV2ZW5yaW9zdV9aNWtmdDg6WDJ2Z1hoM0xGdG85c0R4VVJid1A=
accept: */*

Response DefaultHttpResponse(decodeResult: success, version: HTTP/1.1)
HTTP/1.1 200 OK
Server: nginx
Date: Mon, 05 Jun 2023 06:55:35 GMT
Content-Type: application/json; charset=utf-8
Content-Length: 14
Connection: keep-alive
Source-From: 02
x-powered-by: Express
vary: X-HTTP-Method-Override
etag: W/"e-9/1BuKMgFObM1mWJm+YjxtXJnUM"

01:55:35.135 [AsyncHttpClient-1-5] DEBUG org.asynchttpclient.netty.channel.ChannelManager -- Adding key: https://hub-cloud.browserstack.com:443 for channel [id: 0x9c4ceff6, L:/192.168.1.60:63621 - R:hub-cloud.browserstack.com/207.254.8.9:443]
01:55:35.194 [Forwarding setTimeout on session da647b3d1e66fd1dd37a67a376ea43f20167d90e to remote] DEBUG org.asynchttpclient.netty.request.NettyRequestSender -- Using pooled Channel '[id: 0x9c4ceff6, L:/192.168.1.60:63621 - R:hub-cloud.browserstack.com/207.254.8.9:443]' for 'POST' to 'https://cesarstevenriosu_Z5kft8:X2vgXh3LFto9sDxURbwP@hub-cloud.browserstack.com/wd/hub/session/da647b3d1e66fd1dd37a67a376ea43f20167d90e/timeouts'
01:55:35.194 [Forwarding setTimeout on session da647b3d1e66fd1dd37a67a376ea43f20167d90e to remote] DEBUG org.asynchttpclient.netty.request.NettyRequestSender -- Using open Channel [id: 0x9c4ceff6, L:/192.168.1.60:63621 - R:hub-cloud.browserstack.com/207.254.8.9:443] for POST '/wd/hub/session/da647b3d1e66fd1dd37a67a376ea43f20167d90e/timeouts'
01:55:35.294 [AsyncHttpClient-1-5] DEBUG org.asynchttpclient.netty.handler.HttpHandler -- 

Request DefaultHttpRequest(decodeResult: success, version: HTTP/1.1)
POST /wd/hub/session/da647b3d1e66fd1dd37a67a376ea43f20167d90e/timeouts HTTP/1.1
User-Agent: appium/8.3.0 (selenium/4.8.0 (java mac))
Content-Length: 19
Content-Type: application/json; charset=utf-8
host: hub-cloud.browserstack.com
authorization: Basic Y2VzYXJzdGV2ZW5yaW9zdV9aNWtmdDg6WDJ2Z1hoM0xGdG85c0R4VVJid1A=
accept: */*

Response DefaultHttpResponse(decodeResult: success, version: HTTP/1.1)
HTTP/1.1 200 OK
Server: nginx
Date: Mon, 05 Jun 2023 06:55:35 GMT
Content-Type: application/json; charset=utf-8
Content-Length: 14
Connection: close
Source-From: 02
x-powered-by: Express
vary: X-HTTP-Method-Override
etag: W/"e-9/1BuKMgFObM1mWJm+YjxtXJnUM"

01:55:35.294 [AsyncHttpClient-1-5] DEBUG org.asynchttpclient.netty.channel.ChannelManager -- Closing Channel [id: 0x9c4ceff6, L:/192.168.1.60:63621 - R:hub-cloud.browserstack.com/207.254.8.9:443] 
01:55:35.296 [AsyncHttpClient-1-5] DEBUG org.asynchttpclient.netty.handler.HttpHandler -- Channel Closed: [id: 0x9c4ceff6, L:/192.168.1.60:63621 ! R:hub-cloud.browserstack.com/207.254.8.9:443] with attribute DISCARD
01:55:35.489 [AsyncHttpClient-1-6] DEBUG org.asynchttpclient.netty.channel.NettyConnectListener -- Using new Channel '[id: 0xe19883ab, L:/192.168.1.60:63627 - R:hub-cloud.browserstack.com/207.254.8.9:443]' for 'POST' to '/wd/hub/session/da647b3d1e66fd1dd37a67a376ea43f20167d90e/element'
01:55:35.489 [AsyncHttpClient-1-6] DEBUG io.netty.handler.ssl.SslHandler -- [id: 0xe19883ab, L:/192.168.1.60:63627 - R:hub-cloud.browserstack.com/207.254.8.9:443] HANDSHAKEN: protocol:TLSv1.2 cipher suite:TLS_ECDHE_RSA_WITH_AES_128_GCM_SHA256
01:55:35.703 [AsyncHttpClient-1-6] DEBUG org.asynchttpclient.netty.handler.HttpHandler -- 

Request DefaultHttpRequest(decodeResult: success, version: HTTP/1.1)
POST /wd/hub/session/da647b3d1e66fd1dd37a67a376ea43f20167d90e/element HTTP/1.1
User-Agent: appium/8.3.0 (selenium/4.8.0 (java mac))
Content-Length: 131
Content-Type: application/json; charset=utf-8
host: hub-cloud.browserstack.com
authorization: Basic Y2VzYXJzdGV2ZW5yaW9zdV9aNWtmdDg6WDJ2Z1hoM0xGdG85c0R4VVJid1A=
accept: */*

Response DefaultHttpResponse(decodeResult: success, version: HTTP/1.1)
HTTP/1.1 404 Not Found
Server: nginx
Date: Mon, 05 Jun 2023 06:55:35 GMT
Content-Type: application/json; charset=utf-8
Transfer-Encoding: chunked
Connection: keep-alive
Source-From: 02

01:55:35.705 [AsyncHttpClient-1-6] DEBUG org.asynchttpclient.netty.channel.ChannelManager -- Adding key: https://hub-cloud.browserstack.com:443 for channel [id: 0xe19883ab, L:/192.168.1.60:63627 - R:hub-cloud.browserstack.com/207.254.8.9:443]
01:55:35.707 [Forwarding setTimeout on session da647b3d1e66fd1dd37a67a376ea43f20167d90e to remote] DEBUG org.asynchttpclient.netty.request.NettyRequestSender -- Using pooled Channel '[id: 0xe19883ab, L:/192.168.1.60:63627 - R:hub-cloud.browserstack.com/207.254.8.9:443]' for 'POST' to 'https://cesarstevenriosu_Z5kft8:X2vgXh3LFto9sDxURbwP@hub-cloud.browserstack.com/wd/hub/session/da647b3d1e66fd1dd37a67a376ea43f20167d90e/timeouts'
01:55:35.707 [Forwarding setTimeout on session da647b3d1e66fd1dd37a67a376ea43f20167d90e to remote] DEBUG org.asynchttpclient.netty.request.NettyRequestSender -- Using open Channel [id: 0xe19883ab, L:/192.168.1.60:63627 - R:hub-cloud.browserstack.com/207.254.8.9:443] for POST '/wd/hub/session/da647b3d1e66fd1dd37a67a376ea43f20167d90e/timeouts'
01:55:35.910 [AsyncHttpClient-1-6] DEBUG org.asynchttpclient.netty.handler.HttpHandler -- 

Request DefaultHttpRequest(decodeResult: success, version: HTTP/1.1)
POST /wd/hub/session/da647b3d1e66fd1dd37a67a376ea43f20167d90e/timeouts HTTP/1.1
User-Agent: appium/8.3.0 (selenium/4.8.0 (java mac))
Content-Length: 23
Content-Type: application/json; charset=utf-8
host: hub-cloud.browserstack.com
authorization: Basic Y2VzYXJzdGV2ZW5yaW9zdV9aNWtmdDg6WDJ2Z1hoM0xGdG85c0R4VVJid1A=
accept: */*

Response DefaultHttpResponse(decodeResult: success, version: HTTP/1.1)
HTTP/1.1 200 OK
Server: nginx
Date: Mon, 05 Jun 2023 06:55:36 GMT
Content-Type: application/json; charset=utf-8
Content-Length: 14
Connection: keep-alive
Source-From: 02
x-powered-by: Express
vary: X-HTTP-Method-Override
etag: W/"e-9/1BuKMgFObM1mWJm+YjxtXJnUM"

01:55:35.910 [AsyncHttpClient-1-6] DEBUG org.asynchttpclient.netty.channel.ChannelManager -- Adding key: https://hub-cloud.browserstack.com:443 for channel [id: 0xe19883ab, L:/192.168.1.60:63627 - R:hub-cloud.browserstack.com/207.254.8.9:443]
01:55:35.969 [Forwarding setTimeout on session da647b3d1e66fd1dd37a67a376ea43f20167d90e to remote] DEBUG org.asynchttpclient.netty.request.NettyRequestSender -- Using pooled Channel '[id: 0xe19883ab, L:/192.168.1.60:63627 - R:hub-cloud.browserstack.com/207.254.8.9:443]' for 'POST' to 'https://cesarstevenriosu_Z5kft8:X2vgXh3LFto9sDxURbwP@hub-cloud.browserstack.com/wd/hub/session/da647b3d1e66fd1dd37a67a376ea43f20167d90e/timeouts'
01:55:35.969 [Forwarding setTimeout on session da647b3d1e66fd1dd37a67a376ea43f20167d90e to remote] DEBUG org.asynchttpclient.netty.request.NettyRequestSender -- Using open Channel [id: 0xe19883ab, L:/192.168.1.60:63627 - R:hub-cloud.browserstack.com/207.254.8.9:443] for POST '/wd/hub/session/da647b3d1e66fd1dd37a67a376ea43f20167d90e/timeouts'
01:55:36.112 [AsyncHttpClient-1-6] DEBUG org.asynchttpclient.netty.handler.HttpHandler -- 

Request DefaultHttpRequest(decodeResult: success, version: HTTP/1.1)
POST /wd/hub/session/da647b3d1e66fd1dd37a67a376ea43f20167d90e/timeouts HTTP/1.1
User-Agent: appium/8.3.0 (selenium/4.8.0 (java mac))
Content-Length: 19
Content-Type: application/json; charset=utf-8
host: hub-cloud.browserstack.com
authorization: Basic Y2VzYXJzdGV2ZW5yaW9zdV9aNWtmdDg6WDJ2Z1hoM0xGdG85c0R4VVJid1A=
accept: */*

Response DefaultHttpResponse(decodeResult: success, version: HTTP/1.1)
HTTP/1.1 200 OK
Server: nginx
Date: Mon, 05 Jun 2023 06:55:36 GMT
Content-Type: application/json; charset=utf-8
Content-Length: 14
Connection: keep-alive
Source-From: 02
x-powered-by: Express
vary: X-HTTP-Method-Override
etag: W/"e-9/1BuKMgFObM1mWJm+YjxtXJnUM"

01:55:36.112 [AsyncHttpClient-1-6] DEBUG org.asynchttpclient.netty.channel.ChannelManager -- Adding key: https://hub-cloud.browserstack.com:443 for channel [id: 0xe19883ab, L:/192.168.1.60:63627 - R:hub-cloud.browserstack.com/207.254.8.9:443]
01:55:36.115 [Forwarding findElement on session da647b3d1e66fd1dd37a67a376ea43f20167d90e to remote] DEBUG org.asynchttpclient.netty.request.NettyRequestSender -- Using pooled Channel '[id: 0xe19883ab, L:/192.168.1.60:63627 - R:hub-cloud.browserstack.com/207.254.8.9:443]' for 'POST' to 'https://cesarstevenriosu_Z5kft8:X2vgXh3LFto9sDxURbwP@hub-cloud.browserstack.com/wd/hub/session/da647b3d1e66fd1dd37a67a376ea43f20167d90e/element'
01:55:36.115 [Forwarding findElement on session da647b3d1e66fd1dd37a67a376ea43f20167d90e to remote] DEBUG org.asynchttpclient.netty.request.NettyRequestSender -- Using open Channel [id: 0xe19883ab, L:/192.168.1.60:63627 - R:hub-cloud.browserstack.com/207.254.8.9:443] for POST '/wd/hub/session/da647b3d1e66fd1dd37a67a376ea43f20167d90e/element'
01:55:36.323 [AsyncHttpClient-1-6] DEBUG org.asynchttpclient.netty.handler.HttpHandler -- 

Request DefaultHttpRequest(decodeResult: success, version: HTTP/1.1)
POST /wd/hub/session/da647b3d1e66fd1dd37a67a376ea43f20167d90e/element HTTP/1.1
User-Agent: appium/8.3.0 (selenium/4.8.0 (java mac))
Content-Length: 131
Content-Type: application/json; charset=utf-8
host: hub-cloud.browserstack.com
authorization: Basic Y2VzYXJzdGV2ZW5yaW9zdV9aNWtmdDg6WDJ2Z1hoM0xGdG85c0R4VVJid1A=
accept: */*

Response DefaultHttpResponse(decodeResult: success, version: HTTP/1.1)
HTTP/1.1 404 Not Found
Server: nginx
Date: Mon, 05 Jun 2023 06:55:36 GMT
Content-Type: application/json; charset=utf-8
Transfer-Encoding: chunked
Connection: keep-alive
Source-From: 02

01:55:36.323 [AsyncHttpClient-1-6] DEBUG org.asynchttpclient.netty.channel.ChannelManager -- Adding key: https://hub-cloud.browserstack.com:443 for channel [id: 0xe19883ab, L:/192.168.1.60:63627 - R:hub-cloud.browserstack.com/207.254.8.9:443]
01:55:36.326 [Forwarding setTimeout on session da647b3d1e66fd1dd37a67a376ea43f20167d90e to remote] DEBUG org.asynchttpclient.netty.request.NettyRequestSender -- Using pooled Channel '[id: 0xe19883ab, L:/192.168.1.60:63627 - R:hub-cloud.browserstack.com/207.254.8.9:443]' for 'POST' to 'https://cesarstevenriosu_Z5kft8:X2vgXh3LFto9sDxURbwP@hub-cloud.browserstack.com/wd/hub/session/da647b3d1e66fd1dd37a67a376ea43f20167d90e/timeouts'
01:55:36.326 [Forwarding setTimeout on session da647b3d1e66fd1dd37a67a376ea43f20167d90e to remote] DEBUG org.asynchttpclient.netty.request.NettyRequestSender -- Using open Channel [id: 0xe19883ab, L:/192.168.1.60:63627 - R:hub-cloud.browserstack.com/207.254.8.9:443] for POST '/wd/hub/session/da647b3d1e66fd1dd37a67a376ea43f20167d90e/timeouts'
01:55:36.467 [AsyncHttpClient-1-6] DEBUG org.asynchttpclient.netty.handler.HttpHandler -- 

Request DefaultHttpRequest(decodeResult: success, version: HTTP/1.1)
POST /wd/hub/session/da647b3d1e66fd1dd37a67a376ea43f20167d90e/timeouts HTTP/1.1
User-Agent: appium/8.3.0 (selenium/4.8.0 (java mac))
Content-Length: 23
Content-Type: application/json; charset=utf-8
host: hub-cloud.browserstack.com
authorization: Basic Y2VzYXJzdGV2ZW5yaW9zdV9aNWtmdDg6WDJ2Z1hoM0xGdG85c0R4VVJid1A=
accept: */*

Response DefaultHttpResponse(decodeResult: success, version: HTTP/1.1)
HTTP/1.1 200 OK
Server: nginx
Date: Mon, 05 Jun 2023 06:55:36 GMT
Content-Type: application/json; charset=utf-8
Content-Length: 14
Connection: keep-alive
Source-From: 02
x-powered-by: Express
vary: X-HTTP-Method-Override
etag: W/"e-9/1BuKMgFObM1mWJm+YjxtXJnUM"

01:55:36.467 [AsyncHttpClient-1-6] DEBUG org.asynchttpclient.netty.channel.ChannelManager -- Adding key: https://hub-cloud.browserstack.com:443 for channel [id: 0xe19883ab, L:/192.168.1.60:63627 - R:hub-cloud.browserstack.com/207.254.8.9:443]
01:55:36.526 [Forwarding setTimeout on session da647b3d1e66fd1dd37a67a376ea43f20167d90e to remote] DEBUG org.asynchttpclient.netty.request.NettyRequestSender -- Using pooled Channel '[id: 0xe19883ab, L:/192.168.1.60:63627 - R:hub-cloud.browserstack.com/207.254.8.9:443]' for 'POST' to 'https://cesarstevenriosu_Z5kft8:X2vgXh3LFto9sDxURbwP@hub-cloud.browserstack.com/wd/hub/session/da647b3d1e66fd1dd37a67a376ea43f20167d90e/timeouts'
01:55:36.526 [Forwarding setTimeout on session da647b3d1e66fd1dd37a67a376ea43f20167d90e to remote] DEBUG org.asynchttpclient.netty.request.NettyRequestSender -- Using open Channel [id: 0xe19883ab, L:/192.168.1.60:63627 - R:hub-cloud.browserstack.com/207.254.8.9:443] for POST '/wd/hub/session/da647b3d1e66fd1dd37a67a376ea43f20167d90e/timeouts'
01:55:36.676 [AsyncHttpClient-1-6] DEBUG org.asynchttpclient.netty.handler.HttpHandler -- 

Request DefaultHttpRequest(decodeResult: success, version: HTTP/1.1)
POST /wd/hub/session/da647b3d1e66fd1dd37a67a376ea43f20167d90e/timeouts HTTP/1.1
User-Agent: appium/8.3.0 (selenium/4.8.0 (java mac))
Content-Length: 19
Content-Type: application/json; charset=utf-8
host: hub-cloud.browserstack.com
authorization: Basic Y2VzYXJzdGV2ZW5yaW9zdV9aNWtmdDg6WDJ2Z1hoM0xGdG85c0R4VVJid1A=
accept: */*

Response DefaultHttpResponse(decodeResult: success, version: HTTP/1.1)
HTTP/1.1 200 OK
Server: nginx
Date: Mon, 05 Jun 2023 06:55:36 GMT
Content-Type: application/json; charset=utf-8
Content-Length: 14
Connection: keep-alive
Source-From: 02
x-powered-by: Express
vary: X-HTTP-Method-Override
etag: W/"e-9/1BuKMgFObM1mWJm+YjxtXJnUM"

01:55:36.678 [AsyncHttpClient-1-6] DEBUG org.asynchttpclient.netty.channel.ChannelManager -- Adding key: https://hub-cloud.browserstack.com:443 for channel [id: 0xe19883ab, L:/192.168.1.60:63627 - R:hub-cloud.browserstack.com/207.254.8.9:443]
01:55:36.680 [Forwarding findElement on session da647b3d1e66fd1dd37a67a376ea43f20167d90e to remote] DEBUG org.asynchttpclient.netty.request.NettyRequestSender -- Using pooled Channel '[id: 0xe19883ab, L:/192.168.1.60:63627 - R:hub-cloud.browserstack.com/207.254.8.9:443]' for 'POST' to 'https://cesarstevenriosu_Z5kft8:X2vgXh3LFto9sDxURbwP@hub-cloud.browserstack.com/wd/hub/session/da647b3d1e66fd1dd37a67a376ea43f20167d90e/element'
01:55:36.680 [Forwarding findElement on session da647b3d1e66fd1dd37a67a376ea43f20167d90e to remote] DEBUG org.asynchttpclient.netty.request.NettyRequestSender -- Using open Channel [id: 0xe19883ab, L:/192.168.1.60:63627 - R:hub-cloud.browserstack.com/207.254.8.9:443] for POST '/wd/hub/session/da647b3d1e66fd1dd37a67a376ea43f20167d90e/element'
01:55:37.667 [AsyncHttpClient-1-6] DEBUG org.asynchttpclient.netty.handler.HttpHandler -- 

Request DefaultHttpRequest(decodeResult: success, version: HTTP/1.1)
POST /wd/hub/session/da647b3d1e66fd1dd37a67a376ea43f20167d90e/element HTTP/1.1
User-Agent: appium/8.3.0 (selenium/4.8.0 (java mac))
Content-Length: 131
Content-Type: application/json; charset=utf-8
host: hub-cloud.browserstack.com
authorization: Basic Y2VzYXJzdGV2ZW5yaW9zdV9aNWtmdDg6WDJ2Z1hoM0xGdG85c0R4VVJid1A=
accept: */*

Response DefaultHttpResponse(decodeResult: success, version: HTTP/1.1)
HTTP/1.1 404 Not Found
Server: nginx
Date: Mon, 05 Jun 2023 06:55:37 GMT
Content-Type: application/json; charset=utf-8
Transfer-Encoding: chunked
Connection: keep-alive
Source-From: 02

01:55:37.668 [AsyncHttpClient-1-6] DEBUG org.asynchttpclient.netty.channel.ChannelManager -- Adding key: https://hub-cloud.browserstack.com:443 for channel [id: 0xe19883ab, L:/192.168.1.60:63627 - R:hub-cloud.browserstack.com/207.254.8.9:443]
01:55:37.671 [Forwarding setTimeout on session da647b3d1e66fd1dd37a67a376ea43f20167d90e to remote] DEBUG org.asynchttpclient.netty.request.NettyRequestSender -- Using pooled Channel '[id: 0xe19883ab, L:/192.168.1.60:63627 - R:hub-cloud.browserstack.com/207.254.8.9:443]' for 'POST' to 'https://cesarstevenriosu_Z5kft8:X2vgXh3LFto9sDxURbwP@hub-cloud.browserstack.com/wd/hub/session/da647b3d1e66fd1dd37a67a376ea43f20167d90e/timeouts'
01:55:37.671 [Forwarding setTimeout on session da647b3d1e66fd1dd37a67a376ea43f20167d90e to remote] DEBUG org.asynchttpclient.netty.request.NettyRequestSender -- Using open Channel [id: 0xe19883ab, L:/192.168.1.60:63627 - R:hub-cloud.browserstack.com/207.254.8.9:443] for POST '/wd/hub/session/da647b3d1e66fd1dd37a67a376ea43f20167d90e/timeouts'
01:55:37.936 [AsyncHttpClient-1-6] DEBUG org.asynchttpclient.netty.handler.HttpHandler -- 

Request DefaultHttpRequest(decodeResult: success, version: HTTP/1.1)
POST /wd/hub/session/da647b3d1e66fd1dd37a67a376ea43f20167d90e/timeouts HTTP/1.1
User-Agent: appium/8.3.0 (selenium/4.8.0 (java mac))
Content-Length: 23
Content-Type: application/json; charset=utf-8
host: hub-cloud.browserstack.com
authorization: Basic Y2VzYXJzdGV2ZW5yaW9zdV9aNWtmdDg6WDJ2Z1hoM0xGdG85c0R4VVJid1A=
accept: */*

Response DefaultHttpResponse(decodeResult: success, version: HTTP/1.1)
HTTP/1.1 200 OK
Server: nginx
Date: Mon, 05 Jun 2023 06:55:38 GMT
Content-Type: application/json; charset=utf-8
Content-Length: 14
Connection: keep-alive
Source-From: 02
x-powered-by: Express
vary: X-HTTP-Method-Override
etag: W/"e-9/1BuKMgFObM1mWJm+YjxtXJnUM"

01:55:37.937 [AsyncHttpClient-1-6] DEBUG org.asynchttpclient.netty.channel.ChannelManager -- Adding key: https://hub-cloud.browserstack.com:443 for channel [id: 0xe19883ab, L:/192.168.1.60:63627 - R:hub-cloud.browserstack.com/207.254.8.9:443]
01:55:37.992 [Forwarding setTimeout on session da647b3d1e66fd1dd37a67a376ea43f20167d90e to remote] DEBUG org.asynchttpclient.netty.request.NettyRequestSender -- Using pooled Channel '[id: 0xe19883ab, L:/192.168.1.60:63627 - R:hub-cloud.browserstack.com/207.254.8.9:443]' for 'POST' to 'https://cesarstevenriosu_Z5kft8:X2vgXh3LFto9sDxURbwP@hub-cloud.browserstack.com/wd/hub/session/da647b3d1e66fd1dd37a67a376ea43f20167d90e/timeouts'
01:55:37.992 [Forwarding setTimeout on session da647b3d1e66fd1dd37a67a376ea43f20167d90e to remote] DEBUG org.asynchttpclient.netty.request.NettyRequestSender -- Using open Channel [id: 0xe19883ab, L:/192.168.1.60:63627 - R:hub-cloud.browserstack.com/207.254.8.9:443] for POST '/wd/hub/session/da647b3d1e66fd1dd37a67a376ea43f20167d90e/timeouts'
01:55:38.129 [AsyncHttpClient-1-6] DEBUG org.asynchttpclient.netty.handler.HttpHandler -- 

Request DefaultHttpRequest(decodeResult: success, version: HTTP/1.1)
POST /wd/hub/session/da647b3d1e66fd1dd37a67a376ea43f20167d90e/timeouts HTTP/1.1
User-Agent: appium/8.3.0 (selenium/4.8.0 (java mac))
Content-Length: 19
Content-Type: application/json; charset=utf-8
host: hub-cloud.browserstack.com
authorization: Basic Y2VzYXJzdGV2ZW5yaW9zdV9aNWtmdDg6WDJ2Z1hoM0xGdG85c0R4VVJid1A=
accept: */*

Response DefaultHttpResponse(decodeResult: success, version: HTTP/1.1)
HTTP/1.1 200 OK
Server: nginx
Date: Mon, 05 Jun 2023 06:55:38 GMT
Content-Type: application/json; charset=utf-8
Content-Length: 14
Connection: keep-alive
Source-From: 02
x-powered-by: Express
vary: X-HTTP-Method-Override
etag: W/"e-9/1BuKMgFObM1mWJm+YjxtXJnUM"

01:55:38.130 [AsyncHttpClient-1-6] DEBUG org.asynchttpclient.netty.channel.ChannelManager -- Adding key: https://hub-cloud.browserstack.com:443 for channel [id: 0xe19883ab, L:/192.168.1.60:63627 - R:hub-cloud.browserstack.com/207.254.8.9:443]
01:55:38.132 [Forwarding findElement on session da647b3d1e66fd1dd37a67a376ea43f20167d90e to remote] DEBUG org.asynchttpclient.netty.request.NettyRequestSender -- Using pooled Channel '[id: 0xe19883ab, L:/192.168.1.60:63627 - R:hub-cloud.browserstack.com/207.254.8.9:443]' for 'POST' to 'https://cesarstevenriosu_Z5kft8:X2vgXh3LFto9sDxURbwP@hub-cloud.browserstack.com/wd/hub/session/da647b3d1e66fd1dd37a67a376ea43f20167d90e/element'
01:55:38.132 [Forwarding findElement on session da647b3d1e66fd1dd37a67a376ea43f20167d90e to remote] DEBUG org.asynchttpclient.netty.request.NettyRequestSender -- Using open Channel [id: 0xe19883ab, L:/192.168.1.60:63627 - R:hub-cloud.browserstack.com/207.254.8.9:443] for POST '/wd/hub/session/da647b3d1e66fd1dd37a67a376ea43f20167d90e/element'
01:55:38.377 [AsyncHttpClient-1-6] DEBUG org.asynchttpclient.netty.handler.HttpHandler -- 

Request DefaultHttpRequest(decodeResult: success, version: HTTP/1.1)
POST /wd/hub/session/da647b3d1e66fd1dd37a67a376ea43f20167d90e/element HTTP/1.1
User-Agent: appium/8.3.0 (selenium/4.8.0 (java mac))
Content-Length: 131
Content-Type: application/json; charset=utf-8
host: hub-cloud.browserstack.com
authorization: Basic Y2VzYXJzdGV2ZW5yaW9zdV9aNWtmdDg6WDJ2Z1hoM0xGdG85c0R4VVJid1A=
accept: */*

Response DefaultHttpResponse(decodeResult: success, version: HTTP/1.1)
HTTP/1.1 404 Not Found
Server: nginx
Date: Mon, 05 Jun 2023 06:55:38 GMT
Content-Type: application/json; charset=utf-8
Transfer-Encoding: chunked
Connection: keep-alive
Source-From: 02

01:55:38.380 [AsyncHttpClient-1-6] DEBUG org.asynchttpclient.netty.channel.ChannelManager -- Adding key: https://hub-cloud.browserstack.com:443 for channel [id: 0xe19883ab, L:/192.168.1.60:63627 - R:hub-cloud.browserstack.com/207.254.8.9:443]
01:55:38.383 [Forwarding setTimeout on session da647b3d1e66fd1dd37a67a376ea43f20167d90e to remote] DEBUG org.asynchttpclient.netty.request.NettyRequestSender -- Using pooled Channel '[id: 0xe19883ab, L:/192.168.1.60:63627 - R:hub-cloud.browserstack.com/207.254.8.9:443]' for 'POST' to 'https://cesarstevenriosu_Z5kft8:X2vgXh3LFto9sDxURbwP@hub-cloud.browserstack.com/wd/hub/session/da647b3d1e66fd1dd37a67a376ea43f20167d90e/timeouts'
01:55:38.383 [Forwarding setTimeout on session da647b3d1e66fd1dd37a67a376ea43f20167d90e to remote] DEBUG org.asynchttpclient.netty.request.NettyRequestSender -- Using open Channel [id: 0xe19883ab, L:/192.168.1.60:63627 - R:hub-cloud.browserstack.com/207.254.8.9:443] for POST '/wd/hub/session/da647b3d1e66fd1dd37a67a376ea43f20167d90e/timeouts'
01:55:38.550 [AsyncHttpClient-1-6] DEBUG org.asynchttpclient.netty.handler.HttpHandler -- 

Request DefaultHttpRequest(decodeResult: success, version: HTTP/1.1)
POST /wd/hub/session/da647b3d1e66fd1dd37a67a376ea43f20167d90e/timeouts HTTP/1.1
User-Agent: appium/8.3.0 (selenium/4.8.0 (java mac))
Content-Length: 23
Content-Type: application/json; charset=utf-8
host: hub-cloud.browserstack.com
authorization: Basic Y2VzYXJzdGV2ZW5yaW9zdV9aNWtmdDg6WDJ2Z1hoM0xGdG85c0R4VVJid1A=
accept: */*

Response DefaultHttpResponse(decodeResult: success, version: HTTP/1.1)
HTTP/1.1 200 OK
Server: nginx
Date: Mon, 05 Jun 2023 06:55:38 GMT
Content-Type: application/json; charset=utf-8
Content-Length: 14
Connection: keep-alive
Source-From: 02
x-powered-by: Express
vary: X-HTTP-Method-Override
etag: W/"e-9/1BuKMgFObM1mWJm+YjxtXJnUM"

01:55:38.550 [AsyncHttpClient-1-6] DEBUG org.asynchttpclient.netty.channel.ChannelManager -- Adding key: https://hub-cloud.browserstack.com:443 for channel [id: 0xe19883ab, L:/192.168.1.60:63627 - R:hub-cloud.browserstack.com/207.254.8.9:443]
01:55:38.607 [Forwarding setTimeout on session da647b3d1e66fd1dd37a67a376ea43f20167d90e to remote] DEBUG org.asynchttpclient.netty.request.NettyRequestSender -- Using pooled Channel '[id: 0xe19883ab, L:/192.168.1.60:63627 - R:hub-cloud.browserstack.com/207.254.8.9:443]' for 'POST' to 'https://cesarstevenriosu_Z5kft8:X2vgXh3LFto9sDxURbwP@hub-cloud.browserstack.com/wd/hub/session/da647b3d1e66fd1dd37a67a376ea43f20167d90e/timeouts'
01:55:38.607 [Forwarding setTimeout on session da647b3d1e66fd1dd37a67a376ea43f20167d90e to remote] DEBUG org.asynchttpclient.netty.request.NettyRequestSender -- Using open Channel [id: 0xe19883ab, L:/192.168.1.60:63627 - R:hub-cloud.browserstack.com/207.254.8.9:443] for POST '/wd/hub/session/da647b3d1e66fd1dd37a67a376ea43f20167d90e/timeouts'
01:55:38.745 [AsyncHttpClient-1-6] DEBUG org.asynchttpclient.netty.handler.HttpHandler -- 

Request DefaultHttpRequest(decodeResult: success, version: HTTP/1.1)
POST /wd/hub/session/da647b3d1e66fd1dd37a67a376ea43f20167d90e/timeouts HTTP/1.1
User-Agent: appium/8.3.0 (selenium/4.8.0 (java mac))
Content-Length: 19
Content-Type: application/json; charset=utf-8
host: hub-cloud.browserstack.com
authorization: Basic Y2VzYXJzdGV2ZW5yaW9zdV9aNWtmdDg6WDJ2Z1hoM0xGdG85c0R4VVJid1A=
accept: */*

Response DefaultHttpResponse(decodeResult: success, version: HTTP/1.1)
HTTP/1.1 200 OK
Server: nginx
Date: Mon, 05 Jun 2023 06:55:38 GMT
Content-Type: application/json; charset=utf-8
Content-Length: 14
Connection: keep-alive
Source-From: 02
x-powered-by: Express
vary: X-HTTP-Method-Override
etag: W/"e-9/1BuKMgFObM1mWJm+YjxtXJnUM"

01:55:38.745 [AsyncHttpClient-1-6] DEBUG org.asynchttpclient.netty.channel.ChannelManager -- Adding key: https://hub-cloud.browserstack.com:443 for channel [id: 0xe19883ab, L:/192.168.1.60:63627 - R:hub-cloud.browserstack.com/207.254.8.9:443]
01:55:38.748 [Forwarding findElement on session da647b3d1e66fd1dd37a67a376ea43f20167d90e to remote] DEBUG org.asynchttpclient.netty.request.NettyRequestSender -- Using pooled Channel '[id: 0xe19883ab, L:/192.168.1.60:63627 - R:hub-cloud.browserstack.com/207.254.8.9:443]' for 'POST' to 'https://cesarstevenriosu_Z5kft8:X2vgXh3LFto9sDxURbwP@hub-cloud.browserstack.com/wd/hub/session/da647b3d1e66fd1dd37a67a376ea43f20167d90e/element'
01:55:38.748 [Forwarding findElement on session da647b3d1e66fd1dd37a67a376ea43f20167d90e to remote] DEBUG org.asynchttpclient.netty.request.NettyRequestSender -- Using open Channel [id: 0xe19883ab, L:/192.168.1.60:63627 - R:hub-cloud.browserstack.com/207.254.8.9:443] for POST '/wd/hub/session/da647b3d1e66fd1dd37a67a376ea43f20167d90e/element'
01:55:39.101 [AsyncHttpClient-1-6] DEBUG org.asynchttpclient.netty.handler.HttpHandler -- 

Request DefaultHttpRequest(decodeResult: success, version: HTTP/1.1)
POST /wd/hub/session/da647b3d1e66fd1dd37a67a376ea43f20167d90e/element HTTP/1.1
User-Agent: appium/8.3.0 (selenium/4.8.0 (java mac))
Content-Length: 131
Content-Type: application/json; charset=utf-8
host: hub-cloud.browserstack.com
authorization: Basic Y2VzYXJzdGV2ZW5yaW9zdV9aNWtmdDg6WDJ2Z1hoM0xGdG85c0R4VVJid1A=
accept: */*

Response DefaultHttpResponse(decodeResult: success, version: HTTP/1.1)
HTTP/1.1 404 Not Found
Server: nginx
Date: Mon, 05 Jun 2023 06:55:39 GMT
Content-Type: application/json; charset=utf-8
Transfer-Encoding: chunked
Connection: keep-alive
Source-From: 02

01:55:39.101 [AsyncHttpClient-1-6] DEBUG org.asynchttpclient.netty.channel.ChannelManager -- Adding key: https://hub-cloud.browserstack.com:443 for channel [id: 0xe19883ab, L:/192.168.1.60:63627 - R:hub-cloud.browserstack.com/207.254.8.9:443]
01:55:39.103 [Forwarding setTimeout on session da647b3d1e66fd1dd37a67a376ea43f20167d90e to remote] DEBUG org.asynchttpclient.netty.request.NettyRequestSender -- Using pooled Channel '[id: 0xe19883ab, L:/192.168.1.60:63627 - R:hub-cloud.browserstack.com/207.254.8.9:443]' for 'POST' to 'https://cesarstevenriosu_Z5kft8:X2vgXh3LFto9sDxURbwP@hub-cloud.browserstack.com/wd/hub/session/da647b3d1e66fd1dd37a67a376ea43f20167d90e/timeouts'
01:55:39.103 [Forwarding setTimeout on session da647b3d1e66fd1dd37a67a376ea43f20167d90e to remote] DEBUG org.asynchttpclient.netty.request.NettyRequestSender -- Using open Channel [id: 0xe19883ab, L:/192.168.1.60:63627 - R:hub-cloud.browserstack.com/207.254.8.9:443] for POST '/wd/hub/session/da647b3d1e66fd1dd37a67a376ea43f20167d90e/timeouts'
01:55:39.226 [AsyncHttpClient-1-6] DEBUG org.asynchttpclient.netty.handler.HttpHandler -- 

Request DefaultHttpRequest(decodeResult: success, version: HTTP/1.1)
POST /wd/hub/session/da647b3d1e66fd1dd37a67a376ea43f20167d90e/timeouts HTTP/1.1
User-Agent: appium/8.3.0 (selenium/4.8.0 (java mac))
Content-Length: 23
Content-Type: application/json; charset=utf-8
host: hub-cloud.browserstack.com
authorization: Basic Y2VzYXJzdGV2ZW5yaW9zdV9aNWtmdDg6WDJ2Z1hoM0xGdG85c0R4VVJid1A=
accept: */*

Response DefaultHttpResponse(decodeResult: success, version: HTTP/1.1)
HTTP/1.1 200 OK
Server: nginx
Date: Mon, 05 Jun 2023 06:55:39 GMT
Content-Type: application/json; charset=utf-8
Content-Length: 14
Connection: keep-alive
Source-From: 02
x-powered-by: Express
vary: X-HTTP-Method-Override
etag: W/"e-9/1BuKMgFObM1mWJm+YjxtXJnUM"

01:55:39.226 [AsyncHttpClient-1-6] DEBUG org.asynchttpclient.netty.channel.ChannelManager -- Adding key: https://hub-cloud.browserstack.com:443 for channel [id: 0xe19883ab, L:/192.168.1.60:63627 - R:hub-cloud.browserstack.com/207.254.8.9:443]
01:55:39.287 [Forwarding setTimeout on session da647b3d1e66fd1dd37a67a376ea43f20167d90e to remote] DEBUG org.asynchttpclient.netty.request.NettyRequestSender -- Using pooled Channel '[id: 0xe19883ab, L:/192.168.1.60:63627 - R:hub-cloud.browserstack.com/207.254.8.9:443]' for 'POST' to 'https://cesarstevenriosu_Z5kft8:X2vgXh3LFto9sDxURbwP@hub-cloud.browserstack.com/wd/hub/session/da647b3d1e66fd1dd37a67a376ea43f20167d90e/timeouts'
01:55:39.287 [Forwarding setTimeout on session da647b3d1e66fd1dd37a67a376ea43f20167d90e to remote] DEBUG org.asynchttpclient.netty.request.NettyRequestSender -- Using open Channel [id: 0xe19883ab, L:/192.168.1.60:63627 - R:hub-cloud.browserstack.com/207.254.8.9:443] for POST '/wd/hub/session/da647b3d1e66fd1dd37a67a376ea43f20167d90e/timeouts'
01:55:39.448 [AsyncHttpClient-1-6] DEBUG org.asynchttpclient.netty.handler.HttpHandler -- 

Request DefaultHttpRequest(decodeResult: success, version: HTTP/1.1)
POST /wd/hub/session/da647b3d1e66fd1dd37a67a376ea43f20167d90e/timeouts HTTP/1.1
User-Agent: appium/8.3.0 (selenium/4.8.0 (java mac))
Content-Length: 19
Content-Type: application/json; charset=utf-8
host: hub-cloud.browserstack.com
authorization: Basic Y2VzYXJzdGV2ZW5yaW9zdV9aNWtmdDg6WDJ2Z1hoM0xGdG85c0R4VVJid1A=
accept: */*

Response DefaultHttpResponse(decodeResult: success, version: HTTP/1.1)
HTTP/1.1 200 OK
Server: nginx
Date: Mon, 05 Jun 2023 06:55:39 GMT
Content-Type: application/json; charset=utf-8
Content-Length: 14
Connection: keep-alive
Source-From: 02
x-powered-by: Express
vary: X-HTTP-Method-Override
etag: W/"e-9/1BuKMgFObM1mWJm+YjxtXJnUM"

01:55:39.448 [AsyncHttpClient-1-6] DEBUG org.asynchttpclient.netty.channel.ChannelManager -- Adding key: https://hub-cloud.browserstack.com:443 for channel [id: 0xe19883ab, L:/192.168.1.60:63627 - R:hub-cloud.browserstack.com/207.254.8.9:443]
01:55:39.451 [Forwarding findElement on session da647b3d1e66fd1dd37a67a376ea43f20167d90e to remote] DEBUG org.asynchttpclient.netty.request.NettyRequestSender -- Using pooled Channel '[id: 0xe19883ab, L:/192.168.1.60:63627 - R:hub-cloud.browserstack.com/207.254.8.9:443]' for 'POST' to 'https://cesarstevenriosu_Z5kft8:X2vgXh3LFto9sDxURbwP@hub-cloud.browserstack.com/wd/hub/session/da647b3d1e66fd1dd37a67a376ea43f20167d90e/element'
01:55:39.451 [Forwarding findElement on session da647b3d1e66fd1dd37a67a376ea43f20167d90e to remote] DEBUG org.asynchttpclient.netty.request.NettyRequestSender -- Using open Channel [id: 0xe19883ab, L:/192.168.1.60:63627 - R:hub-cloud.browserstack.com/207.254.8.9:443] for POST '/wd/hub/session/da647b3d1e66fd1dd37a67a376ea43f20167d90e/element'
01:55:39.817 [AsyncHttpClient-1-6] DEBUG org.asynchttpclient.netty.handler.HttpHandler -- 

Request DefaultHttpRequest(decodeResult: success, version: HTTP/1.1)
POST /wd/hub/session/da647b3d1e66fd1dd37a67a376ea43f20167d90e/element HTTP/1.1
User-Agent: appium/8.3.0 (selenium/4.8.0 (java mac))
Content-Length: 131
Content-Type: application/json; charset=utf-8
host: hub-cloud.browserstack.com
authorization: Basic Y2VzYXJzdGV2ZW5yaW9zdV9aNWtmdDg6WDJ2Z1hoM0xGdG85c0R4VVJid1A=
accept: */*

Response DefaultHttpResponse(decodeResult: success, version: HTTP/1.1)
HTTP/1.1 404 Not Found
Server: nginx
Date: Mon, 05 Jun 2023 06:55:39 GMT
Content-Type: application/json; charset=utf-8
Transfer-Encoding: chunked
Connection: keep-alive
Source-From: 02

01:55:39.818 [AsyncHttpClient-1-6] DEBUG org.asynchttpclient.netty.channel.ChannelManager -- Adding key: https://hub-cloud.browserstack.com:443 for channel [id: 0xe19883ab, L:/192.168.1.60:63627 - R:hub-cloud.browserstack.com/207.254.8.9:443]
01:55:39.820 [Forwarding setTimeout on session da647b3d1e66fd1dd37a67a376ea43f20167d90e to remote] DEBUG org.asynchttpclient.netty.request.NettyRequestSender -- Using pooled Channel '[id: 0xe19883ab, L:/192.168.1.60:63627 - R:hub-cloud.browserstack.com/207.254.8.9:443]' for 'POST' to 'https://cesarstevenriosu_Z5kft8:X2vgXh3LFto9sDxURbwP@hub-cloud.browserstack.com/wd/hub/session/da647b3d1e66fd1dd37a67a376ea43f20167d90e/timeouts'
01:55:39.820 [Forwarding setTimeout on session da647b3d1e66fd1dd37a67a376ea43f20167d90e to remote] DEBUG org.asynchttpclient.netty.request.NettyRequestSender -- Using open Channel [id: 0xe19883ab, L:/192.168.1.60:63627 - R:hub-cloud.browserstack.com/207.254.8.9:443] for POST '/wd/hub/session/da647b3d1e66fd1dd37a67a376ea43f20167d90e/timeouts'
01:55:39.987 [AsyncHttpClient-1-6] DEBUG org.asynchttpclient.netty.handler.HttpHandler -- 

Request DefaultHttpRequest(decodeResult: success, version: HTTP/1.1)
POST /wd/hub/session/da647b3d1e66fd1dd37a67a376ea43f20167d90e/timeouts HTTP/1.1
User-Agent: appium/8.3.0 (selenium/4.8.0 (java mac))
Content-Length: 23
Content-Type: application/json; charset=utf-8
host: hub-cloud.browserstack.com
authorization: Basic Y2VzYXJzdGV2ZW5yaW9zdV9aNWtmdDg6WDJ2Z1hoM0xGdG85c0R4VVJid1A=
accept: */*

Response DefaultHttpResponse(decodeResult: success, version: HTTP/1.1)
HTTP/1.1 200 OK
Server: nginx
Date: Mon, 05 Jun 2023 06:55:40 GMT
Content-Type: application/json; charset=utf-8
Content-Length: 14
Connection: keep-alive
Source-From: 02
x-powered-by: Express
vary: X-HTTP-Method-Override
etag: W/"e-9/1BuKMgFObM1mWJm+YjxtXJnUM"

01:55:39.988 [AsyncHttpClient-1-6] DEBUG org.asynchttpclient.netty.channel.ChannelManager -- Adding key: https://hub-cloud.browserstack.com:443 for channel [id: 0xe19883ab, L:/192.168.1.60:63627 - R:hub-cloud.browserstack.com/207.254.8.9:443]
01:55:40.046 [Forwarding setTimeout on session da647b3d1e66fd1dd37a67a376ea43f20167d90e to remote] DEBUG org.asynchttpclient.netty.request.NettyRequestSender -- Using pooled Channel '[id: 0xe19883ab, L:/192.168.1.60:63627 - R:hub-cloud.browserstack.com/207.254.8.9:443]' for 'POST' to 'https://cesarstevenriosu_Z5kft8:X2vgXh3LFto9sDxURbwP@hub-cloud.browserstack.com/wd/hub/session/da647b3d1e66fd1dd37a67a376ea43f20167d90e/timeouts'
01:55:40.046 [Forwarding setTimeout on session da647b3d1e66fd1dd37a67a376ea43f20167d90e to remote] DEBUG org.asynchttpclient.netty.request.NettyRequestSender -- Using open Channel [id: 0xe19883ab, L:/192.168.1.60:63627 - R:hub-cloud.browserstack.com/207.254.8.9:443] for POST '/wd/hub/session/da647b3d1e66fd1dd37a67a376ea43f20167d90e/timeouts'
01:55:40.219 [AsyncHttpClient-1-6] DEBUG org.asynchttpclient.netty.handler.HttpHandler -- 

Request DefaultHttpRequest(decodeResult: success, version: HTTP/1.1)
POST /wd/hub/session/da647b3d1e66fd1dd37a67a376ea43f20167d90e/timeouts HTTP/1.1
User-Agent: appium/8.3.0 (selenium/4.8.0 (java mac))
Content-Length: 19
Content-Type: application/json; charset=utf-8
host: hub-cloud.browserstack.com
authorization: Basic Y2VzYXJzdGV2ZW5yaW9zdV9aNWtmdDg6WDJ2Z1hoM0xGdG85c0R4VVJid1A=
accept: */*

Response DefaultHttpResponse(decodeResult: success, version: HTTP/1.1)
HTTP/1.1 200 OK
Server: nginx
Date: Mon, 05 Jun 2023 06:55:40 GMT
Content-Type: application/json; charset=utf-8
Content-Length: 14
Connection: keep-alive
Source-From: 02
x-powered-by: Express
vary: X-HTTP-Method-Override
etag: W/"e-9/1BuKMgFObM1mWJm+YjxtXJnUM"

01:55:40.219 [AsyncHttpClient-1-6] DEBUG org.asynchttpclient.netty.channel.ChannelManager -- Adding key: https://hub-cloud.browserstack.com:443 for channel [id: 0xe19883ab, L:/192.168.1.60:63627 - R:hub-cloud.browserstack.com/207.254.8.9:443]
01:55:40.221 [Forwarding findElement on session da647b3d1e66fd1dd37a67a376ea43f20167d90e to remote] DEBUG org.asynchttpclient.netty.request.NettyRequestSender -- Using pooled Channel '[id: 0xe19883ab, L:/192.168.1.60:63627 - R:hub-cloud.browserstack.com/207.254.8.9:443]' for 'POST' to 'https://cesarstevenriosu_Z5kft8:X2vgXh3LFto9sDxURbwP@hub-cloud.browserstack.com/wd/hub/session/da647b3d1e66fd1dd37a67a376ea43f20167d90e/element'
01:55:40.221 [Forwarding findElement on session da647b3d1e66fd1dd37a67a376ea43f20167d90e to remote] DEBUG org.asynchttpclient.netty.request.NettyRequestSender -- Using open Channel [id: 0xe19883ab, L:/192.168.1.60:63627 - R:hub-cloud.browserstack.com/207.254.8.9:443] for POST '/wd/hub/session/da647b3d1e66fd1dd37a67a376ea43f20167d90e/element'
01:55:40.501 [AsyncHttpClient-1-6] DEBUG org.asynchttpclient.netty.handler.HttpHandler -- 

Request DefaultHttpRequest(decodeResult: success, version: HTTP/1.1)
POST /wd/hub/session/da647b3d1e66fd1dd37a67a376ea43f20167d90e/element HTTP/1.1
User-Agent: appium/8.3.0 (selenium/4.8.0 (java mac))
Content-Length: 131
Content-Type: application/json; charset=utf-8
host: hub-cloud.browserstack.com
authorization: Basic Y2VzYXJzdGV2ZW5yaW9zdV9aNWtmdDg6WDJ2Z1hoM0xGdG85c0R4VVJid1A=
accept: */*

Response DefaultHttpResponse(decodeResult: success, version: HTTP/1.1)
HTTP/1.1 404 Not Found
Server: nginx
Date: Mon, 05 Jun 2023 06:55:40 GMT
Content-Type: application/json; charset=utf-8
Transfer-Encoding: chunked
Connection: keep-alive
Source-From: 02

01:55:40.501 [AsyncHttpClient-1-6] DEBUG org.asynchttpclient.netty.channel.ChannelManager -- Adding key: https://hub-cloud.browserstack.com:443 for channel [id: 0xe19883ab, L:/192.168.1.60:63627 - R:hub-cloud.browserstack.com/207.254.8.9:443]
01:55:40.503 [Forwarding setTimeout on session da647b3d1e66fd1dd37a67a376ea43f20167d90e to remote] DEBUG org.asynchttpclient.netty.request.NettyRequestSender -- Using pooled Channel '[id: 0xe19883ab, L:/192.168.1.60:63627 - R:hub-cloud.browserstack.com/207.254.8.9:443]' for 'POST' to 'https://cesarstevenriosu_Z5kft8:X2vgXh3LFto9sDxURbwP@hub-cloud.browserstack.com/wd/hub/session/da647b3d1e66fd1dd37a67a376ea43f20167d90e/timeouts'
01:55:40.503 [Forwarding setTimeout on session da647b3d1e66fd1dd37a67a376ea43f20167d90e to remote] DEBUG org.asynchttpclient.netty.request.NettyRequestSender -- Using open Channel [id: 0xe19883ab, L:/192.168.1.60:63627 - R:hub-cloud.browserstack.com/207.254.8.9:443] for POST '/wd/hub/session/da647b3d1e66fd1dd37a67a376ea43f20167d90e/timeouts'
01:55:40.603 [AsyncHttpClient-1-6] DEBUG org.asynchttpclient.netty.handler.HttpHandler -- 

Request DefaultHttpRequest(decodeResult: success, version: HTTP/1.1)
POST /wd/hub/session/da647b3d1e66fd1dd37a67a376ea43f20167d90e/timeouts HTTP/1.1
User-Agent: appium/8.3.0 (selenium/4.8.0 (java mac))
Content-Length: 23
Content-Type: application/json; charset=utf-8
host: hub-cloud.browserstack.com
authorization: Basic Y2VzYXJzdGV2ZW5yaW9zdV9aNWtmdDg6WDJ2Z1hoM0xGdG85c0R4VVJid1A=
accept: */*

Response DefaultHttpResponse(decodeResult: success, version: HTTP/1.1)
HTTP/1.1 200 OK
Server: nginx
Date: Mon, 05 Jun 2023 06:55:40 GMT
Content-Type: application/json; charset=utf-8
Content-Length: 14
Connection: keep-alive
Source-From: 02
x-powered-by: Express
vary: X-HTTP-Method-Override
etag: W/"e-9/1BuKMgFObM1mWJm+YjxtXJnUM"

01:55:40.603 [AsyncHttpClient-1-6] DEBUG org.asynchttpclient.netty.channel.ChannelManager -- Adding key: https://hub-cloud.browserstack.com:443 for channel [id: 0xe19883ab, L:/192.168.1.60:63627 - R:hub-cloud.browserstack.com/207.254.8.9:443]
01:55:40.625 [AsyncHttpClient-1-1] DEBUG org.asynchttpclient.netty.channel.DefaultChannelPool -- Entry count for : https://hub-cloud.browserstack.com:443 : 1
01:55:40.662 [Forwarding setTimeout on session da647b3d1e66fd1dd37a67a376ea43f20167d90e to remote] DEBUG org.asynchttpclient.netty.request.NettyRequestSender -- Using pooled Channel '[id: 0xe19883ab, L:/192.168.1.60:63627 - R:hub-cloud.browserstack.com/207.254.8.9:443]' for 'POST' to 'https://cesarstevenriosu_Z5kft8:X2vgXh3LFto9sDxURbwP@hub-cloud.browserstack.com/wd/hub/session/da647b3d1e66fd1dd37a67a376ea43f20167d90e/timeouts'
01:55:40.662 [Forwarding setTimeout on session da647b3d1e66fd1dd37a67a376ea43f20167d90e to remote] DEBUG org.asynchttpclient.netty.request.NettyRequestSender -- Using open Channel [id: 0xe19883ab, L:/192.168.1.60:63627 - R:hub-cloud.browserstack.com/207.254.8.9:443] for POST '/wd/hub/session/da647b3d1e66fd1dd37a67a376ea43f20167d90e/timeouts'
01:55:40.774 [AsyncHttpClient-1-6] DEBUG org.asynchttpclient.netty.handler.HttpHandler -- 

Request DefaultHttpRequest(decodeResult: success, version: HTTP/1.1)
POST /wd/hub/session/da647b3d1e66fd1dd37a67a376ea43f20167d90e/timeouts HTTP/1.1
User-Agent: appium/8.3.0 (selenium/4.8.0 (java mac))
Content-Length: 19
Content-Type: application/json; charset=utf-8
host: hub-cloud.browserstack.com
authorization: Basic Y2VzYXJzdGV2ZW5yaW9zdV9aNWtmdDg6WDJ2Z1hoM0xGdG85c0R4VVJid1A=
accept: */*

Response DefaultHttpResponse(decodeResult: success, version: HTTP/1.1)
HTTP/1.1 200 OK
Server: nginx
Date: Mon, 05 Jun 2023 06:55:40 GMT
Content-Type: application/json; charset=utf-8
Content-Length: 14
Connection: keep-alive
Source-From: 02
x-powered-by: Express
vary: X-HTTP-Method-Override
etag: W/"e-9/1BuKMgFObM1mWJm+YjxtXJnUM"

01:55:40.775 [AsyncHttpClient-1-6] DEBUG org.asynchttpclient.netty.channel.ChannelManager -- Adding key: https://hub-cloud.browserstack.com:443 for channel [id: 0xe19883ab, L:/192.168.1.60:63627 - R:hub-cloud.browserstack.com/207.254.8.9:443]
01:55:40.777 [Forwarding findElement on session da647b3d1e66fd1dd37a67a376ea43f20167d90e to remote] DEBUG org.asynchttpclient.netty.request.NettyRequestSender -- Using pooled Channel '[id: 0xe19883ab, L:/192.168.1.60:63627 - R:hub-cloud.browserstack.com/207.254.8.9:443]' for 'POST' to 'https://cesarstevenriosu_Z5kft8:X2vgXh3LFto9sDxURbwP@hub-cloud.browserstack.com/wd/hub/session/da647b3d1e66fd1dd37a67a376ea43f20167d90e/element'
01:55:40.777 [Forwarding findElement on session da647b3d1e66fd1dd37a67a376ea43f20167d90e to remote] DEBUG org.asynchttpclient.netty.request.NettyRequestSender -- Using open Channel [id: 0xe19883ab, L:/192.168.1.60:63627 - R:hub-cloud.browserstack.com/207.254.8.9:443] for POST '/wd/hub/session/da647b3d1e66fd1dd37a67a376ea43f20167d90e/element'
01:55:41.055 [AsyncHttpClient-1-6] DEBUG org.asynchttpclient.netty.handler.HttpHandler -- 

Request DefaultHttpRequest(decodeResult: success, version: HTTP/1.1)
POST /wd/hub/session/da647b3d1e66fd1dd37a67a376ea43f20167d90e/element HTTP/1.1
User-Agent: appium/8.3.0 (selenium/4.8.0 (java mac))
Content-Length: 131
Content-Type: application/json; charset=utf-8
host: hub-cloud.browserstack.com
authorization: Basic Y2VzYXJzdGV2ZW5yaW9zdV9aNWtmdDg6WDJ2Z1hoM0xGdG85c0R4VVJid1A=
accept: */*

Response DefaultHttpResponse(decodeResult: success, version: HTTP/1.1)
HTTP/1.1 404 Not Found
Server: nginx
Date: Mon, 05 Jun 2023 06:55:41 GMT
Content-Type: application/json; charset=utf-8
Transfer-Encoding: chunked
Connection: keep-alive
Source-From: 02

01:55:41.058 [AsyncHttpClient-1-6] DEBUG org.asynchttpclient.netty.channel.ChannelManager -- Adding key: https://hub-cloud.browserstack.com:443 for channel [id: 0xe19883ab, L:/192.168.1.60:63627 - R:hub-cloud.browserstack.com/207.254.8.9:443]
01:55:41.061 [Forwarding setTimeout on session da647b3d1e66fd1dd37a67a376ea43f20167d90e to remote] DEBUG org.asynchttpclient.netty.request.NettyRequestSender -- Using pooled Channel '[id: 0xe19883ab, L:/192.168.1.60:63627 - R:hub-cloud.browserstack.com/207.254.8.9:443]' for 'POST' to 'https://cesarstevenriosu_Z5kft8:X2vgXh3LFto9sDxURbwP@hub-cloud.browserstack.com/wd/hub/session/da647b3d1e66fd1dd37a67a376ea43f20167d90e/timeouts'
01:55:41.061 [Forwarding setTimeout on session da647b3d1e66fd1dd37a67a376ea43f20167d90e to remote] DEBUG org.asynchttpclient.netty.request.NettyRequestSender -- Using open Channel [id: 0xe19883ab, L:/192.168.1.60:63627 - R:hub-cloud.browserstack.com/207.254.8.9:443] for POST '/wd/hub/session/da647b3d1e66fd1dd37a67a376ea43f20167d90e/timeouts'
01:55:41.164 [AsyncHttpClient-1-6] DEBUG org.asynchttpclient.netty.handler.HttpHandler -- 

Request DefaultHttpRequest(decodeResult: success, version: HTTP/1.1)
POST /wd/hub/session/da647b3d1e66fd1dd37a67a376ea43f20167d90e/timeouts HTTP/1.1
User-Agent: appium/8.3.0 (selenium/4.8.0 (java mac))
Content-Length: 23
Content-Type: application/json; charset=utf-8
host: hub-cloud.browserstack.com
authorization: Basic Y2VzYXJzdGV2ZW5yaW9zdV9aNWtmdDg6WDJ2Z1hoM0xGdG85c0R4VVJid1A=
accept: */*

Response DefaultHttpResponse(decodeResult: success, version: HTTP/1.1)
HTTP/1.1 200 OK
Server: nginx
Date: Mon, 05 Jun 2023 06:55:41 GMT
Content-Type: application/json; charset=utf-8
Content-Length: 14
Connection: keep-alive
Source-From: 02
x-powered-by: Express
vary: X-HTTP-Method-Override
etag: W/"e-9/1BuKMgFObM1mWJm+YjxtXJnUM"

01:55:41.164 [AsyncHttpClient-1-6] DEBUG org.asynchttpclient.netty.channel.ChannelManager -- Adding key: https://hub-cloud.browserstack.com:443 for channel [id: 0xe19883ab, L:/192.168.1.60:63627 - R:hub-cloud.browserstack.com/207.254.8.9:443]
01:55:41.220 [Forwarding setTimeout on session da647b3d1e66fd1dd37a67a376ea43f20167d90e to remote] DEBUG org.asynchttpclient.netty.request.NettyRequestSender -- Using pooled Channel '[id: 0xe19883ab, L:/192.168.1.60:63627 - R:hub-cloud.browserstack.com/207.254.8.9:443]' for 'POST' to 'https://cesarstevenriosu_Z5kft8:X2vgXh3LFto9sDxURbwP@hub-cloud.browserstack.com/wd/hub/session/da647b3d1e66fd1dd37a67a376ea43f20167d90e/timeouts'
01:55:41.220 [Forwarding setTimeout on session da647b3d1e66fd1dd37a67a376ea43f20167d90e to remote] DEBUG org.asynchttpclient.netty.request.NettyRequestSender -- Using open Channel [id: 0xe19883ab, L:/192.168.1.60:63627 - R:hub-cloud.browserstack.com/207.254.8.9:443] for POST '/wd/hub/session/da647b3d1e66fd1dd37a67a376ea43f20167d90e/timeouts'
01:55:41.321 [AsyncHttpClient-1-6] DEBUG org.asynchttpclient.netty.handler.HttpHandler -- 

Request DefaultHttpRequest(decodeResult: success, version: HTTP/1.1)
POST /wd/hub/session/da647b3d1e66fd1dd37a67a376ea43f20167d90e/timeouts HTTP/1.1
User-Agent: appium/8.3.0 (selenium/4.8.0 (java mac))
Content-Length: 19
Content-Type: application/json; charset=utf-8
host: hub-cloud.browserstack.com
authorization: Basic Y2VzYXJzdGV2ZW5yaW9zdV9aNWtmdDg6WDJ2Z1hoM0xGdG85c0R4VVJid1A=
accept: */*

Response DefaultHttpResponse(decodeResult: success, version: HTTP/1.1)
HTTP/1.1 200 OK
Server: nginx
Date: Mon, 05 Jun 2023 06:55:41 GMT
Content-Type: application/json; charset=utf-8
Content-Length: 14
Connection: keep-alive
Source-From: 02
x-powered-by: Express
vary: X-HTTP-Method-Override
etag: W/"e-9/1BuKMgFObM1mWJm+YjxtXJnUM"

01:55:41.321 [AsyncHttpClient-1-6] DEBUG org.asynchttpclient.netty.channel.ChannelManager -- Adding key: https://hub-cloud.browserstack.com:443 for channel [id: 0xe19883ab, L:/192.168.1.60:63627 - R:hub-cloud.browserstack.com/207.254.8.9:443]
01:55:41.323 [Forwarding findElement on session da647b3d1e66fd1dd37a67a376ea43f20167d90e to remote] DEBUG org.asynchttpclient.netty.request.NettyRequestSender -- Using pooled Channel '[id: 0xe19883ab, L:/192.168.1.60:63627 - R:hub-cloud.browserstack.com/207.254.8.9:443]' for 'POST' to 'https://cesarstevenriosu_Z5kft8:X2vgXh3LFto9sDxURbwP@hub-cloud.browserstack.com/wd/hub/session/da647b3d1e66fd1dd37a67a376ea43f20167d90e/element'
01:55:41.323 [Forwarding findElement on session da647b3d1e66fd1dd37a67a376ea43f20167d90e to remote] DEBUG org.asynchttpclient.netty.request.NettyRequestSender -- Using open Channel [id: 0xe19883ab, L:/192.168.1.60:63627 - R:hub-cloud.browserstack.com/207.254.8.9:443] for POST '/wd/hub/session/da647b3d1e66fd1dd37a67a376ea43f20167d90e/element'
01:55:41.547 [AsyncHttpClient-1-6] DEBUG org.asynchttpclient.netty.handler.HttpHandler -- 

Request DefaultHttpRequest(decodeResult: success, version: HTTP/1.1)
POST /wd/hub/session/da647b3d1e66fd1dd37a67a376ea43f20167d90e/element HTTP/1.1
User-Agent: appium/8.3.0 (selenium/4.8.0 (java mac))
Content-Length: 131
Content-Type: application/json; charset=utf-8
host: hub-cloud.browserstack.com
authorization: Basic Y2VzYXJzdGV2ZW5yaW9zdV9aNWtmdDg6WDJ2Z1hoM0xGdG85c0R4VVJid1A=
accept: */*

Response DefaultHttpResponse(decodeResult: success, version: HTTP/1.1)
HTTP/1.1 404 Not Found
Server: nginx
Date: Mon, 05 Jun 2023 06:55:41 GMT
Content-Type: application/json; charset=utf-8
Transfer-Encoding: chunked
Connection: keep-alive
Source-From: 02

01:55:41.547 [AsyncHttpClient-1-6] DEBUG org.asynchttpclient.netty.channel.ChannelManager -- Adding key: https://hub-cloud.browserstack.com:443 for channel [id: 0xe19883ab, L:/192.168.1.60:63627 - R:hub-cloud.browserstack.com/207.254.8.9:443]
01:55:41.551 [Forwarding setTimeout on session da647b3d1e66fd1dd37a67a376ea43f20167d90e to remote] DEBUG org.asynchttpclient.netty.request.NettyRequestSender -- Using pooled Channel '[id: 0xe19883ab, L:/192.168.1.60:63627 - R:hub-cloud.browserstack.com/207.254.8.9:443]' for 'POST' to 'https://cesarstevenriosu_Z5kft8:X2vgXh3LFto9sDxURbwP@hub-cloud.browserstack.com/wd/hub/session/da647b3d1e66fd1dd37a67a376ea43f20167d90e/timeouts'
01:55:41.551 [Forwarding setTimeout on session da647b3d1e66fd1dd37a67a376ea43f20167d90e to remote] DEBUG org.asynchttpclient.netty.request.NettyRequestSender -- Using open Channel [id: 0xe19883ab, L:/192.168.1.60:63627 - R:hub-cloud.browserstack.com/207.254.8.9:443] for POST '/wd/hub/session/da647b3d1e66fd1dd37a67a376ea43f20167d90e/timeouts'
01:55:41.684 [AsyncHttpClient-1-6] DEBUG org.asynchttpclient.netty.handler.HttpHandler -- 

Request DefaultHttpRequest(decodeResult: success, version: HTTP/1.1)
POST /wd/hub/session/da647b3d1e66fd1dd37a67a376ea43f20167d90e/timeouts HTTP/1.1
User-Agent: appium/8.3.0 (selenium/4.8.0 (java mac))
Content-Length: 23
Content-Type: application/json; charset=utf-8
host: hub-cloud.browserstack.com
authorization: Basic Y2VzYXJzdGV2ZW5yaW9zdV9aNWtmdDg6WDJ2Z1hoM0xGdG85c0R4VVJid1A=
accept: */*

Response DefaultHttpResponse(decodeResult: success, version: HTTP/1.1)
HTTP/1.1 200 OK
Server: nginx
Date: Mon, 05 Jun 2023 06:55:41 GMT
Content-Type: application/json; charset=utf-8
Content-Length: 14
Connection: keep-alive
Source-From: 02
x-powered-by: Express
vary: X-HTTP-Method-Override
etag: W/"e-9/1BuKMgFObM1mWJm+YjxtXJnUM"

01:55:41.684 [AsyncHttpClient-1-6] DEBUG org.asynchttpclient.netty.channel.ChannelManager -- Adding key: https://hub-cloud.browserstack.com:443 for channel [id: 0xe19883ab, L:/192.168.1.60:63627 - R:hub-cloud.browserstack.com/207.254.8.9:443]
01:55:41.725 [AsyncHttpClient-1-1] DEBUG org.asynchttpclient.netty.channel.DefaultChannelPool -- Entry count for : https://hub-cloud.browserstack.com:443 : 1
01:55:41.738 [Forwarding setTimeout on session da647b3d1e66fd1dd37a67a376ea43f20167d90e to remote] DEBUG org.asynchttpclient.netty.request.NettyRequestSender -- Using pooled Channel '[id: 0xe19883ab, L:/192.168.1.60:63627 - R:hub-cloud.browserstack.com/207.254.8.9:443]' for 'POST' to 'https://cesarstevenriosu_Z5kft8:X2vgXh3LFto9sDxURbwP@hub-cloud.browserstack.com/wd/hub/session/da647b3d1e66fd1dd37a67a376ea43f20167d90e/timeouts'
01:55:41.738 [Forwarding setTimeout on session da647b3d1e66fd1dd37a67a376ea43f20167d90e to remote] DEBUG org.asynchttpclient.netty.request.NettyRequestSender -- Using open Channel [id: 0xe19883ab, L:/192.168.1.60:63627 - R:hub-cloud.browserstack.com/207.254.8.9:443] for POST '/wd/hub/session/da647b3d1e66fd1dd37a67a376ea43f20167d90e/timeouts'
01:55:41.870 [AsyncHttpClient-1-6] DEBUG org.asynchttpclient.netty.handler.HttpHandler -- 

Request DefaultHttpRequest(decodeResult: success, version: HTTP/1.1)
POST /wd/hub/session/da647b3d1e66fd1dd37a67a376ea43f20167d90e/timeouts HTTP/1.1
User-Agent: appium/8.3.0 (selenium/4.8.0 (java mac))
Content-Length: 19
Content-Type: application/json; charset=utf-8
host: hub-cloud.browserstack.com
authorization: Basic Y2VzYXJzdGV2ZW5yaW9zdV9aNWtmdDg6WDJ2Z1hoM0xGdG85c0R4VVJid1A=
accept: */*

Response DefaultHttpResponse(decodeResult: success, version: HTTP/1.1)
HTTP/1.1 200 OK
Server: nginx
Date: Mon, 05 Jun 2023 06:55:42 GMT
Content-Type: application/json; charset=utf-8
Content-Length: 14
Connection: keep-alive
Source-From: 02
x-powered-by: Express
vary: X-HTTP-Method-Override
etag: W/"e-9/1BuKMgFObM1mWJm+YjxtXJnUM"

01:55:41.871 [AsyncHttpClient-1-6] DEBUG org.asynchttpclient.netty.channel.ChannelManager -- Adding key: https://hub-cloud.browserstack.com:443 for channel [id: 0xe19883ab, L:/192.168.1.60:63627 - R:hub-cloud.browserstack.com/207.254.8.9:443]
01:55:41.872 [Forwarding findElement on session da647b3d1e66fd1dd37a67a376ea43f20167d90e to remote] DEBUG org.asynchttpclient.netty.request.NettyRequestSender -- Using pooled Channel '[id: 0xe19883ab, L:/192.168.1.60:63627 - R:hub-cloud.browserstack.com/207.254.8.9:443]' for 'POST' to 'https://cesarstevenriosu_Z5kft8:X2vgXh3LFto9sDxURbwP@hub-cloud.browserstack.com/wd/hub/session/da647b3d1e66fd1dd37a67a376ea43f20167d90e/element'
01:55:41.872 [Forwarding findElement on session da647b3d1e66fd1dd37a67a376ea43f20167d90e to remote] DEBUG org.asynchttpclient.netty.request.NettyRequestSender -- Using open Channel [id: 0xe19883ab, L:/192.168.1.60:63627 - R:hub-cloud.browserstack.com/207.254.8.9:443] for POST '/wd/hub/session/da647b3d1e66fd1dd37a67a376ea43f20167d90e/element'
01:55:42.101 [AsyncHttpClient-1-6] DEBUG org.asynchttpclient.netty.handler.HttpHandler -- 

Request DefaultHttpRequest(decodeResult: success, version: HTTP/1.1)
POST /wd/hub/session/da647b3d1e66fd1dd37a67a376ea43f20167d90e/element HTTP/1.1
User-Agent: appium/8.3.0 (selenium/4.8.0 (java mac))
Content-Length: 131
Content-Type: application/json; charset=utf-8
host: hub-cloud.browserstack.com
authorization: Basic Y2VzYXJzdGV2ZW5yaW9zdV9aNWtmdDg6WDJ2Z1hoM0xGdG85c0R4VVJid1A=
accept: */*

Response DefaultHttpResponse(decodeResult: success, version: HTTP/1.1)
HTTP/1.1 404 Not Found
Server: nginx
Date: Mon, 05 Jun 2023 06:55:42 GMT
Content-Type: application/json; charset=utf-8
Transfer-Encoding: chunked
Connection: keep-alive
Source-From: 02

01:55:42.101 [AsyncHttpClient-1-6] DEBUG org.asynchttpclient.netty.channel.ChannelManager -- Adding key: https://hub-cloud.browserstack.com:443 for channel [id: 0xe19883ab, L:/192.168.1.60:63627 - R:hub-cloud.browserstack.com/207.254.8.9:443]
01:55:42.104 [Forwarding setTimeout on session da647b3d1e66fd1dd37a67a376ea43f20167d90e to remote] DEBUG org.asynchttpclient.netty.request.NettyRequestSender -- Using pooled Channel '[id: 0xe19883ab, L:/192.168.1.60:63627 - R:hub-cloud.browserstack.com/207.254.8.9:443]' for 'POST' to 'https://cesarstevenriosu_Z5kft8:X2vgXh3LFto9sDxURbwP@hub-cloud.browserstack.com/wd/hub/session/da647b3d1e66fd1dd37a67a376ea43f20167d90e/timeouts'
01:55:42.104 [Forwarding setTimeout on session da647b3d1e66fd1dd37a67a376ea43f20167d90e to remote] DEBUG org.asynchttpclient.netty.request.NettyRequestSender -- Using open Channel [id: 0xe19883ab, L:/192.168.1.60:63627 - R:hub-cloud.browserstack.com/207.254.8.9:443] for POST '/wd/hub/session/da647b3d1e66fd1dd37a67a376ea43f20167d90e/timeouts'
01:55:42.215 [AsyncHttpClient-1-6] DEBUG org.asynchttpclient.netty.handler.HttpHandler -- 

Request DefaultHttpRequest(decodeResult: success, version: HTTP/1.1)
POST /wd/hub/session/da647b3d1e66fd1dd37a67a376ea43f20167d90e/timeouts HTTP/1.1
User-Agent: appium/8.3.0 (selenium/4.8.0 (java mac))
Content-Length: 23
Content-Type: application/json; charset=utf-8
host: hub-cloud.browserstack.com
authorization: Basic Y2VzYXJzdGV2ZW5yaW9zdV9aNWtmdDg6WDJ2Z1hoM0xGdG85c0R4VVJid1A=
accept: */*

Response DefaultHttpResponse(decodeResult: success, version: HTTP/1.1)
HTTP/1.1 200 OK
Server: nginx
Date: Mon, 05 Jun 2023 06:55:42 GMT
Content-Type: application/json; charset=utf-8
Content-Length: 14
Connection: keep-alive
Source-From: 02
x-powered-by: Express
vary: X-HTTP-Method-Override
etag: W/"e-9/1BuKMgFObM1mWJm+YjxtXJnUM"

01:55:42.215 [AsyncHttpClient-1-6] DEBUG org.asynchttpclient.netty.channel.ChannelManager -- Adding key: https://hub-cloud.browserstack.com:443 for channel [id: 0xe19883ab, L:/192.168.1.60:63627 - R:hub-cloud.browserstack.com/207.254.8.9:443]
01:55:42.273 [Forwarding setTimeout on session da647b3d1e66fd1dd37a67a376ea43f20167d90e to remote] DEBUG org.asynchttpclient.netty.request.NettyRequestSender -- Using pooled Channel '[id: 0xe19883ab, L:/192.168.1.60:63627 - R:hub-cloud.browserstack.com/207.254.8.9:443]' for 'POST' to 'https://cesarstevenriosu_Z5kft8:X2vgXh3LFto9sDxURbwP@hub-cloud.browserstack.com/wd/hub/session/da647b3d1e66fd1dd37a67a376ea43f20167d90e/timeouts'
01:55:42.273 [Forwarding setTimeout on session da647b3d1e66fd1dd37a67a376ea43f20167d90e to remote] DEBUG org.asynchttpclient.netty.request.NettyRequestSender -- Using open Channel [id: 0xe19883ab, L:/192.168.1.60:63627 - R:hub-cloud.browserstack.com/207.254.8.9:443] for POST '/wd/hub/session/da647b3d1e66fd1dd37a67a376ea43f20167d90e/timeouts'
01:55:42.404 [AsyncHttpClient-1-6] DEBUG org.asynchttpclient.netty.handler.HttpHandler -- 

Request DefaultHttpRequest(decodeResult: success, version: HTTP/1.1)
POST /wd/hub/session/da647b3d1e66fd1dd37a67a376ea43f20167d90e/timeouts HTTP/1.1
User-Agent: appium/8.3.0 (selenium/4.8.0 (java mac))
Content-Length: 19
Content-Type: application/json; charset=utf-8
host: hub-cloud.browserstack.com
authorization: Basic Y2VzYXJzdGV2ZW5yaW9zdV9aNWtmdDg6WDJ2Z1hoM0xGdG85c0R4VVJid1A=
accept: */*

Response DefaultHttpResponse(decodeResult: success, version: HTTP/1.1)
HTTP/1.1 200 OK
Server: nginx
Date: Mon, 05 Jun 2023 06:55:42 GMT
Content-Type: application/json; charset=utf-8
Content-Length: 14
Connection: keep-alive
Source-From: 02
x-powered-by: Express
vary: X-HTTP-Method-Override
etag: W/"e-9/1BuKMgFObM1mWJm+YjxtXJnUM"

01:55:42.404 [AsyncHttpClient-1-6] DEBUG org.asynchttpclient.netty.channel.ChannelManager -- Adding key: https://hub-cloud.browserstack.com:443 for channel [id: 0xe19883ab, L:/192.168.1.60:63627 - R:hub-cloud.browserstack.com/207.254.8.9:443]
01:55:42.405 [Forwarding findElement on session da647b3d1e66fd1dd37a67a376ea43f20167d90e to remote] DEBUG org.asynchttpclient.netty.request.NettyRequestSender -- Using pooled Channel '[id: 0xe19883ab, L:/192.168.1.60:63627 - R:hub-cloud.browserstack.com/207.254.8.9:443]' for 'POST' to 'https://cesarstevenriosu_Z5kft8:X2vgXh3LFto9sDxURbwP@hub-cloud.browserstack.com/wd/hub/session/da647b3d1e66fd1dd37a67a376ea43f20167d90e/element'
01:55:42.405 [Forwarding findElement on session da647b3d1e66fd1dd37a67a376ea43f20167d90e to remote] DEBUG org.asynchttpclient.netty.request.NettyRequestSender -- Using open Channel [id: 0xe19883ab, L:/192.168.1.60:63627 - R:hub-cloud.browserstack.com/207.254.8.9:443] for POST '/wd/hub/session/da647b3d1e66fd1dd37a67a376ea43f20167d90e/element'
01:55:42.609 [AsyncHttpClient-1-6] DEBUG org.asynchttpclient.netty.handler.HttpHandler -- 

Request DefaultHttpRequest(decodeResult: success, version: HTTP/1.1)
POST /wd/hub/session/da647b3d1e66fd1dd37a67a376ea43f20167d90e/element HTTP/1.1
User-Agent: appium/8.3.0 (selenium/4.8.0 (java mac))
Content-Length: 131
Content-Type: application/json; charset=utf-8
host: hub-cloud.browserstack.com
authorization: Basic Y2VzYXJzdGV2ZW5yaW9zdV9aNWtmdDg6WDJ2Z1hoM0xGdG85c0R4VVJid1A=
accept: */*

Response DefaultHttpResponse(decodeResult: success, version: HTTP/1.1)
HTTP/1.1 404 Not Found
Server: nginx
Date: Mon, 05 Jun 2023 06:55:42 GMT
Content-Type: application/json; charset=utf-8
Transfer-Encoding: chunked
Connection: keep-alive
Source-From: 02

01:55:42.610 [AsyncHttpClient-1-6] DEBUG org.asynchttpclient.netty.channel.ChannelManager -- Adding key: https://hub-cloud.browserstack.com:443 for channel [id: 0xe19883ab, L:/192.168.1.60:63627 - R:hub-cloud.browserstack.com/207.254.8.9:443]
01:55:42.613 [Forwarding setTimeout on session da647b3d1e66fd1dd37a67a376ea43f20167d90e to remote] DEBUG org.asynchttpclient.netty.request.NettyRequestSender -- Using pooled Channel '[id: 0xe19883ab, L:/192.168.1.60:63627 - R:hub-cloud.browserstack.com/207.254.8.9:443]' for 'POST' to 'https://cesarstevenriosu_Z5kft8:X2vgXh3LFto9sDxURbwP@hub-cloud.browserstack.com/wd/hub/session/da647b3d1e66fd1dd37a67a376ea43f20167d90e/timeouts'
01:55:42.613 [Forwarding setTimeout on session da647b3d1e66fd1dd37a67a376ea43f20167d90e to remote] DEBUG org.asynchttpclient.netty.request.NettyRequestSender -- Using open Channel [id: 0xe19883ab, L:/192.168.1.60:63627 - R:hub-cloud.browserstack.com/207.254.8.9:443] for POST '/wd/hub/session/da647b3d1e66fd1dd37a67a376ea43f20167d90e/timeouts'
01:55:42.741 [AsyncHttpClient-1-6] DEBUG org.asynchttpclient.netty.handler.HttpHandler -- 

Request DefaultHttpRequest(decodeResult: success, version: HTTP/1.1)
POST /wd/hub/session/da647b3d1e66fd1dd37a67a376ea43f20167d90e/timeouts HTTP/1.1
User-Agent: appium/8.3.0 (selenium/4.8.0 (java mac))
Content-Length: 23
Content-Type: application/json; charset=utf-8
host: hub-cloud.browserstack.com
authorization: Basic Y2VzYXJzdGV2ZW5yaW9zdV9aNWtmdDg6WDJ2Z1hoM0xGdG85c0R4VVJid1A=
accept: */*

Response DefaultHttpResponse(decodeResult: success, version: HTTP/1.1)
HTTP/1.1 200 OK
Server: nginx
Date: Mon, 05 Jun 2023 06:55:42 GMT
Content-Type: application/json; charset=utf-8
Content-Length: 14
Connection: keep-alive
Source-From: 02
x-powered-by: Express
vary: X-HTTP-Method-Override
etag: W/"e-9/1BuKMgFObM1mWJm+YjxtXJnUM"

01:55:42.742 [AsyncHttpClient-1-6] DEBUG org.asynchttpclient.netty.channel.ChannelManager -- Adding key: https://hub-cloud.browserstack.com:443 for channel [id: 0xe19883ab, L:/192.168.1.60:63627 - R:hub-cloud.browserstack.com/207.254.8.9:443]
01:55:42.800 [Forwarding setTimeout on session da647b3d1e66fd1dd37a67a376ea43f20167d90e to remote] DEBUG org.asynchttpclient.netty.request.NettyRequestSender -- Using pooled Channel '[id: 0xe19883ab, L:/192.168.1.60:63627 - R:hub-cloud.browserstack.com/207.254.8.9:443]' for 'POST' to 'https://cesarstevenriosu_Z5kft8:X2vgXh3LFto9sDxURbwP@hub-cloud.browserstack.com/wd/hub/session/da647b3d1e66fd1dd37a67a376ea43f20167d90e/timeouts'
01:55:42.800 [Forwarding setTimeout on session da647b3d1e66fd1dd37a67a376ea43f20167d90e to remote] DEBUG org.asynchttpclient.netty.request.NettyRequestSender -- Using open Channel [id: 0xe19883ab, L:/192.168.1.60:63627 - R:hub-cloud.browserstack.com/207.254.8.9:443] for POST '/wd/hub/session/da647b3d1e66fd1dd37a67a376ea43f20167d90e/timeouts'
01:55:42.908 [AsyncHttpClient-1-6] DEBUG org.asynchttpclient.netty.handler.HttpHandler -- 

Request DefaultHttpRequest(decodeResult: success, version: HTTP/1.1)
POST /wd/hub/session/da647b3d1e66fd1dd37a67a376ea43f20167d90e/timeouts HTTP/1.1
User-Agent: appium/8.3.0 (selenium/4.8.0 (java mac))
Content-Length: 19
Content-Type: application/json; charset=utf-8
host: hub-cloud.browserstack.com
authorization: Basic Y2VzYXJzdGV2ZW5yaW9zdV9aNWtmdDg6WDJ2Z1hoM0xGdG85c0R4VVJid1A=
accept: */*

Response DefaultHttpResponse(decodeResult: success, version: HTTP/1.1)
HTTP/1.1 200 OK
Server: nginx
Date: Mon, 05 Jun 2023 06:55:43 GMT
Content-Type: application/json; charset=utf-8
Content-Length: 14
Connection: keep-alive
Source-From: 02
x-powered-by: Express
vary: X-HTTP-Method-Override
etag: W/"e-9/1BuKMgFObM1mWJm+YjxtXJnUM"

01:55:42.908 [AsyncHttpClient-1-6] DEBUG org.asynchttpclient.netty.channel.ChannelManager -- Adding key: https://hub-cloud.browserstack.com:443 for channel [id: 0xe19883ab, L:/192.168.1.60:63627 - R:hub-cloud.browserstack.com/207.254.8.9:443]
01:55:42.910 [Forwarding findElement on session da647b3d1e66fd1dd37a67a376ea43f20167d90e to remote] DEBUG org.asynchttpclient.netty.request.NettyRequestSender -- Using pooled Channel '[id: 0xe19883ab, L:/192.168.1.60:63627 - R:hub-cloud.browserstack.com/207.254.8.9:443]' for 'POST' to 'https://cesarstevenriosu_Z5kft8:X2vgXh3LFto9sDxURbwP@hub-cloud.browserstack.com/wd/hub/session/da647b3d1e66fd1dd37a67a376ea43f20167d90e/element'
01:55:42.910 [Forwarding findElement on session da647b3d1e66fd1dd37a67a376ea43f20167d90e to remote] DEBUG org.asynchttpclient.netty.request.NettyRequestSender -- Using open Channel [id: 0xe19883ab, L:/192.168.1.60:63627 - R:hub-cloud.browserstack.com/207.254.8.9:443] for POST '/wd/hub/session/da647b3d1e66fd1dd37a67a376ea43f20167d90e/element'
01:55:43.141 [AsyncHttpClient-1-6] DEBUG org.asynchttpclient.netty.handler.HttpHandler -- 

Request DefaultHttpRequest(decodeResult: success, version: HTTP/1.1)
POST /wd/hub/session/da647b3d1e66fd1dd37a67a376ea43f20167d90e/element HTTP/1.1
User-Agent: appium/8.3.0 (selenium/4.8.0 (java mac))
Content-Length: 131
Content-Type: application/json; charset=utf-8
host: hub-cloud.browserstack.com
authorization: Basic Y2VzYXJzdGV2ZW5yaW9zdV9aNWtmdDg6WDJ2Z1hoM0xGdG85c0R4VVJid1A=
accept: */*

Response DefaultHttpResponse(decodeResult: success, version: HTTP/1.1)
HTTP/1.1 404 Not Found
Server: nginx
Date: Mon, 05 Jun 2023 06:55:43 GMT
Content-Type: application/json; charset=utf-8
Transfer-Encoding: chunked
Connection: keep-alive
Source-From: 02

01:55:43.142 [AsyncHttpClient-1-6] DEBUG org.asynchttpclient.netty.channel.ChannelManager -- Adding key: https://hub-cloud.browserstack.com:443 for channel [id: 0xe19883ab, L:/192.168.1.60:63627 - R:hub-cloud.browserstack.com/207.254.8.9:443]
01:55:43.144 [Forwarding setTimeout on session da647b3d1e66fd1dd37a67a376ea43f20167d90e to remote] DEBUG org.asynchttpclient.netty.request.NettyRequestSender -- Using pooled Channel '[id: 0xe19883ab, L:/192.168.1.60:63627 - R:hub-cloud.browserstack.com/207.254.8.9:443]' for 'POST' to 'https://cesarstevenriosu_Z5kft8:X2vgXh3LFto9sDxURbwP@hub-cloud.browserstack.com/wd/hub/session/da647b3d1e66fd1dd37a67a376ea43f20167d90e/timeouts'
01:55:43.144 [Forwarding setTimeout on session da647b3d1e66fd1dd37a67a376ea43f20167d90e to remote] DEBUG org.asynchttpclient.netty.request.NettyRequestSender -- Using open Channel [id: 0xe19883ab, L:/192.168.1.60:63627 - R:hub-cloud.browserstack.com/207.254.8.9:443] for POST '/wd/hub/session/da647b3d1e66fd1dd37a67a376ea43f20167d90e/timeouts'
01:55:43.256 [AsyncHttpClient-1-6] DEBUG org.asynchttpclient.netty.handler.HttpHandler -- 

Request DefaultHttpRequest(decodeResult: success, version: HTTP/1.1)
POST /wd/hub/session/da647b3d1e66fd1dd37a67a376ea43f20167d90e/timeouts HTTP/1.1
User-Agent: appium/8.3.0 (selenium/4.8.0 (java mac))
Content-Length: 23
Content-Type: application/json; charset=utf-8
host: hub-cloud.browserstack.com
authorization: Basic Y2VzYXJzdGV2ZW5yaW9zdV9aNWtmdDg6WDJ2Z1hoM0xGdG85c0R4VVJid1A=
accept: */*

Response DefaultHttpResponse(decodeResult: success, version: HTTP/1.1)
HTTP/1.1 200 OK
Server: nginx
Date: Mon, 05 Jun 2023 06:55:43 GMT
Content-Type: application/json; charset=utf-8
Content-Length: 14
Connection: keep-alive
Source-From: 02
x-powered-by: Express
vary: X-HTTP-Method-Override
etag: W/"e-9/1BuKMgFObM1mWJm+YjxtXJnUM"

01:55:43.256 [AsyncHttpClient-1-6] DEBUG org.asynchttpclient.netty.channel.ChannelManager -- Adding key: https://hub-cloud.browserstack.com:443 for channel [id: 0xe19883ab, L:/192.168.1.60:63627 - R:hub-cloud.browserstack.com/207.254.8.9:443]
01:55:43.316 [Forwarding setTimeout on session da647b3d1e66fd1dd37a67a376ea43f20167d90e to remote] DEBUG org.asynchttpclient.netty.request.NettyRequestSender -- Using pooled Channel '[id: 0xe19883ab, L:/192.168.1.60:63627 - R:hub-cloud.browserstack.com/207.254.8.9:443]' for 'POST' to 'https://cesarstevenriosu_Z5kft8:X2vgXh3LFto9sDxURbwP@hub-cloud.browserstack.com/wd/hub/session/da647b3d1e66fd1dd37a67a376ea43f20167d90e/timeouts'
01:55:43.316 [Forwarding setTimeout on session da647b3d1e66fd1dd37a67a376ea43f20167d90e to remote] DEBUG org.asynchttpclient.netty.request.NettyRequestSender -- Using open Channel [id: 0xe19883ab, L:/192.168.1.60:63627 - R:hub-cloud.browserstack.com/207.254.8.9:443] for POST '/wd/hub/session/da647b3d1e66fd1dd37a67a376ea43f20167d90e/timeouts'
01:55:43.431 [AsyncHttpClient-1-6] DEBUG org.asynchttpclient.netty.handler.HttpHandler -- 

Request DefaultHttpRequest(decodeResult: success, version: HTTP/1.1)
POST /wd/hub/session/da647b3d1e66fd1dd37a67a376ea43f20167d90e/timeouts HTTP/1.1
User-Agent: appium/8.3.0 (selenium/4.8.0 (java mac))
Content-Length: 19
Content-Type: application/json; charset=utf-8
host: hub-cloud.browserstack.com
authorization: Basic Y2VzYXJzdGV2ZW5yaW9zdV9aNWtmdDg6WDJ2Z1hoM0xGdG85c0R4VVJid1A=
accept: */*

Response DefaultHttpResponse(decodeResult: success, version: HTTP/1.1)
HTTP/1.1 200 OK
Server: nginx
Date: Mon, 05 Jun 2023 06:55:43 GMT
Content-Type: application/json; charset=utf-8
Content-Length: 14
Connection: keep-alive
Source-From: 02
x-powered-by: Express
vary: X-HTTP-Method-Override
etag: W/"e-9/1BuKMgFObM1mWJm+YjxtXJnUM"

01:55:43.431 [AsyncHttpClient-1-6] DEBUG org.asynchttpclient.netty.channel.ChannelManager -- Adding key: https://hub-cloud.browserstack.com:443 for channel [id: 0xe19883ab, L:/192.168.1.60:63627 - R:hub-cloud.browserstack.com/207.254.8.9:443]
01:55:43.434 [Forwarding findElement on session da647b3d1e66fd1dd37a67a376ea43f20167d90e to remote] DEBUG org.asynchttpclient.netty.request.NettyRequestSender -- Using pooled Channel '[id: 0xe19883ab, L:/192.168.1.60:63627 - R:hub-cloud.browserstack.com/207.254.8.9:443]' for 'POST' to 'https://cesarstevenriosu_Z5kft8:X2vgXh3LFto9sDxURbwP@hub-cloud.browserstack.com/wd/hub/session/da647b3d1e66fd1dd37a67a376ea43f20167d90e/element'
01:55:43.434 [Forwarding findElement on session da647b3d1e66fd1dd37a67a376ea43f20167d90e to remote] DEBUG org.asynchttpclient.netty.request.NettyRequestSender -- Using open Channel [id: 0xe19883ab, L:/192.168.1.60:63627 - R:hub-cloud.browserstack.com/207.254.8.9:443] for POST '/wd/hub/session/da647b3d1e66fd1dd37a67a376ea43f20167d90e/element'
01:55:43.809 [AsyncHttpClient-1-6] DEBUG org.asynchttpclient.netty.handler.HttpHandler -- 

Request DefaultHttpRequest(decodeResult: success, version: HTTP/1.1)
POST /wd/hub/session/da647b3d1e66fd1dd37a67a376ea43f20167d90e/element HTTP/1.1
User-Agent: appium/8.3.0 (selenium/4.8.0 (java mac))
Content-Length: 131
Content-Type: application/json; charset=utf-8
host: hub-cloud.browserstack.com
authorization: Basic Y2VzYXJzdGV2ZW5yaW9zdV9aNWtmdDg6WDJ2Z1hoM0xGdG85c0R4VVJid1A=
accept: */*

Response DefaultHttpResponse(decodeResult: success, version: HTTP/1.1)
HTTP/1.1 404 Not Found
Server: nginx
Date: Mon, 05 Jun 2023 06:55:43 GMT
Content-Type: application/json; charset=utf-8
Transfer-Encoding: chunked
Connection: keep-alive
Source-From: 02

01:55:43.810 [AsyncHttpClient-1-6] DEBUG org.asynchttpclient.netty.channel.ChannelManager -- Adding key: https://hub-cloud.browserstack.com:443 for channel [id: 0xe19883ab, L:/192.168.1.60:63627 - R:hub-cloud.browserstack.com/207.254.8.9:443]
01:55:43.813 [Forwarding setTimeout on session da647b3d1e66fd1dd37a67a376ea43f20167d90e to remote] DEBUG org.asynchttpclient.netty.request.NettyRequestSender -- Using pooled Channel '[id: 0xe19883ab, L:/192.168.1.60:63627 - R:hub-cloud.browserstack.com/207.254.8.9:443]' for 'POST' to 'https://cesarstevenriosu_Z5kft8:X2vgXh3LFto9sDxURbwP@hub-cloud.browserstack.com/wd/hub/session/da647b3d1e66fd1dd37a67a376ea43f20167d90e/timeouts'
01:55:43.813 [Forwarding setTimeout on session da647b3d1e66fd1dd37a67a376ea43f20167d90e to remote] DEBUG org.asynchttpclient.netty.request.NettyRequestSender -- Using open Channel [id: 0xe19883ab, L:/192.168.1.60:63627 - R:hub-cloud.browserstack.com/207.254.8.9:443] for POST '/wd/hub/session/da647b3d1e66fd1dd37a67a376ea43f20167d90e/timeouts'
01:55:43.915 [AsyncHttpClient-1-6] DEBUG org.asynchttpclient.netty.handler.HttpHandler -- 

Request DefaultHttpRequest(decodeResult: success, version: HTTP/1.1)
POST /wd/hub/session/da647b3d1e66fd1dd37a67a376ea43f20167d90e/timeouts HTTP/1.1
User-Agent: appium/8.3.0 (selenium/4.8.0 (java mac))
Content-Length: 23
Content-Type: application/json; charset=utf-8
host: hub-cloud.browserstack.com
authorization: Basic Y2VzYXJzdGV2ZW5yaW9zdV9aNWtmdDg6WDJ2Z1hoM0xGdG85c0R4VVJid1A=
accept: */*

Response DefaultHttpResponse(decodeResult: success, version: HTTP/1.1)
HTTP/1.1 200 OK
Server: nginx
Date: Mon, 05 Jun 2023 06:55:44 GMT
Content-Type: application/json; charset=utf-8
Content-Length: 14
Connection: keep-alive
Source-From: 02
x-powered-by: Express
vary: X-HTTP-Method-Override
etag: W/"e-9/1BuKMgFObM1mWJm+YjxtXJnUM"

01:55:43.915 [AsyncHttpClient-1-6] DEBUG org.asynchttpclient.netty.channel.ChannelManager -- Adding key: https://hub-cloud.browserstack.com:443 for channel [id: 0xe19883ab, L:/192.168.1.60:63627 - R:hub-cloud.browserstack.com/207.254.8.9:443]
01:55:43.923 [AsyncHttpClient-1-1] DEBUG org.asynchttpclient.netty.channel.DefaultChannelPool -- Entry count for : https://hub-cloud.browserstack.com:443 : 1
01:55:43.978 [Forwarding setTimeout on session da647b3d1e66fd1dd37a67a376ea43f20167d90e to remote] DEBUG org.asynchttpclient.netty.request.NettyRequestSender -- Using pooled Channel '[id: 0xe19883ab, L:/192.168.1.60:63627 - R:hub-cloud.browserstack.com/207.254.8.9:443]' for 'POST' to 'https://cesarstevenriosu_Z5kft8:X2vgXh3LFto9sDxURbwP@hub-cloud.browserstack.com/wd/hub/session/da647b3d1e66fd1dd37a67a376ea43f20167d90e/timeouts'
01:55:43.978 [Forwarding setTimeout on session da647b3d1e66fd1dd37a67a376ea43f20167d90e to remote] DEBUG org.asynchttpclient.netty.request.NettyRequestSender -- Using open Channel [id: 0xe19883ab, L:/192.168.1.60:63627 - R:hub-cloud.browserstack.com/207.254.8.9:443] for POST '/wd/hub/session/da647b3d1e66fd1dd37a67a376ea43f20167d90e/timeouts'
01:55:44.127 [AsyncHttpClient-1-6] DEBUG org.asynchttpclient.netty.handler.HttpHandler -- 

Request DefaultHttpRequest(decodeResult: success, version: HTTP/1.1)
POST /wd/hub/session/da647b3d1e66fd1dd37a67a376ea43f20167d90e/timeouts HTTP/1.1
User-Agent: appium/8.3.0 (selenium/4.8.0 (java mac))
Content-Length: 19
Content-Type: application/json; charset=utf-8
host: hub-cloud.browserstack.com
authorization: Basic Y2VzYXJzdGV2ZW5yaW9zdV9aNWtmdDg6WDJ2Z1hoM0xGdG85c0R4VVJid1A=
accept: */*

Response DefaultHttpResponse(decodeResult: success, version: HTTP/1.1)
HTTP/1.1 200 OK
Server: nginx
Date: Mon, 05 Jun 2023 06:55:44 GMT
Content-Type: application/json; charset=utf-8
Content-Length: 14
Connection: keep-alive
Source-From: 02
x-powered-by: Express
vary: X-HTTP-Method-Override
etag: W/"e-9/1BuKMgFObM1mWJm+YjxtXJnUM"

01:55:44.127 [AsyncHttpClient-1-6] DEBUG org.asynchttpclient.netty.channel.ChannelManager -- Adding key: https://hub-cloud.browserstack.com:443 for channel [id: 0xe19883ab, L:/192.168.1.60:63627 - R:hub-cloud.browserstack.com/207.254.8.9:443]
01:55:44.130 [Forwarding findElement on session da647b3d1e66fd1dd37a67a376ea43f20167d90e to remote] DEBUG org.asynchttpclient.netty.request.NettyRequestSender -- Using pooled Channel '[id: 0xe19883ab, L:/192.168.1.60:63627 - R:hub-cloud.browserstack.com/207.254.8.9:443]' for 'POST' to 'https://cesarstevenriosu_Z5kft8:X2vgXh3LFto9sDxURbwP@hub-cloud.browserstack.com/wd/hub/session/da647b3d1e66fd1dd37a67a376ea43f20167d90e/element'
01:55:44.131 [Forwarding findElement on session da647b3d1e66fd1dd37a67a376ea43f20167d90e to remote] DEBUG org.asynchttpclient.netty.request.NettyRequestSender -- Using open Channel [id: 0xe19883ab, L:/192.168.1.60:63627 - R:hub-cloud.browserstack.com/207.254.8.9:443] for POST '/wd/hub/session/da647b3d1e66fd1dd37a67a376ea43f20167d90e/element'
01:55:44.394 [AsyncHttpClient-1-6] DEBUG org.asynchttpclient.netty.handler.HttpHandler -- 

Request DefaultHttpRequest(decodeResult: success, version: HTTP/1.1)
POST /wd/hub/session/da647b3d1e66fd1dd37a67a376ea43f20167d90e/element HTTP/1.1
User-Agent: appium/8.3.0 (selenium/4.8.0 (java mac))
Content-Length: 131
Content-Type: application/json; charset=utf-8
host: hub-cloud.browserstack.com
authorization: Basic Y2VzYXJzdGV2ZW5yaW9zdV9aNWtmdDg6WDJ2Z1hoM0xGdG85c0R4VVJid1A=
accept: */*

Response DefaultHttpResponse(decodeResult: success, version: HTTP/1.1)
HTTP/1.1 404 Not Found
Server: nginx
Date: Mon, 05 Jun 2023 06:55:44 GMT
Content-Type: application/json; charset=utf-8
Transfer-Encoding: chunked
Connection: keep-alive
Source-From: 02

01:55:44.394 [AsyncHttpClient-1-6] DEBUG org.asynchttpclient.netty.channel.ChannelManager -- Adding key: https://hub-cloud.browserstack.com:443 for channel [id: 0xe19883ab, L:/192.168.1.60:63627 - R:hub-cloud.browserstack.com/207.254.8.9:443]
01:55:44.397 [Forwarding setTimeout on session da647b3d1e66fd1dd37a67a376ea43f20167d90e to remote] DEBUG org.asynchttpclient.netty.request.NettyRequestSender -- Using pooled Channel '[id: 0xe19883ab, L:/192.168.1.60:63627 - R:hub-cloud.browserstack.com/207.254.8.9:443]' for 'POST' to 'https://cesarstevenriosu_Z5kft8:X2vgXh3LFto9sDxURbwP@hub-cloud.browserstack.com/wd/hub/session/da647b3d1e66fd1dd37a67a376ea43f20167d90e/timeouts'
01:55:44.397 [Forwarding setTimeout on session da647b3d1e66fd1dd37a67a376ea43f20167d90e to remote] DEBUG org.asynchttpclient.netty.request.NettyRequestSender -- Using open Channel [id: 0xe19883ab, L:/192.168.1.60:63627 - R:hub-cloud.browserstack.com/207.254.8.9:443] for POST '/wd/hub/session/da647b3d1e66fd1dd37a67a376ea43f20167d90e/timeouts'
01:55:44.530 [AsyncHttpClient-1-6] DEBUG org.asynchttpclient.netty.handler.HttpHandler -- 

Request DefaultHttpRequest(decodeResult: success, version: HTTP/1.1)
POST /wd/hub/session/da647b3d1e66fd1dd37a67a376ea43f20167d90e/timeouts HTTP/1.1
User-Agent: appium/8.3.0 (selenium/4.8.0 (java mac))
Content-Length: 23
Content-Type: application/json; charset=utf-8
host: hub-cloud.browserstack.com
authorization: Basic Y2VzYXJzdGV2ZW5yaW9zdV9aNWtmdDg6WDJ2Z1hoM0xGdG85c0R4VVJid1A=
accept: */*

Response DefaultHttpResponse(decodeResult: success, version: HTTP/1.1)
HTTP/1.1 200 OK
Server: nginx
Date: Mon, 05 Jun 2023 06:55:44 GMT
Content-Type: application/json; charset=utf-8
Content-Length: 14
Connection: keep-alive
Source-From: 02
x-powered-by: Express
vary: X-HTTP-Method-Override
etag: W/"e-9/1BuKMgFObM1mWJm+YjxtXJnUM"

01:55:44.530 [AsyncHttpClient-1-6] DEBUG org.asynchttpclient.netty.channel.ChannelManager -- Adding key: https://hub-cloud.browserstack.com:443 for channel [id: 0xe19883ab, L:/192.168.1.60:63627 - R:hub-cloud.browserstack.com/207.254.8.9:443]
01:55:44.586 [Forwarding setTimeout on session da647b3d1e66fd1dd37a67a376ea43f20167d90e to remote] DEBUG org.asynchttpclient.netty.request.NettyRequestSender -- Using pooled Channel '[id: 0xe19883ab, L:/192.168.1.60:63627 - R:hub-cloud.browserstack.com/207.254.8.9:443]' for 'POST' to 'https://cesarstevenriosu_Z5kft8:X2vgXh3LFto9sDxURbwP@hub-cloud.browserstack.com/wd/hub/session/da647b3d1e66fd1dd37a67a376ea43f20167d90e/timeouts'
01:55:44.586 [Forwarding setTimeout on session da647b3d1e66fd1dd37a67a376ea43f20167d90e to remote] DEBUG org.asynchttpclient.netty.request.NettyRequestSender -- Using open Channel [id: 0xe19883ab, L:/192.168.1.60:63627 - R:hub-cloud.browserstack.com/207.254.8.9:443] for POST '/wd/hub/session/da647b3d1e66fd1dd37a67a376ea43f20167d90e/timeouts'
01:55:44.728 [AsyncHttpClient-1-6] DEBUG org.asynchttpclient.netty.handler.HttpHandler -- 

Request DefaultHttpRequest(decodeResult: success, version: HTTP/1.1)
POST /wd/hub/session/da647b3d1e66fd1dd37a67a376ea43f20167d90e/timeouts HTTP/1.1
User-Agent: appium/8.3.0 (selenium/4.8.0 (java mac))
Content-Length: 19
Content-Type: application/json; charset=utf-8
host: hub-cloud.browserstack.com
authorization: Basic Y2VzYXJzdGV2ZW5yaW9zdV9aNWtmdDg6WDJ2Z1hoM0xGdG85c0R4VVJid1A=
accept: */*

Response DefaultHttpResponse(decodeResult: success, version: HTTP/1.1)
HTTP/1.1 200 OK
Server: nginx
Date: Mon, 05 Jun 2023 06:55:44 GMT
Content-Type: application/json; charset=utf-8
Content-Length: 14
Connection: keep-alive
Source-From: 02
x-powered-by: Express
vary: X-HTTP-Method-Override
etag: W/"e-9/1BuKMgFObM1mWJm+YjxtXJnUM"

01:55:44.728 [AsyncHttpClient-1-6] DEBUG org.asynchttpclient.netty.channel.ChannelManager -- Adding key: https://hub-cloud.browserstack.com:443 for channel [id: 0xe19883ab, L:/192.168.1.60:63627 - R:hub-cloud.browserstack.com/207.254.8.9:443]
01:55:44.730 [Forwarding findElement on session da647b3d1e66fd1dd37a67a376ea43f20167d90e to remote] DEBUG org.asynchttpclient.netty.request.NettyRequestSender -- Using pooled Channel '[id: 0xe19883ab, L:/192.168.1.60:63627 - R:hub-cloud.browserstack.com/207.254.8.9:443]' for 'POST' to 'https://cesarstevenriosu_Z5kft8:X2vgXh3LFto9sDxURbwP@hub-cloud.browserstack.com/wd/hub/session/da647b3d1e66fd1dd37a67a376ea43f20167d90e/element'
01:55:44.730 [Forwarding findElement on session da647b3d1e66fd1dd37a67a376ea43f20167d90e to remote] DEBUG org.asynchttpclient.netty.request.NettyRequestSender -- Using open Channel [id: 0xe19883ab, L:/192.168.1.60:63627 - R:hub-cloud.browserstack.com/207.254.8.9:443] for POST '/wd/hub/session/da647b3d1e66fd1dd37a67a376ea43f20167d90e/element'
01:55:45.037 [AsyncHttpClient-1-6] DEBUG org.asynchttpclient.netty.handler.HttpHandler -- 

Request DefaultHttpRequest(decodeResult: success, version: HTTP/1.1)
POST /wd/hub/session/da647b3d1e66fd1dd37a67a376ea43f20167d90e/element HTTP/1.1
User-Agent: appium/8.3.0 (selenium/4.8.0 (java mac))
Content-Length: 131
Content-Type: application/json; charset=utf-8
host: hub-cloud.browserstack.com
authorization: Basic Y2VzYXJzdGV2ZW5yaW9zdV9aNWtmdDg6WDJ2Z1hoM0xGdG85c0R4VVJid1A=
accept: */*

Response DefaultHttpResponse(decodeResult: success, version: HTTP/1.1)
HTTP/1.1 404 Not Found
Server: nginx
Date: Mon, 05 Jun 2023 06:55:45 GMT
Content-Type: application/json; charset=utf-8
Transfer-Encoding: chunked
Connection: keep-alive
Source-From: 02

01:55:45.038 [AsyncHttpClient-1-6] DEBUG org.asynchttpclient.netty.channel.ChannelManager -- Adding key: https://hub-cloud.browserstack.com:443 for channel [id: 0xe19883ab, L:/192.168.1.60:63627 - R:hub-cloud.browserstack.com/207.254.8.9:443]
01:55:45.046 [Forwarding setTimeout on session da647b3d1e66fd1dd37a67a376ea43f20167d90e to remote] DEBUG org.asynchttpclient.netty.request.NettyRequestSender -- Using pooled Channel '[id: 0xe19883ab, L:/192.168.1.60:63627 - R:hub-cloud.browserstack.com/207.254.8.9:443]' for 'POST' to 'https://cesarstevenriosu_Z5kft8:X2vgXh3LFto9sDxURbwP@hub-cloud.browserstack.com/wd/hub/session/da647b3d1e66fd1dd37a67a376ea43f20167d90e/timeouts'
01:55:45.046 [Forwarding setTimeout on session da647b3d1e66fd1dd37a67a376ea43f20167d90e to remote] DEBUG org.asynchttpclient.netty.request.NettyRequestSender -- Using open Channel [id: 0xe19883ab, L:/192.168.1.60:63627 - R:hub-cloud.browserstack.com/207.254.8.9:443] for POST '/wd/hub/session/da647b3d1e66fd1dd37a67a376ea43f20167d90e/timeouts'
01:55:45.197 [AsyncHttpClient-1-6] DEBUG org.asynchttpclient.netty.handler.HttpHandler -- 

Request DefaultHttpRequest(decodeResult: success, version: HTTP/1.1)
POST /wd/hub/session/da647b3d1e66fd1dd37a67a376ea43f20167d90e/timeouts HTTP/1.1
User-Agent: appium/8.3.0 (selenium/4.8.0 (java mac))
Content-Length: 23
Content-Type: application/json; charset=utf-8
host: hub-cloud.browserstack.com
authorization: Basic Y2VzYXJzdGV2ZW5yaW9zdV9aNWtmdDg6WDJ2Z1hoM0xGdG85c0R4VVJid1A=
accept: */*

Response DefaultHttpResponse(decodeResult: success, version: HTTP/1.1)
HTTP/1.1 200 OK
Server: nginx
Date: Mon, 05 Jun 2023 06:55:45 GMT
Content-Type: application/json; charset=utf-8
Content-Length: 14
Connection: keep-alive
Source-From: 02
x-powered-by: Express
vary: X-HTTP-Method-Override
etag: W/"e-9/1BuKMgFObM1mWJm+YjxtXJnUM"

01:55:45.198 [AsyncHttpClient-1-6] DEBUG org.asynchttpclient.netty.channel.ChannelManager -- Adding key: https://hub-cloud.browserstack.com:443 for channel [id: 0xe19883ab, L:/192.168.1.60:63627 - R:hub-cloud.browserstack.com/207.254.8.9:443]
01:55:45.256 [Forwarding setTimeout on session da647b3d1e66fd1dd37a67a376ea43f20167d90e to remote] DEBUG org.asynchttpclient.netty.request.NettyRequestSender -- Using pooled Channel '[id: 0xe19883ab, L:/192.168.1.60:63627 - R:hub-cloud.browserstack.com/207.254.8.9:443]' for 'POST' to 'https://cesarstevenriosu_Z5kft8:X2vgXh3LFto9sDxURbwP@hub-cloud.browserstack.com/wd/hub/session/da647b3d1e66fd1dd37a67a376ea43f20167d90e/timeouts'
01:55:45.256 [Forwarding setTimeout on session da647b3d1e66fd1dd37a67a376ea43f20167d90e to remote] DEBUG org.asynchttpclient.netty.request.NettyRequestSender -- Using open Channel [id: 0xe19883ab, L:/192.168.1.60:63627 - R:hub-cloud.browserstack.com/207.254.8.9:443] for POST '/wd/hub/session/da647b3d1e66fd1dd37a67a376ea43f20167d90e/timeouts'
01:55:45.434 [AsyncHttpClient-1-6] DEBUG org.asynchttpclient.netty.handler.HttpHandler -- 

Request DefaultHttpRequest(decodeResult: success, version: HTTP/1.1)
POST /wd/hub/session/da647b3d1e66fd1dd37a67a376ea43f20167d90e/timeouts HTTP/1.1
User-Agent: appium/8.3.0 (selenium/4.8.0 (java mac))
Content-Length: 19
Content-Type: application/json; charset=utf-8
host: hub-cloud.browserstack.com
authorization: Basic Y2VzYXJzdGV2ZW5yaW9zdV9aNWtmdDg6WDJ2Z1hoM0xGdG85c0R4VVJid1A=
accept: */*

Response DefaultHttpResponse(decodeResult: success, version: HTTP/1.1)
HTTP/1.1 200 OK
Server: nginx
Date: Mon, 05 Jun 2023 06:55:45 GMT
Content-Type: application/json; charset=utf-8
Content-Length: 14
Connection: keep-alive
Source-From: 02
x-powered-by: Express
vary: X-HTTP-Method-Override
etag: W/"e-9/1BuKMgFObM1mWJm+YjxtXJnUM"

01:55:45.434 [AsyncHttpClient-1-6] DEBUG org.asynchttpclient.netty.channel.ChannelManager -- Adding key: https://hub-cloud.browserstack.com:443 for channel [id: 0xe19883ab, L:/192.168.1.60:63627 - R:hub-cloud.browserstack.com/207.254.8.9:443]
01:55:45.436 [Forwarding findElement on session da647b3d1e66fd1dd37a67a376ea43f20167d90e to remote] DEBUG org.asynchttpclient.netty.request.NettyRequestSender -- Using pooled Channel '[id: 0xe19883ab, L:/192.168.1.60:63627 - R:hub-cloud.browserstack.com/207.254.8.9:443]' for 'POST' to 'https://cesarstevenriosu_Z5kft8:X2vgXh3LFto9sDxURbwP@hub-cloud.browserstack.com/wd/hub/session/da647b3d1e66fd1dd37a67a376ea43f20167d90e/element'
01:55:45.437 [Forwarding findElement on session da647b3d1e66fd1dd37a67a376ea43f20167d90e to remote] DEBUG org.asynchttpclient.netty.request.NettyRequestSender -- Using open Channel [id: 0xe19883ab, L:/192.168.1.60:63627 - R:hub-cloud.browserstack.com/207.254.8.9:443] for POST '/wd/hub/session/da647b3d1e66fd1dd37a67a376ea43f20167d90e/element'
01:55:45.688 [AsyncHttpClient-1-6] DEBUG org.asynchttpclient.netty.handler.HttpHandler -- 

Request DefaultHttpRequest(decodeResult: success, version: HTTP/1.1)
POST /wd/hub/session/da647b3d1e66fd1dd37a67a376ea43f20167d90e/element HTTP/1.1
User-Agent: appium/8.3.0 (selenium/4.8.0 (java mac))
Content-Length: 131
Content-Type: application/json; charset=utf-8
host: hub-cloud.browserstack.com
authorization: Basic Y2VzYXJzdGV2ZW5yaW9zdV9aNWtmdDg6WDJ2Z1hoM0xGdG85c0R4VVJid1A=
accept: */*

Response DefaultHttpResponse(decodeResult: success, version: HTTP/1.1)
HTTP/1.1 404 Not Found
Server: nginx
Date: Mon, 05 Jun 2023 06:55:45 GMT
Content-Type: application/json; charset=utf-8
Transfer-Encoding: chunked
Connection: keep-alive
Source-From: 02

01:55:45.688 [AsyncHttpClient-1-6] DEBUG org.asynchttpclient.netty.channel.ChannelManager -- Adding key: https://hub-cloud.browserstack.com:443 for channel [id: 0xe19883ab, L:/192.168.1.60:63627 - R:hub-cloud.browserstack.com/207.254.8.9:443]
01:55:45.690 [Forwarding setTimeout on session da647b3d1e66fd1dd37a67a376ea43f20167d90e to remote] DEBUG org.asynchttpclient.netty.request.NettyRequestSender -- Using pooled Channel '[id: 0xe19883ab, L:/192.168.1.60:63627 - R:hub-cloud.browserstack.com/207.254.8.9:443]' for 'POST' to 'https://cesarstevenriosu_Z5kft8:X2vgXh3LFto9sDxURbwP@hub-cloud.browserstack.com/wd/hub/session/da647b3d1e66fd1dd37a67a376ea43f20167d90e/timeouts'
01:55:45.690 [Forwarding setTimeout on session da647b3d1e66fd1dd37a67a376ea43f20167d90e to remote] DEBUG org.asynchttpclient.netty.request.NettyRequestSender -- Using open Channel [id: 0xe19883ab, L:/192.168.1.60:63627 - R:hub-cloud.browserstack.com/207.254.8.9:443] for POST '/wd/hub/session/da647b3d1e66fd1dd37a67a376ea43f20167d90e/timeouts'
01:55:45.942 [AsyncHttpClient-1-6] DEBUG org.asynchttpclient.netty.handler.HttpHandler -- 

Request DefaultHttpRequest(decodeResult: success, version: HTTP/1.1)
POST /wd/hub/session/da647b3d1e66fd1dd37a67a376ea43f20167d90e/timeouts HTTP/1.1
User-Agent: appium/8.3.0 (selenium/4.8.0 (java mac))
Content-Length: 23
Content-Type: application/json; charset=utf-8
host: hub-cloud.browserstack.com
authorization: Basic Y2VzYXJzdGV2ZW5yaW9zdV9aNWtmdDg6WDJ2Z1hoM0xGdG85c0R4VVJid1A=
accept: */*

Response DefaultHttpResponse(decodeResult: success, version: HTTP/1.1)
HTTP/1.1 200 OK
Server: nginx
Date: Mon, 05 Jun 2023 06:55:46 GMT
Content-Type: application/json; charset=utf-8
Content-Length: 14
Connection: keep-alive
Source-From: 02
x-powered-by: Express
vary: X-HTTP-Method-Override
etag: W/"e-9/1BuKMgFObM1mWJm+YjxtXJnUM"

01:55:45.942 [AsyncHttpClient-1-6] DEBUG org.asynchttpclient.netty.channel.ChannelManager -- Adding key: https://hub-cloud.browserstack.com:443 for channel [id: 0xe19883ab, L:/192.168.1.60:63627 - R:hub-cloud.browserstack.com/207.254.8.9:443]
01:55:46.002 [Forwarding setTimeout on session da647b3d1e66fd1dd37a67a376ea43f20167d90e to remote] DEBUG org.asynchttpclient.netty.request.NettyRequestSender -- Using pooled Channel '[id: 0xe19883ab, L:/192.168.1.60:63627 - R:hub-cloud.browserstack.com/207.254.8.9:443]' for 'POST' to 'https://cesarstevenriosu_Z5kft8:X2vgXh3LFto9sDxURbwP@hub-cloud.browserstack.com/wd/hub/session/da647b3d1e66fd1dd37a67a376ea43f20167d90e/timeouts'
01:55:46.002 [Forwarding setTimeout on session da647b3d1e66fd1dd37a67a376ea43f20167d90e to remote] DEBUG org.asynchttpclient.netty.request.NettyRequestSender -- Using open Channel [id: 0xe19883ab, L:/192.168.1.60:63627 - R:hub-cloud.browserstack.com/207.254.8.9:443] for POST '/wd/hub/session/da647b3d1e66fd1dd37a67a376ea43f20167d90e/timeouts'
01:55:46.196 [AsyncHttpClient-1-6] DEBUG org.asynchttpclient.netty.handler.HttpHandler -- 

Request DefaultHttpRequest(decodeResult: success, version: HTTP/1.1)
POST /wd/hub/session/da647b3d1e66fd1dd37a67a376ea43f20167d90e/timeouts HTTP/1.1
User-Agent: appium/8.3.0 (selenium/4.8.0 (java mac))
Content-Length: 19
Content-Type: application/json; charset=utf-8
host: hub-cloud.browserstack.com
authorization: Basic Y2VzYXJzdGV2ZW5yaW9zdV9aNWtmdDg6WDJ2Z1hoM0xGdG85c0R4VVJid1A=
accept: */*

Response DefaultHttpResponse(decodeResult: success, version: HTTP/1.1)
HTTP/1.1 200 OK
Server: nginx
Date: Mon, 05 Jun 2023 06:55:46 GMT
Content-Type: application/json; charset=utf-8
Content-Length: 14
Connection: keep-alive
Source-From: 02
x-powered-by: Express
vary: X-HTTP-Method-Override
etag: W/"e-9/1BuKMgFObM1mWJm+YjxtXJnUM"

01:55:46.197 [AsyncHttpClient-1-6] DEBUG org.asynchttpclient.netty.channel.ChannelManager -- Adding key: https://hub-cloud.browserstack.com:443 for channel [id: 0xe19883ab, L:/192.168.1.60:63627 - R:hub-cloud.browserstack.com/207.254.8.9:443]
01:55:46.199 [Forwarding findElement on session da647b3d1e66fd1dd37a67a376ea43f20167d90e to remote] DEBUG org.asynchttpclient.netty.request.NettyRequestSender -- Using pooled Channel '[id: 0xe19883ab, L:/192.168.1.60:63627 - R:hub-cloud.browserstack.com/207.254.8.9:443]' for 'POST' to 'https://cesarstevenriosu_Z5kft8:X2vgXh3LFto9sDxURbwP@hub-cloud.browserstack.com/wd/hub/session/da647b3d1e66fd1dd37a67a376ea43f20167d90e/element'
01:55:46.199 [Forwarding findElement on session da647b3d1e66fd1dd37a67a376ea43f20167d90e to remote] DEBUG org.asynchttpclient.netty.request.NettyRequestSender -- Using open Channel [id: 0xe19883ab, L:/192.168.1.60:63627 - R:hub-cloud.browserstack.com/207.254.8.9:443] for POST '/wd/hub/session/da647b3d1e66fd1dd37a67a376ea43f20167d90e/element'
01:55:46.433 [AsyncHttpClient-1-6] DEBUG org.asynchttpclient.netty.handler.HttpHandler -- 

Request DefaultHttpRequest(decodeResult: success, version: HTTP/1.1)
POST /wd/hub/session/da647b3d1e66fd1dd37a67a376ea43f20167d90e/element HTTP/1.1
User-Agent: appium/8.3.0 (selenium/4.8.0 (java mac))
Content-Length: 131
Content-Type: application/json; charset=utf-8
host: hub-cloud.browserstack.com
authorization: Basic Y2VzYXJzdGV2ZW5yaW9zdV9aNWtmdDg6WDJ2Z1hoM0xGdG85c0R4VVJid1A=
accept: */*

Response DefaultHttpResponse(decodeResult: success, version: HTTP/1.1)
HTTP/1.1 404 Not Found
Server: nginx
Date: Mon, 05 Jun 2023 06:55:46 GMT
Content-Type: application/json; charset=utf-8
Transfer-Encoding: chunked
Connection: keep-alive
Source-From: 02

01:55:46.433 [AsyncHttpClient-1-6] DEBUG org.asynchttpclient.netty.channel.ChannelManager -- Adding key: https://hub-cloud.browserstack.com:443 for channel [id: 0xe19883ab, L:/192.168.1.60:63627 - R:hub-cloud.browserstack.com/207.254.8.9:443]
01:55:46.435 [Forwarding setTimeout on session da647b3d1e66fd1dd37a67a376ea43f20167d90e to remote] DEBUG org.asynchttpclient.netty.request.NettyRequestSender -- Using pooled Channel '[id: 0xe19883ab, L:/192.168.1.60:63627 - R:hub-cloud.browserstack.com/207.254.8.9:443]' for 'POST' to 'https://cesarstevenriosu_Z5kft8:X2vgXh3LFto9sDxURbwP@hub-cloud.browserstack.com/wd/hub/session/da647b3d1e66fd1dd37a67a376ea43f20167d90e/timeouts'
01:55:46.435 [Forwarding setTimeout on session da647b3d1e66fd1dd37a67a376ea43f20167d90e to remote] DEBUG org.asynchttpclient.netty.request.NettyRequestSender -- Using open Channel [id: 0xe19883ab, L:/192.168.1.60:63627 - R:hub-cloud.browserstack.com/207.254.8.9:443] for POST '/wd/hub/session/da647b3d1e66fd1dd37a67a376ea43f20167d90e/timeouts'
01:55:46.584 [AsyncHttpClient-1-6] DEBUG org.asynchttpclient.netty.handler.HttpHandler -- 

Request DefaultHttpRequest(decodeResult: success, version: HTTP/1.1)
POST /wd/hub/session/da647b3d1e66fd1dd37a67a376ea43f20167d90e/timeouts HTTP/1.1
User-Agent: appium/8.3.0 (selenium/4.8.0 (java mac))
Content-Length: 23
Content-Type: application/json; charset=utf-8
host: hub-cloud.browserstack.com
authorization: Basic Y2VzYXJzdGV2ZW5yaW9zdV9aNWtmdDg6WDJ2Z1hoM0xGdG85c0R4VVJid1A=
accept: */*

Response DefaultHttpResponse(decodeResult: success, version: HTTP/1.1)
HTTP/1.1 200 OK
Server: nginx
Date: Mon, 05 Jun 2023 06:55:46 GMT
Content-Type: application/json; charset=utf-8
Content-Length: 14
Connection: keep-alive
Source-From: 02
x-powered-by: Express
vary: X-HTTP-Method-Override
etag: W/"e-9/1BuKMgFObM1mWJm+YjxtXJnUM"

01:55:46.584 [AsyncHttpClient-1-6] DEBUG org.asynchttpclient.netty.channel.ChannelManager -- Adding key: https://hub-cloud.browserstack.com:443 for channel [id: 0xe19883ab, L:/192.168.1.60:63627 - R:hub-cloud.browserstack.com/207.254.8.9:443]
01:55:46.644 [Forwarding setTimeout on session da647b3d1e66fd1dd37a67a376ea43f20167d90e to remote] DEBUG org.asynchttpclient.netty.request.NettyRequestSender -- Using pooled Channel '[id: 0xe19883ab, L:/192.168.1.60:63627 - R:hub-cloud.browserstack.com/207.254.8.9:443]' for 'POST' to 'https://cesarstevenriosu_Z5kft8:X2vgXh3LFto9sDxURbwP@hub-cloud.browserstack.com/wd/hub/session/da647b3d1e66fd1dd37a67a376ea43f20167d90e/timeouts'
01:55:46.645 [Forwarding setTimeout on session da647b3d1e66fd1dd37a67a376ea43f20167d90e to remote] DEBUG org.asynchttpclient.netty.request.NettyRequestSender -- Using open Channel [id: 0xe19883ab, L:/192.168.1.60:63627 - R:hub-cloud.browserstack.com/207.254.8.9:443] for POST '/wd/hub/session/da647b3d1e66fd1dd37a67a376ea43f20167d90e/timeouts'
01:55:46.756 [AsyncHttpClient-1-6] DEBUG org.asynchttpclient.netty.handler.HttpHandler -- 

Request DefaultHttpRequest(decodeResult: success, version: HTTP/1.1)
POST /wd/hub/session/da647b3d1e66fd1dd37a67a376ea43f20167d90e/timeouts HTTP/1.1
User-Agent: appium/8.3.0 (selenium/4.8.0 (java mac))
Content-Length: 19
Content-Type: application/json; charset=utf-8
host: hub-cloud.browserstack.com
authorization: Basic Y2VzYXJzdGV2ZW5yaW9zdV9aNWtmdDg6WDJ2Z1hoM0xGdG85c0R4VVJid1A=
accept: */*

Response DefaultHttpResponse(decodeResult: success, version: HTTP/1.1)
HTTP/1.1 200 OK
Server: nginx
Date: Mon, 05 Jun 2023 06:55:46 GMT
Content-Type: application/json; charset=utf-8
Content-Length: 14
Connection: keep-alive
Source-From: 02
x-powered-by: Express
vary: X-HTTP-Method-Override
etag: W/"e-9/1BuKMgFObM1mWJm+YjxtXJnUM"

01:55:46.756 [AsyncHttpClient-1-6] DEBUG org.asynchttpclient.netty.channel.ChannelManager -- Adding key: https://hub-cloud.browserstack.com:443 for channel [id: 0xe19883ab, L:/192.168.1.60:63627 - R:hub-cloud.browserstack.com/207.254.8.9:443]
01:55:46.758 [Forwarding findElement on session da647b3d1e66fd1dd37a67a376ea43f20167d90e to remote] DEBUG org.asynchttpclient.netty.request.NettyRequestSender -- Using pooled Channel '[id: 0xe19883ab, L:/192.168.1.60:63627 - R:hub-cloud.browserstack.com/207.254.8.9:443]' for 'POST' to 'https://cesarstevenriosu_Z5kft8:X2vgXh3LFto9sDxURbwP@hub-cloud.browserstack.com/wd/hub/session/da647b3d1e66fd1dd37a67a376ea43f20167d90e/element'
01:55:46.758 [Forwarding findElement on session da647b3d1e66fd1dd37a67a376ea43f20167d90e to remote] DEBUG org.asynchttpclient.netty.request.NettyRequestSender -- Using open Channel [id: 0xe19883ab, L:/192.168.1.60:63627 - R:hub-cloud.browserstack.com/207.254.8.9:443] for POST '/wd/hub/session/da647b3d1e66fd1dd37a67a376ea43f20167d90e/element'
01:55:47.050 [AsyncHttpClient-1-6] DEBUG org.asynchttpclient.netty.handler.HttpHandler -- 

Request DefaultHttpRequest(decodeResult: success, version: HTTP/1.1)
POST /wd/hub/session/da647b3d1e66fd1dd37a67a376ea43f20167d90e/element HTTP/1.1
User-Agent: appium/8.3.0 (selenium/4.8.0 (java mac))
Content-Length: 131
Content-Type: application/json; charset=utf-8
host: hub-cloud.browserstack.com
authorization: Basic Y2VzYXJzdGV2ZW5yaW9zdV9aNWtmdDg6WDJ2Z1hoM0xGdG85c0R4VVJid1A=
accept: */*

Response DefaultHttpResponse(decodeResult: success, version: HTTP/1.1)
HTTP/1.1 404 Not Found
Server: nginx
Date: Mon, 05 Jun 2023 06:55:47 GMT
Content-Type: application/json; charset=utf-8
Transfer-Encoding: chunked
Connection: keep-alive
Source-From: 02

01:55:47.051 [AsyncHttpClient-1-6] DEBUG org.asynchttpclient.netty.channel.ChannelManager -- Adding key: https://hub-cloud.browserstack.com:443 for channel [id: 0xe19883ab, L:/192.168.1.60:63627 - R:hub-cloud.browserstack.com/207.254.8.9:443]
01:55:47.053 [Forwarding setTimeout on session da647b3d1e66fd1dd37a67a376ea43f20167d90e to remote] DEBUG org.asynchttpclient.netty.request.NettyRequestSender -- Using pooled Channel '[id: 0xe19883ab, L:/192.168.1.60:63627 - R:hub-cloud.browserstack.com/207.254.8.9:443]' for 'POST' to 'https://cesarstevenriosu_Z5kft8:X2vgXh3LFto9sDxURbwP@hub-cloud.browserstack.com/wd/hub/session/da647b3d1e66fd1dd37a67a376ea43f20167d90e/timeouts'
01:55:47.053 [Forwarding setTimeout on session da647b3d1e66fd1dd37a67a376ea43f20167d90e to remote] DEBUG org.asynchttpclient.netty.request.NettyRequestSender -- Using open Channel [id: 0xe19883ab, L:/192.168.1.60:63627 - R:hub-cloud.browserstack.com/207.254.8.9:443] for POST '/wd/hub/session/da647b3d1e66fd1dd37a67a376ea43f20167d90e/timeouts'
01:55:47.175 [AsyncHttpClient-1-6] DEBUG org.asynchttpclient.netty.handler.HttpHandler -- 

Request DefaultHttpRequest(decodeResult: success, version: HTTP/1.1)
POST /wd/hub/session/da647b3d1e66fd1dd37a67a376ea43f20167d90e/timeouts HTTP/1.1
User-Agent: appium/8.3.0 (selenium/4.8.0 (java mac))
Content-Length: 23
Content-Type: application/json; charset=utf-8
host: hub-cloud.browserstack.com
authorization: Basic Y2VzYXJzdGV2ZW5yaW9zdV9aNWtmdDg6WDJ2Z1hoM0xGdG85c0R4VVJid1A=
accept: */*

Response DefaultHttpResponse(decodeResult: success, version: HTTP/1.1)
HTTP/1.1 200 OK
Server: nginx
Date: Mon, 05 Jun 2023 06:55:47 GMT
Content-Type: application/json; charset=utf-8
Content-Length: 14
Connection: keep-alive
Source-From: 02
x-powered-by: Express
vary: X-HTTP-Method-Override
etag: W/"e-9/1BuKMgFObM1mWJm+YjxtXJnUM"

01:55:47.175 [AsyncHttpClient-1-6] DEBUG org.asynchttpclient.netty.channel.ChannelManager -- Adding key: https://hub-cloud.browserstack.com:443 for channel [id: 0xe19883ab, L:/192.168.1.60:63627 - R:hub-cloud.browserstack.com/207.254.8.9:443]
01:55:47.225 [AsyncHttpClient-1-1] DEBUG org.asynchttpclient.netty.channel.DefaultChannelPool -- Entry count for : https://hub-cloud.browserstack.com:443 : 1
01:55:47.232 [Forwarding setTimeout on session da647b3d1e66fd1dd37a67a376ea43f20167d90e to remote] DEBUG org.asynchttpclient.netty.request.NettyRequestSender -- Using pooled Channel '[id: 0xe19883ab, L:/192.168.1.60:63627 - R:hub-cloud.browserstack.com/207.254.8.9:443]' for 'POST' to 'https://cesarstevenriosu_Z5kft8:X2vgXh3LFto9sDxURbwP@hub-cloud.browserstack.com/wd/hub/session/da647b3d1e66fd1dd37a67a376ea43f20167d90e/timeouts'
01:55:47.232 [Forwarding setTimeout on session da647b3d1e66fd1dd37a67a376ea43f20167d90e to remote] DEBUG org.asynchttpclient.netty.request.NettyRequestSender -- Using open Channel [id: 0xe19883ab, L:/192.168.1.60:63627 - R:hub-cloud.browserstack.com/207.254.8.9:443] for POST '/wd/hub/session/da647b3d1e66fd1dd37a67a376ea43f20167d90e/timeouts'
01:55:47.375 [AsyncHttpClient-1-6] DEBUG org.asynchttpclient.netty.handler.HttpHandler -- 

Request DefaultHttpRequest(decodeResult: success, version: HTTP/1.1)
POST /wd/hub/session/da647b3d1e66fd1dd37a67a376ea43f20167d90e/timeouts HTTP/1.1
User-Agent: appium/8.3.0 (selenium/4.8.0 (java mac))
Content-Length: 19
Content-Type: application/json; charset=utf-8
host: hub-cloud.browserstack.com
authorization: Basic Y2VzYXJzdGV2ZW5yaW9zdV9aNWtmdDg6WDJ2Z1hoM0xGdG85c0R4VVJid1A=
accept: */*

Response DefaultHttpResponse(decodeResult: success, version: HTTP/1.1)
HTTP/1.1 200 OK
Server: nginx
Date: Mon, 05 Jun 2023 06:55:47 GMT
Content-Type: application/json; charset=utf-8
Content-Length: 14
Connection: keep-alive
Source-From: 02
x-powered-by: Express
vary: X-HTTP-Method-Override
etag: W/"e-9/1BuKMgFObM1mWJm+YjxtXJnUM"

01:55:47.375 [AsyncHttpClient-1-6] DEBUG org.asynchttpclient.netty.channel.ChannelManager -- Adding key: https://hub-cloud.browserstack.com:443 for channel [id: 0xe19883ab, L:/192.168.1.60:63627 - R:hub-cloud.browserstack.com/207.254.8.9:443]
01:55:47.377 [Forwarding findElement on session da647b3d1e66fd1dd37a67a376ea43f20167d90e to remote] DEBUG org.asynchttpclient.netty.request.NettyRequestSender -- Using pooled Channel '[id: 0xe19883ab, L:/192.168.1.60:63627 - R:hub-cloud.browserstack.com/207.254.8.9:443]' for 'POST' to 'https://cesarstevenriosu_Z5kft8:X2vgXh3LFto9sDxURbwP@hub-cloud.browserstack.com/wd/hub/session/da647b3d1e66fd1dd37a67a376ea43f20167d90e/element'
01:55:47.377 [Forwarding findElement on session da647b3d1e66fd1dd37a67a376ea43f20167d90e to remote] DEBUG org.asynchttpclient.netty.request.NettyRequestSender -- Using open Channel [id: 0xe19883ab, L:/192.168.1.60:63627 - R:hub-cloud.browserstack.com/207.254.8.9:443] for POST '/wd/hub/session/da647b3d1e66fd1dd37a67a376ea43f20167d90e/element'
01:55:47.595 [AsyncHttpClient-1-6] DEBUG org.asynchttpclient.netty.handler.HttpHandler -- 

Request DefaultHttpRequest(decodeResult: success, version: HTTP/1.1)
POST /wd/hub/session/da647b3d1e66fd1dd37a67a376ea43f20167d90e/element HTTP/1.1
User-Agent: appium/8.3.0 (selenium/4.8.0 (java mac))
Content-Length: 131
Content-Type: application/json; charset=utf-8
host: hub-cloud.browserstack.com
authorization: Basic Y2VzYXJzdGV2ZW5yaW9zdV9aNWtmdDg6WDJ2Z1hoM0xGdG85c0R4VVJid1A=
accept: */*

Response DefaultHttpResponse(decodeResult: success, version: HTTP/1.1)
HTTP/1.1 404 Not Found
Server: nginx
Date: Mon, 05 Jun 2023 06:55:47 GMT
Content-Type: application/json; charset=utf-8
Transfer-Encoding: chunked
Connection: keep-alive
Source-From: 02

01:55:47.595 [AsyncHttpClient-1-6] DEBUG org.asynchttpclient.netty.channel.ChannelManager -- Adding key: https://hub-cloud.browserstack.com:443 for channel [id: 0xe19883ab, L:/192.168.1.60:63627 - R:hub-cloud.browserstack.com/207.254.8.9:443]
01:55:47.599 [Forwarding setTimeout on session da647b3d1e66fd1dd37a67a376ea43f20167d90e to remote] DEBUG org.asynchttpclient.netty.request.NettyRequestSender -- Using pooled Channel '[id: 0xe19883ab, L:/192.168.1.60:63627 - R:hub-cloud.browserstack.com/207.254.8.9:443]' for 'POST' to 'https://cesarstevenriosu_Z5kft8:X2vgXh3LFto9sDxURbwP@hub-cloud.browserstack.com/wd/hub/session/da647b3d1e66fd1dd37a67a376ea43f20167d90e/timeouts'
01:55:47.599 [Forwarding setTimeout on session da647b3d1e66fd1dd37a67a376ea43f20167d90e to remote] DEBUG org.asynchttpclient.netty.request.NettyRequestSender -- Using open Channel [id: 0xe19883ab, L:/192.168.1.60:63627 - R:hub-cloud.browserstack.com/207.254.8.9:443] for POST '/wd/hub/session/da647b3d1e66fd1dd37a67a376ea43f20167d90e/timeouts'
01:55:47.707 [AsyncHttpClient-1-6] DEBUG org.asynchttpclient.netty.handler.HttpHandler -- 

Request DefaultHttpRequest(decodeResult: success, version: HTTP/1.1)
POST /wd/hub/session/da647b3d1e66fd1dd37a67a376ea43f20167d90e/timeouts HTTP/1.1
User-Agent: appium/8.3.0 (selenium/4.8.0 (java mac))
Content-Length: 23
Content-Type: application/json; charset=utf-8
host: hub-cloud.browserstack.com
authorization: Basic Y2VzYXJzdGV2ZW5yaW9zdV9aNWtmdDg6WDJ2Z1hoM0xGdG85c0R4VVJid1A=
accept: */*

Response DefaultHttpResponse(decodeResult: success, version: HTTP/1.1)
HTTP/1.1 200 OK
Server: nginx
Date: Mon, 05 Jun 2023 06:55:47 GMT
Content-Type: application/json; charset=utf-8
Content-Length: 14
Connection: keep-alive
Source-From: 02
x-powered-by: Express
vary: X-HTTP-Method-Override
etag: W/"e-9/1BuKMgFObM1mWJm+YjxtXJnUM"

01:55:47.708 [AsyncHttpClient-1-6] DEBUG org.asynchttpclient.netty.channel.ChannelManager -- Adding key: https://hub-cloud.browserstack.com:443 for channel [id: 0xe19883ab, L:/192.168.1.60:63627 - R:hub-cloud.browserstack.com/207.254.8.9:443]
01:55:47.724 [Forwarding screenshot on session da647b3d1e66fd1dd37a67a376ea43f20167d90e to remote] DEBUG org.asynchttpclient.netty.request.NettyRequestSender -- Using pooled Channel '[id: 0xe19883ab, L:/192.168.1.60:63627 - R:hub-cloud.browserstack.com/207.254.8.9:443]' for 'GET' to 'https://cesarstevenriosu_Z5kft8:X2vgXh3LFto9sDxURbwP@hub-cloud.browserstack.com/wd/hub/session/da647b3d1e66fd1dd37a67a376ea43f20167d90e/screenshot'
01:55:47.724 [Forwarding screenshot on session da647b3d1e66fd1dd37a67a376ea43f20167d90e to remote] DEBUG org.asynchttpclient.netty.request.NettyRequestSender -- Using open Channel [id: 0xe19883ab, L:/192.168.1.60:63627 - R:hub-cloud.browserstack.com/207.254.8.9:443] for GET '/wd/hub/session/da647b3d1e66fd1dd37a67a376ea43f20167d90e/screenshot'
01:55:48.252 [AsyncHttpClient-1-6] DEBUG org.asynchttpclient.netty.handler.HttpHandler -- 

Request DefaultFullHttpRequest(decodeResult: success, version: HTTP/1.1, content: EmptyByteBufBE)
GET /wd/hub/session/da647b3d1e66fd1dd37a67a376ea43f20167d90e/screenshot HTTP/1.1
User-Agent: appium/8.3.0 (selenium/4.8.0 (java mac))
Cache-Control: no-cache
Content-Type: application/json; charset=utf-8
host: hub-cloud.browserstack.com
authorization: Basic Y2VzYXJzdGV2ZW5yaW9zdV9aNWtmdDg6WDJ2Z1hoM0xGdG85c0R4VVJid1A=
accept: */*

Response DefaultHttpResponse(decodeResult: success, version: HTTP/1.1)
HTTP/1.1 200 OK
Server: nginx
Date: Mon, 05 Jun 2023 06:55:48 GMT
Content-Type: application/json; charset=utf-8
Content-Length: 154100
Connection: keep-alive
Source-From: 02
x-powered-by: Express
etag: W/"259f4-4aEXa/IgzsTicEjSBqg1YxBsBC4"

01:55:49.131 [AsyncHttpClient-1-6] DEBUG org.asynchttpclient.netty.channel.ChannelManager -- Adding key: https://hub-cloud.browserstack.com:443 for channel [id: 0xe19883ab, L:/192.168.1.60:63627 - R:hub-cloud.browserstack.com/207.254.8.9:443]
01:55:49.146 [main] DEBUG net.serenitybdd.core.photography.Darkroom -- Send negative for processing for target/site/serenity/b30bf6cef1e8766e47e7cbb7ff90af7bf398d533a8a7f6de044d5a27b5bd284f.png
01:55:49.146 [Darkroom Processing Line] DEBUG net.serenitybdd.core.photography.DarkroomProcessingLine -- Processing screenshot image in /var/screenshots/screenshot-18211878512148607624
01:55:49.146 [Darkroom Processing Line] DEBUG net.serenitybdd.core.photography.DarkroomProcessingLine -- Saving screenshot to target/site/serenity/b30bf6cef1e8766e47e7cbb7ff90af7bf398d533a8a7f6de044d5a27b5bd284f.png
01:55:49.147 [Forwarding getPageSource on session da647b3d1e66fd1dd37a67a376ea43f20167d90e to remote] DEBUG org.asynchttpclient.netty.request.NettyRequestSender -- Using pooled Channel '[id: 0xe19883ab, L:/192.168.1.60:63627 - R:hub-cloud.browserstack.com/207.254.8.9:443]' for 'GET' to 'https://cesarstevenriosu_Z5kft8:X2vgXh3LFto9sDxURbwP@hub-cloud.browserstack.com/wd/hub/session/da647b3d1e66fd1dd37a67a376ea43f20167d90e/source'
01:55:49.147 [Forwarding getPageSource on session da647b3d1e66fd1dd37a67a376ea43f20167d90e to remote] DEBUG org.asynchttpclient.netty.request.NettyRequestSender -- Using open Channel [id: 0xe19883ab, L:/192.168.1.60:63627 - R:hub-cloud.browserstack.com/207.254.8.9:443] for GET '/wd/hub/session/da647b3d1e66fd1dd37a67a376ea43f20167d90e/source'
01:55:49.438 [AsyncHttpClient-1-6] DEBUG org.asynchttpclient.netty.handler.HttpHandler -- 

Request DefaultFullHttpRequest(decodeResult: success, version: HTTP/1.1, content: EmptyByteBufBE)
GET /wd/hub/session/da647b3d1e66fd1dd37a67a376ea43f20167d90e/source HTTP/1.1
User-Agent: appium/8.3.0 (selenium/4.8.0 (java mac))
Cache-Control: no-cache
Content-Type: application/json; charset=utf-8
host: hub-cloud.browserstack.com
authorization: Basic Y2VzYXJzdGV2ZW5yaW9zdV9aNWtmdDg6WDJ2Z1hoM0xGdG85c0R4VVJid1A=
accept: */*

Response DefaultHttpResponse(decodeResult: success, version: HTTP/1.1)
HTTP/1.1 200 OK
Server: nginx
Date: Mon, 05 Jun 2023 06:55:49 GMT
Content-Type: application/json; charset=utf-8
Content-Length: 28747
Connection: keep-alive
Source-From: 02
x-powered-by: Express
etag: W/"7047-Emw4VJNCRq0XPmhrty3Sh3rzjr4"

01:55:49.571 [AsyncHttpClient-1-6] DEBUG org.asynchttpclient.netty.channel.ChannelManager -- Adding key: https://hub-cloud.browserstack.com:443 for channel [id: 0xe19883ab, L:/192.168.1.60:63627 - R:hub-cloud.browserstack.com/207.254.8.9:443]
  &amp#27;[31mThen &amp#27;[0m&amp#27;[31mthe home screen of the application is displayed&amp#27;[0m           &amp#27;[90m# stepDefinitions.SignInDefinitions.isDisplayHomeScreen()&amp#27;[0m
      &amp#27;[31morg.openqa.selenium.TimeoutException: Expected condition failed: waiting for net.serenitybdd.core.pages.RenderedPageObjectView$$Lambda$1245/0x0000000300c35a18@3b58d05f (tried for 70 second(s) with 50 milliseconds interval)
Build info: version: '4.8.0', revision: '267030adea'
System info: os.name: 'Mac OS X', os.arch: 'aarch64', os.version: '12.2.1', java.version: '18.0.2.1'
Driver info: driver.version: unknown
	at net.thucydides.core.scheduling.ThucydidesFluentWait.timeoutException(ThucydidesFluentWait.java:152)
	at net.thucydides.core.scheduling.ThucydidesFluentWait.until(ThucydidesFluentWait.java:82)
	at net.serenitybdd.core.pages.RenderedPageObjectView.waitForElement(RenderedPageObjectView.java:139)
	at net.serenitybdd.core.pages.RenderedPageObjectView.waitFor(RenderedPageObjectView.java:126)
	at net.serenitybdd.core.pages.PageObject.waitFor(PageObject.java:1419)
	at CencoPay@1.0-SNAPSHOT/pages.BasePage.isDisplayed(BasePage.java:33)
	at CencoPay@1.0-SNAPSHOT/pages.HomePage.isDisplayHome(HomePage.java:16)
	at CencoPay@1.0-SNAPSHOT/steps.HomeSteps.isDisplayHomeScreen(HomeSteps.java:15)
	at CencoPay@1.0-SNAPSHOT/steps.HomeSteps$ByteBuddy$zoQmmgix.isDisplayHomeScreen$accessor$3Q6VHshp(Unknown Source)
	at java.base/jdk.internal.reflect.DirectMethodHandleAccessor.invoke(DirectMethodHandleAccessor.java:104)
	at java.base/java.lang.reflect.Method.invoke(Method.java:577)
	at net.thucydides.core.steps.StepInterceptor.invokeMethod(StepInterceptor.java:518)
	at net.thucydides.core.steps.StepInterceptor.executeTestStepMethod(StepInterceptor.java:498)
	at net.thucydides.core.steps.StepInterceptor.runTestStep(StepInterceptor.java:472)
	at net.thucydides.core.steps.StepInterceptor.runOrSkipMethod(StepInterceptor.java:211)
	at net.thucydides.core.steps.StepInterceptor.testStepResult(StepInterceptor.java:198)
	at net.thucydides.core.steps.StepInterceptor.intercept(StepInterceptor.java:86)
	at net.thucydides.core.steps.ProxyConfiguration$InterceptorDispatcher.intercept(ProxyConfiguration.java:51)
	at CencoPay@1.0-SNAPSHOT/steps.HomeSteps$ByteBuddy$zoQmmgix.isDisplayHomeScreen(Unknown Source)
	at CencoPay@1.0-SNAPSHOT/stepDefinitions.SignInDefinitions.isDisplayHomeScreen(SignInDefinitions.java:34)
	at ✽.the home screen of the application is displayed(file:///Users/cesarriosusuga/Desktop/CencoPay-Automation-Mobile/src/test/resources/features/conduit.feature:11)
&amp#27;[0m
01:55:49.633 [main] ERROR  -- &amp#27;[91m
  _____   ___   ___   _____     ___   ___   ___    ___    ___ 
 |_   _| | __| / __| |_   _|   | __| | _ \ | _ \  / _ \  | _ \
   | |   | _|  \__ \   | |     | _|  |   / |   / | (_) | |   /
   |_|   |___| |___/   |_|     |___| |_|_\ |_|_\  \___/  |_|_\

Validate successful login
---------------------------------------------------------------&amp#27;[0m
01:55:49.634 [main] DEBUG  -- RELATED ISSUES: 
01:55:49.635 [main] ERROR  -- &amp#27;[91m    Test failed at step: Is display home screen&amp#27;[0m
01:55:49.635 [main] ERROR  -- &amp#27;[91m    Expected condition failed: waiting for net.serenitybdd.core.pages.RenderedPageObjectView$$Lambda$1245/0x0000000300c35a18@3b58d05f (tried for 70 second(s) with 50 milliseconds interval)Build info: version: '4.8.0', revision: '267030adea'System info: os.name: 'Mac OS X', os.arch: 'aarch64', os.version: '12.2.1', java.version: '18.0.2.1'Driver info: driver.version: unknown&amp#27;[0m
01:55:49.676 [Forwarding quit on session da647b3d1e66fd1dd37a67a376ea43f20167d90e to remote] DEBUG org.asynchttpclient.netty.request.NettyRequestSender -- Using pooled Channel '[id: 0xe19883ab, L:/192.168.1.60:63627 - R:hub-cloud.browserstack.com/207.254.8.9:443]' for 'DELETE' to 'https://cesarstevenriosu_Z5kft8:X2vgXh3LFto9sDxURbwP@hub-cloud.browserstack.com/wd/hub/session/da647b3d1e66fd1dd37a67a376ea43f20167d90e'
01:55:49.676 [Forwarding quit on session da647b3d1e66fd1dd37a67a376ea43f20167d90e to remote] DEBUG org.asynchttpclient.netty.request.NettyRequestSender -- Using open Channel [id: 0xe19883ab, L:/192.168.1.60:63627 - R:hub-cloud.browserstack.com/207.254.8.9:443] for DELETE '/wd/hub/session/da647b3d1e66fd1dd37a67a376ea43f20167d90e'
01:55:50.389 [AsyncHttpClient-1-6] DEBUG org.asynchttpclient.netty.handler.HttpHandler -- 

Request DefaultFullHttpRequest(decodeResult: success, version: HTTP/1.1, content: EmptyByteBufBE)
DELETE /wd/hub/session/da647b3d1e66fd1dd37a67a376ea43f20167d90e HTTP/1.1
User-Agent: appium/8.3.0 (selenium/4.8.0 (java mac))
Content-Type: application/json; charset=utf-8
host: hub-cloud.browserstack.com
authorization: Basic Y2VzYXJzdGV2ZW5yaW9zdV9aNWtmdDg6WDJ2Z1hoM0xGdG85c0R4VVJid1A=
accept: */*

Response DefaultHttpResponse(decodeResult: success, version: HTTP/1.1)
HTTP/1.1 200 OK
Server: nginx
Date: Mon, 05 Jun 2023 06:55:50 GMT
Content-Type: application/json; charset=utf-8
Transfer-Encoding: chunked
Connection: keep-alive
Source-From: 02
cache-control: no-cache

01:55:50.389 [AsyncHttpClient-1-6] DEBUG org.asynchttpclient.netty.channel.ChannelManager -- Adding key: https://hub-cloud.browserstack.com:443 for channel [id: 0xe19883ab, L:/192.168.1.60:63627 - R:hub-cloud.browserstack.com/207.254.8.9:443]
]]></system-out>
  </testcase>
  <testcase name="Validate the mail format" classname="successful login" time="61.944">
    <system-out><![CDATA[
@Conduit @UnHappyPath
Scenario: Validate the mail format                                         &amp#27;[90m# src/test/resources/features/conduit.feature:14&amp#27;[0m
01:55:50.412 [main] INFO io.cucumber.core.plugin.SerenityReporter -- Running feature from file:///Users/cesarriosusuga/Desktop/CencoPay-Automation-Mobile/src/test/resources/features/conduit.feature
01:55:50.414 [main] INFO  -- 
  _____   ___   ___   _____     ___   _____     _     ___   _____   ___   ___  
 |_   _| | __| / __| |_   _|   / __| |_   _|   /_\   | _ \ |_   _| | __| |   \ 
   | |   | _|  \__ \   | |     \__ \   | |    / _ \  |   /   | |   | _|  | |) |
   |_|   |___| |___/   |_|     |___/   |_|   /_/ \_\ |_|_\   |_|   |___| |___/ 

Validate the mail format(successful-login;validate-the-mail-format)
--------------------------------------------------------------------------------
01:55:50.424 [Forwarding newSession on session null to remote] DEBUG org.asynchttpclient.netty.request.NettyRequestSender -- Using pooled Channel '[id: 0xe19883ab, L:/192.168.1.60:63627 - R:hub-cloud.browserstack.com/207.254.8.9:443]' for 'POST' to 'https://cesarstevenriosu_Z5kft8:X2vgXh3LFto9sDxURbwP@hub-cloud.browserstack.com/wd/hub/session'
01:55:50.425 [Forwarding newSession on session null to remote] DEBUG org.asynchttpclient.netty.request.NettyRequestSender -- Using open Channel [id: 0xe19883ab, L:/192.168.1.60:63627 - R:hub-cloud.browserstack.com/207.254.8.9:443] for POST '/wd/hub/session'
01:56:12.069 [AsyncHttpClient-1-6] DEBUG org.asynchttpclient.netty.handler.HttpHandler -- 

Request DefaultHttpRequest(decodeResult: success, version: HTTP/1.1)
POST /wd/hub/session HTTP/1.1
X-Idempotency-Key: 7feb50d1-13a9-4d6f-bd78-b79aca0629ac
User-Agent: appium/8.3.0 (selenium/4.8.0 (java mac))
Content-Length: 633
Content-Type: application/json; charset=utf-8
host: hub-cloud.browserstack.com
authorization: Basic Y2VzYXJzdGV2ZW5yaW9zdV9aNWtmdDg6WDJ2Z1hoM0xGdG85c0R4VVJid1A=
accept: */*

Response DefaultHttpResponse(decodeResult: success, version: HTTP/1.1)
HTTP/1.1 200 OK
Server: nginx
Date: Mon, 05 Jun 2023 06:56:12 GMT
Content-Type: application/json; charset=utf-8
Transfer-Encoding: chunked
Connection: keep-alive
Source-From: 02
cache-control: no-cache

01:56:12.070 [AsyncHttpClient-1-6] DEBUG org.asynchttpclient.netty.channel.ChannelManager -- Adding key: https://hub-cloud.browserstack.com:443 for channel [id: 0xe19883ab, L:/192.168.1.60:63627 - R:hub-cloud.browserstack.com/207.254.8.9:443]
01:56:12.084 [Forwarding setTimeout on session 1b49645851757f08876d5b1b9fd2dafb86e65a9b to remote] DEBUG org.asynchttpclient.netty.request.NettyRequestSender -- Using pooled Channel '[id: 0xe19883ab, L:/192.168.1.60:63627 - R:hub-cloud.browserstack.com/207.254.8.9:443]' for 'POST' to 'https://cesarstevenriosu_Z5kft8:X2vgXh3LFto9sDxURbwP@hub-cloud.browserstack.com/wd/hub/session/1b49645851757f08876d5b1b9fd2dafb86e65a9b/timeouts'
01:56:12.084 [Forwarding setTimeout on session 1b49645851757f08876d5b1b9fd2dafb86e65a9b to remote] DEBUG org.asynchttpclient.netty.request.NettyRequestSender -- Using open Channel [id: 0xe19883ab, L:/192.168.1.60:63627 - R:hub-cloud.browserstack.com/207.254.8.9:443] for POST '/wd/hub/session/1b49645851757f08876d5b1b9fd2dafb86e65a9b/timeouts'
01:56:12.429 [AsyncHttpClient-1-6] DEBUG org.asynchttpclient.netty.handler.HttpHandler -- 

Request DefaultHttpRequest(decodeResult: success, version: HTTP/1.1)
POST /wd/hub/session/1b49645851757f08876d5b1b9fd2dafb86e65a9b/timeouts HTTP/1.1
User-Agent: appium/8.3.0 (selenium/4.8.0 (java mac))
Content-Length: 23
Content-Type: application/json; charset=utf-8
host: hub-cloud.browserstack.com
authorization: Basic Y2VzYXJzdGV2ZW5yaW9zdV9aNWtmdDg6WDJ2Z1hoM0xGdG85c0R4VVJid1A=
accept: */*

Response DefaultHttpResponse(decodeResult: success, version: HTTP/1.1)
HTTP/1.1 200 OK
Server: nginx
Date: Mon, 05 Jun 2023 06:56:12 GMT
Content-Type: application/json; charset=utf-8
Content-Length: 14
Connection: keep-alive
Source-From: 02
x-powered-by: Express
vary: X-HTTP-Method-Override
etag: W/"e-9/1BuKMgFObM1mWJm+YjxtXJnUM"

01:56:12.430 [AsyncHttpClient-1-6] DEBUG org.asynchttpclient.netty.channel.ChannelManager -- Adding key: https://hub-cloud.browserstack.com:443 for channel [id: 0xe19883ab, L:/192.168.1.60:63627 - R:hub-cloud.browserstack.com/207.254.8.9:443]
01:56:12.433 [Forwarding executeScript on session 1b49645851757f08876d5b1b9fd2dafb86e65a9b to remote] DEBUG org.asynchttpclient.netty.request.NettyRequestSender -- Using pooled Channel '[id: 0xe19883ab, L:/192.168.1.60:63627 - R:hub-cloud.browserstack.com/207.254.8.9:443]' for 'POST' to 'https://cesarstevenriosu_Z5kft8:X2vgXh3LFto9sDxURbwP@hub-cloud.browserstack.com/wd/hub/session/1b49645851757f08876d5b1b9fd2dafb86e65a9b/execute/sync'
01:56:12.434 [Forwarding executeScript on session 1b49645851757f08876d5b1b9fd2dafb86e65a9b to remote] DEBUG org.asynchttpclient.netty.request.NettyRequestSender -- Using open Channel [id: 0xe19883ab, L:/192.168.1.60:63627 - R:hub-cloud.browserstack.com/207.254.8.9:443] for POST '/wd/hub/session/1b49645851757f08876d5b1b9fd2dafb86e65a9b/execute/sync'
01:56:12.832 [AsyncHttpClient-1-6] DEBUG org.asynchttpclient.netty.handler.HttpHandler -- 

Request DefaultHttpRequest(decodeResult: success, version: HTTP/1.1)
POST /wd/hub/session/1b49645851757f08876d5b1b9fd2dafb86e65a9b/execute/sync HTTP/1.1
User-Agent: appium/8.3.0 (selenium/4.8.0 (java mac))
Content-Length: 157
Content-Type: application/json; charset=utf-8
host: hub-cloud.browserstack.com
authorization: Basic Y2VzYXJzdGV2ZW5yaW9zdV9aNWtmdDg6WDJ2Z1hoM0xGdG85c0R4VVJid1A=
accept: */*

Response DefaultHttpResponse(decodeResult: success, version: HTTP/1.1)
HTTP/1.1 200 OK
Server: nginx
Date: Mon, 05 Jun 2023 06:56:12 GMT
Content-Type: application/json; charset=utf-8
Transfer-Encoding: chunked
Connection: keep-alive
Source-From: 02
cache-control: no-cache

01:56:12.832 [AsyncHttpClient-1-6] DEBUG org.asynchttpclient.netty.channel.ChannelManager -- Adding key: https://hub-cloud.browserstack.com:443 for channel [id: 0xe19883ab, L:/192.168.1.60:63627 - R:hub-cloud.browserstack.com/207.254.8.9:443]
01:56:12.839 [Forwarding screenshot on session 1b49645851757f08876d5b1b9fd2dafb86e65a9b to remote] DEBUG org.asynchttpclient.netty.request.NettyRequestSender -- Using pooled Channel '[id: 0xe19883ab, L:/192.168.1.60:63627 - R:hub-cloud.browserstack.com/207.254.8.9:443]' for 'GET' to 'https://cesarstevenriosu_Z5kft8:X2vgXh3LFto9sDxURbwP@hub-cloud.browserstack.com/wd/hub/session/1b49645851757f08876d5b1b9fd2dafb86e65a9b/screenshot'
01:56:12.840 [Forwarding screenshot on session 1b49645851757f08876d5b1b9fd2dafb86e65a9b to remote] DEBUG org.asynchttpclient.netty.request.NettyRequestSender -- Using open Channel [id: 0xe19883ab, L:/192.168.1.60:63627 - R:hub-cloud.browserstack.com/207.254.8.9:443] for GET '/wd/hub/session/1b49645851757f08876d5b1b9fd2dafb86e65a9b/screenshot'
01:56:13.302 [AsyncHttpClient-1-6] DEBUG org.asynchttpclient.netty.handler.HttpHandler -- 

Request DefaultFullHttpRequest(decodeResult: success, version: HTTP/1.1, content: EmptyByteBufBE)
GET /wd/hub/session/1b49645851757f08876d5b1b9fd2dafb86e65a9b/screenshot HTTP/1.1
User-Agent: appium/8.3.0 (selenium/4.8.0 (java mac))
Cache-Control: no-cache
Content-Type: application/json; charset=utf-8
host: hub-cloud.browserstack.com
authorization: Basic Y2VzYXJzdGV2ZW5yaW9zdV9aNWtmdDg6WDJ2Z1hoM0xGdG85c0R4VVJid1A=
accept: */*

Response DefaultHttpResponse(decodeResult: success, version: HTTP/1.1)
HTTP/1.1 200 OK
Server: nginx
Date: Mon, 05 Jun 2023 06:56:13 GMT
Content-Type: application/json; charset=utf-8
Content-Length: 187074
Connection: keep-alive
Source-From: 02
x-powered-by: Express
etag: W/"2dac2-jNxqjOI6iUlkqOx8la+IxAxrkMw"

01:56:14.293 [AsyncHttpClient-1-6] DEBUG org.asynchttpclient.netty.channel.ChannelManager -- Adding key: https://hub-cloud.browserstack.com:443 for channel [id: 0xe19883ab, L:/192.168.1.60:63627 - R:hub-cloud.browserstack.com/207.254.8.9:443]
01:56:14.310 [main] DEBUG net.serenitybdd.core.photography.Darkroom -- Send negative for processing for target/site/serenity/61850371d045760e0db8585d71881f9033104e8e9f026f52d92abc1c2360cdfb.png
01:56:14.310 [Darkroom Processing Line] DEBUG net.serenitybdd.core.photography.DarkroomProcessingLine -- Processing screenshot image in /var/screenshots/screenshot-7211535908000521793
01:56:14.310 [Darkroom Processing Line] DEBUG net.serenitybdd.core.photography.DarkroomProcessingLine -- Saving screenshot to target/site/serenity/61850371d045760e0db8585d71881f9033104e8e9f026f52d92abc1c2360cdfb.png
01:56:14.316 [Forwarding getPageSource on session 1b49645851757f08876d5b1b9fd2dafb86e65a9b to remote] DEBUG org.asynchttpclient.netty.request.NettyRequestSender -- Using pooled Channel '[id: 0xe19883ab, L:/192.168.1.60:63627 - R:hub-cloud.browserstack.com/207.254.8.9:443]' for 'GET' to 'https://cesarstevenriosu_Z5kft8:X2vgXh3LFto9sDxURbwP@hub-cloud.browserstack.com/wd/hub/session/1b49645851757f08876d5b1b9fd2dafb86e65a9b/source'
01:56:14.316 [Forwarding getPageSource on session 1b49645851757f08876d5b1b9fd2dafb86e65a9b to remote] DEBUG org.asynchttpclient.netty.request.NettyRequestSender -- Using open Channel [id: 0xe19883ab, L:/192.168.1.60:63627 - R:hub-cloud.browserstack.com/207.254.8.9:443] for GET '/wd/hub/session/1b49645851757f08876d5b1b9fd2dafb86e65a9b/source'
01:56:14.833 [AsyncHttpClient-1-6] DEBUG org.asynchttpclient.netty.handler.HttpHandler -- 

Request DefaultFullHttpRequest(decodeResult: success, version: HTTP/1.1, content: EmptyByteBufBE)
GET /wd/hub/session/1b49645851757f08876d5b1b9fd2dafb86e65a9b/source HTTP/1.1
User-Agent: appium/8.3.0 (selenium/4.8.0 (java mac))
Cache-Control: no-cache
Content-Type: application/json; charset=utf-8
host: hub-cloud.browserstack.com
authorization: Basic Y2VzYXJzdGV2ZW5yaW9zdV9aNWtmdDg6WDJ2Z1hoM0xGdG85c0R4VVJid1A=
accept: */*

Response DefaultHttpResponse(decodeResult: success, version: HTTP/1.1)
HTTP/1.1 200 OK
Server: nginx
Date: Mon, 05 Jun 2023 06:56:14 GMT
Content-Type: application/json; charset=utf-8
Content-Length: 41344
Connection: keep-alive
Source-From: 02
x-powered-by: Express
etag: W/"a17c-cWwYWU+57UsTjw80KxHsV+QGHT4"

01:56:14.971 [AsyncHttpClient-1-6] DEBUG org.asynchttpclient.netty.channel.ChannelManager -- Adding key: https://hub-cloud.browserstack.com:443 for channel [id: 0xe19883ab, L:/192.168.1.60:63627 - R:hub-cloud.browserstack.com/207.254.8.9:443]
01:56:14.995 [Forwarding screenshot on session 1b49645851757f08876d5b1b9fd2dafb86e65a9b to remote] DEBUG org.asynchttpclient.netty.request.NettyRequestSender -- Using pooled Channel '[id: 0xe19883ab, L:/192.168.1.60:63627 - R:hub-cloud.browserstack.com/207.254.8.9:443]' for 'GET' to 'https://cesarstevenriosu_Z5kft8:X2vgXh3LFto9sDxURbwP@hub-cloud.browserstack.com/wd/hub/session/1b49645851757f08876d5b1b9fd2dafb86e65a9b/screenshot'
01:56:14.995 [Forwarding screenshot on session 1b49645851757f08876d5b1b9fd2dafb86e65a9b to remote] DEBUG org.asynchttpclient.netty.request.NettyRequestSender -- Using open Channel [id: 0xe19883ab, L:/192.168.1.60:63627 - R:hub-cloud.browserstack.com/207.254.8.9:443] for GET '/wd/hub/session/1b49645851757f08876d5b1b9fd2dafb86e65a9b/screenshot'
01:56:15.476 [AsyncHttpClient-1-6] DEBUG org.asynchttpclient.netty.handler.HttpHandler -- 

Request DefaultFullHttpRequest(decodeResult: success, version: HTTP/1.1, content: EmptyByteBufBE)
GET /wd/hub/session/1b49645851757f08876d5b1b9fd2dafb86e65a9b/screenshot HTTP/1.1
User-Agent: appium/8.3.0 (selenium/4.8.0 (java mac))
Cache-Control: no-cache
Content-Type: application/json; charset=utf-8
host: hub-cloud.browserstack.com
authorization: Basic Y2VzYXJzdGV2ZW5yaW9zdV9aNWtmdDg6WDJ2Z1hoM0xGdG85c0R4VVJid1A=
accept: */*

Response DefaultHttpResponse(decodeResult: success, version: HTTP/1.1)
HTTP/1.1 200 OK
Server: nginx
Date: Mon, 05 Jun 2023 06:56:15 GMT
Content-Type: application/json; charset=utf-8
Content-Length: 190410
Connection: keep-alive
Source-From: 02
x-powered-by: Express
etag: W/"2e7ca-PT/H5uGOSklQBgMNvCF6R37J7Yw"

01:56:16.271 [AsyncHttpClient-1-6] DEBUG org.asynchttpclient.netty.channel.ChannelManager -- Adding key: https://hub-cloud.browserstack.com:443 for channel [id: 0xe19883ab, L:/192.168.1.60:63627 - R:hub-cloud.browserstack.com/207.254.8.9:443]
01:56:16.285 [main] DEBUG net.serenitybdd.core.photography.Darkroom -- Send negative for processing for target/site/serenity/40374562445d2aa97c584336d3a80f61d720de4d2f577883769542c06ba5dbd8.png
01:56:16.286 [Darkroom Processing Line] DEBUG net.serenitybdd.core.photography.DarkroomProcessingLine -- Processing screenshot image in /var/screenshots/screenshot-6729122211576801630
01:56:16.286 [Darkroom Processing Line] DEBUG net.serenitybdd.core.photography.DarkroomProcessingLine -- Saving screenshot to target/site/serenity/40374562445d2aa97c584336d3a80f61d720de4d2f577883769542c06ba5dbd8.png
01:56:16.286 [Forwarding getPageSource on session 1b49645851757f08876d5b1b9fd2dafb86e65a9b to remote] DEBUG org.asynchttpclient.netty.request.NettyRequestSender -- Using pooled Channel '[id: 0xe19883ab, L:/192.168.1.60:63627 - R:hub-cloud.browserstack.com/207.254.8.9:443]' for 'GET' to 'https://cesarstevenriosu_Z5kft8:X2vgXh3LFto9sDxURbwP@hub-cloud.browserstack.com/wd/hub/session/1b49645851757f08876d5b1b9fd2dafb86e65a9b/source'
01:56:16.286 [Forwarding getPageSource on session 1b49645851757f08876d5b1b9fd2dafb86e65a9b to remote] DEBUG org.asynchttpclient.netty.request.NettyRequestSender -- Using open Channel [id: 0xe19883ab, L:/192.168.1.60:63627 - R:hub-cloud.browserstack.com/207.254.8.9:443] for GET '/wd/hub/session/1b49645851757f08876d5b1b9fd2dafb86e65a9b/source'
01:56:16.494 [AsyncHttpClient-1-6] DEBUG org.asynchttpclient.netty.handler.HttpHandler -- 

Request DefaultFullHttpRequest(decodeResult: success, version: HTTP/1.1, content: EmptyByteBufBE)
GET /wd/hub/session/1b49645851757f08876d5b1b9fd2dafb86e65a9b/source HTTP/1.1
User-Agent: appium/8.3.0 (selenium/4.8.0 (java mac))
Cache-Control: no-cache
Content-Type: application/json; charset=utf-8
host: hub-cloud.browserstack.com
authorization: Basic Y2VzYXJzdGV2ZW5yaW9zdV9aNWtmdDg6WDJ2Z1hoM0xGdG85c0R4VVJid1A=
accept: */*

Response DefaultHttpResponse(decodeResult: success, version: HTTP/1.1)
HTTP/1.1 200 OK
Server: nginx
Date: Mon, 05 Jun 2023 06:56:16 GMT
Content-Type: application/json; charset=utf-8
Content-Length: 41344
Connection: keep-alive
Source-From: 02
x-powered-by: Express
etag: W/"a17c-cWwYWU+57UsTjw80KxHsV+QGHT4"

01:56:16.565 [AsyncHttpClient-1-6] DEBUG org.asynchttpclient.netty.channel.ChannelManager -- Adding key: https://hub-cloud.browserstack.com:443 for channel [id: 0xe19883ab, L:/192.168.1.60:63627 - R:hub-cloud.browserstack.com/207.254.8.9:443]
01:56:16.574 [main] DEBUG net.thucydides.core.steps.StepInterceptor -- STARTING STEP: SignInDefinitions.goToLoginScreen - goToLoginPage
01:56:16.575 [Forwarding setTimeout on session 1b49645851757f08876d5b1b9fd2dafb86e65a9b to remote] DEBUG org.asynchttpclient.netty.request.NettyRequestSender -- Using pooled Channel '[id: 0xe19883ab, L:/192.168.1.60:63627 - R:hub-cloud.browserstack.com/207.254.8.9:443]' for 'POST' to 'https://cesarstevenriosu_Z5kft8:X2vgXh3LFto9sDxURbwP@hub-cloud.browserstack.com/wd/hub/session/1b49645851757f08876d5b1b9fd2dafb86e65a9b/timeouts'
01:56:16.575 [Forwarding setTimeout on session 1b49645851757f08876d5b1b9fd2dafb86e65a9b to remote] DEBUG org.asynchttpclient.netty.request.NettyRequestSender -- Using open Channel [id: 0xe19883ab, L:/192.168.1.60:63627 - R:hub-cloud.browserstack.com/207.254.8.9:443] for POST '/wd/hub/session/1b49645851757f08876d5b1b9fd2dafb86e65a9b/timeouts'
01:56:16.801 [AsyncHttpClient-1-6] DEBUG org.asynchttpclient.netty.handler.HttpHandler -- 

Request DefaultHttpRequest(decodeResult: success, version: HTTP/1.1)
POST /wd/hub/session/1b49645851757f08876d5b1b9fd2dafb86e65a9b/timeouts HTTP/1.1
User-Agent: appium/8.3.0 (selenium/4.8.0 (java mac))
Content-Length: 19
Content-Type: application/json; charset=utf-8
host: hub-cloud.browserstack.com
authorization: Basic Y2VzYXJzdGV2ZW5yaW9zdV9aNWtmdDg6WDJ2Z1hoM0xGdG85c0R4VVJid1A=
accept: */*

Response DefaultHttpResponse(decodeResult: success, version: HTTP/1.1)
HTTP/1.1 200 OK
Server: nginx
Date: Mon, 05 Jun 2023 06:56:16 GMT
Content-Type: application/json; charset=utf-8
Content-Length: 14
Connection: keep-alive
Source-From: 02
x-powered-by: Express
vary: X-HTTP-Method-Override
etag: W/"e-9/1BuKMgFObM1mWJm+YjxtXJnUM"

01:56:16.801 [AsyncHttpClient-1-6] DEBUG org.asynchttpclient.netty.channel.ChannelManager -- Adding key: https://hub-cloud.browserstack.com:443 for channel [id: 0xe19883ab, L:/192.168.1.60:63627 - R:hub-cloud.browserstack.com/207.254.8.9:443]
01:56:16.802 [Forwarding findElement on session 1b49645851757f08876d5b1b9fd2dafb86e65a9b to remote] DEBUG org.asynchttpclient.netty.request.NettyRequestSender -- Using pooled Channel '[id: 0xe19883ab, L:/192.168.1.60:63627 - R:hub-cloud.browserstack.com/207.254.8.9:443]' for 'POST' to 'https://cesarstevenriosu_Z5kft8:X2vgXh3LFto9sDxURbwP@hub-cloud.browserstack.com/wd/hub/session/1b49645851757f08876d5b1b9fd2dafb86e65a9b/element'
01:56:16.802 [Forwarding findElement on session 1b49645851757f08876d5b1b9fd2dafb86e65a9b to remote] DEBUG org.asynchttpclient.netty.request.NettyRequestSender -- Using open Channel [id: 0xe19883ab, L:/192.168.1.60:63627 - R:hub-cloud.browserstack.com/207.254.8.9:443] for POST '/wd/hub/session/1b49645851757f08876d5b1b9fd2dafb86e65a9b/element'
01:56:17.187 [AsyncHttpClient-1-6] DEBUG org.asynchttpclient.netty.handler.HttpHandler -- 

Request DefaultHttpRequest(decodeResult: success, version: HTTP/1.1)
POST /wd/hub/session/1b49645851757f08876d5b1b9fd2dafb86e65a9b/element HTTP/1.1
User-Agent: appium/8.3.0 (selenium/4.8.0 (java mac))
Content-Length: 138
Content-Type: application/json; charset=utf-8
host: hub-cloud.browserstack.com
authorization: Basic Y2VzYXJzdGV2ZW5yaW9zdV9aNWtmdDg6WDJ2Z1hoM0xGdG85c0R4VVJid1A=
accept: */*

Response DefaultHttpResponse(decodeResult: success, version: HTTP/1.1)
HTTP/1.1 200 OK
Server: nginx
Date: Mon, 05 Jun 2023 06:56:17 GMT
Content-Type: application/json; charset=utf-8
Content-Length: 137
Connection: keep-alive
Source-From: 02
x-powered-by: Express
vary: X-HTTP-Method-Override
etag: W/"89-C7ZNuCDxeyRb18jm5SETXF56+Xw"

01:56:17.188 [AsyncHttpClient-1-6] DEBUG org.asynchttpclient.netty.channel.ChannelManager -- Adding key: https://hub-cloud.browserstack.com:443 for channel [id: 0xe19883ab, L:/192.168.1.60:63627 - R:hub-cloud.browserstack.com/207.254.8.9:443]
01:56:17.190 [Forwarding setTimeout on session 1b49645851757f08876d5b1b9fd2dafb86e65a9b to remote] DEBUG org.asynchttpclient.netty.request.NettyRequestSender -- Using pooled Channel '[id: 0xe19883ab, L:/192.168.1.60:63627 - R:hub-cloud.browserstack.com/207.254.8.9:443]' for 'POST' to 'https://cesarstevenriosu_Z5kft8:X2vgXh3LFto9sDxURbwP@hub-cloud.browserstack.com/wd/hub/session/1b49645851757f08876d5b1b9fd2dafb86e65a9b/timeouts'
01:56:17.190 [Forwarding setTimeout on session 1b49645851757f08876d5b1b9fd2dafb86e65a9b to remote] DEBUG org.asynchttpclient.netty.request.NettyRequestSender -- Using open Channel [id: 0xe19883ab, L:/192.168.1.60:63627 - R:hub-cloud.browserstack.com/207.254.8.9:443] for POST '/wd/hub/session/1b49645851757f08876d5b1b9fd2dafb86e65a9b/timeouts'
01:56:17.294 [AsyncHttpClient-1-6] DEBUG org.asynchttpclient.netty.handler.HttpHandler -- 

Request DefaultHttpRequest(decodeResult: success, version: HTTP/1.1)
POST /wd/hub/session/1b49645851757f08876d5b1b9fd2dafb86e65a9b/timeouts HTTP/1.1
User-Agent: appium/8.3.0 (selenium/4.8.0 (java mac))
Content-Length: 23
Content-Type: application/json; charset=utf-8
host: hub-cloud.browserstack.com
authorization: Basic Y2VzYXJzdGV2ZW5yaW9zdV9aNWtmdDg6WDJ2Z1hoM0xGdG85c0R4VVJid1A=
accept: */*

Response DefaultHttpResponse(decodeResult: success, version: HTTP/1.1)
HTTP/1.1 200 OK
Server: nginx
Date: Mon, 05 Jun 2023 06:56:17 GMT
Content-Type: application/json; charset=utf-8
Content-Length: 14
Connection: keep-alive
Source-From: 02
x-powered-by: Express
vary: X-HTTP-Method-Override
etag: W/"e-9/1BuKMgFObM1mWJm+YjxtXJnUM"

01:56:17.294 [AsyncHttpClient-1-6] DEBUG org.asynchttpclient.netty.channel.ChannelManager -- Adding key: https://hub-cloud.browserstack.com:443 for channel [id: 0xe19883ab, L:/192.168.1.60:63627 - R:hub-cloud.browserstack.com/207.254.8.9:443]
01:56:17.298 [Forwarding setTimeout on session 1b49645851757f08876d5b1b9fd2dafb86e65a9b to remote] DEBUG org.asynchttpclient.netty.request.NettyRequestSender -- Using pooled Channel '[id: 0xe19883ab, L:/192.168.1.60:63627 - R:hub-cloud.browserstack.com/207.254.8.9:443]' for 'POST' to 'https://cesarstevenriosu_Z5kft8:X2vgXh3LFto9sDxURbwP@hub-cloud.browserstack.com/wd/hub/session/1b49645851757f08876d5b1b9fd2dafb86e65a9b/timeouts'
01:56:17.298 [Forwarding setTimeout on session 1b49645851757f08876d5b1b9fd2dafb86e65a9b to remote] DEBUG org.asynchttpclient.netty.request.NettyRequestSender -- Using open Channel [id: 0xe19883ab, L:/192.168.1.60:63627 - R:hub-cloud.browserstack.com/207.254.8.9:443] for POST '/wd/hub/session/1b49645851757f08876d5b1b9fd2dafb86e65a9b/timeouts'
01:56:17.382 [AsyncHttpClient-1-6] DEBUG org.asynchttpclient.netty.handler.HttpHandler -- 

Request DefaultHttpRequest(decodeResult: success, version: HTTP/1.1)
POST /wd/hub/session/1b49645851757f08876d5b1b9fd2dafb86e65a9b/timeouts HTTP/1.1
User-Agent: appium/8.3.0 (selenium/4.8.0 (java mac))
Content-Length: 19
Content-Type: application/json; charset=utf-8
host: hub-cloud.browserstack.com
authorization: Basic Y2VzYXJzdGV2ZW5yaW9zdV9aNWtmdDg6WDJ2Z1hoM0xGdG85c0R4VVJid1A=
accept: */*

Response DefaultHttpResponse(decodeResult: success, version: HTTP/1.1)
HTTP/1.1 200 OK
Server: nginx
Date: Mon, 05 Jun 2023 06:56:17 GMT
Content-Type: application/json; charset=utf-8
Content-Length: 14
Connection: keep-alive
Source-From: 02
x-powered-by: Express
vary: X-HTTP-Method-Override
etag: W/"e-9/1BuKMgFObM1mWJm+YjxtXJnUM"

01:56:17.382 [AsyncHttpClient-1-6] DEBUG org.asynchttpclient.netty.channel.ChannelManager -- Adding key: https://hub-cloud.browserstack.com:443 for channel [id: 0xe19883ab, L:/192.168.1.60:63627 - R:hub-cloud.browserstack.com/207.254.8.9:443]
01:56:17.384 [Forwarding findElement on session 1b49645851757f08876d5b1b9fd2dafb86e65a9b to remote] DEBUG org.asynchttpclient.netty.request.NettyRequestSender -- Using pooled Channel '[id: 0xe19883ab, L:/192.168.1.60:63627 - R:hub-cloud.browserstack.com/207.254.8.9:443]' for 'POST' to 'https://cesarstevenriosu_Z5kft8:X2vgXh3LFto9sDxURbwP@hub-cloud.browserstack.com/wd/hub/session/1b49645851757f08876d5b1b9fd2dafb86e65a9b/element'
01:56:17.384 [Forwarding findElement on session 1b49645851757f08876d5b1b9fd2dafb86e65a9b to remote] DEBUG org.asynchttpclient.netty.request.NettyRequestSender -- Using open Channel [id: 0xe19883ab, L:/192.168.1.60:63627 - R:hub-cloud.browserstack.com/207.254.8.9:443] for POST '/wd/hub/session/1b49645851757f08876d5b1b9fd2dafb86e65a9b/element'
01:56:17.567 [AsyncHttpClient-1-6] DEBUG org.asynchttpclient.netty.handler.HttpHandler -- 

Request DefaultHttpRequest(decodeResult: success, version: HTTP/1.1)
POST /wd/hub/session/1b49645851757f08876d5b1b9fd2dafb86e65a9b/element HTTP/1.1
User-Agent: appium/8.3.0 (selenium/4.8.0 (java mac))
Content-Length: 138
Content-Type: application/json; charset=utf-8
host: hub-cloud.browserstack.com
authorization: Basic Y2VzYXJzdGV2ZW5yaW9zdV9aNWtmdDg6WDJ2Z1hoM0xGdG85c0R4VVJid1A=
accept: */*

Response DefaultHttpResponse(decodeResult: success, version: HTTP/1.1)
HTTP/1.1 200 OK
Server: nginx
Date: Mon, 05 Jun 2023 06:56:17 GMT
Content-Type: application/json; charset=utf-8
Content-Length: 137
Connection: keep-alive
Source-From: 02
x-powered-by: Express
vary: X-HTTP-Method-Override
etag: W/"89-nYOLN5lTPOKijjZdHD3K5jTIMEw"

01:56:17.567 [AsyncHttpClient-1-6] DEBUG org.asynchttpclient.netty.channel.ChannelManager -- Adding key: https://hub-cloud.browserstack.com:443 for channel [id: 0xe19883ab, L:/192.168.1.60:63627 - R:hub-cloud.browserstack.com/207.254.8.9:443]
01:56:17.568 [Forwarding setTimeout on session 1b49645851757f08876d5b1b9fd2dafb86e65a9b to remote] DEBUG org.asynchttpclient.netty.request.NettyRequestSender -- Using pooled Channel '[id: 0xe19883ab, L:/192.168.1.60:63627 - R:hub-cloud.browserstack.com/207.254.8.9:443]' for 'POST' to 'https://cesarstevenriosu_Z5kft8:X2vgXh3LFto9sDxURbwP@hub-cloud.browserstack.com/wd/hub/session/1b49645851757f08876d5b1b9fd2dafb86e65a9b/timeouts'
01:56:17.569 [Forwarding setTimeout on session 1b49645851757f08876d5b1b9fd2dafb86e65a9b to remote] DEBUG org.asynchttpclient.netty.request.NettyRequestSender -- Using open Channel [id: 0xe19883ab, L:/192.168.1.60:63627 - R:hub-cloud.browserstack.com/207.254.8.9:443] for POST '/wd/hub/session/1b49645851757f08876d5b1b9fd2dafb86e65a9b/timeouts'
01:56:17.732 [AsyncHttpClient-1-6] DEBUG org.asynchttpclient.netty.handler.HttpHandler -- 

Request DefaultHttpRequest(decodeResult: success, version: HTTP/1.1)
POST /wd/hub/session/1b49645851757f08876d5b1b9fd2dafb86e65a9b/timeouts HTTP/1.1
User-Agent: appium/8.3.0 (selenium/4.8.0 (java mac))
Content-Length: 23
Content-Type: application/json; charset=utf-8
host: hub-cloud.browserstack.com
authorization: Basic Y2VzYXJzdGV2ZW5yaW9zdV9aNWtmdDg6WDJ2Z1hoM0xGdG85c0R4VVJid1A=
accept: */*

Response DefaultHttpResponse(decodeResult: success, version: HTTP/1.1)
HTTP/1.1 200 OK
Server: nginx
Date: Mon, 05 Jun 2023 06:56:17 GMT
Content-Type: application/json; charset=utf-8
Content-Length: 14
Connection: keep-alive
Source-From: 02
x-powered-by: Express
vary: X-HTTP-Method-Override
etag: W/"e-9/1BuKMgFObM1mWJm+YjxtXJnUM"

01:56:17.733 [AsyncHttpClient-1-6] DEBUG org.asynchttpclient.netty.channel.ChannelManager -- Adding key: https://hub-cloud.browserstack.com:443 for channel [id: 0xe19883ab, L:/192.168.1.60:63627 - R:hub-cloud.browserstack.com/207.254.8.9:443]
01:56:17.734 [Forwarding isElementDisplayed on session 1b49645851757f08876d5b1b9fd2dafb86e65a9b to remote] DEBUG org.asynchttpclient.netty.request.NettyRequestSender -- Using pooled Channel '[id: 0xe19883ab, L:/192.168.1.60:63627 - R:hub-cloud.browserstack.com/207.254.8.9:443]' for 'GET' to 'https://cesarstevenriosu_Z5kft8:X2vgXh3LFto9sDxURbwP@hub-cloud.browserstack.com/wd/hub/session/1b49645851757f08876d5b1b9fd2dafb86e65a9b/element/1c82bc04-a8b7-40b0-82ef-dd204fceda68/displayed'
01:56:17.734 [Forwarding isElementDisplayed on session 1b49645851757f08876d5b1b9fd2dafb86e65a9b to remote] DEBUG org.asynchttpclient.netty.request.NettyRequestSender -- Using open Channel [id: 0xe19883ab, L:/192.168.1.60:63627 - R:hub-cloud.browserstack.com/207.254.8.9:443] for GET '/wd/hub/session/1b49645851757f08876d5b1b9fd2dafb86e65a9b/element/1c82bc04-a8b7-40b0-82ef-dd204fceda68/displayed'
01:56:18.014 [AsyncHttpClient-1-6] DEBUG org.asynchttpclient.netty.handler.HttpHandler -- 

Request DefaultFullHttpRequest(decodeResult: success, version: HTTP/1.1, content: EmptyByteBufBE)
GET /wd/hub/session/1b49645851757f08876d5b1b9fd2dafb86e65a9b/element/1c82bc04-a8b7-40b0-82ef-dd204fceda68/displayed HTTP/1.1
User-Agent: appium/8.3.0 (selenium/4.8.0 (java mac))
Cache-Control: no-cache
Content-Type: application/json; charset=utf-8
host: hub-cloud.browserstack.com
authorization: Basic Y2VzYXJzdGV2ZW5yaW9zdV9aNWtmdDg6WDJ2Z1hoM0xGdG85c0R4VVJid1A=
accept: */*

Response DefaultHttpResponse(decodeResult: success, version: HTTP/1.1)
HTTP/1.1 200 OK
Server: nginx
Date: Mon, 05 Jun 2023 06:56:18 GMT
Content-Type: application/json; charset=utf-8
Content-Length: 14
Connection: keep-alive
Source-From: 02
x-powered-by: Express
etag: W/"e-2ZHvAWebNQpyjGZTg6uyV8/spTo"

01:56:18.015 [AsyncHttpClient-1-6] DEBUG org.asynchttpclient.netty.channel.ChannelManager -- Adding key: https://hub-cloud.browserstack.com:443 for channel [id: 0xe19883ab, L:/192.168.1.60:63627 - R:hub-cloud.browserstack.com/207.254.8.9:443]
01:56:18.018 [Forwarding setTimeout on session 1b49645851757f08876d5b1b9fd2dafb86e65a9b to remote] DEBUG org.asynchttpclient.netty.request.NettyRequestSender -- Using pooled Channel '[id: 0xe19883ab, L:/192.168.1.60:63627 - R:hub-cloud.browserstack.com/207.254.8.9:443]' for 'POST' to 'https://cesarstevenriosu_Z5kft8:X2vgXh3LFto9sDxURbwP@hub-cloud.browserstack.com/wd/hub/session/1b49645851757f08876d5b1b9fd2dafb86e65a9b/timeouts'
01:56:18.018 [Forwarding setTimeout on session 1b49645851757f08876d5b1b9fd2dafb86e65a9b to remote] DEBUG org.asynchttpclient.netty.request.NettyRequestSender -- Using open Channel [id: 0xe19883ab, L:/192.168.1.60:63627 - R:hub-cloud.browserstack.com/207.254.8.9:443] for POST '/wd/hub/session/1b49645851757f08876d5b1b9fd2dafb86e65a9b/timeouts'
01:56:18.115 [AsyncHttpClient-1-6] DEBUG org.asynchttpclient.netty.handler.HttpHandler -- 

Request DefaultHttpRequest(decodeResult: success, version: HTTP/1.1)
POST /wd/hub/session/1b49645851757f08876d5b1b9fd2dafb86e65a9b/timeouts HTTP/1.1
User-Agent: appium/8.3.0 (selenium/4.8.0 (java mac))
Content-Length: 23
Content-Type: application/json; charset=utf-8
host: hub-cloud.browserstack.com
authorization: Basic Y2VzYXJzdGV2ZW5yaW9zdV9aNWtmdDg6WDJ2Z1hoM0xGdG85c0R4VVJid1A=
accept: */*

Response DefaultHttpResponse(decodeResult: success, version: HTTP/1.1)
HTTP/1.1 200 OK
Server: nginx
Date: Mon, 05 Jun 2023 06:56:18 GMT
Content-Type: application/json; charset=utf-8
Content-Length: 14
Connection: keep-alive
Source-From: 02
x-powered-by: Express
vary: X-HTTP-Method-Override
etag: W/"e-9/1BuKMgFObM1mWJm+YjxtXJnUM"

01:56:18.116 [AsyncHttpClient-1-6] DEBUG org.asynchttpclient.netty.channel.ChannelManager -- Adding key: https://hub-cloud.browserstack.com:443 for channel [id: 0xe19883ab, L:/192.168.1.60:63627 - R:hub-cloud.browserstack.com/207.254.8.9:443]
01:56:18.117 [Forwarding findElement on session 1b49645851757f08876d5b1b9fd2dafb86e65a9b to remote] DEBUG org.asynchttpclient.netty.request.NettyRequestSender -- Using pooled Channel '[id: 0xe19883ab, L:/192.168.1.60:63627 - R:hub-cloud.browserstack.com/207.254.8.9:443]' for 'POST' to 'https://cesarstevenriosu_Z5kft8:X2vgXh3LFto9sDxURbwP@hub-cloud.browserstack.com/wd/hub/session/1b49645851757f08876d5b1b9fd2dafb86e65a9b/element'
01:56:18.117 [Forwarding findElement on session 1b49645851757f08876d5b1b9fd2dafb86e65a9b to remote] DEBUG org.asynchttpclient.netty.request.NettyRequestSender -- Using open Channel [id: 0xe19883ab, L:/192.168.1.60:63627 - R:hub-cloud.browserstack.com/207.254.8.9:443] for POST '/wd/hub/session/1b49645851757f08876d5b1b9fd2dafb86e65a9b/element'
01:56:18.316 [AsyncHttpClient-1-6] DEBUG org.asynchttpclient.netty.handler.HttpHandler -- 

Request DefaultHttpRequest(decodeResult: success, version: HTTP/1.1)
POST /wd/hub/session/1b49645851757f08876d5b1b9fd2dafb86e65a9b/element HTTP/1.1
User-Agent: appium/8.3.0 (selenium/4.8.0 (java mac))
Content-Length: 138
Content-Type: application/json; charset=utf-8
host: hub-cloud.browserstack.com
authorization: Basic Y2VzYXJzdGV2ZW5yaW9zdV9aNWtmdDg6WDJ2Z1hoM0xGdG85c0R4VVJid1A=
accept: */*

Response DefaultHttpResponse(decodeResult: success, version: HTTP/1.1)
HTTP/1.1 200 OK
Server: nginx
Date: Mon, 05 Jun 2023 06:56:18 GMT
Content-Type: application/json; charset=utf-8
Content-Length: 137
Connection: keep-alive
Source-From: 02
x-powered-by: Express
vary: X-HTTP-Method-Override
etag: W/"89-kfcMC3EBDHKtAAej3prRlW74Rpk"

01:56:18.316 [AsyncHttpClient-1-6] DEBUG org.asynchttpclient.netty.channel.ChannelManager -- Adding key: https://hub-cloud.browserstack.com:443 for channel [id: 0xe19883ab, L:/192.168.1.60:63627 - R:hub-cloud.browserstack.com/207.254.8.9:443]
01:56:18.318 [Forwarding setTimeout on session 1b49645851757f08876d5b1b9fd2dafb86e65a9b to remote] DEBUG org.asynchttpclient.netty.request.NettyRequestSender -- Using pooled Channel '[id: 0xe19883ab, L:/192.168.1.60:63627 - R:hub-cloud.browserstack.com/207.254.8.9:443]' for 'POST' to 'https://cesarstevenriosu_Z5kft8:X2vgXh3LFto9sDxURbwP@hub-cloud.browserstack.com/wd/hub/session/1b49645851757f08876d5b1b9fd2dafb86e65a9b/timeouts'
01:56:18.318 [Forwarding setTimeout on session 1b49645851757f08876d5b1b9fd2dafb86e65a9b to remote] DEBUG org.asynchttpclient.netty.request.NettyRequestSender -- Using open Channel [id: 0xe19883ab, L:/192.168.1.60:63627 - R:hub-cloud.browserstack.com/207.254.8.9:443] for POST '/wd/hub/session/1b49645851757f08876d5b1b9fd2dafb86e65a9b/timeouts'
01:56:18.426 [AsyncHttpClient-1-6] DEBUG org.asynchttpclient.netty.handler.HttpHandler -- 

Request DefaultHttpRequest(decodeResult: success, version: HTTP/1.1)
POST /wd/hub/session/1b49645851757f08876d5b1b9fd2dafb86e65a9b/timeouts HTTP/1.1
User-Agent: appium/8.3.0 (selenium/4.8.0 (java mac))
Content-Length: 23
Content-Type: application/json; charset=utf-8
host: hub-cloud.browserstack.com
authorization: Basic Y2VzYXJzdGV2ZW5yaW9zdV9aNWtmdDg6WDJ2Z1hoM0xGdG85c0R4VVJid1A=
accept: */*

Response DefaultHttpResponse(decodeResult: success, version: HTTP/1.1)
HTTP/1.1 200 OK
Server: nginx
Date: Mon, 05 Jun 2023 06:56:18 GMT
Content-Type: application/json; charset=utf-8
Content-Length: 14
Connection: keep-alive
Source-From: 02
x-powered-by: Express
vary: X-HTTP-Method-Override
etag: W/"e-9/1BuKMgFObM1mWJm+YjxtXJnUM"

01:56:18.427 [AsyncHttpClient-1-6] DEBUG org.asynchttpclient.netty.channel.ChannelManager -- Adding key: https://hub-cloud.browserstack.com:443 for channel [id: 0xe19883ab, L:/192.168.1.60:63627 - R:hub-cloud.browserstack.com/207.254.8.9:443]
01:56:18.428 [Forwarding isElementDisplayed on session 1b49645851757f08876d5b1b9fd2dafb86e65a9b to remote] DEBUG org.asynchttpclient.netty.request.NettyRequestSender -- Using pooled Channel '[id: 0xe19883ab, L:/192.168.1.60:63627 - R:hub-cloud.browserstack.com/207.254.8.9:443]' for 'GET' to 'https://cesarstevenriosu_Z5kft8:X2vgXh3LFto9sDxURbwP@hub-cloud.browserstack.com/wd/hub/session/1b49645851757f08876d5b1b9fd2dafb86e65a9b/element/33c30506-82d8-4ff8-bd0f-58e6b95f1bbe/displayed'
01:56:18.428 [Forwarding isElementDisplayed on session 1b49645851757f08876d5b1b9fd2dafb86e65a9b to remote] DEBUG org.asynchttpclient.netty.request.NettyRequestSender -- Using open Channel [id: 0xe19883ab, L:/192.168.1.60:63627 - R:hub-cloud.browserstack.com/207.254.8.9:443] for GET '/wd/hub/session/1b49645851757f08876d5b1b9fd2dafb86e65a9b/element/33c30506-82d8-4ff8-bd0f-58e6b95f1bbe/displayed'
01:56:18.565 [AsyncHttpClient-1-6] DEBUG org.asynchttpclient.netty.handler.HttpHandler -- 

Request DefaultFullHttpRequest(decodeResult: success, version: HTTP/1.1, content: EmptyByteBufBE)
GET /wd/hub/session/1b49645851757f08876d5b1b9fd2dafb86e65a9b/element/33c30506-82d8-4ff8-bd0f-58e6b95f1bbe/displayed HTTP/1.1
User-Agent: appium/8.3.0 (selenium/4.8.0 (java mac))
Cache-Control: no-cache
Content-Type: application/json; charset=utf-8
host: hub-cloud.browserstack.com
authorization: Basic Y2VzYXJzdGV2ZW5yaW9zdV9aNWtmdDg6WDJ2Z1hoM0xGdG85c0R4VVJid1A=
accept: */*

Response DefaultHttpResponse(decodeResult: success, version: HTTP/1.1)
HTTP/1.1 200 OK
Server: nginx
Date: Mon, 05 Jun 2023 06:56:18 GMT
Content-Type: application/json; charset=utf-8
Content-Length: 14
Connection: keep-alive
Source-From: 02
x-powered-by: Express
etag: W/"e-2ZHvAWebNQpyjGZTg6uyV8/spTo"

01:56:18.565 [AsyncHttpClient-1-6] DEBUG org.asynchttpclient.netty.channel.ChannelManager -- Adding key: https://hub-cloud.browserstack.com:443 for channel [id: 0xe19883ab, L:/192.168.1.60:63627 - R:hub-cloud.browserstack.com/207.254.8.9:443]
01:56:18.566 [Forwarding isElementDisplayed on session 1b49645851757f08876d5b1b9fd2dafb86e65a9b to remote] DEBUG org.asynchttpclient.netty.request.NettyRequestSender -- Using pooled Channel '[id: 0xe19883ab, L:/192.168.1.60:63627 - R:hub-cloud.browserstack.com/207.254.8.9:443]' for 'GET' to 'https://cesarstevenriosu_Z5kft8:X2vgXh3LFto9sDxURbwP@hub-cloud.browserstack.com/wd/hub/session/1b49645851757f08876d5b1b9fd2dafb86e65a9b/element/33c30506-82d8-4ff8-bd0f-58e6b95f1bbe/displayed'
01:56:18.566 [Forwarding isElementDisplayed on session 1b49645851757f08876d5b1b9fd2dafb86e65a9b to remote] DEBUG org.asynchttpclient.netty.request.NettyRequestSender -- Using open Channel [id: 0xe19883ab, L:/192.168.1.60:63627 - R:hub-cloud.browserstack.com/207.254.8.9:443] for GET '/wd/hub/session/1b49645851757f08876d5b1b9fd2dafb86e65a9b/element/33c30506-82d8-4ff8-bd0f-58e6b95f1bbe/displayed'
01:56:18.727 [AsyncHttpClient-1-6] DEBUG org.asynchttpclient.netty.handler.HttpHandler -- 

Request DefaultFullHttpRequest(decodeResult: success, version: HTTP/1.1, content: EmptyByteBufBE)
GET /wd/hub/session/1b49645851757f08876d5b1b9fd2dafb86e65a9b/element/33c30506-82d8-4ff8-bd0f-58e6b95f1bbe/displayed HTTP/1.1
User-Agent: appium/8.3.0 (selenium/4.8.0 (java mac))
Cache-Control: no-cache
Content-Type: application/json; charset=utf-8
host: hub-cloud.browserstack.com
authorization: Basic Y2VzYXJzdGV2ZW5yaW9zdV9aNWtmdDg6WDJ2Z1hoM0xGdG85c0R4VVJid1A=
accept: */*

Response DefaultHttpResponse(decodeResult: success, version: HTTP/1.1)
HTTP/1.1 200 OK
Server: nginx
Date: Mon, 05 Jun 2023 06:56:18 GMT
Content-Type: application/json; charset=utf-8
Content-Length: 14
Connection: keep-alive
Source-From: 02
x-powered-by: Express
etag: W/"e-2ZHvAWebNQpyjGZTg6uyV8/spTo"

01:56:18.728 [AsyncHttpClient-1-6] DEBUG org.asynchttpclient.netty.channel.ChannelManager -- Adding key: https://hub-cloud.browserstack.com:443 for channel [id: 0xe19883ab, L:/192.168.1.60:63627 - R:hub-cloud.browserstack.com/207.254.8.9:443]
01:56:18.731 [Forwarding setTimeout on session 1b49645851757f08876d5b1b9fd2dafb86e65a9b to remote] DEBUG org.asynchttpclient.netty.request.NettyRequestSender -- Using pooled Channel '[id: 0xe19883ab, L:/192.168.1.60:63627 - R:hub-cloud.browserstack.com/207.254.8.9:443]' for 'POST' to 'https://cesarstevenriosu_Z5kft8:X2vgXh3LFto9sDxURbwP@hub-cloud.browserstack.com/wd/hub/session/1b49645851757f08876d5b1b9fd2dafb86e65a9b/timeouts'
01:56:18.731 [Forwarding setTimeout on session 1b49645851757f08876d5b1b9fd2dafb86e65a9b to remote] DEBUG org.asynchttpclient.netty.request.NettyRequestSender -- Using open Channel [id: 0xe19883ab, L:/192.168.1.60:63627 - R:hub-cloud.browserstack.com/207.254.8.9:443] for POST '/wd/hub/session/1b49645851757f08876d5b1b9fd2dafb86e65a9b/timeouts'
01:56:18.872 [AsyncHttpClient-1-6] DEBUG org.asynchttpclient.netty.handler.HttpHandler -- 

Request DefaultHttpRequest(decodeResult: success, version: HTTP/1.1)
POST /wd/hub/session/1b49645851757f08876d5b1b9fd2dafb86e65a9b/timeouts HTTP/1.1
User-Agent: appium/8.3.0 (selenium/4.8.0 (java mac))
Content-Length: 19
Content-Type: application/json; charset=utf-8
host: hub-cloud.browserstack.com
authorization: Basic Y2VzYXJzdGV2ZW5yaW9zdV9aNWtmdDg6WDJ2Z1hoM0xGdG85c0R4VVJid1A=
accept: */*

Response DefaultHttpResponse(decodeResult: success, version: HTTP/1.1)
HTTP/1.1 200 OK
Server: nginx
Date: Mon, 05 Jun 2023 06:56:19 GMT
Content-Type: application/json; charset=utf-8
Content-Length: 14
Connection: keep-alive
Source-From: 02
x-powered-by: Express
vary: X-HTTP-Method-Override
etag: W/"e-9/1BuKMgFObM1mWJm+YjxtXJnUM"

01:56:18.872 [AsyncHttpClient-1-6] DEBUG org.asynchttpclient.netty.channel.ChannelManager -- Adding key: https://hub-cloud.browserstack.com:443 for channel [id: 0xe19883ab, L:/192.168.1.60:63627 - R:hub-cloud.browserstack.com/207.254.8.9:443]
01:56:18.876 [Forwarding findElement on session 1b49645851757f08876d5b1b9fd2dafb86e65a9b to remote] DEBUG org.asynchttpclient.netty.request.NettyRequestSender -- Using pooled Channel '[id: 0xe19883ab, L:/192.168.1.60:63627 - R:hub-cloud.browserstack.com/207.254.8.9:443]' for 'POST' to 'https://cesarstevenriosu_Z5kft8:X2vgXh3LFto9sDxURbwP@hub-cloud.browserstack.com/wd/hub/session/1b49645851757f08876d5b1b9fd2dafb86e65a9b/element'
01:56:18.876 [Forwarding findElement on session 1b49645851757f08876d5b1b9fd2dafb86e65a9b to remote] DEBUG org.asynchttpclient.netty.request.NettyRequestSender -- Using open Channel [id: 0xe19883ab, L:/192.168.1.60:63627 - R:hub-cloud.browserstack.com/207.254.8.9:443] for POST '/wd/hub/session/1b49645851757f08876d5b1b9fd2dafb86e65a9b/element'
01:56:19.340 [AsyncHttpClient-1-6] DEBUG org.asynchttpclient.netty.handler.HttpHandler -- 

Request DefaultHttpRequest(decodeResult: success, version: HTTP/1.1)
POST /wd/hub/session/1b49645851757f08876d5b1b9fd2dafb86e65a9b/element HTTP/1.1
User-Agent: appium/8.3.0 (selenium/4.8.0 (java mac))
Content-Length: 138
Content-Type: application/json; charset=utf-8
host: hub-cloud.browserstack.com
authorization: Basic Y2VzYXJzdGV2ZW5yaW9zdV9aNWtmdDg6WDJ2Z1hoM0xGdG85c0R4VVJid1A=
accept: */*

Response DefaultHttpResponse(decodeResult: success, version: HTTP/1.1)
HTTP/1.1 200 OK
Server: nginx
Date: Mon, 05 Jun 2023 06:56:19 GMT
Content-Type: application/json; charset=utf-8
Content-Length: 137
Connection: keep-alive
Source-From: 02
x-powered-by: Express
vary: X-HTTP-Method-Override
etag: W/"89-rmXTb2ylFoFlv2pDbGxO1Ogut1c"

01:56:19.341 [AsyncHttpClient-1-6] DEBUG org.asynchttpclient.netty.channel.ChannelManager -- Adding key: https://hub-cloud.browserstack.com:443 for channel [id: 0xe19883ab, L:/192.168.1.60:63627 - R:hub-cloud.browserstack.com/207.254.8.9:443]
01:56:19.347 [Forwarding setTimeout on session 1b49645851757f08876d5b1b9fd2dafb86e65a9b to remote] DEBUG org.asynchttpclient.netty.request.NettyRequestSender -- Using pooled Channel '[id: 0xe19883ab, L:/192.168.1.60:63627 - R:hub-cloud.browserstack.com/207.254.8.9:443]' for 'POST' to 'https://cesarstevenriosu_Z5kft8:X2vgXh3LFto9sDxURbwP@hub-cloud.browserstack.com/wd/hub/session/1b49645851757f08876d5b1b9fd2dafb86e65a9b/timeouts'
01:56:19.347 [Forwarding setTimeout on session 1b49645851757f08876d5b1b9fd2dafb86e65a9b to remote] DEBUG org.asynchttpclient.netty.request.NettyRequestSender -- Using open Channel [id: 0xe19883ab, L:/192.168.1.60:63627 - R:hub-cloud.browserstack.com/207.254.8.9:443] for POST '/wd/hub/session/1b49645851757f08876d5b1b9fd2dafb86e65a9b/timeouts'
01:56:19.429 [AsyncHttpClient-1-6] DEBUG org.asynchttpclient.netty.handler.HttpHandler -- 

Request DefaultHttpRequest(decodeResult: success, version: HTTP/1.1)
POST /wd/hub/session/1b49645851757f08876d5b1b9fd2dafb86e65a9b/timeouts HTTP/1.1
User-Agent: appium/8.3.0 (selenium/4.8.0 (java mac))
Content-Length: 23
Content-Type: application/json; charset=utf-8
host: hub-cloud.browserstack.com
authorization: Basic Y2VzYXJzdGV2ZW5yaW9zdV9aNWtmdDg6WDJ2Z1hoM0xGdG85c0R4VVJid1A=
accept: */*

Response DefaultHttpResponse(decodeResult: success, version: HTTP/1.1)
HTTP/1.1 200 OK
Server: nginx
Date: Mon, 05 Jun 2023 06:56:19 GMT
Content-Type: application/json; charset=utf-8
Content-Length: 14
Connection: keep-alive
Source-From: 02
x-powered-by: Express
vary: X-HTTP-Method-Override
etag: W/"e-9/1BuKMgFObM1mWJm+YjxtXJnUM"

01:56:19.429 [AsyncHttpClient-1-6] DEBUG org.asynchttpclient.netty.channel.ChannelManager -- Adding key: https://hub-cloud.browserstack.com:443 for channel [id: 0xe19883ab, L:/192.168.1.60:63627 - R:hub-cloud.browserstack.com/207.254.8.9:443]
01:56:19.436 [Forwarding setTimeout on session 1b49645851757f08876d5b1b9fd2dafb86e65a9b to remote] DEBUG org.asynchttpclient.netty.request.NettyRequestSender -- Using pooled Channel '[id: 0xe19883ab, L:/192.168.1.60:63627 - R:hub-cloud.browserstack.com/207.254.8.9:443]' for 'POST' to 'https://cesarstevenriosu_Z5kft8:X2vgXh3LFto9sDxURbwP@hub-cloud.browserstack.com/wd/hub/session/1b49645851757f08876d5b1b9fd2dafb86e65a9b/timeouts'
01:56:19.436 [Forwarding setTimeout on session 1b49645851757f08876d5b1b9fd2dafb86e65a9b to remote] DEBUG org.asynchttpclient.netty.request.NettyRequestSender -- Using open Channel [id: 0xe19883ab, L:/192.168.1.60:63627 - R:hub-cloud.browserstack.com/207.254.8.9:443] for POST '/wd/hub/session/1b49645851757f08876d5b1b9fd2dafb86e65a9b/timeouts'
01:56:19.548 [AsyncHttpClient-1-6] DEBUG org.asynchttpclient.netty.handler.HttpHandler -- 

Request DefaultHttpRequest(decodeResult: success, version: HTTP/1.1)
POST /wd/hub/session/1b49645851757f08876d5b1b9fd2dafb86e65a9b/timeouts HTTP/1.1
User-Agent: appium/8.3.0 (selenium/4.8.0 (java mac))
Content-Length: 19
Content-Type: application/json; charset=utf-8
host: hub-cloud.browserstack.com
authorization: Basic Y2VzYXJzdGV2ZW5yaW9zdV9aNWtmdDg6WDJ2Z1hoM0xGdG85c0R4VVJid1A=
accept: */*

Response DefaultHttpResponse(decodeResult: success, version: HTTP/1.1)
HTTP/1.1 200 OK
Server: nginx
Date: Mon, 05 Jun 2023 06:56:19 GMT
Content-Type: application/json; charset=utf-8
Content-Length: 14
Connection: keep-alive
Source-From: 02
x-powered-by: Express
vary: X-HTTP-Method-Override
etag: W/"e-9/1BuKMgFObM1mWJm+YjxtXJnUM"

01:56:19.548 [AsyncHttpClient-1-6] DEBUG org.asynchttpclient.netty.channel.ChannelManager -- Adding key: https://hub-cloud.browserstack.com:443 for channel [id: 0xe19883ab, L:/192.168.1.60:63627 - R:hub-cloud.browserstack.com/207.254.8.9:443]
01:56:19.549 [Forwarding findElement on session 1b49645851757f08876d5b1b9fd2dafb86e65a9b to remote] DEBUG org.asynchttpclient.netty.request.NettyRequestSender -- Using pooled Channel '[id: 0xe19883ab, L:/192.168.1.60:63627 - R:hub-cloud.browserstack.com/207.254.8.9:443]' for 'POST' to 'https://cesarstevenriosu_Z5kft8:X2vgXh3LFto9sDxURbwP@hub-cloud.browserstack.com/wd/hub/session/1b49645851757f08876d5b1b9fd2dafb86e65a9b/element'
01:56:19.549 [Forwarding findElement on session 1b49645851757f08876d5b1b9fd2dafb86e65a9b to remote] DEBUG org.asynchttpclient.netty.request.NettyRequestSender -- Using open Channel [id: 0xe19883ab, L:/192.168.1.60:63627 - R:hub-cloud.browserstack.com/207.254.8.9:443] for POST '/wd/hub/session/1b49645851757f08876d5b1b9fd2dafb86e65a9b/element'
01:56:19.955 [AsyncHttpClient-1-6] DEBUG org.asynchttpclient.netty.handler.HttpHandler -- 

Request DefaultHttpRequest(decodeResult: success, version: HTTP/1.1)
POST /wd/hub/session/1b49645851757f08876d5b1b9fd2dafb86e65a9b/element HTTP/1.1
User-Agent: appium/8.3.0 (selenium/4.8.0 (java mac))
Content-Length: 138
Content-Type: application/json; charset=utf-8
host: hub-cloud.browserstack.com
authorization: Basic Y2VzYXJzdGV2ZW5yaW9zdV9aNWtmdDg6WDJ2Z1hoM0xGdG85c0R4VVJid1A=
accept: */*

Response DefaultHttpResponse(decodeResult: success, version: HTTP/1.1)
HTTP/1.1 200 OK
Server: nginx
Date: Mon, 05 Jun 2023 06:56:19 GMT
Content-Type: application/json; charset=utf-8
Content-Length: 137
Connection: keep-alive
Source-From: 02
x-powered-by: Express
vary: X-HTTP-Method-Override
etag: W/"89-arSI7O7jXqDX61QiwKYOZIxG3JU"

01:56:19.955 [AsyncHttpClient-1-6] DEBUG org.asynchttpclient.netty.channel.ChannelManager -- Adding key: https://hub-cloud.browserstack.com:443 for channel [id: 0xe19883ab, L:/192.168.1.60:63627 - R:hub-cloud.browserstack.com/207.254.8.9:443]
01:56:19.956 [Forwarding setTimeout on session 1b49645851757f08876d5b1b9fd2dafb86e65a9b to remote] DEBUG org.asynchttpclient.netty.request.NettyRequestSender -- Using pooled Channel '[id: 0xe19883ab, L:/192.168.1.60:63627 - R:hub-cloud.browserstack.com/207.254.8.9:443]' for 'POST' to 'https://cesarstevenriosu_Z5kft8:X2vgXh3LFto9sDxURbwP@hub-cloud.browserstack.com/wd/hub/session/1b49645851757f08876d5b1b9fd2dafb86e65a9b/timeouts'
01:56:19.956 [Forwarding setTimeout on session 1b49645851757f08876d5b1b9fd2dafb86e65a9b to remote] DEBUG org.asynchttpclient.netty.request.NettyRequestSender -- Using open Channel [id: 0xe19883ab, L:/192.168.1.60:63627 - R:hub-cloud.browserstack.com/207.254.8.9:443] for POST '/wd/hub/session/1b49645851757f08876d5b1b9fd2dafb86e65a9b/timeouts'
01:56:20.068 [AsyncHttpClient-1-6] DEBUG org.asynchttpclient.netty.handler.HttpHandler -- 

Request DefaultHttpRequest(decodeResult: success, version: HTTP/1.1)
POST /wd/hub/session/1b49645851757f08876d5b1b9fd2dafb86e65a9b/timeouts HTTP/1.1
User-Agent: appium/8.3.0 (selenium/4.8.0 (java mac))
Content-Length: 23
Content-Type: application/json; charset=utf-8
host: hub-cloud.browserstack.com
authorization: Basic Y2VzYXJzdGV2ZW5yaW9zdV9aNWtmdDg6WDJ2Z1hoM0xGdG85c0R4VVJid1A=
accept: */*

Response DefaultHttpResponse(decodeResult: success, version: HTTP/1.1)
HTTP/1.1 200 OK
Server: nginx
Date: Mon, 05 Jun 2023 06:56:20 GMT
Content-Type: application/json; charset=utf-8
Content-Length: 14
Connection: keep-alive
Source-From: 02
x-powered-by: Express
vary: X-HTTP-Method-Override
etag: W/"e-9/1BuKMgFObM1mWJm+YjxtXJnUM"

01:56:20.068 [AsyncHttpClient-1-6] DEBUG org.asynchttpclient.netty.channel.ChannelManager -- Adding key: https://hub-cloud.browserstack.com:443 for channel [id: 0xe19883ab, L:/192.168.1.60:63627 - R:hub-cloud.browserstack.com/207.254.8.9:443]
01:56:20.068 [Forwarding isElementDisplayed on session 1b49645851757f08876d5b1b9fd2dafb86e65a9b to remote] DEBUG org.asynchttpclient.netty.request.NettyRequestSender -- Using pooled Channel '[id: 0xe19883ab, L:/192.168.1.60:63627 - R:hub-cloud.browserstack.com/207.254.8.9:443]' for 'GET' to 'https://cesarstevenriosu_Z5kft8:X2vgXh3LFto9sDxURbwP@hub-cloud.browserstack.com/wd/hub/session/1b49645851757f08876d5b1b9fd2dafb86e65a9b/element/ca533d03-feb3-4495-86f3-5d3b30d39599/displayed'
01:56:20.068 [Forwarding isElementDisplayed on session 1b49645851757f08876d5b1b9fd2dafb86e65a9b to remote] DEBUG org.asynchttpclient.netty.request.NettyRequestSender -- Using open Channel [id: 0xe19883ab, L:/192.168.1.60:63627 - R:hub-cloud.browserstack.com/207.254.8.9:443] for GET '/wd/hub/session/1b49645851757f08876d5b1b9fd2dafb86e65a9b/element/ca533d03-feb3-4495-86f3-5d3b30d39599/displayed'
01:56:20.197 [AsyncHttpClient-1-6] DEBUG org.asynchttpclient.netty.handler.HttpHandler -- 

Request DefaultFullHttpRequest(decodeResult: success, version: HTTP/1.1, content: EmptyByteBufBE)
GET /wd/hub/session/1b49645851757f08876d5b1b9fd2dafb86e65a9b/element/ca533d03-feb3-4495-86f3-5d3b30d39599/displayed HTTP/1.1
User-Agent: appium/8.3.0 (selenium/4.8.0 (java mac))
Cache-Control: no-cache
Content-Type: application/json; charset=utf-8
host: hub-cloud.browserstack.com
authorization: Basic Y2VzYXJzdGV2ZW5yaW9zdV9aNWtmdDg6WDJ2Z1hoM0xGdG85c0R4VVJid1A=
accept: */*

Response DefaultHttpResponse(decodeResult: success, version: HTTP/1.1)
HTTP/1.1 200 OK
Server: nginx
Date: Mon, 05 Jun 2023 06:56:20 GMT
Content-Type: application/json; charset=utf-8
Content-Length: 14
Connection: keep-alive
Source-From: 02
x-powered-by: Express
etag: W/"e-2ZHvAWebNQpyjGZTg6uyV8/spTo"

01:56:20.197 [AsyncHttpClient-1-6] DEBUG org.asynchttpclient.netty.channel.ChannelManager -- Adding key: https://hub-cloud.browserstack.com:443 for channel [id: 0xe19883ab, L:/192.168.1.60:63627 - R:hub-cloud.browserstack.com/207.254.8.9:443]
01:56:20.203 [Forwarding setTimeout on session 1b49645851757f08876d5b1b9fd2dafb86e65a9b to remote] DEBUG org.asynchttpclient.netty.request.NettyRequestSender -- Using pooled Channel '[id: 0xe19883ab, L:/192.168.1.60:63627 - R:hub-cloud.browserstack.com/207.254.8.9:443]' for 'POST' to 'https://cesarstevenriosu_Z5kft8:X2vgXh3LFto9sDxURbwP@hub-cloud.browserstack.com/wd/hub/session/1b49645851757f08876d5b1b9fd2dafb86e65a9b/timeouts'
01:56:20.204 [Forwarding setTimeout on session 1b49645851757f08876d5b1b9fd2dafb86e65a9b to remote] DEBUG org.asynchttpclient.netty.request.NettyRequestSender -- Using open Channel [id: 0xe19883ab, L:/192.168.1.60:63627 - R:hub-cloud.browserstack.com/207.254.8.9:443] for POST '/wd/hub/session/1b49645851757f08876d5b1b9fd2dafb86e65a9b/timeouts'
01:56:20.347 [AsyncHttpClient-1-6] DEBUG org.asynchttpclient.netty.handler.HttpHandler -- 

Request DefaultHttpRequest(decodeResult: success, version: HTTP/1.1)
POST /wd/hub/session/1b49645851757f08876d5b1b9fd2dafb86e65a9b/timeouts HTTP/1.1
User-Agent: appium/8.3.0 (selenium/4.8.0 (java mac))
Content-Length: 23
Content-Type: application/json; charset=utf-8
host: hub-cloud.browserstack.com
authorization: Basic Y2VzYXJzdGV2ZW5yaW9zdV9aNWtmdDg6WDJ2Z1hoM0xGdG85c0R4VVJid1A=
accept: */*

Response DefaultHttpResponse(decodeResult: success, version: HTTP/1.1)
HTTP/1.1 200 OK
Server: nginx
Date: Mon, 05 Jun 2023 06:56:20 GMT
Content-Type: application/json; charset=utf-8
Content-Length: 14
Connection: keep-alive
Source-From: 02
x-powered-by: Express
vary: X-HTTP-Method-Override
etag: W/"e-9/1BuKMgFObM1mWJm+YjxtXJnUM"

01:56:20.347 [AsyncHttpClient-1-6] DEBUG org.asynchttpclient.netty.channel.ChannelManager -- Adding key: https://hub-cloud.browserstack.com:443 for channel [id: 0xe19883ab, L:/192.168.1.60:63627 - R:hub-cloud.browserstack.com/207.254.8.9:443]
01:56:20.349 [Forwarding findElement on session 1b49645851757f08876d5b1b9fd2dafb86e65a9b to remote] DEBUG org.asynchttpclient.netty.request.NettyRequestSender -- Using pooled Channel '[id: 0xe19883ab, L:/192.168.1.60:63627 - R:hub-cloud.browserstack.com/207.254.8.9:443]' for 'POST' to 'https://cesarstevenriosu_Z5kft8:X2vgXh3LFto9sDxURbwP@hub-cloud.browserstack.com/wd/hub/session/1b49645851757f08876d5b1b9fd2dafb86e65a9b/element'
01:56:20.349 [Forwarding findElement on session 1b49645851757f08876d5b1b9fd2dafb86e65a9b to remote] DEBUG org.asynchttpclient.netty.request.NettyRequestSender -- Using open Channel [id: 0xe19883ab, L:/192.168.1.60:63627 - R:hub-cloud.browserstack.com/207.254.8.9:443] for POST '/wd/hub/session/1b49645851757f08876d5b1b9fd2dafb86e65a9b/element'
01:56:20.545 [AsyncHttpClient-1-6] DEBUG org.asynchttpclient.netty.handler.HttpHandler -- 

Request DefaultHttpRequest(decodeResult: success, version: HTTP/1.1)
POST /wd/hub/session/1b49645851757f08876d5b1b9fd2dafb86e65a9b/element HTTP/1.1
User-Agent: appium/8.3.0 (selenium/4.8.0 (java mac))
Content-Length: 138
Content-Type: application/json; charset=utf-8
host: hub-cloud.browserstack.com
authorization: Basic Y2VzYXJzdGV2ZW5yaW9zdV9aNWtmdDg6WDJ2Z1hoM0xGdG85c0R4VVJid1A=
accept: */*

Response DefaultHttpResponse(decodeResult: success, version: HTTP/1.1)
HTTP/1.1 200 OK
Server: nginx
Date: Mon, 05 Jun 2023 06:56:20 GMT
Content-Type: application/json; charset=utf-8
Content-Length: 137
Connection: keep-alive
Source-From: 02
x-powered-by: Express
vary: X-HTTP-Method-Override
etag: W/"89-MymKaYAAX64ShDeVfU+qEClNelY"

01:56:20.545 [AsyncHttpClient-1-6] DEBUG org.asynchttpclient.netty.channel.ChannelManager -- Adding key: https://hub-cloud.browserstack.com:443 for channel [id: 0xe19883ab, L:/192.168.1.60:63627 - R:hub-cloud.browserstack.com/207.254.8.9:443]
01:56:20.545 [Forwarding setTimeout on session 1b49645851757f08876d5b1b9fd2dafb86e65a9b to remote] DEBUG org.asynchttpclient.netty.request.NettyRequestSender -- Using pooled Channel '[id: 0xe19883ab, L:/192.168.1.60:63627 - R:hub-cloud.browserstack.com/207.254.8.9:443]' for 'POST' to 'https://cesarstevenriosu_Z5kft8:X2vgXh3LFto9sDxURbwP@hub-cloud.browserstack.com/wd/hub/session/1b49645851757f08876d5b1b9fd2dafb86e65a9b/timeouts'
01:56:20.545 [Forwarding setTimeout on session 1b49645851757f08876d5b1b9fd2dafb86e65a9b to remote] DEBUG org.asynchttpclient.netty.request.NettyRequestSender -- Using open Channel [id: 0xe19883ab, L:/192.168.1.60:63627 - R:hub-cloud.browserstack.com/207.254.8.9:443] for POST '/wd/hub/session/1b49645851757f08876d5b1b9fd2dafb86e65a9b/timeouts'
01:56:20.707 [AsyncHttpClient-1-6] DEBUG org.asynchttpclient.netty.handler.HttpHandler -- 

Request DefaultHttpRequest(decodeResult: success, version: HTTP/1.1)
POST /wd/hub/session/1b49645851757f08876d5b1b9fd2dafb86e65a9b/timeouts HTTP/1.1
User-Agent: appium/8.3.0 (selenium/4.8.0 (java mac))
Content-Length: 23
Content-Type: application/json; charset=utf-8
host: hub-cloud.browserstack.com
authorization: Basic Y2VzYXJzdGV2ZW5yaW9zdV9aNWtmdDg6WDJ2Z1hoM0xGdG85c0R4VVJid1A=
accept: */*

Response DefaultHttpResponse(decodeResult: success, version: HTTP/1.1)
HTTP/1.1 200 OK
Server: nginx
Date: Mon, 05 Jun 2023 06:56:20 GMT
Content-Type: application/json; charset=utf-8
Content-Length: 14
Connection: keep-alive
Source-From: 02
x-powered-by: Express
vary: X-HTTP-Method-Override
etag: W/"e-9/1BuKMgFObM1mWJm+YjxtXJnUM"

01:56:20.707 [AsyncHttpClient-1-6] DEBUG org.asynchttpclient.netty.channel.ChannelManager -- Adding key: https://hub-cloud.browserstack.com:443 for channel [id: 0xe19883ab, L:/192.168.1.60:63627 - R:hub-cloud.browserstack.com/207.254.8.9:443]
01:56:20.708 [Forwarding isElementDisplayed on session 1b49645851757f08876d5b1b9fd2dafb86e65a9b to remote] DEBUG org.asynchttpclient.netty.request.NettyRequestSender -- Using pooled Channel '[id: 0xe19883ab, L:/192.168.1.60:63627 - R:hub-cloud.browserstack.com/207.254.8.9:443]' for 'GET' to 'https://cesarstevenriosu_Z5kft8:X2vgXh3LFto9sDxURbwP@hub-cloud.browserstack.com/wd/hub/session/1b49645851757f08876d5b1b9fd2dafb86e65a9b/element/e09ca515-fec5-4a18-9cac-3d37972ebf34/displayed'
01:56:20.708 [Forwarding isElementDisplayed on session 1b49645851757f08876d5b1b9fd2dafb86e65a9b to remote] DEBUG org.asynchttpclient.netty.request.NettyRequestSender -- Using open Channel [id: 0xe19883ab, L:/192.168.1.60:63627 - R:hub-cloud.browserstack.com/207.254.8.9:443] for GET '/wd/hub/session/1b49645851757f08876d5b1b9fd2dafb86e65a9b/element/e09ca515-fec5-4a18-9cac-3d37972ebf34/displayed'
01:56:20.887 [AsyncHttpClient-1-6] DEBUG org.asynchttpclient.netty.handler.HttpHandler -- 

Request DefaultFullHttpRequest(decodeResult: success, version: HTTP/1.1, content: EmptyByteBufBE)
GET /wd/hub/session/1b49645851757f08876d5b1b9fd2dafb86e65a9b/element/e09ca515-fec5-4a18-9cac-3d37972ebf34/displayed HTTP/1.1
User-Agent: appium/8.3.0 (selenium/4.8.0 (java mac))
Cache-Control: no-cache
Content-Type: application/json; charset=utf-8
host: hub-cloud.browserstack.com
authorization: Basic Y2VzYXJzdGV2ZW5yaW9zdV9aNWtmdDg6WDJ2Z1hoM0xGdG85c0R4VVJid1A=
accept: */*

Response DefaultHttpResponse(decodeResult: success, version: HTTP/1.1)
HTTP/1.1 200 OK
Server: nginx
Date: Mon, 05 Jun 2023 06:56:21 GMT
Content-Type: application/json; charset=utf-8
Content-Length: 14
Connection: keep-alive
Source-From: 02
x-powered-by: Express
etag: W/"e-2ZHvAWebNQpyjGZTg6uyV8/spTo"

01:56:20.888 [AsyncHttpClient-1-6] DEBUG org.asynchttpclient.netty.channel.ChannelManager -- Adding key: https://hub-cloud.browserstack.com:443 for channel [id: 0xe19883ab, L:/192.168.1.60:63627 - R:hub-cloud.browserstack.com/207.254.8.9:443]
01:56:20.890 [Forwarding isElementDisplayed on session 1b49645851757f08876d5b1b9fd2dafb86e65a9b to remote] DEBUG org.asynchttpclient.netty.request.NettyRequestSender -- Using pooled Channel '[id: 0xe19883ab, L:/192.168.1.60:63627 - R:hub-cloud.browserstack.com/207.254.8.9:443]' for 'GET' to 'https://cesarstevenriosu_Z5kft8:X2vgXh3LFto9sDxURbwP@hub-cloud.browserstack.com/wd/hub/session/1b49645851757f08876d5b1b9fd2dafb86e65a9b/element/e09ca515-fec5-4a18-9cac-3d37972ebf34/displayed'
01:56:20.890 [Forwarding isElementDisplayed on session 1b49645851757f08876d5b1b9fd2dafb86e65a9b to remote] DEBUG org.asynchttpclient.netty.request.NettyRequestSender -- Using open Channel [id: 0xe19883ab, L:/192.168.1.60:63627 - R:hub-cloud.browserstack.com/207.254.8.9:443] for GET '/wd/hub/session/1b49645851757f08876d5b1b9fd2dafb86e65a9b/element/e09ca515-fec5-4a18-9cac-3d37972ebf34/displayed'
01:56:21.073 [AsyncHttpClient-1-6] DEBUG org.asynchttpclient.netty.handler.HttpHandler -- 

Request DefaultFullHttpRequest(decodeResult: success, version: HTTP/1.1, content: EmptyByteBufBE)
GET /wd/hub/session/1b49645851757f08876d5b1b9fd2dafb86e65a9b/element/e09ca515-fec5-4a18-9cac-3d37972ebf34/displayed HTTP/1.1
User-Agent: appium/8.3.0 (selenium/4.8.0 (java mac))
Cache-Control: no-cache
Content-Type: application/json; charset=utf-8
host: hub-cloud.browserstack.com
authorization: Basic Y2VzYXJzdGV2ZW5yaW9zdV9aNWtmdDg6WDJ2Z1hoM0xGdG85c0R4VVJid1A=
accept: */*

Response DefaultHttpResponse(decodeResult: success, version: HTTP/1.1)
HTTP/1.1 200 OK
Server: nginx
Date: Mon, 05 Jun 2023 06:56:21 GMT
Content-Type: application/json; charset=utf-8
Content-Length: 14
Connection: keep-alive
Source-From: 02
x-powered-by: Express
etag: W/"e-2ZHvAWebNQpyjGZTg6uyV8/spTo"

01:56:21.074 [AsyncHttpClient-1-6] DEBUG org.asynchttpclient.netty.channel.ChannelManager -- Adding key: https://hub-cloud.browserstack.com:443 for channel [id: 0xe19883ab, L:/192.168.1.60:63627 - R:hub-cloud.browserstack.com/207.254.8.9:443]
01:56:21.076 [Forwarding setTimeout on session 1b49645851757f08876d5b1b9fd2dafb86e65a9b to remote] DEBUG org.asynchttpclient.netty.request.NettyRequestSender -- Using pooled Channel '[id: 0xe19883ab, L:/192.168.1.60:63627 - R:hub-cloud.browserstack.com/207.254.8.9:443]' for 'POST' to 'https://cesarstevenriosu_Z5kft8:X2vgXh3LFto9sDxURbwP@hub-cloud.browserstack.com/wd/hub/session/1b49645851757f08876d5b1b9fd2dafb86e65a9b/timeouts'
01:56:21.076 [Forwarding setTimeout on session 1b49645851757f08876d5b1b9fd2dafb86e65a9b to remote] DEBUG org.asynchttpclient.netty.request.NettyRequestSender -- Using open Channel [id: 0xe19883ab, L:/192.168.1.60:63627 - R:hub-cloud.browserstack.com/207.254.8.9:443] for POST '/wd/hub/session/1b49645851757f08876d5b1b9fd2dafb86e65a9b/timeouts'
01:56:21.216 [AsyncHttpClient-1-6] DEBUG org.asynchttpclient.netty.handler.HttpHandler -- 

Request DefaultHttpRequest(decodeResult: success, version: HTTP/1.1)
POST /wd/hub/session/1b49645851757f08876d5b1b9fd2dafb86e65a9b/timeouts HTTP/1.1
User-Agent: appium/8.3.0 (selenium/4.8.0 (java mac))
Content-Length: 23
Content-Type: application/json; charset=utf-8
host: hub-cloud.browserstack.com
authorization: Basic Y2VzYXJzdGV2ZW5yaW9zdV9aNWtmdDg6WDJ2Z1hoM0xGdG85c0R4VVJid1A=
accept: */*

Response DefaultHttpResponse(decodeResult: success, version: HTTP/1.1)
HTTP/1.1 200 OK
Server: nginx
Date: Mon, 05 Jun 2023 06:56:21 GMT
Content-Type: application/json; charset=utf-8
Content-Length: 14
Connection: keep-alive
Source-From: 02
x-powered-by: Express
vary: X-HTTP-Method-Override
etag: W/"e-9/1BuKMgFObM1mWJm+YjxtXJnUM"

01:56:21.216 [AsyncHttpClient-1-6] DEBUG org.asynchttpclient.netty.channel.ChannelManager -- Adding key: https://hub-cloud.browserstack.com:443 for channel [id: 0xe19883ab, L:/192.168.1.60:63627 - R:hub-cloud.browserstack.com/207.254.8.9:443]
01:56:21.217 [Forwarding findElement on session 1b49645851757f08876d5b1b9fd2dafb86e65a9b to remote] DEBUG org.asynchttpclient.netty.request.NettyRequestSender -- Using pooled Channel '[id: 0xe19883ab, L:/192.168.1.60:63627 - R:hub-cloud.browserstack.com/207.254.8.9:443]' for 'POST' to 'https://cesarstevenriosu_Z5kft8:X2vgXh3LFto9sDxURbwP@hub-cloud.browserstack.com/wd/hub/session/1b49645851757f08876d5b1b9fd2dafb86e65a9b/element'
01:56:21.217 [Forwarding findElement on session 1b49645851757f08876d5b1b9fd2dafb86e65a9b to remote] DEBUG org.asynchttpclient.netty.request.NettyRequestSender -- Using open Channel [id: 0xe19883ab, L:/192.168.1.60:63627 - R:hub-cloud.browserstack.com/207.254.8.9:443] for POST '/wd/hub/session/1b49645851757f08876d5b1b9fd2dafb86e65a9b/element'
01:56:21.595 [AsyncHttpClient-1-6] DEBUG org.asynchttpclient.netty.handler.HttpHandler -- 

Request DefaultHttpRequest(decodeResult: success, version: HTTP/1.1)
POST /wd/hub/session/1b49645851757f08876d5b1b9fd2dafb86e65a9b/element HTTP/1.1
User-Agent: appium/8.3.0 (selenium/4.8.0 (java mac))
Content-Length: 138
Content-Type: application/json; charset=utf-8
host: hub-cloud.browserstack.com
authorization: Basic Y2VzYXJzdGV2ZW5yaW9zdV9aNWtmdDg6WDJ2Z1hoM0xGdG85c0R4VVJid1A=
accept: */*

Response DefaultHttpResponse(decodeResult: success, version: HTTP/1.1)
HTTP/1.1 200 OK
Server: nginx
Date: Mon, 05 Jun 2023 06:56:21 GMT
Content-Type: application/json; charset=utf-8
Content-Length: 137
Connection: keep-alive
Source-From: 02
x-powered-by: Express
vary: X-HTTP-Method-Override
etag: W/"89-JOh8BTZN6gTw8a++wJejnKpyyo8"

01:56:21.595 [AsyncHttpClient-1-6] DEBUG org.asynchttpclient.netty.channel.ChannelManager -- Adding key: https://hub-cloud.browserstack.com:443 for channel [id: 0xe19883ab, L:/192.168.1.60:63627 - R:hub-cloud.browserstack.com/207.254.8.9:443]
01:56:21.596 [Forwarding setTimeout on session 1b49645851757f08876d5b1b9fd2dafb86e65a9b to remote] DEBUG org.asynchttpclient.netty.request.NettyRequestSender -- Using pooled Channel '[id: 0xe19883ab, L:/192.168.1.60:63627 - R:hub-cloud.browserstack.com/207.254.8.9:443]' for 'POST' to 'https://cesarstevenriosu_Z5kft8:X2vgXh3LFto9sDxURbwP@hub-cloud.browserstack.com/wd/hub/session/1b49645851757f08876d5b1b9fd2dafb86e65a9b/timeouts'
01:56:21.597 [Forwarding setTimeout on session 1b49645851757f08876d5b1b9fd2dafb86e65a9b to remote] DEBUG org.asynchttpclient.netty.request.NettyRequestSender -- Using open Channel [id: 0xe19883ab, L:/192.168.1.60:63627 - R:hub-cloud.browserstack.com/207.254.8.9:443] for POST '/wd/hub/session/1b49645851757f08876d5b1b9fd2dafb86e65a9b/timeouts'
01:56:21.746 [AsyncHttpClient-1-6] DEBUG org.asynchttpclient.netty.handler.HttpHandler -- 

Request DefaultHttpRequest(decodeResult: success, version: HTTP/1.1)
POST /wd/hub/session/1b49645851757f08876d5b1b9fd2dafb86e65a9b/timeouts HTTP/1.1
User-Agent: appium/8.3.0 (selenium/4.8.0 (java mac))
Content-Length: 23
Content-Type: application/json; charset=utf-8
host: hub-cloud.browserstack.com
authorization: Basic Y2VzYXJzdGV2ZW5yaW9zdV9aNWtmdDg6WDJ2Z1hoM0xGdG85c0R4VVJid1A=
accept: */*

Response DefaultHttpResponse(decodeResult: success, version: HTTP/1.1)
HTTP/1.1 200 OK
Server: nginx
Date: Mon, 05 Jun 2023 06:56:21 GMT
Content-Type: application/json; charset=utf-8
Content-Length: 14
Connection: keep-alive
Source-From: 02
x-powered-by: Express
vary: X-HTTP-Method-Override
etag: W/"e-9/1BuKMgFObM1mWJm+YjxtXJnUM"

01:56:21.747 [AsyncHttpClient-1-6] DEBUG org.asynchttpclient.netty.channel.ChannelManager -- Adding key: https://hub-cloud.browserstack.com:443 for channel [id: 0xe19883ab, L:/192.168.1.60:63627 - R:hub-cloud.browserstack.com/207.254.8.9:443]
01:56:21.747 [Forwarding isElementDisplayed on session 1b49645851757f08876d5b1b9fd2dafb86e65a9b to remote] DEBUG org.asynchttpclient.netty.request.NettyRequestSender -- Using pooled Channel '[id: 0xe19883ab, L:/192.168.1.60:63627 - R:hub-cloud.browserstack.com/207.254.8.9:443]' for 'GET' to 'https://cesarstevenriosu_Z5kft8:X2vgXh3LFto9sDxURbwP@hub-cloud.browserstack.com/wd/hub/session/1b49645851757f08876d5b1b9fd2dafb86e65a9b/element/1ab6963d-8d52-42b8-86b9-11815369b897/displayed'
01:56:21.747 [Forwarding isElementDisplayed on session 1b49645851757f08876d5b1b9fd2dafb86e65a9b to remote] DEBUG org.asynchttpclient.netty.request.NettyRequestSender -- Using open Channel [id: 0xe19883ab, L:/192.168.1.60:63627 - R:hub-cloud.browserstack.com/207.254.8.9:443] for GET '/wd/hub/session/1b49645851757f08876d5b1b9fd2dafb86e65a9b/element/1ab6963d-8d52-42b8-86b9-11815369b897/displayed'
01:56:21.974 [AsyncHttpClient-1-6] DEBUG org.asynchttpclient.netty.handler.HttpHandler -- 

Request DefaultFullHttpRequest(decodeResult: success, version: HTTP/1.1, content: EmptyByteBufBE)
GET /wd/hub/session/1b49645851757f08876d5b1b9fd2dafb86e65a9b/element/1ab6963d-8d52-42b8-86b9-11815369b897/displayed HTTP/1.1
User-Agent: appium/8.3.0 (selenium/4.8.0 (java mac))
Cache-Control: no-cache
Content-Type: application/json; charset=utf-8
host: hub-cloud.browserstack.com
authorization: Basic Y2VzYXJzdGV2ZW5yaW9zdV9aNWtmdDg6WDJ2Z1hoM0xGdG85c0R4VVJid1A=
accept: */*

Response DefaultHttpResponse(decodeResult: success, version: HTTP/1.1)
HTTP/1.1 200 OK
Server: nginx
Date: Mon, 05 Jun 2023 06:56:22 GMT
Content-Type: application/json; charset=utf-8
Content-Length: 14
Connection: keep-alive
Source-From: 02
x-powered-by: Express
etag: W/"e-2ZHvAWebNQpyjGZTg6uyV8/spTo"

01:56:21.974 [AsyncHttpClient-1-6] DEBUG org.asynchttpclient.netty.channel.ChannelManager -- Adding key: https://hub-cloud.browserstack.com:443 for channel [id: 0xe19883ab, L:/192.168.1.60:63627 - R:hub-cloud.browserstack.com/207.254.8.9:443]
01:56:21.975 [Forwarding clickElement on session 1b49645851757f08876d5b1b9fd2dafb86e65a9b to remote] DEBUG org.asynchttpclient.netty.request.NettyRequestSender -- Using pooled Channel '[id: 0xe19883ab, L:/192.168.1.60:63627 - R:hub-cloud.browserstack.com/207.254.8.9:443]' for 'POST' to 'https://cesarstevenriosu_Z5kft8:X2vgXh3LFto9sDxURbwP@hub-cloud.browserstack.com/wd/hub/session/1b49645851757f08876d5b1b9fd2dafb86e65a9b/element/1ab6963d-8d52-42b8-86b9-11815369b897/click'
01:56:21.975 [Forwarding clickElement on session 1b49645851757f08876d5b1b9fd2dafb86e65a9b to remote] DEBUG org.asynchttpclient.netty.request.NettyRequestSender -- Using open Channel [id: 0xe19883ab, L:/192.168.1.60:63627 - R:hub-cloud.browserstack.com/207.254.8.9:443] for POST '/wd/hub/session/1b49645851757f08876d5b1b9fd2dafb86e65a9b/element/1ab6963d-8d52-42b8-86b9-11815369b897/click'
01:56:22.139 [AsyncHttpClient-1-6] DEBUG org.asynchttpclient.netty.handler.HttpHandler -- 

Request DefaultHttpRequest(decodeResult: success, version: HTTP/1.1)
POST /wd/hub/session/1b49645851757f08876d5b1b9fd2dafb86e65a9b/element/1ab6963d-8d52-42b8-86b9-11815369b897/click HTTP/1.1
User-Agent: appium/8.3.0 (selenium/4.8.0 (java mac))
Content-Length: 50
Content-Type: application/json; charset=utf-8
host: hub-cloud.browserstack.com
authorization: Basic Y2VzYXJzdGV2ZW5yaW9zdV9aNWtmdDg6WDJ2Z1hoM0xGdG85c0R4VVJid1A=
accept: */*

Response DefaultHttpResponse(decodeResult: success, version: HTTP/1.1)
HTTP/1.1 200 OK
Server: nginx
Date: Mon, 05 Jun 2023 06:56:22 GMT
Content-Type: application/json; charset=utf-8
Content-Length: 14
Connection: keep-alive
Source-From: 02
x-powered-by: Express
vary: X-HTTP-Method-Override
etag: W/"e-9/1BuKMgFObM1mWJm+YjxtXJnUM"

01:56:22.140 [AsyncHttpClient-1-6] DEBUG org.asynchttpclient.netty.channel.ChannelManager -- Adding key: https://hub-cloud.browserstack.com:443 for channel [id: 0xe19883ab, L:/192.168.1.60:63627 - R:hub-cloud.browserstack.com/207.254.8.9:443]
01:56:22.142 [Forwarding setTimeout on session 1b49645851757f08876d5b1b9fd2dafb86e65a9b to remote] DEBUG org.asynchttpclient.netty.request.NettyRequestSender -- Using pooled Channel '[id: 0xe19883ab, L:/192.168.1.60:63627 - R:hub-cloud.browserstack.com/207.254.8.9:443]' for 'POST' to 'https://cesarstevenriosu_Z5kft8:X2vgXh3LFto9sDxURbwP@hub-cloud.browserstack.com/wd/hub/session/1b49645851757f08876d5b1b9fd2dafb86e65a9b/timeouts'
01:56:22.142 [Forwarding setTimeout on session 1b49645851757f08876d5b1b9fd2dafb86e65a9b to remote] DEBUG org.asynchttpclient.netty.request.NettyRequestSender -- Using open Channel [id: 0xe19883ab, L:/192.168.1.60:63627 - R:hub-cloud.browserstack.com/207.254.8.9:443] for POST '/wd/hub/session/1b49645851757f08876d5b1b9fd2dafb86e65a9b/timeouts'
01:56:22.249 [AsyncHttpClient-1-6] DEBUG org.asynchttpclient.netty.handler.HttpHandler -- 

Request DefaultHttpRequest(decodeResult: success, version: HTTP/1.1)
POST /wd/hub/session/1b49645851757f08876d5b1b9fd2dafb86e65a9b/timeouts HTTP/1.1
User-Agent: appium/8.3.0 (selenium/4.8.0 (java mac))
Content-Length: 19
Content-Type: application/json; charset=utf-8
host: hub-cloud.browserstack.com
authorization: Basic Y2VzYXJzdGV2ZW5yaW9zdV9aNWtmdDg6WDJ2Z1hoM0xGdG85c0R4VVJid1A=
accept: */*

Response DefaultHttpResponse(decodeResult: success, version: HTTP/1.1)
HTTP/1.1 200 OK
Server: nginx
Date: Mon, 05 Jun 2023 06:56:22 GMT
Content-Type: application/json; charset=utf-8
Content-Length: 14
Connection: keep-alive
Source-From: 02
x-powered-by: Express
vary: X-HTTP-Method-Override
etag: W/"e-9/1BuKMgFObM1mWJm+YjxtXJnUM"

01:56:22.249 [AsyncHttpClient-1-6] DEBUG org.asynchttpclient.netty.channel.ChannelManager -- Adding key: https://hub-cloud.browserstack.com:443 for channel [id: 0xe19883ab, L:/192.168.1.60:63627 - R:hub-cloud.browserstack.com/207.254.8.9:443]
01:56:22.251 [Forwarding findElement on session 1b49645851757f08876d5b1b9fd2dafb86e65a9b to remote] DEBUG org.asynchttpclient.netty.request.NettyRequestSender -- Using pooled Channel '[id: 0xe19883ab, L:/192.168.1.60:63627 - R:hub-cloud.browserstack.com/207.254.8.9:443]' for 'POST' to 'https://cesarstevenriosu_Z5kft8:X2vgXh3LFto9sDxURbwP@hub-cloud.browserstack.com/wd/hub/session/1b49645851757f08876d5b1b9fd2dafb86e65a9b/element'
01:56:22.251 [Forwarding findElement on session 1b49645851757f08876d5b1b9fd2dafb86e65a9b to remote] DEBUG org.asynchttpclient.netty.request.NettyRequestSender -- Using open Channel [id: 0xe19883ab, L:/192.168.1.60:63627 - R:hub-cloud.browserstack.com/207.254.8.9:443] for POST '/wd/hub/session/1b49645851757f08876d5b1b9fd2dafb86e65a9b/element'
01:56:22.923 [AsyncHttpClient-1-6] DEBUG org.asynchttpclient.netty.handler.HttpHandler -- 

Request DefaultHttpRequest(decodeResult: success, version: HTTP/1.1)
POST /wd/hub/session/1b49645851757f08876d5b1b9fd2dafb86e65a9b/element HTTP/1.1
User-Agent: appium/8.3.0 (selenium/4.8.0 (java mac))
Content-Length: 135
Content-Type: application/json; charset=utf-8
host: hub-cloud.browserstack.com
authorization: Basic Y2VzYXJzdGV2ZW5yaW9zdV9aNWtmdDg6WDJ2Z1hoM0xGdG85c0R4VVJid1A=
accept: */*

Response DefaultHttpResponse(decodeResult: success, version: HTTP/1.1)
HTTP/1.1 200 OK
Server: nginx
Date: Mon, 05 Jun 2023 06:56:22 GMT
Content-Type: application/json; charset=utf-8
Content-Length: 137
Connection: keep-alive
Source-From: 02
x-powered-by: Express
vary: X-HTTP-Method-Override
etag: W/"89-nFrDahIhKLJLwqwMbPO/hg3GOCI"

01:56:22.923 [AsyncHttpClient-1-6] DEBUG org.asynchttpclient.netty.channel.ChannelManager -- Adding key: https://hub-cloud.browserstack.com:443 for channel [id: 0xe19883ab, L:/192.168.1.60:63627 - R:hub-cloud.browserstack.com/207.254.8.9:443]
01:56:22.924 [Forwarding setTimeout on session 1b49645851757f08876d5b1b9fd2dafb86e65a9b to remote] DEBUG org.asynchttpclient.netty.request.NettyRequestSender -- Using pooled Channel '[id: 0xe19883ab, L:/192.168.1.60:63627 - R:hub-cloud.browserstack.com/207.254.8.9:443]' for 'POST' to 'https://cesarstevenriosu_Z5kft8:X2vgXh3LFto9sDxURbwP@hub-cloud.browserstack.com/wd/hub/session/1b49645851757f08876d5b1b9fd2dafb86e65a9b/timeouts'
01:56:22.924 [Forwarding setTimeout on session 1b49645851757f08876d5b1b9fd2dafb86e65a9b to remote] DEBUG org.asynchttpclient.netty.request.NettyRequestSender -- Using open Channel [id: 0xe19883ab, L:/192.168.1.60:63627 - R:hub-cloud.browserstack.com/207.254.8.9:443] for POST '/wd/hub/session/1b49645851757f08876d5b1b9fd2dafb86e65a9b/timeouts'
01:56:23.071 [AsyncHttpClient-1-6] DEBUG org.asynchttpclient.netty.handler.HttpHandler -- 

Request DefaultHttpRequest(decodeResult: success, version: HTTP/1.1)
POST /wd/hub/session/1b49645851757f08876d5b1b9fd2dafb86e65a9b/timeouts HTTP/1.1
User-Agent: appium/8.3.0 (selenium/4.8.0 (java mac))
Content-Length: 23
Content-Type: application/json; charset=utf-8
host: hub-cloud.browserstack.com
authorization: Basic Y2VzYXJzdGV2ZW5yaW9zdV9aNWtmdDg6WDJ2Z1hoM0xGdG85c0R4VVJid1A=
accept: */*

Response DefaultHttpResponse(decodeResult: success, version: HTTP/1.1)
HTTP/1.1 200 OK
Server: nginx
Date: Mon, 05 Jun 2023 06:56:23 GMT
Content-Type: application/json; charset=utf-8
Content-Length: 14
Connection: keep-alive
Source-From: 02
x-powered-by: Express
vary: X-HTTP-Method-Override
etag: W/"e-9/1BuKMgFObM1mWJm+YjxtXJnUM"

01:56:23.072 [AsyncHttpClient-1-6] DEBUG org.asynchttpclient.netty.channel.ChannelManager -- Adding key: https://hub-cloud.browserstack.com:443 for channel [id: 0xe19883ab, L:/192.168.1.60:63627 - R:hub-cloud.browserstack.com/207.254.8.9:443]
01:56:23.076 [Forwarding setTimeout on session 1b49645851757f08876d5b1b9fd2dafb86e65a9b to remote] DEBUG org.asynchttpclient.netty.request.NettyRequestSender -- Using pooled Channel '[id: 0xe19883ab, L:/192.168.1.60:63627 - R:hub-cloud.browserstack.com/207.254.8.9:443]' for 'POST' to 'https://cesarstevenriosu_Z5kft8:X2vgXh3LFto9sDxURbwP@hub-cloud.browserstack.com/wd/hub/session/1b49645851757f08876d5b1b9fd2dafb86e65a9b/timeouts'
01:56:23.076 [Forwarding setTimeout on session 1b49645851757f08876d5b1b9fd2dafb86e65a9b to remote] DEBUG org.asynchttpclient.netty.request.NettyRequestSender -- Using open Channel [id: 0xe19883ab, L:/192.168.1.60:63627 - R:hub-cloud.browserstack.com/207.254.8.9:443] for POST '/wd/hub/session/1b49645851757f08876d5b1b9fd2dafb86e65a9b/timeouts'
01:56:23.319 [AsyncHttpClient-1-6] DEBUG org.asynchttpclient.netty.handler.HttpHandler -- 

Request DefaultHttpRequest(decodeResult: success, version: HTTP/1.1)
POST /wd/hub/session/1b49645851757f08876d5b1b9fd2dafb86e65a9b/timeouts HTTP/1.1
User-Agent: appium/8.3.0 (selenium/4.8.0 (java mac))
Content-Length: 19
Content-Type: application/json; charset=utf-8
host: hub-cloud.browserstack.com
authorization: Basic Y2VzYXJzdGV2ZW5yaW9zdV9aNWtmdDg6WDJ2Z1hoM0xGdG85c0R4VVJid1A=
accept: */*

Response DefaultHttpResponse(decodeResult: success, version: HTTP/1.1)
HTTP/1.1 200 OK
Server: nginx
Date: Mon, 05 Jun 2023 06:56:23 GMT
Content-Type: application/json; charset=utf-8
Content-Length: 14
Connection: keep-alive
Source-From: 02
x-powered-by: Express
vary: X-HTTP-Method-Override
etag: W/"e-9/1BuKMgFObM1mWJm+YjxtXJnUM"

01:56:23.319 [AsyncHttpClient-1-6] DEBUG org.asynchttpclient.netty.channel.ChannelManager -- Adding key: https://hub-cloud.browserstack.com:443 for channel [id: 0xe19883ab, L:/192.168.1.60:63627 - R:hub-cloud.browserstack.com/207.254.8.9:443]
01:56:23.320 [Forwarding findElement on session 1b49645851757f08876d5b1b9fd2dafb86e65a9b to remote] DEBUG org.asynchttpclient.netty.request.NettyRequestSender -- Using pooled Channel '[id: 0xe19883ab, L:/192.168.1.60:63627 - R:hub-cloud.browserstack.com/207.254.8.9:443]' for 'POST' to 'https://cesarstevenriosu_Z5kft8:X2vgXh3LFto9sDxURbwP@hub-cloud.browserstack.com/wd/hub/session/1b49645851757f08876d5b1b9fd2dafb86e65a9b/element'
01:56:23.320 [Forwarding findElement on session 1b49645851757f08876d5b1b9fd2dafb86e65a9b to remote] DEBUG org.asynchttpclient.netty.request.NettyRequestSender -- Using open Channel [id: 0xe19883ab, L:/192.168.1.60:63627 - R:hub-cloud.browserstack.com/207.254.8.9:443] for POST '/wd/hub/session/1b49645851757f08876d5b1b9fd2dafb86e65a9b/element'
01:56:23.535 [AsyncHttpClient-1-6] DEBUG org.asynchttpclient.netty.handler.HttpHandler -- 

Request DefaultHttpRequest(decodeResult: success, version: HTTP/1.1)
POST /wd/hub/session/1b49645851757f08876d5b1b9fd2dafb86e65a9b/element HTTP/1.1
User-Agent: appium/8.3.0 (selenium/4.8.0 (java mac))
Content-Length: 135
Content-Type: application/json; charset=utf-8
host: hub-cloud.browserstack.com
authorization: Basic Y2VzYXJzdGV2ZW5yaW9zdV9aNWtmdDg6WDJ2Z1hoM0xGdG85c0R4VVJid1A=
accept: */*

Response DefaultHttpResponse(decodeResult: success, version: HTTP/1.1)
HTTP/1.1 200 OK
Server: nginx
Date: Mon, 05 Jun 2023 06:56:23 GMT
Content-Type: application/json; charset=utf-8
Content-Length: 137
Connection: close
Source-From: 02
x-powered-by: Express
vary: X-HTTP-Method-Override
etag: W/"89-zaskMOPekHKSbMEmxLHDgZ8CeUc"

01:56:23.535 [AsyncHttpClient-1-6] DEBUG org.asynchttpclient.netty.channel.ChannelManager -- Closing Channel [id: 0xe19883ab, L:/192.168.1.60:63627 - R:hub-cloud.browserstack.com/207.254.8.9:443] 
01:56:23.537 [AsyncHttpClient-1-6] DEBUG org.asynchttpclient.netty.handler.HttpHandler -- Channel Closed: [id: 0xe19883ab, L:/192.168.1.60:63627 ! R:hub-cloud.browserstack.com/207.254.8.9:443] with attribute DISCARD
01:56:23.765 [AsyncHttpClient-1-7] DEBUG org.asynchttpclient.netty.channel.NettyConnectListener -- Using new Channel '[id: 0x8cce8e46, L:/192.168.1.60:63640 - R:hub-cloud.browserstack.com/207.254.8.9:443]' for 'POST' to '/wd/hub/session/1b49645851757f08876d5b1b9fd2dafb86e65a9b/timeouts'
01:56:23.766 [AsyncHttpClient-1-7] DEBUG io.netty.handler.ssl.SslHandler -- [id: 0x8cce8e46, L:/192.168.1.60:63640 - R:hub-cloud.browserstack.com/207.254.8.9:443] HANDSHAKEN: protocol:TLSv1.2 cipher suite:TLS_ECDHE_RSA_WITH_AES_128_GCM_SHA256
01:56:23.855 [AsyncHttpClient-1-7] DEBUG org.asynchttpclient.netty.handler.HttpHandler -- 

Request DefaultHttpRequest(decodeResult: success, version: HTTP/1.1)
POST /wd/hub/session/1b49645851757f08876d5b1b9fd2dafb86e65a9b/timeouts HTTP/1.1
User-Agent: appium/8.3.0 (selenium/4.8.0 (java mac))
Content-Length: 23
Content-Type: application/json; charset=utf-8
host: hub-cloud.browserstack.com
authorization: Basic Y2VzYXJzdGV2ZW5yaW9zdV9aNWtmdDg6WDJ2Z1hoM0xGdG85c0R4VVJid1A=
accept: */*

Response DefaultHttpResponse(decodeResult: success, version: HTTP/1.1)
HTTP/1.1 200 OK
Server: nginx
Date: Mon, 05 Jun 2023 06:56:23 GMT
Content-Type: application/json; charset=utf-8
Content-Length: 14
Connection: keep-alive
Source-From: 02
x-powered-by: Express
vary: X-HTTP-Method-Override
etag: W/"e-9/1BuKMgFObM1mWJm+YjxtXJnUM"

01:56:23.855 [AsyncHttpClient-1-7] DEBUG org.asynchttpclient.netty.channel.ChannelManager -- Adding key: https://hub-cloud.browserstack.com:443 for channel [id: 0x8cce8e46, L:/192.168.1.60:63640 - R:hub-cloud.browserstack.com/207.254.8.9:443]
01:56:23.856 [Forwarding isElementDisplayed on session 1b49645851757f08876d5b1b9fd2dafb86e65a9b to remote] DEBUG org.asynchttpclient.netty.request.NettyRequestSender -- Using pooled Channel '[id: 0x8cce8e46, L:/192.168.1.60:63640 - R:hub-cloud.browserstack.com/207.254.8.9:443]' for 'GET' to 'https://cesarstevenriosu_Z5kft8:X2vgXh3LFto9sDxURbwP@hub-cloud.browserstack.com/wd/hub/session/1b49645851757f08876d5b1b9fd2dafb86e65a9b/element/ebdbe1ed-1091-4475-89e8-28a017d20a93/displayed'
01:56:23.856 [Forwarding isElementDisplayed on session 1b49645851757f08876d5b1b9fd2dafb86e65a9b to remote] DEBUG org.asynchttpclient.netty.request.NettyRequestSender -- Using open Channel [id: 0x8cce8e46, L:/192.168.1.60:63640 - R:hub-cloud.browserstack.com/207.254.8.9:443] for GET '/wd/hub/session/1b49645851757f08876d5b1b9fd2dafb86e65a9b/element/ebdbe1ed-1091-4475-89e8-28a017d20a93/displayed'
01:56:23.943 [AsyncHttpClient-1-7] DEBUG org.asynchttpclient.netty.handler.HttpHandler -- 

Request DefaultFullHttpRequest(decodeResult: success, version: HTTP/1.1, content: EmptyByteBufBE)
GET /wd/hub/session/1b49645851757f08876d5b1b9fd2dafb86e65a9b/element/ebdbe1ed-1091-4475-89e8-28a017d20a93/displayed HTTP/1.1
User-Agent: appium/8.3.0 (selenium/4.8.0 (java mac))
Cache-Control: no-cache
Content-Type: application/json; charset=utf-8
host: hub-cloud.browserstack.com
authorization: Basic Y2VzYXJzdGV2ZW5yaW9zdV9aNWtmdDg6WDJ2Z1hoM0xGdG85c0R4VVJid1A=
accept: */*

Response DefaultHttpResponse(decodeResult: success, version: HTTP/1.1)
HTTP/1.1 200 OK
Server: nginx
Date: Mon, 05 Jun 2023 06:56:24 GMT
Content-Type: application/json; charset=utf-8
Content-Length: 14
Connection: keep-alive
Source-From: 02
x-powered-by: Express
etag: W/"e-2ZHvAWebNQpyjGZTg6uyV8/spTo"

01:56:23.943 [AsyncHttpClient-1-7] DEBUG org.asynchttpclient.netty.channel.ChannelManager -- Adding key: https://hub-cloud.browserstack.com:443 for channel [id: 0x8cce8e46, L:/192.168.1.60:63640 - R:hub-cloud.browserstack.com/207.254.8.9:443]
01:56:23.945 [Forwarding setTimeout on session 1b49645851757f08876d5b1b9fd2dafb86e65a9b to remote] DEBUG org.asynchttpclient.netty.request.NettyRequestSender -- Using pooled Channel '[id: 0x8cce8e46, L:/192.168.1.60:63640 - R:hub-cloud.browserstack.com/207.254.8.9:443]' for 'POST' to 'https://cesarstevenriosu_Z5kft8:X2vgXh3LFto9sDxURbwP@hub-cloud.browserstack.com/wd/hub/session/1b49645851757f08876d5b1b9fd2dafb86e65a9b/timeouts'
01:56:23.945 [Forwarding setTimeout on session 1b49645851757f08876d5b1b9fd2dafb86e65a9b to remote] DEBUG org.asynchttpclient.netty.request.NettyRequestSender -- Using open Channel [id: 0x8cce8e46, L:/192.168.1.60:63640 - R:hub-cloud.browserstack.com/207.254.8.9:443] for POST '/wd/hub/session/1b49645851757f08876d5b1b9fd2dafb86e65a9b/timeouts'
01:56:24.172 [AsyncHttpClient-1-7] DEBUG org.asynchttpclient.netty.handler.HttpHandler -- 

Request DefaultHttpRequest(decodeResult: success, version: HTTP/1.1)
POST /wd/hub/session/1b49645851757f08876d5b1b9fd2dafb86e65a9b/timeouts HTTP/1.1
User-Agent: appium/8.3.0 (selenium/4.8.0 (java mac))
Content-Length: 23
Content-Type: application/json; charset=utf-8
host: hub-cloud.browserstack.com
authorization: Basic Y2VzYXJzdGV2ZW5yaW9zdV9aNWtmdDg6WDJ2Z1hoM0xGdG85c0R4VVJid1A=
accept: */*

Response DefaultHttpResponse(decodeResult: success, version: HTTP/1.1)
HTTP/1.1 200 OK
Server: nginx
Date: Mon, 05 Jun 2023 06:56:24 GMT
Content-Type: application/json; charset=utf-8
Content-Length: 14
Connection: keep-alive
Source-From: 02
x-powered-by: Express
vary: X-HTTP-Method-Override
etag: W/"e-9/1BuKMgFObM1mWJm+YjxtXJnUM"

01:56:24.172 [AsyncHttpClient-1-7] DEBUG org.asynchttpclient.netty.channel.ChannelManager -- Adding key: https://hub-cloud.browserstack.com:443 for channel [id: 0x8cce8e46, L:/192.168.1.60:63640 - R:hub-cloud.browserstack.com/207.254.8.9:443]
01:56:24.173 [Forwarding findElement on session 1b49645851757f08876d5b1b9fd2dafb86e65a9b to remote] DEBUG org.asynchttpclient.netty.request.NettyRequestSender -- Using pooled Channel '[id: 0x8cce8e46, L:/192.168.1.60:63640 - R:hub-cloud.browserstack.com/207.254.8.9:443]' for 'POST' to 'https://cesarstevenriosu_Z5kft8:X2vgXh3LFto9sDxURbwP@hub-cloud.browserstack.com/wd/hub/session/1b49645851757f08876d5b1b9fd2dafb86e65a9b/element'
01:56:24.173 [Forwarding findElement on session 1b49645851757f08876d5b1b9fd2dafb86e65a9b to remote] DEBUG org.asynchttpclient.netty.request.NettyRequestSender -- Using open Channel [id: 0x8cce8e46, L:/192.168.1.60:63640 - R:hub-cloud.browserstack.com/207.254.8.9:443] for POST '/wd/hub/session/1b49645851757f08876d5b1b9fd2dafb86e65a9b/element'
01:56:24.384 [AsyncHttpClient-1-7] DEBUG org.asynchttpclient.netty.handler.HttpHandler -- 

Request DefaultHttpRequest(decodeResult: success, version: HTTP/1.1)
POST /wd/hub/session/1b49645851757f08876d5b1b9fd2dafb86e65a9b/element HTTP/1.1
User-Agent: appium/8.3.0 (selenium/4.8.0 (java mac))
Content-Length: 135
Content-Type: application/json; charset=utf-8
host: hub-cloud.browserstack.com
authorization: Basic Y2VzYXJzdGV2ZW5yaW9zdV9aNWtmdDg6WDJ2Z1hoM0xGdG85c0R4VVJid1A=
accept: */*

Response DefaultHttpResponse(decodeResult: success, version: HTTP/1.1)
HTTP/1.1 200 OK
Server: nginx
Date: Mon, 05 Jun 2023 06:56:24 GMT
Content-Type: application/json; charset=utf-8
Content-Length: 137
Connection: keep-alive
Source-From: 02
x-powered-by: Express
vary: X-HTTP-Method-Override
etag: W/"89-ZTNN8czZgYOghtC3Y/W4J0VbjQw"

01:56:24.384 [AsyncHttpClient-1-7] DEBUG org.asynchttpclient.netty.channel.ChannelManager -- Adding key: https://hub-cloud.browserstack.com:443 for channel [id: 0x8cce8e46, L:/192.168.1.60:63640 - R:hub-cloud.browserstack.com/207.254.8.9:443]
01:56:24.386 [Forwarding setTimeout on session 1b49645851757f08876d5b1b9fd2dafb86e65a9b to remote] DEBUG org.asynchttpclient.netty.request.NettyRequestSender -- Using pooled Channel '[id: 0x8cce8e46, L:/192.168.1.60:63640 - R:hub-cloud.browserstack.com/207.254.8.9:443]' for 'POST' to 'https://cesarstevenriosu_Z5kft8:X2vgXh3LFto9sDxURbwP@hub-cloud.browserstack.com/wd/hub/session/1b49645851757f08876d5b1b9fd2dafb86e65a9b/timeouts'
01:56:24.386 [Forwarding setTimeout on session 1b49645851757f08876d5b1b9fd2dafb86e65a9b to remote] DEBUG org.asynchttpclient.netty.request.NettyRequestSender -- Using open Channel [id: 0x8cce8e46, L:/192.168.1.60:63640 - R:hub-cloud.browserstack.com/207.254.8.9:443] for POST '/wd/hub/session/1b49645851757f08876d5b1b9fd2dafb86e65a9b/timeouts'
01:56:24.469 [AsyncHttpClient-1-7] DEBUG org.asynchttpclient.netty.handler.HttpHandler -- 

Request DefaultHttpRequest(decodeResult: success, version: HTTP/1.1)
POST /wd/hub/session/1b49645851757f08876d5b1b9fd2dafb86e65a9b/timeouts HTTP/1.1
User-Agent: appium/8.3.0 (selenium/4.8.0 (java mac))
Content-Length: 23
Content-Type: application/json; charset=utf-8
host: hub-cloud.browserstack.com
authorization: Basic Y2VzYXJzdGV2ZW5yaW9zdV9aNWtmdDg6WDJ2Z1hoM0xGdG85c0R4VVJid1A=
accept: */*

Response DefaultHttpResponse(decodeResult: success, version: HTTP/1.1)
HTTP/1.1 200 OK
Server: nginx
Date: Mon, 05 Jun 2023 06:56:24 GMT
Content-Type: application/json; charset=utf-8
Content-Length: 14
Connection: keep-alive
Source-From: 02
x-powered-by: Express
vary: X-HTTP-Method-Override
etag: W/"e-9/1BuKMgFObM1mWJm+YjxtXJnUM"

01:56:24.469 [AsyncHttpClient-1-7] DEBUG org.asynchttpclient.netty.channel.ChannelManager -- Adding key: https://hub-cloud.browserstack.com:443 for channel [id: 0x8cce8e46, L:/192.168.1.60:63640 - R:hub-cloud.browserstack.com/207.254.8.9:443]
01:56:24.470 [Forwarding isElementDisplayed on session 1b49645851757f08876d5b1b9fd2dafb86e65a9b to remote] DEBUG org.asynchttpclient.netty.request.NettyRequestSender -- Using pooled Channel '[id: 0x8cce8e46, L:/192.168.1.60:63640 - R:hub-cloud.browserstack.com/207.254.8.9:443]' for 'GET' to 'https://cesarstevenriosu_Z5kft8:X2vgXh3LFto9sDxURbwP@hub-cloud.browserstack.com/wd/hub/session/1b49645851757f08876d5b1b9fd2dafb86e65a9b/element/5527f559-0c88-489d-842a-2ab37506a086/displayed'
01:56:24.470 [Forwarding isElementDisplayed on session 1b49645851757f08876d5b1b9fd2dafb86e65a9b to remote] DEBUG org.asynchttpclient.netty.request.NettyRequestSender -- Using open Channel [id: 0x8cce8e46, L:/192.168.1.60:63640 - R:hub-cloud.browserstack.com/207.254.8.9:443] for GET '/wd/hub/session/1b49645851757f08876d5b1b9fd2dafb86e65a9b/element/5527f559-0c88-489d-842a-2ab37506a086/displayed'
01:56:24.583 [AsyncHttpClient-1-7] DEBUG org.asynchttpclient.netty.handler.HttpHandler -- 

Request DefaultFullHttpRequest(decodeResult: success, version: HTTP/1.1, content: EmptyByteBufBE)
GET /wd/hub/session/1b49645851757f08876d5b1b9fd2dafb86e65a9b/element/5527f559-0c88-489d-842a-2ab37506a086/displayed HTTP/1.1
User-Agent: appium/8.3.0 (selenium/4.8.0 (java mac))
Cache-Control: no-cache
Content-Type: application/json; charset=utf-8
host: hub-cloud.browserstack.com
authorization: Basic Y2VzYXJzdGV2ZW5yaW9zdV9aNWtmdDg6WDJ2Z1hoM0xGdG85c0R4VVJid1A=
accept: */*

Response DefaultHttpResponse(decodeResult: success, version: HTTP/1.1)
HTTP/1.1 200 OK
Server: nginx
Date: Mon, 05 Jun 2023 06:56:24 GMT
Content-Type: application/json; charset=utf-8
Content-Length: 14
Connection: keep-alive
Source-From: 02
x-powered-by: Express
etag: W/"e-2ZHvAWebNQpyjGZTg6uyV8/spTo"

01:56:24.583 [AsyncHttpClient-1-7] DEBUG org.asynchttpclient.netty.channel.ChannelManager -- Adding key: https://hub-cloud.browserstack.com:443 for channel [id: 0x8cce8e46, L:/192.168.1.60:63640 - R:hub-cloud.browserstack.com/207.254.8.9:443]
01:56:24.584 [Forwarding isElementDisplayed on session 1b49645851757f08876d5b1b9fd2dafb86e65a9b to remote] DEBUG org.asynchttpclient.netty.request.NettyRequestSender -- Using pooled Channel '[id: 0x8cce8e46, L:/192.168.1.60:63640 - R:hub-cloud.browserstack.com/207.254.8.9:443]' for 'GET' to 'https://cesarstevenriosu_Z5kft8:X2vgXh3LFto9sDxURbwP@hub-cloud.browserstack.com/wd/hub/session/1b49645851757f08876d5b1b9fd2dafb86e65a9b/element/5527f559-0c88-489d-842a-2ab37506a086/displayed'
01:56:24.585 [Forwarding isElementDisplayed on session 1b49645851757f08876d5b1b9fd2dafb86e65a9b to remote] DEBUG org.asynchttpclient.netty.request.NettyRequestSender -- Using open Channel [id: 0x8cce8e46, L:/192.168.1.60:63640 - R:hub-cloud.browserstack.com/207.254.8.9:443] for GET '/wd/hub/session/1b49645851757f08876d5b1b9fd2dafb86e65a9b/element/5527f559-0c88-489d-842a-2ab37506a086/displayed'
01:56:24.818 [AsyncHttpClient-1-7] DEBUG org.asynchttpclient.netty.handler.HttpHandler -- 

Request DefaultFullHttpRequest(decodeResult: success, version: HTTP/1.1, content: EmptyByteBufBE)
GET /wd/hub/session/1b49645851757f08876d5b1b9fd2dafb86e65a9b/element/5527f559-0c88-489d-842a-2ab37506a086/displayed HTTP/1.1
User-Agent: appium/8.3.0 (selenium/4.8.0 (java mac))
Cache-Control: no-cache
Content-Type: application/json; charset=utf-8
host: hub-cloud.browserstack.com
authorization: Basic Y2VzYXJzdGV2ZW5yaW9zdV9aNWtmdDg6WDJ2Z1hoM0xGdG85c0R4VVJid1A=
accept: */*

Response DefaultHttpResponse(decodeResult: success, version: HTTP/1.1)
HTTP/1.1 200 OK
Server: nginx
Date: Mon, 05 Jun 2023 06:56:24 GMT
Content-Type: application/json; charset=utf-8
Content-Length: 14
Connection: keep-alive
Source-From: 02
x-powered-by: Express
etag: W/"e-2ZHvAWebNQpyjGZTg6uyV8/spTo"

01:56:24.818 [AsyncHttpClient-1-7] DEBUG org.asynchttpclient.netty.channel.ChannelManager -- Adding key: https://hub-cloud.browserstack.com:443 for channel [id: 0x8cce8e46, L:/192.168.1.60:63640 - R:hub-cloud.browserstack.com/207.254.8.9:443]
01:56:24.827 [Forwarding screenshot on session 1b49645851757f08876d5b1b9fd2dafb86e65a9b to remote] DEBUG org.asynchttpclient.netty.request.NettyRequestSender -- Using pooled Channel '[id: 0x8cce8e46, L:/192.168.1.60:63640 - R:hub-cloud.browserstack.com/207.254.8.9:443]' for 'GET' to 'https://cesarstevenriosu_Z5kft8:X2vgXh3LFto9sDxURbwP@hub-cloud.browserstack.com/wd/hub/session/1b49645851757f08876d5b1b9fd2dafb86e65a9b/screenshot'
01:56:24.827 [Forwarding screenshot on session 1b49645851757f08876d5b1b9fd2dafb86e65a9b to remote] DEBUG org.asynchttpclient.netty.request.NettyRequestSender -- Using open Channel [id: 0x8cce8e46, L:/192.168.1.60:63640 - R:hub-cloud.browserstack.com/207.254.8.9:443] for GET '/wd/hub/session/1b49645851757f08876d5b1b9fd2dafb86e65a9b/screenshot'
01:56:25.196 [AsyncHttpClient-1-7] DEBUG org.asynchttpclient.netty.handler.HttpHandler -- 

Request DefaultFullHttpRequest(decodeResult: success, version: HTTP/1.1, content: EmptyByteBufBE)
GET /wd/hub/session/1b49645851757f08876d5b1b9fd2dafb86e65a9b/screenshot HTTP/1.1
User-Agent: appium/8.3.0 (selenium/4.8.0 (java mac))
Cache-Control: no-cache
Content-Type: application/json; charset=utf-8
host: hub-cloud.browserstack.com
authorization: Basic Y2VzYXJzdGV2ZW5yaW9zdV9aNWtmdDg6WDJ2Z1hoM0xGdG85c0R4VVJid1A=
accept: */*

Response DefaultHttpResponse(decodeResult: success, version: HTTP/1.1)
HTTP/1.1 200 OK
Server: nginx
Date: Mon, 05 Jun 2023 06:56:25 GMT
Content-Type: application/json; charset=utf-8
Content-Length: 124748
Connection: keep-alive
Source-From: 02
x-powered-by: Express
etag: W/"1e74c-WCDx6+wKNq3hGDBJXw0gO1wZOow"

01:56:25.419 [AsyncHttpClient-1-7] DEBUG org.asynchttpclient.netty.channel.ChannelManager -- Adding key: https://hub-cloud.browserstack.com:443 for channel [id: 0x8cce8e46, L:/192.168.1.60:63640 - R:hub-cloud.browserstack.com/207.254.8.9:443]
01:56:25.441 [main] DEBUG net.serenitybdd.core.photography.Darkroom -- Send negative for processing for target/site/serenity/9a29855ca8db141b269dc0fa929f271bd0eb3ea3b4398607cc2700c1b5a456ba.png
01:56:25.441 [Darkroom Processing Line] DEBUG net.serenitybdd.core.photography.DarkroomProcessingLine -- Processing screenshot image in /var/screenshots/screenshot-2868969651235693250
01:56:25.441 [Darkroom Processing Line] DEBUG net.serenitybdd.core.photography.DarkroomProcessingLine -- Saving screenshot to target/site/serenity/9a29855ca8db141b269dc0fa929f271bd0eb3ea3b4398607cc2700c1b5a456ba.png
01:56:25.441 [main] DEBUG net.thucydides.core.steps.StepInterceptor -- STEP DONE: goToLoginPage
  &amp#27;[32mGiven &amp#27;[0m&amp#27;[32mthat the user enters the login&amp#27;[0m                                     &amp#27;[90m# stepDefinitions.SignInDefinitions.goToLoginScreen()&amp#27;[0m
01:56:25.458 [Forwarding getPageSource on session 1b49645851757f08876d5b1b9fd2dafb86e65a9b to remote] DEBUG org.asynchttpclient.netty.request.NettyRequestSender -- Using pooled Channel '[id: 0x8cce8e46, L:/192.168.1.60:63640 - R:hub-cloud.browserstack.com/207.254.8.9:443]' for 'GET' to 'https://cesarstevenriosu_Z5kft8:X2vgXh3LFto9sDxURbwP@hub-cloud.browserstack.com/wd/hub/session/1b49645851757f08876d5b1b9fd2dafb86e65a9b/source'
01:56:25.458 [Forwarding getPageSource on session 1b49645851757f08876d5b1b9fd2dafb86e65a9b to remote] DEBUG org.asynchttpclient.netty.request.NettyRequestSender -- Using open Channel [id: 0x8cce8e46, L:/192.168.1.60:63640 - R:hub-cloud.browserstack.com/207.254.8.9:443] for GET '/wd/hub/session/1b49645851757f08876d5b1b9fd2dafb86e65a9b/source'
01:56:25.583 [AsyncHttpClient-1-7] DEBUG org.asynchttpclient.netty.handler.HttpHandler -- 

Request DefaultFullHttpRequest(decodeResult: success, version: HTTP/1.1, content: EmptyByteBufBE)
GET /wd/hub/session/1b49645851757f08876d5b1b9fd2dafb86e65a9b/source HTTP/1.1
User-Agent: appium/8.3.0 (selenium/4.8.0 (java mac))
Cache-Control: no-cache
Content-Type: application/json; charset=utf-8
host: hub-cloud.browserstack.com
authorization: Basic Y2VzYXJzdGV2ZW5yaW9zdV9aNWtmdDg6WDJ2Z1hoM0xGdG85c0R4VVJid1A=
accept: */*

Response DefaultHttpResponse(decodeResult: success, version: HTTP/1.1)
HTTP/1.1 200 OK
Server: nginx
Date: Mon, 05 Jun 2023 06:56:25 GMT
Content-Type: application/json; charset=utf-8
Content-Length: 25267
Connection: keep-alive
Source-From: 02
x-powered-by: Express
etag: W/"62af-4UYRYAiq6iXaM9cXhpl0gaIUetg"

01:56:25.606 [AsyncHttpClient-1-7] DEBUG org.asynchttpclient.netty.channel.ChannelManager -- Adding key: https://hub-cloud.browserstack.com:443 for channel [id: 0x8cce8e46, L:/192.168.1.60:63640 - R:hub-cloud.browserstack.com/207.254.8.9:443]
01:56:25.618 [Forwarding screenshot on session 1b49645851757f08876d5b1b9fd2dafb86e65a9b to remote] DEBUG org.asynchttpclient.netty.request.NettyRequestSender -- Using pooled Channel '[id: 0x8cce8e46, L:/192.168.1.60:63640 - R:hub-cloud.browserstack.com/207.254.8.9:443]' for 'GET' to 'https://cesarstevenriosu_Z5kft8:X2vgXh3LFto9sDxURbwP@hub-cloud.browserstack.com/wd/hub/session/1b49645851757f08876d5b1b9fd2dafb86e65a9b/screenshot'
01:56:25.618 [Forwarding screenshot on session 1b49645851757f08876d5b1b9fd2dafb86e65a9b to remote] DEBUG org.asynchttpclient.netty.request.NettyRequestSender -- Using open Channel [id: 0x8cce8e46, L:/192.168.1.60:63640 - R:hub-cloud.browserstack.com/207.254.8.9:443] for GET '/wd/hub/session/1b49645851757f08876d5b1b9fd2dafb86e65a9b/screenshot'
01:56:26.102 [AsyncHttpClient-1-7] DEBUG org.asynchttpclient.netty.handler.HttpHandler -- 

Request DefaultFullHttpRequest(decodeResult: success, version: HTTP/1.1, content: EmptyByteBufBE)
GET /wd/hub/session/1b49645851757f08876d5b1b9fd2dafb86e65a9b/screenshot HTTP/1.1
User-Agent: appium/8.3.0 (selenium/4.8.0 (java mac))
Cache-Control: no-cache
Content-Type: application/json; charset=utf-8
host: hub-cloud.browserstack.com
authorization: Basic Y2VzYXJzdGV2ZW5yaW9zdV9aNWtmdDg6WDJ2Z1hoM0xGdG85c0R4VVJid1A=
accept: */*

Response DefaultHttpResponse(decodeResult: success, version: HTTP/1.1)
HTTP/1.1 200 OK
Server: nginx
Date: Mon, 05 Jun 2023 06:56:26 GMT
Content-Type: application/json; charset=utf-8
Content-Length: 124748
Connection: keep-alive
Source-From: 02
x-powered-by: Express
etag: W/"1e74c-WCDx6+wKNq3hGDBJXw0gO1wZOow"

01:56:26.204 [AsyncHttpClient-1-7] DEBUG org.asynchttpclient.netty.channel.ChannelManager -- Adding key: https://hub-cloud.browserstack.com:443 for channel [id: 0x8cce8e46, L:/192.168.1.60:63640 - R:hub-cloud.browserstack.com/207.254.8.9:443]
01:56:26.216 [main] DEBUG net.serenitybdd.core.photography.Darkroom -- Send negative for processing for target/site/serenity/9a29855ca8db141b269dc0fa929f271bd0eb3ea3b4398607cc2700c1b5a456ba.png
01:56:26.217 [Forwarding getPageSource on session 1b49645851757f08876d5b1b9fd2dafb86e65a9b to remote] DEBUG org.asynchttpclient.netty.request.NettyRequestSender -- Using pooled Channel '[id: 0x8cce8e46, L:/192.168.1.60:63640 - R:hub-cloud.browserstack.com/207.254.8.9:443]' for 'GET' to 'https://cesarstevenriosu_Z5kft8:X2vgXh3LFto9sDxURbwP@hub-cloud.browserstack.com/wd/hub/session/1b49645851757f08876d5b1b9fd2dafb86e65a9b/source'
01:56:26.217 [Forwarding getPageSource on session 1b49645851757f08876d5b1b9fd2dafb86e65a9b to remote] DEBUG org.asynchttpclient.netty.request.NettyRequestSender -- Using open Channel [id: 0x8cce8e46, L:/192.168.1.60:63640 - R:hub-cloud.browserstack.com/207.254.8.9:443] for GET '/wd/hub/session/1b49645851757f08876d5b1b9fd2dafb86e65a9b/source'
01:56:26.385 [AsyncHttpClient-1-7] DEBUG org.asynchttpclient.netty.handler.HttpHandler -- 

Request DefaultFullHttpRequest(decodeResult: success, version: HTTP/1.1, content: EmptyByteBufBE)
GET /wd/hub/session/1b49645851757f08876d5b1b9fd2dafb86e65a9b/source HTTP/1.1
User-Agent: appium/8.3.0 (selenium/4.8.0 (java mac))
Cache-Control: no-cache
Content-Type: application/json; charset=utf-8
host: hub-cloud.browserstack.com
authorization: Basic Y2VzYXJzdGV2ZW5yaW9zdV9aNWtmdDg6WDJ2Z1hoM0xGdG85c0R4VVJid1A=
accept: */*

Response DefaultHttpResponse(decodeResult: success, version: HTTP/1.1)
HTTP/1.1 200 OK
Server: nginx
Date: Mon, 05 Jun 2023 06:56:26 GMT
Content-Type: application/json; charset=utf-8
Content-Length: 25267
Connection: keep-alive
Source-From: 02
x-powered-by: Express
etag: W/"62af-4UYRYAiq6iXaM9cXhpl0gaIUetg"

01:56:26.389 [AsyncHttpClient-1-7] DEBUG org.asynchttpclient.netty.channel.ChannelManager -- Adding key: https://hub-cloud.browserstack.com:443 for channel [id: 0x8cce8e46, L:/192.168.1.60:63640 - R:hub-cloud.browserstack.com/207.254.8.9:443]
01:56:26.394 [main] DEBUG net.thucydides.core.steps.StepInterceptor -- STARTING STEP: SignInDefinitions.signInUserWithIncorrectEmailFormat - incorrectMailFormat
01:56:26.398 [Forwarding setTimeout on session 1b49645851757f08876d5b1b9fd2dafb86e65a9b to remote] DEBUG org.asynchttpclient.netty.request.NettyRequestSender -- Using pooled Channel '[id: 0x8cce8e46, L:/192.168.1.60:63640 - R:hub-cloud.browserstack.com/207.254.8.9:443]' for 'POST' to 'https://cesarstevenriosu_Z5kft8:X2vgXh3LFto9sDxURbwP@hub-cloud.browserstack.com/wd/hub/session/1b49645851757f08876d5b1b9fd2dafb86e65a9b/timeouts'
01:56:26.398 [Forwarding setTimeout on session 1b49645851757f08876d5b1b9fd2dafb86e65a9b to remote] DEBUG org.asynchttpclient.netty.request.NettyRequestSender -- Using open Channel [id: 0x8cce8e46, L:/192.168.1.60:63640 - R:hub-cloud.browserstack.com/207.254.8.9:443] for POST '/wd/hub/session/1b49645851757f08876d5b1b9fd2dafb86e65a9b/timeouts'
01:56:26.589 [AsyncHttpClient-1-7] DEBUG org.asynchttpclient.netty.handler.HttpHandler -- 

Request DefaultHttpRequest(decodeResult: success, version: HTTP/1.1)
POST /wd/hub/session/1b49645851757f08876d5b1b9fd2dafb86e65a9b/timeouts HTTP/1.1
User-Agent: appium/8.3.0 (selenium/4.8.0 (java mac))
Content-Length: 19
Content-Type: application/json; charset=utf-8
host: hub-cloud.browserstack.com
authorization: Basic Y2VzYXJzdGV2ZW5yaW9zdV9aNWtmdDg6WDJ2Z1hoM0xGdG85c0R4VVJid1A=
accept: */*

Response DefaultHttpResponse(decodeResult: success, version: HTTP/1.1)
HTTP/1.1 200 OK
Server: nginx
Date: Mon, 05 Jun 2023 06:56:26 GMT
Content-Type: application/json; charset=utf-8
Content-Length: 14
Connection: keep-alive
Source-From: 02
x-powered-by: Express
vary: X-HTTP-Method-Override
etag: W/"e-9/1BuKMgFObM1mWJm+YjxtXJnUM"

01:56:26.589 [AsyncHttpClient-1-7] DEBUG org.asynchttpclient.netty.channel.ChannelManager -- Adding key: https://hub-cloud.browserstack.com:443 for channel [id: 0x8cce8e46, L:/192.168.1.60:63640 - R:hub-cloud.browserstack.com/207.254.8.9:443]
01:56:26.591 [Forwarding findElement on session 1b49645851757f08876d5b1b9fd2dafb86e65a9b to remote] DEBUG org.asynchttpclient.netty.request.NettyRequestSender -- Using pooled Channel '[id: 0x8cce8e46, L:/192.168.1.60:63640 - R:hub-cloud.browserstack.com/207.254.8.9:443]' for 'POST' to 'https://cesarstevenriosu_Z5kft8:X2vgXh3LFto9sDxURbwP@hub-cloud.browserstack.com/wd/hub/session/1b49645851757f08876d5b1b9fd2dafb86e65a9b/element'
01:56:26.591 [Forwarding findElement on session 1b49645851757f08876d5b1b9fd2dafb86e65a9b to remote] DEBUG org.asynchttpclient.netty.request.NettyRequestSender -- Using open Channel [id: 0x8cce8e46, L:/192.168.1.60:63640 - R:hub-cloud.browserstack.com/207.254.8.9:443] for POST '/wd/hub/session/1b49645851757f08876d5b1b9fd2dafb86e65a9b/element'
01:56:26.714 [AsyncHttpClient-1-7] DEBUG org.asynchttpclient.netty.handler.HttpHandler -- 

Request DefaultHttpRequest(decodeResult: success, version: HTTP/1.1)
POST /wd/hub/session/1b49645851757f08876d5b1b9fd2dafb86e65a9b/element HTTP/1.1
User-Agent: appium/8.3.0 (selenium/4.8.0 (java mac))
Content-Length: 190
Content-Type: application/json; charset=utf-8
host: hub-cloud.browserstack.com
authorization: Basic Y2VzYXJzdGV2ZW5yaW9zdV9aNWtmdDg6WDJ2Z1hoM0xGdG85c0R4VVJid1A=
accept: */*

Response DefaultHttpResponse(decodeResult: success, version: HTTP/1.1)
HTTP/1.1 200 OK
Server: nginx
Date: Mon, 05 Jun 2023 06:56:26 GMT
Content-Type: application/json; charset=utf-8
Content-Length: 137
Connection: keep-alive
Source-From: 02
x-powered-by: Express
vary: X-HTTP-Method-Override
etag: W/"89-pQmsJ+m25eV4YQZq+WpD04UvEgg"

01:56:26.714 [AsyncHttpClient-1-7] DEBUG org.asynchttpclient.netty.channel.ChannelManager -- Adding key: https://hub-cloud.browserstack.com:443 for channel [id: 0x8cce8e46, L:/192.168.1.60:63640 - R:hub-cloud.browserstack.com/207.254.8.9:443]
01:56:26.716 [Forwarding setTimeout on session 1b49645851757f08876d5b1b9fd2dafb86e65a9b to remote] DEBUG org.asynchttpclient.netty.request.NettyRequestSender -- Using pooled Channel '[id: 0x8cce8e46, L:/192.168.1.60:63640 - R:hub-cloud.browserstack.com/207.254.8.9:443]' for 'POST' to 'https://cesarstevenriosu_Z5kft8:X2vgXh3LFto9sDxURbwP@hub-cloud.browserstack.com/wd/hub/session/1b49645851757f08876d5b1b9fd2dafb86e65a9b/timeouts'
01:56:26.716 [Forwarding setTimeout on session 1b49645851757f08876d5b1b9fd2dafb86e65a9b to remote] DEBUG org.asynchttpclient.netty.request.NettyRequestSender -- Using open Channel [id: 0x8cce8e46, L:/192.168.1.60:63640 - R:hub-cloud.browserstack.com/207.254.8.9:443] for POST '/wd/hub/session/1b49645851757f08876d5b1b9fd2dafb86e65a9b/timeouts'
01:56:27.045 [AsyncHttpClient-1-7] DEBUG org.asynchttpclient.netty.handler.HttpHandler -- 

Request DefaultHttpRequest(decodeResult: success, version: HTTP/1.1)
POST /wd/hub/session/1b49645851757f08876d5b1b9fd2dafb86e65a9b/timeouts HTTP/1.1
User-Agent: appium/8.3.0 (selenium/4.8.0 (java mac))
Content-Length: 23
Content-Type: application/json; charset=utf-8
host: hub-cloud.browserstack.com
authorization: Basic Y2VzYXJzdGV2ZW5yaW9zdV9aNWtmdDg6WDJ2Z1hoM0xGdG85c0R4VVJid1A=
accept: */*

Response DefaultHttpResponse(decodeResult: success, version: HTTP/1.1)
HTTP/1.1 200 OK
Server: nginx
Date: Mon, 05 Jun 2023 06:56:27 GMT
Content-Type: application/json; charset=utf-8
Content-Length: 14
Connection: keep-alive
Source-From: 02
x-powered-by: Express
vary: X-HTTP-Method-Override
etag: W/"e-9/1BuKMgFObM1mWJm+YjxtXJnUM"

01:56:27.045 [AsyncHttpClient-1-7] DEBUG org.asynchttpclient.netty.channel.ChannelManager -- Adding key: https://hub-cloud.browserstack.com:443 for channel [id: 0x8cce8e46, L:/192.168.1.60:63640 - R:hub-cloud.browserstack.com/207.254.8.9:443]
01:56:27.050 [Forwarding setTimeout on session 1b49645851757f08876d5b1b9fd2dafb86e65a9b to remote] DEBUG org.asynchttpclient.netty.request.NettyRequestSender -- Using pooled Channel '[id: 0x8cce8e46, L:/192.168.1.60:63640 - R:hub-cloud.browserstack.com/207.254.8.9:443]' for 'POST' to 'https://cesarstevenriosu_Z5kft8:X2vgXh3LFto9sDxURbwP@hub-cloud.browserstack.com/wd/hub/session/1b49645851757f08876d5b1b9fd2dafb86e65a9b/timeouts'
01:56:27.050 [Forwarding setTimeout on session 1b49645851757f08876d5b1b9fd2dafb86e65a9b to remote] DEBUG org.asynchttpclient.netty.request.NettyRequestSender -- Using open Channel [id: 0x8cce8e46, L:/192.168.1.60:63640 - R:hub-cloud.browserstack.com/207.254.8.9:443] for POST '/wd/hub/session/1b49645851757f08876d5b1b9fd2dafb86e65a9b/timeouts'
01:56:27.130 [AsyncHttpClient-1-7] DEBUG org.asynchttpclient.netty.handler.HttpHandler -- 

Request DefaultHttpRequest(decodeResult: success, version: HTTP/1.1)
POST /wd/hub/session/1b49645851757f08876d5b1b9fd2dafb86e65a9b/timeouts HTTP/1.1
User-Agent: appium/8.3.0 (selenium/4.8.0 (java mac))
Content-Length: 19
Content-Type: application/json; charset=utf-8
host: hub-cloud.browserstack.com
authorization: Basic Y2VzYXJzdGV2ZW5yaW9zdV9aNWtmdDg6WDJ2Z1hoM0xGdG85c0R4VVJid1A=
accept: */*

Response DefaultHttpResponse(decodeResult: success, version: HTTP/1.1)
HTTP/1.1 200 OK
Server: nginx
Date: Mon, 05 Jun 2023 06:56:27 GMT
Content-Type: application/json; charset=utf-8
Content-Length: 14
Connection: keep-alive
Source-From: 02
x-powered-by: Express
vary: X-HTTP-Method-Override
etag: W/"e-9/1BuKMgFObM1mWJm+YjxtXJnUM"

01:56:27.130 [AsyncHttpClient-1-7] DEBUG org.asynchttpclient.netty.channel.ChannelManager -- Adding key: https://hub-cloud.browserstack.com:443 for channel [id: 0x8cce8e46, L:/192.168.1.60:63640 - R:hub-cloud.browserstack.com/207.254.8.9:443]
01:56:27.132 [Forwarding findElement on session 1b49645851757f08876d5b1b9fd2dafb86e65a9b to remote] DEBUG org.asynchttpclient.netty.request.NettyRequestSender -- Using pooled Channel '[id: 0x8cce8e46, L:/192.168.1.60:63640 - R:hub-cloud.browserstack.com/207.254.8.9:443]' for 'POST' to 'https://cesarstevenriosu_Z5kft8:X2vgXh3LFto9sDxURbwP@hub-cloud.browserstack.com/wd/hub/session/1b49645851757f08876d5b1b9fd2dafb86e65a9b/element'
01:56:27.132 [Forwarding findElement on session 1b49645851757f08876d5b1b9fd2dafb86e65a9b to remote] DEBUG org.asynchttpclient.netty.request.NettyRequestSender -- Using open Channel [id: 0x8cce8e46, L:/192.168.1.60:63640 - R:hub-cloud.browserstack.com/207.254.8.9:443] for POST '/wd/hub/session/1b49645851757f08876d5b1b9fd2dafb86e65a9b/element'
01:56:27.303 [AsyncHttpClient-1-7] DEBUG org.asynchttpclient.netty.handler.HttpHandler -- 

Request DefaultHttpRequest(decodeResult: success, version: HTTP/1.1)
POST /wd/hub/session/1b49645851757f08876d5b1b9fd2dafb86e65a9b/element HTTP/1.1
User-Agent: appium/8.3.0 (selenium/4.8.0 (java mac))
Content-Length: 190
Content-Type: application/json; charset=utf-8
host: hub-cloud.browserstack.com
authorization: Basic Y2VzYXJzdGV2ZW5yaW9zdV9aNWtmdDg6WDJ2Z1hoM0xGdG85c0R4VVJid1A=
accept: */*

Response DefaultHttpResponse(decodeResult: success, version: HTTP/1.1)
HTTP/1.1 200 OK
Server: nginx
Date: Mon, 05 Jun 2023 06:56:27 GMT
Content-Type: application/json; charset=utf-8
Content-Length: 137
Connection: keep-alive
Source-From: 02
x-powered-by: Express
vary: X-HTTP-Method-Override
etag: W/"89-XlRKRIQKSxI0OWOcY4Rg1feaoGk"

01:56:27.303 [AsyncHttpClient-1-7] DEBUG org.asynchttpclient.netty.channel.ChannelManager -- Adding key: https://hub-cloud.browserstack.com:443 for channel [id: 0x8cce8e46, L:/192.168.1.60:63640 - R:hub-cloud.browserstack.com/207.254.8.9:443]
01:56:27.304 [Forwarding setTimeout on session 1b49645851757f08876d5b1b9fd2dafb86e65a9b to remote] DEBUG org.asynchttpclient.netty.request.NettyRequestSender -- Using pooled Channel '[id: 0x8cce8e46, L:/192.168.1.60:63640 - R:hub-cloud.browserstack.com/207.254.8.9:443]' for 'POST' to 'https://cesarstevenriosu_Z5kft8:X2vgXh3LFto9sDxURbwP@hub-cloud.browserstack.com/wd/hub/session/1b49645851757f08876d5b1b9fd2dafb86e65a9b/timeouts'
01:56:27.305 [Forwarding setTimeout on session 1b49645851757f08876d5b1b9fd2dafb86e65a9b to remote] DEBUG org.asynchttpclient.netty.request.NettyRequestSender -- Using open Channel [id: 0x8cce8e46, L:/192.168.1.60:63640 - R:hub-cloud.browserstack.com/207.254.8.9:443] for POST '/wd/hub/session/1b49645851757f08876d5b1b9fd2dafb86e65a9b/timeouts'
01:56:27.456 [AsyncHttpClient-1-7] DEBUG org.asynchttpclient.netty.handler.HttpHandler -- 

Request DefaultHttpRequest(decodeResult: success, version: HTTP/1.1)
POST /wd/hub/session/1b49645851757f08876d5b1b9fd2dafb86e65a9b/timeouts HTTP/1.1
User-Agent: appium/8.3.0 (selenium/4.8.0 (java mac))
Content-Length: 23
Content-Type: application/json; charset=utf-8
host: hub-cloud.browserstack.com
authorization: Basic Y2VzYXJzdGV2ZW5yaW9zdV9aNWtmdDg6WDJ2Z1hoM0xGdG85c0R4VVJid1A=
accept: */*

Response DefaultHttpResponse(decodeResult: success, version: HTTP/1.1)
HTTP/1.1 200 OK
Server: nginx
Date: Mon, 05 Jun 2023 06:56:27 GMT
Content-Type: application/json; charset=utf-8
Content-Length: 14
Connection: keep-alive
Source-From: 02
x-powered-by: Express
vary: X-HTTP-Method-Override
etag: W/"e-9/1BuKMgFObM1mWJm+YjxtXJnUM"

01:56:27.456 [AsyncHttpClient-1-7] DEBUG org.asynchttpclient.netty.channel.ChannelManager -- Adding key: https://hub-cloud.browserstack.com:443 for channel [id: 0x8cce8e46, L:/192.168.1.60:63640 - R:hub-cloud.browserstack.com/207.254.8.9:443]
01:56:27.457 [Forwarding isElementDisplayed on session 1b49645851757f08876d5b1b9fd2dafb86e65a9b to remote] DEBUG org.asynchttpclient.netty.request.NettyRequestSender -- Using pooled Channel '[id: 0x8cce8e46, L:/192.168.1.60:63640 - R:hub-cloud.browserstack.com/207.254.8.9:443]' for 'GET' to 'https://cesarstevenriosu_Z5kft8:X2vgXh3LFto9sDxURbwP@hub-cloud.browserstack.com/wd/hub/session/1b49645851757f08876d5b1b9fd2dafb86e65a9b/element/97d1e2e8-3696-4286-9359-c9108e75da8c/displayed'
01:56:27.457 [Forwarding isElementDisplayed on session 1b49645851757f08876d5b1b9fd2dafb86e65a9b to remote] DEBUG org.asynchttpclient.netty.request.NettyRequestSender -- Using open Channel [id: 0x8cce8e46, L:/192.168.1.60:63640 - R:hub-cloud.browserstack.com/207.254.8.9:443] for GET '/wd/hub/session/1b49645851757f08876d5b1b9fd2dafb86e65a9b/element/97d1e2e8-3696-4286-9359-c9108e75da8c/displayed'
01:56:27.619 [AsyncHttpClient-1-7] DEBUG org.asynchttpclient.netty.handler.HttpHandler -- 

Request DefaultFullHttpRequest(decodeResult: success, version: HTTP/1.1, content: EmptyByteBufBE)
GET /wd/hub/session/1b49645851757f08876d5b1b9fd2dafb86e65a9b/element/97d1e2e8-3696-4286-9359-c9108e75da8c/displayed HTTP/1.1
User-Agent: appium/8.3.0 (selenium/4.8.0 (java mac))
Cache-Control: no-cache
Content-Type: application/json; charset=utf-8
host: hub-cloud.browserstack.com
authorization: Basic Y2VzYXJzdGV2ZW5yaW9zdV9aNWtmdDg6WDJ2Z1hoM0xGdG85c0R4VVJid1A=
accept: */*

Response DefaultHttpResponse(decodeResult: success, version: HTTP/1.1)
HTTP/1.1 200 OK
Server: nginx
Date: Mon, 05 Jun 2023 06:56:27 GMT
Content-Type: application/json; charset=utf-8
Content-Length: 14
Connection: keep-alive
Source-From: 02
x-powered-by: Express
etag: W/"e-2ZHvAWebNQpyjGZTg6uyV8/spTo"

01:56:27.619 [AsyncHttpClient-1-7] DEBUG org.asynchttpclient.netty.channel.ChannelManager -- Adding key: https://hub-cloud.browserstack.com:443 for channel [id: 0x8cce8e46, L:/192.168.1.60:63640 - R:hub-cloud.browserstack.com/207.254.8.9:443]
01:56:27.621 [Forwarding setTimeout on session 1b49645851757f08876d5b1b9fd2dafb86e65a9b to remote] DEBUG org.asynchttpclient.netty.request.NettyRequestSender -- Using pooled Channel '[id: 0x8cce8e46, L:/192.168.1.60:63640 - R:hub-cloud.browserstack.com/207.254.8.9:443]' for 'POST' to 'https://cesarstevenriosu_Z5kft8:X2vgXh3LFto9sDxURbwP@hub-cloud.browserstack.com/wd/hub/session/1b49645851757f08876d5b1b9fd2dafb86e65a9b/timeouts'
01:56:27.622 [Forwarding setTimeout on session 1b49645851757f08876d5b1b9fd2dafb86e65a9b to remote] DEBUG org.asynchttpclient.netty.request.NettyRequestSender -- Using open Channel [id: 0x8cce8e46, L:/192.168.1.60:63640 - R:hub-cloud.browserstack.com/207.254.8.9:443] for POST '/wd/hub/session/1b49645851757f08876d5b1b9fd2dafb86e65a9b/timeouts'
01:56:27.713 [AsyncHttpClient-1-7] DEBUG org.asynchttpclient.netty.handler.HttpHandler -- 

Request DefaultHttpRequest(decodeResult: success, version: HTTP/1.1)
POST /wd/hub/session/1b49645851757f08876d5b1b9fd2dafb86e65a9b/timeouts HTTP/1.1
User-Agent: appium/8.3.0 (selenium/4.8.0 (java mac))
Content-Length: 23
Content-Type: application/json; charset=utf-8
host: hub-cloud.browserstack.com
authorization: Basic Y2VzYXJzdGV2ZW5yaW9zdV9aNWtmdDg6WDJ2Z1hoM0xGdG85c0R4VVJid1A=
accept: */*

Response DefaultHttpResponse(decodeResult: success, version: HTTP/1.1)
HTTP/1.1 200 OK
Server: nginx
Date: Mon, 05 Jun 2023 06:56:27 GMT
Content-Type: application/json; charset=utf-8
Content-Length: 14
Connection: keep-alive
Source-From: 02
x-powered-by: Express
vary: X-HTTP-Method-Override
etag: W/"e-9/1BuKMgFObM1mWJm+YjxtXJnUM"

01:56:27.713 [AsyncHttpClient-1-7] DEBUG org.asynchttpclient.netty.channel.ChannelManager -- Adding key: https://hub-cloud.browserstack.com:443 for channel [id: 0x8cce8e46, L:/192.168.1.60:63640 - R:hub-cloud.browserstack.com/207.254.8.9:443]
01:56:27.715 [Forwarding findElement on session 1b49645851757f08876d5b1b9fd2dafb86e65a9b to remote] DEBUG org.asynchttpclient.netty.request.NettyRequestSender -- Using pooled Channel '[id: 0x8cce8e46, L:/192.168.1.60:63640 - R:hub-cloud.browserstack.com/207.254.8.9:443]' for 'POST' to 'https://cesarstevenriosu_Z5kft8:X2vgXh3LFto9sDxURbwP@hub-cloud.browserstack.com/wd/hub/session/1b49645851757f08876d5b1b9fd2dafb86e65a9b/element'
01:56:27.715 [Forwarding findElement on session 1b49645851757f08876d5b1b9fd2dafb86e65a9b to remote] DEBUG org.asynchttpclient.netty.request.NettyRequestSender -- Using open Channel [id: 0x8cce8e46, L:/192.168.1.60:63640 - R:hub-cloud.browserstack.com/207.254.8.9:443] for POST '/wd/hub/session/1b49645851757f08876d5b1b9fd2dafb86e65a9b/element'
01:56:28.017 [AsyncHttpClient-1-7] DEBUG org.asynchttpclient.netty.handler.HttpHandler -- 

Request DefaultHttpRequest(decodeResult: success, version: HTTP/1.1)
POST /wd/hub/session/1b49645851757f08876d5b1b9fd2dafb86e65a9b/element HTTP/1.1
User-Agent: appium/8.3.0 (selenium/4.8.0 (java mac))
Content-Length: 190
Content-Type: application/json; charset=utf-8
host: hub-cloud.browserstack.com
authorization: Basic Y2VzYXJzdGV2ZW5yaW9zdV9aNWtmdDg6WDJ2Z1hoM0xGdG85c0R4VVJid1A=
accept: */*

Response DefaultHttpResponse(decodeResult: success, version: HTTP/1.1)
HTTP/1.1 200 OK
Server: nginx
Date: Mon, 05 Jun 2023 06:56:28 GMT
Content-Type: application/json; charset=utf-8
Content-Length: 137
Connection: keep-alive
Source-From: 02
x-powered-by: Express
vary: X-HTTP-Method-Override
etag: W/"89-FW6UYLP5IKYQx/UVbPl9eRrHHQs"

01:56:28.017 [AsyncHttpClient-1-7] DEBUG org.asynchttpclient.netty.channel.ChannelManager -- Adding key: https://hub-cloud.browserstack.com:443 for channel [id: 0x8cce8e46, L:/192.168.1.60:63640 - R:hub-cloud.browserstack.com/207.254.8.9:443]
01:56:28.018 [Forwarding setTimeout on session 1b49645851757f08876d5b1b9fd2dafb86e65a9b to remote] DEBUG org.asynchttpclient.netty.request.NettyRequestSender -- Using pooled Channel '[id: 0x8cce8e46, L:/192.168.1.60:63640 - R:hub-cloud.browserstack.com/207.254.8.9:443]' for 'POST' to 'https://cesarstevenriosu_Z5kft8:X2vgXh3LFto9sDxURbwP@hub-cloud.browserstack.com/wd/hub/session/1b49645851757f08876d5b1b9fd2dafb86e65a9b/timeouts'
01:56:28.018 [Forwarding setTimeout on session 1b49645851757f08876d5b1b9fd2dafb86e65a9b to remote] DEBUG org.asynchttpclient.netty.request.NettyRequestSender -- Using open Channel [id: 0x8cce8e46, L:/192.168.1.60:63640 - R:hub-cloud.browserstack.com/207.254.8.9:443] for POST '/wd/hub/session/1b49645851757f08876d5b1b9fd2dafb86e65a9b/timeouts'
01:56:28.115 [AsyncHttpClient-1-7] DEBUG org.asynchttpclient.netty.handler.HttpHandler -- 

Request DefaultHttpRequest(decodeResult: success, version: HTTP/1.1)
POST /wd/hub/session/1b49645851757f08876d5b1b9fd2dafb86e65a9b/timeouts HTTP/1.1
User-Agent: appium/8.3.0 (selenium/4.8.0 (java mac))
Content-Length: 23
Content-Type: application/json; charset=utf-8
host: hub-cloud.browserstack.com
authorization: Basic Y2VzYXJzdGV2ZW5yaW9zdV9aNWtmdDg6WDJ2Z1hoM0xGdG85c0R4VVJid1A=
accept: */*

Response DefaultHttpResponse(decodeResult: success, version: HTTP/1.1)
HTTP/1.1 200 OK
Server: nginx
Date: Mon, 05 Jun 2023 06:56:28 GMT
Content-Type: application/json; charset=utf-8
Content-Length: 14
Connection: keep-alive
Source-From: 02
x-powered-by: Express
vary: X-HTTP-Method-Override
etag: W/"e-9/1BuKMgFObM1mWJm+YjxtXJnUM"

01:56:28.115 [AsyncHttpClient-1-7] DEBUG org.asynchttpclient.netty.channel.ChannelManager -- Adding key: https://hub-cloud.browserstack.com:443 for channel [id: 0x8cce8e46, L:/192.168.1.60:63640 - R:hub-cloud.browserstack.com/207.254.8.9:443]
01:56:28.116 [Forwarding isElementDisplayed on session 1b49645851757f08876d5b1b9fd2dafb86e65a9b to remote] DEBUG org.asynchttpclient.netty.request.NettyRequestSender -- Using pooled Channel '[id: 0x8cce8e46, L:/192.168.1.60:63640 - R:hub-cloud.browserstack.com/207.254.8.9:443]' for 'GET' to 'https://cesarstevenriosu_Z5kft8:X2vgXh3LFto9sDxURbwP@hub-cloud.browserstack.com/wd/hub/session/1b49645851757f08876d5b1b9fd2dafb86e65a9b/element/c81e76a5-763b-4516-b77f-b1342e388d50/displayed'
01:56:28.117 [Forwarding isElementDisplayed on session 1b49645851757f08876d5b1b9fd2dafb86e65a9b to remote] DEBUG org.asynchttpclient.netty.request.NettyRequestSender -- Using open Channel [id: 0x8cce8e46, L:/192.168.1.60:63640 - R:hub-cloud.browserstack.com/207.254.8.9:443] for GET '/wd/hub/session/1b49645851757f08876d5b1b9fd2dafb86e65a9b/element/c81e76a5-763b-4516-b77f-b1342e388d50/displayed'
01:56:28.214 [AsyncHttpClient-1-7] DEBUG org.asynchttpclient.netty.handler.HttpHandler -- 

Request DefaultFullHttpRequest(decodeResult: success, version: HTTP/1.1, content: EmptyByteBufBE)
GET /wd/hub/session/1b49645851757f08876d5b1b9fd2dafb86e65a9b/element/c81e76a5-763b-4516-b77f-b1342e388d50/displayed HTTP/1.1
User-Agent: appium/8.3.0 (selenium/4.8.0 (java mac))
Cache-Control: no-cache
Content-Type: application/json; charset=utf-8
host: hub-cloud.browserstack.com
authorization: Basic Y2VzYXJzdGV2ZW5yaW9zdV9aNWtmdDg6WDJ2Z1hoM0xGdG85c0R4VVJid1A=
accept: */*

Response DefaultHttpResponse(decodeResult: success, version: HTTP/1.1)
HTTP/1.1 200 OK
Server: nginx
Date: Mon, 05 Jun 2023 06:56:28 GMT
Content-Type: application/json; charset=utf-8
Content-Length: 14
Connection: keep-alive
Source-From: 02
x-powered-by: Express
etag: W/"e-2ZHvAWebNQpyjGZTg6uyV8/spTo"

01:56:28.214 [AsyncHttpClient-1-7] DEBUG org.asynchttpclient.netty.channel.ChannelManager -- Adding key: https://hub-cloud.browserstack.com:443 for channel [id: 0x8cce8e46, L:/192.168.1.60:63640 - R:hub-cloud.browserstack.com/207.254.8.9:443]
01:56:28.215 [Forwarding isElementDisplayed on session 1b49645851757f08876d5b1b9fd2dafb86e65a9b to remote] DEBUG org.asynchttpclient.netty.request.NettyRequestSender -- Using pooled Channel '[id: 0x8cce8e46, L:/192.168.1.60:63640 - R:hub-cloud.browserstack.com/207.254.8.9:443]' for 'GET' to 'https://cesarstevenriosu_Z5kft8:X2vgXh3LFto9sDxURbwP@hub-cloud.browserstack.com/wd/hub/session/1b49645851757f08876d5b1b9fd2dafb86e65a9b/element/c81e76a5-763b-4516-b77f-b1342e388d50/displayed'
01:56:28.215 [Forwarding isElementDisplayed on session 1b49645851757f08876d5b1b9fd2dafb86e65a9b to remote] DEBUG org.asynchttpclient.netty.request.NettyRequestSender -- Using open Channel [id: 0x8cce8e46, L:/192.168.1.60:63640 - R:hub-cloud.browserstack.com/207.254.8.9:443] for GET '/wd/hub/session/1b49645851757f08876d5b1b9fd2dafb86e65a9b/element/c81e76a5-763b-4516-b77f-b1342e388d50/displayed'
01:56:28.340 [AsyncHttpClient-1-7] DEBUG org.asynchttpclient.netty.handler.HttpHandler -- 

Request DefaultFullHttpRequest(decodeResult: success, version: HTTP/1.1, content: EmptyByteBufBE)
GET /wd/hub/session/1b49645851757f08876d5b1b9fd2dafb86e65a9b/element/c81e76a5-763b-4516-b77f-b1342e388d50/displayed HTTP/1.1
User-Agent: appium/8.3.0 (selenium/4.8.0 (java mac))
Cache-Control: no-cache
Content-Type: application/json; charset=utf-8
host: hub-cloud.browserstack.com
authorization: Basic Y2VzYXJzdGV2ZW5yaW9zdV9aNWtmdDg6WDJ2Z1hoM0xGdG85c0R4VVJid1A=
accept: */*

Response DefaultHttpResponse(decodeResult: success, version: HTTP/1.1)
HTTP/1.1 200 OK
Server: nginx
Date: Mon, 05 Jun 2023 06:56:28 GMT
Content-Type: application/json; charset=utf-8
Content-Length: 14
Connection: keep-alive
Source-From: 02
x-powered-by: Express
etag: W/"e-2ZHvAWebNQpyjGZTg6uyV8/spTo"

01:56:28.340 [AsyncHttpClient-1-7] DEBUG org.asynchttpclient.netty.channel.ChannelManager -- Adding key: https://hub-cloud.browserstack.com:443 for channel [id: 0x8cce8e46, L:/192.168.1.60:63640 - R:hub-cloud.browserstack.com/207.254.8.9:443]
01:56:28.342 [Forwarding setTimeout on session 1b49645851757f08876d5b1b9fd2dafb86e65a9b to remote] DEBUG org.asynchttpclient.netty.request.NettyRequestSender -- Using pooled Channel '[id: 0x8cce8e46, L:/192.168.1.60:63640 - R:hub-cloud.browserstack.com/207.254.8.9:443]' for 'POST' to 'https://cesarstevenriosu_Z5kft8:X2vgXh3LFto9sDxURbwP@hub-cloud.browserstack.com/wd/hub/session/1b49645851757f08876d5b1b9fd2dafb86e65a9b/timeouts'
01:56:28.342 [Forwarding setTimeout on session 1b49645851757f08876d5b1b9fd2dafb86e65a9b to remote] DEBUG org.asynchttpclient.netty.request.NettyRequestSender -- Using open Channel [id: 0x8cce8e46, L:/192.168.1.60:63640 - R:hub-cloud.browserstack.com/207.254.8.9:443] for POST '/wd/hub/session/1b49645851757f08876d5b1b9fd2dafb86e65a9b/timeouts'
01:56:28.463 [AsyncHttpClient-1-7] DEBUG org.asynchttpclient.netty.handler.HttpHandler -- 

Request DefaultHttpRequest(decodeResult: success, version: HTTP/1.1)
POST /wd/hub/session/1b49645851757f08876d5b1b9fd2dafb86e65a9b/timeouts HTTP/1.1
User-Agent: appium/8.3.0 (selenium/4.8.0 (java mac))
Content-Length: 23
Content-Type: application/json; charset=utf-8
host: hub-cloud.browserstack.com
authorization: Basic Y2VzYXJzdGV2ZW5yaW9zdV9aNWtmdDg6WDJ2Z1hoM0xGdG85c0R4VVJid1A=
accept: */*

Response DefaultHttpResponse(decodeResult: success, version: HTTP/1.1)
HTTP/1.1 200 OK
Server: nginx
Date: Mon, 05 Jun 2023 06:56:28 GMT
Content-Type: application/json; charset=utf-8
Content-Length: 14
Connection: keep-alive
Source-From: 02
x-powered-by: Express
vary: X-HTTP-Method-Override
etag: W/"e-9/1BuKMgFObM1mWJm+YjxtXJnUM"

01:56:28.463 [AsyncHttpClient-1-7] DEBUG org.asynchttpclient.netty.channel.ChannelManager -- Adding key: https://hub-cloud.browserstack.com:443 for channel [id: 0x8cce8e46, L:/192.168.1.60:63640 - R:hub-cloud.browserstack.com/207.254.8.9:443]
01:56:28.465 [Forwarding findElement on session 1b49645851757f08876d5b1b9fd2dafb86e65a9b to remote] DEBUG org.asynchttpclient.netty.request.NettyRequestSender -- Using pooled Channel '[id: 0x8cce8e46, L:/192.168.1.60:63640 - R:hub-cloud.browserstack.com/207.254.8.9:443]' for 'POST' to 'https://cesarstevenriosu_Z5kft8:X2vgXh3LFto9sDxURbwP@hub-cloud.browserstack.com/wd/hub/session/1b49645851757f08876d5b1b9fd2dafb86e65a9b/element'
01:56:28.465 [Forwarding findElement on session 1b49645851757f08876d5b1b9fd2dafb86e65a9b to remote] DEBUG org.asynchttpclient.netty.request.NettyRequestSender -- Using open Channel [id: 0x8cce8e46, L:/192.168.1.60:63640 - R:hub-cloud.browserstack.com/207.254.8.9:443] for POST '/wd/hub/session/1b49645851757f08876d5b1b9fd2dafb86e65a9b/element'
01:56:28.720 [AsyncHttpClient-1-7] DEBUG org.asynchttpclient.netty.handler.HttpHandler -- 

Request DefaultHttpRequest(decodeResult: success, version: HTTP/1.1)
POST /wd/hub/session/1b49645851757f08876d5b1b9fd2dafb86e65a9b/element HTTP/1.1
User-Agent: appium/8.3.0 (selenium/4.8.0 (java mac))
Content-Length: 190
Content-Type: application/json; charset=utf-8
host: hub-cloud.browserstack.com
authorization: Basic Y2VzYXJzdGV2ZW5yaW9zdV9aNWtmdDg6WDJ2Z1hoM0xGdG85c0R4VVJid1A=
accept: */*

Response DefaultHttpResponse(decodeResult: success, version: HTTP/1.1)
HTTP/1.1 200 OK
Server: nginx
Date: Mon, 05 Jun 2023 06:56:28 GMT
Content-Type: application/json; charset=utf-8
Content-Length: 137
Connection: keep-alive
Source-From: 02
x-powered-by: Express
vary: X-HTTP-Method-Override
etag: W/"89-vPpq2ZdQS5tVJlsKphiGIf3897E"

01:56:28.720 [AsyncHttpClient-1-7] DEBUG org.asynchttpclient.netty.channel.ChannelManager -- Adding key: https://hub-cloud.browserstack.com:443 for channel [id: 0x8cce8e46, L:/192.168.1.60:63640 - R:hub-cloud.browserstack.com/207.254.8.9:443]
01:56:28.721 [Forwarding setTimeout on session 1b49645851757f08876d5b1b9fd2dafb86e65a9b to remote] DEBUG org.asynchttpclient.netty.request.NettyRequestSender -- Using pooled Channel '[id: 0x8cce8e46, L:/192.168.1.60:63640 - R:hub-cloud.browserstack.com/207.254.8.9:443]' for 'POST' to 'https://cesarstevenriosu_Z5kft8:X2vgXh3LFto9sDxURbwP@hub-cloud.browserstack.com/wd/hub/session/1b49645851757f08876d5b1b9fd2dafb86e65a9b/timeouts'
01:56:28.722 [Forwarding setTimeout on session 1b49645851757f08876d5b1b9fd2dafb86e65a9b to remote] DEBUG org.asynchttpclient.netty.request.NettyRequestSender -- Using open Channel [id: 0x8cce8e46, L:/192.168.1.60:63640 - R:hub-cloud.browserstack.com/207.254.8.9:443] for POST '/wd/hub/session/1b49645851757f08876d5b1b9fd2dafb86e65a9b/timeouts'
01:56:28.852 [AsyncHttpClient-1-7] DEBUG org.asynchttpclient.netty.handler.HttpHandler -- 

Request DefaultHttpRequest(decodeResult: success, version: HTTP/1.1)
POST /wd/hub/session/1b49645851757f08876d5b1b9fd2dafb86e65a9b/timeouts HTTP/1.1
User-Agent: appium/8.3.0 (selenium/4.8.0 (java mac))
Content-Length: 23
Content-Type: application/json; charset=utf-8
host: hub-cloud.browserstack.com
authorization: Basic Y2VzYXJzdGV2ZW5yaW9zdV9aNWtmdDg6WDJ2Z1hoM0xGdG85c0R4VVJid1A=
accept: */*

Response DefaultHttpResponse(decodeResult: success, version: HTTP/1.1)
HTTP/1.1 200 OK
Server: nginx
Date: Mon, 05 Jun 2023 06:56:28 GMT
Content-Type: application/json; charset=utf-8
Content-Length: 14
Connection: keep-alive
Source-From: 02
x-powered-by: Express
vary: X-HTTP-Method-Override
etag: W/"e-9/1BuKMgFObM1mWJm+YjxtXJnUM"

01:56:28.852 [AsyncHttpClient-1-7] DEBUG org.asynchttpclient.netty.channel.ChannelManager -- Adding key: https://hub-cloud.browserstack.com:443 for channel [id: 0x8cce8e46, L:/192.168.1.60:63640 - R:hub-cloud.browserstack.com/207.254.8.9:443]
01:56:28.853 [Forwarding isElementDisplayed on session 1b49645851757f08876d5b1b9fd2dafb86e65a9b to remote] DEBUG org.asynchttpclient.netty.request.NettyRequestSender -- Using pooled Channel '[id: 0x8cce8e46, L:/192.168.1.60:63640 - R:hub-cloud.browserstack.com/207.254.8.9:443]' for 'GET' to 'https://cesarstevenriosu_Z5kft8:X2vgXh3LFto9sDxURbwP@hub-cloud.browserstack.com/wd/hub/session/1b49645851757f08876d5b1b9fd2dafb86e65a9b/element/2ae3acd6-f3af-4572-b3e0-a5eed783626b/displayed'
01:56:28.853 [Forwarding isElementDisplayed on session 1b49645851757f08876d5b1b9fd2dafb86e65a9b to remote] DEBUG org.asynchttpclient.netty.request.NettyRequestSender -- Using open Channel [id: 0x8cce8e46, L:/192.168.1.60:63640 - R:hub-cloud.browserstack.com/207.254.8.9:443] for GET '/wd/hub/session/1b49645851757f08876d5b1b9fd2dafb86e65a9b/element/2ae3acd6-f3af-4572-b3e0-a5eed783626b/displayed'
01:56:29.579 [AsyncHttpClient-1-7] DEBUG org.asynchttpclient.netty.handler.HttpHandler -- 

Request DefaultFullHttpRequest(decodeResult: success, version: HTTP/1.1, content: EmptyByteBufBE)
GET /wd/hub/session/1b49645851757f08876d5b1b9fd2dafb86e65a9b/element/2ae3acd6-f3af-4572-b3e0-a5eed783626b/displayed HTTP/1.1
User-Agent: appium/8.3.0 (selenium/4.8.0 (java mac))
Cache-Control: no-cache
Content-Type: application/json; charset=utf-8
host: hub-cloud.browserstack.com
authorization: Basic Y2VzYXJzdGV2ZW5yaW9zdV9aNWtmdDg6WDJ2Z1hoM0xGdG85c0R4VVJid1A=
accept: */*

Response DefaultHttpResponse(decodeResult: success, version: HTTP/1.1)
HTTP/1.1 200 OK
Server: nginx
Date: Mon, 05 Jun 2023 06:56:29 GMT
Content-Type: application/json; charset=utf-8
Content-Length: 14
Connection: keep-alive
Source-From: 02
x-powered-by: Express
etag: W/"e-2ZHvAWebNQpyjGZTg6uyV8/spTo"

01:56:29.580 [AsyncHttpClient-1-7] DEBUG org.asynchttpclient.netty.channel.ChannelManager -- Adding key: https://hub-cloud.browserstack.com:443 for channel [id: 0x8cce8e46, L:/192.168.1.60:63640 - R:hub-cloud.browserstack.com/207.254.8.9:443]
01:56:29.582 [Forwarding clickElement on session 1b49645851757f08876d5b1b9fd2dafb86e65a9b to remote] DEBUG org.asynchttpclient.netty.request.NettyRequestSender -- Using pooled Channel '[id: 0x8cce8e46, L:/192.168.1.60:63640 - R:hub-cloud.browserstack.com/207.254.8.9:443]' for 'POST' to 'https://cesarstevenriosu_Z5kft8:X2vgXh3LFto9sDxURbwP@hub-cloud.browserstack.com/wd/hub/session/1b49645851757f08876d5b1b9fd2dafb86e65a9b/element/2ae3acd6-f3af-4572-b3e0-a5eed783626b/click'
01:56:29.582 [Forwarding clickElement on session 1b49645851757f08876d5b1b9fd2dafb86e65a9b to remote] DEBUG org.asynchttpclient.netty.request.NettyRequestSender -- Using open Channel [id: 0x8cce8e46, L:/192.168.1.60:63640 - R:hub-cloud.browserstack.com/207.254.8.9:443] for POST '/wd/hub/session/1b49645851757f08876d5b1b9fd2dafb86e65a9b/element/2ae3acd6-f3af-4572-b3e0-a5eed783626b/click'
01:56:30.255 [AsyncHttpClient-1-7] DEBUG org.asynchttpclient.netty.handler.HttpHandler -- 

Request DefaultHttpRequest(decodeResult: success, version: HTTP/1.1)
POST /wd/hub/session/1b49645851757f08876d5b1b9fd2dafb86e65a9b/element/2ae3acd6-f3af-4572-b3e0-a5eed783626b/click HTTP/1.1
User-Agent: appium/8.3.0 (selenium/4.8.0 (java mac))
Content-Length: 50
Content-Type: application/json; charset=utf-8
host: hub-cloud.browserstack.com
authorization: Basic Y2VzYXJzdGV2ZW5yaW9zdV9aNWtmdDg6WDJ2Z1hoM0xGdG85c0R4VVJid1A=
accept: */*

Response DefaultHttpResponse(decodeResult: success, version: HTTP/1.1)
HTTP/1.1 200 OK
Server: nginx
Date: Mon, 05 Jun 2023 06:56:30 GMT
Content-Type: application/json; charset=utf-8
Content-Length: 14
Connection: keep-alive
Source-From: 02
x-powered-by: Express
vary: X-HTTP-Method-Override
etag: W/"e-9/1BuKMgFObM1mWJm+YjxtXJnUM"

01:56:30.256 [AsyncHttpClient-1-7] DEBUG org.asynchttpclient.netty.channel.ChannelManager -- Adding key: https://hub-cloud.browserstack.com:443 for channel [id: 0x8cce8e46, L:/192.168.1.60:63640 - R:hub-cloud.browserstack.com/207.254.8.9:443]
01:56:30.259 [Forwarding setTimeout on session 1b49645851757f08876d5b1b9fd2dafb86e65a9b to remote] DEBUG org.asynchttpclient.netty.request.NettyRequestSender -- Using pooled Channel '[id: 0x8cce8e46, L:/192.168.1.60:63640 - R:hub-cloud.browserstack.com/207.254.8.9:443]' for 'POST' to 'https://cesarstevenriosu_Z5kft8:X2vgXh3LFto9sDxURbwP@hub-cloud.browserstack.com/wd/hub/session/1b49645851757f08876d5b1b9fd2dafb86e65a9b/timeouts'
01:56:30.259 [Forwarding setTimeout on session 1b49645851757f08876d5b1b9fd2dafb86e65a9b to remote] DEBUG org.asynchttpclient.netty.request.NettyRequestSender -- Using open Channel [id: 0x8cce8e46, L:/192.168.1.60:63640 - R:hub-cloud.browserstack.com/207.254.8.9:443] for POST '/wd/hub/session/1b49645851757f08876d5b1b9fd2dafb86e65a9b/timeouts'
01:56:30.368 [AsyncHttpClient-1-7] DEBUG org.asynchttpclient.netty.handler.HttpHandler -- 

Request DefaultHttpRequest(decodeResult: success, version: HTTP/1.1)
POST /wd/hub/session/1b49645851757f08876d5b1b9fd2dafb86e65a9b/timeouts HTTP/1.1
User-Agent: appium/8.3.0 (selenium/4.8.0 (java mac))
Content-Length: 19
Content-Type: application/json; charset=utf-8
host: hub-cloud.browserstack.com
authorization: Basic Y2VzYXJzdGV2ZW5yaW9zdV9aNWtmdDg6WDJ2Z1hoM0xGdG85c0R4VVJid1A=
accept: */*

Response DefaultHttpResponse(decodeResult: success, version: HTTP/1.1)
HTTP/1.1 200 OK
Server: nginx
Date: Mon, 05 Jun 2023 06:56:30 GMT
Content-Type: application/json; charset=utf-8
Content-Length: 14
Connection: keep-alive
Source-From: 02
x-powered-by: Express
vary: X-HTTP-Method-Override
etag: W/"e-9/1BuKMgFObM1mWJm+YjxtXJnUM"

01:56:30.368 [AsyncHttpClient-1-7] DEBUG org.asynchttpclient.netty.channel.ChannelManager -- Adding key: https://hub-cloud.browserstack.com:443 for channel [id: 0x8cce8e46, L:/192.168.1.60:63640 - R:hub-cloud.browserstack.com/207.254.8.9:443]
01:56:30.370 [Forwarding findElement on session 1b49645851757f08876d5b1b9fd2dafb86e65a9b to remote] DEBUG org.asynchttpclient.netty.request.NettyRequestSender -- Using pooled Channel '[id: 0x8cce8e46, L:/192.168.1.60:63640 - R:hub-cloud.browserstack.com/207.254.8.9:443]' for 'POST' to 'https://cesarstevenriosu_Z5kft8:X2vgXh3LFto9sDxURbwP@hub-cloud.browserstack.com/wd/hub/session/1b49645851757f08876d5b1b9fd2dafb86e65a9b/element'
01:56:30.370 [Forwarding findElement on session 1b49645851757f08876d5b1b9fd2dafb86e65a9b to remote] DEBUG org.asynchttpclient.netty.request.NettyRequestSender -- Using open Channel [id: 0x8cce8e46, L:/192.168.1.60:63640 - R:hub-cloud.browserstack.com/207.254.8.9:443] for POST '/wd/hub/session/1b49645851757f08876d5b1b9fd2dafb86e65a9b/element'
01:56:30.807 [AsyncHttpClient-1-7] DEBUG org.asynchttpclient.netty.handler.HttpHandler -- 

Request DefaultHttpRequest(decodeResult: success, version: HTTP/1.1)
POST /wd/hub/session/1b49645851757f08876d5b1b9fd2dafb86e65a9b/element HTTP/1.1
User-Agent: appium/8.3.0 (selenium/4.8.0 (java mac))
Content-Length: 190
Content-Type: application/json; charset=utf-8
host: hub-cloud.browserstack.com
authorization: Basic Y2VzYXJzdGV2ZW5yaW9zdV9aNWtmdDg6WDJ2Z1hoM0xGdG85c0R4VVJid1A=
accept: */*

Response DefaultHttpResponse(decodeResult: success, version: HTTP/1.1)
HTTP/1.1 200 OK
Server: nginx
Date: Mon, 05 Jun 2023 06:56:30 GMT
Content-Type: application/json; charset=utf-8
Content-Length: 137
Connection: keep-alive
Source-From: 02
x-powered-by: Express
vary: X-HTTP-Method-Override
etag: W/"89-DangHvPbTi4EEzYouGEi8NLXOP0"

01:56:30.807 [AsyncHttpClient-1-7] DEBUG org.asynchttpclient.netty.channel.ChannelManager -- Adding key: https://hub-cloud.browserstack.com:443 for channel [id: 0x8cce8e46, L:/192.168.1.60:63640 - R:hub-cloud.browserstack.com/207.254.8.9:443]
01:56:30.809 [Forwarding setTimeout on session 1b49645851757f08876d5b1b9fd2dafb86e65a9b to remote] DEBUG org.asynchttpclient.netty.request.NettyRequestSender -- Using pooled Channel '[id: 0x8cce8e46, L:/192.168.1.60:63640 - R:hub-cloud.browserstack.com/207.254.8.9:443]' for 'POST' to 'https://cesarstevenriosu_Z5kft8:X2vgXh3LFto9sDxURbwP@hub-cloud.browserstack.com/wd/hub/session/1b49645851757f08876d5b1b9fd2dafb86e65a9b/timeouts'
01:56:30.809 [Forwarding setTimeout on session 1b49645851757f08876d5b1b9fd2dafb86e65a9b to remote] DEBUG org.asynchttpclient.netty.request.NettyRequestSender -- Using open Channel [id: 0x8cce8e46, L:/192.168.1.60:63640 - R:hub-cloud.browserstack.com/207.254.8.9:443] for POST '/wd/hub/session/1b49645851757f08876d5b1b9fd2dafb86e65a9b/timeouts'
01:56:30.904 [AsyncHttpClient-1-7] DEBUG org.asynchttpclient.netty.handler.HttpHandler -- 

Request DefaultHttpRequest(decodeResult: success, version: HTTP/1.1)
POST /wd/hub/session/1b49645851757f08876d5b1b9fd2dafb86e65a9b/timeouts HTTP/1.1
User-Agent: appium/8.3.0 (selenium/4.8.0 (java mac))
Content-Length: 23
Content-Type: application/json; charset=utf-8
host: hub-cloud.browserstack.com
authorization: Basic Y2VzYXJzdGV2ZW5yaW9zdV9aNWtmdDg6WDJ2Z1hoM0xGdG85c0R4VVJid1A=
accept: */*

Response DefaultHttpResponse(decodeResult: success, version: HTTP/1.1)
HTTP/1.1 200 OK
Server: nginx
Date: Mon, 05 Jun 2023 06:56:31 GMT
Content-Type: application/json; charset=utf-8
Content-Length: 14
Connection: keep-alive
Source-From: 02
x-powered-by: Express
vary: X-HTTP-Method-Override
etag: W/"e-9/1BuKMgFObM1mWJm+YjxtXJnUM"

01:56:30.904 [AsyncHttpClient-1-7] DEBUG org.asynchttpclient.netty.channel.ChannelManager -- Adding key: https://hub-cloud.browserstack.com:443 for channel [id: 0x8cce8e46, L:/192.168.1.60:63640 - R:hub-cloud.browserstack.com/207.254.8.9:443]
01:56:30.909 [Forwarding setTimeout on session 1b49645851757f08876d5b1b9fd2dafb86e65a9b to remote] DEBUG org.asynchttpclient.netty.request.NettyRequestSender -- Using pooled Channel '[id: 0x8cce8e46, L:/192.168.1.60:63640 - R:hub-cloud.browserstack.com/207.254.8.9:443]' for 'POST' to 'https://cesarstevenriosu_Z5kft8:X2vgXh3LFto9sDxURbwP@hub-cloud.browserstack.com/wd/hub/session/1b49645851757f08876d5b1b9fd2dafb86e65a9b/timeouts'
01:56:30.909 [Forwarding setTimeout on session 1b49645851757f08876d5b1b9fd2dafb86e65a9b to remote] DEBUG org.asynchttpclient.netty.request.NettyRequestSender -- Using open Channel [id: 0x8cce8e46, L:/192.168.1.60:63640 - R:hub-cloud.browserstack.com/207.254.8.9:443] for POST '/wd/hub/session/1b49645851757f08876d5b1b9fd2dafb86e65a9b/timeouts'
01:56:31.191 [AsyncHttpClient-1-7] DEBUG org.asynchttpclient.netty.handler.HttpHandler -- 

Request DefaultHttpRequest(decodeResult: success, version: HTTP/1.1)
POST /wd/hub/session/1b49645851757f08876d5b1b9fd2dafb86e65a9b/timeouts HTTP/1.1
User-Agent: appium/8.3.0 (selenium/4.8.0 (java mac))
Content-Length: 19
Content-Type: application/json; charset=utf-8
host: hub-cloud.browserstack.com
authorization: Basic Y2VzYXJzdGV2ZW5yaW9zdV9aNWtmdDg6WDJ2Z1hoM0xGdG85c0R4VVJid1A=
accept: */*

Response DefaultHttpResponse(decodeResult: success, version: HTTP/1.1)
HTTP/1.1 200 OK
Server: nginx
Date: Mon, 05 Jun 2023 06:56:31 GMT
Content-Type: application/json; charset=utf-8
Content-Length: 14
Connection: keep-alive
Source-From: 02
x-powered-by: Express
vary: X-HTTP-Method-Override
etag: W/"e-9/1BuKMgFObM1mWJm+YjxtXJnUM"

01:56:31.191 [AsyncHttpClient-1-7] DEBUG org.asynchttpclient.netty.channel.ChannelManager -- Adding key: https://hub-cloud.browserstack.com:443 for channel [id: 0x8cce8e46, L:/192.168.1.60:63640 - R:hub-cloud.browserstack.com/207.254.8.9:443]
01:56:31.192 [Forwarding findElement on session 1b49645851757f08876d5b1b9fd2dafb86e65a9b to remote] DEBUG org.asynchttpclient.netty.request.NettyRequestSender -- Using pooled Channel '[id: 0x8cce8e46, L:/192.168.1.60:63640 - R:hub-cloud.browserstack.com/207.254.8.9:443]' for 'POST' to 'https://cesarstevenriosu_Z5kft8:X2vgXh3LFto9sDxURbwP@hub-cloud.browserstack.com/wd/hub/session/1b49645851757f08876d5b1b9fd2dafb86e65a9b/element'
01:56:31.192 [Forwarding findElement on session 1b49645851757f08876d5b1b9fd2dafb86e65a9b to remote] DEBUG org.asynchttpclient.netty.request.NettyRequestSender -- Using open Channel [id: 0x8cce8e46, L:/192.168.1.60:63640 - R:hub-cloud.browserstack.com/207.254.8.9:443] for POST '/wd/hub/session/1b49645851757f08876d5b1b9fd2dafb86e65a9b/element'
01:56:31.524 [AsyncHttpClient-1-7] DEBUG org.asynchttpclient.netty.handler.HttpHandler -- 

Request DefaultHttpRequest(decodeResult: success, version: HTTP/1.1)
POST /wd/hub/session/1b49645851757f08876d5b1b9fd2dafb86e65a9b/element HTTP/1.1
User-Agent: appium/8.3.0 (selenium/4.8.0 (java mac))
Content-Length: 190
Content-Type: application/json; charset=utf-8
host: hub-cloud.browserstack.com
authorization: Basic Y2VzYXJzdGV2ZW5yaW9zdV9aNWtmdDg6WDJ2Z1hoM0xGdG85c0R4VVJid1A=
accept: */*

Response DefaultHttpResponse(decodeResult: success, version: HTTP/1.1)
HTTP/1.1 200 OK
Server: nginx
Date: Mon, 05 Jun 2023 06:56:31 GMT
Content-Type: application/json; charset=utf-8
Content-Length: 137
Connection: keep-alive
Source-From: 02
x-powered-by: Express
vary: X-HTTP-Method-Override
etag: W/"89-vM7rATKjUuVyyjRmxNHOS7Y15tM"

01:56:31.524 [AsyncHttpClient-1-7] DEBUG org.asynchttpclient.netty.channel.ChannelManager -- Adding key: https://hub-cloud.browserstack.com:443 for channel [id: 0x8cce8e46, L:/192.168.1.60:63640 - R:hub-cloud.browserstack.com/207.254.8.9:443]
01:56:31.525 [Forwarding setTimeout on session 1b49645851757f08876d5b1b9fd2dafb86e65a9b to remote] DEBUG org.asynchttpclient.netty.request.NettyRequestSender -- Using pooled Channel '[id: 0x8cce8e46, L:/192.168.1.60:63640 - R:hub-cloud.browserstack.com/207.254.8.9:443]' for 'POST' to 'https://cesarstevenriosu_Z5kft8:X2vgXh3LFto9sDxURbwP@hub-cloud.browserstack.com/wd/hub/session/1b49645851757f08876d5b1b9fd2dafb86e65a9b/timeouts'
01:56:31.525 [Forwarding setTimeout on session 1b49645851757f08876d5b1b9fd2dafb86e65a9b to remote] DEBUG org.asynchttpclient.netty.request.NettyRequestSender -- Using open Channel [id: 0x8cce8e46, L:/192.168.1.60:63640 - R:hub-cloud.browserstack.com/207.254.8.9:443] for POST '/wd/hub/session/1b49645851757f08876d5b1b9fd2dafb86e65a9b/timeouts'
01:56:31.715 [AsyncHttpClient-1-7] DEBUG org.asynchttpclient.netty.handler.HttpHandler -- 

Request DefaultHttpRequest(decodeResult: success, version: HTTP/1.1)
POST /wd/hub/session/1b49645851757f08876d5b1b9fd2dafb86e65a9b/timeouts HTTP/1.1
User-Agent: appium/8.3.0 (selenium/4.8.0 (java mac))
Content-Length: 23
Content-Type: application/json; charset=utf-8
host: hub-cloud.browserstack.com
authorization: Basic Y2VzYXJzdGV2ZW5yaW9zdV9aNWtmdDg6WDJ2Z1hoM0xGdG85c0R4VVJid1A=
accept: */*

Response DefaultHttpResponse(decodeResult: success, version: HTTP/1.1)
HTTP/1.1 200 OK
Server: nginx
Date: Mon, 05 Jun 2023 06:56:31 GMT
Content-Type: application/json; charset=utf-8
Content-Length: 14
Connection: keep-alive
Source-From: 02
x-powered-by: Express
vary: X-HTTP-Method-Override
etag: W/"e-9/1BuKMgFObM1mWJm+YjxtXJnUM"

01:56:31.715 [AsyncHttpClient-1-7] DEBUG org.asynchttpclient.netty.channel.ChannelManager -- Adding key: https://hub-cloud.browserstack.com:443 for channel [id: 0x8cce8e46, L:/192.168.1.60:63640 - R:hub-cloud.browserstack.com/207.254.8.9:443]
01:56:31.716 [Forwarding isElementDisplayed on session 1b49645851757f08876d5b1b9fd2dafb86e65a9b to remote] DEBUG org.asynchttpclient.netty.request.NettyRequestSender -- Using pooled Channel '[id: 0x8cce8e46, L:/192.168.1.60:63640 - R:hub-cloud.browserstack.com/207.254.8.9:443]' for 'GET' to 'https://cesarstevenriosu_Z5kft8:X2vgXh3LFto9sDxURbwP@hub-cloud.browserstack.com/wd/hub/session/1b49645851757f08876d5b1b9fd2dafb86e65a9b/element/daeb64c8-f7b5-4210-8345-c08423a03710/displayed'
01:56:31.716 [Forwarding isElementDisplayed on session 1b49645851757f08876d5b1b9fd2dafb86e65a9b to remote] DEBUG org.asynchttpclient.netty.request.NettyRequestSender -- Using open Channel [id: 0x8cce8e46, L:/192.168.1.60:63640 - R:hub-cloud.browserstack.com/207.254.8.9:443] for GET '/wd/hub/session/1b49645851757f08876d5b1b9fd2dafb86e65a9b/element/daeb64c8-f7b5-4210-8345-c08423a03710/displayed'
01:56:31.956 [AsyncHttpClient-1-7] DEBUG org.asynchttpclient.netty.handler.HttpHandler -- 

Request DefaultFullHttpRequest(decodeResult: success, version: HTTP/1.1, content: EmptyByteBufBE)
GET /wd/hub/session/1b49645851757f08876d5b1b9fd2dafb86e65a9b/element/daeb64c8-f7b5-4210-8345-c08423a03710/displayed HTTP/1.1
User-Agent: appium/8.3.0 (selenium/4.8.0 (java mac))
Cache-Control: no-cache
Content-Type: application/json; charset=utf-8
host: hub-cloud.browserstack.com
authorization: Basic Y2VzYXJzdGV2ZW5yaW9zdV9aNWtmdDg6WDJ2Z1hoM0xGdG85c0R4VVJid1A=
accept: */*

Response DefaultHttpResponse(decodeResult: success, version: HTTP/1.1)
HTTP/1.1 200 OK
Server: nginx
Date: Mon, 05 Jun 2023 06:56:32 GMT
Content-Type: application/json; charset=utf-8
Content-Length: 14
Connection: keep-alive
Source-From: 02
x-powered-by: Express
etag: W/"e-2ZHvAWebNQpyjGZTg6uyV8/spTo"

01:56:31.956 [AsyncHttpClient-1-7] DEBUG org.asynchttpclient.netty.channel.ChannelManager -- Adding key: https://hub-cloud.browserstack.com:443 for channel [id: 0x8cce8e46, L:/192.168.1.60:63640 - R:hub-cloud.browserstack.com/207.254.8.9:443]
01:56:31.959 [Forwarding setTimeout on session 1b49645851757f08876d5b1b9fd2dafb86e65a9b to remote] DEBUG org.asynchttpclient.netty.request.NettyRequestSender -- Using pooled Channel '[id: 0x8cce8e46, L:/192.168.1.60:63640 - R:hub-cloud.browserstack.com/207.254.8.9:443]' for 'POST' to 'https://cesarstevenriosu_Z5kft8:X2vgXh3LFto9sDxURbwP@hub-cloud.browserstack.com/wd/hub/session/1b49645851757f08876d5b1b9fd2dafb86e65a9b/timeouts'
01:56:31.959 [Forwarding setTimeout on session 1b49645851757f08876d5b1b9fd2dafb86e65a9b to remote] DEBUG org.asynchttpclient.netty.request.NettyRequestSender -- Using open Channel [id: 0x8cce8e46, L:/192.168.1.60:63640 - R:hub-cloud.browserstack.com/207.254.8.9:443] for POST '/wd/hub/session/1b49645851757f08876d5b1b9fd2dafb86e65a9b/timeouts'
01:56:32.061 [AsyncHttpClient-1-7] DEBUG org.asynchttpclient.netty.handler.HttpHandler -- 

Request DefaultHttpRequest(decodeResult: success, version: HTTP/1.1)
POST /wd/hub/session/1b49645851757f08876d5b1b9fd2dafb86e65a9b/timeouts HTTP/1.1
User-Agent: appium/8.3.0 (selenium/4.8.0 (java mac))
Content-Length: 23
Content-Type: application/json; charset=utf-8
host: hub-cloud.browserstack.com
authorization: Basic Y2VzYXJzdGV2ZW5yaW9zdV9aNWtmdDg6WDJ2Z1hoM0xGdG85c0R4VVJid1A=
accept: */*

Response DefaultHttpResponse(decodeResult: success, version: HTTP/1.1)
HTTP/1.1 200 OK
Server: nginx
Date: Mon, 05 Jun 2023 06:56:32 GMT
Content-Type: application/json; charset=utf-8
Content-Length: 14
Connection: keep-alive
Source-From: 02
x-powered-by: Express
vary: X-HTTP-Method-Override
etag: W/"e-9/1BuKMgFObM1mWJm+YjxtXJnUM"

01:56:32.061 [AsyncHttpClient-1-7] DEBUG org.asynchttpclient.netty.channel.ChannelManager -- Adding key: https://hub-cloud.browserstack.com:443 for channel [id: 0x8cce8e46, L:/192.168.1.60:63640 - R:hub-cloud.browserstack.com/207.254.8.9:443]
01:56:32.063 [Forwarding findElement on session 1b49645851757f08876d5b1b9fd2dafb86e65a9b to remote] DEBUG org.asynchttpclient.netty.request.NettyRequestSender -- Using pooled Channel '[id: 0x8cce8e46, L:/192.168.1.60:63640 - R:hub-cloud.browserstack.com/207.254.8.9:443]' for 'POST' to 'https://cesarstevenriosu_Z5kft8:X2vgXh3LFto9sDxURbwP@hub-cloud.browserstack.com/wd/hub/session/1b49645851757f08876d5b1b9fd2dafb86e65a9b/element'
01:56:32.063 [Forwarding findElement on session 1b49645851757f08876d5b1b9fd2dafb86e65a9b to remote] DEBUG org.asynchttpclient.netty.request.NettyRequestSender -- Using open Channel [id: 0x8cce8e46, L:/192.168.1.60:63640 - R:hub-cloud.browserstack.com/207.254.8.9:443] for POST '/wd/hub/session/1b49645851757f08876d5b1b9fd2dafb86e65a9b/element'
01:56:32.446 [AsyncHttpClient-1-7] DEBUG org.asynchttpclient.netty.handler.HttpHandler -- 

Request DefaultHttpRequest(decodeResult: success, version: HTTP/1.1)
POST /wd/hub/session/1b49645851757f08876d5b1b9fd2dafb86e65a9b/element HTTP/1.1
User-Agent: appium/8.3.0 (selenium/4.8.0 (java mac))
Content-Length: 190
Content-Type: application/json; charset=utf-8
host: hub-cloud.browserstack.com
authorization: Basic Y2VzYXJzdGV2ZW5yaW9zdV9aNWtmdDg6WDJ2Z1hoM0xGdG85c0R4VVJid1A=
accept: */*

Response DefaultHttpResponse(decodeResult: success, version: HTTP/1.1)
HTTP/1.1 200 OK
Server: nginx
Date: Mon, 05 Jun 2023 06:56:32 GMT
Content-Type: application/json; charset=utf-8
Content-Length: 137
Connection: keep-alive
Source-From: 02
x-powered-by: Express
vary: X-HTTP-Method-Override
etag: W/"89-zkx5EkD68rWdxEPza0AtU4si4I0"

01:56:32.446 [AsyncHttpClient-1-7] DEBUG org.asynchttpclient.netty.channel.ChannelManager -- Adding key: https://hub-cloud.browserstack.com:443 for channel [id: 0x8cce8e46, L:/192.168.1.60:63640 - R:hub-cloud.browserstack.com/207.254.8.9:443]
01:56:32.448 [Forwarding setTimeout on session 1b49645851757f08876d5b1b9fd2dafb86e65a9b to remote] DEBUG org.asynchttpclient.netty.request.NettyRequestSender -- Using pooled Channel '[id: 0x8cce8e46, L:/192.168.1.60:63640 - R:hub-cloud.browserstack.com/207.254.8.9:443]' for 'POST' to 'https://cesarstevenriosu_Z5kft8:X2vgXh3LFto9sDxURbwP@hub-cloud.browserstack.com/wd/hub/session/1b49645851757f08876d5b1b9fd2dafb86e65a9b/timeouts'
01:56:32.448 [Forwarding setTimeout on session 1b49645851757f08876d5b1b9fd2dafb86e65a9b to remote] DEBUG org.asynchttpclient.netty.request.NettyRequestSender -- Using open Channel [id: 0x8cce8e46, L:/192.168.1.60:63640 - R:hub-cloud.browserstack.com/207.254.8.9:443] for POST '/wd/hub/session/1b49645851757f08876d5b1b9fd2dafb86e65a9b/timeouts'
01:56:32.566 [AsyncHttpClient-1-7] DEBUG org.asynchttpclient.netty.handler.HttpHandler -- 

Request DefaultHttpRequest(decodeResult: success, version: HTTP/1.1)
POST /wd/hub/session/1b49645851757f08876d5b1b9fd2dafb86e65a9b/timeouts HTTP/1.1
User-Agent: appium/8.3.0 (selenium/4.8.0 (java mac))
Content-Length: 23
Content-Type: application/json; charset=utf-8
host: hub-cloud.browserstack.com
authorization: Basic Y2VzYXJzdGV2ZW5yaW9zdV9aNWtmdDg6WDJ2Z1hoM0xGdG85c0R4VVJid1A=
accept: */*

Response DefaultHttpResponse(decodeResult: success, version: HTTP/1.1)
HTTP/1.1 200 OK
Server: nginx
Date: Mon, 05 Jun 2023 06:56:32 GMT
Content-Type: application/json; charset=utf-8
Content-Length: 14
Connection: keep-alive
Source-From: 02
x-powered-by: Express
vary: X-HTTP-Method-Override
etag: W/"e-9/1BuKMgFObM1mWJm+YjxtXJnUM"

01:56:32.566 [AsyncHttpClient-1-7] DEBUG org.asynchttpclient.netty.channel.ChannelManager -- Adding key: https://hub-cloud.browserstack.com:443 for channel [id: 0x8cce8e46, L:/192.168.1.60:63640 - R:hub-cloud.browserstack.com/207.254.8.9:443]
01:56:32.567 [Forwarding isElementDisplayed on session 1b49645851757f08876d5b1b9fd2dafb86e65a9b to remote] DEBUG org.asynchttpclient.netty.request.NettyRequestSender -- Using pooled Channel '[id: 0x8cce8e46, L:/192.168.1.60:63640 - R:hub-cloud.browserstack.com/207.254.8.9:443]' for 'GET' to 'https://cesarstevenriosu_Z5kft8:X2vgXh3LFto9sDxURbwP@hub-cloud.browserstack.com/wd/hub/session/1b49645851757f08876d5b1b9fd2dafb86e65a9b/element/b3c2f0d7-586d-4d3b-8ef3-8641a47350e4/displayed'
01:56:32.567 [Forwarding isElementDisplayed on session 1b49645851757f08876d5b1b9fd2dafb86e65a9b to remote] DEBUG org.asynchttpclient.netty.request.NettyRequestSender -- Using open Channel [id: 0x8cce8e46, L:/192.168.1.60:63640 - R:hub-cloud.browserstack.com/207.254.8.9:443] for GET '/wd/hub/session/1b49645851757f08876d5b1b9fd2dafb86e65a9b/element/b3c2f0d7-586d-4d3b-8ef3-8641a47350e4/displayed'
01:56:32.741 [AsyncHttpClient-1-7] DEBUG org.asynchttpclient.netty.handler.HttpHandler -- 

Request DefaultFullHttpRequest(decodeResult: success, version: HTTP/1.1, content: EmptyByteBufBE)
GET /wd/hub/session/1b49645851757f08876d5b1b9fd2dafb86e65a9b/element/b3c2f0d7-586d-4d3b-8ef3-8641a47350e4/displayed HTTP/1.1
User-Agent: appium/8.3.0 (selenium/4.8.0 (java mac))
Cache-Control: no-cache
Content-Type: application/json; charset=utf-8
host: hub-cloud.browserstack.com
authorization: Basic Y2VzYXJzdGV2ZW5yaW9zdV9aNWtmdDg6WDJ2Z1hoM0xGdG85c0R4VVJid1A=
accept: */*

Response DefaultHttpResponse(decodeResult: success, version: HTTP/1.1)
HTTP/1.1 200 OK
Server: nginx
Date: Mon, 05 Jun 2023 06:56:32 GMT
Content-Type: application/json; charset=utf-8
Content-Length: 14
Connection: keep-alive
Source-From: 02
x-powered-by: Express
etag: W/"e-2ZHvAWebNQpyjGZTg6uyV8/spTo"

01:56:32.742 [AsyncHttpClient-1-7] DEBUG org.asynchttpclient.netty.channel.ChannelManager -- Adding key: https://hub-cloud.browserstack.com:443 for channel [id: 0x8cce8e46, L:/192.168.1.60:63640 - R:hub-cloud.browserstack.com/207.254.8.9:443]
01:56:32.742 [Forwarding isElementDisplayed on session 1b49645851757f08876d5b1b9fd2dafb86e65a9b to remote] DEBUG org.asynchttpclient.netty.request.NettyRequestSender -- Using pooled Channel '[id: 0x8cce8e46, L:/192.168.1.60:63640 - R:hub-cloud.browserstack.com/207.254.8.9:443]' for 'GET' to 'https://cesarstevenriosu_Z5kft8:X2vgXh3LFto9sDxURbwP@hub-cloud.browserstack.com/wd/hub/session/1b49645851757f08876d5b1b9fd2dafb86e65a9b/element/b3c2f0d7-586d-4d3b-8ef3-8641a47350e4/displayed'
01:56:32.742 [Forwarding isElementDisplayed on session 1b49645851757f08876d5b1b9fd2dafb86e65a9b to remote] DEBUG org.asynchttpclient.netty.request.NettyRequestSender -- Using open Channel [id: 0x8cce8e46, L:/192.168.1.60:63640 - R:hub-cloud.browserstack.com/207.254.8.9:443] for GET '/wd/hub/session/1b49645851757f08876d5b1b9fd2dafb86e65a9b/element/b3c2f0d7-586d-4d3b-8ef3-8641a47350e4/displayed'
01:56:32.995 [AsyncHttpClient-1-7] DEBUG org.asynchttpclient.netty.handler.HttpHandler -- 

Request DefaultFullHttpRequest(decodeResult: success, version: HTTP/1.1, content: EmptyByteBufBE)
GET /wd/hub/session/1b49645851757f08876d5b1b9fd2dafb86e65a9b/element/b3c2f0d7-586d-4d3b-8ef3-8641a47350e4/displayed HTTP/1.1
User-Agent: appium/8.3.0 (selenium/4.8.0 (java mac))
Cache-Control: no-cache
Content-Type: application/json; charset=utf-8
host: hub-cloud.browserstack.com
authorization: Basic Y2VzYXJzdGV2ZW5yaW9zdV9aNWtmdDg6WDJ2Z1hoM0xGdG85c0R4VVJid1A=
accept: */*

Response DefaultHttpResponse(decodeResult: success, version: HTTP/1.1)
HTTP/1.1 200 OK
Server: nginx
Date: Mon, 05 Jun 2023 06:56:33 GMT
Content-Type: application/json; charset=utf-8
Content-Length: 14
Connection: keep-alive
Source-From: 02
x-powered-by: Express
etag: W/"e-2ZHvAWebNQpyjGZTg6uyV8/spTo"

01:56:32.995 [AsyncHttpClient-1-7] DEBUG org.asynchttpclient.netty.channel.ChannelManager -- Adding key: https://hub-cloud.browserstack.com:443 for channel [id: 0x8cce8e46, L:/192.168.1.60:63640 - R:hub-cloud.browserstack.com/207.254.8.9:443]
01:56:32.998 [Forwarding setTimeout on session 1b49645851757f08876d5b1b9fd2dafb86e65a9b to remote] DEBUG org.asynchttpclient.netty.request.NettyRequestSender -- Using pooled Channel '[id: 0x8cce8e46, L:/192.168.1.60:63640 - R:hub-cloud.browserstack.com/207.254.8.9:443]' for 'POST' to 'https://cesarstevenriosu_Z5kft8:X2vgXh3LFto9sDxURbwP@hub-cloud.browserstack.com/wd/hub/session/1b49645851757f08876d5b1b9fd2dafb86e65a9b/timeouts'
01:56:32.998 [Forwarding setTimeout on session 1b49645851757f08876d5b1b9fd2dafb86e65a9b to remote] DEBUG org.asynchttpclient.netty.request.NettyRequestSender -- Using open Channel [id: 0x8cce8e46, L:/192.168.1.60:63640 - R:hub-cloud.browserstack.com/207.254.8.9:443] for POST '/wd/hub/session/1b49645851757f08876d5b1b9fd2dafb86e65a9b/timeouts'
01:56:33.122 [AsyncHttpClient-1-7] DEBUG org.asynchttpclient.netty.handler.HttpHandler -- 

Request DefaultHttpRequest(decodeResult: success, version: HTTP/1.1)
POST /wd/hub/session/1b49645851757f08876d5b1b9fd2dafb86e65a9b/timeouts HTTP/1.1
User-Agent: appium/8.3.0 (selenium/4.8.0 (java mac))
Content-Length: 23
Content-Type: application/json; charset=utf-8
host: hub-cloud.browserstack.com
authorization: Basic Y2VzYXJzdGV2ZW5yaW9zdV9aNWtmdDg6WDJ2Z1hoM0xGdG85c0R4VVJid1A=
accept: */*

Response DefaultHttpResponse(decodeResult: success, version: HTTP/1.1)
HTTP/1.1 200 OK
Server: nginx
Date: Mon, 05 Jun 2023 06:56:33 GMT
Content-Type: application/json; charset=utf-8
Content-Length: 14
Connection: keep-alive
Source-From: 02
x-powered-by: Express
vary: X-HTTP-Method-Override
etag: W/"e-9/1BuKMgFObM1mWJm+YjxtXJnUM"

01:56:33.123 [AsyncHttpClient-1-7] DEBUG org.asynchttpclient.netty.channel.ChannelManager -- Adding key: https://hub-cloud.browserstack.com:443 for channel [id: 0x8cce8e46, L:/192.168.1.60:63640 - R:hub-cloud.browserstack.com/207.254.8.9:443]
01:56:33.126 [Forwarding findElement on session 1b49645851757f08876d5b1b9fd2dafb86e65a9b to remote] DEBUG org.asynchttpclient.netty.request.NettyRequestSender -- Using pooled Channel '[id: 0x8cce8e46, L:/192.168.1.60:63640 - R:hub-cloud.browserstack.com/207.254.8.9:443]' for 'POST' to 'https://cesarstevenriosu_Z5kft8:X2vgXh3LFto9sDxURbwP@hub-cloud.browserstack.com/wd/hub/session/1b49645851757f08876d5b1b9fd2dafb86e65a9b/element'
01:56:33.126 [Forwarding findElement on session 1b49645851757f08876d5b1b9fd2dafb86e65a9b to remote] DEBUG org.asynchttpclient.netty.request.NettyRequestSender -- Using open Channel [id: 0x8cce8e46, L:/192.168.1.60:63640 - R:hub-cloud.browserstack.com/207.254.8.9:443] for POST '/wd/hub/session/1b49645851757f08876d5b1b9fd2dafb86e65a9b/element'
01:56:33.406 [AsyncHttpClient-1-7] DEBUG org.asynchttpclient.netty.handler.HttpHandler -- 

Request DefaultHttpRequest(decodeResult: success, version: HTTP/1.1)
POST /wd/hub/session/1b49645851757f08876d5b1b9fd2dafb86e65a9b/element HTTP/1.1
User-Agent: appium/8.3.0 (selenium/4.8.0 (java mac))
Content-Length: 190
Content-Type: application/json; charset=utf-8
host: hub-cloud.browserstack.com
authorization: Basic Y2VzYXJzdGV2ZW5yaW9zdV9aNWtmdDg6WDJ2Z1hoM0xGdG85c0R4VVJid1A=
accept: */*

Response DefaultHttpResponse(decodeResult: success, version: HTTP/1.1)
HTTP/1.1 200 OK
Server: nginx
Date: Mon, 05 Jun 2023 06:56:33 GMT
Content-Type: application/json; charset=utf-8
Content-Length: 137
Connection: keep-alive
Source-From: 02
x-powered-by: Express
vary: X-HTTP-Method-Override
etag: W/"89-AsKM1MRdq+qTWfY4Cuxyz71nvv0"

01:56:33.406 [AsyncHttpClient-1-7] DEBUG org.asynchttpclient.netty.channel.ChannelManager -- Adding key: https://hub-cloud.browserstack.com:443 for channel [id: 0x8cce8e46, L:/192.168.1.60:63640 - R:hub-cloud.browserstack.com/207.254.8.9:443]
01:56:33.408 [Forwarding setTimeout on session 1b49645851757f08876d5b1b9fd2dafb86e65a9b to remote] DEBUG org.asynchttpclient.netty.request.NettyRequestSender -- Using pooled Channel '[id: 0x8cce8e46, L:/192.168.1.60:63640 - R:hub-cloud.browserstack.com/207.254.8.9:443]' for 'POST' to 'https://cesarstevenriosu_Z5kft8:X2vgXh3LFto9sDxURbwP@hub-cloud.browserstack.com/wd/hub/session/1b49645851757f08876d5b1b9fd2dafb86e65a9b/timeouts'
01:56:33.408 [Forwarding setTimeout on session 1b49645851757f08876d5b1b9fd2dafb86e65a9b to remote] DEBUG org.asynchttpclient.netty.request.NettyRequestSender -- Using open Channel [id: 0x8cce8e46, L:/192.168.1.60:63640 - R:hub-cloud.browserstack.com/207.254.8.9:443] for POST '/wd/hub/session/1b49645851757f08876d5b1b9fd2dafb86e65a9b/timeouts'
01:56:33.649 [AsyncHttpClient-1-7] DEBUG org.asynchttpclient.netty.handler.HttpHandler -- 

Request DefaultHttpRequest(decodeResult: success, version: HTTP/1.1)
POST /wd/hub/session/1b49645851757f08876d5b1b9fd2dafb86e65a9b/timeouts HTTP/1.1
User-Agent: appium/8.3.0 (selenium/4.8.0 (java mac))
Content-Length: 23
Content-Type: application/json; charset=utf-8
host: hub-cloud.browserstack.com
authorization: Basic Y2VzYXJzdGV2ZW5yaW9zdV9aNWtmdDg6WDJ2Z1hoM0xGdG85c0R4VVJid1A=
accept: */*

Response DefaultHttpResponse(decodeResult: success, version: HTTP/1.1)
HTTP/1.1 200 OK
Server: nginx
Date: Mon, 05 Jun 2023 06:56:33 GMT
Content-Type: application/json; charset=utf-8
Content-Length: 14
Connection: keep-alive
Source-From: 02
x-powered-by: Express
vary: X-HTTP-Method-Override
etag: W/"e-9/1BuKMgFObM1mWJm+YjxtXJnUM"

01:56:33.649 [AsyncHttpClient-1-7] DEBUG org.asynchttpclient.netty.channel.ChannelManager -- Adding key: https://hub-cloud.browserstack.com:443 for channel [id: 0x8cce8e46, L:/192.168.1.60:63640 - R:hub-cloud.browserstack.com/207.254.8.9:443]
01:56:33.650 [Forwarding isElementDisplayed on session 1b49645851757f08876d5b1b9fd2dafb86e65a9b to remote] DEBUG org.asynchttpclient.netty.request.NettyRequestSender -- Using pooled Channel '[id: 0x8cce8e46, L:/192.168.1.60:63640 - R:hub-cloud.browserstack.com/207.254.8.9:443]' for 'GET' to 'https://cesarstevenriosu_Z5kft8:X2vgXh3LFto9sDxURbwP@hub-cloud.browserstack.com/wd/hub/session/1b49645851757f08876d5b1b9fd2dafb86e65a9b/element/3cbaeccd-41bf-4e9b-83fe-2c6607ba98a2/displayed'
01:56:33.650 [Forwarding isElementDisplayed on session 1b49645851757f08876d5b1b9fd2dafb86e65a9b to remote] DEBUG org.asynchttpclient.netty.request.NettyRequestSender -- Using open Channel [id: 0x8cce8e46, L:/192.168.1.60:63640 - R:hub-cloud.browserstack.com/207.254.8.9:443] for GET '/wd/hub/session/1b49645851757f08876d5b1b9fd2dafb86e65a9b/element/3cbaeccd-41bf-4e9b-83fe-2c6607ba98a2/displayed'
01:56:33.803 [AsyncHttpClient-1-7] DEBUG org.asynchttpclient.netty.handler.HttpHandler -- 

Request DefaultFullHttpRequest(decodeResult: success, version: HTTP/1.1, content: EmptyByteBufBE)
GET /wd/hub/session/1b49645851757f08876d5b1b9fd2dafb86e65a9b/element/3cbaeccd-41bf-4e9b-83fe-2c6607ba98a2/displayed HTTP/1.1
User-Agent: appium/8.3.0 (selenium/4.8.0 (java mac))
Cache-Control: no-cache
Content-Type: application/json; charset=utf-8
host: hub-cloud.browserstack.com
authorization: Basic Y2VzYXJzdGV2ZW5yaW9zdV9aNWtmdDg6WDJ2Z1hoM0xGdG85c0R4VVJid1A=
accept: */*

Response DefaultHttpResponse(decodeResult: success, version: HTTP/1.1)
HTTP/1.1 200 OK
Server: nginx
Date: Mon, 05 Jun 2023 06:56:33 GMT
Content-Type: application/json; charset=utf-8
Content-Length: 14
Connection: keep-alive
Source-From: 02
x-powered-by: Express
etag: W/"e-2ZHvAWebNQpyjGZTg6uyV8/spTo"

01:56:33.803 [AsyncHttpClient-1-7] DEBUG org.asynchttpclient.netty.channel.ChannelManager -- Adding key: https://hub-cloud.browserstack.com:443 for channel [id: 0x8cce8e46, L:/192.168.1.60:63640 - R:hub-cloud.browserstack.com/207.254.8.9:443]
01:56:33.806 [Forwarding sendKeysToElement on session 1b49645851757f08876d5b1b9fd2dafb86e65a9b to remote] DEBUG org.asynchttpclient.netty.request.NettyRequestSender -- Using pooled Channel '[id: 0x8cce8e46, L:/192.168.1.60:63640 - R:hub-cloud.browserstack.com/207.254.8.9:443]' for 'POST' to 'https://cesarstevenriosu_Z5kft8:X2vgXh3LFto9sDxURbwP@hub-cloud.browserstack.com/wd/hub/session/1b49645851757f08876d5b1b9fd2dafb86e65a9b/element/3cbaeccd-41bf-4e9b-83fe-2c6607ba98a2/value'
01:56:33.806 [Forwarding sendKeysToElement on session 1b49645851757f08876d5b1b9fd2dafb86e65a9b to remote] DEBUG org.asynchttpclient.netty.request.NettyRequestSender -- Using open Channel [id: 0x8cce8e46, L:/192.168.1.60:63640 - R:hub-cloud.browserstack.com/207.254.8.9:443] for POST '/wd/hub/session/1b49645851757f08876d5b1b9fd2dafb86e65a9b/element/3cbaeccd-41bf-4e9b-83fe-2c6607ba98a2/value'
01:56:34.599 [AsyncHttpClient-1-7] DEBUG org.asynchttpclient.netty.handler.HttpHandler -- 

Request DefaultHttpRequest(decodeResult: success, version: HTTP/1.1)
POST /wd/hub/session/1b49645851757f08876d5b1b9fd2dafb86e65a9b/element/3cbaeccd-41bf-4e9b-83fe-2c6607ba98a2/value HTTP/1.1
User-Agent: appium/8.3.0 (selenium/4.8.0 (java mac))
Content-Length: 141
Content-Type: application/json; charset=utf-8
host: hub-cloud.browserstack.com
authorization: Basic Y2VzYXJzdGV2ZW5yaW9zdV9aNWtmdDg6WDJ2Z1hoM0xGdG85c0R4VVJid1A=
accept: */*

Response DefaultHttpResponse(decodeResult: success, version: HTTP/1.1)
HTTP/1.1 200 OK
Server: nginx
Date: Mon, 05 Jun 2023 06:56:34 GMT
Content-Type: application/json; charset=utf-8
Content-Length: 14
Connection: keep-alive
Source-From: 02
x-powered-by: Express
vary: X-HTTP-Method-Override
etag: W/"e-9/1BuKMgFObM1mWJm+YjxtXJnUM"

01:56:34.599 [AsyncHttpClient-1-7] DEBUG org.asynchttpclient.netty.channel.ChannelManager -- Adding key: https://hub-cloud.browserstack.com:443 for channel [id: 0x8cce8e46, L:/192.168.1.60:63640 - R:hub-cloud.browserstack.com/207.254.8.9:443]
01:56:34.601 [Forwarding setTimeout on session 1b49645851757f08876d5b1b9fd2dafb86e65a9b to remote] DEBUG org.asynchttpclient.netty.request.NettyRequestSender -- Using pooled Channel '[id: 0x8cce8e46, L:/192.168.1.60:63640 - R:hub-cloud.browserstack.com/207.254.8.9:443]' for 'POST' to 'https://cesarstevenriosu_Z5kft8:X2vgXh3LFto9sDxURbwP@hub-cloud.browserstack.com/wd/hub/session/1b49645851757f08876d5b1b9fd2dafb86e65a9b/timeouts'
01:56:34.601 [Forwarding setTimeout on session 1b49645851757f08876d5b1b9fd2dafb86e65a9b to remote] DEBUG org.asynchttpclient.netty.request.NettyRequestSender -- Using open Channel [id: 0x8cce8e46, L:/192.168.1.60:63640 - R:hub-cloud.browserstack.com/207.254.8.9:443] for POST '/wd/hub/session/1b49645851757f08876d5b1b9fd2dafb86e65a9b/timeouts'
01:56:34.678 [AsyncHttpClient-1-7] DEBUG org.asynchttpclient.netty.handler.HttpHandler -- 

Request DefaultHttpRequest(decodeResult: success, version: HTTP/1.1)
POST /wd/hub/session/1b49645851757f08876d5b1b9fd2dafb86e65a9b/timeouts HTTP/1.1
User-Agent: appium/8.3.0 (selenium/4.8.0 (java mac))
Content-Length: 19
Content-Type: application/json; charset=utf-8
host: hub-cloud.browserstack.com
authorization: Basic Y2VzYXJzdGV2ZW5yaW9zdV9aNWtmdDg6WDJ2Z1hoM0xGdG85c0R4VVJid1A=
accept: */*

Response DefaultHttpResponse(decodeResult: success, version: HTTP/1.1)
HTTP/1.1 200 OK
Server: nginx
Date: Mon, 05 Jun 2023 06:56:34 GMT
Content-Type: application/json; charset=utf-8
Content-Length: 14
Connection: keep-alive
Source-From: 02
x-powered-by: Express
vary: X-HTTP-Method-Override
etag: W/"e-9/1BuKMgFObM1mWJm+YjxtXJnUM"

01:56:34.678 [AsyncHttpClient-1-7] DEBUG org.asynchttpclient.netty.channel.ChannelManager -- Adding key: https://hub-cloud.browserstack.com:443 for channel [id: 0x8cce8e46, L:/192.168.1.60:63640 - R:hub-cloud.browserstack.com/207.254.8.9:443]
01:56:34.681 [Forwarding findElement on session 1b49645851757f08876d5b1b9fd2dafb86e65a9b to remote] DEBUG org.asynchttpclient.netty.request.NettyRequestSender -- Using pooled Channel '[id: 0x8cce8e46, L:/192.168.1.60:63640 - R:hub-cloud.browserstack.com/207.254.8.9:443]' for 'POST' to 'https://cesarstevenriosu_Z5kft8:X2vgXh3LFto9sDxURbwP@hub-cloud.browserstack.com/wd/hub/session/1b49645851757f08876d5b1b9fd2dafb86e65a9b/element'
01:56:34.681 [Forwarding findElement on session 1b49645851757f08876d5b1b9fd2dafb86e65a9b to remote] DEBUG org.asynchttpclient.netty.request.NettyRequestSender -- Using open Channel [id: 0x8cce8e46, L:/192.168.1.60:63640 - R:hub-cloud.browserstack.com/207.254.8.9:443] for POST '/wd/hub/session/1b49645851757f08876d5b1b9fd2dafb86e65a9b/element'
01:56:35.224 [AsyncHttpClient-1-7] DEBUG org.asynchttpclient.netty.handler.HttpHandler -- 

Request DefaultHttpRequest(decodeResult: success, version: HTTP/1.1)
POST /wd/hub/session/1b49645851757f08876d5b1b9fd2dafb86e65a9b/element HTTP/1.1
User-Agent: appium/8.3.0 (selenium/4.8.0 (java mac))
Content-Length: 190
Content-Type: application/json; charset=utf-8
host: hub-cloud.browserstack.com
authorization: Basic Y2VzYXJzdGV2ZW5yaW9zdV9aNWtmdDg6WDJ2Z1hoM0xGdG85c0R4VVJid1A=
accept: */*

Response DefaultHttpResponse(decodeResult: success, version: HTTP/1.1)
HTTP/1.1 200 OK
Server: nginx
Date: Mon, 05 Jun 2023 06:56:35 GMT
Content-Type: application/json; charset=utf-8
Content-Length: 137
Connection: keep-alive
Source-From: 02
x-powered-by: Express
vary: X-HTTP-Method-Override
etag: W/"89-iTug9xCNFdpzA4u6morI+xwwqr0"

01:56:35.225 [AsyncHttpClient-1-7] DEBUG org.asynchttpclient.netty.channel.ChannelManager -- Adding key: https://hub-cloud.browserstack.com:443 for channel [id: 0x8cce8e46, L:/192.168.1.60:63640 - R:hub-cloud.browserstack.com/207.254.8.9:443]
01:56:35.227 [Forwarding setTimeout on session 1b49645851757f08876d5b1b9fd2dafb86e65a9b to remote] DEBUG org.asynchttpclient.netty.request.NettyRequestSender -- Using pooled Channel '[id: 0x8cce8e46, L:/192.168.1.60:63640 - R:hub-cloud.browserstack.com/207.254.8.9:443]' for 'POST' to 'https://cesarstevenriosu_Z5kft8:X2vgXh3LFto9sDxURbwP@hub-cloud.browserstack.com/wd/hub/session/1b49645851757f08876d5b1b9fd2dafb86e65a9b/timeouts'
01:56:35.227 [Forwarding setTimeout on session 1b49645851757f08876d5b1b9fd2dafb86e65a9b to remote] DEBUG org.asynchttpclient.netty.request.NettyRequestSender -- Using open Channel [id: 0x8cce8e46, L:/192.168.1.60:63640 - R:hub-cloud.browserstack.com/207.254.8.9:443] for POST '/wd/hub/session/1b49645851757f08876d5b1b9fd2dafb86e65a9b/timeouts'
01:56:35.304 [AsyncHttpClient-1-7] DEBUG org.asynchttpclient.netty.handler.HttpHandler -- 

Request DefaultHttpRequest(decodeResult: success, version: HTTP/1.1)
POST /wd/hub/session/1b49645851757f08876d5b1b9fd2dafb86e65a9b/timeouts HTTP/1.1
User-Agent: appium/8.3.0 (selenium/4.8.0 (java mac))
Content-Length: 23
Content-Type: application/json; charset=utf-8
host: hub-cloud.browserstack.com
authorization: Basic Y2VzYXJzdGV2ZW5yaW9zdV9aNWtmdDg6WDJ2Z1hoM0xGdG85c0R4VVJid1A=
accept: */*

Response DefaultHttpResponse(decodeResult: success, version: HTTP/1.1)
HTTP/1.1 200 OK
Server: nginx
Date: Mon, 05 Jun 2023 06:56:35 GMT
Content-Type: application/json; charset=utf-8
Content-Length: 14
Connection: keep-alive
Source-From: 02
x-powered-by: Express
vary: X-HTTP-Method-Override
etag: W/"e-9/1BuKMgFObM1mWJm+YjxtXJnUM"

01:56:35.304 [AsyncHttpClient-1-7] DEBUG org.asynchttpclient.netty.channel.ChannelManager -- Adding key: https://hub-cloud.browserstack.com:443 for channel [id: 0x8cce8e46, L:/192.168.1.60:63640 - R:hub-cloud.browserstack.com/207.254.8.9:443]
01:56:35.309 [Forwarding setTimeout on session 1b49645851757f08876d5b1b9fd2dafb86e65a9b to remote] DEBUG org.asynchttpclient.netty.request.NettyRequestSender -- Using pooled Channel '[id: 0x8cce8e46, L:/192.168.1.60:63640 - R:hub-cloud.browserstack.com/207.254.8.9:443]' for 'POST' to 'https://cesarstevenriosu_Z5kft8:X2vgXh3LFto9sDxURbwP@hub-cloud.browserstack.com/wd/hub/session/1b49645851757f08876d5b1b9fd2dafb86e65a9b/timeouts'
01:56:35.309 [Forwarding setTimeout on session 1b49645851757f08876d5b1b9fd2dafb86e65a9b to remote] DEBUG org.asynchttpclient.netty.request.NettyRequestSender -- Using open Channel [id: 0x8cce8e46, L:/192.168.1.60:63640 - R:hub-cloud.browserstack.com/207.254.8.9:443] for POST '/wd/hub/session/1b49645851757f08876d5b1b9fd2dafb86e65a9b/timeouts'
01:56:35.425 [AsyncHttpClient-1-7] DEBUG org.asynchttpclient.netty.handler.HttpHandler -- 

Request DefaultHttpRequest(decodeResult: success, version: HTTP/1.1)
POST /wd/hub/session/1b49645851757f08876d5b1b9fd2dafb86e65a9b/timeouts HTTP/1.1
User-Agent: appium/8.3.0 (selenium/4.8.0 (java mac))
Content-Length: 19
Content-Type: application/json; charset=utf-8
host: hub-cloud.browserstack.com
authorization: Basic Y2VzYXJzdGV2ZW5yaW9zdV9aNWtmdDg6WDJ2Z1hoM0xGdG85c0R4VVJid1A=
accept: */*

Response DefaultHttpResponse(decodeResult: success, version: HTTP/1.1)
HTTP/1.1 200 OK
Server: nginx
Date: Mon, 05 Jun 2023 06:56:35 GMT
Content-Type: application/json; charset=utf-8
Content-Length: 14
Connection: keep-alive
Source-From: 02
x-powered-by: Express
vary: X-HTTP-Method-Override
etag: W/"e-9/1BuKMgFObM1mWJm+YjxtXJnUM"

01:56:35.426 [AsyncHttpClient-1-7] DEBUG org.asynchttpclient.netty.channel.ChannelManager -- Adding key: https://hub-cloud.browserstack.com:443 for channel [id: 0x8cce8e46, L:/192.168.1.60:63640 - R:hub-cloud.browserstack.com/207.254.8.9:443]
01:56:35.427 [Forwarding findElement on session 1b49645851757f08876d5b1b9fd2dafb86e65a9b to remote] DEBUG org.asynchttpclient.netty.request.NettyRequestSender -- Using pooled Channel '[id: 0x8cce8e46, L:/192.168.1.60:63640 - R:hub-cloud.browserstack.com/207.254.8.9:443]' for 'POST' to 'https://cesarstevenriosu_Z5kft8:X2vgXh3LFto9sDxURbwP@hub-cloud.browserstack.com/wd/hub/session/1b49645851757f08876d5b1b9fd2dafb86e65a9b/element'
01:56:35.427 [Forwarding findElement on session 1b49645851757f08876d5b1b9fd2dafb86e65a9b to remote] DEBUG org.asynchttpclient.netty.request.NettyRequestSender -- Using open Channel [id: 0x8cce8e46, L:/192.168.1.60:63640 - R:hub-cloud.browserstack.com/207.254.8.9:443] for POST '/wd/hub/session/1b49645851757f08876d5b1b9fd2dafb86e65a9b/element'
01:56:35.749 [AsyncHttpClient-1-7] DEBUG org.asynchttpclient.netty.handler.HttpHandler -- 

Request DefaultHttpRequest(decodeResult: success, version: HTTP/1.1)
POST /wd/hub/session/1b49645851757f08876d5b1b9fd2dafb86e65a9b/element HTTP/1.1
User-Agent: appium/8.3.0 (selenium/4.8.0 (java mac))
Content-Length: 190
Content-Type: application/json; charset=utf-8
host: hub-cloud.browserstack.com
authorization: Basic Y2VzYXJzdGV2ZW5yaW9zdV9aNWtmdDg6WDJ2Z1hoM0xGdG85c0R4VVJid1A=
accept: */*

Response DefaultHttpResponse(decodeResult: success, version: HTTP/1.1)
HTTP/1.1 200 OK
Server: nginx
Date: Mon, 05 Jun 2023 06:56:35 GMT
Content-Type: application/json; charset=utf-8
Content-Length: 137
Connection: keep-alive
Source-From: 02
x-powered-by: Express
vary: X-HTTP-Method-Override
etag: W/"89-JLrRIV+kwVKcsccEvPM7sabCNjY"

01:56:35.749 [AsyncHttpClient-1-7] DEBUG org.asynchttpclient.netty.channel.ChannelManager -- Adding key: https://hub-cloud.browserstack.com:443 for channel [id: 0x8cce8e46, L:/192.168.1.60:63640 - R:hub-cloud.browserstack.com/207.254.8.9:443]
01:56:35.750 [Forwarding setTimeout on session 1b49645851757f08876d5b1b9fd2dafb86e65a9b to remote] DEBUG org.asynchttpclient.netty.request.NettyRequestSender -- Using pooled Channel '[id: 0x8cce8e46, L:/192.168.1.60:63640 - R:hub-cloud.browserstack.com/207.254.8.9:443]' for 'POST' to 'https://cesarstevenriosu_Z5kft8:X2vgXh3LFto9sDxURbwP@hub-cloud.browserstack.com/wd/hub/session/1b49645851757f08876d5b1b9fd2dafb86e65a9b/timeouts'
01:56:35.750 [Forwarding setTimeout on session 1b49645851757f08876d5b1b9fd2dafb86e65a9b to remote] DEBUG org.asynchttpclient.netty.request.NettyRequestSender -- Using open Channel [id: 0x8cce8e46, L:/192.168.1.60:63640 - R:hub-cloud.browserstack.com/207.254.8.9:443] for POST '/wd/hub/session/1b49645851757f08876d5b1b9fd2dafb86e65a9b/timeouts'
01:56:35.851 [AsyncHttpClient-1-7] DEBUG org.asynchttpclient.netty.handler.HttpHandler -- 

Request DefaultHttpRequest(decodeResult: success, version: HTTP/1.1)
POST /wd/hub/session/1b49645851757f08876d5b1b9fd2dafb86e65a9b/timeouts HTTP/1.1
User-Agent: appium/8.3.0 (selenium/4.8.0 (java mac))
Content-Length: 23
Content-Type: application/json; charset=utf-8
host: hub-cloud.browserstack.com
authorization: Basic Y2VzYXJzdGV2ZW5yaW9zdV9aNWtmdDg6WDJ2Z1hoM0xGdG85c0R4VVJid1A=
accept: */*

Response DefaultHttpResponse(decodeResult: success, version: HTTP/1.1)
HTTP/1.1 200 OK
Server: nginx
Date: Mon, 05 Jun 2023 06:56:35 GMT
Content-Type: application/json; charset=utf-8
Content-Length: 14
Connection: keep-alive
Source-From: 02
x-powered-by: Express
vary: X-HTTP-Method-Override
etag: W/"e-9/1BuKMgFObM1mWJm+YjxtXJnUM"

01:56:35.851 [AsyncHttpClient-1-7] DEBUG org.asynchttpclient.netty.channel.ChannelManager -- Adding key: https://hub-cloud.browserstack.com:443 for channel [id: 0x8cce8e46, L:/192.168.1.60:63640 - R:hub-cloud.browserstack.com/207.254.8.9:443]
01:56:35.852 [Forwarding isElementDisplayed on session 1b49645851757f08876d5b1b9fd2dafb86e65a9b to remote] DEBUG org.asynchttpclient.netty.request.NettyRequestSender -- Using pooled Channel '[id: 0x8cce8e46, L:/192.168.1.60:63640 - R:hub-cloud.browserstack.com/207.254.8.9:443]' for 'GET' to 'https://cesarstevenriosu_Z5kft8:X2vgXh3LFto9sDxURbwP@hub-cloud.browserstack.com/wd/hub/session/1b49645851757f08876d5b1b9fd2dafb86e65a9b/element/e28edd10-0b00-4dbb-bb92-89d30821b65d/displayed'
01:56:35.852 [Forwarding isElementDisplayed on session 1b49645851757f08876d5b1b9fd2dafb86e65a9b to remote] DEBUG org.asynchttpclient.netty.request.NettyRequestSender -- Using open Channel [id: 0x8cce8e46, L:/192.168.1.60:63640 - R:hub-cloud.browserstack.com/207.254.8.9:443] for GET '/wd/hub/session/1b49645851757f08876d5b1b9fd2dafb86e65a9b/element/e28edd10-0b00-4dbb-bb92-89d30821b65d/displayed'
01:56:35.961 [AsyncHttpClient-1-7] DEBUG org.asynchttpclient.netty.handler.HttpHandler -- 

Request DefaultFullHttpRequest(decodeResult: success, version: HTTP/1.1, content: EmptyByteBufBE)
GET /wd/hub/session/1b49645851757f08876d5b1b9fd2dafb86e65a9b/element/e28edd10-0b00-4dbb-bb92-89d30821b65d/displayed HTTP/1.1
User-Agent: appium/8.3.0 (selenium/4.8.0 (java mac))
Cache-Control: no-cache
Content-Type: application/json; charset=utf-8
host: hub-cloud.browserstack.com
authorization: Basic Y2VzYXJzdGV2ZW5yaW9zdV9aNWtmdDg6WDJ2Z1hoM0xGdG85c0R4VVJid1A=
accept: */*

Response DefaultHttpResponse(decodeResult: success, version: HTTP/1.1)
HTTP/1.1 200 OK
Server: nginx
Date: Mon, 05 Jun 2023 06:56:36 GMT
Content-Type: application/json; charset=utf-8
Content-Length: 14
Connection: keep-alive
Source-From: 02
x-powered-by: Express
etag: W/"e-2ZHvAWebNQpyjGZTg6uyV8/spTo"

01:56:35.961 [AsyncHttpClient-1-7] DEBUG org.asynchttpclient.netty.channel.ChannelManager -- Adding key: https://hub-cloud.browserstack.com:443 for channel [id: 0x8cce8e46, L:/192.168.1.60:63640 - R:hub-cloud.browserstack.com/207.254.8.9:443]
01:56:35.964 [Forwarding setTimeout on session 1b49645851757f08876d5b1b9fd2dafb86e65a9b to remote] DEBUG org.asynchttpclient.netty.request.NettyRequestSender -- Using pooled Channel '[id: 0x8cce8e46, L:/192.168.1.60:63640 - R:hub-cloud.browserstack.com/207.254.8.9:443]' for 'POST' to 'https://cesarstevenriosu_Z5kft8:X2vgXh3LFto9sDxURbwP@hub-cloud.browserstack.com/wd/hub/session/1b49645851757f08876d5b1b9fd2dafb86e65a9b/timeouts'
01:56:35.965 [Forwarding setTimeout on session 1b49645851757f08876d5b1b9fd2dafb86e65a9b to remote] DEBUG org.asynchttpclient.netty.request.NettyRequestSender -- Using open Channel [id: 0x8cce8e46, L:/192.168.1.60:63640 - R:hub-cloud.browserstack.com/207.254.8.9:443] for POST '/wd/hub/session/1b49645851757f08876d5b1b9fd2dafb86e65a9b/timeouts'
01:56:36.203 [AsyncHttpClient-1-7] DEBUG org.asynchttpclient.netty.handler.HttpHandler -- 

Request DefaultHttpRequest(decodeResult: success, version: HTTP/1.1)
POST /wd/hub/session/1b49645851757f08876d5b1b9fd2dafb86e65a9b/timeouts HTTP/1.1
User-Agent: appium/8.3.0 (selenium/4.8.0 (java mac))
Content-Length: 23
Content-Type: application/json; charset=utf-8
host: hub-cloud.browserstack.com
authorization: Basic Y2VzYXJzdGV2ZW5yaW9zdV9aNWtmdDg6WDJ2Z1hoM0xGdG85c0R4VVJid1A=
accept: */*

Response DefaultHttpResponse(decodeResult: success, version: HTTP/1.1)
HTTP/1.1 200 OK
Server: nginx
Date: Mon, 05 Jun 2023 06:56:36 GMT
Content-Type: application/json; charset=utf-8
Content-Length: 14
Connection: keep-alive
Source-From: 02
x-powered-by: Express
vary: X-HTTP-Method-Override
etag: W/"e-9/1BuKMgFObM1mWJm+YjxtXJnUM"

01:56:36.204 [AsyncHttpClient-1-7] DEBUG org.asynchttpclient.netty.channel.ChannelManager -- Adding key: https://hub-cloud.browserstack.com:443 for channel [id: 0x8cce8e46, L:/192.168.1.60:63640 - R:hub-cloud.browserstack.com/207.254.8.9:443]
01:56:36.217 [Forwarding findElement on session 1b49645851757f08876d5b1b9fd2dafb86e65a9b to remote] DEBUG org.asynchttpclient.netty.request.NettyRequestSender -- Using pooled Channel '[id: 0x8cce8e46, L:/192.168.1.60:63640 - R:hub-cloud.browserstack.com/207.254.8.9:443]' for 'POST' to 'https://cesarstevenriosu_Z5kft8:X2vgXh3LFto9sDxURbwP@hub-cloud.browserstack.com/wd/hub/session/1b49645851757f08876d5b1b9fd2dafb86e65a9b/element'
01:56:36.217 [Forwarding findElement on session 1b49645851757f08876d5b1b9fd2dafb86e65a9b to remote] DEBUG org.asynchttpclient.netty.request.NettyRequestSender -- Using open Channel [id: 0x8cce8e46, L:/192.168.1.60:63640 - R:hub-cloud.browserstack.com/207.254.8.9:443] for POST '/wd/hub/session/1b49645851757f08876d5b1b9fd2dafb86e65a9b/element'
01:56:36.412 [AsyncHttpClient-1-7] DEBUG org.asynchttpclient.netty.handler.HttpHandler -- 

Request DefaultHttpRequest(decodeResult: success, version: HTTP/1.1)
POST /wd/hub/session/1b49645851757f08876d5b1b9fd2dafb86e65a9b/element HTTP/1.1
User-Agent: appium/8.3.0 (selenium/4.8.0 (java mac))
Content-Length: 190
Content-Type: application/json; charset=utf-8
host: hub-cloud.browserstack.com
authorization: Basic Y2VzYXJzdGV2ZW5yaW9zdV9aNWtmdDg6WDJ2Z1hoM0xGdG85c0R4VVJid1A=
accept: */*

Response DefaultHttpResponse(decodeResult: success, version: HTTP/1.1)
HTTP/1.1 200 OK
Server: nginx
Date: Mon, 05 Jun 2023 06:56:36 GMT
Content-Type: application/json; charset=utf-8
Content-Length: 137
Connection: keep-alive
Source-From: 02
x-powered-by: Express
vary: X-HTTP-Method-Override
etag: W/"89-Y45aUvCM1pfhWMztgOHq9/Jsps4"

01:56:36.412 [AsyncHttpClient-1-7] DEBUG org.asynchttpclient.netty.channel.ChannelManager -- Adding key: https://hub-cloud.browserstack.com:443 for channel [id: 0x8cce8e46, L:/192.168.1.60:63640 - R:hub-cloud.browserstack.com/207.254.8.9:443]
01:56:36.413 [Forwarding setTimeout on session 1b49645851757f08876d5b1b9fd2dafb86e65a9b to remote] DEBUG org.asynchttpclient.netty.request.NettyRequestSender -- Using pooled Channel '[id: 0x8cce8e46, L:/192.168.1.60:63640 - R:hub-cloud.browserstack.com/207.254.8.9:443]' for 'POST' to 'https://cesarstevenriosu_Z5kft8:X2vgXh3LFto9sDxURbwP@hub-cloud.browserstack.com/wd/hub/session/1b49645851757f08876d5b1b9fd2dafb86e65a9b/timeouts'
01:56:36.413 [Forwarding setTimeout on session 1b49645851757f08876d5b1b9fd2dafb86e65a9b to remote] DEBUG org.asynchttpclient.netty.request.NettyRequestSender -- Using open Channel [id: 0x8cce8e46, L:/192.168.1.60:63640 - R:hub-cloud.browserstack.com/207.254.8.9:443] for POST '/wd/hub/session/1b49645851757f08876d5b1b9fd2dafb86e65a9b/timeouts'
01:56:36.715 [AsyncHttpClient-1-7] DEBUG org.asynchttpclient.netty.handler.HttpHandler -- 

Request DefaultHttpRequest(decodeResult: success, version: HTTP/1.1)
POST /wd/hub/session/1b49645851757f08876d5b1b9fd2dafb86e65a9b/timeouts HTTP/1.1
User-Agent: appium/8.3.0 (selenium/4.8.0 (java mac))
Content-Length: 23
Content-Type: application/json; charset=utf-8
host: hub-cloud.browserstack.com
authorization: Basic Y2VzYXJzdGV2ZW5yaW9zdV9aNWtmdDg6WDJ2Z1hoM0xGdG85c0R4VVJid1A=
accept: */*

Response DefaultHttpResponse(decodeResult: success, version: HTTP/1.1)
HTTP/1.1 200 OK
Server: nginx
Date: Mon, 05 Jun 2023 06:56:36 GMT
Content-Type: application/json; charset=utf-8
Content-Length: 14
Connection: keep-alive
Source-From: 02
x-powered-by: Express
vary: X-HTTP-Method-Override
etag: W/"e-9/1BuKMgFObM1mWJm+YjxtXJnUM"

01:56:36.715 [AsyncHttpClient-1-7] DEBUG org.asynchttpclient.netty.channel.ChannelManager -- Adding key: https://hub-cloud.browserstack.com:443 for channel [id: 0x8cce8e46, L:/192.168.1.60:63640 - R:hub-cloud.browserstack.com/207.254.8.9:443]
01:56:36.716 [Forwarding isElementDisplayed on session 1b49645851757f08876d5b1b9fd2dafb86e65a9b to remote] DEBUG org.asynchttpclient.netty.request.NettyRequestSender -- Using pooled Channel '[id: 0x8cce8e46, L:/192.168.1.60:63640 - R:hub-cloud.browserstack.com/207.254.8.9:443]' for 'GET' to 'https://cesarstevenriosu_Z5kft8:X2vgXh3LFto9sDxURbwP@hub-cloud.browserstack.com/wd/hub/session/1b49645851757f08876d5b1b9fd2dafb86e65a9b/element/61ac021e-751f-4ae9-94e4-21405b57474b/displayed'
01:56:36.716 [Forwarding isElementDisplayed on session 1b49645851757f08876d5b1b9fd2dafb86e65a9b to remote] DEBUG org.asynchttpclient.netty.request.NettyRequestSender -- Using open Channel [id: 0x8cce8e46, L:/192.168.1.60:63640 - R:hub-cloud.browserstack.com/207.254.8.9:443] for GET '/wd/hub/session/1b49645851757f08876d5b1b9fd2dafb86e65a9b/element/61ac021e-751f-4ae9-94e4-21405b57474b/displayed'
01:56:36.840 [AsyncHttpClient-1-7] DEBUG org.asynchttpclient.netty.handler.HttpHandler -- 

Request DefaultFullHttpRequest(decodeResult: success, version: HTTP/1.1, content: EmptyByteBufBE)
GET /wd/hub/session/1b49645851757f08876d5b1b9fd2dafb86e65a9b/element/61ac021e-751f-4ae9-94e4-21405b57474b/displayed HTTP/1.1
User-Agent: appium/8.3.0 (selenium/4.8.0 (java mac))
Cache-Control: no-cache
Content-Type: application/json; charset=utf-8
host: hub-cloud.browserstack.com
authorization: Basic Y2VzYXJzdGV2ZW5yaW9zdV9aNWtmdDg6WDJ2Z1hoM0xGdG85c0R4VVJid1A=
accept: */*

Response DefaultHttpResponse(decodeResult: success, version: HTTP/1.1)
HTTP/1.1 200 OK
Server: nginx
Date: Mon, 05 Jun 2023 06:56:36 GMT
Content-Type: application/json; charset=utf-8
Content-Length: 14
Connection: keep-alive
Source-From: 02
x-powered-by: Express
etag: W/"e-2ZHvAWebNQpyjGZTg6uyV8/spTo"

01:56:36.840 [AsyncHttpClient-1-7] DEBUG org.asynchttpclient.netty.channel.ChannelManager -- Adding key: https://hub-cloud.browserstack.com:443 for channel [id: 0x8cce8e46, L:/192.168.1.60:63640 - R:hub-cloud.browserstack.com/207.254.8.9:443]
01:56:36.840 [Forwarding isElementDisplayed on session 1b49645851757f08876d5b1b9fd2dafb86e65a9b to remote] DEBUG org.asynchttpclient.netty.request.NettyRequestSender -- Using pooled Channel '[id: 0x8cce8e46, L:/192.168.1.60:63640 - R:hub-cloud.browserstack.com/207.254.8.9:443]' for 'GET' to 'https://cesarstevenriosu_Z5kft8:X2vgXh3LFto9sDxURbwP@hub-cloud.browserstack.com/wd/hub/session/1b49645851757f08876d5b1b9fd2dafb86e65a9b/element/61ac021e-751f-4ae9-94e4-21405b57474b/displayed'
01:56:36.840 [Forwarding isElementDisplayed on session 1b49645851757f08876d5b1b9fd2dafb86e65a9b to remote] DEBUG org.asynchttpclient.netty.request.NettyRequestSender -- Using open Channel [id: 0x8cce8e46, L:/192.168.1.60:63640 - R:hub-cloud.browserstack.com/207.254.8.9:443] for GET '/wd/hub/session/1b49645851757f08876d5b1b9fd2dafb86e65a9b/element/61ac021e-751f-4ae9-94e4-21405b57474b/displayed'
01:56:36.928 [AsyncHttpClient-1-7] DEBUG org.asynchttpclient.netty.handler.HttpHandler -- 

Request DefaultFullHttpRequest(decodeResult: success, version: HTTP/1.1, content: EmptyByteBufBE)
GET /wd/hub/session/1b49645851757f08876d5b1b9fd2dafb86e65a9b/element/61ac021e-751f-4ae9-94e4-21405b57474b/displayed HTTP/1.1
User-Agent: appium/8.3.0 (selenium/4.8.0 (java mac))
Cache-Control: no-cache
Content-Type: application/json; charset=utf-8
host: hub-cloud.browserstack.com
authorization: Basic Y2VzYXJzdGV2ZW5yaW9zdV9aNWtmdDg6WDJ2Z1hoM0xGdG85c0R4VVJid1A=
accept: */*

Response DefaultHttpResponse(decodeResult: success, version: HTTP/1.1)
HTTP/1.1 200 OK
Server: nginx
Date: Mon, 05 Jun 2023 06:56:37 GMT
Content-Type: application/json; charset=utf-8
Content-Length: 14
Connection: keep-alive
Source-From: 02
x-powered-by: Express
etag: W/"e-2ZHvAWebNQpyjGZTg6uyV8/spTo"

01:56:36.929 [AsyncHttpClient-1-7] DEBUG org.asynchttpclient.netty.channel.ChannelManager -- Adding key: https://hub-cloud.browserstack.com:443 for channel [id: 0x8cce8e46, L:/192.168.1.60:63640 - R:hub-cloud.browserstack.com/207.254.8.9:443]
01:56:36.931 [Forwarding setTimeout on session 1b49645851757f08876d5b1b9fd2dafb86e65a9b to remote] DEBUG org.asynchttpclient.netty.request.NettyRequestSender -- Using pooled Channel '[id: 0x8cce8e46, L:/192.168.1.60:63640 - R:hub-cloud.browserstack.com/207.254.8.9:443]' for 'POST' to 'https://cesarstevenriosu_Z5kft8:X2vgXh3LFto9sDxURbwP@hub-cloud.browserstack.com/wd/hub/session/1b49645851757f08876d5b1b9fd2dafb86e65a9b/timeouts'
01:56:36.931 [Forwarding setTimeout on session 1b49645851757f08876d5b1b9fd2dafb86e65a9b to remote] DEBUG org.asynchttpclient.netty.request.NettyRequestSender -- Using open Channel [id: 0x8cce8e46, L:/192.168.1.60:63640 - R:hub-cloud.browserstack.com/207.254.8.9:443] for POST '/wd/hub/session/1b49645851757f08876d5b1b9fd2dafb86e65a9b/timeouts'
01:56:37.061 [AsyncHttpClient-1-7] DEBUG org.asynchttpclient.netty.handler.HttpHandler -- 

Request DefaultHttpRequest(decodeResult: success, version: HTTP/1.1)
POST /wd/hub/session/1b49645851757f08876d5b1b9fd2dafb86e65a9b/timeouts HTTP/1.1
User-Agent: appium/8.3.0 (selenium/4.8.0 (java mac))
Content-Length: 23
Content-Type: application/json; charset=utf-8
host: hub-cloud.browserstack.com
authorization: Basic Y2VzYXJzdGV2ZW5yaW9zdV9aNWtmdDg6WDJ2Z1hoM0xGdG85c0R4VVJid1A=
accept: */*

Response DefaultHttpResponse(decodeResult: success, version: HTTP/1.1)
HTTP/1.1 200 OK
Server: nginx
Date: Mon, 05 Jun 2023 06:56:37 GMT
Content-Type: application/json; charset=utf-8
Content-Length: 14
Connection: keep-alive
Source-From: 02
x-powered-by: Express
vary: X-HTTP-Method-Override
etag: W/"e-9/1BuKMgFObM1mWJm+YjxtXJnUM"

01:56:37.062 [AsyncHttpClient-1-7] DEBUG org.asynchttpclient.netty.channel.ChannelManager -- Adding key: https://hub-cloud.browserstack.com:443 for channel [id: 0x8cce8e46, L:/192.168.1.60:63640 - R:hub-cloud.browserstack.com/207.254.8.9:443]
01:56:37.063 [Forwarding findElement on session 1b49645851757f08876d5b1b9fd2dafb86e65a9b to remote] DEBUG org.asynchttpclient.netty.request.NettyRequestSender -- Using pooled Channel '[id: 0x8cce8e46, L:/192.168.1.60:63640 - R:hub-cloud.browserstack.com/207.254.8.9:443]' for 'POST' to 'https://cesarstevenriosu_Z5kft8:X2vgXh3LFto9sDxURbwP@hub-cloud.browserstack.com/wd/hub/session/1b49645851757f08876d5b1b9fd2dafb86e65a9b/element'
01:56:37.063 [Forwarding findElement on session 1b49645851757f08876d5b1b9fd2dafb86e65a9b to remote] DEBUG org.asynchttpclient.netty.request.NettyRequestSender -- Using open Channel [id: 0x8cce8e46, L:/192.168.1.60:63640 - R:hub-cloud.browserstack.com/207.254.8.9:443] for POST '/wd/hub/session/1b49645851757f08876d5b1b9fd2dafb86e65a9b/element'
01:56:37.361 [AsyncHttpClient-1-7] DEBUG org.asynchttpclient.netty.handler.HttpHandler -- 

Request DefaultHttpRequest(decodeResult: success, version: HTTP/1.1)
POST /wd/hub/session/1b49645851757f08876d5b1b9fd2dafb86e65a9b/element HTTP/1.1
User-Agent: appium/8.3.0 (selenium/4.8.0 (java mac))
Content-Length: 190
Content-Type: application/json; charset=utf-8
host: hub-cloud.browserstack.com
authorization: Basic Y2VzYXJzdGV2ZW5yaW9zdV9aNWtmdDg6WDJ2Z1hoM0xGdG85c0R4VVJid1A=
accept: */*

Response DefaultHttpResponse(decodeResult: success, version: HTTP/1.1)
HTTP/1.1 200 OK
Server: nginx
Date: Mon, 05 Jun 2023 06:56:37 GMT
Content-Type: application/json; charset=utf-8
Content-Length: 137
Connection: keep-alive
Source-From: 02
x-powered-by: Express
vary: X-HTTP-Method-Override
etag: W/"89-bEPO9WVkTpnFkSoM9gHE62NY/Fc"

01:56:37.362 [AsyncHttpClient-1-7] DEBUG org.asynchttpclient.netty.channel.ChannelManager -- Adding key: https://hub-cloud.browserstack.com:443 for channel [id: 0x8cce8e46, L:/192.168.1.60:63640 - R:hub-cloud.browserstack.com/207.254.8.9:443]
01:56:37.363 [Forwarding setTimeout on session 1b49645851757f08876d5b1b9fd2dafb86e65a9b to remote] DEBUG org.asynchttpclient.netty.request.NettyRequestSender -- Using pooled Channel '[id: 0x8cce8e46, L:/192.168.1.60:63640 - R:hub-cloud.browserstack.com/207.254.8.9:443]' for 'POST' to 'https://cesarstevenriosu_Z5kft8:X2vgXh3LFto9sDxURbwP@hub-cloud.browserstack.com/wd/hub/session/1b49645851757f08876d5b1b9fd2dafb86e65a9b/timeouts'
01:56:37.363 [Forwarding setTimeout on session 1b49645851757f08876d5b1b9fd2dafb86e65a9b to remote] DEBUG org.asynchttpclient.netty.request.NettyRequestSender -- Using open Channel [id: 0x8cce8e46, L:/192.168.1.60:63640 - R:hub-cloud.browserstack.com/207.254.8.9:443] for POST '/wd/hub/session/1b49645851757f08876d5b1b9fd2dafb86e65a9b/timeouts'
01:56:37.476 [AsyncHttpClient-1-7] DEBUG org.asynchttpclient.netty.handler.HttpHandler -- 

Request DefaultHttpRequest(decodeResult: success, version: HTTP/1.1)
POST /wd/hub/session/1b49645851757f08876d5b1b9fd2dafb86e65a9b/timeouts HTTP/1.1
User-Agent: appium/8.3.0 (selenium/4.8.0 (java mac))
Content-Length: 23
Content-Type: application/json; charset=utf-8
host: hub-cloud.browserstack.com
authorization: Basic Y2VzYXJzdGV2ZW5yaW9zdV9aNWtmdDg6WDJ2Z1hoM0xGdG85c0R4VVJid1A=
accept: */*

Response DefaultHttpResponse(decodeResult: success, version: HTTP/1.1)
HTTP/1.1 200 OK
Server: nginx
Date: Mon, 05 Jun 2023 06:56:37 GMT
Content-Type: application/json; charset=utf-8
Content-Length: 14
Connection: keep-alive
Source-From: 02
x-powered-by: Express
vary: X-HTTP-Method-Override
etag: W/"e-9/1BuKMgFObM1mWJm+YjxtXJnUM"

01:56:37.476 [AsyncHttpClient-1-7] DEBUG org.asynchttpclient.netty.channel.ChannelManager -- Adding key: https://hub-cloud.browserstack.com:443 for channel [id: 0x8cce8e46, L:/192.168.1.60:63640 - R:hub-cloud.browserstack.com/207.254.8.9:443]
01:56:37.477 [Forwarding isElementDisplayed on session 1b49645851757f08876d5b1b9fd2dafb86e65a9b to remote] DEBUG org.asynchttpclient.netty.request.NettyRequestSender -- Using pooled Channel '[id: 0x8cce8e46, L:/192.168.1.60:63640 - R:hub-cloud.browserstack.com/207.254.8.9:443]' for 'GET' to 'https://cesarstevenriosu_Z5kft8:X2vgXh3LFto9sDxURbwP@hub-cloud.browserstack.com/wd/hub/session/1b49645851757f08876d5b1b9fd2dafb86e65a9b/element/222feda4-b03d-4e1b-a195-adf64294a101/displayed'
01:56:37.477 [Forwarding isElementDisplayed on session 1b49645851757f08876d5b1b9fd2dafb86e65a9b to remote] DEBUG org.asynchttpclient.netty.request.NettyRequestSender -- Using open Channel [id: 0x8cce8e46, L:/192.168.1.60:63640 - R:hub-cloud.browserstack.com/207.254.8.9:443] for GET '/wd/hub/session/1b49645851757f08876d5b1b9fd2dafb86e65a9b/element/222feda4-b03d-4e1b-a195-adf64294a101/displayed'
01:56:37.665 [AsyncHttpClient-1-7] DEBUG org.asynchttpclient.netty.handler.HttpHandler -- 

Request DefaultFullHttpRequest(decodeResult: success, version: HTTP/1.1, content: EmptyByteBufBE)
GET /wd/hub/session/1b49645851757f08876d5b1b9fd2dafb86e65a9b/element/222feda4-b03d-4e1b-a195-adf64294a101/displayed HTTP/1.1
User-Agent: appium/8.3.0 (selenium/4.8.0 (java mac))
Cache-Control: no-cache
Content-Type: application/json; charset=utf-8
host: hub-cloud.browserstack.com
authorization: Basic Y2VzYXJzdGV2ZW5yaW9zdV9aNWtmdDg6WDJ2Z1hoM0xGdG85c0R4VVJid1A=
accept: */*

Response DefaultHttpResponse(decodeResult: success, version: HTTP/1.1)
HTTP/1.1 200 OK
Server: nginx
Date: Mon, 05 Jun 2023 06:56:37 GMT
Content-Type: application/json; charset=utf-8
Content-Length: 14
Connection: keep-alive
Source-From: 02
x-powered-by: Express
etag: W/"e-2ZHvAWebNQpyjGZTg6uyV8/spTo"

01:56:37.665 [AsyncHttpClient-1-7] DEBUG org.asynchttpclient.netty.channel.ChannelManager -- Adding key: https://hub-cloud.browserstack.com:443 for channel [id: 0x8cce8e46, L:/192.168.1.60:63640 - R:hub-cloud.browserstack.com/207.254.8.9:443]
01:56:37.667 [Forwarding clickElement on session 1b49645851757f08876d5b1b9fd2dafb86e65a9b to remote] DEBUG org.asynchttpclient.netty.request.NettyRequestSender -- Using pooled Channel '[id: 0x8cce8e46, L:/192.168.1.60:63640 - R:hub-cloud.browserstack.com/207.254.8.9:443]' for 'POST' to 'https://cesarstevenriosu_Z5kft8:X2vgXh3LFto9sDxURbwP@hub-cloud.browserstack.com/wd/hub/session/1b49645851757f08876d5b1b9fd2dafb86e65a9b/element/222feda4-b03d-4e1b-a195-adf64294a101/click'
01:56:37.667 [Forwarding clickElement on session 1b49645851757f08876d5b1b9fd2dafb86e65a9b to remote] DEBUG org.asynchttpclient.netty.request.NettyRequestSender -- Using open Channel [id: 0x8cce8e46, L:/192.168.1.60:63640 - R:hub-cloud.browserstack.com/207.254.8.9:443] for POST '/wd/hub/session/1b49645851757f08876d5b1b9fd2dafb86e65a9b/element/222feda4-b03d-4e1b-a195-adf64294a101/click'
01:56:38.511 [AsyncHttpClient-1-7] DEBUG org.asynchttpclient.netty.handler.HttpHandler -- 

Request DefaultHttpRequest(decodeResult: success, version: HTTP/1.1)
POST /wd/hub/session/1b49645851757f08876d5b1b9fd2dafb86e65a9b/element/222feda4-b03d-4e1b-a195-adf64294a101/click HTTP/1.1
User-Agent: appium/8.3.0 (selenium/4.8.0 (java mac))
Content-Length: 50
Content-Type: application/json; charset=utf-8
host: hub-cloud.browserstack.com
authorization: Basic Y2VzYXJzdGV2ZW5yaW9zdV9aNWtmdDg6WDJ2Z1hoM0xGdG85c0R4VVJid1A=
accept: */*

Response DefaultHttpResponse(decodeResult: success, version: HTTP/1.1)
HTTP/1.1 200 OK
Server: nginx
Date: Mon, 05 Jun 2023 06:56:38 GMT
Content-Type: application/json; charset=utf-8
Content-Length: 14
Connection: keep-alive
Source-From: 02
x-powered-by: Express
vary: X-HTTP-Method-Override
etag: W/"e-9/1BuKMgFObM1mWJm+YjxtXJnUM"

01:56:38.511 [AsyncHttpClient-1-7] DEBUG org.asynchttpclient.netty.channel.ChannelManager -- Adding key: https://hub-cloud.browserstack.com:443 for channel [id: 0x8cce8e46, L:/192.168.1.60:63640 - R:hub-cloud.browserstack.com/207.254.8.9:443]
01:56:38.515 [Forwarding setTimeout on session 1b49645851757f08876d5b1b9fd2dafb86e65a9b to remote] DEBUG org.asynchttpclient.netty.request.NettyRequestSender -- Using pooled Channel '[id: 0x8cce8e46, L:/192.168.1.60:63640 - R:hub-cloud.browserstack.com/207.254.8.9:443]' for 'POST' to 'https://cesarstevenriosu_Z5kft8:X2vgXh3LFto9sDxURbwP@hub-cloud.browserstack.com/wd/hub/session/1b49645851757f08876d5b1b9fd2dafb86e65a9b/timeouts'
01:56:38.515 [Forwarding setTimeout on session 1b49645851757f08876d5b1b9fd2dafb86e65a9b to remote] DEBUG org.asynchttpclient.netty.request.NettyRequestSender -- Using open Channel [id: 0x8cce8e46, L:/192.168.1.60:63640 - R:hub-cloud.browserstack.com/207.254.8.9:443] for POST '/wd/hub/session/1b49645851757f08876d5b1b9fd2dafb86e65a9b/timeouts'
01:56:38.598 [AsyncHttpClient-1-7] DEBUG org.asynchttpclient.netty.handler.HttpHandler -- 

Request DefaultHttpRequest(decodeResult: success, version: HTTP/1.1)
POST /wd/hub/session/1b49645851757f08876d5b1b9fd2dafb86e65a9b/timeouts HTTP/1.1
User-Agent: appium/8.3.0 (selenium/4.8.0 (java mac))
Content-Length: 19
Content-Type: application/json; charset=utf-8
host: hub-cloud.browserstack.com
authorization: Basic Y2VzYXJzdGV2ZW5yaW9zdV9aNWtmdDg6WDJ2Z1hoM0xGdG85c0R4VVJid1A=
accept: */*

Response DefaultHttpResponse(decodeResult: success, version: HTTP/1.1)
HTTP/1.1 200 OK
Server: nginx
Date: Mon, 05 Jun 2023 06:56:38 GMT
Content-Type: application/json; charset=utf-8
Content-Length: 14
Connection: keep-alive
Source-From: 02
x-powered-by: Express
vary: X-HTTP-Method-Override
etag: W/"e-9/1BuKMgFObM1mWJm+YjxtXJnUM"

01:56:38.598 [AsyncHttpClient-1-7] DEBUG org.asynchttpclient.netty.channel.ChannelManager -- Adding key: https://hub-cloud.browserstack.com:443 for channel [id: 0x8cce8e46, L:/192.168.1.60:63640 - R:hub-cloud.browserstack.com/207.254.8.9:443]
01:56:38.600 [Forwarding findElement on session 1b49645851757f08876d5b1b9fd2dafb86e65a9b to remote] DEBUG org.asynchttpclient.netty.request.NettyRequestSender -- Using pooled Channel '[id: 0x8cce8e46, L:/192.168.1.60:63640 - R:hub-cloud.browserstack.com/207.254.8.9:443]' for 'POST' to 'https://cesarstevenriosu_Z5kft8:X2vgXh3LFto9sDxURbwP@hub-cloud.browserstack.com/wd/hub/session/1b49645851757f08876d5b1b9fd2dafb86e65a9b/element'
01:56:38.600 [Forwarding findElement on session 1b49645851757f08876d5b1b9fd2dafb86e65a9b to remote] DEBUG org.asynchttpclient.netty.request.NettyRequestSender -- Using open Channel [id: 0x8cce8e46, L:/192.168.1.60:63640 - R:hub-cloud.browserstack.com/207.254.8.9:443] for POST '/wd/hub/session/1b49645851757f08876d5b1b9fd2dafb86e65a9b/element'
01:56:38.853 [AsyncHttpClient-1-7] DEBUG org.asynchttpclient.netty.handler.HttpHandler -- 

Request DefaultHttpRequest(decodeResult: success, version: HTTP/1.1)
POST /wd/hub/session/1b49645851757f08876d5b1b9fd2dafb86e65a9b/element HTTP/1.1
User-Agent: appium/8.3.0 (selenium/4.8.0 (java mac))
Content-Length: 190
Content-Type: application/json; charset=utf-8
host: hub-cloud.browserstack.com
authorization: Basic Y2VzYXJzdGV2ZW5yaW9zdV9aNWtmdDg6WDJ2Z1hoM0xGdG85c0R4VVJid1A=
accept: */*

Response DefaultHttpResponse(decodeResult: success, version: HTTP/1.1)
HTTP/1.1 200 OK
Server: nginx
Date: Mon, 05 Jun 2023 06:56:38 GMT
Content-Type: application/json; charset=utf-8
Content-Length: 137
Connection: keep-alive
Source-From: 02
x-powered-by: Express
vary: X-HTTP-Method-Override
etag: W/"89-DyegSrXgCWqihzXjWgBWpk8dlhY"

01:56:38.853 [AsyncHttpClient-1-7] DEBUG org.asynchttpclient.netty.channel.ChannelManager -- Adding key: https://hub-cloud.browserstack.com:443 for channel [id: 0x8cce8e46, L:/192.168.1.60:63640 - R:hub-cloud.browserstack.com/207.254.8.9:443]
01:56:38.854 [Forwarding setTimeout on session 1b49645851757f08876d5b1b9fd2dafb86e65a9b to remote] DEBUG org.asynchttpclient.netty.request.NettyRequestSender -- Using pooled Channel '[id: 0x8cce8e46, L:/192.168.1.60:63640 - R:hub-cloud.browserstack.com/207.254.8.9:443]' for 'POST' to 'https://cesarstevenriosu_Z5kft8:X2vgXh3LFto9sDxURbwP@hub-cloud.browserstack.com/wd/hub/session/1b49645851757f08876d5b1b9fd2dafb86e65a9b/timeouts'
01:56:38.854 [Forwarding setTimeout on session 1b49645851757f08876d5b1b9fd2dafb86e65a9b to remote] DEBUG org.asynchttpclient.netty.request.NettyRequestSender -- Using open Channel [id: 0x8cce8e46, L:/192.168.1.60:63640 - R:hub-cloud.browserstack.com/207.254.8.9:443] for POST '/wd/hub/session/1b49645851757f08876d5b1b9fd2dafb86e65a9b/timeouts'
01:56:38.993 [AsyncHttpClient-1-7] DEBUG org.asynchttpclient.netty.handler.HttpHandler -- 

Request DefaultHttpRequest(decodeResult: success, version: HTTP/1.1)
POST /wd/hub/session/1b49645851757f08876d5b1b9fd2dafb86e65a9b/timeouts HTTP/1.1
User-Agent: appium/8.3.0 (selenium/4.8.0 (java mac))
Content-Length: 23
Content-Type: application/json; charset=utf-8
host: hub-cloud.browserstack.com
authorization: Basic Y2VzYXJzdGV2ZW5yaW9zdV9aNWtmdDg6WDJ2Z1hoM0xGdG85c0R4VVJid1A=
accept: */*

Response DefaultHttpResponse(decodeResult: success, version: HTTP/1.1)
HTTP/1.1 200 OK
Server: nginx
Date: Mon, 05 Jun 2023 06:56:39 GMT
Content-Type: application/json; charset=utf-8
Content-Length: 14
Connection: keep-alive
Source-From: 02
x-powered-by: Express
vary: X-HTTP-Method-Override
etag: W/"e-9/1BuKMgFObM1mWJm+YjxtXJnUM"

01:56:38.994 [AsyncHttpClient-1-7] DEBUG org.asynchttpclient.netty.channel.ChannelManager -- Adding key: https://hub-cloud.browserstack.com:443 for channel [id: 0x8cce8e46, L:/192.168.1.60:63640 - R:hub-cloud.browserstack.com/207.254.8.9:443]
01:56:38.998 [Forwarding setTimeout on session 1b49645851757f08876d5b1b9fd2dafb86e65a9b to remote] DEBUG org.asynchttpclient.netty.request.NettyRequestSender -- Using pooled Channel '[id: 0x8cce8e46, L:/192.168.1.60:63640 - R:hub-cloud.browserstack.com/207.254.8.9:443]' for 'POST' to 'https://cesarstevenriosu_Z5kft8:X2vgXh3LFto9sDxURbwP@hub-cloud.browserstack.com/wd/hub/session/1b49645851757f08876d5b1b9fd2dafb86e65a9b/timeouts'
01:56:38.998 [Forwarding setTimeout on session 1b49645851757f08876d5b1b9fd2dafb86e65a9b to remote] DEBUG org.asynchttpclient.netty.request.NettyRequestSender -- Using open Channel [id: 0x8cce8e46, L:/192.168.1.60:63640 - R:hub-cloud.browserstack.com/207.254.8.9:443] for POST '/wd/hub/session/1b49645851757f08876d5b1b9fd2dafb86e65a9b/timeouts'
01:56:39.076 [AsyncHttpClient-1-7] DEBUG org.asynchttpclient.netty.handler.HttpHandler -- 

Request DefaultHttpRequest(decodeResult: success, version: HTTP/1.1)
POST /wd/hub/session/1b49645851757f08876d5b1b9fd2dafb86e65a9b/timeouts HTTP/1.1
User-Agent: appium/8.3.0 (selenium/4.8.0 (java mac))
Content-Length: 19
Content-Type: application/json; charset=utf-8
host: hub-cloud.browserstack.com
authorization: Basic Y2VzYXJzdGV2ZW5yaW9zdV9aNWtmdDg6WDJ2Z1hoM0xGdG85c0R4VVJid1A=
accept: */*

Response DefaultHttpResponse(decodeResult: success, version: HTTP/1.1)
HTTP/1.1 200 OK
Server: nginx
Date: Mon, 05 Jun 2023 06:56:39 GMT
Content-Type: application/json; charset=utf-8
Content-Length: 14
Connection: keep-alive
Source-From: 02
x-powered-by: Express
vary: X-HTTP-Method-Override
etag: W/"e-9/1BuKMgFObM1mWJm+YjxtXJnUM"

01:56:39.076 [AsyncHttpClient-1-7] DEBUG org.asynchttpclient.netty.channel.ChannelManager -- Adding key: https://hub-cloud.browserstack.com:443 for channel [id: 0x8cce8e46, L:/192.168.1.60:63640 - R:hub-cloud.browserstack.com/207.254.8.9:443]
01:56:39.078 [Forwarding findElement on session 1b49645851757f08876d5b1b9fd2dafb86e65a9b to remote] DEBUG org.asynchttpclient.netty.request.NettyRequestSender -- Using pooled Channel '[id: 0x8cce8e46, L:/192.168.1.60:63640 - R:hub-cloud.browserstack.com/207.254.8.9:443]' for 'POST' to 'https://cesarstevenriosu_Z5kft8:X2vgXh3LFto9sDxURbwP@hub-cloud.browserstack.com/wd/hub/session/1b49645851757f08876d5b1b9fd2dafb86e65a9b/element'
01:56:39.079 [Forwarding findElement on session 1b49645851757f08876d5b1b9fd2dafb86e65a9b to remote] DEBUG org.asynchttpclient.netty.request.NettyRequestSender -- Using open Channel [id: 0x8cce8e46, L:/192.168.1.60:63640 - R:hub-cloud.browserstack.com/207.254.8.9:443] for POST '/wd/hub/session/1b49645851757f08876d5b1b9fd2dafb86e65a9b/element'
01:56:39.290 [AsyncHttpClient-1-7] DEBUG org.asynchttpclient.netty.handler.HttpHandler -- 

Request DefaultHttpRequest(decodeResult: success, version: HTTP/1.1)
POST /wd/hub/session/1b49645851757f08876d5b1b9fd2dafb86e65a9b/element HTTP/1.1
User-Agent: appium/8.3.0 (selenium/4.8.0 (java mac))
Content-Length: 190
Content-Type: application/json; charset=utf-8
host: hub-cloud.browserstack.com
authorization: Basic Y2VzYXJzdGV2ZW5yaW9zdV9aNWtmdDg6WDJ2Z1hoM0xGdG85c0R4VVJid1A=
accept: */*

Response DefaultHttpResponse(decodeResult: success, version: HTTP/1.1)
HTTP/1.1 200 OK
Server: nginx
Date: Mon, 05 Jun 2023 06:56:39 GMT
Content-Type: application/json; charset=utf-8
Content-Length: 137
Connection: keep-alive
Source-From: 02
x-powered-by: Express
vary: X-HTTP-Method-Override
etag: W/"89-7E9ZAU2kPVWm6lZqXJ5mJ8qEaQE"

01:56:39.290 [AsyncHttpClient-1-7] DEBUG org.asynchttpclient.netty.channel.ChannelManager -- Adding key: https://hub-cloud.browserstack.com:443 for channel [id: 0x8cce8e46, L:/192.168.1.60:63640 - R:hub-cloud.browserstack.com/207.254.8.9:443]
01:56:39.291 [Forwarding setTimeout on session 1b49645851757f08876d5b1b9fd2dafb86e65a9b to remote] DEBUG org.asynchttpclient.netty.request.NettyRequestSender -- Using pooled Channel '[id: 0x8cce8e46, L:/192.168.1.60:63640 - R:hub-cloud.browserstack.com/207.254.8.9:443]' for 'POST' to 'https://cesarstevenriosu_Z5kft8:X2vgXh3LFto9sDxURbwP@hub-cloud.browserstack.com/wd/hub/session/1b49645851757f08876d5b1b9fd2dafb86e65a9b/timeouts'
01:56:39.291 [Forwarding setTimeout on session 1b49645851757f08876d5b1b9fd2dafb86e65a9b to remote] DEBUG org.asynchttpclient.netty.request.NettyRequestSender -- Using open Channel [id: 0x8cce8e46, L:/192.168.1.60:63640 - R:hub-cloud.browserstack.com/207.254.8.9:443] for POST '/wd/hub/session/1b49645851757f08876d5b1b9fd2dafb86e65a9b/timeouts'
01:56:39.408 [AsyncHttpClient-1-7] DEBUG org.asynchttpclient.netty.handler.HttpHandler -- 

Request DefaultHttpRequest(decodeResult: success, version: HTTP/1.1)
POST /wd/hub/session/1b49645851757f08876d5b1b9fd2dafb86e65a9b/timeouts HTTP/1.1
User-Agent: appium/8.3.0 (selenium/4.8.0 (java mac))
Content-Length: 23
Content-Type: application/json; charset=utf-8
host: hub-cloud.browserstack.com
authorization: Basic Y2VzYXJzdGV2ZW5yaW9zdV9aNWtmdDg6WDJ2Z1hoM0xGdG85c0R4VVJid1A=
accept: */*

Response DefaultHttpResponse(decodeResult: success, version: HTTP/1.1)
HTTP/1.1 200 OK
Server: nginx
Date: Mon, 05 Jun 2023 06:56:39 GMT
Content-Type: application/json; charset=utf-8
Content-Length: 14
Connection: keep-alive
Source-From: 02
x-powered-by: Express
vary: X-HTTP-Method-Override
etag: W/"e-9/1BuKMgFObM1mWJm+YjxtXJnUM"

01:56:39.408 [AsyncHttpClient-1-7] DEBUG org.asynchttpclient.netty.channel.ChannelManager -- Adding key: https://hub-cloud.browserstack.com:443 for channel [id: 0x8cce8e46, L:/192.168.1.60:63640 - R:hub-cloud.browserstack.com/207.254.8.9:443]
01:56:39.409 [Forwarding isElementDisplayed on session 1b49645851757f08876d5b1b9fd2dafb86e65a9b to remote] DEBUG org.asynchttpclient.netty.request.NettyRequestSender -- Using pooled Channel '[id: 0x8cce8e46, L:/192.168.1.60:63640 - R:hub-cloud.browserstack.com/207.254.8.9:443]' for 'GET' to 'https://cesarstevenriosu_Z5kft8:X2vgXh3LFto9sDxURbwP@hub-cloud.browserstack.com/wd/hub/session/1b49645851757f08876d5b1b9fd2dafb86e65a9b/element/c5b69bd2-36c0-45b7-a0ce-f223b43aa30d/displayed'
01:56:39.409 [Forwarding isElementDisplayed on session 1b49645851757f08876d5b1b9fd2dafb86e65a9b to remote] DEBUG org.asynchttpclient.netty.request.NettyRequestSender -- Using open Channel [id: 0x8cce8e46, L:/192.168.1.60:63640 - R:hub-cloud.browserstack.com/207.254.8.9:443] for GET '/wd/hub/session/1b49645851757f08876d5b1b9fd2dafb86e65a9b/element/c5b69bd2-36c0-45b7-a0ce-f223b43aa30d/displayed'
01:56:39.817 [AsyncHttpClient-1-7] DEBUG org.asynchttpclient.netty.handler.HttpHandler -- 

Request DefaultFullHttpRequest(decodeResult: success, version: HTTP/1.1, content: EmptyByteBufBE)
GET /wd/hub/session/1b49645851757f08876d5b1b9fd2dafb86e65a9b/element/c5b69bd2-36c0-45b7-a0ce-f223b43aa30d/displayed HTTP/1.1
User-Agent: appium/8.3.0 (selenium/4.8.0 (java mac))
Cache-Control: no-cache
Content-Type: application/json; charset=utf-8
host: hub-cloud.browserstack.com
authorization: Basic Y2VzYXJzdGV2ZW5yaW9zdV9aNWtmdDg6WDJ2Z1hoM0xGdG85c0R4VVJid1A=
accept: */*

Response DefaultHttpResponse(decodeResult: success, version: HTTP/1.1)
HTTP/1.1 200 OK
Server: nginx
Date: Mon, 05 Jun 2023 06:56:39 GMT
Content-Type: application/json; charset=utf-8
Content-Length: 14
Connection: keep-alive
Source-From: 02
x-powered-by: Express
etag: W/"e-2ZHvAWebNQpyjGZTg6uyV8/spTo"

01:56:39.817 [AsyncHttpClient-1-7] DEBUG org.asynchttpclient.netty.channel.ChannelManager -- Adding key: https://hub-cloud.browserstack.com:443 for channel [id: 0x8cce8e46, L:/192.168.1.60:63640 - R:hub-cloud.browserstack.com/207.254.8.9:443]
01:56:39.818 [Forwarding setTimeout on session 1b49645851757f08876d5b1b9fd2dafb86e65a9b to remote] DEBUG org.asynchttpclient.netty.request.NettyRequestSender -- Using pooled Channel '[id: 0x8cce8e46, L:/192.168.1.60:63640 - R:hub-cloud.browserstack.com/207.254.8.9:443]' for 'POST' to 'https://cesarstevenriosu_Z5kft8:X2vgXh3LFto9sDxURbwP@hub-cloud.browserstack.com/wd/hub/session/1b49645851757f08876d5b1b9fd2dafb86e65a9b/timeouts'
01:56:39.818 [Forwarding setTimeout on session 1b49645851757f08876d5b1b9fd2dafb86e65a9b to remote] DEBUG org.asynchttpclient.netty.request.NettyRequestSender -- Using open Channel [id: 0x8cce8e46, L:/192.168.1.60:63640 - R:hub-cloud.browserstack.com/207.254.8.9:443] for POST '/wd/hub/session/1b49645851757f08876d5b1b9fd2dafb86e65a9b/timeouts'
01:56:39.919 [AsyncHttpClient-1-7] DEBUG org.asynchttpclient.netty.handler.HttpHandler -- 

Request DefaultHttpRequest(decodeResult: success, version: HTTP/1.1)
POST /wd/hub/session/1b49645851757f08876d5b1b9fd2dafb86e65a9b/timeouts HTTP/1.1
User-Agent: appium/8.3.0 (selenium/4.8.0 (java mac))
Content-Length: 23
Content-Type: application/json; charset=utf-8
host: hub-cloud.browserstack.com
authorization: Basic Y2VzYXJzdGV2ZW5yaW9zdV9aNWtmdDg6WDJ2Z1hoM0xGdG85c0R4VVJid1A=
accept: */*

Response DefaultHttpResponse(decodeResult: success, version: HTTP/1.1)
HTTP/1.1 200 OK
Server: nginx
Date: Mon, 05 Jun 2023 06:56:40 GMT
Content-Type: application/json; charset=utf-8
Content-Length: 14
Connection: keep-alive
Source-From: 02
x-powered-by: Express
vary: X-HTTP-Method-Override
etag: W/"e-9/1BuKMgFObM1mWJm+YjxtXJnUM"

01:56:39.919 [AsyncHttpClient-1-7] DEBUG org.asynchttpclient.netty.channel.ChannelManager -- Adding key: https://hub-cloud.browserstack.com:443 for channel [id: 0x8cce8e46, L:/192.168.1.60:63640 - R:hub-cloud.browserstack.com/207.254.8.9:443]
01:56:39.920 [Forwarding findElement on session 1b49645851757f08876d5b1b9fd2dafb86e65a9b to remote] DEBUG org.asynchttpclient.netty.request.NettyRequestSender -- Using pooled Channel '[id: 0x8cce8e46, L:/192.168.1.60:63640 - R:hub-cloud.browserstack.com/207.254.8.9:443]' for 'POST' to 'https://cesarstevenriosu_Z5kft8:X2vgXh3LFto9sDxURbwP@hub-cloud.browserstack.com/wd/hub/session/1b49645851757f08876d5b1b9fd2dafb86e65a9b/element'
01:56:39.920 [Forwarding findElement on session 1b49645851757f08876d5b1b9fd2dafb86e65a9b to remote] DEBUG org.asynchttpclient.netty.request.NettyRequestSender -- Using open Channel [id: 0x8cce8e46, L:/192.168.1.60:63640 - R:hub-cloud.browserstack.com/207.254.8.9:443] for POST '/wd/hub/session/1b49645851757f08876d5b1b9fd2dafb86e65a9b/element'
01:56:40.079 [AsyncHttpClient-1-7] DEBUG org.asynchttpclient.netty.handler.HttpHandler -- 

Request DefaultHttpRequest(decodeResult: success, version: HTTP/1.1)
POST /wd/hub/session/1b49645851757f08876d5b1b9fd2dafb86e65a9b/element HTTP/1.1
User-Agent: appium/8.3.0 (selenium/4.8.0 (java mac))
Content-Length: 190
Content-Type: application/json; charset=utf-8
host: hub-cloud.browserstack.com
authorization: Basic Y2VzYXJzdGV2ZW5yaW9zdV9aNWtmdDg6WDJ2Z1hoM0xGdG85c0R4VVJid1A=
accept: */*

Response DefaultHttpResponse(decodeResult: success, version: HTTP/1.1)
HTTP/1.1 200 OK
Server: nginx
Date: Mon, 05 Jun 2023 06:56:40 GMT
Content-Type: application/json; charset=utf-8
Content-Length: 137
Connection: keep-alive
Source-From: 02
x-powered-by: Express
vary: X-HTTP-Method-Override
etag: W/"89-Y076382mpNKUdqCscokPeAIHjMk"

01:56:40.079 [AsyncHttpClient-1-7] DEBUG org.asynchttpclient.netty.channel.ChannelManager -- Adding key: https://hub-cloud.browserstack.com:443 for channel [id: 0x8cce8e46, L:/192.168.1.60:63640 - R:hub-cloud.browserstack.com/207.254.8.9:443]
01:56:40.081 [Forwarding setTimeout on session 1b49645851757f08876d5b1b9fd2dafb86e65a9b to remote] DEBUG org.asynchttpclient.netty.request.NettyRequestSender -- Using pooled Channel '[id: 0x8cce8e46, L:/192.168.1.60:63640 - R:hub-cloud.browserstack.com/207.254.8.9:443]' for 'POST' to 'https://cesarstevenriosu_Z5kft8:X2vgXh3LFto9sDxURbwP@hub-cloud.browserstack.com/wd/hub/session/1b49645851757f08876d5b1b9fd2dafb86e65a9b/timeouts'
01:56:40.081 [Forwarding setTimeout on session 1b49645851757f08876d5b1b9fd2dafb86e65a9b to remote] DEBUG org.asynchttpclient.netty.request.NettyRequestSender -- Using open Channel [id: 0x8cce8e46, L:/192.168.1.60:63640 - R:hub-cloud.browserstack.com/207.254.8.9:443] for POST '/wd/hub/session/1b49645851757f08876d5b1b9fd2dafb86e65a9b/timeouts'
01:56:40.205 [AsyncHttpClient-1-7] DEBUG org.asynchttpclient.netty.handler.HttpHandler -- 

Request DefaultHttpRequest(decodeResult: success, version: HTTP/1.1)
POST /wd/hub/session/1b49645851757f08876d5b1b9fd2dafb86e65a9b/timeouts HTTP/1.1
User-Agent: appium/8.3.0 (selenium/4.8.0 (java mac))
Content-Length: 23
Content-Type: application/json; charset=utf-8
host: hub-cloud.browserstack.com
authorization: Basic Y2VzYXJzdGV2ZW5yaW9zdV9aNWtmdDg6WDJ2Z1hoM0xGdG85c0R4VVJid1A=
accept: */*

Response DefaultHttpResponse(decodeResult: success, version: HTTP/1.1)
HTTP/1.1 200 OK
Server: nginx
Date: Mon, 05 Jun 2023 06:56:40 GMT
Content-Type: application/json; charset=utf-8
Content-Length: 14
Connection: keep-alive
Source-From: 02
x-powered-by: Express
vary: X-HTTP-Method-Override
etag: W/"e-9/1BuKMgFObM1mWJm+YjxtXJnUM"

01:56:40.205 [AsyncHttpClient-1-7] DEBUG org.asynchttpclient.netty.channel.ChannelManager -- Adding key: https://hub-cloud.browserstack.com:443 for channel [id: 0x8cce8e46, L:/192.168.1.60:63640 - R:hub-cloud.browserstack.com/207.254.8.9:443]
01:56:40.206 [Forwarding isElementDisplayed on session 1b49645851757f08876d5b1b9fd2dafb86e65a9b to remote] DEBUG org.asynchttpclient.netty.request.NettyRequestSender -- Using pooled Channel '[id: 0x8cce8e46, L:/192.168.1.60:63640 - R:hub-cloud.browserstack.com/207.254.8.9:443]' for 'GET' to 'https://cesarstevenriosu_Z5kft8:X2vgXh3LFto9sDxURbwP@hub-cloud.browserstack.com/wd/hub/session/1b49645851757f08876d5b1b9fd2dafb86e65a9b/element/5c7afef7-2ae9-49a1-8034-3b1cedc93b23/displayed'
01:56:40.206 [Forwarding isElementDisplayed on session 1b49645851757f08876d5b1b9fd2dafb86e65a9b to remote] DEBUG org.asynchttpclient.netty.request.NettyRequestSender -- Using open Channel [id: 0x8cce8e46, L:/192.168.1.60:63640 - R:hub-cloud.browserstack.com/207.254.8.9:443] for GET '/wd/hub/session/1b49645851757f08876d5b1b9fd2dafb86e65a9b/element/5c7afef7-2ae9-49a1-8034-3b1cedc93b23/displayed'
01:56:40.388 [AsyncHttpClient-1-7] DEBUG org.asynchttpclient.netty.handler.HttpHandler -- 

Request DefaultFullHttpRequest(decodeResult: success, version: HTTP/1.1, content: EmptyByteBufBE)
GET /wd/hub/session/1b49645851757f08876d5b1b9fd2dafb86e65a9b/element/5c7afef7-2ae9-49a1-8034-3b1cedc93b23/displayed HTTP/1.1
User-Agent: appium/8.3.0 (selenium/4.8.0 (java mac))
Cache-Control: no-cache
Content-Type: application/json; charset=utf-8
host: hub-cloud.browserstack.com
authorization: Basic Y2VzYXJzdGV2ZW5yaW9zdV9aNWtmdDg6WDJ2Z1hoM0xGdG85c0R4VVJid1A=
accept: */*

Response DefaultHttpResponse(decodeResult: success, version: HTTP/1.1)
HTTP/1.1 200 OK
Server: nginx
Date: Mon, 05 Jun 2023 06:56:40 GMT
Content-Type: application/json; charset=utf-8
Content-Length: 14
Connection: keep-alive
Source-From: 02
x-powered-by: Express
etag: W/"e-2ZHvAWebNQpyjGZTg6uyV8/spTo"

01:56:40.388 [AsyncHttpClient-1-7] DEBUG org.asynchttpclient.netty.channel.ChannelManager -- Adding key: https://hub-cloud.browserstack.com:443 for channel [id: 0x8cce8e46, L:/192.168.1.60:63640 - R:hub-cloud.browserstack.com/207.254.8.9:443]
01:56:40.389 [Forwarding isElementDisplayed on session 1b49645851757f08876d5b1b9fd2dafb86e65a9b to remote] DEBUG org.asynchttpclient.netty.request.NettyRequestSender -- Using pooled Channel '[id: 0x8cce8e46, L:/192.168.1.60:63640 - R:hub-cloud.browserstack.com/207.254.8.9:443]' for 'GET' to 'https://cesarstevenriosu_Z5kft8:X2vgXh3LFto9sDxURbwP@hub-cloud.browserstack.com/wd/hub/session/1b49645851757f08876d5b1b9fd2dafb86e65a9b/element/5c7afef7-2ae9-49a1-8034-3b1cedc93b23/displayed'
01:56:40.389 [Forwarding isElementDisplayed on session 1b49645851757f08876d5b1b9fd2dafb86e65a9b to remote] DEBUG org.asynchttpclient.netty.request.NettyRequestSender -- Using open Channel [id: 0x8cce8e46, L:/192.168.1.60:63640 - R:hub-cloud.browserstack.com/207.254.8.9:443] for GET '/wd/hub/session/1b49645851757f08876d5b1b9fd2dafb86e65a9b/element/5c7afef7-2ae9-49a1-8034-3b1cedc93b23/displayed'
01:56:40.531 [AsyncHttpClient-1-7] DEBUG org.asynchttpclient.netty.handler.HttpHandler -- 

Request DefaultFullHttpRequest(decodeResult: success, version: HTTP/1.1, content: EmptyByteBufBE)
GET /wd/hub/session/1b49645851757f08876d5b1b9fd2dafb86e65a9b/element/5c7afef7-2ae9-49a1-8034-3b1cedc93b23/displayed HTTP/1.1
User-Agent: appium/8.3.0 (selenium/4.8.0 (java mac))
Cache-Control: no-cache
Content-Type: application/json; charset=utf-8
host: hub-cloud.browserstack.com
authorization: Basic Y2VzYXJzdGV2ZW5yaW9zdV9aNWtmdDg6WDJ2Z1hoM0xGdG85c0R4VVJid1A=
accept: */*

Response DefaultHttpResponse(decodeResult: success, version: HTTP/1.1)
HTTP/1.1 200 OK
Server: nginx
Date: Mon, 05 Jun 2023 06:56:40 GMT
Content-Type: application/json; charset=utf-8
Content-Length: 14
Connection: keep-alive
Source-From: 02
x-powered-by: Express
etag: W/"e-2ZHvAWebNQpyjGZTg6uyV8/spTo"

01:56:40.532 [AsyncHttpClient-1-7] DEBUG org.asynchttpclient.netty.channel.ChannelManager -- Adding key: https://hub-cloud.browserstack.com:443 for channel [id: 0x8cce8e46, L:/192.168.1.60:63640 - R:hub-cloud.browserstack.com/207.254.8.9:443]
01:56:40.535 [Forwarding setTimeout on session 1b49645851757f08876d5b1b9fd2dafb86e65a9b to remote] DEBUG org.asynchttpclient.netty.request.NettyRequestSender -- Using pooled Channel '[id: 0x8cce8e46, L:/192.168.1.60:63640 - R:hub-cloud.browserstack.com/207.254.8.9:443]' for 'POST' to 'https://cesarstevenriosu_Z5kft8:X2vgXh3LFto9sDxURbwP@hub-cloud.browserstack.com/wd/hub/session/1b49645851757f08876d5b1b9fd2dafb86e65a9b/timeouts'
01:56:40.535 [Forwarding setTimeout on session 1b49645851757f08876d5b1b9fd2dafb86e65a9b to remote] DEBUG org.asynchttpclient.netty.request.NettyRequestSender -- Using open Channel [id: 0x8cce8e46, L:/192.168.1.60:63640 - R:hub-cloud.browserstack.com/207.254.8.9:443] for POST '/wd/hub/session/1b49645851757f08876d5b1b9fd2dafb86e65a9b/timeouts'
01:56:40.612 [AsyncHttpClient-1-7] DEBUG org.asynchttpclient.netty.handler.HttpHandler -- 

Request DefaultHttpRequest(decodeResult: success, version: HTTP/1.1)
POST /wd/hub/session/1b49645851757f08876d5b1b9fd2dafb86e65a9b/timeouts HTTP/1.1
User-Agent: appium/8.3.0 (selenium/4.8.0 (java mac))
Content-Length: 23
Content-Type: application/json; charset=utf-8
host: hub-cloud.browserstack.com
authorization: Basic Y2VzYXJzdGV2ZW5yaW9zdV9aNWtmdDg6WDJ2Z1hoM0xGdG85c0R4VVJid1A=
accept: */*

Response DefaultHttpResponse(decodeResult: success, version: HTTP/1.1)
HTTP/1.1 200 OK
Server: nginx
Date: Mon, 05 Jun 2023 06:56:40 GMT
Content-Type: application/json; charset=utf-8
Content-Length: 14
Connection: keep-alive
Source-From: 02
x-powered-by: Express
vary: X-HTTP-Method-Override
etag: W/"e-9/1BuKMgFObM1mWJm+YjxtXJnUM"

01:56:40.612 [AsyncHttpClient-1-7] DEBUG org.asynchttpclient.netty.channel.ChannelManager -- Adding key: https://hub-cloud.browserstack.com:443 for channel [id: 0x8cce8e46, L:/192.168.1.60:63640 - R:hub-cloud.browserstack.com/207.254.8.9:443]
01:56:40.613 [Forwarding findElement on session 1b49645851757f08876d5b1b9fd2dafb86e65a9b to remote] DEBUG org.asynchttpclient.netty.request.NettyRequestSender -- Using pooled Channel '[id: 0x8cce8e46, L:/192.168.1.60:63640 - R:hub-cloud.browserstack.com/207.254.8.9:443]' for 'POST' to 'https://cesarstevenriosu_Z5kft8:X2vgXh3LFto9sDxURbwP@hub-cloud.browserstack.com/wd/hub/session/1b49645851757f08876d5b1b9fd2dafb86e65a9b/element'
01:56:40.613 [Forwarding findElement on session 1b49645851757f08876d5b1b9fd2dafb86e65a9b to remote] DEBUG org.asynchttpclient.netty.request.NettyRequestSender -- Using open Channel [id: 0x8cce8e46, L:/192.168.1.60:63640 - R:hub-cloud.browserstack.com/207.254.8.9:443] for POST '/wd/hub/session/1b49645851757f08876d5b1b9fd2dafb86e65a9b/element'
01:56:40.817 [AsyncHttpClient-1-7] DEBUG org.asynchttpclient.netty.handler.HttpHandler -- 

Request DefaultHttpRequest(decodeResult: success, version: HTTP/1.1)
POST /wd/hub/session/1b49645851757f08876d5b1b9fd2dafb86e65a9b/element HTTP/1.1
User-Agent: appium/8.3.0 (selenium/4.8.0 (java mac))
Content-Length: 190
Content-Type: application/json; charset=utf-8
host: hub-cloud.browserstack.com
authorization: Basic Y2VzYXJzdGV2ZW5yaW9zdV9aNWtmdDg6WDJ2Z1hoM0xGdG85c0R4VVJid1A=
accept: */*

Response DefaultHttpResponse(decodeResult: success, version: HTTP/1.1)
HTTP/1.1 200 OK
Server: nginx
Date: Mon, 05 Jun 2023 06:56:40 GMT
Content-Type: application/json; charset=utf-8
Content-Length: 137
Connection: keep-alive
Source-From: 02
x-powered-by: Express
vary: X-HTTP-Method-Override
etag: W/"89-jMyRR88dsIVkj/ibvODeq521WMk"

01:56:40.817 [AsyncHttpClient-1-7] DEBUG org.asynchttpclient.netty.channel.ChannelManager -- Adding key: https://hub-cloud.browserstack.com:443 for channel [id: 0x8cce8e46, L:/192.168.1.60:63640 - R:hub-cloud.browserstack.com/207.254.8.9:443]
01:56:40.818 [Forwarding setTimeout on session 1b49645851757f08876d5b1b9fd2dafb86e65a9b to remote] DEBUG org.asynchttpclient.netty.request.NettyRequestSender -- Using pooled Channel '[id: 0x8cce8e46, L:/192.168.1.60:63640 - R:hub-cloud.browserstack.com/207.254.8.9:443]' for 'POST' to 'https://cesarstevenriosu_Z5kft8:X2vgXh3LFto9sDxURbwP@hub-cloud.browserstack.com/wd/hub/session/1b49645851757f08876d5b1b9fd2dafb86e65a9b/timeouts'
01:56:40.818 [Forwarding setTimeout on session 1b49645851757f08876d5b1b9fd2dafb86e65a9b to remote] DEBUG org.asynchttpclient.netty.request.NettyRequestSender -- Using open Channel [id: 0x8cce8e46, L:/192.168.1.60:63640 - R:hub-cloud.browserstack.com/207.254.8.9:443] for POST '/wd/hub/session/1b49645851757f08876d5b1b9fd2dafb86e65a9b/timeouts'
01:56:40.921 [AsyncHttpClient-1-7] DEBUG org.asynchttpclient.netty.handler.HttpHandler -- 

Request DefaultHttpRequest(decodeResult: success, version: HTTP/1.1)
POST /wd/hub/session/1b49645851757f08876d5b1b9fd2dafb86e65a9b/timeouts HTTP/1.1
User-Agent: appium/8.3.0 (selenium/4.8.0 (java mac))
Content-Length: 23
Content-Type: application/json; charset=utf-8
host: hub-cloud.browserstack.com
authorization: Basic Y2VzYXJzdGV2ZW5yaW9zdV9aNWtmdDg6WDJ2Z1hoM0xGdG85c0R4VVJid1A=
accept: */*

Response DefaultHttpResponse(decodeResult: success, version: HTTP/1.1)
HTTP/1.1 200 OK
Server: nginx
Date: Mon, 05 Jun 2023 06:56:41 GMT
Content-Type: application/json; charset=utf-8
Content-Length: 14
Connection: keep-alive
Source-From: 02
x-powered-by: Express
vary: X-HTTP-Method-Override
etag: W/"e-9/1BuKMgFObM1mWJm+YjxtXJnUM"

01:56:40.922 [AsyncHttpClient-1-7] DEBUG org.asynchttpclient.netty.channel.ChannelManager -- Adding key: https://hub-cloud.browserstack.com:443 for channel [id: 0x8cce8e46, L:/192.168.1.60:63640 - R:hub-cloud.browserstack.com/207.254.8.9:443]
01:56:40.922 [Forwarding isElementDisplayed on session 1b49645851757f08876d5b1b9fd2dafb86e65a9b to remote] DEBUG org.asynchttpclient.netty.request.NettyRequestSender -- Using pooled Channel '[id: 0x8cce8e46, L:/192.168.1.60:63640 - R:hub-cloud.browserstack.com/207.254.8.9:443]' for 'GET' to 'https://cesarstevenriosu_Z5kft8:X2vgXh3LFto9sDxURbwP@hub-cloud.browserstack.com/wd/hub/session/1b49645851757f08876d5b1b9fd2dafb86e65a9b/element/f261bf5e-8aab-48fc-b9e9-86e7970a35f5/displayed'
01:56:40.922 [Forwarding isElementDisplayed on session 1b49645851757f08876d5b1b9fd2dafb86e65a9b to remote] DEBUG org.asynchttpclient.netty.request.NettyRequestSender -- Using open Channel [id: 0x8cce8e46, L:/192.168.1.60:63640 - R:hub-cloud.browserstack.com/207.254.8.9:443] for GET '/wd/hub/session/1b49645851757f08876d5b1b9fd2dafb86e65a9b/element/f261bf5e-8aab-48fc-b9e9-86e7970a35f5/displayed'
01:56:41.052 [AsyncHttpClient-1-7] DEBUG org.asynchttpclient.netty.handler.HttpHandler -- 

Request DefaultFullHttpRequest(decodeResult: success, version: HTTP/1.1, content: EmptyByteBufBE)
GET /wd/hub/session/1b49645851757f08876d5b1b9fd2dafb86e65a9b/element/f261bf5e-8aab-48fc-b9e9-86e7970a35f5/displayed HTTP/1.1
User-Agent: appium/8.3.0 (selenium/4.8.0 (java mac))
Cache-Control: no-cache
Content-Type: application/json; charset=utf-8
host: hub-cloud.browserstack.com
authorization: Basic Y2VzYXJzdGV2ZW5yaW9zdV9aNWtmdDg6WDJ2Z1hoM0xGdG85c0R4VVJid1A=
accept: */*

Response DefaultHttpResponse(decodeResult: success, version: HTTP/1.1)
HTTP/1.1 200 OK
Server: nginx
Date: Mon, 05 Jun 2023 06:56:41 GMT
Content-Type: application/json; charset=utf-8
Content-Length: 14
Connection: keep-alive
Source-From: 02
x-powered-by: Express
etag: W/"e-2ZHvAWebNQpyjGZTg6uyV8/spTo"

01:56:41.052 [AsyncHttpClient-1-7] DEBUG org.asynchttpclient.netty.channel.ChannelManager -- Adding key: https://hub-cloud.browserstack.com:443 for channel [id: 0x8cce8e46, L:/192.168.1.60:63640 - R:hub-cloud.browserstack.com/207.254.8.9:443]
01:56:41.053 [Forwarding sendKeysToElement on session 1b49645851757f08876d5b1b9fd2dafb86e65a9b to remote] DEBUG org.asynchttpclient.netty.request.NettyRequestSender -- Using pooled Channel '[id: 0x8cce8e46, L:/192.168.1.60:63640 - R:hub-cloud.browserstack.com/207.254.8.9:443]' for 'POST' to 'https://cesarstevenriosu_Z5kft8:X2vgXh3LFto9sDxURbwP@hub-cloud.browserstack.com/wd/hub/session/1b49645851757f08876d5b1b9fd2dafb86e65a9b/element/f261bf5e-8aab-48fc-b9e9-86e7970a35f5/value'
01:56:41.053 [Forwarding sendKeysToElement on session 1b49645851757f08876d5b1b9fd2dafb86e65a9b to remote] DEBUG org.asynchttpclient.netty.request.NettyRequestSender -- Using open Channel [id: 0x8cce8e46, L:/192.168.1.60:63640 - R:hub-cloud.browserstack.com/207.254.8.9:443] for POST '/wd/hub/session/1b49645851757f08876d5b1b9fd2dafb86e65a9b/element/f261bf5e-8aab-48fc-b9e9-86e7970a35f5/value'
01:56:41.866 [AsyncHttpClient-1-7] DEBUG org.asynchttpclient.netty.handler.HttpHandler -- 

Request DefaultHttpRequest(decodeResult: success, version: HTTP/1.1)
POST /wd/hub/session/1b49645851757f08876d5b1b9fd2dafb86e65a9b/element/f261bf5e-8aab-48fc-b9e9-86e7970a35f5/value HTTP/1.1
User-Agent: appium/8.3.0 (selenium/4.8.0 (java mac))
Content-Length: 141
Content-Type: application/json; charset=utf-8
host: hub-cloud.browserstack.com
authorization: Basic Y2VzYXJzdGV2ZW5yaW9zdV9aNWtmdDg6WDJ2Z1hoM0xGdG85c0R4VVJid1A=
accept: */*

Response DefaultHttpResponse(decodeResult: success, version: HTTP/1.1)
HTTP/1.1 200 OK
Server: nginx
Date: Mon, 05 Jun 2023 06:56:41 GMT
Content-Type: application/json; charset=utf-8
Content-Length: 14
Connection: keep-alive
Source-From: 02
x-powered-by: Express
vary: X-HTTP-Method-Override
etag: W/"e-9/1BuKMgFObM1mWJm+YjxtXJnUM"

01:56:41.867 [AsyncHttpClient-1-7] DEBUG org.asynchttpclient.netty.channel.ChannelManager -- Adding key: https://hub-cloud.browserstack.com:443 for channel [id: 0x8cce8e46, L:/192.168.1.60:63640 - R:hub-cloud.browserstack.com/207.254.8.9:443]
01:56:41.868 [Forwarding setTimeout on session 1b49645851757f08876d5b1b9fd2dafb86e65a9b to remote] DEBUG org.asynchttpclient.netty.request.NettyRequestSender -- Using pooled Channel '[id: 0x8cce8e46, L:/192.168.1.60:63640 - R:hub-cloud.browserstack.com/207.254.8.9:443]' for 'POST' to 'https://cesarstevenriosu_Z5kft8:X2vgXh3LFto9sDxURbwP@hub-cloud.browserstack.com/wd/hub/session/1b49645851757f08876d5b1b9fd2dafb86e65a9b/timeouts'
01:56:41.868 [Forwarding setTimeout on session 1b49645851757f08876d5b1b9fd2dafb86e65a9b to remote] DEBUG org.asynchttpclient.netty.request.NettyRequestSender -- Using open Channel [id: 0x8cce8e46, L:/192.168.1.60:63640 - R:hub-cloud.browserstack.com/207.254.8.9:443] for POST '/wd/hub/session/1b49645851757f08876d5b1b9fd2dafb86e65a9b/timeouts'
01:56:42.020 [AsyncHttpClient-1-7] DEBUG org.asynchttpclient.netty.handler.HttpHandler -- 

Request DefaultHttpRequest(decodeResult: success, version: HTTP/1.1)
POST /wd/hub/session/1b49645851757f08876d5b1b9fd2dafb86e65a9b/timeouts HTTP/1.1
User-Agent: appium/8.3.0 (selenium/4.8.0 (java mac))
Content-Length: 19
Content-Type: application/json; charset=utf-8
host: hub-cloud.browserstack.com
authorization: Basic Y2VzYXJzdGV2ZW5yaW9zdV9aNWtmdDg6WDJ2Z1hoM0xGdG85c0R4VVJid1A=
accept: */*

Response DefaultHttpResponse(decodeResult: success, version: HTTP/1.1)
HTTP/1.1 200 OK
Server: nginx
Date: Mon, 05 Jun 2023 06:56:42 GMT
Content-Type: application/json; charset=utf-8
Content-Length: 14
Connection: keep-alive
Source-From: 02
x-powered-by: Express
vary: X-HTTP-Method-Override
etag: W/"e-9/1BuKMgFObM1mWJm+YjxtXJnUM"

01:56:42.020 [AsyncHttpClient-1-7] DEBUG org.asynchttpclient.netty.channel.ChannelManager -- Adding key: https://hub-cloud.browserstack.com:443 for channel [id: 0x8cce8e46, L:/192.168.1.60:63640 - R:hub-cloud.browserstack.com/207.254.8.9:443]
01:56:42.021 [Forwarding findElement on session 1b49645851757f08876d5b1b9fd2dafb86e65a9b to remote] DEBUG org.asynchttpclient.netty.request.NettyRequestSender -- Using pooled Channel '[id: 0x8cce8e46, L:/192.168.1.60:63640 - R:hub-cloud.browserstack.com/207.254.8.9:443]' for 'POST' to 'https://cesarstevenriosu_Z5kft8:X2vgXh3LFto9sDxURbwP@hub-cloud.browserstack.com/wd/hub/session/1b49645851757f08876d5b1b9fd2dafb86e65a9b/element'
01:56:42.021 [Forwarding findElement on session 1b49645851757f08876d5b1b9fd2dafb86e65a9b to remote] DEBUG org.asynchttpclient.netty.request.NettyRequestSender -- Using open Channel [id: 0x8cce8e46, L:/192.168.1.60:63640 - R:hub-cloud.browserstack.com/207.254.8.9:443] for POST '/wd/hub/session/1b49645851757f08876d5b1b9fd2dafb86e65a9b/element'
01:56:42.454 [AsyncHttpClient-1-7] DEBUG org.asynchttpclient.netty.handler.HttpHandler -- 

Request DefaultHttpRequest(decodeResult: success, version: HTTP/1.1)
POST /wd/hub/session/1b49645851757f08876d5b1b9fd2dafb86e65a9b/element HTTP/1.1
User-Agent: appium/8.3.0 (selenium/4.8.0 (java mac))
Content-Length: 133
Content-Type: application/json; charset=utf-8
host: hub-cloud.browserstack.com
authorization: Basic Y2VzYXJzdGV2ZW5yaW9zdV9aNWtmdDg6WDJ2Z1hoM0xGdG85c0R4VVJid1A=
accept: */*

Response DefaultHttpResponse(decodeResult: success, version: HTTP/1.1)
HTTP/1.1 200 OK
Server: nginx
Date: Mon, 05 Jun 2023 06:56:42 GMT
Content-Type: application/json; charset=utf-8
Content-Length: 137
Connection: keep-alive
Source-From: 02
x-powered-by: Express
vary: X-HTTP-Method-Override
etag: W/"89-t7GKowQ0ngrtWoObR4v4uqWbtwM"

01:56:42.454 [AsyncHttpClient-1-7] DEBUG org.asynchttpclient.netty.channel.ChannelManager -- Adding key: https://hub-cloud.browserstack.com:443 for channel [id: 0x8cce8e46, L:/192.168.1.60:63640 - R:hub-cloud.browserstack.com/207.254.8.9:443]
01:56:42.455 [Forwarding setTimeout on session 1b49645851757f08876d5b1b9fd2dafb86e65a9b to remote] DEBUG org.asynchttpclient.netty.request.NettyRequestSender -- Using pooled Channel '[id: 0x8cce8e46, L:/192.168.1.60:63640 - R:hub-cloud.browserstack.com/207.254.8.9:443]' for 'POST' to 'https://cesarstevenriosu_Z5kft8:X2vgXh3LFto9sDxURbwP@hub-cloud.browserstack.com/wd/hub/session/1b49645851757f08876d5b1b9fd2dafb86e65a9b/timeouts'
01:56:42.455 [Forwarding setTimeout on session 1b49645851757f08876d5b1b9fd2dafb86e65a9b to remote] DEBUG org.asynchttpclient.netty.request.NettyRequestSender -- Using open Channel [id: 0x8cce8e46, L:/192.168.1.60:63640 - R:hub-cloud.browserstack.com/207.254.8.9:443] for POST '/wd/hub/session/1b49645851757f08876d5b1b9fd2dafb86e65a9b/timeouts'
01:56:42.601 [AsyncHttpClient-1-7] DEBUG org.asynchttpclient.netty.handler.HttpHandler -- 

Request DefaultHttpRequest(decodeResult: success, version: HTTP/1.1)
POST /wd/hub/session/1b49645851757f08876d5b1b9fd2dafb86e65a9b/timeouts HTTP/1.1
User-Agent: appium/8.3.0 (selenium/4.8.0 (java mac))
Content-Length: 23
Content-Type: application/json; charset=utf-8
host: hub-cloud.browserstack.com
authorization: Basic Y2VzYXJzdGV2ZW5yaW9zdV9aNWtmdDg6WDJ2Z1hoM0xGdG85c0R4VVJid1A=
accept: */*

Response DefaultHttpResponse(decodeResult: success, version: HTTP/1.1)
HTTP/1.1 200 OK
Server: nginx
Date: Mon, 05 Jun 2023 06:56:42 GMT
Content-Type: application/json; charset=utf-8
Content-Length: 14
Connection: keep-alive
Source-From: 02
x-powered-by: Express
vary: X-HTTP-Method-Override
etag: W/"e-9/1BuKMgFObM1mWJm+YjxtXJnUM"

01:56:42.602 [AsyncHttpClient-1-7] DEBUG org.asynchttpclient.netty.channel.ChannelManager -- Adding key: https://hub-cloud.browserstack.com:443 for channel [id: 0x8cce8e46, L:/192.168.1.60:63640 - R:hub-cloud.browserstack.com/207.254.8.9:443]
01:56:42.604 [Forwarding setTimeout on session 1b49645851757f08876d5b1b9fd2dafb86e65a9b to remote] DEBUG org.asynchttpclient.netty.request.NettyRequestSender -- Using pooled Channel '[id: 0x8cce8e46, L:/192.168.1.60:63640 - R:hub-cloud.browserstack.com/207.254.8.9:443]' for 'POST' to 'https://cesarstevenriosu_Z5kft8:X2vgXh3LFto9sDxURbwP@hub-cloud.browserstack.com/wd/hub/session/1b49645851757f08876d5b1b9fd2dafb86e65a9b/timeouts'
01:56:42.604 [Forwarding setTimeout on session 1b49645851757f08876d5b1b9fd2dafb86e65a9b to remote] DEBUG org.asynchttpclient.netty.request.NettyRequestSender -- Using open Channel [id: 0x8cce8e46, L:/192.168.1.60:63640 - R:hub-cloud.browserstack.com/207.254.8.9:443] for POST '/wd/hub/session/1b49645851757f08876d5b1b9fd2dafb86e65a9b/timeouts'
01:56:42.717 [AsyncHttpClient-1-7] DEBUG org.asynchttpclient.netty.handler.HttpHandler -- 

Request DefaultHttpRequest(decodeResult: success, version: HTTP/1.1)
POST /wd/hub/session/1b49645851757f08876d5b1b9fd2dafb86e65a9b/timeouts HTTP/1.1
User-Agent: appium/8.3.0 (selenium/4.8.0 (java mac))
Content-Length: 19
Content-Type: application/json; charset=utf-8
host: hub-cloud.browserstack.com
authorization: Basic Y2VzYXJzdGV2ZW5yaW9zdV9aNWtmdDg6WDJ2Z1hoM0xGdG85c0R4VVJid1A=
accept: */*

Response DefaultHttpResponse(decodeResult: success, version: HTTP/1.1)
HTTP/1.1 200 OK
Server: nginx
Date: Mon, 05 Jun 2023 06:56:42 GMT
Content-Type: application/json; charset=utf-8
Content-Length: 14
Connection: keep-alive
Source-From: 02
x-powered-by: Express
vary: X-HTTP-Method-Override
etag: W/"e-9/1BuKMgFObM1mWJm+YjxtXJnUM"

01:56:42.717 [AsyncHttpClient-1-7] DEBUG org.asynchttpclient.netty.channel.ChannelManager -- Adding key: https://hub-cloud.browserstack.com:443 for channel [id: 0x8cce8e46, L:/192.168.1.60:63640 - R:hub-cloud.browserstack.com/207.254.8.9:443]
01:56:42.719 [Forwarding findElement on session 1b49645851757f08876d5b1b9fd2dafb86e65a9b to remote] DEBUG org.asynchttpclient.netty.request.NettyRequestSender -- Using pooled Channel '[id: 0x8cce8e46, L:/192.168.1.60:63640 - R:hub-cloud.browserstack.com/207.254.8.9:443]' for 'POST' to 'https://cesarstevenriosu_Z5kft8:X2vgXh3LFto9sDxURbwP@hub-cloud.browserstack.com/wd/hub/session/1b49645851757f08876d5b1b9fd2dafb86e65a9b/element'
01:56:42.719 [Forwarding findElement on session 1b49645851757f08876d5b1b9fd2dafb86e65a9b to remote] DEBUG org.asynchttpclient.netty.request.NettyRequestSender -- Using open Channel [id: 0x8cce8e46, L:/192.168.1.60:63640 - R:hub-cloud.browserstack.com/207.254.8.9:443] for POST '/wd/hub/session/1b49645851757f08876d5b1b9fd2dafb86e65a9b/element'
01:56:43.108 [AsyncHttpClient-1-7] DEBUG org.asynchttpclient.netty.handler.HttpHandler -- 

Request DefaultHttpRequest(decodeResult: success, version: HTTP/1.1)
POST /wd/hub/session/1b49645851757f08876d5b1b9fd2dafb86e65a9b/element HTTP/1.1
User-Agent: appium/8.3.0 (selenium/4.8.0 (java mac))
Content-Length: 133
Content-Type: application/json; charset=utf-8
host: hub-cloud.browserstack.com
authorization: Basic Y2VzYXJzdGV2ZW5yaW9zdV9aNWtmdDg6WDJ2Z1hoM0xGdG85c0R4VVJid1A=
accept: */*

Response DefaultHttpResponse(decodeResult: success, version: HTTP/1.1)
HTTP/1.1 200 OK
Server: nginx
Date: Mon, 05 Jun 2023 06:56:43 GMT
Content-Type: application/json; charset=utf-8
Content-Length: 137
Connection: keep-alive
Source-From: 02
x-powered-by: Express
vary: X-HTTP-Method-Override
etag: W/"89-Ukq1zU7kT6TmDL6jhhNXtjJ6ehc"

01:56:43.108 [AsyncHttpClient-1-7] DEBUG org.asynchttpclient.netty.channel.ChannelManager -- Adding key: https://hub-cloud.browserstack.com:443 for channel [id: 0x8cce8e46, L:/192.168.1.60:63640 - R:hub-cloud.browserstack.com/207.254.8.9:443]
01:56:43.109 [Forwarding setTimeout on session 1b49645851757f08876d5b1b9fd2dafb86e65a9b to remote] DEBUG org.asynchttpclient.netty.request.NettyRequestSender -- Using pooled Channel '[id: 0x8cce8e46, L:/192.168.1.60:63640 - R:hub-cloud.browserstack.com/207.254.8.9:443]' for 'POST' to 'https://cesarstevenriosu_Z5kft8:X2vgXh3LFto9sDxURbwP@hub-cloud.browserstack.com/wd/hub/session/1b49645851757f08876d5b1b9fd2dafb86e65a9b/timeouts'
01:56:43.109 [Forwarding setTimeout on session 1b49645851757f08876d5b1b9fd2dafb86e65a9b to remote] DEBUG org.asynchttpclient.netty.request.NettyRequestSender -- Using open Channel [id: 0x8cce8e46, L:/192.168.1.60:63640 - R:hub-cloud.browserstack.com/207.254.8.9:443] for POST '/wd/hub/session/1b49645851757f08876d5b1b9fd2dafb86e65a9b/timeouts'
01:56:43.223 [AsyncHttpClient-1-7] DEBUG org.asynchttpclient.netty.handler.HttpHandler -- 

Request DefaultHttpRequest(decodeResult: success, version: HTTP/1.1)
POST /wd/hub/session/1b49645851757f08876d5b1b9fd2dafb86e65a9b/timeouts HTTP/1.1
User-Agent: appium/8.3.0 (selenium/4.8.0 (java mac))
Content-Length: 23
Content-Type: application/json; charset=utf-8
host: hub-cloud.browserstack.com
authorization: Basic Y2VzYXJzdGV2ZW5yaW9zdV9aNWtmdDg6WDJ2Z1hoM0xGdG85c0R4VVJid1A=
accept: */*

Response DefaultHttpResponse(decodeResult: success, version: HTTP/1.1)
HTTP/1.1 200 OK
Server: nginx
Date: Mon, 05 Jun 2023 06:56:43 GMT
Content-Type: application/json; charset=utf-8
Content-Length: 14
Connection: keep-alive
Source-From: 02
x-powered-by: Express
vary: X-HTTP-Method-Override
etag: W/"e-9/1BuKMgFObM1mWJm+YjxtXJnUM"

01:56:43.224 [AsyncHttpClient-1-7] DEBUG org.asynchttpclient.netty.channel.ChannelManager -- Adding key: https://hub-cloud.browserstack.com:443 for channel [id: 0x8cce8e46, L:/192.168.1.60:63640 - R:hub-cloud.browserstack.com/207.254.8.9:443]
01:56:43.224 [Forwarding isElementDisplayed on session 1b49645851757f08876d5b1b9fd2dafb86e65a9b to remote] DEBUG org.asynchttpclient.netty.request.NettyRequestSender -- Using pooled Channel '[id: 0x8cce8e46, L:/192.168.1.60:63640 - R:hub-cloud.browserstack.com/207.254.8.9:443]' for 'GET' to 'https://cesarstevenriosu_Z5kft8:X2vgXh3LFto9sDxURbwP@hub-cloud.browserstack.com/wd/hub/session/1b49645851757f08876d5b1b9fd2dafb86e65a9b/element/a2281892-4344-497a-9f48-eca7b9317220/displayed'
01:56:43.224 [Forwarding isElementDisplayed on session 1b49645851757f08876d5b1b9fd2dafb86e65a9b to remote] DEBUG org.asynchttpclient.netty.request.NettyRequestSender -- Using open Channel [id: 0x8cce8e46, L:/192.168.1.60:63640 - R:hub-cloud.browserstack.com/207.254.8.9:443] for GET '/wd/hub/session/1b49645851757f08876d5b1b9fd2dafb86e65a9b/element/a2281892-4344-497a-9f48-eca7b9317220/displayed'
01:56:43.330 [AsyncHttpClient-1-7] DEBUG org.asynchttpclient.netty.handler.HttpHandler -- 

Request DefaultFullHttpRequest(decodeResult: success, version: HTTP/1.1, content: EmptyByteBufBE)
GET /wd/hub/session/1b49645851757f08876d5b1b9fd2dafb86e65a9b/element/a2281892-4344-497a-9f48-eca7b9317220/displayed HTTP/1.1
User-Agent: appium/8.3.0 (selenium/4.8.0 (java mac))
Cache-Control: no-cache
Content-Type: application/json; charset=utf-8
host: hub-cloud.browserstack.com
authorization: Basic Y2VzYXJzdGV2ZW5yaW9zdV9aNWtmdDg6WDJ2Z1hoM0xGdG85c0R4VVJid1A=
accept: */*

Response DefaultHttpResponse(decodeResult: success, version: HTTP/1.1)
HTTP/1.1 200 OK
Server: nginx
Date: Mon, 05 Jun 2023 06:56:43 GMT
Content-Type: application/json; charset=utf-8
Content-Length: 14
Connection: keep-alive
Source-From: 02
x-powered-by: Express
etag: W/"e-2ZHvAWebNQpyjGZTg6uyV8/spTo"

01:56:43.331 [AsyncHttpClient-1-7] DEBUG org.asynchttpclient.netty.channel.ChannelManager -- Adding key: https://hub-cloud.browserstack.com:443 for channel [id: 0x8cce8e46, L:/192.168.1.60:63640 - R:hub-cloud.browserstack.com/207.254.8.9:443]
01:56:43.332 [Forwarding setTimeout on session 1b49645851757f08876d5b1b9fd2dafb86e65a9b to remote] DEBUG org.asynchttpclient.netty.request.NettyRequestSender -- Using pooled Channel '[id: 0x8cce8e46, L:/192.168.1.60:63640 - R:hub-cloud.browserstack.com/207.254.8.9:443]' for 'POST' to 'https://cesarstevenriosu_Z5kft8:X2vgXh3LFto9sDxURbwP@hub-cloud.browserstack.com/wd/hub/session/1b49645851757f08876d5b1b9fd2dafb86e65a9b/timeouts'
01:56:43.332 [Forwarding setTimeout on session 1b49645851757f08876d5b1b9fd2dafb86e65a9b to remote] DEBUG org.asynchttpclient.netty.request.NettyRequestSender -- Using open Channel [id: 0x8cce8e46, L:/192.168.1.60:63640 - R:hub-cloud.browserstack.com/207.254.8.9:443] for POST '/wd/hub/session/1b49645851757f08876d5b1b9fd2dafb86e65a9b/timeouts'
01:56:43.470 [AsyncHttpClient-1-7] DEBUG org.asynchttpclient.netty.handler.HttpHandler -- 

Request DefaultHttpRequest(decodeResult: success, version: HTTP/1.1)
POST /wd/hub/session/1b49645851757f08876d5b1b9fd2dafb86e65a9b/timeouts HTTP/1.1
User-Agent: appium/8.3.0 (selenium/4.8.0 (java mac))
Content-Length: 23
Content-Type: application/json; charset=utf-8
host: hub-cloud.browserstack.com
authorization: Basic Y2VzYXJzdGV2ZW5yaW9zdV9aNWtmdDg6WDJ2Z1hoM0xGdG85c0R4VVJid1A=
accept: */*

Response DefaultHttpResponse(decodeResult: success, version: HTTP/1.1)
HTTP/1.1 200 OK
Server: nginx
Date: Mon, 05 Jun 2023 06:56:43 GMT
Content-Type: application/json; charset=utf-8
Content-Length: 14
Connection: keep-alive
Source-From: 02
x-powered-by: Express
vary: X-HTTP-Method-Override
etag: W/"e-9/1BuKMgFObM1mWJm+YjxtXJnUM"

01:56:43.470 [AsyncHttpClient-1-7] DEBUG org.asynchttpclient.netty.channel.ChannelManager -- Adding key: https://hub-cloud.browserstack.com:443 for channel [id: 0x8cce8e46, L:/192.168.1.60:63640 - R:hub-cloud.browserstack.com/207.254.8.9:443]
01:56:43.472 [Forwarding findElement on session 1b49645851757f08876d5b1b9fd2dafb86e65a9b to remote] DEBUG org.asynchttpclient.netty.request.NettyRequestSender -- Using pooled Channel '[id: 0x8cce8e46, L:/192.168.1.60:63640 - R:hub-cloud.browserstack.com/207.254.8.9:443]' for 'POST' to 'https://cesarstevenriosu_Z5kft8:X2vgXh3LFto9sDxURbwP@hub-cloud.browserstack.com/wd/hub/session/1b49645851757f08876d5b1b9fd2dafb86e65a9b/element'
01:56:43.472 [Forwarding findElement on session 1b49645851757f08876d5b1b9fd2dafb86e65a9b to remote] DEBUG org.asynchttpclient.netty.request.NettyRequestSender -- Using open Channel [id: 0x8cce8e46, L:/192.168.1.60:63640 - R:hub-cloud.browserstack.com/207.254.8.9:443] for POST '/wd/hub/session/1b49645851757f08876d5b1b9fd2dafb86e65a9b/element'
01:56:43.645 [AsyncHttpClient-1-7] DEBUG org.asynchttpclient.netty.handler.HttpHandler -- 

Request DefaultHttpRequest(decodeResult: success, version: HTTP/1.1)
POST /wd/hub/session/1b49645851757f08876d5b1b9fd2dafb86e65a9b/element HTTP/1.1
User-Agent: appium/8.3.0 (selenium/4.8.0 (java mac))
Content-Length: 133
Content-Type: application/json; charset=utf-8
host: hub-cloud.browserstack.com
authorization: Basic Y2VzYXJzdGV2ZW5yaW9zdV9aNWtmdDg6WDJ2Z1hoM0xGdG85c0R4VVJid1A=
accept: */*

Response DefaultHttpResponse(decodeResult: success, version: HTTP/1.1)
HTTP/1.1 200 OK
Server: nginx
Date: Mon, 05 Jun 2023 06:56:43 GMT
Content-Type: application/json; charset=utf-8
Content-Length: 137
Connection: keep-alive
Source-From: 02
x-powered-by: Express
vary: X-HTTP-Method-Override
etag: W/"89-c8pmtQuvEsvqk76Hhjgu/l5mrZw"

01:56:43.645 [AsyncHttpClient-1-7] DEBUG org.asynchttpclient.netty.channel.ChannelManager -- Adding key: https://hub-cloud.browserstack.com:443 for channel [id: 0x8cce8e46, L:/192.168.1.60:63640 - R:hub-cloud.browserstack.com/207.254.8.9:443]
01:56:43.646 [Forwarding setTimeout on session 1b49645851757f08876d5b1b9fd2dafb86e65a9b to remote] DEBUG org.asynchttpclient.netty.request.NettyRequestSender -- Using pooled Channel '[id: 0x8cce8e46, L:/192.168.1.60:63640 - R:hub-cloud.browserstack.com/207.254.8.9:443]' for 'POST' to 'https://cesarstevenriosu_Z5kft8:X2vgXh3LFto9sDxURbwP@hub-cloud.browserstack.com/wd/hub/session/1b49645851757f08876d5b1b9fd2dafb86e65a9b/timeouts'
01:56:43.647 [Forwarding setTimeout on session 1b49645851757f08876d5b1b9fd2dafb86e65a9b to remote] DEBUG org.asynchttpclient.netty.request.NettyRequestSender -- Using open Channel [id: 0x8cce8e46, L:/192.168.1.60:63640 - R:hub-cloud.browserstack.com/207.254.8.9:443] for POST '/wd/hub/session/1b49645851757f08876d5b1b9fd2dafb86e65a9b/timeouts'
01:56:43.724 [AsyncHttpClient-1-7] DEBUG org.asynchttpclient.netty.handler.HttpHandler -- 

Request DefaultHttpRequest(decodeResult: success, version: HTTP/1.1)
POST /wd/hub/session/1b49645851757f08876d5b1b9fd2dafb86e65a9b/timeouts HTTP/1.1
User-Agent: appium/8.3.0 (selenium/4.8.0 (java mac))
Content-Length: 23
Content-Type: application/json; charset=utf-8
host: hub-cloud.browserstack.com
authorization: Basic Y2VzYXJzdGV2ZW5yaW9zdV9aNWtmdDg6WDJ2Z1hoM0xGdG85c0R4VVJid1A=
accept: */*

Response DefaultHttpResponse(decodeResult: success, version: HTTP/1.1)
HTTP/1.1 200 OK
Server: nginx
Date: Mon, 05 Jun 2023 06:56:43 GMT
Content-Type: application/json; charset=utf-8
Content-Length: 14
Connection: keep-alive
Source-From: 02
x-powered-by: Express
vary: X-HTTP-Method-Override
etag: W/"e-9/1BuKMgFObM1mWJm+YjxtXJnUM"

01:56:43.724 [AsyncHttpClient-1-7] DEBUG org.asynchttpclient.netty.channel.ChannelManager -- Adding key: https://hub-cloud.browserstack.com:443 for channel [id: 0x8cce8e46, L:/192.168.1.60:63640 - R:hub-cloud.browserstack.com/207.254.8.9:443]
01:56:43.726 [Forwarding isElementDisplayed on session 1b49645851757f08876d5b1b9fd2dafb86e65a9b to remote] DEBUG org.asynchttpclient.netty.request.NettyRequestSender -- Using pooled Channel '[id: 0x8cce8e46, L:/192.168.1.60:63640 - R:hub-cloud.browserstack.com/207.254.8.9:443]' for 'GET' to 'https://cesarstevenriosu_Z5kft8:X2vgXh3LFto9sDxURbwP@hub-cloud.browserstack.com/wd/hub/session/1b49645851757f08876d5b1b9fd2dafb86e65a9b/element/47a34f34-5852-49c5-8d36-a04f630cbd80/displayed'
01:56:43.726 [Forwarding isElementDisplayed on session 1b49645851757f08876d5b1b9fd2dafb86e65a9b to remote] DEBUG org.asynchttpclient.netty.request.NettyRequestSender -- Using open Channel [id: 0x8cce8e46, L:/192.168.1.60:63640 - R:hub-cloud.browserstack.com/207.254.8.9:443] for GET '/wd/hub/session/1b49645851757f08876d5b1b9fd2dafb86e65a9b/element/47a34f34-5852-49c5-8d36-a04f630cbd80/displayed'
01:56:43.952 [AsyncHttpClient-1-7] DEBUG org.asynchttpclient.netty.handler.HttpHandler -- 

Request DefaultFullHttpRequest(decodeResult: success, version: HTTP/1.1, content: EmptyByteBufBE)
GET /wd/hub/session/1b49645851757f08876d5b1b9fd2dafb86e65a9b/element/47a34f34-5852-49c5-8d36-a04f630cbd80/displayed HTTP/1.1
User-Agent: appium/8.3.0 (selenium/4.8.0 (java mac))
Cache-Control: no-cache
Content-Type: application/json; charset=utf-8
host: hub-cloud.browserstack.com
authorization: Basic Y2VzYXJzdGV2ZW5yaW9zdV9aNWtmdDg6WDJ2Z1hoM0xGdG85c0R4VVJid1A=
accept: */*

Response DefaultHttpResponse(decodeResult: success, version: HTTP/1.1)
HTTP/1.1 200 OK
Server: nginx
Date: Mon, 05 Jun 2023 06:56:44 GMT
Content-Type: application/json; charset=utf-8
Content-Length: 14
Connection: keep-alive
Source-From: 02
x-powered-by: Express
etag: W/"e-2ZHvAWebNQpyjGZTg6uyV8/spTo"

01:56:43.953 [AsyncHttpClient-1-7] DEBUG org.asynchttpclient.netty.channel.ChannelManager -- Adding key: https://hub-cloud.browserstack.com:443 for channel [id: 0x8cce8e46, L:/192.168.1.60:63640 - R:hub-cloud.browserstack.com/207.254.8.9:443]
01:56:43.953 [Forwarding isElementDisplayed on session 1b49645851757f08876d5b1b9fd2dafb86e65a9b to remote] DEBUG org.asynchttpclient.netty.request.NettyRequestSender -- Using pooled Channel '[id: 0x8cce8e46, L:/192.168.1.60:63640 - R:hub-cloud.browserstack.com/207.254.8.9:443]' for 'GET' to 'https://cesarstevenriosu_Z5kft8:X2vgXh3LFto9sDxURbwP@hub-cloud.browserstack.com/wd/hub/session/1b49645851757f08876d5b1b9fd2dafb86e65a9b/element/47a34f34-5852-49c5-8d36-a04f630cbd80/displayed'
01:56:43.953 [Forwarding isElementDisplayed on session 1b49645851757f08876d5b1b9fd2dafb86e65a9b to remote] DEBUG org.asynchttpclient.netty.request.NettyRequestSender -- Using open Channel [id: 0x8cce8e46, L:/192.168.1.60:63640 - R:hub-cloud.browserstack.com/207.254.8.9:443] for GET '/wd/hub/session/1b49645851757f08876d5b1b9fd2dafb86e65a9b/element/47a34f34-5852-49c5-8d36-a04f630cbd80/displayed'
01:56:44.096 [AsyncHttpClient-1-7] DEBUG org.asynchttpclient.netty.handler.HttpHandler -- 

Request DefaultFullHttpRequest(decodeResult: success, version: HTTP/1.1, content: EmptyByteBufBE)
GET /wd/hub/session/1b49645851757f08876d5b1b9fd2dafb86e65a9b/element/47a34f34-5852-49c5-8d36-a04f630cbd80/displayed HTTP/1.1
User-Agent: appium/8.3.0 (selenium/4.8.0 (java mac))
Cache-Control: no-cache
Content-Type: application/json; charset=utf-8
host: hub-cloud.browserstack.com
authorization: Basic Y2VzYXJzdGV2ZW5yaW9zdV9aNWtmdDg6WDJ2Z1hoM0xGdG85c0R4VVJid1A=
accept: */*

Response DefaultHttpResponse(decodeResult: success, version: HTTP/1.1)
HTTP/1.1 200 OK
Server: nginx
Date: Mon, 05 Jun 2023 06:56:44 GMT
Content-Type: application/json; charset=utf-8
Content-Length: 14
Connection: keep-alive
Source-From: 02
x-powered-by: Express
etag: W/"e-2ZHvAWebNQpyjGZTg6uyV8/spTo"

01:56:44.097 [AsyncHttpClient-1-7] DEBUG org.asynchttpclient.netty.channel.ChannelManager -- Adding key: https://hub-cloud.browserstack.com:443 for channel [id: 0x8cce8e46, L:/192.168.1.60:63640 - R:hub-cloud.browserstack.com/207.254.8.9:443]
01:56:44.098 [Forwarding setTimeout on session 1b49645851757f08876d5b1b9fd2dafb86e65a9b to remote] DEBUG org.asynchttpclient.netty.request.NettyRequestSender -- Using pooled Channel '[id: 0x8cce8e46, L:/192.168.1.60:63640 - R:hub-cloud.browserstack.com/207.254.8.9:443]' for 'POST' to 'https://cesarstevenriosu_Z5kft8:X2vgXh3LFto9sDxURbwP@hub-cloud.browserstack.com/wd/hub/session/1b49645851757f08876d5b1b9fd2dafb86e65a9b/timeouts'
01:56:44.098 [Forwarding setTimeout on session 1b49645851757f08876d5b1b9fd2dafb86e65a9b to remote] DEBUG org.asynchttpclient.netty.request.NettyRequestSender -- Using open Channel [id: 0x8cce8e46, L:/192.168.1.60:63640 - R:hub-cloud.browserstack.com/207.254.8.9:443] for POST '/wd/hub/session/1b49645851757f08876d5b1b9fd2dafb86e65a9b/timeouts'
01:56:44.200 [AsyncHttpClient-1-7] DEBUG org.asynchttpclient.netty.handler.HttpHandler -- 

Request DefaultHttpRequest(decodeResult: success, version: HTTP/1.1)
POST /wd/hub/session/1b49645851757f08876d5b1b9fd2dafb86e65a9b/timeouts HTTP/1.1
User-Agent: appium/8.3.0 (selenium/4.8.0 (java mac))
Content-Length: 19
Content-Type: application/json; charset=utf-8
host: hub-cloud.browserstack.com
authorization: Basic Y2VzYXJzdGV2ZW5yaW9zdV9aNWtmdDg6WDJ2Z1hoM0xGdG85c0R4VVJid1A=
accept: */*

Response DefaultHttpResponse(decodeResult: success, version: HTTP/1.1)
HTTP/1.1 200 OK
Server: nginx
Date: Mon, 05 Jun 2023 06:56:44 GMT
Content-Type: application/json; charset=utf-8
Content-Length: 14
Connection: keep-alive
Source-From: 02
x-powered-by: Express
vary: X-HTTP-Method-Override
etag: W/"e-9/1BuKMgFObM1mWJm+YjxtXJnUM"

01:56:44.200 [AsyncHttpClient-1-7] DEBUG org.asynchttpclient.netty.channel.ChannelManager -- Adding key: https://hub-cloud.browserstack.com:443 for channel [id: 0x8cce8e46, L:/192.168.1.60:63640 - R:hub-cloud.browserstack.com/207.254.8.9:443]
01:56:44.201 [Forwarding findElement on session 1b49645851757f08876d5b1b9fd2dafb86e65a9b to remote] DEBUG org.asynchttpclient.netty.request.NettyRequestSender -- Using pooled Channel '[id: 0x8cce8e46, L:/192.168.1.60:63640 - R:hub-cloud.browserstack.com/207.254.8.9:443]' for 'POST' to 'https://cesarstevenriosu_Z5kft8:X2vgXh3LFto9sDxURbwP@hub-cloud.browserstack.com/wd/hub/session/1b49645851757f08876d5b1b9fd2dafb86e65a9b/element'
01:56:44.201 [Forwarding findElement on session 1b49645851757f08876d5b1b9fd2dafb86e65a9b to remote] DEBUG org.asynchttpclient.netty.request.NettyRequestSender -- Using open Channel [id: 0x8cce8e46, L:/192.168.1.60:63640 - R:hub-cloud.browserstack.com/207.254.8.9:443] for POST '/wd/hub/session/1b49645851757f08876d5b1b9fd2dafb86e65a9b/element'
01:56:44.505 [AsyncHttpClient-1-7] DEBUG org.asynchttpclient.netty.handler.HttpHandler -- 

Request DefaultHttpRequest(decodeResult: success, version: HTTP/1.1)
POST /wd/hub/session/1b49645851757f08876d5b1b9fd2dafb86e65a9b/element HTTP/1.1
User-Agent: appium/8.3.0 (selenium/4.8.0 (java mac))
Content-Length: 133
Content-Type: application/json; charset=utf-8
host: hub-cloud.browserstack.com
authorization: Basic Y2VzYXJzdGV2ZW5yaW9zdV9aNWtmdDg6WDJ2Z1hoM0xGdG85c0R4VVJid1A=
accept: */*

Response DefaultHttpResponse(decodeResult: success, version: HTTP/1.1)
HTTP/1.1 200 OK
Server: nginx
Date: Mon, 05 Jun 2023 06:56:44 GMT
Content-Type: application/json; charset=utf-8
Content-Length: 137
Connection: keep-alive
Source-From: 02
x-powered-by: Express
vary: X-HTTP-Method-Override
etag: W/"89-vTsSQk6jbZWd+RKqfCOrnWTanxQ"

01:56:44.505 [AsyncHttpClient-1-7] DEBUG org.asynchttpclient.netty.channel.ChannelManager -- Adding key: https://hub-cloud.browserstack.com:443 for channel [id: 0x8cce8e46, L:/192.168.1.60:63640 - R:hub-cloud.browserstack.com/207.254.8.9:443]
01:56:44.507 [Forwarding setTimeout on session 1b49645851757f08876d5b1b9fd2dafb86e65a9b to remote] DEBUG org.asynchttpclient.netty.request.NettyRequestSender -- Using pooled Channel '[id: 0x8cce8e46, L:/192.168.1.60:63640 - R:hub-cloud.browserstack.com/207.254.8.9:443]' for 'POST' to 'https://cesarstevenriosu_Z5kft8:X2vgXh3LFto9sDxURbwP@hub-cloud.browserstack.com/wd/hub/session/1b49645851757f08876d5b1b9fd2dafb86e65a9b/timeouts'
01:56:44.507 [Forwarding setTimeout on session 1b49645851757f08876d5b1b9fd2dafb86e65a9b to remote] DEBUG org.asynchttpclient.netty.request.NettyRequestSender -- Using open Channel [id: 0x8cce8e46, L:/192.168.1.60:63640 - R:hub-cloud.browserstack.com/207.254.8.9:443] for POST '/wd/hub/session/1b49645851757f08876d5b1b9fd2dafb86e65a9b/timeouts'
01:56:44.736 [AsyncHttpClient-1-7] DEBUG org.asynchttpclient.netty.handler.HttpHandler -- 

Request DefaultHttpRequest(decodeResult: success, version: HTTP/1.1)
POST /wd/hub/session/1b49645851757f08876d5b1b9fd2dafb86e65a9b/timeouts HTTP/1.1
User-Agent: appium/8.3.0 (selenium/4.8.0 (java mac))
Content-Length: 23
Content-Type: application/json; charset=utf-8
host: hub-cloud.browserstack.com
authorization: Basic Y2VzYXJzdGV2ZW5yaW9zdV9aNWtmdDg6WDJ2Z1hoM0xGdG85c0R4VVJid1A=
accept: */*

Response DefaultHttpResponse(decodeResult: success, version: HTTP/1.1)
HTTP/1.1 200 OK
Server: nginx
Date: Mon, 05 Jun 2023 06:56:44 GMT
Content-Type: application/json; charset=utf-8
Content-Length: 14
Connection: keep-alive
Source-From: 02
x-powered-by: Express
vary: X-HTTP-Method-Override
etag: W/"e-9/1BuKMgFObM1mWJm+YjxtXJnUM"

01:56:44.736 [AsyncHttpClient-1-7] DEBUG org.asynchttpclient.netty.channel.ChannelManager -- Adding key: https://hub-cloud.browserstack.com:443 for channel [id: 0x8cce8e46, L:/192.168.1.60:63640 - R:hub-cloud.browserstack.com/207.254.8.9:443]
01:56:44.739 [Forwarding setTimeout on session 1b49645851757f08876d5b1b9fd2dafb86e65a9b to remote] DEBUG org.asynchttpclient.netty.request.NettyRequestSender -- Using pooled Channel '[id: 0x8cce8e46, L:/192.168.1.60:63640 - R:hub-cloud.browserstack.com/207.254.8.9:443]' for 'POST' to 'https://cesarstevenriosu_Z5kft8:X2vgXh3LFto9sDxURbwP@hub-cloud.browserstack.com/wd/hub/session/1b49645851757f08876d5b1b9fd2dafb86e65a9b/timeouts'
01:56:44.739 [Forwarding setTimeout on session 1b49645851757f08876d5b1b9fd2dafb86e65a9b to remote] DEBUG org.asynchttpclient.netty.request.NettyRequestSender -- Using open Channel [id: 0x8cce8e46, L:/192.168.1.60:63640 - R:hub-cloud.browserstack.com/207.254.8.9:443] for POST '/wd/hub/session/1b49645851757f08876d5b1b9fd2dafb86e65a9b/timeouts'
01:56:44.832 [AsyncHttpClient-1-7] DEBUG org.asynchttpclient.netty.handler.HttpHandler -- 

Request DefaultHttpRequest(decodeResult: success, version: HTTP/1.1)
POST /wd/hub/session/1b49645851757f08876d5b1b9fd2dafb86e65a9b/timeouts HTTP/1.1
User-Agent: appium/8.3.0 (selenium/4.8.0 (java mac))
Content-Length: 19
Content-Type: application/json; charset=utf-8
host: hub-cloud.browserstack.com
authorization: Basic Y2VzYXJzdGV2ZW5yaW9zdV9aNWtmdDg6WDJ2Z1hoM0xGdG85c0R4VVJid1A=
accept: */*

Response DefaultHttpResponse(decodeResult: success, version: HTTP/1.1)
HTTP/1.1 200 OK
Server: nginx
Date: Mon, 05 Jun 2023 06:56:44 GMT
Content-Type: application/json; charset=utf-8
Content-Length: 14
Connection: keep-alive
Source-From: 02
x-powered-by: Express
vary: X-HTTP-Method-Override
etag: W/"e-9/1BuKMgFObM1mWJm+YjxtXJnUM"

01:56:44.832 [AsyncHttpClient-1-7] DEBUG org.asynchttpclient.netty.channel.ChannelManager -- Adding key: https://hub-cloud.browserstack.com:443 for channel [id: 0x8cce8e46, L:/192.168.1.60:63640 - R:hub-cloud.browserstack.com/207.254.8.9:443]
01:56:44.834 [Forwarding findElement on session 1b49645851757f08876d5b1b9fd2dafb86e65a9b to remote] DEBUG org.asynchttpclient.netty.request.NettyRequestSender -- Using pooled Channel '[id: 0x8cce8e46, L:/192.168.1.60:63640 - R:hub-cloud.browserstack.com/207.254.8.9:443]' for 'POST' to 'https://cesarstevenriosu_Z5kft8:X2vgXh3LFto9sDxURbwP@hub-cloud.browserstack.com/wd/hub/session/1b49645851757f08876d5b1b9fd2dafb86e65a9b/element'
01:56:44.834 [Forwarding findElement on session 1b49645851757f08876d5b1b9fd2dafb86e65a9b to remote] DEBUG org.asynchttpclient.netty.request.NettyRequestSender -- Using open Channel [id: 0x8cce8e46, L:/192.168.1.60:63640 - R:hub-cloud.browserstack.com/207.254.8.9:443] for POST '/wd/hub/session/1b49645851757f08876d5b1b9fd2dafb86e65a9b/element'
01:56:45.099 [AsyncHttpClient-1-7] DEBUG org.asynchttpclient.netty.handler.HttpHandler -- 

Request DefaultHttpRequest(decodeResult: success, version: HTTP/1.1)
POST /wd/hub/session/1b49645851757f08876d5b1b9fd2dafb86e65a9b/element HTTP/1.1
User-Agent: appium/8.3.0 (selenium/4.8.0 (java mac))
Content-Length: 133
Content-Type: application/json; charset=utf-8
host: hub-cloud.browserstack.com
authorization: Basic Y2VzYXJzdGV2ZW5yaW9zdV9aNWtmdDg6WDJ2Z1hoM0xGdG85c0R4VVJid1A=
accept: */*

Response DefaultHttpResponse(decodeResult: success, version: HTTP/1.1)
HTTP/1.1 200 OK
Server: nginx
Date: Mon, 05 Jun 2023 06:56:45 GMT
Content-Type: application/json; charset=utf-8
Content-Length: 137
Connection: keep-alive
Source-From: 02
x-powered-by: Express
vary: X-HTTP-Method-Override
etag: W/"89-HZNnmHMOoSFBNIKmPHWjdRhWA+w"

01:56:45.099 [AsyncHttpClient-1-7] DEBUG org.asynchttpclient.netty.channel.ChannelManager -- Adding key: https://hub-cloud.browserstack.com:443 for channel [id: 0x8cce8e46, L:/192.168.1.60:63640 - R:hub-cloud.browserstack.com/207.254.8.9:443]
01:56:45.100 [Forwarding setTimeout on session 1b49645851757f08876d5b1b9fd2dafb86e65a9b to remote] DEBUG org.asynchttpclient.netty.request.NettyRequestSender -- Using pooled Channel '[id: 0x8cce8e46, L:/192.168.1.60:63640 - R:hub-cloud.browserstack.com/207.254.8.9:443]' for 'POST' to 'https://cesarstevenriosu_Z5kft8:X2vgXh3LFto9sDxURbwP@hub-cloud.browserstack.com/wd/hub/session/1b49645851757f08876d5b1b9fd2dafb86e65a9b/timeouts'
01:56:45.100 [Forwarding setTimeout on session 1b49645851757f08876d5b1b9fd2dafb86e65a9b to remote] DEBUG org.asynchttpclient.netty.request.NettyRequestSender -- Using open Channel [id: 0x8cce8e46, L:/192.168.1.60:63640 - R:hub-cloud.browserstack.com/207.254.8.9:443] for POST '/wd/hub/session/1b49645851757f08876d5b1b9fd2dafb86e65a9b/timeouts'
01:56:45.274 [AsyncHttpClient-1-7] DEBUG org.asynchttpclient.netty.handler.HttpHandler -- 

Request DefaultHttpRequest(decodeResult: success, version: HTTP/1.1)
POST /wd/hub/session/1b49645851757f08876d5b1b9fd2dafb86e65a9b/timeouts HTTP/1.1
User-Agent: appium/8.3.0 (selenium/4.8.0 (java mac))
Content-Length: 23
Content-Type: application/json; charset=utf-8
host: hub-cloud.browserstack.com
authorization: Basic Y2VzYXJzdGV2ZW5yaW9zdV9aNWtmdDg6WDJ2Z1hoM0xGdG85c0R4VVJid1A=
accept: */*

Response DefaultHttpResponse(decodeResult: success, version: HTTP/1.1)
HTTP/1.1 200 OK
Server: nginx
Date: Mon, 05 Jun 2023 06:56:45 GMT
Content-Type: application/json; charset=utf-8
Content-Length: 14
Connection: keep-alive
Source-From: 02
x-powered-by: Express
vary: X-HTTP-Method-Override
etag: W/"e-9/1BuKMgFObM1mWJm+YjxtXJnUM"

01:56:45.275 [AsyncHttpClient-1-7] DEBUG org.asynchttpclient.netty.channel.ChannelManager -- Adding key: https://hub-cloud.browserstack.com:443 for channel [id: 0x8cce8e46, L:/192.168.1.60:63640 - R:hub-cloud.browserstack.com/207.254.8.9:443]
01:56:45.275 [Forwarding isElementDisplayed on session 1b49645851757f08876d5b1b9fd2dafb86e65a9b to remote] DEBUG org.asynchttpclient.netty.request.NettyRequestSender -- Using pooled Channel '[id: 0x8cce8e46, L:/192.168.1.60:63640 - R:hub-cloud.browserstack.com/207.254.8.9:443]' for 'GET' to 'https://cesarstevenriosu_Z5kft8:X2vgXh3LFto9sDxURbwP@hub-cloud.browserstack.com/wd/hub/session/1b49645851757f08876d5b1b9fd2dafb86e65a9b/element/d912856d-4296-42a9-8384-774d5a6d3020/displayed'
01:56:45.275 [Forwarding isElementDisplayed on session 1b49645851757f08876d5b1b9fd2dafb86e65a9b to remote] DEBUG org.asynchttpclient.netty.request.NettyRequestSender -- Using open Channel [id: 0x8cce8e46, L:/192.168.1.60:63640 - R:hub-cloud.browserstack.com/207.254.8.9:443] for GET '/wd/hub/session/1b49645851757f08876d5b1b9fd2dafb86e65a9b/element/d912856d-4296-42a9-8384-774d5a6d3020/displayed'
01:56:45.400 [AsyncHttpClient-1-7] DEBUG org.asynchttpclient.netty.handler.HttpHandler -- 

Request DefaultFullHttpRequest(decodeResult: success, version: HTTP/1.1, content: EmptyByteBufBE)
GET /wd/hub/session/1b49645851757f08876d5b1b9fd2dafb86e65a9b/element/d912856d-4296-42a9-8384-774d5a6d3020/displayed HTTP/1.1
User-Agent: appium/8.3.0 (selenium/4.8.0 (java mac))
Cache-Control: no-cache
Content-Type: application/json; charset=utf-8
host: hub-cloud.browserstack.com
authorization: Basic Y2VzYXJzdGV2ZW5yaW9zdV9aNWtmdDg6WDJ2Z1hoM0xGdG85c0R4VVJid1A=
accept: */*

Response DefaultHttpResponse(decodeResult: success, version: HTTP/1.1)
HTTP/1.1 200 OK
Server: nginx
Date: Mon, 05 Jun 2023 06:56:45 GMT
Content-Type: application/json; charset=utf-8
Content-Length: 14
Connection: keep-alive
Source-From: 02
x-powered-by: Express
etag: W/"e-2ZHvAWebNQpyjGZTg6uyV8/spTo"

01:56:45.400 [AsyncHttpClient-1-7] DEBUG org.asynchttpclient.netty.channel.ChannelManager -- Adding key: https://hub-cloud.browserstack.com:443 for channel [id: 0x8cce8e46, L:/192.168.1.60:63640 - R:hub-cloud.browserstack.com/207.254.8.9:443]
01:56:45.402 [Forwarding setTimeout on session 1b49645851757f08876d5b1b9fd2dafb86e65a9b to remote] DEBUG org.asynchttpclient.netty.request.NettyRequestSender -- Using pooled Channel '[id: 0x8cce8e46, L:/192.168.1.60:63640 - R:hub-cloud.browserstack.com/207.254.8.9:443]' for 'POST' to 'https://cesarstevenriosu_Z5kft8:X2vgXh3LFto9sDxURbwP@hub-cloud.browserstack.com/wd/hub/session/1b49645851757f08876d5b1b9fd2dafb86e65a9b/timeouts'
01:56:45.402 [Forwarding setTimeout on session 1b49645851757f08876d5b1b9fd2dafb86e65a9b to remote] DEBUG org.asynchttpclient.netty.request.NettyRequestSender -- Using open Channel [id: 0x8cce8e46, L:/192.168.1.60:63640 - R:hub-cloud.browserstack.com/207.254.8.9:443] for POST '/wd/hub/session/1b49645851757f08876d5b1b9fd2dafb86e65a9b/timeouts'
01:56:45.530 [AsyncHttpClient-1-7] DEBUG org.asynchttpclient.netty.handler.HttpHandler -- 

Request DefaultHttpRequest(decodeResult: success, version: HTTP/1.1)
POST /wd/hub/session/1b49645851757f08876d5b1b9fd2dafb86e65a9b/timeouts HTTP/1.1
User-Agent: appium/8.3.0 (selenium/4.8.0 (java mac))
Content-Length: 23
Content-Type: application/json; charset=utf-8
host: hub-cloud.browserstack.com
authorization: Basic Y2VzYXJzdGV2ZW5yaW9zdV9aNWtmdDg6WDJ2Z1hoM0xGdG85c0R4VVJid1A=
accept: */*

Response DefaultHttpResponse(decodeResult: success, version: HTTP/1.1)
HTTP/1.1 200 OK
Server: nginx
Date: Mon, 05 Jun 2023 06:56:45 GMT
Content-Type: application/json; charset=utf-8
Content-Length: 14
Connection: keep-alive
Source-From: 02
x-powered-by: Express
vary: X-HTTP-Method-Override
etag: W/"e-9/1BuKMgFObM1mWJm+YjxtXJnUM"

01:56:45.530 [AsyncHttpClient-1-7] DEBUG org.asynchttpclient.netty.channel.ChannelManager -- Adding key: https://hub-cloud.browserstack.com:443 for channel [id: 0x8cce8e46, L:/192.168.1.60:63640 - R:hub-cloud.browserstack.com/207.254.8.9:443]
01:56:45.532 [Forwarding findElement on session 1b49645851757f08876d5b1b9fd2dafb86e65a9b to remote] DEBUG org.asynchttpclient.netty.request.NettyRequestSender -- Using pooled Channel '[id: 0x8cce8e46, L:/192.168.1.60:63640 - R:hub-cloud.browserstack.com/207.254.8.9:443]' for 'POST' to 'https://cesarstevenriosu_Z5kft8:X2vgXh3LFto9sDxURbwP@hub-cloud.browserstack.com/wd/hub/session/1b49645851757f08876d5b1b9fd2dafb86e65a9b/element'
01:56:45.532 [Forwarding findElement on session 1b49645851757f08876d5b1b9fd2dafb86e65a9b to remote] DEBUG org.asynchttpclient.netty.request.NettyRequestSender -- Using open Channel [id: 0x8cce8e46, L:/192.168.1.60:63640 - R:hub-cloud.browserstack.com/207.254.8.9:443] for POST '/wd/hub/session/1b49645851757f08876d5b1b9fd2dafb86e65a9b/element'
01:56:45.714 [AsyncHttpClient-1-7] DEBUG org.asynchttpclient.netty.handler.HttpHandler -- 

Request DefaultHttpRequest(decodeResult: success, version: HTTP/1.1)
POST /wd/hub/session/1b49645851757f08876d5b1b9fd2dafb86e65a9b/element HTTP/1.1
User-Agent: appium/8.3.0 (selenium/4.8.0 (java mac))
Content-Length: 133
Content-Type: application/json; charset=utf-8
host: hub-cloud.browserstack.com
authorization: Basic Y2VzYXJzdGV2ZW5yaW9zdV9aNWtmdDg6WDJ2Z1hoM0xGdG85c0R4VVJid1A=
accept: */*

Response DefaultHttpResponse(decodeResult: success, version: HTTP/1.1)
HTTP/1.1 200 OK
Server: nginx
Date: Mon, 05 Jun 2023 06:56:45 GMT
Content-Type: application/json; charset=utf-8
Content-Length: 137
Connection: close
Source-From: 02
x-powered-by: Express
vary: X-HTTP-Method-Override
etag: W/"89-z1QgFDw6PZs5xlslezxoGga6Hk8"

01:56:45.714 [AsyncHttpClient-1-7] DEBUG org.asynchttpclient.netty.channel.ChannelManager -- Closing Channel [id: 0x8cce8e46, L:/192.168.1.60:63640 - R:hub-cloud.browserstack.com/207.254.8.9:443] 
01:56:45.716 [AsyncHttpClient-1-7] DEBUG org.asynchttpclient.netty.handler.HttpHandler -- Channel Closed: [id: 0x8cce8e46, L:/192.168.1.60:63640 ! R:hub-cloud.browserstack.com/207.254.8.9:443] with attribute DISCARD
01:56:45.963 [AsyncHttpClient-1-8] DEBUG org.asynchttpclient.netty.channel.NettyConnectListener -- Using new Channel '[id: 0x3722638a, L:/192.168.1.60:63649 - R:hub-cloud.browserstack.com/207.254.8.9:443]' for 'POST' to '/wd/hub/session/1b49645851757f08876d5b1b9fd2dafb86e65a9b/timeouts'
01:56:45.964 [AsyncHttpClient-1-8] DEBUG io.netty.handler.ssl.SslHandler -- [id: 0x3722638a, L:/192.168.1.60:63649 - R:hub-cloud.browserstack.com/207.254.8.9:443] HANDSHAKEN: protocol:TLSv1.2 cipher suite:TLS_ECDHE_RSA_WITH_AES_128_GCM_SHA256
01:56:46.102 [AsyncHttpClient-1-8] DEBUG org.asynchttpclient.netty.handler.HttpHandler -- 

Request DefaultHttpRequest(decodeResult: success, version: HTTP/1.1)
POST /wd/hub/session/1b49645851757f08876d5b1b9fd2dafb86e65a9b/timeouts HTTP/1.1
User-Agent: appium/8.3.0 (selenium/4.8.0 (java mac))
Content-Length: 23
Content-Type: application/json; charset=utf-8
host: hub-cloud.browserstack.com
authorization: Basic Y2VzYXJzdGV2ZW5yaW9zdV9aNWtmdDg6WDJ2Z1hoM0xGdG85c0R4VVJid1A=
accept: */*

Response DefaultHttpResponse(decodeResult: success, version: HTTP/1.1)
HTTP/1.1 200 OK
Server: nginx
Date: Mon, 05 Jun 2023 06:56:46 GMT
Content-Type: application/json; charset=utf-8
Content-Length: 14
Connection: keep-alive
Source-From: 02
x-powered-by: Express
vary: X-HTTP-Method-Override
etag: W/"e-9/1BuKMgFObM1mWJm+YjxtXJnUM"

01:56:46.102 [AsyncHttpClient-1-8] DEBUG org.asynchttpclient.netty.channel.ChannelManager -- Adding key: https://hub-cloud.browserstack.com:443 for channel [id: 0x3722638a, L:/192.168.1.60:63649 - R:hub-cloud.browserstack.com/207.254.8.9:443]
01:56:46.103 [Forwarding isElementDisplayed on session 1b49645851757f08876d5b1b9fd2dafb86e65a9b to remote] DEBUG org.asynchttpclient.netty.request.NettyRequestSender -- Using pooled Channel '[id: 0x3722638a, L:/192.168.1.60:63649 - R:hub-cloud.browserstack.com/207.254.8.9:443]' for 'GET' to 'https://cesarstevenriosu_Z5kft8:X2vgXh3LFto9sDxURbwP@hub-cloud.browserstack.com/wd/hub/session/1b49645851757f08876d5b1b9fd2dafb86e65a9b/element/e044eb24-4514-4d26-8ead-10175014b975/displayed'
01:56:46.103 [Forwarding isElementDisplayed on session 1b49645851757f08876d5b1b9fd2dafb86e65a9b to remote] DEBUG org.asynchttpclient.netty.request.NettyRequestSender -- Using open Channel [id: 0x3722638a, L:/192.168.1.60:63649 - R:hub-cloud.browserstack.com/207.254.8.9:443] for GET '/wd/hub/session/1b49645851757f08876d5b1b9fd2dafb86e65a9b/element/e044eb24-4514-4d26-8ead-10175014b975/displayed'
01:56:46.289 [AsyncHttpClient-1-8] DEBUG org.asynchttpclient.netty.handler.HttpHandler -- 

Request DefaultFullHttpRequest(decodeResult: success, version: HTTP/1.1, content: EmptyByteBufBE)
GET /wd/hub/session/1b49645851757f08876d5b1b9fd2dafb86e65a9b/element/e044eb24-4514-4d26-8ead-10175014b975/displayed HTTP/1.1
User-Agent: appium/8.3.0 (selenium/4.8.0 (java mac))
Cache-Control: no-cache
Content-Type: application/json; charset=utf-8
host: hub-cloud.browserstack.com
authorization: Basic Y2VzYXJzdGV2ZW5yaW9zdV9aNWtmdDg6WDJ2Z1hoM0xGdG85c0R4VVJid1A=
accept: */*

Response DefaultHttpResponse(decodeResult: success, version: HTTP/1.1)
HTTP/1.1 200 OK
Server: nginx
Date: Mon, 05 Jun 2023 06:56:46 GMT
Content-Type: application/json; charset=utf-8
Content-Length: 14
Connection: keep-alive
Source-From: 02
x-powered-by: Express
etag: W/"e-2ZHvAWebNQpyjGZTg6uyV8/spTo"

01:56:46.289 [AsyncHttpClient-1-8] DEBUG org.asynchttpclient.netty.channel.ChannelManager -- Adding key: https://hub-cloud.browserstack.com:443 for channel [id: 0x3722638a, L:/192.168.1.60:63649 - R:hub-cloud.browserstack.com/207.254.8.9:443]
01:56:46.290 [Forwarding isElementDisplayed on session 1b49645851757f08876d5b1b9fd2dafb86e65a9b to remote] DEBUG org.asynchttpclient.netty.request.NettyRequestSender -- Using pooled Channel '[id: 0x3722638a, L:/192.168.1.60:63649 - R:hub-cloud.browserstack.com/207.254.8.9:443]' for 'GET' to 'https://cesarstevenriosu_Z5kft8:X2vgXh3LFto9sDxURbwP@hub-cloud.browserstack.com/wd/hub/session/1b49645851757f08876d5b1b9fd2dafb86e65a9b/element/e044eb24-4514-4d26-8ead-10175014b975/displayed'
01:56:46.290 [Forwarding isElementDisplayed on session 1b49645851757f08876d5b1b9fd2dafb86e65a9b to remote] DEBUG org.asynchttpclient.netty.request.NettyRequestSender -- Using open Channel [id: 0x3722638a, L:/192.168.1.60:63649 - R:hub-cloud.browserstack.com/207.254.8.9:443] for GET '/wd/hub/session/1b49645851757f08876d5b1b9fd2dafb86e65a9b/element/e044eb24-4514-4d26-8ead-10175014b975/displayed'
01:56:46.424 [AsyncHttpClient-1-8] DEBUG org.asynchttpclient.netty.handler.HttpHandler -- 

Request DefaultFullHttpRequest(decodeResult: success, version: HTTP/1.1, content: EmptyByteBufBE)
GET /wd/hub/session/1b49645851757f08876d5b1b9fd2dafb86e65a9b/element/e044eb24-4514-4d26-8ead-10175014b975/displayed HTTP/1.1
User-Agent: appium/8.3.0 (selenium/4.8.0 (java mac))
Cache-Control: no-cache
Content-Type: application/json; charset=utf-8
host: hub-cloud.browserstack.com
authorization: Basic Y2VzYXJzdGV2ZW5yaW9zdV9aNWtmdDg6WDJ2Z1hoM0xGdG85c0R4VVJid1A=
accept: */*

Response DefaultHttpResponse(decodeResult: success, version: HTTP/1.1)
HTTP/1.1 200 OK
Server: nginx
Date: Mon, 05 Jun 2023 06:56:46 GMT
Content-Type: application/json; charset=utf-8
Content-Length: 14
Connection: keep-alive
Source-From: 02
x-powered-by: Express
etag: W/"e-2ZHvAWebNQpyjGZTg6uyV8/spTo"

01:56:46.424 [AsyncHttpClient-1-8] DEBUG org.asynchttpclient.netty.channel.ChannelManager -- Adding key: https://hub-cloud.browserstack.com:443 for channel [id: 0x3722638a, L:/192.168.1.60:63649 - R:hub-cloud.browserstack.com/207.254.8.9:443]
01:56:46.428 [Forwarding setTimeout on session 1b49645851757f08876d5b1b9fd2dafb86e65a9b to remote] DEBUG org.asynchttpclient.netty.request.NettyRequestSender -- Using pooled Channel '[id: 0x3722638a, L:/192.168.1.60:63649 - R:hub-cloud.browserstack.com/207.254.8.9:443]' for 'POST' to 'https://cesarstevenriosu_Z5kft8:X2vgXh3LFto9sDxURbwP@hub-cloud.browserstack.com/wd/hub/session/1b49645851757f08876d5b1b9fd2dafb86e65a9b/timeouts'
01:56:46.428 [Forwarding setTimeout on session 1b49645851757f08876d5b1b9fd2dafb86e65a9b to remote] DEBUG org.asynchttpclient.netty.request.NettyRequestSender -- Using open Channel [id: 0x3722638a, L:/192.168.1.60:63649 - R:hub-cloud.browserstack.com/207.254.8.9:443] for POST '/wd/hub/session/1b49645851757f08876d5b1b9fd2dafb86e65a9b/timeouts'
01:56:46.533 [AsyncHttpClient-1-8] DEBUG org.asynchttpclient.netty.handler.HttpHandler -- 

Request DefaultHttpRequest(decodeResult: success, version: HTTP/1.1)
POST /wd/hub/session/1b49645851757f08876d5b1b9fd2dafb86e65a9b/timeouts HTTP/1.1
User-Agent: appium/8.3.0 (selenium/4.8.0 (java mac))
Content-Length: 23
Content-Type: application/json; charset=utf-8
host: hub-cloud.browserstack.com
authorization: Basic Y2VzYXJzdGV2ZW5yaW9zdV9aNWtmdDg6WDJ2Z1hoM0xGdG85c0R4VVJid1A=
accept: */*

Response DefaultHttpResponse(decodeResult: success, version: HTTP/1.1)
HTTP/1.1 200 OK
Server: nginx
Date: Mon, 05 Jun 2023 06:56:46 GMT
Content-Type: application/json; charset=utf-8
Content-Length: 14
Connection: keep-alive
Source-From: 02
x-powered-by: Express
vary: X-HTTP-Method-Override
etag: W/"e-9/1BuKMgFObM1mWJm+YjxtXJnUM"

01:56:46.533 [AsyncHttpClient-1-8] DEBUG org.asynchttpclient.netty.channel.ChannelManager -- Adding key: https://hub-cloud.browserstack.com:443 for channel [id: 0x3722638a, L:/192.168.1.60:63649 - R:hub-cloud.browserstack.com/207.254.8.9:443]
01:56:46.534 [Forwarding findElement on session 1b49645851757f08876d5b1b9fd2dafb86e65a9b to remote] DEBUG org.asynchttpclient.netty.request.NettyRequestSender -- Using pooled Channel '[id: 0x3722638a, L:/192.168.1.60:63649 - R:hub-cloud.browserstack.com/207.254.8.9:443]' for 'POST' to 'https://cesarstevenriosu_Z5kft8:X2vgXh3LFto9sDxURbwP@hub-cloud.browserstack.com/wd/hub/session/1b49645851757f08876d5b1b9fd2dafb86e65a9b/element'
01:56:46.534 [Forwarding findElement on session 1b49645851757f08876d5b1b9fd2dafb86e65a9b to remote] DEBUG org.asynchttpclient.netty.request.NettyRequestSender -- Using open Channel [id: 0x3722638a, L:/192.168.1.60:63649 - R:hub-cloud.browserstack.com/207.254.8.9:443] for POST '/wd/hub/session/1b49645851757f08876d5b1b9fd2dafb86e65a9b/element'
01:56:46.835 [AsyncHttpClient-1-8] DEBUG org.asynchttpclient.netty.handler.HttpHandler -- 

Request DefaultHttpRequest(decodeResult: success, version: HTTP/1.1)
POST /wd/hub/session/1b49645851757f08876d5b1b9fd2dafb86e65a9b/element HTTP/1.1
User-Agent: appium/8.3.0 (selenium/4.8.0 (java mac))
Content-Length: 133
Content-Type: application/json; charset=utf-8
host: hub-cloud.browserstack.com
authorization: Basic Y2VzYXJzdGV2ZW5yaW9zdV9aNWtmdDg6WDJ2Z1hoM0xGdG85c0R4VVJid1A=
accept: */*

Response DefaultHttpResponse(decodeResult: success, version: HTTP/1.1)
HTTP/1.1 200 OK
Server: nginx
Date: Mon, 05 Jun 2023 06:56:46 GMT
Content-Type: application/json; charset=utf-8
Content-Length: 137
Connection: keep-alive
Source-From: 02
x-powered-by: Express
vary: X-HTTP-Method-Override
etag: W/"89-uy9T5WFwPugKP6ivpHu81CiEwRQ"

01:56:46.835 [AsyncHttpClient-1-8] DEBUG org.asynchttpclient.netty.channel.ChannelManager -- Adding key: https://hub-cloud.browserstack.com:443 for channel [id: 0x3722638a, L:/192.168.1.60:63649 - R:hub-cloud.browserstack.com/207.254.8.9:443]
01:56:46.836 [Forwarding setTimeout on session 1b49645851757f08876d5b1b9fd2dafb86e65a9b to remote] DEBUG org.asynchttpclient.netty.request.NettyRequestSender -- Using pooled Channel '[id: 0x3722638a, L:/192.168.1.60:63649 - R:hub-cloud.browserstack.com/207.254.8.9:443]' for 'POST' to 'https://cesarstevenriosu_Z5kft8:X2vgXh3LFto9sDxURbwP@hub-cloud.browserstack.com/wd/hub/session/1b49645851757f08876d5b1b9fd2dafb86e65a9b/timeouts'
01:56:46.836 [Forwarding setTimeout on session 1b49645851757f08876d5b1b9fd2dafb86e65a9b to remote] DEBUG org.asynchttpclient.netty.request.NettyRequestSender -- Using open Channel [id: 0x3722638a, L:/192.168.1.60:63649 - R:hub-cloud.browserstack.com/207.254.8.9:443] for POST '/wd/hub/session/1b49645851757f08876d5b1b9fd2dafb86e65a9b/timeouts'
01:56:46.920 [AsyncHttpClient-1-8] DEBUG org.asynchttpclient.netty.handler.HttpHandler -- 

Request DefaultHttpRequest(decodeResult: success, version: HTTP/1.1)
POST /wd/hub/session/1b49645851757f08876d5b1b9fd2dafb86e65a9b/timeouts HTTP/1.1
User-Agent: appium/8.3.0 (selenium/4.8.0 (java mac))
Content-Length: 23
Content-Type: application/json; charset=utf-8
host: hub-cloud.browserstack.com
authorization: Basic Y2VzYXJzdGV2ZW5yaW9zdV9aNWtmdDg6WDJ2Z1hoM0xGdG85c0R4VVJid1A=
accept: */*

Response DefaultHttpResponse(decodeResult: success, version: HTTP/1.1)
HTTP/1.1 200 OK
Server: nginx
Date: Mon, 05 Jun 2023 06:56:47 GMT
Content-Type: application/json; charset=utf-8
Content-Length: 14
Connection: keep-alive
Source-From: 02
x-powered-by: Express
vary: X-HTTP-Method-Override
etag: W/"e-9/1BuKMgFObM1mWJm+YjxtXJnUM"

01:56:46.920 [AsyncHttpClient-1-8] DEBUG org.asynchttpclient.netty.channel.ChannelManager -- Adding key: https://hub-cloud.browserstack.com:443 for channel [id: 0x3722638a, L:/192.168.1.60:63649 - R:hub-cloud.browserstack.com/207.254.8.9:443]
01:56:46.921 [Forwarding isElementDisplayed on session 1b49645851757f08876d5b1b9fd2dafb86e65a9b to remote] DEBUG org.asynchttpclient.netty.request.NettyRequestSender -- Using pooled Channel '[id: 0x3722638a, L:/192.168.1.60:63649 - R:hub-cloud.browserstack.com/207.254.8.9:443]' for 'GET' to 'https://cesarstevenriosu_Z5kft8:X2vgXh3LFto9sDxURbwP@hub-cloud.browserstack.com/wd/hub/session/1b49645851757f08876d5b1b9fd2dafb86e65a9b/element/7aa43340-4836-4c5b-8f69-5dfbddc31260/displayed'
01:56:46.921 [Forwarding isElementDisplayed on session 1b49645851757f08876d5b1b9fd2dafb86e65a9b to remote] DEBUG org.asynchttpclient.netty.request.NettyRequestSender -- Using open Channel [id: 0x3722638a, L:/192.168.1.60:63649 - R:hub-cloud.browserstack.com/207.254.8.9:443] for GET '/wd/hub/session/1b49645851757f08876d5b1b9fd2dafb86e65a9b/element/7aa43340-4836-4c5b-8f69-5dfbddc31260/displayed'
01:56:47.103 [AsyncHttpClient-1-8] DEBUG org.asynchttpclient.netty.handler.HttpHandler -- 

Request DefaultFullHttpRequest(decodeResult: success, version: HTTP/1.1, content: EmptyByteBufBE)
GET /wd/hub/session/1b49645851757f08876d5b1b9fd2dafb86e65a9b/element/7aa43340-4836-4c5b-8f69-5dfbddc31260/displayed HTTP/1.1
User-Agent: appium/8.3.0 (selenium/4.8.0 (java mac))
Cache-Control: no-cache
Content-Type: application/json; charset=utf-8
host: hub-cloud.browserstack.com
authorization: Basic Y2VzYXJzdGV2ZW5yaW9zdV9aNWtmdDg6WDJ2Z1hoM0xGdG85c0R4VVJid1A=
accept: */*

Response DefaultHttpResponse(decodeResult: success, version: HTTP/1.1)
HTTP/1.1 200 OK
Server: nginx
Date: Mon, 05 Jun 2023 06:56:47 GMT
Content-Type: application/json; charset=utf-8
Content-Length: 14
Connection: keep-alive
Source-From: 02
x-powered-by: Express
etag: W/"e-2ZHvAWebNQpyjGZTg6uyV8/spTo"

01:56:47.103 [AsyncHttpClient-1-8] DEBUG org.asynchttpclient.netty.channel.ChannelManager -- Adding key: https://hub-cloud.browserstack.com:443 for channel [id: 0x3722638a, L:/192.168.1.60:63649 - R:hub-cloud.browserstack.com/207.254.8.9:443]
01:56:47.105 [Forwarding clickElement on session 1b49645851757f08876d5b1b9fd2dafb86e65a9b to remote] DEBUG org.asynchttpclient.netty.request.NettyRequestSender -- Using pooled Channel '[id: 0x3722638a, L:/192.168.1.60:63649 - R:hub-cloud.browserstack.com/207.254.8.9:443]' for 'POST' to 'https://cesarstevenriosu_Z5kft8:X2vgXh3LFto9sDxURbwP@hub-cloud.browserstack.com/wd/hub/session/1b49645851757f08876d5b1b9fd2dafb86e65a9b/element/7aa43340-4836-4c5b-8f69-5dfbddc31260/click'
01:56:47.105 [Forwarding clickElement on session 1b49645851757f08876d5b1b9fd2dafb86e65a9b to remote] DEBUG org.asynchttpclient.netty.request.NettyRequestSender -- Using open Channel [id: 0x3722638a, L:/192.168.1.60:63649 - R:hub-cloud.browserstack.com/207.254.8.9:443] for POST '/wd/hub/session/1b49645851757f08876d5b1b9fd2dafb86e65a9b/element/7aa43340-4836-4c5b-8f69-5dfbddc31260/click'
01:56:47.262 [AsyncHttpClient-1-8] DEBUG org.asynchttpclient.netty.handler.HttpHandler -- 

Request DefaultHttpRequest(decodeResult: success, version: HTTP/1.1)
POST /wd/hub/session/1b49645851757f08876d5b1b9fd2dafb86e65a9b/element/7aa43340-4836-4c5b-8f69-5dfbddc31260/click HTTP/1.1
User-Agent: appium/8.3.0 (selenium/4.8.0 (java mac))
Content-Length: 50
Content-Type: application/json; charset=utf-8
host: hub-cloud.browserstack.com
authorization: Basic Y2VzYXJzdGV2ZW5yaW9zdV9aNWtmdDg6WDJ2Z1hoM0xGdG85c0R4VVJid1A=
accept: */*

Response DefaultHttpResponse(decodeResult: success, version: HTTP/1.1)
HTTP/1.1 200 OK
Server: nginx
Date: Mon, 05 Jun 2023 06:56:47 GMT
Content-Type: application/json; charset=utf-8
Content-Length: 14
Connection: keep-alive
Source-From: 02
x-powered-by: Express
vary: X-HTTP-Method-Override
etag: W/"e-9/1BuKMgFObM1mWJm+YjxtXJnUM"

01:56:47.262 [AsyncHttpClient-1-8] DEBUG org.asynchttpclient.netty.channel.ChannelManager -- Adding key: https://hub-cloud.browserstack.com:443 for channel [id: 0x3722638a, L:/192.168.1.60:63649 - R:hub-cloud.browserstack.com/207.254.8.9:443]
01:56:47.290 [Forwarding screenshot on session 1b49645851757f08876d5b1b9fd2dafb86e65a9b to remote] DEBUG org.asynchttpclient.netty.request.NettyRequestSender -- Using pooled Channel '[id: 0x3722638a, L:/192.168.1.60:63649 - R:hub-cloud.browserstack.com/207.254.8.9:443]' for 'GET' to 'https://cesarstevenriosu_Z5kft8:X2vgXh3LFto9sDxURbwP@hub-cloud.browserstack.com/wd/hub/session/1b49645851757f08876d5b1b9fd2dafb86e65a9b/screenshot'
01:56:47.290 [Forwarding screenshot on session 1b49645851757f08876d5b1b9fd2dafb86e65a9b to remote] DEBUG org.asynchttpclient.netty.request.NettyRequestSender -- Using open Channel [id: 0x3722638a, L:/192.168.1.60:63649 - R:hub-cloud.browserstack.com/207.254.8.9:443] for GET '/wd/hub/session/1b49645851757f08876d5b1b9fd2dafb86e65a9b/screenshot'
01:56:47.816 [AsyncHttpClient-1-8] DEBUG org.asynchttpclient.netty.handler.HttpHandler -- 

Request DefaultFullHttpRequest(decodeResult: success, version: HTTP/1.1, content: EmptyByteBufBE)
GET /wd/hub/session/1b49645851757f08876d5b1b9fd2dafb86e65a9b/screenshot HTTP/1.1
User-Agent: appium/8.3.0 (selenium/4.8.0 (java mac))
Cache-Control: no-cache
Content-Type: application/json; charset=utf-8
host: hub-cloud.browserstack.com
authorization: Basic Y2VzYXJzdGV2ZW5yaW9zdV9aNWtmdDg6WDJ2Z1hoM0xGdG85c0R4VVJid1A=
accept: */*

Response DefaultHttpResponse(decodeResult: success, version: HTTP/1.1)
HTTP/1.1 200 OK
Server: nginx
Date: Mon, 05 Jun 2023 06:56:47 GMT
Content-Type: application/json; charset=utf-8
Content-Length: 124932
Connection: keep-alive
Source-From: 02
x-powered-by: Express
etag: W/"1e804-CvjdDWNsU/NUaOuVwmnsqVZXyak"

01:56:48.052 [AsyncHttpClient-1-8] DEBUG org.asynchttpclient.netty.channel.ChannelManager -- Adding key: https://hub-cloud.browserstack.com:443 for channel [id: 0x3722638a, L:/192.168.1.60:63649 - R:hub-cloud.browserstack.com/207.254.8.9:443]
01:56:48.092 [main] DEBUG net.serenitybdd.core.photography.Darkroom -- Send negative for processing for target/site/serenity/880ed6ce59233cc28d6cf761656b91bd4e979d31dfde0384f8cc9932833554b7.png
01:56:48.093 [Darkroom Processing Line] DEBUG net.serenitybdd.core.photography.DarkroomProcessingLine -- Processing screenshot image in /var/screenshots/screenshot-9282563218672475022
01:56:48.093 [Darkroom Processing Line] DEBUG net.serenitybdd.core.photography.DarkroomProcessingLine -- Saving screenshot to target/site/serenity/880ed6ce59233cc28d6cf761656b91bd4e979d31dfde0384f8cc9932833554b7.png
01:56:48.094 [main] DEBUG net.thucydides.core.steps.StepInterceptor -- STEP DONE: incorrectMailFormat
  &amp#27;[32mWhen &amp#27;[0m&amp#27;[32mthe user enters the emailFalse &amp#27;[0m&amp#27;[32m&amp#27;[1m"emailFalse"&amp#27;[0m&amp#27;[32m and password &amp#27;[0m&amp#27;[32m&amp#27;[1m"password"&amp#27;[0m &amp#27;[90m# stepDefinitions.SignInDefinitions.signInUserWithIncorrectEmailFormat(java.lang.String,java.lang.String)&amp#27;[0m
01:56:48.118 [Forwarding getPageSource on session 1b49645851757f08876d5b1b9fd2dafb86e65a9b to remote] DEBUG org.asynchttpclient.netty.request.NettyRequestSender -- Using pooled Channel '[id: 0x3722638a, L:/192.168.1.60:63649 - R:hub-cloud.browserstack.com/207.254.8.9:443]' for 'GET' to 'https://cesarstevenriosu_Z5kft8:X2vgXh3LFto9sDxURbwP@hub-cloud.browserstack.com/wd/hub/session/1b49645851757f08876d5b1b9fd2dafb86e65a9b/source'
01:56:48.118 [Forwarding getPageSource on session 1b49645851757f08876d5b1b9fd2dafb86e65a9b to remote] DEBUG org.asynchttpclient.netty.request.NettyRequestSender -- Using open Channel [id: 0x3722638a, L:/192.168.1.60:63649 - R:hub-cloud.browserstack.com/207.254.8.9:443] for GET '/wd/hub/session/1b49645851757f08876d5b1b9fd2dafb86e65a9b/source'
01:56:48.357 [AsyncHttpClient-1-8] DEBUG org.asynchttpclient.netty.handler.HttpHandler -- 

Request DefaultFullHttpRequest(decodeResult: success, version: HTTP/1.1, content: EmptyByteBufBE)
GET /wd/hub/session/1b49645851757f08876d5b1b9fd2dafb86e65a9b/source HTTP/1.1
User-Agent: appium/8.3.0 (selenium/4.8.0 (java mac))
Cache-Control: no-cache
Content-Type: application/json; charset=utf-8
host: hub-cloud.browserstack.com
authorization: Basic Y2VzYXJzdGV2ZW5yaW9zdV9aNWtmdDg6WDJ2Z1hoM0xGdG85c0R4VVJid1A=
accept: */*

Response DefaultHttpResponse(decodeResult: success, version: HTTP/1.1)
HTTP/1.1 200 OK
Server: nginx
Date: Mon, 05 Jun 2023 06:56:48 GMT
Content-Type: application/json; charset=utf-8
Content-Length: 25802
Connection: keep-alive
Source-From: 02
x-powered-by: Express
etag: W/"64c6-9Db4TDa868/DqiiWrFHLcHgOJ7M"

01:56:48.361 [AsyncHttpClient-1-8] DEBUG org.asynchttpclient.netty.channel.ChannelManager -- Adding key: https://hub-cloud.browserstack.com:443 for channel [id: 0x3722638a, L:/192.168.1.60:63649 - R:hub-cloud.browserstack.com/207.254.8.9:443]
01:56:48.399 [Forwarding screenshot on session 1b49645851757f08876d5b1b9fd2dafb86e65a9b to remote] DEBUG org.asynchttpclient.netty.request.NettyRequestSender -- Using pooled Channel '[id: 0x3722638a, L:/192.168.1.60:63649 - R:hub-cloud.browserstack.com/207.254.8.9:443]' for 'GET' to 'https://cesarstevenriosu_Z5kft8:X2vgXh3LFto9sDxURbwP@hub-cloud.browserstack.com/wd/hub/session/1b49645851757f08876d5b1b9fd2dafb86e65a9b/screenshot'
01:56:48.399 [Forwarding screenshot on session 1b49645851757f08876d5b1b9fd2dafb86e65a9b to remote] DEBUG org.asynchttpclient.netty.request.NettyRequestSender -- Using open Channel [id: 0x3722638a, L:/192.168.1.60:63649 - R:hub-cloud.browserstack.com/207.254.8.9:443] for GET '/wd/hub/session/1b49645851757f08876d5b1b9fd2dafb86e65a9b/screenshot'
01:56:48.760 [AsyncHttpClient-1-8] DEBUG org.asynchttpclient.netty.handler.HttpHandler -- 

Request DefaultFullHttpRequest(decodeResult: success, version: HTTP/1.1, content: EmptyByteBufBE)
GET /wd/hub/session/1b49645851757f08876d5b1b9fd2dafb86e65a9b/screenshot HTTP/1.1
User-Agent: appium/8.3.0 (selenium/4.8.0 (java mac))
Cache-Control: no-cache
Content-Type: application/json; charset=utf-8
host: hub-cloud.browserstack.com
authorization: Basic Y2VzYXJzdGV2ZW5yaW9zdV9aNWtmdDg6WDJ2Z1hoM0xGdG85c0R4VVJid1A=
accept: */*

Response DefaultHttpResponse(decodeResult: success, version: HTTP/1.1)
HTTP/1.1 200 OK
Server: nginx
Date: Mon, 05 Jun 2023 06:56:48 GMT
Content-Type: application/json; charset=utf-8
Content-Length: 124964
Connection: keep-alive
Source-From: 02
x-powered-by: Express
etag: W/"1e824-mJbz6dZDuQV5GqO8XWHJRsWc+tw"

01:56:48.916 [AsyncHttpClient-1-8] DEBUG org.asynchttpclient.netty.channel.ChannelManager -- Adding key: https://hub-cloud.browserstack.com:443 for channel [id: 0x3722638a, L:/192.168.1.60:63649 - R:hub-cloud.browserstack.com/207.254.8.9:443]
01:56:48.950 [main] DEBUG net.serenitybdd.core.photography.Darkroom -- Send negative for processing for target/site/serenity/5968275b95c39a692182b14704c8c117097eae44d1516b3f9e7c08c46f6389ed.png
01:56:48.951 [Darkroom Processing Line] DEBUG net.serenitybdd.core.photography.DarkroomProcessingLine -- Processing screenshot image in /var/screenshots/screenshot-3931299509903135913
01:56:48.951 [Darkroom Processing Line] DEBUG net.serenitybdd.core.photography.DarkroomProcessingLine -- Saving screenshot to target/site/serenity/5968275b95c39a692182b14704c8c117097eae44d1516b3f9e7c08c46f6389ed.png
01:56:48.957 [Forwarding getPageSource on session 1b49645851757f08876d5b1b9fd2dafb86e65a9b to remote] DEBUG org.asynchttpclient.netty.request.NettyRequestSender -- Using pooled Channel '[id: 0x3722638a, L:/192.168.1.60:63649 - R:hub-cloud.browserstack.com/207.254.8.9:443]' for 'GET' to 'https://cesarstevenriosu_Z5kft8:X2vgXh3LFto9sDxURbwP@hub-cloud.browserstack.com/wd/hub/session/1b49645851757f08876d5b1b9fd2dafb86e65a9b/source'
01:56:48.957 [Forwarding getPageSource on session 1b49645851757f08876d5b1b9fd2dafb86e65a9b to remote] DEBUG org.asynchttpclient.netty.request.NettyRequestSender -- Using open Channel [id: 0x3722638a, L:/192.168.1.60:63649 - R:hub-cloud.browserstack.com/207.254.8.9:443] for GET '/wd/hub/session/1b49645851757f08876d5b1b9fd2dafb86e65a9b/source'
01:56:49.355 [AsyncHttpClient-1-8] DEBUG org.asynchttpclient.netty.handler.HttpHandler -- 

Request DefaultFullHttpRequest(decodeResult: success, version: HTTP/1.1, content: EmptyByteBufBE)
GET /wd/hub/session/1b49645851757f08876d5b1b9fd2dafb86e65a9b/source HTTP/1.1
User-Agent: appium/8.3.0 (selenium/4.8.0 (java mac))
Cache-Control: no-cache
Content-Type: application/json; charset=utf-8
host: hub-cloud.browserstack.com
authorization: Basic Y2VzYXJzdGV2ZW5yaW9zdV9aNWtmdDg6WDJ2Z1hoM0xGdG85c0R4VVJid1A=
accept: */*

Response DefaultHttpResponse(decodeResult: success, version: HTTP/1.1)
HTTP/1.1 200 OK
Server: nginx
Date: Mon, 05 Jun 2023 06:56:49 GMT
Content-Type: application/json; charset=utf-8
Content-Length: 25802
Connection: keep-alive
Source-From: 02
x-powered-by: Express
etag: W/"64c6-9Db4TDa868/DqiiWrFHLcHgOJ7M"

01:56:49.360 [AsyncHttpClient-1-8] DEBUG org.asynchttpclient.netty.channel.ChannelManager -- Adding key: https://hub-cloud.browserstack.com:443 for channel [id: 0x3722638a, L:/192.168.1.60:63649 - R:hub-cloud.browserstack.com/207.254.8.9:443]
01:56:49.380 [main] DEBUG net.thucydides.core.steps.StepInterceptor -- STARTING STEP: SignInDefinitions.isDisplayMessageOfIncorrectFormat - verifyMessageIncorrectFormat
01:56:49.397 [Forwarding setTimeout on session 1b49645851757f08876d5b1b9fd2dafb86e65a9b to remote] DEBUG org.asynchttpclient.netty.request.NettyRequestSender -- Using pooled Channel '[id: 0x3722638a, L:/192.168.1.60:63649 - R:hub-cloud.browserstack.com/207.254.8.9:443]' for 'POST' to 'https://cesarstevenriosu_Z5kft8:X2vgXh3LFto9sDxURbwP@hub-cloud.browserstack.com/wd/hub/session/1b49645851757f08876d5b1b9fd2dafb86e65a9b/timeouts'
01:56:49.398 [Forwarding setTimeout on session 1b49645851757f08876d5b1b9fd2dafb86e65a9b to remote] DEBUG org.asynchttpclient.netty.request.NettyRequestSender -- Using open Channel [id: 0x3722638a, L:/192.168.1.60:63649 - R:hub-cloud.browserstack.com/207.254.8.9:443] for POST '/wd/hub/session/1b49645851757f08876d5b1b9fd2dafb86e65a9b/timeouts'
01:56:49.478 [AsyncHttpClient-1-8] DEBUG org.asynchttpclient.netty.handler.HttpHandler -- 

Request DefaultHttpRequest(decodeResult: success, version: HTTP/1.1)
POST /wd/hub/session/1b49645851757f08876d5b1b9fd2dafb86e65a9b/timeouts HTTP/1.1
User-Agent: appium/8.3.0 (selenium/4.8.0 (java mac))
Content-Length: 23
Content-Type: application/json; charset=utf-8
host: hub-cloud.browserstack.com
authorization: Basic Y2VzYXJzdGV2ZW5yaW9zdV9aNWtmdDg6WDJ2Z1hoM0xGdG85c0R4VVJid1A=
accept: */*

Response DefaultHttpResponse(decodeResult: success, version: HTTP/1.1)
HTTP/1.1 200 OK
Server: nginx
Date: Mon, 05 Jun 2023 06:56:49 GMT
Content-Type: application/json; charset=utf-8
Content-Length: 14
Connection: keep-alive
Source-From: 02
x-powered-by: Express
vary: X-HTTP-Method-Override
etag: W/"e-9/1BuKMgFObM1mWJm+YjxtXJnUM"

01:56:49.478 [AsyncHttpClient-1-8] DEBUG org.asynchttpclient.netty.channel.ChannelManager -- Adding key: https://hub-cloud.browserstack.com:443 for channel [id: 0x3722638a, L:/192.168.1.60:63649 - R:hub-cloud.browserstack.com/207.254.8.9:443]
01:56:49.478 [Forwarding findElement on session 1b49645851757f08876d5b1b9fd2dafb86e65a9b to remote] DEBUG org.asynchttpclient.netty.request.NettyRequestSender -- Using pooled Channel '[id: 0x3722638a, L:/192.168.1.60:63649 - R:hub-cloud.browserstack.com/207.254.8.9:443]' for 'POST' to 'https://cesarstevenriosu_Z5kft8:X2vgXh3LFto9sDxURbwP@hub-cloud.browserstack.com/wd/hub/session/1b49645851757f08876d5b1b9fd2dafb86e65a9b/element'
01:56:49.478 [Forwarding findElement on session 1b49645851757f08876d5b1b9fd2dafb86e65a9b to remote] DEBUG org.asynchttpclient.netty.request.NettyRequestSender -- Using open Channel [id: 0x3722638a, L:/192.168.1.60:63649 - R:hub-cloud.browserstack.com/207.254.8.9:443] for POST '/wd/hub/session/1b49645851757f08876d5b1b9fd2dafb86e65a9b/element'
01:56:50.161 [AsyncHttpClient-1-8] DEBUG org.asynchttpclient.netty.handler.HttpHandler -- 

Request DefaultHttpRequest(decodeResult: success, version: HTTP/1.1)
POST /wd/hub/session/1b49645851757f08876d5b1b9fd2dafb86e65a9b/element HTTP/1.1
User-Agent: appium/8.3.0 (selenium/4.8.0 (java mac))
Content-Length: 131
Content-Type: application/json; charset=utf-8
host: hub-cloud.browserstack.com
authorization: Basic Y2VzYXJzdGV2ZW5yaW9zdV9aNWtmdDg6WDJ2Z1hoM0xGdG85c0R4VVJid1A=
accept: */*

Response DefaultHttpResponse(decodeResult: success, version: HTTP/1.1)
HTTP/1.1 200 OK
Server: nginx
Date: Mon, 05 Jun 2023 06:56:50 GMT
Content-Type: application/json; charset=utf-8
Content-Length: 137
Connection: keep-alive
Source-From: 02
x-powered-by: Express
vary: X-HTTP-Method-Override
etag: W/"89-XIC7qFmiA8L8Nf5YpkMm8IDlYXc"

01:56:50.162 [AsyncHttpClient-1-8] DEBUG org.asynchttpclient.netty.channel.ChannelManager -- Adding key: https://hub-cloud.browserstack.com:443 for channel [id: 0x3722638a, L:/192.168.1.60:63649 - R:hub-cloud.browserstack.com/207.254.8.9:443]
01:56:50.163 [Forwarding setTimeout on session 1b49645851757f08876d5b1b9fd2dafb86e65a9b to remote] DEBUG org.asynchttpclient.netty.request.NettyRequestSender -- Using pooled Channel '[id: 0x3722638a, L:/192.168.1.60:63649 - R:hub-cloud.browserstack.com/207.254.8.9:443]' for 'POST' to 'https://cesarstevenriosu_Z5kft8:X2vgXh3LFto9sDxURbwP@hub-cloud.browserstack.com/wd/hub/session/1b49645851757f08876d5b1b9fd2dafb86e65a9b/timeouts'
01:56:50.164 [Forwarding setTimeout on session 1b49645851757f08876d5b1b9fd2dafb86e65a9b to remote] DEBUG org.asynchttpclient.netty.request.NettyRequestSender -- Using open Channel [id: 0x3722638a, L:/192.168.1.60:63649 - R:hub-cloud.browserstack.com/207.254.8.9:443] for POST '/wd/hub/session/1b49645851757f08876d5b1b9fd2dafb86e65a9b/timeouts'
01:56:50.359 [AsyncHttpClient-1-8] DEBUG org.asynchttpclient.netty.handler.HttpHandler -- 

Request DefaultHttpRequest(decodeResult: success, version: HTTP/1.1)
POST /wd/hub/session/1b49645851757f08876d5b1b9fd2dafb86e65a9b/timeouts HTTP/1.1
User-Agent: appium/8.3.0 (selenium/4.8.0 (java mac))
Content-Length: 23
Content-Type: application/json; charset=utf-8
host: hub-cloud.browserstack.com
authorization: Basic Y2VzYXJzdGV2ZW5yaW9zdV9aNWtmdDg6WDJ2Z1hoM0xGdG85c0R4VVJid1A=
accept: */*

Response DefaultHttpResponse(decodeResult: success, version: HTTP/1.1)
HTTP/1.1 200 OK
Server: nginx
Date: Mon, 05 Jun 2023 06:56:50 GMT
Content-Type: application/json; charset=utf-8
Content-Length: 14
Connection: keep-alive
Source-From: 02
x-powered-by: Express
vary: X-HTTP-Method-Override
etag: W/"e-9/1BuKMgFObM1mWJm+YjxtXJnUM"

01:56:50.359 [AsyncHttpClient-1-8] DEBUG org.asynchttpclient.netty.channel.ChannelManager -- Adding key: https://hub-cloud.browserstack.com:443 for channel [id: 0x3722638a, L:/192.168.1.60:63649 - R:hub-cloud.browserstack.com/207.254.8.9:443]
01:56:50.361 [Forwarding isElementDisplayed on session 1b49645851757f08876d5b1b9fd2dafb86e65a9b to remote] DEBUG org.asynchttpclient.netty.request.NettyRequestSender -- Using pooled Channel '[id: 0x3722638a, L:/192.168.1.60:63649 - R:hub-cloud.browserstack.com/207.254.8.9:443]' for 'GET' to 'https://cesarstevenriosu_Z5kft8:X2vgXh3LFto9sDxURbwP@hub-cloud.browserstack.com/wd/hub/session/1b49645851757f08876d5b1b9fd2dafb86e65a9b/element/7bb49a84-7eae-4049-af28-c90185721243/displayed'
01:56:50.361 [Forwarding isElementDisplayed on session 1b49645851757f08876d5b1b9fd2dafb86e65a9b to remote] DEBUG org.asynchttpclient.netty.request.NettyRequestSender -- Using open Channel [id: 0x3722638a, L:/192.168.1.60:63649 - R:hub-cloud.browserstack.com/207.254.8.9:443] for GET '/wd/hub/session/1b49645851757f08876d5b1b9fd2dafb86e65a9b/element/7bb49a84-7eae-4049-af28-c90185721243/displayed'
01:56:50.462 [AsyncHttpClient-1-8] DEBUG org.asynchttpclient.netty.handler.HttpHandler -- 

Request DefaultFullHttpRequest(decodeResult: success, version: HTTP/1.1, content: EmptyByteBufBE)
GET /wd/hub/session/1b49645851757f08876d5b1b9fd2dafb86e65a9b/element/7bb49a84-7eae-4049-af28-c90185721243/displayed HTTP/1.1
User-Agent: appium/8.3.0 (selenium/4.8.0 (java mac))
Cache-Control: no-cache
Content-Type: application/json; charset=utf-8
host: hub-cloud.browserstack.com
authorization: Basic Y2VzYXJzdGV2ZW5yaW9zdV9aNWtmdDg6WDJ2Z1hoM0xGdG85c0R4VVJid1A=
accept: */*

Response DefaultHttpResponse(decodeResult: success, version: HTTP/1.1)
HTTP/1.1 200 OK
Server: nginx
Date: Mon, 05 Jun 2023 06:56:50 GMT
Content-Type: application/json; charset=utf-8
Content-Length: 14
Connection: keep-alive
Source-From: 02
x-powered-by: Express
etag: W/"e-2ZHvAWebNQpyjGZTg6uyV8/spTo"

01:56:50.463 [AsyncHttpClient-1-8] DEBUG org.asynchttpclient.netty.channel.ChannelManager -- Adding key: https://hub-cloud.browserstack.com:443 for channel [id: 0x3722638a, L:/192.168.1.60:63649 - R:hub-cloud.browserstack.com/207.254.8.9:443]
01:56:50.465 [Forwarding getElementText on session 1b49645851757f08876d5b1b9fd2dafb86e65a9b to remote] DEBUG org.asynchttpclient.netty.request.NettyRequestSender -- Using pooled Channel '[id: 0x3722638a, L:/192.168.1.60:63649 - R:hub-cloud.browserstack.com/207.254.8.9:443]' for 'GET' to 'https://cesarstevenriosu_Z5kft8:X2vgXh3LFto9sDxURbwP@hub-cloud.browserstack.com/wd/hub/session/1b49645851757f08876d5b1b9fd2dafb86e65a9b/element/7bb49a84-7eae-4049-af28-c90185721243/text'
01:56:50.465 [Forwarding getElementText on session 1b49645851757f08876d5b1b9fd2dafb86e65a9b to remote] DEBUG org.asynchttpclient.netty.request.NettyRequestSender -- Using open Channel [id: 0x3722638a, L:/192.168.1.60:63649 - R:hub-cloud.browserstack.com/207.254.8.9:443] for GET '/wd/hub/session/1b49645851757f08876d5b1b9fd2dafb86e65a9b/element/7bb49a84-7eae-4049-af28-c90185721243/text'
01:56:50.581 [AsyncHttpClient-1-8] DEBUG org.asynchttpclient.netty.handler.HttpHandler -- 

Request DefaultFullHttpRequest(decodeResult: success, version: HTTP/1.1, content: EmptyByteBufBE)
GET /wd/hub/session/1b49645851757f08876d5b1b9fd2dafb86e65a9b/element/7bb49a84-7eae-4049-af28-c90185721243/text HTTP/1.1
User-Agent: appium/8.3.0 (selenium/4.8.0 (java mac))
Cache-Control: no-cache
Content-Type: application/json; charset=utf-8
host: hub-cloud.browserstack.com
authorization: Basic Y2VzYXJzdGV2ZW5yaW9zdV9aNWtmdDg6WDJ2Z1hoM0xGdG85c0R4VVJid1A=
accept: */*

Response DefaultHttpResponse(decodeResult: success, version: HTTP/1.1)
HTTP/1.1 200 OK
Server: nginx
Date: Mon, 05 Jun 2023 06:56:50 GMT
Content-Type: application/json; charset=utf-8
Content-Length: 105
Connection: keep-alive
Source-From: 02
x-powered-by: Express
etag: W/"65-uz1j1AMLRwEPWS9lHzbAVEqwJm8"

01:56:50.581 [AsyncHttpClient-1-8] DEBUG org.asynchttpclient.netty.channel.ChannelManager -- Adding key: https://hub-cloud.browserstack.com:443 for channel [id: 0x3722638a, L:/192.168.1.60:63649 - R:hub-cloud.browserstack.com/207.254.8.9:443]
01:56:50.595 [Forwarding screenshot on session 1b49645851757f08876d5b1b9fd2dafb86e65a9b to remote] DEBUG org.asynchttpclient.netty.request.NettyRequestSender -- Using pooled Channel '[id: 0x3722638a, L:/192.168.1.60:63649 - R:hub-cloud.browserstack.com/207.254.8.9:443]' for 'GET' to 'https://cesarstevenriosu_Z5kft8:X2vgXh3LFto9sDxURbwP@hub-cloud.browserstack.com/wd/hub/session/1b49645851757f08876d5b1b9fd2dafb86e65a9b/screenshot'
01:56:50.595 [Forwarding screenshot on session 1b49645851757f08876d5b1b9fd2dafb86e65a9b to remote] DEBUG org.asynchttpclient.netty.request.NettyRequestSender -- Using open Channel [id: 0x3722638a, L:/192.168.1.60:63649 - R:hub-cloud.browserstack.com/207.254.8.9:443] for GET '/wd/hub/session/1b49645851757f08876d5b1b9fd2dafb86e65a9b/screenshot'
01:56:51.188 [AsyncHttpClient-1-8] DEBUG org.asynchttpclient.netty.handler.HttpHandler -- 

Request DefaultFullHttpRequest(decodeResult: success, version: HTTP/1.1, content: EmptyByteBufBE)
GET /wd/hub/session/1b49645851757f08876d5b1b9fd2dafb86e65a9b/screenshot HTTP/1.1
User-Agent: appium/8.3.0 (selenium/4.8.0 (java mac))
Cache-Control: no-cache
Content-Type: application/json; charset=utf-8
host: hub-cloud.browserstack.com
authorization: Basic Y2VzYXJzdGV2ZW5yaW9zdV9aNWtmdDg6WDJ2Z1hoM0xGdG85c0R4VVJid1A=
accept: */*

Response DefaultHttpResponse(decodeResult: success, version: HTTP/1.1)
HTTP/1.1 200 OK
Server: nginx
Date: Mon, 05 Jun 2023 06:56:51 GMT
Content-Type: application/json; charset=utf-8
Content-Length: 124964
Connection: keep-alive
Source-From: 02
x-powered-by: Express
etag: W/"1e824-mJbz6dZDuQV5GqO8XWHJRsWc+tw"

01:56:51.398 [AsyncHttpClient-1-8] DEBUG org.asynchttpclient.netty.channel.ChannelManager -- Adding key: https://hub-cloud.browserstack.com:443 for channel [id: 0x3722638a, L:/192.168.1.60:63649 - R:hub-cloud.browserstack.com/207.254.8.9:443]
01:56:51.409 [main] DEBUG net.serenitybdd.core.photography.Darkroom -- Send negative for processing for target/site/serenity/5968275b95c39a692182b14704c8c117097eae44d1516b3f9e7c08c46f6389ed.png
01:56:51.409 [main] DEBUG net.thucydides.core.steps.StepInterceptor -- STEP DONE: verifyMessageIncorrectFormat
  &amp#27;[32mThen &amp#27;[0m&amp#27;[32mthe system shows incorrect format validation&amp#27;[0m                        &amp#27;[90m# stepDefinitions.SignInDefinitions.isDisplayMessageOfIncorrectFormat()&amp#27;[0m
01:56:51.418 [main] INFO  -- &amp#27;[92m
  _____   ___   ___   _____     ___     _     ___   ___   ___   ___  
 |_   _| | __| / __| |_   _|   | _ \   /_\   / __| / __| | __| |   \ 
   | |   | _|  \__ \   | |     |  _/  / _ \  \__ \ \__ \ | _|  | |) |
   |_|   |___| |___/   |_|     |_|   /_/ \_\ |___/ |___/ |___| |___/ 

Validate the mail format
----------------------------------------------------------------------&amp#27;[0m
01:56:51.420 [Forwarding quit on session 1b49645851757f08876d5b1b9fd2dafb86e65a9b to remote] DEBUG org.asynchttpclient.netty.request.NettyRequestSender -- Using pooled Channel '[id: 0x3722638a, L:/192.168.1.60:63649 - R:hub-cloud.browserstack.com/207.254.8.9:443]' for 'DELETE' to 'https://cesarstevenriosu_Z5kft8:X2vgXh3LFto9sDxURbwP@hub-cloud.browserstack.com/wd/hub/session/1b49645851757f08876d5b1b9fd2dafb86e65a9b'
01:56:51.420 [Forwarding quit on session 1b49645851757f08876d5b1b9fd2dafb86e65a9b to remote] DEBUG org.asynchttpclient.netty.request.NettyRequestSender -- Using open Channel [id: 0x3722638a, L:/192.168.1.60:63649 - R:hub-cloud.browserstack.com/207.254.8.9:443] for DELETE '/wd/hub/session/1b49645851757f08876d5b1b9fd2dafb86e65a9b'
01:56:52.344 [AsyncHttpClient-1-8] DEBUG org.asynchttpclient.netty.handler.HttpHandler -- 

Request DefaultFullHttpRequest(decodeResult: success, version: HTTP/1.1, content: EmptyByteBufBE)
DELETE /wd/hub/session/1b49645851757f08876d5b1b9fd2dafb86e65a9b HTTP/1.1
User-Agent: appium/8.3.0 (selenium/4.8.0 (java mac))
Content-Type: application/json; charset=utf-8
host: hub-cloud.browserstack.com
authorization: Basic Y2VzYXJzdGV2ZW5yaW9zdV9aNWtmdDg6WDJ2Z1hoM0xGdG85c0R4VVJid1A=
accept: */*

Response DefaultHttpResponse(decodeResult: success, version: HTTP/1.1)
HTTP/1.1 200 OK
Server: nginx
Date: Mon, 05 Jun 2023 06:56:52 GMT
Content-Type: application/json; charset=utf-8
Transfer-Encoding: chunked
Connection: keep-alive
Source-From: 02
cache-control: no-cache

01:56:52.344 [AsyncHttpClient-1-8] DEBUG org.asynchttpclient.netty.channel.ChannelManager -- Adding key: https://hub-cloud.browserstack.com:443 for channel [id: 0x3722638a, L:/192.168.1.60:63649 - R:hub-cloud.browserstack.com/207.254.8.9:443]
]]></system-out>
  </testcase>
</testsuite>